   3.2211220e+03   1.3500000e+06
   3.2204427e+03   1.3490000e+06
   3.2200000e+03   1.3483460e+06
   3.2197662e+03   1.3480000e+06
   3.2190879e+03   1.3470000e+06
   3.2184091e+03   1.3460000e+06
   3.2177287e+03   1.3450000e+06
   3.2170478e+03   1.3440000e+06
   3.2163678e+03   1.3430000e+06
   3.2156871e+03   1.3420000e+06
   3.2150064e+03   1.3410000e+06
   3.2143231e+03   1.3400000e+06
   3.2136415e+03   1.3390000e+06
   3.2129610e+03   1.3380000e+06
   3.2122779e+03   1.3370000e+06
   3.2115969e+03   1.3360000e+06
   3.2109140e+03   1.3350000e+06
   3.2102311e+03   1.3340000e+06
   3.2100000e+03   1.3336617e+06
   3.2095496e+03   1.3330000e+06
   3.2088687e+03   1.3320000e+06
   3.2081858e+03   1.3310000e+06
   3.2075026e+03   1.3300000e+06
   3.2068193e+03   1.3290000e+06
   3.2061361e+03   1.3280000e+06
   3.2054529e+03   1.3270000e+06
   3.2047697e+03   1.3260000e+06
   3.2040839e+03   1.3250000e+06
   3.2033982e+03   1.3240000e+06
   3.2027142e+03   1.3230000e+06
   3.2020287e+03   1.3220000e+06
   3.2013408e+03   1.3210000e+06
   3.2006549e+03   1.3200000e+06
   3.2000000e+03   1.3190483e+06
   3.1999668e+03   1.3190000e+06
   3.1992832e+03   1.3180000e+06
   3.1985995e+03   1.3170000e+06
   3.1979138e+03   1.3160000e+06
   3.1972259e+03   1.3150000e+06
   3.1965409e+03   1.3140000e+06
   3.1958537e+03   1.3130000e+06
   3.1951669e+03   1.3120000e+06
   3.1944801e+03   1.3110000e+06
   3.1937920e+03   1.3100000e+06
   3.1931032e+03   1.3090000e+06
   3.1924153e+03   1.3080000e+06
   3.1917274e+03   1.3070000e+06
   3.1910369e+03   1.3060000e+06
   3.1904270e+03   1.3050000e+06
   3.1900000e+03   1.3044441e+06
   3.1896581e+03   1.3040000e+06
   3.1889750e+03   1.3030000e+06
   3.1882935e+03   1.3020000e+06
   3.1876029e+03   1.3010000e+06
   3.1869252e+03   1.3000000e+06
   3.1862516e+03   1.2990000e+06
   3.1855698e+03   1.2980000e+06
   3.1848870e+03   1.2970000e+06
   3.1842018e+03   1.2960000e+06
   3.1835182e+03   1.2950000e+06
   3.1828349e+03   1.2940000e+06
   3.1821520e+03   1.2930000e+06
   3.1814684e+03   1.2920000e+06
   3.1807853e+03   1.2910000e+06
   3.1801630e+03   1.2900000e+06
   3.1800000e+03   1.2897619e+06
   3.1794732e+03   1.2890000e+06
   3.1787794e+03   1.2880000e+06
   3.1780856e+03   1.2870000e+06
   3.1773917e+03   1.2860000e+06
   3.1766979e+03   1.2850000e+06
   3.1760025e+03   1.2840000e+06
   3.1753063e+03   1.2830000e+06
   3.1746113e+03   1.2820000e+06
   3.1739165e+03   1.2810000e+06
   3.1732203e+03   1.2800000e+06
   3.1725241e+03   1.2790000e+06
   3.1718274e+03   1.2780000e+06
   3.1711291e+03   1.2770000e+06
   3.1704328e+03   1.2760000e+06
   3.1700000e+03   1.2753827e+06
   3.1697326e+03   1.2750000e+06
   3.1690386e+03   1.2740000e+06
   3.1683422e+03   1.2730000e+06
   3.1676438e+03   1.2720000e+06
   3.1669475e+03   1.2710000e+06
   3.1662513e+03   1.2700000e+06
   3.1655525e+03   1.2690000e+06
   3.1648537e+03   1.2680000e+06
   3.1641564e+03   1.2670000e+06
   3.1634720e+03   1.2660000e+06
   3.1627862e+03   1.2650000e+06
   3.1621004e+03   1.2640000e+06
   3.1614113e+03   1.2630000e+06
   3.1607256e+03   1.2620000e+06
   3.1600025e+03   1.2610000e+06
   3.1600000e+03   1.2609962e+06
   3.1593442e+03   1.2600000e+06
   3.1586457e+03   1.2590000e+06
   3.1579472e+03   1.2580000e+06
   3.1572554e+03   1.2570000e+06
   3.1565572e+03   1.2560000e+06
   3.1558497e+03   1.2550000e+06
   3.1551508e+03   1.2540000e+06
   3.1544550e+03   1.2530000e+06
   3.1537613e+03   1.2520000e+06
   3.1525487e+03   1.2510000e+06
   3.1503795e+03   1.2500000e+06
   3.1500000e+03   1.2498522e+06
   3.1477686e+03   1.2490000e+06
   3.1463144e+03   1.2480000e+06
   3.1432211e+03   1.2470000e+06
   3.1411558e+03   1.2460000e+06
   3.1400000e+03   1.2457389e+06
   3.1378376e+03   1.2450000e+06
   3.1358180e+03   1.2440000e+06
   3.1330928e+03   1.2430000e+06
   3.1323997e+03   1.2420000e+06
   3.1300000e+03   1.2412479e+06
   3.1292488e+03   1.2410000e+06
   3.1276448e+03   1.2400000e+06
   3.1253310e+03   1.2390000e+06
   3.1222510e+03   1.2380000e+06
   3.1201610e+03   1.2370000e+06
   3.1200000e+03   1.2369240e+06
   3.1180271e+03   1.2360000e+06
   3.1160253e+03   1.2350000e+06
   3.1144656e+03   1.2340000e+06
   3.1129543e+03   1.2330000e+06
   3.1113362e+03   1.2320000e+06
   3.1100000e+03   1.2313182e+06
   3.1093792e+03   1.2310000e+06
   3.1077525e+03   1.2300000e+06
   3.1059622e+03   1.2290000e+06
   3.1027718e+03   1.2280000e+06
   3.1024893e+03   1.2270000e+06
   3.1005704e+03   1.2260000e+06
   3.1000000e+03   1.2251093e+06
   3.0999359e+03   1.2250000e+06
   3.0990848e+03   1.2240000e+06
   3.0985122e+03   1.2230000e+06
   3.0979225e+03   1.2220000e+06
   3.0973106e+03   1.2210000e+06
   3.0967227e+03   1.2200000e+06
   3.0961311e+03   1.2190000e+06
   3.0955397e+03   1.2180000e+06
   3.0949460e+03   1.2170000e+06
   3.0943516e+03   1.2160000e+06
   3.0937575e+03   1.2150000e+06
   3.0931627e+03   1.2140000e+06
   3.0925690e+03   1.2130000e+06
   3.0919749e+03   1.2120000e+06
   3.0913777e+03   1.2110000e+06
   3.0907825e+03   1.2100000e+06
   3.0901856e+03   1.2090000e+06
   3.0900000e+03   1.2086891e+06
   3.0895902e+03   1.2080000e+06
   3.0889953e+03   1.2070000e+06
   3.0883979e+03   1.2060000e+06
   3.0878025e+03   1.2050000e+06
   3.0872050e+03   1.2040000e+06
   3.0866075e+03   1.2030000e+06
   3.0860100e+03   1.2020000e+06
   3.0854125e+03   1.2010000e+06
   3.0848150e+03   1.2000000e+06
   3.0842161e+03   1.1990000e+06
   3.0836168e+03   1.1980000e+06
   3.0830165e+03   1.1970000e+06
   3.0824193e+03   1.1960000e+06
   3.0818218e+03   1.1950000e+06
   3.0812237e+03   1.1940000e+06
   3.0806233e+03   1.1930000e+06
   3.0800275e+03   1.1920000e+06
   3.0800000e+03   1.1919542e+06
   3.0794291e+03   1.1910000e+06
   3.0788326e+03   1.1900000e+06
   3.0782217e+03   1.1890000e+06
   3.0776239e+03   1.1880000e+06
   3.0770269e+03   1.1870000e+06
   3.0764284e+03   1.1860000e+06
   3.0758281e+03   1.1850000e+06
   3.0752279e+03   1.1840000e+06
   3.0746242e+03   1.1830000e+06
   3.0740239e+03   1.1820000e+06
   3.0734212e+03   1.1810000e+06
   3.0728034e+03   1.1800000e+06
   3.0721993e+03   1.1790000e+06
   3.0715953e+03   1.1780000e+06
   3.0709885e+03   1.1770000e+06
   3.0703810e+03   1.1760000e+06
   3.0700000e+03   1.1753755e+06
   3.0697719e+03   1.1750000e+06
   3.0691849e+03   1.1740000e+06
   3.0685760e+03   1.1730000e+06
   3.0679672e+03   1.1720000e+06
   3.0673590e+03   1.1710000e+06
   3.0667561e+03   1.1700000e+06
   3.0661516e+03   1.1690000e+06
   3.0655396e+03   1.1680000e+06
   3.0649367e+03   1.1670000e+06
   3.0643300e+03   1.1660000e+06
   3.0637146e+03   1.1650000e+06
   3.0631176e+03   1.1640000e+06
   3.0625074e+03   1.1630000e+06
   3.0618978e+03   1.1620000e+06
   3.0612875e+03   1.1610000e+06
   3.0606771e+03   1.1600000e+06
   3.0600645e+03   1.1590000e+06
   3.0600000e+03   1.1588939e+06
   3.0594585e+03   1.1580000e+06
   3.0588480e+03   1.1570000e+06
   3.0582394e+03   1.1560000e+06
   3.0576329e+03   1.1550000e+06
   3.0570238e+03   1.1540000e+06
   3.0564125e+03   1.1530000e+06
   3.0558005e+03   1.1520000e+06
   3.0551931e+03   1.1510000e+06
   3.0545817e+03   1.1500000e+06
   3.0539693e+03   1.1490000e+06
   3.0533597e+03   1.1480000e+06
   3.0527480e+03   1.1470000e+06
   3.0521340e+03   1.1460000e+06
   3.0515211e+03   1.1450000e+06
   3.0509075e+03   1.1440000e+06
   3.0502918e+03   1.1430000e+06
   3.0500000e+03   1.1425261e+06
   3.0496770e+03   1.1420000e+06
   3.0490633e+03   1.1410000e+06
   3.0484504e+03   1.1400000e+06
   3.0478369e+03   1.1390000e+06
   3.0472228e+03   1.1380000e+06
   3.0466067e+03   1.1370000e+06
   3.0459916e+03   1.1360000e+06
   3.0453770e+03   1.1350000e+06
   3.0447598e+03   1.1340000e+06
   3.0441465e+03   1.1330000e+06
   3.0435272e+03   1.1320000e+06
   3.0429093e+03   1.1310000e+06
   3.0422992e+03   1.1300000e+06
   3.0416810e+03   1.1290000e+06
   3.0410604e+03   1.1280000e+06
   3.0404368e+03   1.1270000e+06
   3.0400000e+03   1.1262863e+06
   3.0398255e+03   1.1260000e+06
   3.0392109e+03   1.1250000e+06
   3.0385830e+03   1.1240000e+06
   3.0379691e+03   1.1230000e+06
   3.0373527e+03   1.1220000e+06
   3.0367370e+03   1.1210000e+06
   3.0361183e+03   1.1200000e+06
   3.0354972e+03   1.1190000e+06
   3.0348785e+03   1.1180000e+06
   3.0342573e+03   1.1170000e+06
   3.0336352e+03   1.1160000e+06
   3.0330125e+03   1.1150000e+06
   3.0323926e+03   1.1140000e+06
   3.0317673e+03   1.1130000e+06
   3.0311438e+03   1.1120000e+06
   3.0305228e+03   1.1110000e+06
   3.0300000e+03   1.1101614e+06
   3.0298996e+03   1.1100000e+06
   3.0292728e+03   1.1090000e+06
   3.0286554e+03   1.1080000e+06
   3.0280269e+03   1.1070000e+06
   3.0274051e+03   1.1060000e+06
   3.0267842e+03   1.1050000e+06
   3.0261606e+03   1.1040000e+06
   3.0255362e+03   1.1030000e+06
   3.0249119e+03   1.1020000e+06
   3.0242892e+03   1.1010000e+06
   3.0236606e+03   1.1000000e+06
   3.0230313e+03   1.0990000e+06
   3.0224064e+03   1.0980000e+06
   3.0217792e+03   1.0970000e+06
   3.0211524e+03   1.0960000e+06
   3.0205263e+03   1.0950000e+06
   3.0200000e+03   1.0941634e+06
   3.0198976e+03   1.0940000e+06
   3.0192713e+03   1.0930000e+06
   3.0186446e+03   1.0920000e+06
   3.0180156e+03   1.0910000e+06
   3.0173884e+03   1.0900000e+06
   3.0167610e+03   1.0890000e+06
   3.0161317e+03   1.0880000e+06
   3.0155024e+03   1.0870000e+06
   3.0148720e+03   1.0860000e+06
   3.0142429e+03   1.0850000e+06
   3.0136104e+03   1.0840000e+06
   3.0129807e+03   1.0830000e+06
   3.0123506e+03   1.0820000e+06
   3.0117183e+03   1.0810000e+06
   3.0110873e+03   1.0800000e+06
   3.0104554e+03   1.0790000e+06
   3.0100000e+03   1.0782780e+06
   3.0098250e+03   1.0780000e+06
   3.0091889e+03   1.0770000e+06
   3.0085600e+03   1.0760000e+06
   3.0079262e+03   1.0750000e+06
   3.0072959e+03   1.0740000e+06
   3.0066618e+03   1.0730000e+06
   3.0060311e+03   1.0720000e+06
   3.0053947e+03   1.0710000e+06
   3.0047607e+03   1.0700000e+06
   3.0041254e+03   1.0690000e+06
   3.0034897e+03   1.0680000e+06
   3.0028523e+03   1.0670000e+06
   3.0022176e+03   1.0660000e+06
   3.0015837e+03   1.0650000e+06
   3.0009473e+03   1.0640000e+06
   3.0003085e+03   1.0630000e+06
   3.0000000e+03   1.0625153e+06
   2.9996730e+03   1.0620000e+06
   2.9990383e+03   1.0610000e+06
   2.9984016e+03   1.0600000e+06
   2.9977571e+03   1.0590000e+06
   2.9971207e+03   1.0580000e+06
   2.9964844e+03   1.0570000e+06
   2.9958466e+03   1.0560000e+06
   2.9952056e+03   1.0550000e+06
   2.9945646e+03   1.0540000e+06
   2.9939283e+03   1.0530000e+06
   2.9932857e+03   1.0520000e+06
   2.9926441e+03   1.0510000e+06
   2.9920102e+03   1.0500000e+06
   2.9913608e+03   1.0490000e+06
   2.9907193e+03   1.0480000e+06
   2.9900799e+03   1.0470000e+06
   2.9900000e+03   1.0468755e+06
   2.9894403e+03   1.0460000e+06
   2.9888010e+03   1.0450000e+06
   2.9881612e+03   1.0440000e+06
   2.9875193e+03   1.0430000e+06
   2.9868741e+03   1.0420000e+06
   2.9862295e+03   1.0410000e+06
   2.9855869e+03   1.0400000e+06
   2.9849422e+03   1.0390000e+06
   2.9842974e+03   1.0380000e+06
   2.9836530e+03   1.0370000e+06
   2.9830089e+03   1.0360000e+06
   2.9823620e+03   1.0350000e+06
   2.9817141e+03   1.0340000e+06
   2.9810658e+03   1.0330000e+06
   2.9804174e+03   1.0320000e+06
   2.9800000e+03   1.0313569e+06
   2.9797693e+03   1.0310000e+06
   2.9791230e+03   1.0300000e+06
   2.9784787e+03   1.0290000e+06
   2.9778357e+03   1.0280000e+06
   2.9771895e+03   1.0270000e+06
   2.9765425e+03   1.0260000e+06
   2.9758966e+03   1.0250000e+06
   2.9752463e+03   1.0240000e+06
   2.9745855e+03   1.0230000e+06
   2.9739324e+03   1.0220000e+06
   2.9732846e+03   1.0210000e+06
   2.9726347e+03   1.0200000e+06
   2.9719875e+03   1.0190000e+06
   2.9713386e+03   1.0180000e+06
   2.9706874e+03   1.0170000e+06
   2.9700336e+03   1.0160000e+06
   2.9700000e+03   1.0159476e+06
   2.9693939e+03   1.0150000e+06
   2.9687419e+03   1.0140000e+06
   2.9680882e+03   1.0130000e+06
   2.9674372e+03   1.0120000e+06
   2.9667849e+03   1.0110000e+06
   2.9661304e+03   1.0100000e+06
   2.9654274e+03   1.0090000e+06
   2.9647816e+03   1.0080000e+06
   2.9641358e+03   1.0070000e+06
   2.9634838e+03   1.0060000e+06
   2.9628395e+03   1.0050000e+06
   2.9621935e+03   1.0040000e+06
   2.9615394e+03   1.0030000e+06
   2.9608871e+03   1.0020000e+06
   2.9602324e+03   1.0010000e+06
   2.9600000e+03   1.0006449e+06
   2.9595756e+03   1.0000000e+06
   2.9589247e+03   9.9900000e+05
   2.9582622e+03   9.9800000e+05
   2.9576055e+03   9.9700000e+05
   2.9569490e+03   9.9600000e+05
   2.9562897e+03   9.9500000e+05
   2.9556274e+03   9.9400000e+05
   2.9549243e+03   9.9300000e+05
   2.9542942e+03   9.9200000e+05
   2.9536450e+03   9.9100000e+05
   2.9529774e+03   9.9000000e+05
   2.9523139e+03   9.8900000e+05
   2.9516541e+03   9.8800000e+05
   2.9509967e+03   9.8700000e+05
   2.9503435e+03   9.8600000e+05
   2.9500000e+03   9.8547670e+05
   2.9496838e+03   9.8500000e+05
   2.9490214e+03   9.8400000e+05
   2.9483591e+03   9.8300000e+05
   2.9476971e+03   9.8200000e+05
   2.9470330e+03   9.8100000e+05
   2.9463136e+03   9.8000000e+05
   2.9456756e+03   9.7900000e+05
   2.9449881e+03   9.7800000e+05
   2.9443101e+03   9.7700000e+05
   2.9436379e+03   9.7600000e+05
   2.9429890e+03   9.7500000e+05
   2.9423023e+03   9.7400000e+05
   2.9416408e+03   9.7300000e+05
   2.9409812e+03   9.7200000e+05
   2.9403239e+03   9.7100000e+05
   2.9400000e+03   9.7050890e+05
   2.9396635e+03   9.7000000e+05
   2.9390066e+03   9.6900000e+05
   2.9383431e+03   9.6800000e+05
   2.9376800e+03   9.6700000e+05
   2.9370165e+03   9.6600000e+05
   2.9363431e+03   9.6500000e+05
   2.9356508e+03   9.6400000e+05
   2.9349001e+03   9.6300000e+05
   2.9342364e+03   9.6200000e+05
   2.9335708e+03   9.6100000e+05
   2.9329031e+03   9.6000000e+05
   2.9322361e+03   9.5900000e+05
   2.9315687e+03   9.5800000e+05
   2.9309117e+03   9.5700000e+05
   2.9302421e+03   9.5600000e+05
   2.9300000e+03   9.5563860e+05
   2.9295750e+03   9.5500000e+05
   2.9289117e+03   9.5400000e+05
   2.9282485e+03   9.5300000e+05
   2.9275852e+03   9.5200000e+05
   2.9269188e+03   9.5100000e+05
   2.9262477e+03   9.5000000e+05
   2.9255841e+03   9.4900000e+05
   2.9249138e+03   9.4800000e+05
   2.9242239e+03   9.4700000e+05
   2.9235265e+03   9.4600000e+05
   2.9228378e+03   9.4500000e+05
   2.9221588e+03   9.4400000e+05
   2.9214538e+03   9.4300000e+05
   2.9207448e+03   9.4200000e+05
   2.9200683e+03   9.4100000e+05
   2.9200000e+03   9.4089860e+05
   2.9194037e+03   9.4000000e+05
   2.9187375e+03   9.3900000e+05
   2.9180710e+03   9.3800000e+05
   2.9174042e+03   9.3700000e+05
   2.9167363e+03   9.3600000e+05
   2.9160492e+03   9.3500000e+05
   2.9153793e+03   9.3400000e+05
   2.9146930e+03   9.3300000e+05
   2.9140042e+03   9.3200000e+05
   2.9133107e+03   9.3100000e+05
   2.9126113e+03   9.3000000e+05
   2.9119145e+03   9.2900000e+05
   2.9112333e+03   9.2800000e+05
   2.9105498e+03   9.2700000e+05
   2.9100000e+03   9.2619588e+05
   2.9098677e+03   9.2600000e+05
   2.9091928e+03   9.2500000e+05
   2.9085194e+03   9.2400000e+05
   2.9078442e+03   9.2300000e+05
   2.9071664e+03   9.2200000e+05
   2.9064887e+03   9.2100000e+05
   2.9058121e+03   9.2000000e+05
   2.9051346e+03   9.1900000e+05
   2.9044571e+03   9.1800000e+05
   2.9037796e+03   9.1700000e+05
   2.9030918e+03   9.1600000e+05
   2.9023899e+03   9.1500000e+05
   2.9016819e+03   9.1400000e+05
   2.9010453e+03   9.1300000e+05
   2.9003354e+03   9.1200000e+05
   2.9000000e+03   9.1152941e+05
   2.8996226e+03   9.1100000e+05
   2.8989150e+03   9.1000000e+05
   2.8982311e+03   9.0900000e+05
   2.8975453e+03   9.0800000e+05
   2.8968612e+03   9.0700000e+05
   2.8961762e+03   9.0600000e+05
   2.8954926e+03   9.0500000e+05
   2.8948036e+03   9.0400000e+05
   2.8941048e+03   9.0300000e+05
   2.8934025e+03   9.0200000e+05
   2.8927359e+03   9.0100000e+05
   2.8920446e+03   9.0000000e+05
   2.8913243e+03   8.9900000e+05
   2.8906448e+03   8.9800000e+05
   2.8900000e+03   8.9703484e+05
   2.8899768e+03   8.9700000e+05
   2.8892445e+03   8.9600000e+05
   2.8885518e+03   8.9500000e+05
   2.8878591e+03   8.9400000e+05
   2.8871658e+03   8.9300000e+05
   2.8864721e+03   8.9200000e+05
   2.8857767e+03   8.9100000e+05
   2.8850814e+03   8.9000000e+05
   2.8843860e+03   8.8900000e+05
   2.8836898e+03   8.8800000e+05
   2.8829933e+03   8.8700000e+05
   2.8822955e+03   8.8600000e+05
   2.8815985e+03   8.8500000e+05
   2.8808992e+03   8.8400000e+05
   2.8801998e+03   8.8300000e+05
   2.8800000e+03   8.8271429e+05
   2.8795043e+03   8.8200000e+05
   2.8788052e+03   8.8100000e+05
   2.8781129e+03   8.8000000e+05
   2.8774105e+03   8.7900000e+05
   2.8767113e+03   8.7800000e+05
   2.8760056e+03   8.7700000e+05
   2.8753056e+03   8.7600000e+05
   2.8746090e+03   8.7500000e+05
   2.8739065e+03   8.7400000e+05
   2.8732044e+03   8.7300000e+05
   2.8725017e+03   8.7200000e+05
   2.8717978e+03   8.7100000e+05
   2.8710934e+03   8.7000000e+05
   2.8703902e+03   8.6900000e+05
   2.8700000e+03   8.6844408e+05
   2.8696885e+03   8.6800000e+05
   2.8689664e+03   8.6700000e+05
   2.8682662e+03   8.6600000e+05
   2.8675622e+03   8.6500000e+05
   2.8668577e+03   8.6400000e+05
   2.8661561e+03   8.6300000e+05
   2.8654501e+03   8.6200000e+05
   2.8647433e+03   8.6100000e+05
   2.8640341e+03   8.6000000e+05
   2.8633249e+03   8.5900000e+05
   2.8626134e+03   8.5800000e+05
   2.8618996e+03   8.5700000e+05
   2.8611988e+03   8.5600000e+05
   2.8604854e+03   8.5500000e+05
   2.8600000e+03   8.5432154e+05
   2.8597709e+03   8.5400000e+05
   2.8590613e+03   8.5300000e+05
   2.8583501e+03   8.5200000e+05
   2.8576404e+03   8.5100000e+05
   2.8569187e+03   8.5000000e+05
   2.8562059e+03   8.4900000e+05
   2.8554931e+03   8.4800000e+05
   2.8547785e+03   8.4700000e+05
   2.8540770e+03   8.4600000e+05
   2.8533509e+03   8.4500000e+05
   2.8526383e+03   8.4400000e+05
   2.8519248e+03   8.4300000e+05
   2.8512116e+03   8.4200000e+05
   2.8504956e+03   8.4100000e+05
   2.8500000e+03   8.4031646e+05
   2.8497718e+03   8.4000000e+05
   2.8490662e+03   8.3900000e+05
   2.8483512e+03   8.3800000e+05
   2.8476336e+03   8.3700000e+05
   2.8469157e+03   8.3600000e+05
   2.8461952e+03   8.3500000e+05
   2.8454743e+03   8.3400000e+05
   2.8447578e+03   8.3300000e+05
   2.8440402e+03   8.3200000e+05
   2.8433219e+03   8.3100000e+05
   2.8426006e+03   8.3000000e+05
   2.8418801e+03   8.2900000e+05
   2.8411538e+03   8.2800000e+05
   2.8404298e+03   8.2700000e+05
   2.8400000e+03   8.2640506e+05
   2.8397088e+03   8.2600000e+05
   2.8389954e+03   8.2500000e+05
   2.8382760e+03   8.2400000e+05
   2.8375580e+03   8.2300000e+05
   2.8368352e+03   8.2200000e+05
   2.8361164e+03   8.2100000e+05
   2.8353850e+03   8.2000000e+05
   2.8346594e+03   8.1900000e+05
   2.8339348e+03   8.1800000e+05
   2.8332134e+03   8.1700000e+05
   2.8324869e+03   8.1600000e+05
   2.8317585e+03   8.1500000e+05
   2.8310319e+03   8.1400000e+05
   2.8303073e+03   8.1300000e+05
   2.8300000e+03   8.1257680e+05
   2.8295825e+03   8.1200000e+05
   2.8288448e+03   8.1100000e+05
   2.8281198e+03   8.1000000e+05
   2.8273963e+03   8.0900000e+05
   2.8266659e+03   8.0800000e+05
   2.8259397e+03   8.0700000e+05
   2.8252097e+03   8.0600000e+05
   2.8244787e+03   8.0500000e+05
   2.8237483e+03   8.0400000e+05
   2.8230159e+03   8.0300000e+05
   2.8222834e+03   8.0200000e+05
   2.8215507e+03   8.0100000e+05
   2.8208184e+03   8.0000000e+05
   2.8200839e+03   7.9900000e+05
   2.8200000e+03   7.9888580e+05
   2.8193514e+03   7.9800000e+05
   2.8186192e+03   7.9700000e+05
   2.8178852e+03   7.9600000e+05
   2.8171496e+03   7.9500000e+05
   2.8164152e+03   7.9400000e+05
   2.8156788e+03   7.9300000e+05
   2.8149424e+03   7.9200000e+05
   2.8142051e+03   7.9100000e+05
   2.8134658e+03   7.9000000e+05
   2.8127275e+03   7.8900000e+05
   2.8119892e+03   7.8800000e+05
   2.8112508e+03   7.8700000e+05
   2.8105126e+03   7.8600000e+05
   2.8100000e+03   7.8530793e+05
   2.8097727e+03   7.8500000e+05
   2.8090349e+03   7.8400000e+05
   2.8082966e+03   7.8300000e+05
   2.8075580e+03   7.8200000e+05
   2.8068166e+03   7.8100000e+05
   2.8060756e+03   7.8000000e+05
   2.8053330e+03   7.7900000e+05
   2.8045917e+03   7.7800000e+05
   2.8038484e+03   7.7700000e+05
   2.8031055e+03   7.7600000e+05
   2.8023600e+03   7.7500000e+05
   2.8016134e+03   7.7400000e+05
   2.8008749e+03   7.7300000e+05
   2.8001282e+03   7.7200000e+05
   2.8000000e+03   7.7182883e+05
   2.7993810e+03   7.7100000e+05
   2.7986345e+03   7.7000000e+05
   2.7978884e+03   7.6900000e+05
   2.7971435e+03   7.6800000e+05
   2.7963999e+03   7.6700000e+05
   2.7956525e+03   7.6600000e+05
   2.7949026e+03   7.6500000e+05
   2.7941555e+03   7.6400000e+05
   2.7934065e+03   7.6300000e+05
   2.7926552e+03   7.6200000e+05
   2.7919023e+03   7.6100000e+05
   2.7911519e+03   7.6000000e+05
   2.7904033e+03   7.5900000e+05
   2.7900000e+03   7.5846588e+05
   2.7896493e+03   7.5800000e+05
   2.7888968e+03   7.5700000e+05
   2.7881483e+03   7.5600000e+05
   2.7873967e+03   7.5500000e+05
   2.7866436e+03   7.5400000e+05
   2.7858929e+03   7.5300000e+05
   2.7851383e+03   7.5200000e+05
   2.7843827e+03   7.5100000e+05
   2.7836301e+03   7.5000000e+05
   2.7828715e+03   7.4900000e+05
   2.7821134e+03   7.4800000e+05
   2.7813549e+03   7.4700000e+05
   2.7805943e+03   7.4600000e+05
   2.7800000e+03   7.4521765e+05
   2.7798355e+03   7.4500000e+05
   2.7790776e+03   7.4400000e+05
   2.7783215e+03   7.4300000e+05
   2.7775650e+03   7.4200000e+05
   2.7768098e+03   7.4100000e+05
   2.7760512e+03   7.4000000e+05
   2.7752891e+03   7.3900000e+05
   2.7745295e+03   7.3800000e+05
   2.7737683e+03   7.3700000e+05
   2.7730058e+03   7.3600000e+05
   2.7722432e+03   7.3500000e+05
   2.7714788e+03   7.3400000e+05
   2.7707138e+03   7.3300000e+05
   2.7700000e+03   7.3206686e+05
   2.7699491e+03   7.3200000e+05
   2.7691873e+03   7.3100000e+05
   2.7684256e+03   7.3000000e+05
   2.7676622e+03   7.2900000e+05
   2.7668985e+03   7.2800000e+05
   2.7661329e+03   7.2700000e+05
   2.7653676e+03   7.2600000e+05
   2.7645938e+03   7.2500000e+05
   2.7638317e+03   7.2400000e+05
   2.7630616e+03   7.2300000e+05
   2.7622987e+03   7.2200000e+05
   2.7615228e+03   7.2100000e+05
   2.7607500e+03   7.2000000e+05
   2.7600000e+03   7.1902305e+05
   2.7599824e+03   7.1900000e+05
   2.7592108e+03   7.1800000e+05
   2.7584410e+03   7.1700000e+05
   2.7576714e+03   7.1600000e+05
   2.7569019e+03   7.1500000e+05
   2.7561310e+03   7.1400000e+05
   2.7553593e+03   7.1300000e+05
   2.7545865e+03   7.1200000e+05
   2.7538112e+03   7.1100000e+05
   2.7530348e+03   7.1000000e+05
   2.7522580e+03   7.0900000e+05
   2.7514793e+03   7.0800000e+05
   2.7507033e+03   7.0700000e+05
   2.7500000e+03   7.0608857e+05
   2.7499319e+03   7.0600000e+05
   2.7491506e+03   7.0500000e+05
   2.7483754e+03   7.0400000e+05
   2.7475988e+03   7.0300000e+05
   2.7468226e+03   7.0200000e+05
   2.7460452e+03   7.0100000e+05
   2.7452680e+03   7.0000000e+05
   2.7444872e+03   6.9900000e+05
   2.7437052e+03   6.9800000e+05
   2.7429233e+03   6.9700000e+05
   2.7421397e+03   6.9600000e+05
   2.7413554e+03   6.9500000e+05
   2.7405712e+03   6.9400000e+05
   2.7400000e+03   6.9326554e+05
   2.7397943e+03   6.9300000e+05
   2.7390048e+03   6.9200000e+05
   2.7382236e+03   6.9100000e+05
   2.7374437e+03   6.9000000e+05
   2.7366601e+03   6.8900000e+05
   2.7358749e+03   6.8800000e+05
   2.7350897e+03   6.8700000e+05
   2.7343023e+03   6.8600000e+05
   2.7335141e+03   6.8500000e+05
   2.7327247e+03   6.8400000e+05
   2.7319331e+03   6.8300000e+05
   2.7311434e+03   6.8200000e+05
   2.7303520e+03   6.8100000e+05
   2.7300000e+03   6.8055402e+05
   2.7295643e+03   6.8000000e+05
   2.7287772e+03   6.7900000e+05
   2.7279882e+03   6.7800000e+05
   2.7271961e+03   6.7700000e+05
   2.7264084e+03   6.7600000e+05
   2.7256172e+03   6.7500000e+05
   2.7248247e+03   6.7400000e+05
   2.7240322e+03   6.7300000e+05
   2.7232339e+03   6.7200000e+05
   2.7224368e+03   6.7100000e+05
   2.7216409e+03   6.7000000e+05
   2.7208451e+03   6.6900000e+05
   2.7200479e+03   6.6800000e+05
   2.7200000e+03   6.6794005e+05
   2.7192516e+03   6.6700000e+05
   2.7184555e+03   6.6600000e+05
   2.7176594e+03   6.6500000e+05
   2.7168612e+03   6.6400000e+05
   2.7160629e+03   6.6300000e+05
   2.7152635e+03   6.6200000e+05
   2.7144642e+03   6.6100000e+05
   2.7136644e+03   6.6000000e+05
   2.7128627e+03   6.5900000e+05
   2.7120616e+03   6.5800000e+05
   2.7112592e+03   6.5700000e+05
   2.7104550e+03   6.5600000e+05
   2.7100000e+03   6.5543243e+05
   2.7096543e+03   6.5500000e+05
   2.7088507e+03   6.5400000e+05
   2.7080471e+03   6.5300000e+05
   2.7072435e+03   6.5200000e+05
   2.7064384e+03   6.5100000e+05
   2.7056328e+03   6.5000000e+05
   2.7048251e+03   6.4900000e+05
   2.7040186e+03   6.4800000e+05
   2.7032095e+03   6.4700000e+05
   2.7023990e+03   6.4600000e+05
   2.7015893e+03   6.4500000e+05
   2.7007774e+03   6.4400000e+05
   2.7000000e+03   6.4304255e+05
   2.6999656e+03   6.4300000e+05
   2.6991570e+03   6.4200000e+05
   2.6983484e+03   6.4100000e+05
   2.6975393e+03   6.4000000e+05
   2.6967297e+03   6.3900000e+05
   2.6959192e+03   6.3800000e+05
   2.6951064e+03   6.3700000e+05
   2.6942903e+03   6.3600000e+05
   2.6934774e+03   6.3500000e+05
   2.6926618e+03   6.3400000e+05
   2.6918448e+03   6.3300000e+05
   2.6910277e+03   6.3200000e+05
   2.6902086e+03   6.3100000e+05
   2.6900000e+03   6.3074541e+05
   2.6893915e+03   6.3000000e+05
   2.6885736e+03   6.2900000e+05
   2.6877575e+03   6.2800000e+05
   2.6869415e+03   6.2700000e+05
   2.6861207e+03   6.2600000e+05
   2.6853018e+03   6.2500000e+05
   2.6844820e+03   6.2400000e+05
   2.6836568e+03   6.2300000e+05
   2.6828382e+03   6.2200000e+05
   2.6820137e+03   6.2100000e+05
   2.6811877e+03   6.2000000e+05
   2.6803620e+03   6.1900000e+05
   2.6800000e+03   6.1856331e+05
   2.6795352e+03   6.1800000e+05
   2.6787103e+03   6.1700000e+05
   2.6778874e+03   6.1600000e+05
   2.6770646e+03   6.1500000e+05
   2.6762404e+03   6.1400000e+05
   2.6754156e+03   6.1300000e+05
   2.6745887e+03   6.1200000e+05
   2.6737617e+03   6.1100000e+05
   2.6729348e+03   6.1000000e+05
   2.6721048e+03   6.0900000e+05
   2.6712721e+03   6.0800000e+05
   2.6704390e+03   6.0700000e+05
   2.6700000e+03   6.0647449e+05
   2.6696050e+03   6.0600000e+05
   2.6687707e+03   6.0500000e+05
   2.6679393e+03   6.0400000e+05
   2.6671068e+03   6.0300000e+05
   2.6662755e+03   6.0200000e+05
   2.6654435e+03   6.0100000e+05
   2.6646095e+03   6.0000000e+05
   2.6637768e+03   5.9900000e+05
   2.6629414e+03   5.9800000e+05
   2.6621048e+03   5.9700000e+05
   2.6612686e+03   5.9600000e+05
   2.6604306e+03   5.9500000e+05
   2.6600000e+03   5.9449250e+05
   2.6595834e+03   5.9400000e+05
   2.6587460e+03   5.9300000e+05
   2.6579082e+03   5.9200000e+05
   2.6570719e+03   5.9100000e+05
   2.6562262e+03   5.9000000e+05
   2.6553846e+03   5.8900000e+05
   2.6545435e+03   5.8800000e+05
   2.6537048e+03   5.8700000e+05
   2.6528614e+03   5.8600000e+05
   2.6520156e+03   5.8500000e+05
   2.6511726e+03   5.8400000e+05
   2.6503234e+03   5.8300000e+05
   2.6500000e+03   5.8261558e+05
   2.6494838e+03   5.8200000e+05
   2.6486367e+03   5.8100000e+05
   2.6477881e+03   5.8000000e+05
   2.6469406e+03   5.7900000e+05
   2.6460914e+03   5.7800000e+05
   2.6452422e+03   5.7700000e+05
   2.6443934e+03   5.7600000e+05
   2.6435432e+03   5.7500000e+05
   2.6426921e+03   5.7400000e+05
   2.6418409e+03   5.7300000e+05
   2.6409914e+03   5.7200000e+05
   2.6401367e+03   5.7100000e+05
   2.6400000e+03   5.7083990e+05
   2.6392851e+03   5.7000000e+05
   2.6384319e+03   5.6900000e+05
   2.6375786e+03   5.6800000e+05
   2.6367254e+03   5.6700000e+05
   2.6358692e+03   5.6600000e+05
   2.6350136e+03   5.6500000e+05
   2.6341555e+03   5.6400000e+05
   2.6332942e+03   5.6300000e+05
   2.6324345e+03   5.6200000e+05
   2.6315731e+03   5.6100000e+05
   2.6307120e+03   5.6000000e+05
   2.6300000e+03   5.5917275e+05
   2.6298518e+03   5.5900000e+05
   2.6289939e+03   5.5800000e+05
   2.6281340e+03   5.5700000e+05
   2.6272752e+03   5.5600000e+05
   2.6264479e+03   5.5500000e+05
   2.6255810e+03   5.5400000e+05
   2.6247411e+03   5.5300000e+05
   2.6238683e+03   5.5200000e+05
   2.6230243e+03   5.5100000e+05
   2.6221677e+03   5.5000000e+05
   2.6213251e+03   5.4900000e+05
   2.6204839e+03   5.4800000e+05
   2.6200000e+03   5.4742574e+05
   2.6196421e+03   5.4700000e+05
   2.6187840e+03   5.4600000e+05
   2.6179173e+03   5.4500000e+05
   2.6170484e+03   5.4400000e+05
   2.6161770e+03   5.4300000e+05
   2.6153052e+03   5.4200000e+05
   2.6144343e+03   5.4100000e+05
   2.6135624e+03   5.4000000e+05
   2.6126884e+03   5.3900000e+05
   2.6118123e+03   5.3800000e+05
   2.6109367e+03   5.3700000e+05
   2.6100582e+03   5.3600000e+05
   2.6100000e+03   5.3593381e+05
   2.6091824e+03   5.3500000e+05
   2.6083068e+03   5.3400000e+05
   2.6074281e+03   5.3300000e+05
   2.6065501e+03   5.3200000e+05
   2.6056703e+03   5.3100000e+05
   2.6047921e+03   5.3000000e+05
   2.6039115e+03   5.2900000e+05
   2.6030302e+03   5.2800000e+05
   2.6021492e+03   5.2700000e+05
   2.6012668e+03   5.2600000e+05
   2.6003844e+03   5.2500000e+05
   2.6000000e+03   5.2456542e+05
   2.5995016e+03   5.2400000e+05
   2.5986179e+03   5.2300000e+05
   2.5977338e+03   5.2200000e+05
   2.5968473e+03   5.2100000e+05
   2.5959609e+03   5.2000000e+05
   2.5950752e+03   5.1900000e+05
   2.5941809e+03   5.1800000e+05
   2.5932915e+03   5.1700000e+05
   2.5924012e+03   5.1600000e+05
   2.5915109e+03   5.1500000e+05
   2.5906195e+03   5.1400000e+05
   2.5900000e+03   5.1330485e+05
   2.5897293e+03   5.1300000e+05
   2.5888395e+03   5.1200000e+05
   2.5879479e+03   5.1100000e+05
   2.5870568e+03   5.1000000e+05
   2.5861652e+03   5.0900000e+05
   2.5852686e+03   5.0800000e+05
   2.5843741e+03   5.0700000e+05
   2.5834767e+03   5.0600000e+05
   2.5825789e+03   5.0500000e+05
   2.5816790e+03   5.0400000e+05
   2.5807788e+03   5.0300000e+05
   2.5800000e+03   5.0213636e+05
   2.5798776e+03   5.0200000e+05
   2.5789771e+03   5.0100000e+05
   2.5780772e+03   5.0000000e+05
   2.5771761e+03   4.9900000e+05
   2.5762750e+03   4.9800000e+05
   2.5753733e+03   4.9700000e+05
   2.5744728e+03   4.9600000e+05
   2.5735665e+03   4.9500000e+05
   2.5726606e+03   4.9400000e+05
   2.5717537e+03   4.9300000e+05
   2.5708462e+03   4.9200000e+05
   2.5700000e+03   4.9106951e+05
   2.5699370e+03   4.9100000e+05
   2.5690283e+03   4.9000000e+05
   2.5681195e+03   4.8900000e+05
   2.5672093e+03   4.8800000e+05
   2.5662988e+03   4.8700000e+05
   2.5653881e+03   4.8600000e+05
   2.5644772e+03   4.8500000e+05
   2.5635648e+03   4.8400000e+05
   2.5626497e+03   4.8300000e+05
   2.5617353e+03   4.8200000e+05
   2.5608218e+03   4.8100000e+05
   2.5600000e+03   4.8010200e+05
   2.5599069e+03   4.8000000e+05
   2.5589921e+03   4.7900000e+05
   2.5580757e+03   4.7800000e+05
   2.5571596e+03   4.7700000e+05
   2.5562411e+03   4.7600000e+05
   2.5553208e+03   4.7500000e+05
   2.5544033e+03   4.7400000e+05
   2.5534790e+03   4.7300000e+05
   2.5525525e+03   4.7200000e+05
   2.5516272e+03   4.7100000e+05
   2.5507069e+03   4.7000000e+05
   2.5500000e+03   4.6924078e+05
   2.5497766e+03   4.6900000e+05
   2.5488547e+03   4.6800000e+05
   2.5479312e+03   4.6700000e+05
   2.5470074e+03   4.6600000e+05
   2.5460825e+03   4.6500000e+05
   2.5451559e+03   4.6400000e+05
   2.5442274e+03   4.6300000e+05
   2.5432964e+03   4.6200000e+05
   2.5423652e+03   4.6100000e+05
   2.5414323e+03   4.6000000e+05
   2.5404989e+03   4.5900000e+05
   2.5400000e+03   4.5846667e+05
   2.5395649e+03   4.5800000e+05
   2.5386324e+03   4.5700000e+05
   2.5376969e+03   4.5600000e+05
   2.5367635e+03   4.5500000e+05
   2.5358273e+03   4.5400000e+05
   2.5348908e+03   4.5300000e+05
   2.5339535e+03   4.5200000e+05
   2.5330170e+03   4.5100000e+05
   2.5320765e+03   4.5000000e+05
   2.5311371e+03   4.4900000e+05
   2.5301962e+03   4.4800000e+05
   2.5300000e+03   4.4779149e+05
   2.5292579e+03   4.4700000e+05
   2.5283164e+03   4.4600000e+05
   2.5273748e+03   4.4500000e+05
   2.5264313e+03   4.4400000e+05
   2.5254846e+03   4.4300000e+05
   2.5245375e+03   4.4200000e+05
   2.5235852e+03   4.4100000e+05
   2.5226370e+03   4.4000000e+05
   2.5216869e+03   4.3900000e+05
   2.5207416e+03   4.3800000e+05
   2.5200000e+03   4.3722338e+05
   2.5197876e+03   4.3700000e+05
   2.5188388e+03   4.3600000e+05
   2.5179010e+03   4.3500000e+05
   2.5169399e+03   4.3400000e+05
   2.5159893e+03   4.3300000e+05
   2.5150377e+03   4.3200000e+05
   2.5140822e+03   4.3100000e+05
   2.5131256e+03   4.3000000e+05
   2.5121687e+03   4.2900000e+05
   2.5112106e+03   4.2800000e+05
   2.5102519e+03   4.2700000e+05
   2.5100000e+03   4.2673760e+05
   2.5092938e+03   4.2600000e+05
   2.5083343e+03   4.2500000e+05
   2.5073729e+03   4.2400000e+05
   2.5064109e+03   4.2300000e+05
   2.5054466e+03   4.2200000e+05
   2.5044833e+03   4.2100000e+05
   2.5035170e+03   4.2000000e+05
   2.5025528e+03   4.1900000e+05
   2.5015871e+03   4.1800000e+05
   2.5006198e+03   4.1700000e+05
   2.5000000e+03   4.1635918e+05
   2.4996538e+03   4.1600000e+05
   2.4986880e+03   4.1500000e+05
   2.4977218e+03   4.1400000e+05
   2.4967519e+03   4.1300000e+05
   2.4957828e+03   4.1200000e+05
   2.4948102e+03   4.1100000e+05
   2.4938360e+03   4.1000000e+05
   2.4928608e+03   4.0900000e+05
   2.4918832e+03   4.0800000e+05
   2.4909043e+03   4.0700000e+05
   2.4900000e+03   4.0607631e+05
   2.4899256e+03   4.0600000e+05
   2.4889489e+03   4.0500000e+05
   2.4879757e+03   4.0400000e+05
   2.4869947e+03   4.0300000e+05
   2.4860188e+03   4.0200000e+05
   2.4850382e+03   4.0100000e+05
   2.4840563e+03   4.0000000e+05
   2.4834265e+03   3.9900000e+05
   2.4824428e+03   3.9800000e+05
   2.4814576e+03   3.9700000e+05
   2.4804728e+03   3.9600000e+05
   2.4800000e+03   3.9551984e+05
   2.4794892e+03   3.9500000e+05
   2.4785010e+03   3.9400000e+05
   2.4775151e+03   3.9300000e+05
   2.4765251e+03   3.9200000e+05
   2.4755326e+03   3.9100000e+05
   2.4745375e+03   3.9000000e+05
   2.4735481e+03   3.8900000e+05
   2.4725555e+03   3.8800000e+05
   2.4715609e+03   3.8700000e+05
   2.4705643e+03   3.8600000e+05
   2.4700000e+03   3.8543580e+05
   2.4695658e+03   3.8500000e+05
   2.4685750e+03   3.8400000e+05
   2.4675746e+03   3.8300000e+05
   2.4665770e+03   3.8200000e+05
   2.4655853e+03   3.8100000e+05
   2.4645819e+03   3.8000000e+05
   2.4635864e+03   3.7900000e+05
   2.4625823e+03   3.7800000e+05
   2.4615799e+03   3.7700000e+05
   2.4605728e+03   3.7600000e+05
   2.4600000e+03   3.7542967e+05
   2.4595695e+03   3.7500000e+05
   2.4585659e+03   3.7400000e+05
   2.4575598e+03   3.7300000e+05
   2.4565432e+03   3.7200000e+05
   2.4555341e+03   3.7100000e+05
   2.4545256e+03   3.7000000e+05
   2.4535152e+03   3.6900000e+05
   2.4525043e+03   3.6800000e+05
   2.4514897e+03   3.6700000e+05
   2.4504759e+03   3.6600000e+05
   2.4500000e+03   3.6553131e+05
   2.4494624e+03   3.6500000e+05
   2.4484488e+03   3.6400000e+05
   2.4474352e+03   3.6300000e+05
   2.4464197e+03   3.6200000e+05
   2.4454012e+03   3.6100000e+05
   2.4443830e+03   3.6000000e+05
   2.4433673e+03   3.5900000e+05
   2.4423388e+03   3.5800000e+05
   2.4413143e+03   3.5700000e+05
   2.4402877e+03   3.5600000e+05
   2.4400000e+03   3.5571910e+05
   2.4392656e+03   3.5500000e+05
   2.4382390e+03   3.5400000e+05
   2.4372081e+03   3.5300000e+05
   2.4361819e+03   3.5200000e+05
   2.4351548e+03   3.5100000e+05
   2.4341242e+03   3.5000000e+05
   2.4330940e+03   3.4900000e+05
   2.4320634e+03   3.4800000e+05
   2.4310288e+03   3.4700000e+05
   2.4300000e+03   3.4600554e+05
   2.4299943e+03   3.4600000e+05
   2.4289637e+03   3.4500000e+05
   2.4279297e+03   3.4400000e+05
   2.4268941e+03   3.4300000e+05
   2.4258563e+03   3.4200000e+05
   2.4248195e+03   3.4100000e+05
   2.4237799e+03   3.4000000e+05
   2.4227380e+03   3.3900000e+05
   2.4216898e+03   3.3800000e+05
   2.4206461e+03   3.3700000e+05
   2.4200000e+03   3.3638182e+05
   2.4196028e+03   3.3600000e+05
   2.4185558e+03   3.3500000e+05
   2.4175128e+03   3.3400000e+05
   2.4164664e+03   3.3300000e+05
   2.4154152e+03   3.3200000e+05
   2.4143665e+03   3.3100000e+05
   2.4133169e+03   3.3000000e+05
   2.4122647e+03   3.2900000e+05
   2.4112132e+03   3.2800000e+05
   2.4101587e+03   3.2700000e+05
   2.4100000e+03   3.2685000e+05
   2.4090963e+03   3.2600000e+05
   2.4080349e+03   3.2500000e+05
   2.4069704e+03   3.2400000e+05
   2.4059043e+03   3.2300000e+05
   2.4048377e+03   3.2200000e+05
   2.4037657e+03   3.2100000e+05
   2.4026931e+03   3.2000000e+05
   2.4016205e+03   3.1900000e+05
   2.4005464e+03   3.1800000e+05
   2.4000000e+03   3.1749562e+05
   2.3994696e+03   3.1700000e+05
   2.3984042e+03   3.1600000e+05
   2.3973390e+03   3.1500000e+05
   2.3962734e+03   3.1400000e+05
   2.3952060e+03   3.1300000e+05
   2.3941370e+03   3.1200000e+05
   2.3930657e+03   3.1100000e+05
   2.3919948e+03   3.1000000e+05
   2.3909207e+03   3.0900000e+05
   2.3900000e+03   3.0814435e+05
   2.3898453e+03   3.0800000e+05
   2.3887714e+03   3.0700000e+05
   2.3876985e+03   3.0600000e+05
   2.3865827e+03   3.0500000e+05
   2.3855113e+03   3.0400000e+05
   2.3844370e+03   3.0300000e+05
   2.3833568e+03   3.0200000e+05
   2.3822796e+03   3.0100000e+05
   2.3811979e+03   3.0000000e+05
   2.3801185e+03   2.9900000e+05
   2.3800000e+03   2.9889097e+05
   2.3790300e+03   2.9800000e+05
   2.3779455e+03   2.9700000e+05
   2.3768576e+03   2.9600000e+05
   2.3757702e+03   2.9500000e+05
   2.3746812e+03   2.9400000e+05
   2.3735909e+03   2.9300000e+05
   2.3724366e+03   2.9200000e+05
   2.3705584e+03   2.9100000e+05
   2.3700000e+03   2.9070299e+05
   2.3686779e+03   2.9000000e+05
   2.3666763e+03   2.8900000e+05
   2.3647248e+03   2.8800000e+05
   2.3628931e+03   2.8700000e+05
   2.3616706e+03   2.8600000e+05
   2.3604034e+03   2.8500000e+05
   2.3600000e+03   2.8468070e+05
   2.3591432e+03   2.8400000e+05
   2.3578694e+03   2.8300000e+05
   2.3565573e+03   2.8200000e+05
   2.3552674e+03   2.8100000e+05
   2.3539332e+03   2.8000000e+05
   2.3526205e+03   2.7900000e+05
   2.3512795e+03   2.7800000e+05
   2.3500000e+03   2.7706499e+05
   2.3499112e+03   2.7700000e+05
   2.3485291e+03   2.7600000e+05
   2.3471238e+03   2.7500000e+05
   2.3456297e+03   2.7400000e+05
   2.3442000e+03   2.7300000e+05
   2.3427335e+03   2.7200000e+05
   2.3412462e+03   2.7100000e+05
   2.3400000e+03   2.7020639e+05
   2.3396772e+03   2.7000000e+05
   2.3381098e+03   2.6900000e+05
   2.3365036e+03   2.6800000e+05
   2.3348729e+03   2.6700000e+05
   2.3331581e+03   2.6600000e+05
   2.3314192e+03   2.6500000e+05
   2.3300000e+03   2.6420000e+05
   2.3296468e+03   2.6400000e+05
   2.3278360e+03   2.6300000e+05
   2.3258717e+03   2.6200000e+05
   2.3239750e+03   2.6100000e+05
   2.3220083e+03   2.6000000e+05
   2.3200000e+03   2.5902363e+05
   2.3199516e+03   2.5900000e+05
   2.3177112e+03   2.5800000e+05
   2.3152542e+03   2.5700000e+05
   2.3126971e+03   2.5600000e+05
   2.3100000e+03   2.5512352e+05
   2.3096101e+03   2.5500000e+05
   2.3067916e+03   2.5400000e+05
   2.3044372e+03   2.5300000e+05
   2.3019921e+03   2.5200000e+05
   2.3000711e+03   2.5100000e+05
   2.3000000e+03   2.5097701e+05
   2.2970167e+03   2.5000000e+05
   2.2937994e+03   2.4900000e+05
   2.2904629e+03   2.4800000e+05
   2.2900000e+03   2.4787110e+05
   2.2868936e+03   2.4700000e+05
   2.2829943e+03   2.4600000e+05
   2.2800000e+03   2.4523859e+05
   2.2790761e+03   2.4500000e+05
   2.2748095e+03   2.4400000e+05
   2.2700000e+03   2.4304251e+05
   2.2698009e+03   2.4300000e+05
   2.2653765e+03   2.4200000e+05
   2.2601072e+03   2.4100000e+05
   2.2600000e+03   2.4098124e+05
   2.2546128e+03   2.4000000e+05
   2.2500000e+03   2.3921808e+05
   2.2487291e+03   2.3900000e+05
   2.2421468e+03   2.3800000e+05
   2.2400000e+03   2.3768176e+05
   2.2354482e+03   2.3700000e+05
   2.2300000e+03   2.3623255e+05
   2.2283950e+03   2.3600000e+05
   2.2208161e+03   2.3500000e+05
   2.2200000e+03   2.3490922e+05
   2.2118449e+03   2.3400000e+05
   2.2100000e+03   2.3381900e+05
   2.2027449e+03   2.3300000e+05
   2.2000000e+03   2.3266369e+05
   2.1939091e+03   2.3200000e+05
   2.1900000e+03   2.3151560e+05
   2.1857295e+03   2.3100000e+05
   2.1800000e+03   2.3026787e+05
   2.1778944e+03   2.3000000e+05
   2.1759335e+03   2.2900000e+05
   2.1753448e+03   2.2800000e+05
   2.1747478e+03   2.2700000e+05
   2.1741250e+03   2.2600000e+05
   2.1734759e+03   2.2500000e+05
   2.1729095e+03   2.2400000e+05
   2.1723057e+03   2.2300000e+05
   2.1716145e+03   2.2200000e+05
   2.1709182e+03   2.2100000e+05
   2.1702752e+03   2.2000000e+05
   2.1700000e+03   2.1956008e+05
   2.1697286e+03   2.1900000e+05
   2.1692091e+03   2.1800000e+05
   2.1686639e+03   2.1700000e+05
   2.1681282e+03   2.1600000e+05
   2.1675854e+03   2.1500000e+05
   2.1670593e+03   2.1400000e+05
   2.1673540e+03   2.1300000e+05
   2.1658223e+03   2.1200000e+05
   2.1653673e+03   2.1100000e+05
   2.1637533e+03   2.1000000e+05
   2.1637240e+03   2.0900000e+05
   2.1631570e+03   2.0800000e+05
   2.1643023e+03   2.0700000e+05
   2.1653067e+03   2.0600000e+05
   2.1663673e+03   2.0500000e+05
   2.1673434e+03   2.0400000e+05
   2.1683226e+03   2.0300000e+05
   2.1691968e+03   2.0200000e+05
   2.1700000e+03   2.0108451e+05
   2.1700748e+03   2.0100000e+05
   2.1708998e+03   2.0000000e+05
   2.1717490e+03   1.9900000e+05
   2.1724696e+03   1.9800000e+05
   2.1732015e+03   1.9700000e+05
   2.1739095e+03   1.9600000e+05
   2.1745544e+03   1.9500000e+05
   2.1751664e+03   1.9400000e+05
   2.1757614e+03   1.9300000e+05
   2.1763094e+03   1.9200000e+05
   2.1768223e+03   1.9100000e+05
   2.1773165e+03   1.9000000e+05
   2.1777033e+03   1.8900000e+05
   2.1779644e+03   1.8800000e+05
   2.1783482e+03   1.8700000e+05
   2.1787368e+03   1.8600000e+05
   2.1790201e+03   1.8500000e+05
   2.1789597e+03   1.8400000e+05
   2.1794620e+03   1.8300000e+05
   2.1800000e+03   1.8237056e+05
   2.1803106e+03   1.8200000e+05
   2.1804590e+03   1.8100000e+05
   2.1809272e+03   1.8000000e+05
   2.1810904e+03   1.7900000e+05
   2.1813645e+03   1.7800000e+05
   2.1815857e+03   1.7700000e+05
   2.1821781e+03   1.7600000e+05
   2.1819142e+03   1.7500000e+05
   2.1817611e+03   1.7400000e+05
   2.1818063e+03   1.7300000e+05
   2.1816069e+03   1.7200000e+05
   2.1816037e+03   1.7100000e+05
   2.1815747e+03   1.7000000e+05
   2.1815523e+03   1.6900000e+05
   2.1814883e+03   1.6800000e+05
   2.1813962e+03   1.6700000e+05
   2.1812860e+03   1.6600000e+05
   2.1811674e+03   1.6500000e+05
   2.1810633e+03   1.6400000e+05
   2.1809142e+03   1.6300000e+05
   2.1807228e+03   1.6200000e+05
   2.1805082e+03   1.6100000e+05
   2.1802990e+03   1.6000000e+05
   2.1800861e+03   1.5900000e+05
   2.1800000e+03   1.5865409e+05
   2.1798435e+03   1.5800000e+05
   2.1795835e+03   1.5700000e+05
   2.1792229e+03   1.5600000e+05
   2.1782679e+03   1.5500000e+05
   2.1771961e+03   1.5400000e+05
   2.1761261e+03   1.5300000e+05
   2.1750560e+03   1.5200000e+05
   2.1739821e+03   1.5100000e+05
   2.1729023e+03   1.5000000e+05
   2.1717861e+03   1.4900000e+05
   2.1707208e+03   1.4800000e+05
   2.1700000e+03   1.4795736e+05
   2.1609608e+03   1.4700000e+05
   2.1600000e+03   1.4693884e+05
   2.1500000e+03   1.4640272e+05
   2.1427014e+03   1.4600000e+05
   2.1400000e+03   1.4560577e+05
   2.1325087e+03   1.4500000e+05
   2.1314479e+03   1.4400000e+05
   2.1303895e+03   1.4300000e+05
   2.1300000e+03   1.4264032e+05
   2.1293146e+03   1.4200000e+05
   2.1282221e+03   1.4100000e+05
   2.1271596e+03   1.4000000e+05
   2.1260372e+03   1.3900000e+05
   2.1249105e+03   1.3800000e+05
   2.1238898e+03   1.3700000e+05
   2.1227820e+03   1.3600000e+05
   2.1216681e+03   1.3500000e+05
   2.1205426e+03   1.3400000e+05
   2.1200000e+03   1.3350158e+05
   2.1194575e+03   1.3300000e+05
   2.1183356e+03   1.3200000e+05
   2.1171700e+03   1.3100000e+05
   2.1159732e+03   1.3000000e+05
   2.1147706e+03   1.2900000e+05
   2.1137075e+03   1.2800000e+05
   2.1126226e+03   1.2700000e+05
   2.1114395e+03   1.2600000e+05
   2.1102889e+03   1.2500000e+05
   2.1100000e+03   1.2475543e+05
   2.1091128e+03   1.2400000e+05
   2.1079469e+03   1.2300000e+05
   2.1067796e+03   1.2200000e+05
   2.1055746e+03   1.2100000e+05
   2.1043876e+03   1.2000000e+05
   2.1031959e+03   1.1900000e+05
   2.1020631e+03   1.1800000e+05
   2.1009682e+03   1.1700000e+05
   2.1000000e+03   1.1609779e+05
   2.0998957e+03   1.1600000e+05
   2.0987976e+03   1.1500000e+05
   2.0977058e+03   1.1400000e+05
   2.0965887e+03   1.1300000e+05
   2.0954830e+03   1.1200000e+05
   2.0943657e+03   1.1100000e+05
   2.0932333e+03   1.1000000e+05
   2.0920950e+03   1.0900000e+05
   2.0910314e+03   1.0800000e+05
   2.0900000e+03   1.0708580e+05
   2.0899033e+03   1.0700000e+05
   2.0886279e+03   1.0600000e+05
   2.0874947e+03   1.0500000e+05
   2.0862620e+03   1.0400000e+05
   2.0850033e+03   1.0300000e+05
   2.0838404e+03   1.0200000e+05
   2.0827060e+03   1.0100000e+05
   2.0814715e+03   1.0000000e+05
   2.0801901e+03   9.9000000e+04
   2.0800000e+03   9.8862152e+04
   2.0788248e+03   9.8000000e+04
   2.0775582e+03   9.7000000e+04
   2.0762600e+03   9.6000000e+04
   2.0749776e+03   9.5000000e+04
   2.0736924e+03   9.4000000e+04
   2.0723899e+03   9.3000000e+04
   2.0710828e+03   9.2000000e+04
   2.0700000e+03   9.1160462e+04
   2.0697935e+03   9.1000000e+04
   2.0684274e+03   9.0000000e+04
   2.0670521e+03   8.9000000e+04
   2.0656765e+03   8.8000000e+04
   2.0643188e+03   8.7000000e+04
   2.0629337e+03   8.6000000e+04
   2.0615758e+03   8.5000000e+04
   2.0601969e+03   8.4000000e+04
   2.0600000e+03   8.3859649e+04
   2.0587986e+03   8.3000000e+04
   2.0573792e+03   8.2000000e+04
   2.0559791e+03   8.1000000e+04
   2.0545642e+03   8.0000000e+04
   2.0531219e+03   7.9000000e+04
   2.0516209e+03   7.8000000e+04
   2.0501527e+03   7.7000000e+04
   2.0500000e+03   7.6897155e+04
   2.0486718e+03   7.6000000e+04
   2.0471809e+03   7.5000000e+04
   2.0456628e+03   7.4000000e+04
   2.0441379e+03   7.3000000e+04
   2.0426192e+03   7.2000000e+04
   2.0410987e+03   7.1000000e+04
   2.0400000e+03   7.0286164e+04
   2.0395619e+03   7.0000000e+04
   2.0379834e+03   6.9000000e+04
   2.0364043e+03   6.8000000e+04
   2.0347915e+03   6.7000000e+04
   2.0331992e+03   6.6000000e+04
   2.0315871e+03   6.5000000e+04
   2.0300000e+03   6.4023645e+04
   2.0299618e+03   6.4000000e+04
   2.0283323e+03   6.3000000e+04
   2.0266698e+03   6.2000000e+04
   2.0250055e+03   6.1000000e+04
   2.0233138e+03   6.0000000e+04
   2.0216004e+03   5.9000000e+04
   2.0200000e+03   5.8071691e+04
   2.0198770e+03   5.8000000e+04
   2.0181390e+03   5.7000000e+04
   2.0163887e+03   5.6000000e+04
   2.0146251e+03   5.5000000e+04
   2.0128289e+03   5.4000000e+04
   2.0110163e+03   5.3000000e+04
   2.0100000e+03   5.2443299e+04
   2.0091937e+03   5.2000000e+04
   2.0073546e+03   5.1000000e+04
   2.0054605e+03   5.0000000e+04
   2.0035585e+03   4.9000000e+04
   2.0016232e+03   4.8000000e+04
   2.0000000e+03   4.7174428e+04
   1.9996588e+03   4.7000000e+04
   1.9976833e+03   4.6000000e+04
   1.9956703e+03   4.5000000e+04
   1.9936159e+03   4.4000000e+04
   1.9915324e+03   4.3000000e+04
   1.9900000e+03   4.2287954e+04
   1.9893831e+03   4.2000000e+04
   1.9871991e+03   4.1000000e+04
   1.9849658e+03   4.0000000e+04
   1.9826800e+03   3.9000000e+04
   1.9803261e+03   3.8000000e+04
   1.9800000e+03   3.7866995e+04
   1.9778878e+03   3.7000000e+04
   1.9753915e+03   3.6000000e+04
   1.9727814e+03   3.5000000e+04
   1.9700000e+03   3.4005870e+04
   1.9699837e+03   3.4000000e+04
   1.9671528e+03   3.3000000e+04
   1.9641944e+03   3.2000000e+04
   1.9609563e+03   3.1000000e+04
   1.9600000e+03   3.0728960e+04
   1.9574543e+03   3.0000000e+04
   1.9537286e+03   2.9000000e+04
   1.9504333e+03   2.8000000e+04
   1.9500000e+03   2.7778560e+04
   1.9484956e+03   2.7000000e+04
   1.9465450e+03   2.6000000e+04
   1.9446466e+03   2.5000000e+04
   1.9426176e+03   2.4000000e+04
   1.9406506e+03   2.3000000e+04
   1.9400000e+03   2.2680977e+04
   1.9386207e+03   2.2000000e+04
   1.9366198e+03   2.1000000e+04
   1.9345943e+03   2.0000000e+04
   1.9325542e+03   1.9000000e+04
   1.9304976e+03   1.8000000e+04
   1.9300000e+03   1.7760259e+04
   1.9284295e+03   1.7000000e+04
   1.9263407e+03   1.6000000e+04
   1.9242355e+03   1.5000000e+04
   1.9220867e+03   1.4000000e+04
   1.9200000e+03   1.3036986e+04
   1.9199209e+03   1.3000000e+04
   1.9177847e+03   1.2000000e+04
   1.9156372e+03   1.1000000e+04
   1.9134468e+03   1.0000000e+04
   1.9112187e+03   9.0000000e+03
   1.9100000e+03   8.4588235e+03
   1.9089738e+03   8.0000000e+03
   1.9067041e+03   7.0000000e+03
   1.9044073e+03   6.0000000e+03
   1.9020818e+03   5.0000000e+03
   1.9000000e+03   4.1183724e+03
   1.8997219e+03   4.0000000e+03
   1.8973477e+03   3.0000000e+03
   1.8972453e+03   2.0000000e+03
   1.8989308e+03   1.0000000e+03
   1.9000000e+03   0.0000000e+00
