   1.5224227e+03   1.3500000e+06
   1.5221500e+03   1.3490000e+06
   1.5218797e+03   1.3480000e+06
   1.5218079e+03   1.3470000e+06
   1.5212845e+03   1.3460000e+06
   1.5210107e+03   1.3450000e+06
   1.5207980e+03   1.3440000e+06
   1.5204635e+03   1.3430000e+06
   1.5201924e+03   1.3420000e+06
   1.5200000e+03   1.3412936e+06
   1.5199199e+03   1.3410000e+06
   1.5196396e+03   1.3400000e+06
   1.5193667e+03   1.3390000e+06
   1.5190936e+03   1.3380000e+06
   1.5188171e+03   1.3370000e+06
   1.5185442e+03   1.3360000e+06
   1.5182680e+03   1.3350000e+06
   1.5182107e+03   1.3340000e+06
   1.5177048e+03   1.3330000e+06
   1.5174270e+03   1.3320000e+06
   1.5171484e+03   1.3310000e+06
   1.5168690e+03   1.3300000e+06
   1.5165898e+03   1.3290000e+06
   1.5165099e+03   1.3280000e+06
   1.5160411e+03   1.3270000e+06
   1.5157624e+03   1.3260000e+06
   1.5154845e+03   1.3250000e+06
   1.5152052e+03   1.3240000e+06
   1.5149225e+03   1.3230000e+06
   1.5146345e+03   1.3220000e+06
   1.5144481e+03   1.3210000e+06
   1.5140488e+03   1.3200000e+06
   1.5137484e+03   1.3190000e+06
   1.5134703e+03   1.3180000e+06
   1.5131832e+03   1.3170000e+06
   1.5129067e+03   1.3160000e+06
   1.5127132e+03   1.3150000e+06
   1.5123574e+03   1.3140000e+06
   1.5120815e+03   1.3130000e+06
   1.5118058e+03   1.3120000e+06
   1.5115243e+03   1.3110000e+06
   1.5112390e+03   1.3100000e+06
   1.5109538e+03   1.3090000e+06
   1.5106662e+03   1.3080000e+06
   1.5103797e+03   1.3070000e+06
   1.5100915e+03   1.3060000e+06
   1.5100000e+03   1.3056770e+06
   1.5098109e+03   1.3050000e+06
   1.5095364e+03   1.3040000e+06
   1.5092591e+03   1.3030000e+06
   1.5089816e+03   1.3020000e+06
   1.5087039e+03   1.3010000e+06
   1.5084216e+03   1.3000000e+06
   1.5081275e+03   1.2990000e+06
   1.5078625e+03   1.2980000e+06
   1.5075777e+03   1.2970000e+06
   1.5072940e+03   1.2960000e+06
   1.5070096e+03   1.2950000e+06
   1.5067256e+03   1.2940000e+06
   1.5064410e+03   1.2930000e+06
   1.5061601e+03   1.2920000e+06
   1.5058747e+03   1.2910000e+06
   1.5055908e+03   1.2900000e+06
   1.5053073e+03   1.2890000e+06
   1.5050234e+03   1.2880000e+06
   1.5047381e+03   1.2870000e+06
   1.5044503e+03   1.2860000e+06
   1.5041571e+03   1.2850000e+06
   1.5038588e+03   1.2840000e+06
   1.5035585e+03   1.2830000e+06
   1.5032568e+03   1.2820000e+06
   1.5029454e+03   1.2810000e+06
   1.5026604e+03   1.2800000e+06
   1.5023717e+03   1.2790000e+06
   1.5020784e+03   1.2780000e+06
   1.5017912e+03   1.2770000e+06
   1.5015044e+03   1.2760000e+06
   1.5012181e+03   1.2750000e+06
   1.5009318e+03   1.2740000e+06
   1.5006457e+03   1.2730000e+06
   1.5003656e+03   1.2720000e+06
   1.5000796e+03   1.2710000e+06
   1.5000000e+03   1.2707217e+06
   1.4997957e+03   1.2700000e+06
   1.4995102e+03   1.2690000e+06
   1.4992244e+03   1.2680000e+06
   1.4989363e+03   1.2670000e+06
   1.4986328e+03   1.2660000e+06
   1.4983441e+03   1.2650000e+06
   1.4980532e+03   1.2640000e+06
   1.4977635e+03   1.2630000e+06
   1.4974750e+03   1.2620000e+06
   1.4971858e+03   1.2610000e+06
   1.4969020e+03   1.2600000e+06
   1.4966152e+03   1.2590000e+06
   1.4963321e+03   1.2580000e+06
   1.4960531e+03   1.2570000e+06
   1.4957699e+03   1.2560000e+06
   1.4954865e+03   1.2550000e+06
   1.4951970e+03   1.2540000e+06
   1.4948977e+03   1.2530000e+06
   1.4946005e+03   1.2520000e+06
   1.4943043e+03   1.2510000e+06
   1.4939675e+03   1.2500000e+06
   1.4936723e+03   1.2490000e+06
   1.4933865e+03   1.2480000e+06
   1.4930826e+03   1.2470000e+06
   1.4927780e+03   1.2460000e+06
   1.4925233e+03   1.2450000e+06
   1.4922167e+03   1.2440000e+06
   1.4919089e+03   1.2430000e+06
   1.4915917e+03   1.2420000e+06
   1.4913010e+03   1.2410000e+06
   1.4910134e+03   1.2400000e+06
   1.4907247e+03   1.2390000e+06
   1.4904373e+03   1.2380000e+06
   1.4901486e+03   1.2370000e+06
   1.4900000e+03   1.2364850e+06
   1.4898610e+03   1.2360000e+06
   1.4895725e+03   1.2350000e+06
   1.4892845e+03   1.2340000e+06
   1.4889954e+03   1.2330000e+06
   1.4887072e+03   1.2320000e+06
   1.4884181e+03   1.2310000e+06
   1.4881278e+03   1.2300000e+06
   1.4878395e+03   1.2290000e+06
   1.4875304e+03   1.2280000e+06
   1.4872196e+03   1.2270000e+06
   1.4868940e+03   1.2260000e+06
   1.4865804e+03   1.2250000e+06
   1.4862604e+03   1.2240000e+06
   1.4859504e+03   1.2230000e+06
   1.4856485e+03   1.2220000e+06
   1.4853544e+03   1.2210000e+06
   1.4850736e+03   1.2200000e+06
   1.4847848e+03   1.2190000e+06
   1.4844923e+03   1.2180000e+06
   1.4842083e+03   1.2170000e+06
   1.4839174e+03   1.2160000e+06
   1.4836213e+03   1.2150000e+06
   1.4833309e+03   1.2140000e+06
   1.4830405e+03   1.2130000e+06
   1.4827501e+03   1.2120000e+06
   1.4824594e+03   1.2110000e+06
   1.4820969e+03   1.2100000e+06
   1.4818578e+03   1.2090000e+06
   1.4815402e+03   1.2080000e+06
   1.4812217e+03   1.2070000e+06
   1.4809043e+03   1.2060000e+06
   1.4805856e+03   1.2050000e+06
   1.4802670e+03   1.2040000e+06
   1.4800000e+03   1.2031355e+06
   1.4799584e+03   1.2030000e+06
   1.4796700e+03   1.2020000e+06
   1.4793803e+03   1.2010000e+06
   1.4790896e+03   1.2000000e+06
   1.4788001e+03   1.1990000e+06
   1.4785095e+03   1.1980000e+06
   1.4782212e+03   1.1970000e+06
   1.4779147e+03   1.1960000e+06
   1.4776115e+03   1.1950000e+06
   1.4773344e+03   1.1940000e+06
   1.4770381e+03   1.1930000e+06
   1.4767359e+03   1.1920000e+06
   1.4764312e+03   1.1910000e+06
   1.4761274e+03   1.1900000e+06
   1.4758323e+03   1.1890000e+06
   1.4755250e+03   1.1880000e+06
   1.4752172e+03   1.1870000e+06
   1.4749103e+03   1.1860000e+06
   1.4745961e+03   1.1850000e+06
   1.4743017e+03   1.1840000e+06
   1.4739988e+03   1.1830000e+06
   1.4736970e+03   1.1820000e+06
   1.4733970e+03   1.1810000e+06
   1.4730966e+03   1.1800000e+06
   1.4727987e+03   1.1790000e+06
   1.4724976e+03   1.1780000e+06
   1.4721861e+03   1.1770000e+06
   1.4718796e+03   1.1760000e+06
   1.4715741e+03   1.1750000e+06
   1.4712676e+03   1.1740000e+06
   1.4709624e+03   1.1730000e+06
   1.4706526e+03   1.1720000e+06
   1.4703367e+03   1.1710000e+06
   1.4700135e+03   1.1700000e+06
   1.4700000e+03   1.1699583e+06
   1.4696930e+03   1.1690000e+06
   1.4693739e+03   1.1680000e+06
   1.4690535e+03   1.1670000e+06
   1.4687333e+03   1.1660000e+06
   1.4685363e+03   1.1650000e+06
   1.4681220e+03   1.1640000e+06
   1.4678287e+03   1.1630000e+06
   1.4675340e+03   1.1620000e+06
   1.4672401e+03   1.1610000e+06
   1.4669453e+03   1.1600000e+06
   1.4666586e+03   1.1590000e+06
   1.4663390e+03   1.1580000e+06
   1.4660180e+03   1.1570000e+06
   1.4656964e+03   1.1560000e+06
   1.4653743e+03   1.1550000e+06
   1.4650534e+03   1.1540000e+06
   1.4647320e+03   1.1530000e+06
   1.4644180e+03   1.1520000e+06
   1.4641222e+03   1.1510000e+06
   1.4638271e+03   1.1500000e+06
   1.4635313e+03   1.1490000e+06
   1.4632347e+03   1.1480000e+06
   1.4629377e+03   1.1470000e+06
   1.4626426e+03   1.1460000e+06
   1.4623234e+03   1.1450000e+06
   1.4620478e+03   1.1440000e+06
   1.4617279e+03   1.1430000e+06
   1.4614058e+03   1.1420000e+06
   1.4610820e+03   1.1410000e+06
   1.4607565e+03   1.1400000e+06
   1.4604448e+03   1.1390000e+06
   1.4601430e+03   1.1380000e+06
   1.4600000e+03   1.1375224e+06
   1.4598438e+03   1.1370000e+06
   1.4595449e+03   1.1360000e+06
   1.4591995e+03   1.1350000e+06
   1.4588995e+03   1.1340000e+06
   1.4585636e+03   1.1330000e+06
   1.4582723e+03   1.1320000e+06
   1.4579518e+03   1.1310000e+06
   1.4576298e+03   1.1300000e+06
   1.4572886e+03   1.1290000e+06
   1.4569711e+03   1.1280000e+06
   1.4566783e+03   1.1270000e+06
   1.4563456e+03   1.1260000e+06
   1.4560365e+03   1.1250000e+06
   1.4557302e+03   1.1240000e+06
   1.4554631e+03   1.1230000e+06
   1.4551516e+03   1.1220000e+06
   1.4548383e+03   1.1210000e+06
   1.4545173e+03   1.1200000e+06
   1.4541887e+03   1.1190000e+06
   1.4538629e+03   1.1180000e+06
   1.4535340e+03   1.1170000e+06
   1.4532051e+03   1.1160000e+06
   1.4528759e+03   1.1150000e+06
   1.4525479e+03   1.1140000e+06
   1.4522405e+03   1.1130000e+06
   1.4519339e+03   1.1120000e+06
   1.4515568e+03   1.1110000e+06
   1.4512341e+03   1.1100000e+06
   1.4509336e+03   1.1090000e+06
   1.4506283e+03   1.1080000e+06
   1.4503066e+03   1.1070000e+06
   1.4500000e+03   1.1060699e+06
   1.4499773e+03   1.1060000e+06
   1.4496543e+03   1.1050000e+06
   1.4493489e+03   1.1040000e+06
   1.4490739e+03   1.1030000e+06
   1.4487426e+03   1.1020000e+06
   1.4484216e+03   1.1010000e+06
   1.4481143e+03   1.1000000e+06
   1.4478056e+03   1.0990000e+06
   1.4474565e+03   1.0980000e+06
   1.4471441e+03   1.0970000e+06
   1.4468315e+03   1.0960000e+06
   1.4465288e+03   1.0950000e+06
   1.4461931e+03   1.0940000e+06
   1.4458653e+03   1.0930000e+06
   1.4455434e+03   1.0920000e+06
   1.4452620e+03   1.0910000e+06
   1.4449303e+03   1.0900000e+06
   1.4446006e+03   1.0890000e+06
   1.4442759e+03   1.0880000e+06
   1.4439482e+03   1.0870000e+06
   1.4436178e+03   1.0860000e+06
   1.4432223e+03   1.0850000e+06
   1.4429827e+03   1.0840000e+06
   1.4426506e+03   1.0830000e+06
   1.4423125e+03   1.0820000e+06
   1.4420391e+03   1.0810000e+06
   1.4415871e+03   1.0800000e+06
   1.4406912e+03   1.0790000e+06
   1.4400000e+03   1.0785666e+06
   1.4390108e+03   1.0780000e+06
   1.4368935e+03   1.0770000e+06
   1.4350360e+03   1.0760000e+06
   1.4342071e+03   1.0750000e+06
   1.4306288e+03   1.0740000e+06
   1.4300000e+03   1.0736070e+06
   1.4291166e+03   1.0730000e+06
   1.4275076e+03   1.0720000e+06
   1.4233925e+03   1.0710000e+06
   1.4218760e+03   1.0700000e+06
   1.4209028e+03   1.0690000e+06
   1.4200000e+03   1.0687589e+06
   1.4169221e+03   1.0680000e+06
   1.4147963e+03   1.0670000e+06
   1.4132029e+03   1.0660000e+06
   1.4118371e+03   1.0650000e+06
   1.4100000e+03   1.0643947e+06
   1.4085889e+03   1.0640000e+06
   1.4064799e+03   1.0630000e+06
   1.4050421e+03   1.0620000e+06
   1.4039268e+03   1.0610000e+06
   1.4036459e+03   1.0600000e+06
   1.4033674e+03   1.0590000e+06
   1.4030707e+03   1.0580000e+06
   1.4027857e+03   1.0570000e+06
   1.4025115e+03   1.0560000e+06
   1.4022247e+03   1.0550000e+06
   1.4018790e+03   1.0540000e+06
   1.4015866e+03   1.0530000e+06
   1.4012867e+03   1.0520000e+06
   1.4009855e+03   1.0510000e+06
   1.4007529e+03   1.0500000e+06
   1.4004086e+03   1.0490000e+06
   1.4001260e+03   1.0480000e+06
   1.4000000e+03   1.0475542e+06
   1.3998451e+03   1.0470000e+06
   1.3995650e+03   1.0460000e+06
   1.3992838e+03   1.0450000e+06
   1.3990164e+03   1.0440000e+06
   1.3987135e+03   1.0430000e+06
   1.3984246e+03   1.0420000e+06
   1.3981343e+03   1.0410000e+06
   1.3978435e+03   1.0400000e+06
   1.3975572e+03   1.0390000e+06
   1.3972656e+03   1.0380000e+06
   1.3969698e+03   1.0370000e+06
   1.3966706e+03   1.0360000e+06
   1.3963655e+03   1.0350000e+06
   1.3960667e+03   1.0340000e+06
   1.3957684e+03   1.0330000e+06
   1.3954700e+03   1.0320000e+06
   1.3951739e+03   1.0310000e+06
   1.3948829e+03   1.0300000e+06
   1.3945938e+03   1.0290000e+06
   1.3943041e+03   1.0280000e+06
   1.3940157e+03   1.0270000e+06
   1.3937262e+03   1.0260000e+06
   1.3934431e+03   1.0250000e+06
   1.3931423e+03   1.0240000e+06
   1.3928445e+03   1.0230000e+06
   1.3925319e+03   1.0220000e+06
   1.3922347e+03   1.0210000e+06
   1.3919372e+03   1.0200000e+06
   1.3916412e+03   1.0190000e+06
   1.3913441e+03   1.0180000e+06
   1.3910489e+03   1.0170000e+06
   1.3907704e+03   1.0160000e+06
   1.3904747e+03   1.0150000e+06
   1.3901775e+03   1.0140000e+06
   1.3900000e+03   1.0134039e+06
   1.3898804e+03   1.0130000e+06
   1.3895853e+03   1.0120000e+06
   1.3892993e+03   1.0110000e+06
   1.3890122e+03   1.0100000e+06
   1.3886888e+03   1.0090000e+06
   1.3884039e+03   1.0080000e+06
   1.3881178e+03   1.0070000e+06
   1.3878315e+03   1.0060000e+06
   1.3875327e+03   1.0050000e+06
   1.3872287e+03   1.0040000e+06
   1.3869509e+03   1.0030000e+06
   1.3866454e+03   1.0020000e+06
   1.3863399e+03   1.0010000e+06
   1.3860344e+03   1.0000000e+06
   1.3857335e+03   9.9900000e+05
   1.3854441e+03   9.9800000e+05
   1.3851550e+03   9.9700000e+05
   1.3848606e+03   9.9600000e+05
   1.3845533e+03   9.9500000e+05
   1.3842642e+03   9.9400000e+05
   1.3839473e+03   9.9300000e+05
   1.3836778e+03   9.9200000e+05
   1.3833806e+03   9.9100000e+05
   1.3830908e+03   9.9000000e+05
   1.3827823e+03   9.8900000e+05
   1.3824577e+03   9.8800000e+05
   1.3821600e+03   9.8700000e+05
   1.3818599e+03   9.8600000e+05
   1.3815549e+03   9.8500000e+05
   1.3812528e+03   9.8400000e+05
   1.3810062e+03   9.8300000e+05
   1.3807059e+03   9.8200000e+05
   1.3803993e+03   9.8100000e+05
   1.3800625e+03   9.8000000e+05
   1.3800000e+03   9.7976106e+05
   1.3798014e+03   9.7900000e+05
   1.3795081e+03   9.7800000e+05
   1.3791999e+03   9.7700000e+05
   1.3788530e+03   9.7600000e+05
   1.3785610e+03   9.7500000e+05
   1.3782699e+03   9.7400000e+05
   1.3779659e+03   9.7300000e+05
   1.3776589e+03   9.7200000e+05
   1.3773579e+03   9.7100000e+05
   1.3770641e+03   9.7000000e+05
   1.3767902e+03   9.6900000e+05
   1.3764796e+03   9.6800000e+05
   1.3761765e+03   9.6700000e+05
   1.3758836e+03   9.6600000e+05
   1.3755907e+03   9.6500000e+05
   1.3752857e+03   9.6400000e+05
   1.3749588e+03   9.6300000e+05
   1.3746693e+03   9.6200000e+05
   1.3743777e+03   9.6100000e+05
   1.3740713e+03   9.6000000e+05
   1.3737593e+03   9.5900000e+05
   1.3734520e+03   9.5800000e+05
   1.3731605e+03   9.5700000e+05
   1.3728448e+03   9.5600000e+05
   1.3725259e+03   9.5500000e+05
   1.3722224e+03   9.5400000e+05
   1.3719283e+03   9.5300000e+05
   1.3716334e+03   9.5200000e+05
   1.3713379e+03   9.5100000e+05
   1.3710403e+03   9.5000000e+05
   1.3707474e+03   9.4900000e+05
   1.3704521e+03   9.4800000e+05
   1.3701411e+03   9.4700000e+05
   1.3700000e+03   9.4655109e+05
   1.3698272e+03   9.4600000e+05
   1.3695156e+03   9.4500000e+05
   1.3692038e+03   9.4400000e+05
   1.3688931e+03   9.4300000e+05
   1.3685821e+03   9.4200000e+05
   1.3682778e+03   9.4100000e+05
   1.3679845e+03   9.4000000e+05
   1.3676841e+03   9.3900000e+05
   1.3673817e+03   9.3800000e+05
   1.3670794e+03   9.3700000e+05
   1.3667814e+03   9.3600000e+05
   1.3664753e+03   9.3500000e+05
   1.3661579e+03   9.3400000e+05
   1.3658483e+03   9.3300000e+05
   1.3655384e+03   9.3200000e+05
   1.3652307e+03   9.3100000e+05
   1.3649227e+03   9.3000000e+05
   1.3646149e+03   9.2900000e+05
   1.3643062e+03   9.2800000e+05
   1.3640023e+03   9.2700000e+05
   1.3636935e+03   9.2600000e+05
   1.3633841e+03   9.2500000e+05
   1.3630854e+03   9.2400000e+05
   1.3627629e+03   9.2300000e+05
   1.3624694e+03   9.2200000e+05
   1.3621586e+03   9.2100000e+05
   1.3618552e+03   9.2000000e+05
   1.3615520e+03   9.1900000e+05
   1.3612493e+03   9.1800000e+05
   1.3609460e+03   9.1700000e+05
   1.3606433e+03   9.1600000e+05
   1.3603320e+03   9.1500000e+05
   1.3600274e+03   9.1400000e+05
   1.3600000e+03   9.1391011e+05
   1.3597243e+03   9.1300000e+05
   1.3594216e+03   9.1200000e+05
   1.3591179e+03   9.1100000e+05
   1.3588143e+03   9.1000000e+05
   1.3585008e+03   9.0900000e+05
   1.3581914e+03   9.0800000e+05
   1.3578762e+03   9.0700000e+05
   1.3575641e+03   9.0600000e+05
   1.3572486e+03   9.0500000e+05
   1.3569316e+03   9.0400000e+05
   1.3566246e+03   9.0300000e+05
   1.3563210e+03   9.0200000e+05
   1.3560173e+03   9.0100000e+05
   1.3557149e+03   9.0000000e+05
   1.3554106e+03   8.9900000e+05
   1.3551010e+03   8.9800000e+05
   1.3547787e+03   8.9700000e+05
   1.3544851e+03   8.9600000e+05
   1.3541854e+03   8.9500000e+05
   1.3538385e+03   8.9400000e+05
   1.3535300e+03   8.9300000e+05
   1.3532208e+03   8.9200000e+05
   1.3529140e+03   8.9100000e+05
   1.3525964e+03   8.9000000e+05
   1.3522749e+03   8.8900000e+05
   1.3519558e+03   8.8800000e+05
   1.3516661e+03   8.8700000e+05
   1.3513458e+03   8.8600000e+05
   1.3510247e+03   8.8500000e+05
   1.3507124e+03   8.8400000e+05
   1.3504054e+03   8.8300000e+05
   1.3500996e+03   8.8200000e+05
   1.3500000e+03   8.8168000e+05
   1.3497894e+03   8.8100000e+05
   1.3494844e+03   8.8000000e+05
   1.3491792e+03   8.7900000e+05
   1.3488239e+03   8.7800000e+05
   1.3485515e+03   8.7700000e+05
   1.3482303e+03   8.7600000e+05
   1.3479295e+03   8.7500000e+05
   1.3476062e+03   8.7400000e+05
   1.3472783e+03   8.7300000e+05
   1.3469589e+03   8.7200000e+05
   1.3466456e+03   8.7100000e+05
   1.3463359e+03   8.7000000e+05
   1.3460363e+03   8.6900000e+05
   1.3457157e+03   8.6800000e+05
   1.3453992e+03   8.6700000e+05
   1.3450956e+03   8.6600000e+05
   1.3447801e+03   8.6500000e+05
   1.3444642e+03   8.6400000e+05
   1.3441395e+03   8.6300000e+05
   1.3438243e+03   8.6200000e+05
   1.3434989e+03   8.6100000e+05
   1.3431623e+03   8.6000000e+05
   1.3428480e+03   8.5900000e+05
   1.3425251e+03   8.5800000e+05
   1.3422116e+03   8.5700000e+05
   1.3419031e+03   8.5600000e+05
   1.3415849e+03   8.5500000e+05
   1.3412997e+03   8.5400000e+05
   1.3409748e+03   8.5300000e+05
   1.3406616e+03   8.5200000e+05
   1.3403507e+03   8.5100000e+05
   1.3400314e+03   8.5000000e+05
   1.3400000e+03   8.4990175e+05
   1.3397123e+03   8.4900000e+05
   1.3393941e+03   8.4800000e+05
   1.3390676e+03   8.4700000e+05
   1.3387553e+03   8.4600000e+05
   1.3384285e+03   8.4500000e+05
   1.3381316e+03   8.4400000e+05
   1.3378148e+03   8.4300000e+05
   1.3374978e+03   8.4200000e+05
   1.3371756e+03   8.4100000e+05
   1.3368503e+03   8.4000000e+05
   1.3365303e+03   8.3900000e+05
   1.3362136e+03   8.3800000e+05
   1.3358954e+03   8.3700000e+05
   1.3355774e+03   8.3600000e+05
   1.3352586e+03   8.3500000e+05
   1.3349400e+03   8.3400000e+05
   1.3346207e+03   8.3300000e+05
   1.3343069e+03   8.3200000e+05
   1.3339875e+03   8.3100000e+05
   1.3336689e+03   8.3000000e+05
   1.3333508e+03   8.2900000e+05
   1.3330292e+03   8.2800000e+05
   1.3327167e+03   8.2700000e+05
   1.3323956e+03   8.2600000e+05
   1.3320773e+03   8.2500000e+05
   1.3317558e+03   8.2400000e+05
   1.3314330e+03   8.2300000e+05
   1.3311104e+03   8.2200000e+05
   1.3307823e+03   8.2100000e+05
   1.3304609e+03   8.2000000e+05
   1.3301361e+03   8.1900000e+05
   1.3300000e+03   8.1858076e+05
   1.3298128e+03   8.1800000e+05
   1.3294901e+03   8.1700000e+05
   1.3291649e+03   8.1600000e+05
   1.3288406e+03   8.1500000e+05
   1.3285143e+03   8.1400000e+05
   1.3281857e+03   8.1300000e+05
   1.3278629e+03   8.1200000e+05
   1.3275370e+03   8.1100000e+05
   1.3272104e+03   8.1000000e+05
   1.3268822e+03   8.0900000e+05
   1.3265784e+03   8.0800000e+05
   1.3262394e+03   8.0700000e+05
   1.3259104e+03   8.0600000e+05
   1.3256051e+03   8.0500000e+05
   1.3252631e+03   8.0400000e+05
   1.3249449e+03   8.0300000e+05
   1.3246274e+03   8.0200000e+05
   1.3242948e+03   8.0100000e+05
   1.3239544e+03   8.0000000e+05
   1.3236451e+03   7.9900000e+05
   1.3233182e+03   7.9800000e+05
   1.3229837e+03   7.9700000e+05
   1.3226455e+03   7.9600000e+05
   1.3223597e+03   7.9500000e+05
   1.3219954e+03   7.9400000e+05
   1.3216700e+03   7.9300000e+05
   1.3213565e+03   7.9200000e+05
   1.3210274e+03   7.9100000e+05
   1.3207088e+03   7.9000000e+05
   1.3203893e+03   7.8900000e+05
   1.3200542e+03   7.8800000e+05
   1.3200000e+03   7.8783882e+05
   1.3197197e+03   7.8700000e+05
   1.3194193e+03   7.8600000e+05
   1.3190943e+03   7.8500000e+05
   1.3187624e+03   7.8400000e+05
   1.3184275e+03   7.8300000e+05
   1.3180991e+03   7.8200000e+05
   1.3177758e+03   7.8100000e+05
   1.3174480e+03   7.8000000e+05
   1.3171072e+03   7.7900000e+05
   1.3167348e+03   7.7800000e+05
   1.3164098e+03   7.7700000e+05
   1.3160795e+03   7.7600000e+05
   1.3157576e+03   7.7500000e+05
   1.3154425e+03   7.7400000e+05
   1.3151080e+03   7.7300000e+05
   1.3147972e+03   7.7200000e+05
   1.3144703e+03   7.7100000e+05
   1.3141436e+03   7.7000000e+05
   1.3138102e+03   7.6900000e+05
   1.3134739e+03   7.6800000e+05
   1.3131309e+03   7.6700000e+05
   1.3127914e+03   7.6600000e+05
   1.3124539e+03   7.6500000e+05
   1.3121157e+03   7.6400000e+05
   1.3117812e+03   7.6300000e+05
   1.3114532e+03   7.6200000e+05
   1.3111265e+03   7.6100000e+05
   1.3108040e+03   7.6000000e+05
   1.3104908e+03   7.5900000e+05
   1.3101624e+03   7.5800000e+05
   1.3100000e+03   7.5750502e+05
   1.3098351e+03   7.5700000e+05
   1.3095032e+03   7.5600000e+05
   1.3091712e+03   7.5500000e+05
   1.3088373e+03   7.5400000e+05
   1.3085055e+03   7.5300000e+05
   1.3081716e+03   7.5200000e+05
   1.3078391e+03   7.5100000e+05
   1.3075005e+03   7.5000000e+05
   1.3071591e+03   7.4900000e+05
   1.3068187e+03   7.4800000e+05
   1.3064814e+03   7.4700000e+05
   1.3061499e+03   7.4600000e+05
   1.3058053e+03   7.4500000e+05
   1.3054646e+03   7.4400000e+05
   1.3051357e+03   7.4300000e+05
   1.3048042e+03   7.4200000e+05
   1.3044626e+03   7.4100000e+05
   1.3041295e+03   7.4000000e+05
   1.3037996e+03   7.3900000e+05
   1.3034689e+03   7.3800000e+05
   1.3031320e+03   7.3700000e+05
   1.3027941e+03   7.3600000e+05
   1.3024564e+03   7.3500000e+05
   1.3021186e+03   7.3400000e+05
   1.3017803e+03   7.3300000e+05
   1.3014420e+03   7.3200000e+05
   1.3011057e+03   7.3100000e+05
   1.3007715e+03   7.3000000e+05
   1.3004377e+03   7.2900000e+05
   1.3000827e+03   7.2800000e+05
   1.3000000e+03   7.2775641e+05
   1.2997448e+03   7.2700000e+05
   1.2994066e+03   7.2600000e+05
   1.2990886e+03   7.2500000e+05
   1.2987314e+03   7.2400000e+05
   1.2983937e+03   7.2300000e+05
   1.2980564e+03   7.2200000e+05
   1.2977197e+03   7.2100000e+05
   1.2973827e+03   7.2000000e+05
   1.2970467e+03   7.1900000e+05
   1.2967098e+03   7.1800000e+05
   1.2963799e+03   7.1700000e+05
   1.2960447e+03   7.1600000e+05
   1.2957092e+03   7.1500000e+05
   1.2953727e+03   7.1400000e+05
   1.2950357e+03   7.1300000e+05
   1.2946944e+03   7.1200000e+05
   1.2943471e+03   7.1100000e+05
   1.2939991e+03   7.1000000e+05
   1.2936445e+03   7.0900000e+05
   1.2932932e+03   7.0800000e+05
   1.2929477e+03   7.0700000e+05
   1.2926326e+03   7.0600000e+05
   1.2922571e+03   7.0500000e+05
   1.2919112e+03   7.0400000e+05
   1.2915721e+03   7.0300000e+05
   1.2912344e+03   7.0200000e+05
   1.2908962e+03   7.0100000e+05
   1.2905575e+03   7.0000000e+05
   1.2902150e+03   6.9900000e+05
   1.2900000e+03   6.9837618e+05
   1.2898712e+03   6.9800000e+05
   1.2895279e+03   6.9700000e+05
   1.2891857e+03   6.9600000e+05
   1.2888432e+03   6.9500000e+05
   1.2885043e+03   6.9400000e+05
   1.2881530e+03   6.9300000e+05
   1.2878172e+03   6.9200000e+05
   1.2874711e+03   6.9100000e+05
   1.2871574e+03   6.9000000e+05
   1.2867723e+03   6.8900000e+05
   1.2864265e+03   6.8800000e+05
   1.2860952e+03   6.8700000e+05
   1.2857355e+03   6.8600000e+05
   1.2853902e+03   6.8500000e+05
   1.2850414e+03   6.8400000e+05
   1.2846954e+03   6.8300000e+05
   1.2843480e+03   6.8200000e+05
   1.2840017e+03   6.8100000e+05
   1.2836570e+03   6.8000000e+05
   1.2833129e+03   6.7900000e+05
   1.2829702e+03   6.7800000e+05
   1.2826317e+03   6.7700000e+05
   1.2822872e+03   6.7600000e+05
   1.2819427e+03   6.7500000e+05
   1.2815960e+03   6.7400000e+05
   1.2812407e+03   6.7300000e+05
   1.2808864e+03   6.7200000e+05
   1.2806277e+03   6.7100000e+05
   1.2801665e+03   6.7000000e+05
   1.2800000e+03   6.6953313e+05
   1.2798113e+03   6.6900000e+05
   1.2794922e+03   6.6800000e+05
   1.2791099e+03   6.6700000e+05
   1.2787641e+03   6.6600000e+05
   1.2784181e+03   6.6500000e+05
   1.2780783e+03   6.6400000e+05
   1.2777322e+03   6.6300000e+05
   1.2773879e+03   6.6200000e+05
   1.2770377e+03   6.6100000e+05
   1.2766872e+03   6.6000000e+05
   1.2763349e+03   6.5900000e+05
   1.2759836e+03   6.5800000e+05
   1.2756307e+03   6.5700000e+05
   1.2752743e+03   6.5600000e+05
   1.2749239e+03   6.5500000e+05
   1.2745655e+03   6.5400000e+05
   1.2742164e+03   6.5300000e+05
   1.2739154e+03   6.5200000e+05
   1.2735078e+03   6.5100000e+05
   1.2731532e+03   6.5000000e+05
   1.2727924e+03   6.4900000e+05
   1.2724404e+03   6.4800000e+05
   1.2720908e+03   6.4700000e+05
   1.2717407e+03   6.4600000e+05
   1.2713944e+03   6.4500000e+05
   1.2710437e+03   6.4400000e+05
   1.2706924e+03   6.4300000e+05
   1.2703421e+03   6.4200000e+05
   1.2700000e+03   6.4103881e+05
   1.2699863e+03   6.4100000e+05
   1.2696313e+03   6.4000000e+05
   1.2692762e+03   6.3900000e+05
   1.2689200e+03   6.3800000e+05
   1.2685637e+03   6.3700000e+05
   1.2682069e+03   6.3600000e+05
   1.2678574e+03   6.3500000e+05
   1.2675045e+03   6.3400000e+05
   1.2671493e+03   6.3300000e+05
   1.2667953e+03   6.3200000e+05
   1.2664417e+03   6.3100000e+05
   1.2660852e+03   6.3000000e+05
   1.2657277e+03   6.2900000e+05
   1.2653675e+03   6.2800000e+05
   1.2650037e+03   6.2700000e+05
   1.2646381e+03   6.2600000e+05
   1.2642718e+03   6.2500000e+05
   1.2639034e+03   6.2400000e+05
   1.2635756e+03   6.2300000e+05
   1.2631823e+03   6.2200000e+05
   1.2628262e+03   6.2100000e+05
   1.2624705e+03   6.2000000e+05
   1.2621153e+03   6.1900000e+05
   1.2617599e+03   6.1800000e+05
   1.2614045e+03   6.1700000e+05
   1.2610404e+03   6.1600000e+05
   1.2606737e+03   6.1500000e+05
   1.2603051e+03   6.1400000e+05
   1.2600000e+03   6.1317429e+05
   1.2599360e+03   6.1300000e+05
   1.2595683e+03   6.1200000e+05
   1.2592090e+03   6.1100000e+05
   1.2588447e+03   6.1000000e+05
   1.2584808e+03   6.0900000e+05
   1.2581235e+03   6.0800000e+05
   1.2577652e+03   6.0700000e+05
   1.2574070e+03   6.0600000e+05
   1.2570485e+03   6.0500000e+05
   1.2566901e+03   6.0400000e+05
   1.2563240e+03   6.0300000e+05
   1.2559587e+03   6.0200000e+05
   1.2555920e+03   6.0100000e+05
   1.2552263e+03   6.0000000e+05
   1.2548602e+03   5.9900000e+05
   1.2544936e+03   5.9800000e+05
   1.2541302e+03   5.9700000e+05
   1.2537691e+03   5.9600000e+05
   1.2534075e+03   5.9500000e+05
   1.2530473e+03   5.9400000e+05
   1.2526709e+03   5.9300000e+05
   1.2523116e+03   5.9200000e+05
   1.2519181e+03   5.9100000e+05
   1.2515698e+03   5.9000000e+05
   1.2511934e+03   5.8900000e+05
   1.2508346e+03   5.8800000e+05
   1.2504568e+03   5.8700000e+05
   1.2500774e+03   5.8600000e+05
   1.2500000e+03   5.8579614e+05
   1.2496997e+03   5.8500000e+05
   1.2493379e+03   5.8400000e+05
   1.2489769e+03   5.8300000e+05
   1.2486171e+03   5.8200000e+05
   1.2482541e+03   5.8100000e+05
   1.2478924e+03   5.8000000e+05
   1.2475299e+03   5.7900000e+05
   1.2471665e+03   5.7800000e+05
   1.2468027e+03   5.7700000e+05
   1.2464389e+03   5.7600000e+05
   1.2460511e+03   5.7500000e+05
   1.2456847e+03   5.7400000e+05
   1.2453218e+03   5.7300000e+05
   1.2449560e+03   5.7200000e+05
   1.2445773e+03   5.7100000e+05
   1.2442015e+03   5.7000000e+05
   1.2438240e+03   5.6900000e+05
   1.2434579e+03   5.6800000e+05
   1.2430762e+03   5.6700000e+05
   1.2427208e+03   5.6600000e+05
   1.2423174e+03   5.6500000e+05
   1.2419432e+03   5.6400000e+05
   1.2415682e+03   5.6300000e+05
   1.2411991e+03   5.6200000e+05
   1.2408406e+03   5.6100000e+05
   1.2404651e+03   5.6000000e+05
   1.2400891e+03   5.5900000e+05
   1.2400000e+03   5.5876177e+05
   1.2397177e+03   5.5800000e+05
   1.2393422e+03   5.5700000e+05
   1.2389649e+03   5.5600000e+05
   1.2385903e+03   5.5500000e+05
   1.2382112e+03   5.5400000e+05
   1.2378267e+03   5.5300000e+05
   1.2374672e+03   5.5200000e+05
   1.2370992e+03   5.5100000e+05
   1.2367192e+03   5.5000000e+05
   1.2363408e+03   5.4900000e+05
   1.2359469e+03   5.4800000e+05
   1.2355818e+03   5.4700000e+05
   1.2352059e+03   5.4600000e+05
   1.2348223e+03   5.4500000e+05
   1.2344424e+03   5.4400000e+05
   1.2340630e+03   5.4300000e+05
   1.2336903e+03   5.4200000e+05
   1.2333028e+03   5.4100000e+05
   1.2329188e+03   5.4000000e+05
   1.2325376e+03   5.3900000e+05
   1.2321536e+03   5.3800000e+05
   1.2317884e+03   5.3700000e+05
   1.2314116e+03   5.3600000e+05
   1.2310357e+03   5.3500000e+05
   1.2306696e+03   5.3400000e+05
   1.2302740e+03   5.3300000e+05
   1.2300000e+03   5.3229551e+05
   1.2298856e+03   5.3200000e+05
   1.2294981e+03   5.3100000e+05
   1.2291119e+03   5.3000000e+05
   1.2287297e+03   5.2900000e+05
   1.2283433e+03   5.2800000e+05
   1.2279623e+03   5.2700000e+05
   1.2275831e+03   5.2600000e+05
   1.2272113e+03   5.2500000e+05
   1.2268318e+03   5.2400000e+05
   1.2264500e+03   5.2300000e+05
   1.2260611e+03   5.2200000e+05
   1.2256788e+03   5.2100000e+05
   1.2252953e+03   5.2000000e+05
   1.2249086e+03   5.1900000e+05
   1.2245214e+03   5.1800000e+05
   1.2241336e+03   5.1700000e+05
   1.2237441e+03   5.1600000e+05
   1.2233558e+03   5.1500000e+05
   1.2229730e+03   5.1400000e+05
   1.2225909e+03   5.1300000e+05
   1.2222102e+03   5.1200000e+05
   1.2218297e+03   5.1100000e+05
   1.2214529e+03   5.1000000e+05
   1.2210693e+03   5.0900000e+05
   1.2206779e+03   5.0800000e+05
   1.2202974e+03   5.0700000e+05
   1.2200000e+03   5.0622691e+05
   1.2199129e+03   5.0600000e+05
   1.2195290e+03   5.0500000e+05
   1.2191452e+03   5.0400000e+05
   1.2187571e+03   5.0300000e+05
   1.2183397e+03   5.0200000e+05
   1.2179765e+03   5.0100000e+05
   1.2175731e+03   5.0000000e+05
   1.2171756e+03   4.9900000e+05
   1.2167772e+03   4.9800000e+05
   1.2163794e+03   4.9700000e+05
   1.2159836e+03   4.9600000e+05
   1.2155917e+03   4.9500000e+05
   1.2152096e+03   4.9400000e+05
   1.2148165e+03   4.9300000e+05
   1.2144313e+03   4.9200000e+05
   1.2140512e+03   4.9100000e+05
   1.2136611e+03   4.9000000e+05
   1.2132740e+03   4.8900000e+05
   1.2128838e+03   4.8800000e+05
   1.2124977e+03   4.8700000e+05
   1.2121072e+03   4.8600000e+05
   1.2117026e+03   4.8500000e+05
   1.2113137e+03   4.8400000e+05
   1.2109257e+03   4.8300000e+05
   1.2105211e+03   4.8200000e+05
   1.2101132e+03   4.8100000e+05
   1.2100000e+03   4.8072208e+05
   1.2097086e+03   4.8000000e+05
   1.2093236e+03   4.7900000e+05
   1.2089173e+03   4.7800000e+05
   1.2085109e+03   4.7700000e+05
   1.2081088e+03   4.7600000e+05
   1.2077121e+03   4.7500000e+05
   1.2073133e+03   4.7400000e+05
   1.2069136e+03   4.7300000e+05
   1.2065146e+03   4.7200000e+05
   1.2061147e+03   4.7100000e+05
   1.2057246e+03   4.7000000e+05
   1.2053157e+03   4.6900000e+05
   1.2049222e+03   4.6800000e+05
   1.2045283e+03   4.6700000e+05
   1.2041339e+03   4.6600000e+05
   1.2037391e+03   4.6500000e+05
   1.2033577e+03   4.6400000e+05
   1.2029497e+03   4.6300000e+05
   1.2025539e+03   4.6200000e+05
   1.2021596e+03   4.6100000e+05
   1.2017550e+03   4.6000000e+05
   1.2013615e+03   4.5900000e+05
   1.2009682e+03   4.5800000e+05
   1.2005215e+03   4.5700000e+05
   1.2001537e+03   4.5600000e+05
   1.2000000e+03   4.5562892e+05
   1.1997409e+03   4.5500000e+05
   1.1993302e+03   4.5400000e+05
   1.1989200e+03   4.5300000e+05
   1.1985255e+03   4.5200000e+05
   1.1981368e+03   4.5100000e+05
   1.1977039e+03   4.5000000e+05
   1.1973138e+03   4.4900000e+05
   1.1969109e+03   4.4800000e+05
   1.1965069e+03   4.4700000e+05
   1.1961014e+03   4.4600000e+05
   1.1956839e+03   4.4500000e+05
   1.1952859e+03   4.4400000e+05
   1.1948797e+03   4.4300000e+05
   1.1944737e+03   4.4200000e+05
   1.1940677e+03   4.4100000e+05
   1.1936616e+03   4.4000000e+05
   1.1932570e+03   4.3900000e+05
   1.1928195e+03   4.3800000e+05
   1.1924293e+03   4.3700000e+05
   1.1920117e+03   4.3600000e+05
   1.1915936e+03   4.3500000e+05
   1.1911742e+03   4.3400000e+05
   1.1907536e+03   4.3300000e+05
   1.1903430e+03   4.3200000e+05
   1.1900000e+03   4.3115686e+05
   1.1899370e+03   4.3100000e+05
   1.1895352e+03   4.3000000e+05
   1.1891395e+03   4.2900000e+05
   1.1887414e+03   4.2800000e+05
   1.1883427e+03   4.2700000e+05
   1.1879448e+03   4.2600000e+05
   1.1875303e+03   4.2500000e+05
   1.1871137e+03   4.2400000e+05
   1.1866900e+03   4.2300000e+05
   1.1862620e+03   4.2200000e+05
   1.1858375e+03   4.2100000e+05
   1.1854082e+03   4.2000000e+05
   1.1849892e+03   4.1900000e+05
   1.1845767e+03   4.1800000e+05
   1.1841676e+03   4.1700000e+05
   1.1837621e+03   4.1600000e+05
   1.1833524e+03   4.1500000e+05
   1.1829415e+03   4.1400000e+05
   1.1825178e+03   4.1300000e+05
   1.1821167e+03   4.1200000e+05
   1.1817034e+03   4.1100000e+05
   1.1812894e+03   4.1000000e+05
   1.1808599e+03   4.0900000e+05
   1.1804454e+03   4.0800000e+05
   1.1800305e+03   4.0700000e+05
   1.1800000e+03   4.0692740e+05
   1.1796137e+03   4.0600000e+05
   1.1791877e+03   4.0500000e+05
   1.1787617e+03   4.0400000e+05
   1.1783478e+03   4.0300000e+05
   1.1779201e+03   4.0200000e+05
   1.1774912e+03   4.0100000e+05
   1.1770624e+03   4.0000000e+05
   1.1766601e+03   3.9900000e+05
   1.1762285e+03   3.9800000e+05
   1.1758133e+03   3.9700000e+05
   1.1753920e+03   3.9600000e+05
   1.1749688e+03   3.9500000e+05
   1.1745515e+03   3.9400000e+05
   1.1741352e+03   3.9300000e+05
   1.1737183e+03   3.9200000e+05
   1.1733022e+03   3.9100000e+05
   1.1728830e+03   3.9000000e+05
   1.1724553e+03   3.8900000e+05
   1.1720247e+03   3.8800000e+05
   1.1716018e+03   3.8700000e+05
   1.1711792e+03   3.8600000e+05
   1.1707548e+03   3.8500000e+05
   1.1703340e+03   3.8400000e+05
   1.1700000e+03   3.8326552e+05
   1.1698805e+03   3.8300000e+05
   1.1694373e+03   3.8200000e+05
   1.1690395e+03   3.8100000e+05
   1.1686520e+03   3.8000000e+05
   1.1682976e+03   3.7900000e+05
   1.1679583e+03   3.7800000e+05
   1.1675805e+03   3.7700000e+05
   1.1671805e+03   3.7600000e+05
   1.1668558e+03   3.7500000e+05
   1.1665096e+03   3.7400000e+05
   1.1661167e+03   3.7300000e+05
   1.1657268e+03   3.7200000e+05
   1.1653367e+03   3.7100000e+05
   1.1649803e+03   3.7000000e+05
   1.1646494e+03   3.6900000e+05
   1.1642446e+03   3.6800000e+05
   1.1638494e+03   3.6700000e+05
   1.1634513e+03   3.6600000e+05
   1.1630539e+03   3.6500000e+05
   1.1627240e+03   3.6400000e+05
   1.1623428e+03   3.6300000e+05
   1.1619400e+03   3.6200000e+05
   1.1615388e+03   3.6100000e+05
   1.1611270e+03   3.6000000e+05
   1.1607725e+03   3.5900000e+05
   1.1604073e+03   3.5800000e+05
   1.1600000e+03   3.5701395e+05
   1.1599943e+03   3.5700000e+05
   1.1595871e+03   3.5600000e+05
   1.1591826e+03   3.5500000e+05
   1.1587988e+03   3.5400000e+05
   1.1584481e+03   3.5300000e+05
   1.1580346e+03   3.5200000e+05
   1.1576224e+03   3.5100000e+05
   1.1572214e+03   3.5000000e+05
   1.1568171e+03   3.4900000e+05
   1.1563904e+03   3.4800000e+05
   1.1560183e+03   3.4700000e+05
   1.1556410e+03   3.4600000e+05
   1.1552452e+03   3.4500000e+05
   1.1548258e+03   3.4400000e+05
   1.1544067e+03   3.4300000e+05
   1.1539937e+03   3.4200000e+05
   1.1536198e+03   3.4100000e+05
   1.1532215e+03   3.4000000e+05
   1.1528179e+03   3.3900000e+05
   1.1523941e+03   3.3800000e+05
   1.1519697e+03   3.3700000e+05
   1.1515815e+03   3.3600000e+05
   1.1511596e+03   3.3500000e+05
   1.1507480e+03   3.3400000e+05
   1.1503600e+03   3.3300000e+05
   1.1500000e+03   3.3214091e+05
   1.1499412e+03   3.3200000e+05
   1.1495128e+03   3.3100000e+05
   1.1490815e+03   3.3000000e+05
   1.1486888e+03   3.2900000e+05
   1.1482617e+03   3.2800000e+05
   1.1478435e+03   3.2700000e+05
   1.1474628e+03   3.2600000e+05
   1.1470342e+03   3.2500000e+05
   1.1466220e+03   3.2400000e+05
   1.1461875e+03   3.2300000e+05
   1.1457693e+03   3.2200000e+05
   1.1453373e+03   3.2100000e+05
   1.1449266e+03   3.2000000e+05
   1.1445319e+03   3.1900000e+05
   1.1440939e+03   3.1800000e+05
   1.1436687e+03   3.1700000e+05
   1.1432595e+03   3.1600000e+05
   1.1428208e+03   3.1500000e+05
   1.1423837e+03   3.1400000e+05
   1.1419837e+03   3.1300000e+05
   1.1415637e+03   3.1200000e+05
   1.1411224e+03   3.1100000e+05
   1.1406829e+03   3.1000000e+05
   1.1402754e+03   3.0900000e+05
   1.1400000e+03   3.0835477e+05
   1.1398500e+03   3.0800000e+05
   1.1394557e+03   3.0700000e+05
   1.1390127e+03   3.0600000e+05
   1.1385659e+03   3.0500000e+05
   1.1381167e+03   3.0400000e+05
   1.1376787e+03   3.0300000e+05
   1.1372927e+03   3.0200000e+05
   1.1368691e+03   3.0100000e+05
   1.1364423e+03   3.0000000e+05
   1.1359932e+03   2.9900000e+05
   1.1355470e+03   2.9800000e+05
   1.1351002e+03   2.9700000e+05
   1.1346975e+03   2.9600000e+05
   1.1342895e+03   2.9500000e+05
   1.1338490e+03   2.9400000e+05
   1.1334017e+03   2.9300000e+05
   1.1329480e+03   2.9200000e+05
   1.1324951e+03   2.9100000e+05
   1.1320447e+03   2.9000000e+05
   1.1315869e+03   2.8900000e+05
   1.1311762e+03   2.8800000e+05
   1.1307767e+03   2.8700000e+05
   1.1303279e+03   2.8600000e+05
   1.1300000e+03   2.8528041e+05
   1.1298731e+03   2.8500000e+05
   1.1294180e+03   2.8400000e+05
   1.1289598e+03   2.8300000e+05
   1.1285027e+03   2.8200000e+05
   1.1281165e+03   2.8100000e+05
   1.1276967e+03   2.8000000e+05
   1.1272329e+03   2.7900000e+05
   1.1267648e+03   2.7800000e+05
   1.1263260e+03   2.7700000e+05
   1.1258801e+03   2.7600000e+05
   1.1254207e+03   2.7500000e+05
   1.1249648e+03   2.7400000e+05
   1.1245421e+03   2.7300000e+05
   1.1240952e+03   2.7200000e+05
   1.1236264e+03   2.7100000e+05
   1.1231636e+03   2.7000000e+05
   1.1227324e+03   2.6900000e+05
   1.1222981e+03   2.6800000e+05
   1.1218337e+03   2.6700000e+05
   1.1214011e+03   2.6600000e+05
   1.1209318e+03   2.6500000e+05
   1.1204593e+03   2.6400000e+05
   1.1200000e+03   2.6300806e+05
   1.1199963e+03   2.6300000e+05
   1.1195949e+03   2.6200000e+05
   1.1191544e+03   2.6100000e+05
   1.1186878e+03   2.6000000e+05
   1.1182225e+03   2.5900000e+05
   1.1177914e+03   2.5800000e+05
   1.1173040e+03   2.5700000e+05
   1.1179695e+03   2.5600000e+05
   1.1200000e+03   2.5519201e+05
   1.1205248e+03   2.5500000e+05
   1.1243955e+03   2.5400000e+05
   1.1280677e+03   2.5300000e+05
   1.1300000e+03   2.5249586e+05
   1.1311040e+03   2.5200000e+05
   1.1300000e+03   2.5151196e+05
   1.1279513e+03   2.5100000e+05
   1.1266961e+03   2.5000000e+05
   1.1232143e+03   2.4900000e+05
   1.1200000e+03   2.4826597e+05
   1.1188787e+03   2.4800000e+05
   1.1178708e+03   2.4700000e+05
   1.1174266e+03   2.4600000e+05
   1.1169760e+03   2.4500000e+05
   1.1165282e+03   2.4400000e+05
   1.1160817e+03   2.4300000e+05
   1.1141916e+03   2.4200000e+05
   1.1100000e+03   2.4120572e+05
   1.1088941e+03   2.4100000e+05
   1.1043147e+03   2.4000000e+05
   1.1019572e+03   2.3900000e+05
   1.1015189e+03   2.3800000e+05
   1.1010836e+03   2.3700000e+05
   1.1006526e+03   2.3600000e+05
   1.1002325e+03   2.3500000e+05
   1.1000000e+03   2.3424923e+05
   1.0999239e+03   2.3400000e+05
   1.0994824e+03   2.3300000e+05
   1.0989589e+03   2.3200000e+05
   1.0985872e+03   2.3100000e+05
   1.0900000e+03   2.3001535e+05
   1.0898667e+03   2.3000000e+05
   1.0894884e+03   2.2900000e+05
   1.0891017e+03   2.2800000e+05
   1.0887194e+03   2.2700000e+05
   1.0883416e+03   2.2600000e+05
   1.0879704e+03   2.2500000e+05
   1.0875985e+03   2.2400000e+05
   1.0872091e+03   2.2300000e+05
   1.0868507e+03   2.2200000e+05
   1.0864680e+03   2.2100000e+05
   1.0860095e+03   2.2000000e+05
   1.0856237e+03   2.1900000e+05
   1.0852648e+03   2.1800000e+05
   1.0849074e+03   2.1700000e+05
   1.0845522e+03   2.1600000e+05
   1.0842043e+03   2.1500000e+05
   1.0838527e+03   2.1400000e+05
   1.0835083e+03   2.1300000e+05
   1.0831706e+03   2.1200000e+05
   1.0828333e+03   2.1100000e+05
   1.0825046e+03   2.1000000e+05
   1.0821791e+03   2.0900000e+05
   1.0818681e+03   2.0800000e+05
   1.0815501e+03   2.0700000e+05
   1.0812435e+03   2.0600000e+05
   1.0809476e+03   2.0500000e+05
   1.0806569e+03   2.0400000e+05
   1.0803672e+03   2.0300000e+05
   1.0800885e+03   2.0200000e+05
   1.0800000e+03   2.0166897e+05
   1.0798228e+03   2.0100000e+05
   1.0795619e+03   2.0000000e+05
   1.0793037e+03   1.9900000e+05
   1.0790592e+03   1.9800000e+05
   1.0788216e+03   1.9700000e+05
   1.0785858e+03   1.9600000e+05
   1.0783574e+03   1.9500000e+05
   1.0781368e+03   1.9400000e+05
   1.0779019e+03   1.9300000e+05
   1.0774705e+03   1.9200000e+05
   1.0770353e+03   1.9100000e+05
   1.0765889e+03   1.9000000e+05
   1.0761422e+03   1.8900000e+05
   1.0756896e+03   1.8800000e+05
   1.0752385e+03   1.8700000e+05
   1.0747863e+03   1.8600000e+05
   1.0743271e+03   1.8500000e+05
   1.0738645e+03   1.8400000e+05
   1.0733996e+03   1.8300000e+05
   1.0729379e+03   1.8200000e+05
   1.0724724e+03   1.8100000e+05
   1.0719969e+03   1.8000000e+05
   1.0715217e+03   1.7900000e+05
   1.0710505e+03   1.7800000e+05
   1.0705680e+03   1.7700000e+05
   1.0700836e+03   1.7600000e+05
   1.0700000e+03   1.7582674e+05
   1.0696044e+03   1.7500000e+05
   1.0691210e+03   1.7400000e+05
   1.0686312e+03   1.7300000e+05
   1.0681341e+03   1.7200000e+05
   1.0676395e+03   1.7100000e+05
   1.0671412e+03   1.7000000e+05
   1.0666356e+03   1.6900000e+05
   1.0661259e+03   1.6800000e+05
   1.0656159e+03   1.6700000e+05
   1.0651007e+03   1.6600000e+05
   1.0645795e+03   1.6500000e+05
   1.0640523e+03   1.6400000e+05
   1.0635237e+03   1.6300000e+05
   1.0629898e+03   1.6200000e+05
   1.0624461e+03   1.6100000e+05
   1.0619046e+03   1.6000000e+05
   1.0613562e+03   1.5900000e+05
   1.0608000e+03   1.5800000e+05
   1.0602356e+03   1.5700000e+05
   1.0600000e+03   1.5668224e+05
   1.0594958e+03   1.5600000e+05
   1.0586677e+03   1.5500000e+05
   1.0571849e+03   1.5400000e+05
   1.0557119e+03   1.5300000e+05
   1.0544216e+03   1.5200000e+05
   1.0531149e+03   1.5100000e+05
   1.0518538e+03   1.5000000e+05
   1.0505048e+03   1.4900000e+05
   1.0500000e+03   1.4859688e+05
   1.0492616e+03   1.4800000e+05
   1.0480467e+03   1.4700000e+05
   1.0467977e+03   1.4600000e+05
   1.0457497e+03   1.4500000e+05
   1.0444105e+03   1.4400000e+05
   1.0427447e+03   1.4300000e+05
   1.0414728e+03   1.4200000e+05
   1.0400000e+03   1.4163584e+05
   1.0372121e+03   1.4100000e+05
   1.0343928e+03   1.4000000e+05
   1.0319152e+03   1.3900000e+05
   1.0300000e+03   1.3880718e+05
   1.0215268e+03   1.3800000e+05
   1.0200000e+03   1.3708836e+05
   1.0198624e+03   1.3700000e+05
   1.0181969e+03   1.3600000e+05
   1.0165534e+03   1.3500000e+05
   1.0150265e+03   1.3400000e+05
   1.0135625e+03   1.3300000e+05
   1.0121749e+03   1.3200000e+05
   1.0108409e+03   1.3100000e+05
   1.0100000e+03   1.3035586e+05
   1.0095378e+03   1.3000000e+05
   1.0082895e+03   1.2900000e+05
   1.0070590e+03   1.2800000e+05
   1.0059101e+03   1.2700000e+05
   1.0052693e+03   1.2600000e+05
   1.0047661e+03   1.2500000e+05
   1.0042878e+03   1.2400000e+05
   1.0038029e+03   1.2300000e+05
   1.0033134e+03   1.2200000e+05
   1.0028227e+03   1.2100000e+05
   1.0023274e+03   1.2000000e+05
   1.0018293e+03   1.1900000e+05
   1.0013636e+03   1.1800000e+05
   1.0005171e+03   1.1700000e+05
   1.0000000e+03   1.1692298e+05
   9.9353677e+02   1.1600000e+05
   9.9000000e+02   1.1547030e+05
   9.8659957e+02   1.1500000e+05
   9.8508076e+02   1.1400000e+05
   9.8347360e+02   1.1300000e+05
   9.8192170e+02   1.1200000e+05
   9.8042388e+02   1.1100000e+05
   9.8000000e+02   1.1070852e+05
   9.7897787e+02   1.1000000e+05
   9.7756650e+02   1.0900000e+05
   9.7627706e+02   1.0800000e+05
   9.7566888e+02   1.0700000e+05
   9.7520076e+02   1.0600000e+05
   9.7461583e+02   1.0500000e+05
   9.7414011e+02   1.0400000e+05
   9.7355590e+02   1.0300000e+05
   9.7302495e+02   1.0200000e+05
   9.7248410e+02   1.0100000e+05
   9.7201785e+02   1.0000000e+05
   9.7140212e+02   9.9000000e+04
   9.7086227e+02   9.8000000e+04
   9.7031661e+02   9.7000000e+04
   9.7000000e+02   9.6322124e+04
   9.6984972e+02   9.6000000e+04
   9.6922793e+02   9.5000000e+04
   9.6867131e+02   9.4000000e+04
   9.6812249e+02   9.3000000e+04
   9.6756836e+02   9.2000000e+04
   9.6701138e+02   9.1000000e+04
   9.6645533e+02   9.0000000e+04
   9.6592293e+02   8.9000000e+04
   9.6536440e+02   8.8000000e+04
   9.6477690e+02   8.7000000e+04
   9.6421637e+02   8.6000000e+04
   9.6363896e+02   8.5000000e+04
   9.6306091e+02   8.4000000e+04
   9.6247179e+02   8.3000000e+04
   9.6187045e+02   8.2000000e+04
   9.6129628e+02   8.1000000e+04
   9.6071522e+02   8.0000000e+04
   9.6012106e+02   7.9000000e+04
   9.6000000e+02   7.8796424e+04
   9.5953022e+02   7.8000000e+04
   9.5894212e+02   7.7000000e+04
   9.5835900e+02   7.6000000e+04
   9.5776941e+02   7.5000000e+04
   9.5717770e+02   7.4000000e+04
   9.5656607e+02   7.3000000e+04
   9.5596040e+02   7.2000000e+04
   9.5536755e+02   7.1000000e+04
   9.5476887e+02   7.0000000e+04
   9.5415393e+02   6.9000000e+04
   9.5354445e+02   6.8000000e+04
   9.5294118e+02   6.7000000e+04
   9.5232900e+02   6.6000000e+04
   9.5170111e+02   6.5000000e+04
   9.5107288e+02   6.4000000e+04
   9.5000000e+02   6.3638134e+04
   9.4849059e+02   6.3000000e+04
   9.4754580e+02   6.2000000e+04
   9.4694228e+02   6.1000000e+04
   9.4634706e+02   6.0000000e+04
   9.4576103e+02   5.9000000e+04
   9.4514755e+02   5.8000000e+04
   9.4453707e+02   5.7000000e+04
   9.4393123e+02   5.6000000e+04
   9.4333200e+02   5.5000000e+04
   9.4272297e+02   5.4000000e+04
   9.4210205e+02   5.3000000e+04
   9.4147649e+02   5.2000000e+04
   9.4085639e+02   5.1000000e+04
   9.4023407e+02   5.0000000e+04
   9.4000000e+02   4.9626598e+04
   9.3961117e+02   4.9000000e+04
   9.3898898e+02   4.8000000e+04
   9.3834867e+02   4.7000000e+04
   9.3772637e+02   4.6000000e+04
   9.3709368e+02   4.5000000e+04
   9.3644143e+02   4.4000000e+04
   9.3579632e+02   4.3000000e+04
   9.3515065e+02   4.2000000e+04
   9.3450337e+02   4.1000000e+04
   9.3385451e+02   4.0000000e+04
   9.3319248e+02   3.9000000e+04
   9.3253561e+02   3.8000000e+04
   9.3187589e+02   3.7000000e+04
   9.3120761e+02   3.6000000e+04
   9.3053074e+02   3.5000000e+04
   9.3000000e+02   3.4224537e+04
   9.2984795e+02   3.4000000e+04
   9.2917718e+02   3.3000000e+04
   9.2851942e+02   3.2000000e+04
   9.2783542e+02   3.1000000e+04
   9.2714387e+02   3.0000000e+04
   9.2645445e+02   2.9000000e+04
   9.2575620e+02   2.8000000e+04
   9.2505440e+02   2.7000000e+04
   9.2435279e+02   2.6000000e+04
   9.2364369e+02   2.5000000e+04
   9.2292622e+02   2.4000000e+04
   9.2219598e+02   2.3000000e+04
   9.2146879e+02   2.2000000e+04
   9.2073590e+02   2.1000000e+04
   9.2000000e+02   2.0001062e+04
   9.1999923e+02   2.0000000e+04
   9.1925497e+02   1.9000000e+04
   9.1849958e+02   1.8000000e+04
   9.1774079e+02   1.7000000e+04
   9.1698132e+02   1.6000000e+04
   9.1620841e+02   1.5000000e+04
   9.1541898e+02   1.4000000e+04
   9.1462019e+02   1.3000000e+04
   9.1381330e+02   1.2000000e+04
   9.1298915e+02   1.1000000e+04
   9.1214094e+02   1.0000000e+04
   9.1127982e+02   9.0000000e+03
   9.1041100e+02   8.0000000e+03
   9.1000000e+02   7.9341619e+03
   9.0418002e+02   7.0000000e+03
   9.0352378e+02   6.0000000e+03
   9.0286874e+02   5.0000000e+03
   9.0227975e+02   4.0000000e+03
   9.0164027e+02   3.0000000e+03
   9.0098478e+02   2.0000000e+03
   9.0028293e+02   1.0000000e+03
   9.0000000e+02   0.0000000e+00
   9.0000000e+02   0.0000000e+00
