   2.2591201e+03   1.3500000e+06
   2.2586990e+03   1.3490000e+06
   2.2582821e+03   1.3480000e+06
   2.2578689e+03   1.3470000e+06
   2.2574530e+03   1.3460000e+06
   2.2570346e+03   1.3450000e+06
   2.2566208e+03   1.3440000e+06
   2.2561908e+03   1.3430000e+06
   2.2557587e+03   1.3420000e+06
   2.2553463e+03   1.3410000e+06
   2.2549128e+03   1.3400000e+06
   2.2544768e+03   1.3390000e+06
   2.2540383e+03   1.3380000e+06
   2.2535975e+03   1.3370000e+06
   2.2531505e+03   1.3360000e+06
   2.2527018e+03   1.3350000e+06
   2.2522511e+03   1.3340000e+06
   2.2518228e+03   1.3330000e+06
   2.2513723e+03   1.3320000e+06
   2.2509653e+03   1.3310000e+06
   2.2505032e+03   1.3300000e+06
   2.2500949e+03   1.3290000e+06
   2.2500000e+03   1.3287937e+06
   2.2496362e+03   1.3280000e+06
   2.2492290e+03   1.3270000e+06
   2.2488311e+03   1.3260000e+06
   2.2484213e+03   1.3250000e+06
   2.2479964e+03   1.3240000e+06
   2.2475593e+03   1.3230000e+06
   2.2471281e+03   1.3220000e+06
   2.2466872e+03   1.3210000e+06
   2.2462305e+03   1.3200000e+06
   2.2457969e+03   1.3190000e+06
   2.2453664e+03   1.3180000e+06
   2.2449276e+03   1.3170000e+06
   2.2444901e+03   1.3160000e+06
   2.2440514e+03   1.3150000e+06
   2.2436130e+03   1.3140000e+06
   2.2431724e+03   1.3130000e+06
   2.2427342e+03   1.3120000e+06
   2.2422924e+03   1.3110000e+06
   2.2418504e+03   1.3100000e+06
   2.2414100e+03   1.3090000e+06
   2.2409738e+03   1.3080000e+06
   2.2405511e+03   1.3070000e+06
   2.2401067e+03   1.3060000e+06
   2.2400000e+03   1.3057572e+06
   2.2396679e+03   1.3050000e+06
   2.2392365e+03   1.3040000e+06
   2.2388037e+03   1.3030000e+06
   2.2383492e+03   1.3020000e+06
   2.2379133e+03   1.3010000e+06
   2.2374820e+03   1.3000000e+06
   2.2370522e+03   1.2990000e+06
   2.2366217e+03   1.2980000e+06
   2.2361902e+03   1.2970000e+06
   2.2357564e+03   1.2960000e+06
   2.2353204e+03   1.2950000e+06
   2.2348800e+03   1.2940000e+06
   2.2344502e+03   1.2930000e+06
   2.2340179e+03   1.2920000e+06
   2.2335840e+03   1.2910000e+06
   2.2331489e+03   1.2900000e+06
   2.2327134e+03   1.2890000e+06
   2.2322781e+03   1.2880000e+06
   2.2318429e+03   1.2870000e+06
   2.2314020e+03   1.2860000e+06
   2.2309766e+03   1.2850000e+06
   2.2305436e+03   1.2840000e+06
   2.2301055e+03   1.2830000e+06
   2.2300000e+03   1.2827572e+06
   2.2296689e+03   1.2820000e+06
   2.2292327e+03   1.2810000e+06
   2.2287898e+03   1.2800000e+06
   2.2283474e+03   1.2790000e+06
   2.2279100e+03   1.2780000e+06
   2.2274730e+03   1.2770000e+06
   2.2270356e+03   1.2760000e+06
   2.2265983e+03   1.2750000e+06
   2.2261605e+03   1.2740000e+06
   2.2257179e+03   1.2730000e+06
   2.2252565e+03   1.2720000e+06
   2.2248040e+03   1.2710000e+06
   2.2243527e+03   1.2700000e+06
   2.2239006e+03   1.2690000e+06
   2.2234504e+03   1.2680000e+06
   2.2230047e+03   1.2670000e+06
   2.2225826e+03   1.2660000e+06
   2.2221298e+03   1.2650000e+06
   2.2217083e+03   1.2640000e+06
   2.2212878e+03   1.2630000e+06
   2.2208709e+03   1.2620000e+06
   2.2204543e+03   1.2610000e+06
   2.2200177e+03   1.2600000e+06
   2.2200000e+03   1.2599531e+06
   2.2196367e+03   1.2590000e+06
   2.2191886e+03   1.2580000e+06
   2.2187341e+03   1.2570000e+06
   2.2182847e+03   1.2560000e+06
   2.2178352e+03   1.2550000e+06
   2.2173898e+03   1.2540000e+06
   2.2169449e+03   1.2530000e+06
   2.2165016e+03   1.2520000e+06
   2.2160464e+03   1.2510000e+06
   2.2156029e+03   1.2500000e+06
   2.2151448e+03   1.2490000e+06
   2.2147036e+03   1.2480000e+06
   2.2142578e+03   1.2470000e+06
   2.2138079e+03   1.2460000e+06
   2.2133606e+03   1.2450000e+06
   2.2129253e+03   1.2440000e+06
   2.2124778e+03   1.2430000e+06
   2.2120408e+03   1.2420000e+06
   2.2115838e+03   1.2410000e+06
   2.2111403e+03   1.2400000e+06
   2.2106977e+03   1.2390000e+06
   2.2102434e+03   1.2380000e+06
   2.2100000e+03   1.2374520e+06
   2.2098011e+03   1.2370000e+06
   2.2093620e+03   1.2360000e+06
   2.2089245e+03   1.2350000e+06
   2.2084952e+03   1.2340000e+06
   2.2080658e+03   1.2330000e+06
   2.2078776e+03   1.2320000e+06
   2.2071729e+03   1.2310000e+06
   2.2067449e+03   1.2300000e+06
   2.2063170e+03   1.2290000e+06
   2.2058669e+03   1.2280000e+06
   2.2054054e+03   1.2270000e+06
   2.2049381e+03   1.2260000e+06
   2.2045157e+03   1.2250000e+06
   2.2040437e+03   1.2240000e+06
   2.2035597e+03   1.2230000e+06
   2.2031220e+03   1.2220000e+06
   2.2027049e+03   1.2210000e+06
   2.2023750e+03   1.2200000e+06
   2.2019357e+03   1.2190000e+06
   2.2015016e+03   1.2180000e+06
   2.2011733e+03   1.2170000e+06
   2.2006413e+03   1.2160000e+06
   2.2003182e+03   1.2150000e+06
   2.2000000e+03   1.2142829e+06
   2.1998719e+03   1.2140000e+06
   2.1994285e+03   1.2130000e+06
   2.1989858e+03   1.2120000e+06
   2.1985512e+03   1.2110000e+06
   2.1981089e+03   1.2100000e+06
   2.1976846e+03   1.2090000e+06
   2.1972627e+03   1.2080000e+06
   2.1968319e+03   1.2070000e+06
   2.1964040e+03   1.2060000e+06
   2.1959781e+03   1.2050000e+06
   2.1955435e+03   1.2040000e+06
   2.1951380e+03   1.2030000e+06
   2.1947416e+03   1.2020000e+06
   2.1943469e+03   1.2010000e+06
   2.1939497e+03   1.2000000e+06
   2.1935501e+03   1.1990000e+06
   2.1931577e+03   1.1980000e+06
   2.1927406e+03   1.1970000e+06
   2.1922821e+03   1.1960000e+06
   2.1918255e+03   1.1950000e+06
   2.1913750e+03   1.1940000e+06
   2.1909114e+03   1.1930000e+06
   2.1904437e+03   1.1920000e+06
   2.1900000e+03   1.1910000e+06
   2.1900000e+03   1.1910000e+06
   2.1895523e+03   1.1900000e+06
   2.1890917e+03   1.1890000e+06
   2.1886541e+03   1.1880000e+06
   2.1882239e+03   1.1870000e+06
   2.1877955e+03   1.1860000e+06
   2.1873690e+03   1.1850000e+06
   2.1869351e+03   1.1840000e+06
   2.1864831e+03   1.1830000e+06
   2.1860254e+03   1.1820000e+06
   2.1855579e+03   1.1810000e+06
   2.1851001e+03   1.1800000e+06
   2.1846434e+03   1.1790000e+06
   2.1841877e+03   1.1780000e+06
   2.1837461e+03   1.1770000e+06
   2.1833137e+03   1.1760000e+06
   2.1828772e+03   1.1750000e+06
   2.1824483e+03   1.1740000e+06
   2.1820139e+03   1.1730000e+06
   2.1815808e+03   1.1720000e+06
   2.1811400e+03   1.1710000e+06
   2.1806906e+03   1.1700000e+06
   2.1801656e+03   1.1690000e+06
   2.1800000e+03   1.1686455e+06
   2.1796990e+03   1.1680000e+06
   2.1793190e+03   1.1670000e+06
   2.1788960e+03   1.1660000e+06
   2.1784432e+03   1.1650000e+06
   2.1780195e+03   1.1640000e+06
   2.1739006e+03   1.1630000e+06
   2.1700000e+03   1.1621919e+06
   2.1690806e+03   1.1620000e+06
   2.1633900e+03   1.1610000e+06
   2.1600000e+03   1.1603727e+06
   2.1578156e+03   1.1600000e+06
   2.1518317e+03   1.1590000e+06
   2.1500000e+03   1.1586475e+06
   2.1464910e+03   1.1580000e+06
   2.1434719e+03   1.1570000e+06
   2.1404772e+03   1.1560000e+06
   2.1400436e+03   1.1550000e+06
   2.1400000e+03   1.1548826e+06
   2.1396694e+03   1.1540000e+06
   2.1391937e+03   1.1530000e+06
   2.1388533e+03   1.1520000e+06
   2.1383820e+03   1.1510000e+06
   2.1379580e+03   1.1500000e+06
   2.1376018e+03   1.1490000e+06
   2.1371186e+03   1.1480000e+06
   2.1366882e+03   1.1470000e+06
   2.1362773e+03   1.1460000e+06
   2.1358530e+03   1.1450000e+06
   2.1354313e+03   1.1440000e+06
   2.1350467e+03   1.1430000e+06
   2.1345662e+03   1.1420000e+06
   2.1341456e+03   1.1410000e+06
   2.1337263e+03   1.1400000e+06
   2.1333043e+03   1.1390000e+06
   2.1328775e+03   1.1380000e+06
   2.1324538e+03   1.1370000e+06
   2.1320264e+03   1.1360000e+06
   2.1316020e+03   1.1350000e+06
   2.1311807e+03   1.1340000e+06
   2.1307727e+03   1.1330000e+06
   2.1303475e+03   1.1320000e+06
   2.1300000e+03   1.1311701e+06
   2.1299286e+03   1.1310000e+06
   2.1295091e+03   1.1300000e+06
   2.1290900e+03   1.1290000e+06
   2.1286711e+03   1.1280000e+06
   2.1282492e+03   1.1270000e+06
   2.1278251e+03   1.1260000e+06
   2.1273992e+03   1.1250000e+06
   2.1269715e+03   1.1240000e+06
   2.1265444e+03   1.1230000e+06
   2.1261157e+03   1.1220000e+06
   2.1256882e+03   1.1210000e+06
   2.1252650e+03   1.1200000e+06
   2.1248454e+03   1.1190000e+06
   2.1244257e+03   1.1180000e+06
   2.1240059e+03   1.1170000e+06
   2.1235860e+03   1.1160000e+06
   2.1231659e+03   1.1150000e+06
   2.1227434e+03   1.1140000e+06
   2.1223101e+03   1.1130000e+06
   2.1218710e+03   1.1120000e+06
   2.1214375e+03   1.1110000e+06
   2.1210033e+03   1.1100000e+06
   2.1205701e+03   1.1090000e+06
   2.1201279e+03   1.1080000e+06
   2.1200000e+03   1.1076967e+06
   2.1197060e+03   1.1070000e+06
   2.1192728e+03   1.1060000e+06
   2.1188559e+03   1.1050000e+06
   2.1184390e+03   1.1040000e+06
   2.1180183e+03   1.1030000e+06
   2.1175990e+03   1.1020000e+06
   2.1171750e+03   1.1010000e+06
   2.1167444e+03   1.1000000e+06
   2.1163141e+03   1.0990000e+06
   2.1158835e+03   1.0980000e+06
   2.1154437e+03   1.0970000e+06
   2.1150129e+03   1.0960000e+06
   2.1145905e+03   1.0950000e+06
   2.1141645e+03   1.0940000e+06
   2.1137256e+03   1.0930000e+06
   2.1132630e+03   1.0920000e+06
   2.1128256e+03   1.0910000e+06
   2.1123888e+03   1.0900000e+06
   2.1119532e+03   1.0890000e+06
   2.1115230e+03   1.0880000e+06
   2.1110939e+03   1.0870000e+06
   2.1106671e+03   1.0860000e+06
   2.1102322e+03   1.0850000e+06
   2.1100000e+03   1.0844578e+06
   2.1098046e+03   1.0840000e+06
   2.1093779e+03   1.0830000e+06
   2.1089481e+03   1.0820000e+06
   2.1085127e+03   1.0810000e+06
   2.1080757e+03   1.0800000e+06
   2.1076388e+03   1.0790000e+06
   2.1072241e+03   1.0780000e+06
   2.1067858e+03   1.0770000e+06
   2.1063475e+03   1.0760000e+06
   2.1059096e+03   1.0750000e+06
   2.1054730e+03   1.0740000e+06
   2.1050526e+03   1.0730000e+06
   2.1046114e+03   1.0720000e+06
   2.1041642e+03   1.0710000e+06
   2.1037252e+03   1.0700000e+06
   2.1032891e+03   1.0690000e+06
   2.1028589e+03   1.0680000e+06
   2.1024210e+03   1.0670000e+06
   2.1019835e+03   1.0660000e+06
   2.1015410e+03   1.0650000e+06
   2.1010845e+03   1.0640000e+06
   2.1006544e+03   1.0630000e+06
   2.1002104e+03   1.0620000e+06
   2.1000000e+03   1.0615216e+06
   2.0997740e+03   1.0610000e+06
   2.0993499e+03   1.0600000e+06
   2.0989245e+03   1.0590000e+06
   2.0985138e+03   1.0580000e+06
   2.0980701e+03   1.0570000e+06
   2.0976402e+03   1.0560000e+06
   2.0972144e+03   1.0550000e+06
   2.0967719e+03   1.0540000e+06
   2.0963399e+03   1.0530000e+06
   2.0959097e+03   1.0520000e+06
   2.0954838e+03   1.0510000e+06
   2.0950240e+03   1.0500000e+06
   2.0945921e+03   1.0490000e+06
   2.0941412e+03   1.0480000e+06
   2.0936923e+03   1.0470000e+06
   2.0932414e+03   1.0460000e+06
   2.0927952e+03   1.0450000e+06
   2.0923339e+03   1.0440000e+06
   2.0918964e+03   1.0430000e+06
   2.0914588e+03   1.0420000e+06
   2.0910119e+03   1.0410000e+06
   2.0905767e+03   1.0400000e+06
   2.0901427e+03   1.0390000e+06
   2.0900000e+03   1.0386693e+06
   2.0897126e+03   1.0380000e+06
   2.0892765e+03   1.0370000e+06
   2.0888363e+03   1.0360000e+06
   2.0883973e+03   1.0350000e+06
   2.0879567e+03   1.0340000e+06
   2.0875140e+03   1.0330000e+06
   2.0870720e+03   1.0320000e+06
   2.0866311e+03   1.0310000e+06
   2.0861915e+03   1.0300000e+06
   2.0857571e+03   1.0290000e+06
   2.0853162e+03   1.0280000e+06
   2.0848736e+03   1.0270000e+06
   2.0844246e+03   1.0260000e+06
   2.0839854e+03   1.0250000e+06
   2.0835271e+03   1.0240000e+06
   2.0830801e+03   1.0230000e+06
   2.0826108e+03   1.0220000e+06
   2.0821584e+03   1.0210000e+06
   2.0817222e+03   1.0200000e+06
   2.0812608e+03   1.0190000e+06
   2.0808046e+03   1.0180000e+06
   2.0803566e+03   1.0170000e+06
   2.0800000e+03   1.0162068e+06
   2.0799075e+03   1.0160000e+06
   2.0794601e+03   1.0150000e+06
   2.0790126e+03   1.0140000e+06
   2.0785666e+03   1.0130000e+06
   2.0781218e+03   1.0120000e+06
   2.0776741e+03   1.0110000e+06
   2.0772305e+03   1.0100000e+06
   2.0767883e+03   1.0090000e+06
   2.0763467e+03   1.0080000e+06
   2.0759048e+03   1.0070000e+06
   2.0754599e+03   1.0060000e+06
   2.0750135e+03   1.0050000e+06
   2.0745510e+03   1.0040000e+06
   2.0741069e+03   1.0030000e+06
   2.0736488e+03   1.0020000e+06
   2.0731825e+03   1.0010000e+06
   2.0727296e+03   1.0000000e+06
   2.0722772e+03   9.9900000e+05
   2.0718235e+03   9.9800000e+05
   2.0713717e+03   9.9700000e+05
   2.0709226e+03   9.9600000e+05
   2.0704706e+03   9.9500000e+05
   2.0700169e+03   9.9400000e+05
   2.0700000e+03   9.9396283e+05
   2.0695662e+03   9.9300000e+05
   2.0691231e+03   9.9200000e+05
   2.0686821e+03   9.9100000e+05
   2.0682367e+03   9.9000000e+05
   2.0677620e+03   9.8900000e+05
   2.0673214e+03   9.8800000e+05
   2.0668829e+03   9.8700000e+05
   2.0664349e+03   9.8600000e+05
   2.0659753e+03   9.8500000e+05
   2.0655190e+03   9.8400000e+05
   2.0650941e+03   9.8300000e+05
   2.0646354e+03   9.8200000e+05
   2.0641809e+03   9.8100000e+05
   2.0637179e+03   9.8000000e+05
   2.0632595e+03   9.7900000e+05
   2.0627996e+03   9.7800000e+05
   2.0623396e+03   9.7700000e+05
   2.0618873e+03   9.7600000e+05
   2.0614235e+03   9.7500000e+05
   2.0609597e+03   9.7400000e+05
   2.0604978e+03   9.7300000e+05
   2.0600422e+03   9.7200000e+05
   2.0600000e+03   9.7190775e+05
   2.0595908e+03   9.7100000e+05
   2.0591398e+03   9.7000000e+05
   2.0586882e+03   9.6900000e+05
   2.0582389e+03   9.6800000e+05
   2.0577811e+03   9.6700000e+05
   2.0573268e+03   9.6600000e+05
   2.0568722e+03   9.6500000e+05
   2.0564171e+03   9.6400000e+05
   2.0559606e+03   9.6300000e+05
   2.0555040e+03   9.6200000e+05
   2.0550451e+03   9.6100000e+05
   2.0545922e+03   9.6000000e+05
   2.0541359e+03   9.5900000e+05
   2.0536788e+03   9.5800000e+05
   2.0532190e+03   9.5700000e+05
   2.0527595e+03   9.5600000e+05
   2.0522988e+03   9.5500000e+05
   2.0518360e+03   9.5400000e+05
   2.0513732e+03   9.5300000e+05
   2.0509120e+03   9.5200000e+05
   2.0504492e+03   9.5100000e+05
   2.0500000e+03   9.5002545e+05
   2.0499884e+03   9.5000000e+05
   2.0495292e+03   9.4900000e+05
   2.0490681e+03   9.4800000e+05
   2.0486088e+03   9.4700000e+05
   2.0481461e+03   9.4600000e+05
   2.0476835e+03   9.4500000e+05
   2.0472210e+03   9.4400000e+05
   2.0467570e+03   9.4300000e+05
   2.0462930e+03   9.4200000e+05
   2.0458423e+03   9.4100000e+05
   2.0453924e+03   9.4000000e+05
   2.0449249e+03   9.3900000e+05
   2.0444691e+03   9.3800000e+05
   2.0440167e+03   9.3700000e+05
   2.0435595e+03   9.3600000e+05
   2.0430949e+03   9.3500000e+05
   2.0426270e+03   9.3400000e+05
   2.0421524e+03   9.3300000e+05
   2.0416859e+03   9.3200000e+05
   2.0412118e+03   9.3100000e+05
   2.0407361e+03   9.3000000e+05
   2.0402621e+03   9.2900000e+05
   2.0400000e+03   9.2843929e+05
   2.0397966e+03   9.2800000e+05
   2.0393347e+03   9.2700000e+05
   2.0388938e+03   9.2600000e+05
   2.0384333e+03   9.2500000e+05
   2.0379696e+03   9.2400000e+05
   2.0375062e+03   9.2300000e+05
   2.0370372e+03   9.2200000e+05
   2.0365684e+03   9.2100000e+05
   2.0361003e+03   9.2000000e+05
   2.0356334e+03   9.1900000e+05
   2.0351760e+03   9.1800000e+05
   2.0347030e+03   9.1700000e+05
   2.0342317e+03   9.1600000e+05
   2.0337645e+03   9.1500000e+05
   2.0332967e+03   9.1400000e+05
   2.0328246e+03   9.1300000e+05
   2.0323411e+03   9.1200000e+05
   2.0318711e+03   9.1100000e+05
   2.0313967e+03   9.1000000e+05
   2.0309381e+03   9.0900000e+05
   2.0304755e+03   9.0800000e+05
   2.0300116e+03   9.0700000e+05
   2.0300000e+03   9.0697500e+05
   2.0295490e+03   9.0600000e+05
   2.0290810e+03   9.0500000e+05
   2.0286251e+03   9.0400000e+05
   2.0281535e+03   9.0300000e+05
   2.0276766e+03   9.0200000e+05
   2.0272159e+03   9.0100000e+05
   2.0267434e+03   9.0000000e+05
   2.0262601e+03   8.9900000e+05
   2.0257889e+03   8.9800000e+05
   2.0253169e+03   8.9700000e+05
   2.0248459e+03   8.9600000e+05
   2.0243749e+03   8.9500000e+05
   2.0239041e+03   8.9400000e+05
   2.0234341e+03   8.9300000e+05
   2.0229601e+03   8.9200000e+05
   2.0225008e+03   8.9100000e+05
   2.0220198e+03   8.9000000e+05
   2.0215435e+03   8.8900000e+05
   2.0210662e+03   8.8800000e+05
   2.0205896e+03   8.8700000e+05
   2.0201109e+03   8.8600000e+05
   2.0200000e+03   8.8576897e+05
   2.0196334e+03   8.8500000e+05
   2.0191601e+03   8.8400000e+05
   2.0186904e+03   8.8300000e+05
   2.0182194e+03   8.8200000e+05
   2.0177491e+03   8.8100000e+05
   2.0172771e+03   8.8000000e+05
   2.0168068e+03   8.7900000e+05
   2.0163264e+03   8.7800000e+05
   2.0158552e+03   8.7700000e+05
   2.0153695e+03   8.7600000e+05
   2.0148867e+03   8.7500000e+05
   2.0144043e+03   8.7400000e+05
   2.0139222e+03   8.7300000e+05
   2.0134393e+03   8.7200000e+05
   2.0129649e+03   8.7100000e+05
   2.0124914e+03   8.7000000e+05
   2.0120177e+03   8.6900000e+05
   2.0115425e+03   8.6800000e+05
   2.0110727e+03   8.6700000e+05
   2.0105972e+03   8.6600000e+05
   2.0101165e+03   8.6500000e+05
   2.0100000e+03   8.6476094e+05
   2.0096311e+03   8.6400000e+05
   2.0091762e+03   8.6300000e+05
   2.0086898e+03   8.6200000e+05
   2.0082015e+03   8.6100000e+05
   2.0077137e+03   8.6000000e+05
   2.0072245e+03   8.5900000e+05
   2.0067398e+03   8.5800000e+05
   2.0062539e+03   8.5700000e+05
   2.0057822e+03   8.5600000e+05
   2.0052873e+03   8.5500000e+05
   2.0047998e+03   8.5400000e+05
   2.0043120e+03   8.5300000e+05
   2.0038310e+03   8.5200000e+05
   2.0033530e+03   8.5100000e+05
   2.0028717e+03   8.5000000e+05
   2.0023974e+03   8.4900000e+05
   2.0019368e+03   8.4800000e+05
   2.0014562e+03   8.4700000e+05
   2.0009700e+03   8.4600000e+05
   2.0004761e+03   8.4500000e+05
   2.0000000e+03   8.4403654e+05
   1.9999821e+03   8.4400000e+05
   1.9995050e+03   8.4300000e+05
   1.9990161e+03   8.4200000e+05
   1.9985244e+03   8.4100000e+05
   1.9980740e+03   8.4000000e+05
   1.9975489e+03   8.3900000e+05
   1.9970668e+03   8.3800000e+05
   1.9965852e+03   8.3700000e+05
   1.9961043e+03   8.3600000e+05
   1.9956266e+03   8.3500000e+05
   1.9951420e+03   8.3400000e+05
   1.9946532e+03   8.3300000e+05
   1.9941659e+03   8.3200000e+05
   1.9936778e+03   8.3100000e+05
   1.9931918e+03   8.3000000e+05
   1.9927082e+03   8.2900000e+05
   1.9922173e+03   8.2800000e+05
   1.9917275e+03   8.2700000e+05
   1.9912330e+03   8.2600000e+05
   1.9907313e+03   8.2500000e+05
   1.9902331e+03   8.2400000e+05
   1.9900000e+03   8.2353289e+05
   1.9897386e+03   8.2300000e+05
   1.9892523e+03   8.2200000e+05
   1.9887844e+03   8.2100000e+05
   1.9882688e+03   8.2000000e+05
   1.9877871e+03   8.1900000e+05
   1.9873014e+03   8.1800000e+05
   1.9868133e+03   8.1700000e+05
   1.9863235e+03   8.1600000e+05
   1.9858371e+03   8.1500000e+05
   1.9853398e+03   8.1400000e+05
   1.9848506e+03   8.1300000e+05
   1.9843591e+03   8.1200000e+05
   1.9838670e+03   8.1100000e+05
   1.9833729e+03   8.1000000e+05
   1.9828820e+03   8.0900000e+05
   1.9823694e+03   8.0800000e+05
   1.9818848e+03   8.0700000e+05
   1.9813991e+03   8.0600000e+05
   1.9808961e+03   8.0500000e+05
   1.9803916e+03   8.0400000e+05
   1.9800000e+03   8.0322830e+05
   1.9798856e+03   8.0300000e+05
   1.9793843e+03   8.0200000e+05
   1.9788909e+03   8.0100000e+05
   1.9784005e+03   8.0000000e+05
   1.9779100e+03   7.9900000e+05
   1.9774194e+03   7.9800000e+05
   1.9769284e+03   7.9700000e+05
   1.9764361e+03   7.9600000e+05
   1.9759296e+03   7.9500000e+05
   1.9754181e+03   7.9400000e+05
   1.9749203e+03   7.9300000e+05
   1.9744478e+03   7.9200000e+05
   1.9739495e+03   7.9100000e+05
   1.9734487e+03   7.9000000e+05
   1.9729458e+03   7.8900000e+05
   1.9724411e+03   7.8800000e+05
   1.9719337e+03   7.8700000e+05
   1.9714260e+03   7.8600000e+05
   1.9709540e+03   7.8500000e+05
   1.9704429e+03   7.8400000e+05
   1.9700000e+03   7.8313291e+05
   1.9699324e+03   7.8300000e+05
   1.9694282e+03   7.8200000e+05
   1.9689297e+03   7.8100000e+05
   1.9684303e+03   7.8000000e+05
   1.9679345e+03   7.7900000e+05
   1.9674347e+03   7.7800000e+05
   1.9669362e+03   7.7700000e+05
   1.9664328e+03   7.7600000e+05
   1.9659306e+03   7.7500000e+05
   1.9654302e+03   7.7400000e+05
   1.9649274e+03   7.7300000e+05
   1.9644272e+03   7.7200000e+05
   1.9639339e+03   7.7100000e+05
   1.9634274e+03   7.7000000e+05
   1.9629185e+03   7.6900000e+05
   1.9624096e+03   7.6800000e+05
   1.9619129e+03   7.6700000e+05
   1.9613910e+03   7.6600000e+05
   1.9608814e+03   7.6500000e+05
   1.9603830e+03   7.6400000e+05
   1.9600000e+03   7.6324290e+05
   1.9598768e+03   7.6300000e+05
   1.9593713e+03   7.6200000e+05
   1.9588672e+03   7.6100000e+05
   1.9583643e+03   7.6000000e+05
   1.9578594e+03   7.5900000e+05
   1.9573566e+03   7.5800000e+05
   1.9568472e+03   7.5700000e+05
   1.9563351e+03   7.5600000e+05
   1.9558331e+03   7.5500000e+05
   1.9553246e+03   7.5400000e+05
   1.9548134e+03   7.5300000e+05
   1.9543007e+03   7.5200000e+05
   1.9538003e+03   7.5100000e+05
   1.9532920e+03   7.5000000e+05
   1.9528178e+03   7.4900000e+05
   1.9523387e+03   7.4800000e+05
   1.9518633e+03   7.4700000e+05
   1.9513891e+03   7.4600000e+05
   1.9509156e+03   7.4500000e+05
   1.9504355e+03   7.4400000e+05
   1.9500000e+03   7.4314642e+05
   1.9499255e+03   7.4300000e+05
   1.9494145e+03   7.4200000e+05
   1.9489025e+03   7.4100000e+05
   1.9483931e+03   7.4000000e+05
   1.9478803e+03   7.3900000e+05
   1.9473657e+03   7.3800000e+05
   1.9468541e+03   7.3700000e+05
   1.9463447e+03   7.3600000e+05
   1.9458325e+03   7.3500000e+05
   1.9453217e+03   7.3400000e+05
   1.9448102e+03   7.3300000e+05
   1.9442998e+03   7.3200000e+05
   1.9437782e+03   7.3100000e+05
   1.9432493e+03   7.3000000e+05
   1.9427206e+03   7.2900000e+05
   1.9421916e+03   7.2800000e+05
   1.9416513e+03   7.2700000e+05
   1.9411213e+03   7.2600000e+05
   1.9406662e+03   7.2500000e+05
   1.9400855e+03   7.2400000e+05
   1.9400000e+03   7.2383282e+05
   1.9395750e+03   7.2300000e+05
   1.9390587e+03   7.2200000e+05
   1.9385541e+03   7.2100000e+05
   1.9380410e+03   7.2000000e+05
   1.9375272e+03   7.1900000e+05
   1.9370076e+03   7.1800000e+05
   1.9364895e+03   7.1700000e+05
   1.9359732e+03   7.1600000e+05
   1.9354527e+03   7.1500000e+05
   1.9349258e+03   7.1400000e+05
   1.9344068e+03   7.1300000e+05
   1.9338821e+03   7.1200000e+05
   1.9333486e+03   7.1100000e+05
   1.9328142e+03   7.1000000e+05
   1.9322646e+03   7.0900000e+05
   1.9317310e+03   7.0800000e+05
   1.9311957e+03   7.0700000e+05
   1.9307111e+03   7.0600000e+05
   1.9301264e+03   7.0500000e+05
   1.9300000e+03   7.0476401e+05
   1.9295943e+03   7.0400000e+05
   1.9290732e+03   7.0300000e+05
   1.9285524e+03   7.0200000e+05
   1.9280438e+03   7.0100000e+05
   1.9275091e+03   7.0000000e+05
   1.9269889e+03   6.9900000e+05
   1.9264590e+03   6.9800000e+05
   1.9259311e+03   6.9700000e+05
   1.9253800e+03   6.9600000e+05
   1.9248485e+03   6.9500000e+05
   1.9243060e+03   6.9400000e+05
   1.9238089e+03   6.9300000e+05
   1.9232412e+03   6.9200000e+05
   1.9227132e+03   6.9100000e+05
   1.9221840e+03   6.9000000e+05
   1.9216514e+03   6.8900000e+05
   1.9211241e+03   6.8800000e+05
   1.9205981e+03   6.8700000e+05
   1.9201113e+03   6.8600000e+05
   1.9200000e+03   6.8578994e+05
   1.9195826e+03   6.8500000e+05
   1.9190531e+03   6.8400000e+05
   1.9185130e+03   6.8300000e+05
   1.9179829e+03   6.8200000e+05
   1.9174513e+03   6.8100000e+05
   1.9169144e+03   6.8000000e+05
   1.9163922e+03   6.7900000e+05
   1.9158549e+03   6.7800000e+05
   1.9153144e+03   6.7700000e+05
   1.9147711e+03   6.7600000e+05
   1.9142251e+03   6.7500000e+05
   1.9136777e+03   6.7400000e+05
   1.9131254e+03   6.7300000e+05
   1.9125909e+03   6.7200000e+05
   1.9120574e+03   6.7100000e+05
   1.9115227e+03   6.7000000e+05
   1.9109780e+03   6.6900000e+05
   1.9104408e+03   6.6800000e+05
   1.9100000e+03   6.6717836e+05
   1.9099053e+03   6.6700000e+05
   1.9093599e+03   6.6600000e+05
   1.9088298e+03   6.6500000e+05
   1.9082979e+03   6.6400000e+05
   1.9077662e+03   6.6300000e+05
   1.9072330e+03   6.6200000e+05
   1.9067002e+03   6.6100000e+05
   1.9061671e+03   6.6000000e+05
   1.9056348e+03   6.5900000e+05
   1.9050825e+03   6.5800000e+05
   1.9045464e+03   6.5700000e+05
   1.9040090e+03   6.5600000e+05
   1.9034693e+03   6.5500000e+05
   1.9029309e+03   6.5400000e+05
   1.9023911e+03   6.5300000e+05
   1.9018179e+03   6.5200000e+05
   1.9012742e+03   6.5100000e+05
   1.9007308e+03   6.5000000e+05
   1.9001964e+03   6.4900000e+05
   1.9000000e+03   6.4865000e+05
   1.8996372e+03   6.4800000e+05
   1.8990867e+03   6.4700000e+05
   1.8985390e+03   6.4600000e+05
   1.8980497e+03   6.4500000e+05
   1.8975027e+03   6.4400000e+05
   1.8969597e+03   6.4300000e+05
   1.8964226e+03   6.4200000e+05
   1.8958688e+03   6.4100000e+05
   1.8953227e+03   6.4000000e+05
   1.8947982e+03   6.3900000e+05
   1.8942178e+03   6.3800000e+05
   1.8936699e+03   6.3700000e+05
   1.8931233e+03   6.3600000e+05
   1.8925703e+03   6.3500000e+05
   1.8920229e+03   6.3400000e+05
   1.8914743e+03   6.3300000e+05
   1.8909255e+03   6.3200000e+05
   1.8903755e+03   6.3100000e+05
   1.8900000e+03   6.3031742e+05
   1.8898259e+03   6.3000000e+05
   1.8892792e+03   6.2900000e+05
   1.8887191e+03   6.2800000e+05
   1.8881641e+03   6.2700000e+05
   1.8876101e+03   6.2600000e+05
   1.8870572e+03   6.2500000e+05
   1.8865063e+03   6.2400000e+05
   1.8859484e+03   6.2300000e+05
   1.8854009e+03   6.2200000e+05
   1.8848475e+03   6.2100000e+05
   1.8842925e+03   6.2000000e+05
   1.8837375e+03   6.1900000e+05
   1.8831815e+03   6.1800000e+05
   1.8826250e+03   6.1700000e+05
   1.8820684e+03   6.1600000e+05
   1.8815130e+03   6.1500000e+05
   1.8809549e+03   6.1400000e+05
   1.8803962e+03   6.1300000e+05
   1.8800000e+03   6.1229121e+05
   1.8798380e+03   6.1200000e+05
   1.8792824e+03   6.1100000e+05
   1.8787236e+03   6.1000000e+05
   1.8781696e+03   6.0900000e+05
   1.8776097e+03   6.0800000e+05
   1.8770473e+03   6.0700000e+05
   1.8764877e+03   6.0600000e+05
   1.8759288e+03   6.0500000e+05
   1.8753690e+03   6.0400000e+05
   1.8748070e+03   6.0300000e+05
   1.8742474e+03   6.0200000e+05
   1.8736788e+03   6.0100000e+05
   1.8731193e+03   6.0000000e+05
   1.8725595e+03   5.9900000e+05
   1.8720003e+03   5.9800000e+05
   1.8714366e+03   5.9700000e+05
   1.8708688e+03   5.9600000e+05
   1.8703004e+03   5.9500000e+05
   1.8700000e+03   5.9447185e+05
   1.8697327e+03   5.9400000e+05
   1.8691767e+03   5.9300000e+05
   1.8686077e+03   5.9200000e+05
   1.8680476e+03   5.9100000e+05
   1.8674765e+03   5.9000000e+05
   1.8669127e+03   5.8900000e+05
   1.8663555e+03   5.8800000e+05
   1.8657890e+03   5.8700000e+05
   1.8652190e+03   5.8600000e+05
   1.8646534e+03   5.8500000e+05
   1.8640863e+03   5.8400000e+05
   1.8635181e+03   5.8300000e+05
   1.8629381e+03   5.8200000e+05
   1.8623780e+03   5.8100000e+05
   1.8617970e+03   5.8000000e+05
   1.8612272e+03   5.7900000e+05
   1.8606551e+03   5.7800000e+05
   1.8600806e+03   5.7700000e+05
   1.8600000e+03   5.7686016e+05
   1.8595087e+03   5.7600000e+05
   1.8589376e+03   5.7500000e+05
   1.8583665e+03   5.7400000e+05
   1.8577939e+03   5.7300000e+05
   1.8572212e+03   5.7200000e+05
   1.8566466e+03   5.7100000e+05
   1.8560750e+03   5.7000000e+05
   1.8555059e+03   5.6900000e+05
   1.8549253e+03   5.6800000e+05
   1.8543548e+03   5.6700000e+05
   1.8537808e+03   5.6600000e+05
   1.8531994e+03   5.6500000e+05
   1.8526224e+03   5.6400000e+05
   1.8520459e+03   5.6300000e+05
   1.8514679e+03   5.6200000e+05
   1.8508900e+03   5.6100000e+05
   1.8503102e+03   5.6000000e+05
   1.8500000e+03   5.5946335e+05
   1.8497342e+03   5.5900000e+05
   1.8491635e+03   5.5800000e+05
   1.8485796e+03   5.5700000e+05
   1.8479931e+03   5.5600000e+05
   1.8474095e+03   5.5500000e+05
   1.8468223e+03   5.5400000e+05
   1.8462598e+03   5.5300000e+05
   1.8456609e+03   5.5200000e+05
   1.8450882e+03   5.5100000e+05
   1.8445073e+03   5.5000000e+05
   1.8439249e+03   5.4900000e+05
   1.8433408e+03   5.4800000e+05
   1.8427559e+03   5.4700000e+05
   1.8421724e+03   5.4600000e+05
   1.8415899e+03   5.4500000e+05
   1.8410135e+03   5.4400000e+05
   1.8404290e+03   5.4300000e+05
   1.8400000e+03   5.4226667e+05
   1.8398448e+03   5.4200000e+05
   1.8392609e+03   5.4100000e+05
   1.8386749e+03   5.4000000e+05
   1.8380875e+03   5.3900000e+05
   1.8375007e+03   5.3800000e+05
   1.8369329e+03   5.3700000e+05
   1.8363192e+03   5.3600000e+05
   1.8357356e+03   5.3500000e+05
   1.8351321e+03   5.3400000e+05
   1.8345568e+03   5.3300000e+05
   1.8339601e+03   5.3200000e+05
   1.8334185e+03   5.3100000e+05
   1.8327703e+03   5.3000000e+05
   1.8321795e+03   5.2900000e+05
   1.8315880e+03   5.2800000e+05
   1.8309957e+03   5.2700000e+05
   1.8303991e+03   5.2600000e+05
   1.8300000e+03   5.2533333e+05
   1.8298017e+03   5.2500000e+05
   1.8292768e+03   5.2400000e+05
   1.8286335e+03   5.2300000e+05
   1.8280365e+03   5.2200000e+05
   1.8274395e+03   5.2100000e+05
   1.8268466e+03   5.2000000e+05
   1.8262520e+03   5.1900000e+05
   1.8256921e+03   5.1800000e+05
   1.8250720e+03   5.1700000e+05
   1.8244743e+03   5.1600000e+05
   1.8238749e+03   5.1500000e+05
   1.8232764e+03   5.1400000e+05
   1.8226733e+03   5.1300000e+05
   1.8220695e+03   5.1200000e+05
   1.8214629e+03   5.1100000e+05
   1.8208595e+03   5.1000000e+05
   1.8202534e+03   5.0900000e+05
   1.8200000e+03   5.0857985e+05
   1.8196531e+03   5.0800000e+05
   1.8190575e+03   5.0700000e+05
   1.8184601e+03   5.0600000e+05
   1.8178608e+03   5.0500000e+05
   1.8172612e+03   5.0400000e+05
   1.8166578e+03   5.0300000e+05
   1.8160619e+03   5.0200000e+05
   1.8154540e+03   5.0100000e+05
   1.8148535e+03   5.0000000e+05
   1.8142495e+03   4.9900000e+05
   1.8136443e+03   4.9800000e+05
   1.8130385e+03   4.9700000e+05
   1.8124333e+03   4.9600000e+05
   1.8118243e+03   4.9500000e+05
   1.8112215e+03   4.9400000e+05
   1.8106118e+03   4.9300000e+05
   1.8100015e+03   4.9200000e+05
   1.8100000e+03   4.9199759e+05
   1.8093941e+03   4.9100000e+05
   1.8087869e+03   4.9000000e+05
   1.8081777e+03   4.8900000e+05
   1.8075599e+03   4.8800000e+05
   1.8069511e+03   4.8700000e+05
   1.8063373e+03   4.8600000e+05
   1.8057278e+03   4.8500000e+05
   1.8051146e+03   4.8400000e+05
   1.8045014e+03   4.8300000e+05
   1.8038903e+03   4.8200000e+05
   1.8032818e+03   4.8100000e+05
   1.8026718e+03   4.8000000e+05
   1.8020398e+03   4.7900000e+05
   1.8014279e+03   4.7800000e+05
   1.8008148e+03   4.7700000e+05
   1.8002004e+03   4.7600000e+05
   1.8000000e+03   4.7567381e+05
   1.7995887e+03   4.7500000e+05
   1.7989767e+03   4.7400000e+05
   1.7983648e+03   4.7300000e+05
   1.7977518e+03   4.7200000e+05
   1.7971389e+03   4.7100000e+05
   1.7965261e+03   4.7000000e+05
   1.7959060e+03   4.6900000e+05
   1.7952762e+03   4.6800000e+05
   1.7946647e+03   4.6700000e+05
   1.7940305e+03   4.6600000e+05
   1.7934134e+03   4.6500000e+05
   1.7927870e+03   4.6400000e+05
   1.7921630e+03   4.6300000e+05
   1.7915419e+03   4.6200000e+05
   1.7909148e+03   4.6100000e+05
   1.7902895e+03   4.6000000e+05
   1.7900000e+03   4.5954773e+05
   1.7896533e+03   4.5900000e+05
   1.7890378e+03   4.5800000e+05
   1.7884184e+03   4.5700000e+05
   1.7877883e+03   4.5600000e+05
   1.7871812e+03   4.5500000e+05
   1.7865569e+03   4.5400000e+05
   1.7859306e+03   4.5300000e+05
   1.7852965e+03   4.5200000e+05
   1.7846649e+03   4.5100000e+05
   1.7840327e+03   4.5000000e+05
   1.7834076e+03   4.4900000e+05
   1.7827794e+03   4.4800000e+05
   1.7821503e+03   4.4700000e+05
   1.7815194e+03   4.4600000e+05
   1.7808878e+03   4.4500000e+05
   1.7802534e+03   4.4400000e+05
   1.7800000e+03   4.4360227e+05
   1.7796209e+03   4.4300000e+05
   1.7789901e+03   4.4200000e+05
   1.7783596e+03   4.4100000e+05
   1.7777288e+03   4.4000000e+05
   1.7770967e+03   4.3900000e+05
   1.7764678e+03   4.3800000e+05
   1.7758299e+03   4.3700000e+05
   1.7751951e+03   4.3600000e+05
   1.7745599e+03   4.3500000e+05
   1.7739243e+03   4.3400000e+05
   1.7732857e+03   4.3300000e+05
   1.7726534e+03   4.3200000e+05
   1.7720129e+03   4.3100000e+05
   1.7713749e+03   4.3000000e+05
   1.7707443e+03   4.2900000e+05
   1.7701057e+03   4.2800000e+05
   1.7700000e+03   4.2783519e+05
   1.7694670e+03   4.2700000e+05
   1.7688270e+03   4.2600000e+05
   1.7681843e+03   4.2500000e+05
   1.7675409e+03   4.2400000e+05
   1.7669132e+03   4.2300000e+05
   1.7662658e+03   4.2200000e+05
   1.7656114e+03   4.2100000e+05
   1.7649651e+03   4.2000000e+05
   1.7643199e+03   4.1900000e+05
   1.7636772e+03   4.1800000e+05
   1.7630404e+03   4.1700000e+05
   1.7623943e+03   4.1600000e+05
   1.7617311e+03   4.1500000e+05
   1.7610870e+03   4.1400000e+05
   1.7604262e+03   4.1300000e+05
   1.7600000e+03   4.1232809e+05
   1.7597947e+03   4.1200000e+05
   1.7591492e+03   4.1100000e+05
   1.7585023e+03   4.1000000e+05
   1.7578568e+03   4.0900000e+05
   1.7572106e+03   4.0800000e+05
   1.7565621e+03   4.0700000e+05
   1.7559125e+03   4.0600000e+05
   1.7552625e+03   4.0500000e+05
   1.7546137e+03   4.0400000e+05
   1.7539659e+03   4.0300000e+05
   1.7533211e+03   4.0200000e+05
   1.7526692e+03   4.0100000e+05
   1.7520149e+03   4.0000000e+05
   1.7515364e+03   3.9900000e+05
   1.7508852e+03   3.9800000e+05
   1.7502421e+03   3.9700000e+05
   1.7500000e+03   3.9663067e+05
   1.7495880e+03   3.9600000e+05
   1.7489320e+03   3.9500000e+05
   1.7482753e+03   3.9400000e+05
   1.7476139e+03   3.9300000e+05
   1.7469351e+03   3.9200000e+05
   1.7462792e+03   3.9100000e+05
   1.7456243e+03   3.9000000e+05
   1.7449698e+03   3.8900000e+05
   1.7443138e+03   3.8800000e+05
   1.7436511e+03   3.8700000e+05
   1.7429852e+03   3.8600000e+05
   1.7423188e+03   3.8500000e+05
   1.7416557e+03   3.8400000e+05
   1.7409878e+03   3.8300000e+05
   1.7403161e+03   3.8200000e+05
   1.7400000e+03   3.8153125e+05
   1.7396434e+03   3.8100000e+05
   1.7389719e+03   3.8000000e+05
   1.7383051e+03   3.7900000e+05
   1.7376342e+03   3.7800000e+05
   1.7369690e+03   3.7700000e+05
   1.7362980e+03   3.7600000e+05
   1.7356308e+03   3.7500000e+05
   1.7349628e+03   3.7400000e+05
   1.7342931e+03   3.7300000e+05
   1.7335989e+03   3.7200000e+05
   1.7329463e+03   3.7100000e+05
   1.7322784e+03   3.7000000e+05
   1.7315988e+03   3.6900000e+05
   1.7309250e+03   3.6800000e+05
   1.7302490e+03   3.6700000e+05
   1.7300000e+03   3.6662917e+05
   1.7295825e+03   3.6600000e+05
   1.7289090e+03   3.6500000e+05
   1.7282393e+03   3.6400000e+05
   1.7275728e+03   3.6300000e+05
   1.7269003e+03   3.6200000e+05
   1.7262306e+03   3.6100000e+05
   1.7255591e+03   3.6000000e+05
   1.7248776e+03   3.5900000e+05
   1.7241966e+03   3.5800000e+05
   1.7235127e+03   3.5700000e+05
   1.7228336e+03   3.5600000e+05
   1.7221537e+03   3.5500000e+05
   1.7214582e+03   3.5400000e+05
   1.7207726e+03   3.5300000e+05
   1.7200748e+03   3.5200000e+05
   1.7200000e+03   3.5189243e+05
   1.7193828e+03   3.5100000e+05
   1.7187023e+03   3.5000000e+05
   1.7180240e+03   3.4900000e+05
   1.7173260e+03   3.4800000e+05
   1.7166336e+03   3.4700000e+05
   1.7159422e+03   3.4600000e+05
   1.7152441e+03   3.4500000e+05
   1.7145507e+03   3.4400000e+05
   1.7138656e+03   3.4300000e+05
   1.7131816e+03   3.4200000e+05
   1.7124976e+03   3.4100000e+05
   1.7118049e+03   3.4000000e+05
   1.7111146e+03   3.3900000e+05
   1.7104234e+03   3.3800000e+05
   1.7100000e+03   3.3738966e+05
   1.7097353e+03   3.3700000e+05
   1.7090640e+03   3.3600000e+05
   1.7083851e+03   3.3500000e+05
   1.7076980e+03   3.3400000e+05
   1.7070092e+03   3.3300000e+05
   1.7063268e+03   3.3200000e+05
   1.7056320e+03   3.3100000e+05
   1.7049369e+03   3.3000000e+05
   1.7042447e+03   3.2900000e+05
   1.7035572e+03   3.2800000e+05
   1.7028597e+03   3.2700000e+05
   1.7021364e+03   3.2600000e+05
   1.7014379e+03   3.2500000e+05
   1.7007410e+03   3.2400000e+05
   1.7000421e+03   3.2300000e+05
   1.7000000e+03   3.2294095e+05
   1.6993323e+03   3.2200000e+05
   1.6986244e+03   3.2100000e+05
   1.6979095e+03   3.2000000e+05
   1.6971919e+03   3.1900000e+05
   1.6964951e+03   3.1800000e+05
   1.6957988e+03   3.1700000e+05
   1.6950898e+03   3.1600000e+05
   1.6943781e+03   3.1500000e+05
   1.6936614e+03   3.1400000e+05
   1.6929503e+03   3.1300000e+05
   1.6922314e+03   3.1200000e+05
   1.6915224e+03   3.1100000e+05
   1.6908237e+03   3.1000000e+05
   1.6901213e+03   3.0900000e+05
   1.6900000e+03   3.0882759e+05
   1.6894245e+03   3.0800000e+05
   1.6887240e+03   3.0700000e+05
   1.6880285e+03   3.0600000e+05
   1.6873219e+03   3.0500000e+05
   1.6866055e+03   3.0400000e+05
   1.6858580e+03   3.0300000e+05
   1.6851478e+03   3.0200000e+05
   1.6844391e+03   3.0100000e+05
   1.6837959e+03   3.0000000e+05
   1.6831026e+03   2.9900000e+05
   1.6825085e+03   2.9800000e+05
   1.6818679e+03   2.9700000e+05
   1.6812538e+03   2.9600000e+05
   1.6806200e+03   2.9500000e+05
   1.6800000e+03   2.9402464e+05
   1.6799844e+03   2.9400000e+05
   1.6793240e+03   2.9300000e+05
   1.6787113e+03   2.9200000e+05
   1.6781021e+03   2.9100000e+05
   1.6774922e+03   2.9000000e+05
   1.6768390e+03   2.8900000e+05
   1.6761879e+03   2.8800000e+05
   1.6755409e+03   2.8700000e+05
   1.6749256e+03   2.8600000e+05
   1.6742876e+03   2.8500000e+05
   1.6736202e+03   2.8400000e+05
   1.6729568e+03   2.8300000e+05
   1.6723353e+03   2.8200000e+05
   1.6717084e+03   2.8100000e+05
   1.6710502e+03   2.8000000e+05
   1.6703558e+03   2.7900000e+05
   1.6700000e+03   2.7844057e+05
   1.6697215e+03   2.7800000e+05
   1.6626463e+03   2.7700000e+05
   1.6607489e+03   2.7600000e+05
   1.6600000e+03   2.7556947e+05
   1.6590273e+03   2.7500000e+05
   1.6572854e+03   2.7400000e+05
   1.6564770e+03   2.7300000e+05
   1.6557902e+03   2.7200000e+05
   1.6551111e+03   2.7100000e+05
   1.6544208e+03   2.7000000e+05
   1.6537266e+03   2.6900000e+05
   1.6530286e+03   2.6800000e+05
   1.6523383e+03   2.6700000e+05
   1.6516377e+03   2.6600000e+05
   1.6509330e+03   2.6500000e+05
   1.6502201e+03   2.6400000e+05
   1.6500000e+03   2.6369159e+05
   1.6495086e+03   2.6300000e+05
   1.6487692e+03   2.6200000e+05
   1.6480429e+03   2.6100000e+05
   1.6473072e+03   2.6000000e+05
   1.6465698e+03   2.5900000e+05
   1.6458216e+03   2.5800000e+05
   1.6450602e+03   2.5700000e+05
   1.6442891e+03   2.5600000e+05
   1.6435236e+03   2.5500000e+05
   1.6427383e+03   2.5400000e+05
   1.6419420e+03   2.5300000e+05
   1.6411359e+03   2.5200000e+05
   1.6403212e+03   2.5100000e+05
   1.6400000e+03   2.5061514e+05
   1.6394885e+03   2.5000000e+05
   1.6386381e+03   2.4900000e+05
   1.6377824e+03   2.4800000e+05
   1.6369294e+03   2.4700000e+05
   1.6360491e+03   2.4600000e+05
   1.6351482e+03   2.4500000e+05
   1.6342433e+03   2.4400000e+05
   1.6333078e+03   2.4300000e+05
   1.6323649e+03   2.4200000e+05
   1.6313894e+03   2.4100000e+05
   1.6304085e+03   2.4000000e+05
   1.6300000e+03   2.3959564e+05
   1.6294017e+03   2.3900000e+05
   1.6283224e+03   2.3800000e+05
   1.6272842e+03   2.3700000e+05
   1.6269985e+03   2.3600000e+05
   1.6300000e+03   2.3562351e+05
   1.6354950e+03   2.3500000e+05
   1.6368453e+03   2.3400000e+05
   1.6400000e+03   2.3315919e+05
   1.6410504e+03   2.3300000e+05
   1.6400841e+03   2.3200000e+05
   1.6400000e+03   2.3191634e+05
   1.6390832e+03   2.3100000e+05
   1.6380712e+03   2.3000000e+05
   1.6370380e+03   2.2900000e+05
   1.6359841e+03   2.2800000e+05
   1.6349350e+03   2.2700000e+05
   1.6338405e+03   2.2600000e+05
   1.6327353e+03   2.2500000e+05
   1.6315878e+03   2.2400000e+05
   1.6304313e+03   2.2300000e+05
   1.6300000e+03   2.2263598e+05
   1.6292499e+03   2.2200000e+05
   1.6286717e+03   2.2100000e+05
   1.6267553e+03   2.2000000e+05
   1.6258844e+03   2.1900000e+05
   1.6244697e+03   2.1800000e+05
   1.6233411e+03   2.1700000e+05
   1.6221468e+03   2.1600000e+05
   1.6209133e+03   2.1500000e+05
   1.6200000e+03   2.1425568e+05
   1.6196878e+03   2.1400000e+05
   1.6183952e+03   2.1300000e+05
   1.6170353e+03   2.1200000e+05
   1.6157490e+03   2.1100000e+05
   1.6143492e+03   2.1000000e+05
   1.6128796e+03   2.0900000e+05
   1.6114085e+03   2.0800000e+05
   1.6100000e+03   2.0700489e+05
   1.6099931e+03   2.0700000e+05
   1.6084485e+03   2.0600000e+05
   1.6068534e+03   2.0500000e+05
   1.6052448e+03   2.0400000e+05
   1.6034380e+03   2.0300000e+05
   1.6016091e+03   2.0200000e+05
   1.6000000e+03   2.0114378e+05
   1.5997342e+03   2.0100000e+05
   1.5978734e+03   2.0000000e+05
   1.5957963e+03   1.9900000e+05
   1.5939834e+03   1.9800000e+05
   1.5915489e+03   1.9700000e+05
   1.5900000e+03   1.9633186e+05
   1.5892331e+03   1.9600000e+05
   1.5867495e+03   1.9500000e+05
   1.5843435e+03   1.9400000e+05
   1.5816007e+03   1.9300000e+05
   1.5800000e+03   1.9227425e+05
   1.5793450e+03   1.9200000e+05
   1.5773222e+03   1.9100000e+05
   1.5752731e+03   1.9000000e+05
   1.5731956e+03   1.8900000e+05
   1.5710902e+03   1.8800000e+05
   1.5700000e+03   1.8761435e+05
   1.5683551e+03   1.8700000e+05
   1.5668853e+03   1.8600000e+05
   1.5656155e+03   1.8500000e+05
   1.5646179e+03   1.8400000e+05
   1.5639794e+03   1.8300000e+05
   1.5633468e+03   1.8200000e+05
   1.5626936e+03   1.8100000e+05
   1.5620480e+03   1.8000000e+05
   1.5614043e+03   1.7900000e+05
   1.5607546e+03   1.7800000e+05
   1.5601044e+03   1.7700000e+05
   1.5600000e+03   1.7683936e+05
   1.5594578e+03   1.7600000e+05
   1.5588079e+03   1.7500000e+05
   1.5581556e+03   1.7400000e+05
   1.5565791e+03   1.7300000e+05
   1.5525561e+03   1.7200000e+05
   1.5500000e+03   1.7138233e+05
   1.5484468e+03   1.7100000e+05
   1.5447787e+03   1.7000000e+05
   1.5411564e+03   1.6900000e+05
   1.5400000e+03   1.6872125e+05
   1.5371804e+03   1.6800000e+05
   1.5338674e+03   1.6700000e+05
   1.5311307e+03   1.6600000e+05
   1.5300000e+03   1.6558100e+05
   1.5283920e+03   1.6500000e+05
   1.5274744e+03   1.6400000e+05
   1.5267585e+03   1.6300000e+05
   1.5260400e+03   1.6200000e+05
   1.5253771e+03   1.6100000e+05
   1.5248003e+03   1.6000000e+05
   1.5242923e+03   1.5900000e+05
   1.5236435e+03   1.5800000e+05
   1.5230512e+03   1.5700000e+05
   1.5224553e+03   1.5600000e+05
   1.5219627e+03   1.5500000e+05
   1.5212645e+03   1.5400000e+05
   1.5206422e+03   1.5300000e+05
   1.5200440e+03   1.5200000e+05
   1.5200000e+03   1.5190933e+05
   1.5195555e+03   1.5100000e+05
   1.5188199e+03   1.5000000e+05
   1.5181983e+03   1.4900000e+05
   1.5175859e+03   1.4800000e+05
   1.5170735e+03   1.4700000e+05
   1.5163539e+03   1.4600000e+05
   1.5156940e+03   1.4500000e+05
   1.5150200e+03   1.4400000e+05
   1.5143496e+03   1.4300000e+05
   1.5141241e+03   1.4200000e+05
   1.5141017e+03   1.4100000e+05
   1.5140477e+03   1.4000000e+05
   1.5142105e+03   1.3900000e+05
   1.5137503e+03   1.3800000e+05
   1.5135429e+03   1.3700000e+05
   1.5133045e+03   1.3600000e+05
   1.5130048e+03   1.3500000e+05
   1.5126091e+03   1.3400000e+05
   1.5122300e+03   1.3300000e+05
   1.5117975e+03   1.3200000e+05
   1.5113644e+03   1.3100000e+05
   1.5100000e+03   1.3082352e+05
   1.5052640e+03   1.3000000e+05
   1.5000000e+03   1.2954579e+05
   1.4941727e+03   1.2900000e+05
   1.4900000e+03   1.2846136e+05
   1.4862878e+03   1.2800000e+05
   1.4805091e+03   1.2700000e+05
   1.4800000e+03   1.2602315e+05
   1.4799879e+03   1.2600000e+05
   1.4795229e+03   1.2500000e+05
   1.4789252e+03   1.2400000e+05
   1.4783061e+03   1.2300000e+05
   1.4777208e+03   1.2200000e+05
   1.4771194e+03   1.2100000e+05
   1.4765141e+03   1.2000000e+05
   1.4758800e+03   1.1900000e+05
   1.4752254e+03   1.1800000e+05
   1.4745451e+03   1.1700000e+05
   1.4738727e+03   1.1600000e+05
   1.4731972e+03   1.1500000e+05
   1.4725176e+03   1.1400000e+05
   1.4718024e+03   1.1300000e+05
   1.4710866e+03   1.1200000e+05
   1.4703903e+03   1.1100000e+05
   1.4700000e+03   1.1041198e+05
   1.4697266e+03   1.1000000e+05
   1.4689280e+03   1.0900000e+05
   1.4681534e+03   1.0800000e+05
   1.4673889e+03   1.0700000e+05
   1.4666263e+03   1.0600000e+05
   1.4658546e+03   1.0500000e+05
   1.4650797e+03   1.0400000e+05
   1.4642927e+03   1.0300000e+05
   1.4634838e+03   1.0200000e+05
   1.4626991e+03   1.0100000e+05
   1.4619123e+03   1.0000000e+05
   1.4611216e+03   9.9000000e+04
   1.4602985e+03   9.8000000e+04
   1.4600000e+03   9.7642959e+04
   1.4594618e+03   9.7000000e+04
   1.4586112e+03   9.6000000e+04
   1.4577458e+03   9.5000000e+04
   1.4568952e+03   9.4000000e+04
   1.4560465e+03   9.3000000e+04
   1.4551847e+03   9.2000000e+04
   1.4543141e+03   9.1000000e+04
   1.4534346e+03   9.0000000e+04
   1.4525664e+03   8.9000000e+04
   1.4516801e+03   8.8000000e+04
   1.4507954e+03   8.7000000e+04
   1.4500000e+03   8.6119423e+04
   1.4498925e+03   8.6000000e+04
   1.4460360e+03   8.5000000e+04
   1.4452362e+03   8.4000000e+04
   1.4443632e+03   8.3000000e+04
   1.4435065e+03   8.2000000e+04
   1.4426454e+03   8.1000000e+04
   1.4417825e+03   8.0000000e+04
   1.4409152e+03   7.9000000e+04
   1.4400272e+03   7.8000000e+04
   1.4400000e+03   7.7968961e+04
   1.4391559e+03   7.7000000e+04
   1.4382824e+03   7.6000000e+04
   1.4374094e+03   7.5000000e+04
   1.4365119e+03   7.4000000e+04
   1.4356169e+03   7.3000000e+04
   1.4347139e+03   7.2000000e+04
   1.4338034e+03   7.1000000e+04
   1.4328937e+03   7.0000000e+04
   1.4319730e+03   6.9000000e+04
   1.4310438e+03   6.8000000e+04
   1.4301150e+03   6.7000000e+04
   1.4300000e+03   6.6878261e+04
   1.4291763e+03   6.6000000e+04
   1.4282332e+03   6.5000000e+04
   1.4272898e+03   6.4000000e+04
   1.4263463e+03   6.3000000e+04
   1.4253965e+03   6.2000000e+04
   1.4244337e+03   6.1000000e+04
   1.4234647e+03   6.0000000e+04
   1.4224849e+03   5.9000000e+04
   1.4215066e+03   5.8000000e+04
   1.4205102e+03   5.7000000e+04
   1.4200000e+03   5.6489535e+04
   1.4195143e+03   5.6000000e+04
   1.4185263e+03   5.5000000e+04
   1.4175216e+03   5.4000000e+04
   1.4165142e+03   5.3000000e+04
   1.4154979e+03   5.2000000e+04
   1.4144704e+03   5.1000000e+04
   1.4134393e+03   5.0000000e+04
   1.4123939e+03   4.9000000e+04
   1.4113431e+03   4.8000000e+04
   1.4102772e+03   4.7000000e+04
   1.4100000e+03   4.6733112e+04
   1.4092481e+03   4.6000000e+04
   1.4081708e+03   4.5000000e+04
   1.4070894e+03   4.4000000e+04
   1.4060084e+03   4.3000000e+04
   1.4048958e+03   4.2000000e+04
   1.4037859e+03   4.1000000e+04
   1.4026687e+03   4.0000000e+04
   1.4015386e+03   3.9000000e+04
   1.4003991e+03   3.8000000e+04
   1.4000000e+03   3.7655512e+04
   1.3992473e+03   3.7000000e+04
   1.3980870e+03   3.6000000e+04
   1.3969177e+03   3.5000000e+04
   1.3957333e+03   3.4000000e+04
   1.3945423e+03   3.3000000e+04
   1.3933247e+03   3.2000000e+04
   1.3920835e+03   3.1000000e+04
   1.3908331e+03   3.0000000e+04
   1.3900000e+03   2.9353403e+04
   1.3895496e+03   2.9000000e+04
   1.3882670e+03   2.8000000e+04
   1.3869970e+03   2.7000000e+04
   1.3856468e+03   2.6000000e+04
   1.3843134e+03   2.5000000e+04
   1.3828172e+03   2.4000000e+04
   1.3814202e+03   2.3000000e+04
   1.3800000e+03   2.2038981e+04
   1.3799429e+03   2.2000000e+04
   1.3784152e+03   2.1000000e+04
   1.3768346e+03   2.0000000e+04
   1.3751632e+03   1.9000000e+04
   1.3734450e+03   1.8000000e+04
   1.3716367e+03   1.7000000e+04
   1.3700000e+03   1.6143019e+04
   1.3697297e+03   1.6000000e+04
   1.3636079e+03   1.5000000e+04
   1.3619948e+03   1.4000000e+04
   1.3607057e+03   1.3000000e+04
   1.3600000e+03   1.2456376e+04
   1.3594118e+03   1.2000000e+04
   1.3581145e+03   1.1000000e+04
   1.3568056e+03   1.0000000e+04
   1.3554793e+03   9.0000000e+03
   1.3542801e+03   8.0000000e+03
   1.3560607e+03   7.0000000e+03
   1.3555901e+03   6.0000000e+03
   1.3549504e+03   5.0000000e+03
   1.3541537e+03   4.0000000e+03
   1.3532174e+03   3.0000000e+03
   1.3522143e+03   2.0000000e+03
   1.3511372e+03   1.0000000e+03
   1.3500000e+03   0.0000000e+00
   1.3500000e+03   0.0000000e+00
