   1.8452454e+03   1.3500000e+06
   1.8449230e+03   1.3490000e+06
   1.8445843e+03   1.3480000e+06
   1.8442616e+03   1.3470000e+06
   1.8439394e+03   1.3460000e+06
   1.8436188e+03   1.3450000e+06
   1.8432993e+03   1.3440000e+06
   1.8429828e+03   1.3430000e+06
   1.8426686e+03   1.3420000e+06
   1.8423658e+03   1.3410000e+06
   1.8420511e+03   1.3400000e+06
   1.8417358e+03   1.3390000e+06
   1.8414198e+03   1.3380000e+06
   1.8411025e+03   1.3370000e+06
   1.8407730e+03   1.3360000e+06
   1.8404411e+03   1.3350000e+06
   1.8401082e+03   1.3340000e+06
   1.8400000e+03   1.3336784e+06
   1.8397752e+03   1.3330000e+06
   1.8395138e+03   1.3320000e+06
   1.8391812e+03   1.3310000e+06
   1.8388776e+03   1.3300000e+06
   1.8385137e+03   1.3290000e+06
   1.8383003e+03   1.3280000e+06
   1.8379321e+03   1.3270000e+06
   1.8376308e+03   1.3260000e+06
   1.8373278e+03   1.3250000e+06
   1.8370113e+03   1.3240000e+06
   1.8366823e+03   1.3230000e+06
   1.8363786e+03   1.3220000e+06
   1.8362146e+03   1.3210000e+06
   1.8356895e+03   1.3200000e+06
   1.8353630e+03   1.3190000e+06
   1.8350373e+03   1.3180000e+06
   1.8347091e+03   1.3170000e+06
   1.8343864e+03   1.3160000e+06
   1.8343394e+03   1.3150000e+06
   1.8337112e+03   1.3140000e+06
   1.8333826e+03   1.3130000e+06
   1.8330551e+03   1.3120000e+06
   1.8327378e+03   1.3110000e+06
   1.8324188e+03   1.3100000e+06
   1.8321046e+03   1.3090000e+06
   1.8318398e+03   1.3080000e+06
   1.8315244e+03   1.3070000e+06
   1.8312090e+03   1.3060000e+06
   1.8308868e+03   1.3050000e+06
   1.8305575e+03   1.3040000e+06
   1.8302261e+03   1.3030000e+06
   1.8303360e+03   1.3020000e+06
   1.8300000e+03   1.3015350e+06
   1.8295978e+03   1.3010000e+06
   1.8292694e+03   1.3000000e+06
   1.8289496e+03   1.2990000e+06
   1.8286061e+03   1.2980000e+06
   1.8282743e+03   1.2970000e+06
   1.8282979e+03   1.2960000e+06
   1.8276283e+03   1.2950000e+06
   1.8272955e+03   1.2940000e+06
   1.8269631e+03   1.2930000e+06
   1.8266466e+03   1.2920000e+06
   1.8263440e+03   1.2910000e+06
   1.8260411e+03   1.2900000e+06
   1.8256725e+03   1.2890000e+06
   1.8253731e+03   1.2880000e+06
   1.8250760e+03   1.2870000e+06
   1.8247675e+03   1.2860000e+06
   1.8244335e+03   1.2850000e+06
   1.8241017e+03   1.2840000e+06
   1.8239710e+03   1.2830000e+06
   1.8234582e+03   1.2820000e+06
   1.8231259e+03   1.2810000e+06
   1.8227907e+03   1.2800000e+06
   1.8224610e+03   1.2790000e+06
   1.8221359e+03   1.2780000e+06
   1.8219058e+03   1.2770000e+06
   1.8214815e+03   1.2760000e+06
   1.8211573e+03   1.2750000e+06
   1.8208356e+03   1.2740000e+06
   1.8205013e+03   1.2730000e+06
   1.8201598e+03   1.2720000e+06
   1.8200000e+03   1.2715378e+06
   1.8198139e+03   1.2710000e+06
   1.8194684e+03   1.2700000e+06
   1.8191220e+03   1.2690000e+06
   1.8187701e+03   1.2680000e+06
   1.8184352e+03   1.2670000e+06
   1.8181153e+03   1.2660000e+06
   1.8177955e+03   1.2650000e+06
   1.8174754e+03   1.2640000e+06
   1.8171553e+03   1.2630000e+06
   1.8168352e+03   1.2620000e+06
   1.8165151e+03   1.2610000e+06
   1.8161776e+03   1.2600000e+06
   1.8158514e+03   1.2590000e+06
   1.8155188e+03   1.2580000e+06
   1.8151855e+03   1.2570000e+06
   1.8148499e+03   1.2560000e+06
   1.8145200e+03   1.2550000e+06
   1.8141791e+03   1.2540000e+06
   1.8138410e+03   1.2530000e+06
   1.8135071e+03   1.2520000e+06
   1.8131740e+03   1.2510000e+06
   1.8128429e+03   1.2500000e+06
   1.8125178e+03   1.2490000e+06
   1.8121747e+03   1.2480000e+06
   1.8118514e+03   1.2470000e+06
   1.8115271e+03   1.2460000e+06
   1.8112040e+03   1.2450000e+06
   1.8108795e+03   1.2440000e+06
   1.8105550e+03   1.2430000e+06
   1.8102218e+03   1.2420000e+06
   1.8100000e+03   1.2413186e+06
   1.8098954e+03   1.2410000e+06
   1.8095485e+03   1.2400000e+06
   1.8092122e+03   1.2390000e+06
   1.8088694e+03   1.2380000e+06
   1.8085370e+03   1.2370000e+06
   1.8081980e+03   1.2360000e+06
   1.8078578e+03   1.2350000e+06
   1.8075242e+03   1.2340000e+06
   1.8071841e+03   1.2330000e+06
   1.8068418e+03   1.2320000e+06
   1.8065032e+03   1.2310000e+06
   1.8061629e+03   1.2300000e+06
   1.8058212e+03   1.2290000e+06
   1.8054873e+03   1.2280000e+06
   1.8051542e+03   1.2270000e+06
   1.8048220e+03   1.2260000e+06
   1.8044945e+03   1.2250000e+06
   1.8041619e+03   1.2240000e+06
   1.8038301e+03   1.2230000e+06
   1.8034946e+03   1.2220000e+06
   1.8031572e+03   1.2210000e+06
   1.8028017e+03   1.2200000e+06
   1.8024548e+03   1.2190000e+06
   1.8021153e+03   1.2180000e+06
   1.8017758e+03   1.2170000e+06
   1.8014105e+03   1.2160000e+06
   1.8011005e+03   1.2150000e+06
   1.8007359e+03   1.2140000e+06
   1.8003844e+03   1.2130000e+06
   1.8000377e+03   1.2120000e+06
   1.8000000e+03   1.2118879e+06
   1.7997035e+03   1.2110000e+06
   1.7993578e+03   1.2100000e+06
   1.7990206e+03   1.2090000e+06
   1.7986721e+03   1.2080000e+06
   1.7983826e+03   1.2070000e+06
   1.7980544e+03   1.2060000e+06
   1.7977173e+03   1.2050000e+06
   1.7973702e+03   1.2040000e+06
   1.7970214e+03   1.2030000e+06
   1.7966705e+03   1.2020000e+06
   1.7963122e+03   1.2010000e+06
   1.7959632e+03   1.2000000e+06
   1.7956038e+03   1.1990000e+06
   1.7952496e+03   1.1980000e+06
   1.7948971e+03   1.1970000e+06
   1.7945548e+03   1.1960000e+06
   1.7942105e+03   1.1950000e+06
   1.7938559e+03   1.1940000e+06
   1.7935094e+03   1.1930000e+06
   1.7931647e+03   1.1920000e+06
   1.7928176e+03   1.1910000e+06
   1.7924711e+03   1.1900000e+06
   1.7921256e+03   1.1890000e+06
   1.7917611e+03   1.1880000e+06
   1.7913971e+03   1.1870000e+06
   1.7909883e+03   1.1860000e+06
   1.7906446e+03   1.1850000e+06
   1.7902982e+03   1.1840000e+06
   1.7900000e+03   1.1831619e+06
   1.7899431e+03   1.1830000e+06
   1.7896028e+03   1.1820000e+06
   1.7892736e+03   1.1810000e+06
   1.7889428e+03   1.1800000e+06
   1.7886339e+03   1.1790000e+06
   1.7882802e+03   1.1780000e+06
   1.7879206e+03   1.1770000e+06
   1.7875615e+03   1.1760000e+06
   1.7872010e+03   1.1750000e+06
   1.7868420e+03   1.1740000e+06
   1.7864808e+03   1.1730000e+06
   1.7861216e+03   1.1720000e+06
   1.7857738e+03   1.1710000e+06
   1.7854382e+03   1.1700000e+06
   1.7850743e+03   1.1690000e+06
   1.7847306e+03   1.1680000e+06
   1.7844061e+03   1.1670000e+06
   1.7840549e+03   1.1660000e+06
   1.7836783e+03   1.1650000e+06
   1.7833627e+03   1.1640000e+06
   1.7830067e+03   1.1630000e+06
   1.7826543e+03   1.1620000e+06
   1.7823007e+03   1.1610000e+06
   1.7819511e+03   1.1600000e+06
   1.7815973e+03   1.1590000e+06
   1.7812268e+03   1.1580000e+06
   1.7808648e+03   1.1570000e+06
   1.7805029e+03   1.1560000e+06
   1.7801408e+03   1.1550000e+06
   1.7800000e+03   1.1546111e+06
   1.7797799e+03   1.1540000e+06
   1.7794195e+03   1.1530000e+06
   1.7790610e+03   1.1520000e+06
   1.7787029e+03   1.1510000e+06
   1.7783414e+03   1.1500000e+06
   1.7779854e+03   1.1490000e+06
   1.7776296e+03   1.1480000e+06
   1.7772749e+03   1.1470000e+06
   1.7769248e+03   1.1460000e+06
   1.7765803e+03   1.1450000e+06
   1.7762539e+03   1.1440000e+06
   1.7759129e+03   1.1430000e+06
   1.7755690e+03   1.1420000e+06
   1.7752244e+03   1.1410000e+06
   1.7748775e+03   1.1400000e+06
   1.7745228e+03   1.1390000e+06
   1.7741638e+03   1.1380000e+06
   1.7738060e+03   1.1370000e+06
   1.7734482e+03   1.1360000e+06
   1.7730801e+03   1.1350000e+06
   1.7727226e+03   1.1340000e+06
   1.7723377e+03   1.1330000e+06
   1.7720014e+03   1.1320000e+06
   1.7716395e+03   1.1310000e+06
   1.7712403e+03   1.1300000e+06
   1.7708570e+03   1.1290000e+06
   1.7705438e+03   1.1280000e+06
   1.7701464e+03   1.1270000e+06
   1.7700000e+03   1.1265732e+06
   1.7698077e+03   1.1260000e+06
   1.7694272e+03   1.1250000e+06
   1.7690310e+03   1.1240000e+06
   1.7686452e+03   1.1230000e+06
   1.7682462e+03   1.1220000e+06
   1.7678547e+03   1.1210000e+06
   1.7638882e+03   1.1200000e+06
   1.7613746e+03   1.1190000e+06
   1.7600000e+03   1.1185816e+06
   1.7582687e+03   1.1180000e+06
   1.7552090e+03   1.1170000e+06
   1.7517772e+03   1.1160000e+06
   1.7500000e+03   1.1155902e+06
   1.7480656e+03   1.1150000e+06
   1.7464586e+03   1.1140000e+06
   1.7454450e+03   1.1130000e+06
   1.7400000e+03   1.1121418e+06
   1.7388626e+03   1.1120000e+06
   1.7373336e+03   1.1110000e+06
   1.7343403e+03   1.1100000e+06
   1.7306469e+03   1.1090000e+06
   1.7300000e+03   1.1088019e+06
   1.7267688e+03   1.1080000e+06
   1.7259661e+03   1.1070000e+06
   1.7256047e+03   1.1060000e+06
   1.7252306e+03   1.1050000e+06
   1.7248701e+03   1.1040000e+06
   1.7245299e+03   1.1030000e+06
   1.7241852e+03   1.1020000e+06
   1.7239183e+03   1.1010000e+06
   1.7235273e+03   1.1000000e+06
   1.7231850e+03   1.0990000e+06
   1.7228336e+03   1.0980000e+06
   1.7224781e+03   1.0970000e+06
   1.7221327e+03   1.0960000e+06
   1.7217564e+03   1.0950000e+06
   1.7214391e+03   1.0940000e+06
   1.7210891e+03   1.0930000e+06
   1.7207332e+03   1.0920000e+06
   1.7203786e+03   1.0910000e+06
   1.7200071e+03   1.0900000e+06
   1.7200000e+03   1.0899795e+06
   1.7196642e+03   1.0890000e+06
   1.7193131e+03   1.0880000e+06
   1.7189577e+03   1.0870000e+06
   1.7186047e+03   1.0860000e+06
   1.7182516e+03   1.0850000e+06
   1.7178971e+03   1.0840000e+06
   1.7175443e+03   1.0830000e+06
   1.7171893e+03   1.0820000e+06
   1.7168383e+03   1.0810000e+06
   1.7164880e+03   1.0800000e+06
   1.7161378e+03   1.0790000e+06
   1.7157870e+03   1.0780000e+06
   1.7154360e+03   1.0770000e+06
   1.7150913e+03   1.0760000e+06
   1.7147405e+03   1.0750000e+06
   1.7143966e+03   1.0740000e+06
   1.7140523e+03   1.0730000e+06
   1.7137073e+03   1.0720000e+06
   1.7133624e+03   1.0710000e+06
   1.7130181e+03   1.0700000e+06
   1.7126683e+03   1.0690000e+06
   1.7123110e+03   1.0680000e+06
   1.7119528e+03   1.0670000e+06
   1.7115945e+03   1.0660000e+06
   1.7112363e+03   1.0650000e+06
   1.7108781e+03   1.0640000e+06
   1.7105185e+03   1.0630000e+06
   1.7101742e+03   1.0620000e+06
   1.7100000e+03   1.0615000e+06
   1.7098262e+03   1.0610000e+06
   1.7094791e+03   1.0600000e+06
   1.7091296e+03   1.0590000e+06
   1.7087809e+03   1.0580000e+06
   1.7084409e+03   1.0570000e+06
   1.7080671e+03   1.0560000e+06
   1.7076991e+03   1.0550000e+06
   1.7073316e+03   1.0540000e+06
   1.7069638e+03   1.0530000e+06
   1.7065901e+03   1.0520000e+06
   1.7062225e+03   1.0510000e+06
   1.7059456e+03   1.0500000e+06
   1.7055173e+03   1.0490000e+06
   1.7051734e+03   1.0480000e+06
   1.7048280e+03   1.0470000e+06
   1.7044833e+03   1.0460000e+06
   1.7041371e+03   1.0450000e+06
   1.7037980e+03   1.0440000e+06
   1.7034345e+03   1.0430000e+06
   1.7030768e+03   1.0420000e+06
   1.7027194e+03   1.0410000e+06
   1.7023604e+03   1.0400000e+06
   1.7020067e+03   1.0390000e+06
   1.7016475e+03   1.0380000e+06
   1.7012859e+03   1.0370000e+06
   1.7009241e+03   1.0360000e+06
   1.7005854e+03   1.0350000e+06
   1.7002215e+03   1.0340000e+06
   1.7000000e+03   1.0333946e+06
   1.6998564e+03   1.0330000e+06
   1.6994939e+03   1.0320000e+06
   1.6991299e+03   1.0310000e+06
   1.6987660e+03   1.0300000e+06
   1.6983834e+03   1.0290000e+06
   1.6980203e+03   1.0280000e+06
   1.6976572e+03   1.0270000e+06
   1.6972927e+03   1.0260000e+06
   1.6969282e+03   1.0250000e+06
   1.6965688e+03   1.0240000e+06
   1.6962084e+03   1.0230000e+06
   1.6958373e+03   1.0220000e+06
   1.6954806e+03   1.0210000e+06
   1.6951278e+03   1.0200000e+06
   1.6947671e+03   1.0190000e+06
   1.6944061e+03   1.0180000e+06
   1.6940462e+03   1.0170000e+06
   1.6936927e+03   1.0160000e+06
   1.6933301e+03   1.0150000e+06
   1.6929640e+03   1.0140000e+06
   1.6926024e+03   1.0130000e+06
   1.6922420e+03   1.0120000e+06
   1.6918903e+03   1.0110000e+06
   1.6915387e+03   1.0100000e+06
   1.6911818e+03   1.0090000e+06
   1.6908161e+03   1.0080000e+06
   1.6904655e+03   1.0070000e+06
   1.6901139e+03   1.0060000e+06
   1.6900000e+03   1.0056870e+06
   1.6897515e+03   1.0050000e+06
   1.6893855e+03   1.0040000e+06
   1.6890182e+03   1.0030000e+06
   1.6886521e+03   1.0020000e+06
   1.6882871e+03   1.0010000e+06
   1.6879196e+03   1.0000000e+06
   1.6875511e+03   9.9900000e+05
   1.6871823e+03   9.9800000e+05
   1.6868135e+03   9.9700000e+05
   1.6864456e+03   9.9600000e+05
   1.6860760e+03   9.9500000e+05
   1.6857072e+03   9.9400000e+05
   1.6853957e+03   9.9300000e+05
   1.6849848e+03   9.9200000e+05
   1.6846332e+03   9.9100000e+05
   1.6842818e+03   9.9000000e+05
   1.6839296e+03   9.8900000e+05
   1.6835769e+03   9.8800000e+05
   1.6832247e+03   9.8700000e+05
   1.6828611e+03   9.8600000e+05
   1.6824886e+03   9.8500000e+05
   1.6821171e+03   9.8400000e+05
   1.6817449e+03   9.8300000e+05
   1.6813722e+03   9.8200000e+05
   1.6809994e+03   9.8100000e+05
   1.6806315e+03   9.8000000e+05
   1.6802567e+03   9.7900000e+05
   1.6800000e+03   9.7831111e+05
   1.6798847e+03   9.7800000e+05
   1.6795141e+03   9.7700000e+05
   1.6791437e+03   9.7600000e+05
   1.6787735e+03   9.7500000e+05
   1.6784024e+03   9.7400000e+05
   1.6780326e+03   9.7300000e+05
   1.6776594e+03   9.7200000e+05
   1.6772876e+03   9.7100000e+05
   1.6769160e+03   9.7000000e+05
   1.6765439e+03   9.6900000e+05
   1.6761722e+03   9.6800000e+05
   1.6758052e+03   9.6700000e+05
   1.6754507e+03   9.6600000e+05
   1.6750924e+03   9.6500000e+05
   1.6747329e+03   9.6400000e+05
   1.6743730e+03   9.6300000e+05
   1.6740126e+03   9.6200000e+05
   1.6736507e+03   9.6100000e+05
   1.6732752e+03   9.6000000e+05
   1.6729003e+03   9.5900000e+05
   1.6725237e+03   9.5800000e+05
   1.6721477e+03   9.5700000e+05
   1.6717705e+03   9.5600000e+05
   1.6713935e+03   9.5500000e+05
   1.6710187e+03   9.5400000e+05
   1.6706574e+03   9.5300000e+05
   1.6702830e+03   9.5200000e+05
   1.6700000e+03   9.5124542e+05
   1.6699086e+03   9.5100000e+05
   1.6695360e+03   9.5000000e+05
   1.6691620e+03   9.4900000e+05
   1.6687939e+03   9.4800000e+05
   1.6684153e+03   9.4700000e+05
   1.6680518e+03   9.4600000e+05
   1.6676886e+03   9.4500000e+05
   1.6673250e+03   9.4400000e+05
   1.6669613e+03   9.4300000e+05
   1.6665968e+03   9.4200000e+05
   1.6662209e+03   9.4100000e+05
   1.6658450e+03   9.4000000e+05
   1.6654617e+03   9.3900000e+05
   1.6650839e+03   9.3800000e+05
   1.6647060e+03   9.3700000e+05
   1.6643300e+03   9.3600000e+05
   1.6639506e+03   9.3500000e+05
   1.6635707e+03   9.3400000e+05
   1.6631901e+03   9.3300000e+05
   1.6628202e+03   9.3200000e+05
   1.6624401e+03   9.3100000e+05
   1.6620589e+03   9.3000000e+05
   1.6616814e+03   9.2900000e+05
   1.6613188e+03   9.2800000e+05
   1.6609564e+03   9.2700000e+05
   1.6605785e+03   9.2600000e+05
   1.6602142e+03   9.2500000e+05
   1.6600000e+03   9.2441199e+05
   1.6598508e+03   9.2400000e+05
   1.6594553e+03   9.2300000e+05
   1.6591116e+03   9.2200000e+05
   1.6587330e+03   9.2100000e+05
   1.6583532e+03   9.2000000e+05
   1.6579734e+03   9.1900000e+05
   1.6575926e+03   9.1800000e+05
   1.6572128e+03   9.1700000e+05
   1.6568313e+03   9.1600000e+05
   1.6564482e+03   9.1500000e+05
   1.6560662e+03   9.1400000e+05
   1.6556844e+03   9.1300000e+05
   1.6553019e+03   9.1200000e+05
   1.6549200e+03   9.1100000e+05
   1.6545492e+03   9.1000000e+05
   1.6541712e+03   9.0900000e+05
   1.6538044e+03   9.0800000e+05
   1.6534382e+03   9.0700000e+05
   1.6530707e+03   9.0600000e+05
   1.6527045e+03   9.0500000e+05
   1.6523366e+03   9.0400000e+05
   1.6519561e+03   9.0300000e+05
   1.6515702e+03   9.0200000e+05
   1.6511872e+03   9.0100000e+05
   1.6508038e+03   9.0000000e+05
   1.6504160e+03   8.9900000e+05
   1.6500325e+03   8.9800000e+05
   1.6500000e+03   8.9791579e+05
   1.6496478e+03   8.9700000e+05
   1.6492619e+03   8.9600000e+05
   1.6488749e+03   8.9500000e+05
   1.6484891e+03   8.9400000e+05
   1.6481022e+03   8.9300000e+05
   1.6477144e+03   8.9200000e+05
   1.6473274e+03   8.9100000e+05
   1.6469427e+03   8.9000000e+05
   1.6465566e+03   8.8900000e+05
   1.6461690e+03   8.8800000e+05
   1.6457810e+03   8.8700000e+05
   1.6453943e+03   8.8600000e+05
   1.6450054e+03   8.8500000e+05
   1.6446261e+03   8.8400000e+05
   1.6442504e+03   8.8300000e+05
   1.6438728e+03   8.8200000e+05
   1.6434968e+03   8.8100000e+05
   1.6431210e+03   8.8000000e+05
   1.6427429e+03   8.7900000e+05
   1.6423407e+03   8.7800000e+05
   1.6419790e+03   8.7700000e+05
   1.6415925e+03   8.7600000e+05
   1.6412060e+03   8.7500000e+05
   1.6408190e+03   8.7400000e+05
   1.6404307e+03   8.7300000e+05
   1.6400431e+03   8.7200000e+05
   1.6400000e+03   8.7188530e+05
   1.6396694e+03   8.7100000e+05
   1.6392971e+03   8.7000000e+05
   1.6389258e+03   8.6900000e+05
   1.6385529e+03   8.6800000e+05
   1.6381816e+03   8.6700000e+05
   1.6378084e+03   8.6600000e+05
   1.6374203e+03   8.6500000e+05
   1.6370276e+03   8.6400000e+05
   1.6366220e+03   8.6300000e+05
   1.6362241e+03   8.6200000e+05
   1.6358278e+03   8.6100000e+05
   1.6354309e+03   8.6000000e+05
   1.6350347e+03   8.5900000e+05
   1.6346408e+03   8.5800000e+05
   1.6342464e+03   8.5700000e+05
   1.6338598e+03   8.5600000e+05
   1.6334638e+03   8.5500000e+05
   1.6330674e+03   8.5400000e+05
   1.6326715e+03   8.5300000e+05
   1.6322841e+03   8.5200000e+05
   1.6319048e+03   8.5100000e+05
   1.6315301e+03   8.5000000e+05
   1.6311496e+03   8.4900000e+05
   1.6307687e+03   8.4800000e+05
   1.6303878e+03   8.4700000e+05
   1.6300013e+03   8.4600000e+05
   1.6300000e+03   8.4599663e+05
   1.6296061e+03   8.4500000e+05
   1.6292096e+03   8.4400000e+05
   1.6288127e+03   8.4300000e+05
   1.6284161e+03   8.4200000e+05
   1.6280197e+03   8.4100000e+05
   1.6276313e+03   8.4000000e+05
   1.6272323e+03   8.3900000e+05
   1.6268422e+03   8.3800000e+05
   1.6264383e+03   8.3700000e+05
   1.6260519e+03   8.3600000e+05
   1.6256727e+03   8.3500000e+05
   1.6252806e+03   8.3400000e+05
   1.6248897e+03   8.3300000e+05
   1.6245015e+03   8.3200000e+05
   1.6241090e+03   8.3100000e+05
   1.6237139e+03   8.3000000e+05
   1.6233014e+03   8.2900000e+05
   1.6229144e+03   8.2800000e+05
   1.6225255e+03   8.2700000e+05
   1.6221270e+03   8.2600000e+05
   1.6217292e+03   8.2500000e+05
   1.6213350e+03   8.2400000e+05
   1.6209368e+03   8.2300000e+05
   1.6205400e+03   8.2200000e+05
   1.6201420e+03   8.2100000e+05
   1.6200000e+03   8.2064452e+05
   1.6197435e+03   8.2000000e+05
   1.6193496e+03   8.1900000e+05
   1.6189534e+03   8.1800000e+05
   1.6185561e+03   8.1700000e+05
   1.6181528e+03   8.1600000e+05
   1.6177583e+03   8.1500000e+05
   1.6173668e+03   8.1400000e+05
   1.6169761e+03   8.1300000e+05
   1.6165845e+03   8.1200000e+05
   1.6161915e+03   8.1100000e+05
   1.6157985e+03   8.1000000e+05
   1.6154055e+03   8.0900000e+05
   1.6149894e+03   8.0800000e+05
   1.6146076e+03   8.0700000e+05
   1.6142039e+03   8.0600000e+05
   1.6138018e+03   8.0500000e+05
   1.6133993e+03   8.0400000e+05
   1.6129976e+03   8.0300000e+05
   1.6125919e+03   8.0200000e+05
   1.6121854e+03   8.0100000e+05
   1.6117832e+03   8.0000000e+05
   1.6113812e+03   7.9900000e+05
   1.6109757e+03   7.9800000e+05
   1.6105726e+03   7.9700000e+05
   1.6101679e+03   7.9600000e+05
   1.6100000e+03   7.9553818e+05
   1.6098055e+03   7.9500000e+05
   1.6093796e+03   7.9400000e+05
   1.6089903e+03   7.9300000e+05
   1.6085999e+03   7.9200000e+05
   1.6082082e+03   7.9100000e+05
   1.6078159e+03   7.9000000e+05
   1.6074222e+03   7.8900000e+05
   1.6069955e+03   7.8800000e+05
   1.6065993e+03   7.8700000e+05
   1.6062020e+03   7.8600000e+05
   1.6057786e+03   7.8500000e+05
   1.6053735e+03   7.8400000e+05
   1.6049678e+03   7.8300000e+05
   1.6045671e+03   7.8200000e+05
   1.6041674e+03   7.8100000e+05
   1.6037720e+03   7.8000000e+05
   1.6033775e+03   7.7900000e+05
   1.6029822e+03   7.7800000e+05
   1.6025869e+03   7.7700000e+05
   1.6021887e+03   7.7600000e+05
   1.6017747e+03   7.7500000e+05
   1.6013496e+03   7.7400000e+05
   1.6009360e+03   7.7300000e+05
   1.6005219e+03   7.7200000e+05
   1.6001085e+03   7.7100000e+05
   1.6000000e+03   7.7073734e+05
   1.5996967e+03   7.7000000e+05
   1.5992878e+03   7.6900000e+05
   1.5988786e+03   7.6800000e+05
   1.5984693e+03   7.6700000e+05
   1.5980615e+03   7.6600000e+05
   1.5976520e+03   7.6500000e+05
   1.5972619e+03   7.6400000e+05
   1.5968539e+03   7.6300000e+05
   1.5964505e+03   7.6200000e+05
   1.5960435e+03   7.6100000e+05
   1.5956285e+03   7.6000000e+05
   1.5952256e+03   7.5900000e+05
   1.5948235e+03   7.5800000e+05
   1.5944206e+03   7.5700000e+05
   1.5940122e+03   7.5600000e+05
   1.5936025e+03   7.5500000e+05
   1.5933021e+03   7.5400000e+05
   1.5928019e+03   7.5300000e+05
   1.5923886e+03   7.5200000e+05
   1.5919668e+03   7.5100000e+05
   1.5915656e+03   7.5000000e+05
   1.5911576e+03   7.4900000e+05
   1.5907504e+03   7.4800000e+05
   1.5903077e+03   7.4700000e+05
   1.5900000e+03   7.4624601e+05
   1.5899005e+03   7.4600000e+05
   1.5894959e+03   7.4500000e+05
   1.5890891e+03   7.4400000e+05
   1.5886785e+03   7.4300000e+05
   1.5882664e+03   7.4200000e+05
   1.5879989e+03   7.4100000e+05
   1.5874345e+03   7.4000000e+05
   1.5870228e+03   7.3900000e+05
   1.5866364e+03   7.3800000e+05
   1.5861916e+03   7.3700000e+05
   1.5857746e+03   7.3600000e+05
   1.5853576e+03   7.3500000e+05
   1.5849695e+03   7.3400000e+05
   1.5845488e+03   7.3300000e+05
   1.5841280e+03   7.3200000e+05
   1.5837137e+03   7.3100000e+05
   1.5832991e+03   7.3000000e+05
   1.5828863e+03   7.2900000e+05
   1.5824699e+03   7.2800000e+05
   1.5820573e+03   7.2700000e+05
   1.5816459e+03   7.2600000e+05
   1.5812156e+03   7.2500000e+05
   1.5808116e+03   7.2400000e+05
   1.5803941e+03   7.2300000e+05
   1.5800000e+03   7.2205590e+05
   1.5799769e+03   7.2200000e+05
   1.5795624e+03   7.2100000e+05
   1.5791462e+03   7.2000000e+05
   1.5787427e+03   7.1900000e+05
   1.5783166e+03   7.1800000e+05
   1.5779051e+03   7.1700000e+05
   1.5774929e+03   7.1600000e+05
   1.5770810e+03   7.1500000e+05
   1.5766684e+03   7.1400000e+05
   1.5762561e+03   7.1300000e+05
   1.5758370e+03   7.1200000e+05
   1.5754135e+03   7.1100000e+05
   1.5749890e+03   7.1000000e+05
   1.5745631e+03   7.0900000e+05
   1.5741374e+03   7.0800000e+05
   1.5737104e+03   7.0700000e+05
   1.5732909e+03   7.0600000e+05
   1.5728566e+03   7.0500000e+05
   1.5724319e+03   7.0400000e+05
   1.5720077e+03   7.0300000e+05
   1.5715834e+03   7.0200000e+05
   1.5711596e+03   7.0100000e+05
   1.5707364e+03   7.0000000e+05
   1.5703097e+03   6.9900000e+05
   1.5700000e+03   6.9828060e+05
   1.5698797e+03   6.9800000e+05
   1.5694529e+03   6.9700000e+05
   1.5690257e+03   6.9600000e+05
   1.5685957e+03   6.9500000e+05
   1.5681692e+03   6.9400000e+05
   1.5677737e+03   6.9300000e+05
   1.5673267e+03   6.9200000e+05
   1.5669067e+03   6.9100000e+05
   1.5664871e+03   6.9000000e+05
   1.5660671e+03   6.8900000e+05
   1.5656466e+03   6.8800000e+05
   1.5652259e+03   6.8700000e+05
   1.5647964e+03   6.8600000e+05
   1.5643657e+03   6.8500000e+05
   1.5639352e+03   6.8400000e+05
   1.5635026e+03   6.8300000e+05
   1.5630709e+03   6.8200000e+05
   1.5626397e+03   6.8100000e+05
   1.5622085e+03   6.8000000e+05
   1.5617781e+03   6.7900000e+05
   1.5613458e+03   6.7800000e+05
   1.5609190e+03   6.7700000e+05
   1.5604863e+03   6.7600000e+05
   1.5600523e+03   6.7500000e+05
   1.5600000e+03   6.7487870e+05
   1.5596237e+03   6.7400000e+05
   1.5592032e+03   6.7300000e+05
   1.5587853e+03   6.7200000e+05
   1.5583661e+03   6.7100000e+05
   1.5579468e+03   6.7000000e+05
   1.5575238e+03   6.6900000e+05
   1.5570794e+03   6.6800000e+05
   1.5566684e+03   6.6700000e+05
   1.5562388e+03   6.6600000e+05
   1.5558019e+03   6.6500000e+05
   1.5553655e+03   6.6400000e+05
   1.5549150e+03   6.6300000e+05
   1.5544859e+03   6.6200000e+05
   1.5540549e+03   6.6100000e+05
   1.5536164e+03   6.6000000e+05
   1.5531767e+03   6.5900000e+05
   1.5527506e+03   6.5800000e+05
   1.5522949e+03   6.5700000e+05
   1.5518546e+03   6.5600000e+05
   1.5514128e+03   6.5500000e+05
   1.5509725e+03   6.5400000e+05
   1.5505678e+03   6.5300000e+05
   1.5501435e+03   6.5200000e+05
   1.5500000e+03   6.5166066e+05
   1.5497220e+03   6.5100000e+05
   1.5492878e+03   6.5000000e+05
   1.5488203e+03   6.4900000e+05
   1.5484104e+03   6.4800000e+05
   1.5479730e+03   6.4700000e+05
   1.5475328e+03   6.4600000e+05
   1.5470910e+03   6.4500000e+05
   1.5466428e+03   6.4400000e+05
   1.5462052e+03   6.4300000e+05
   1.5457691e+03   6.4200000e+05
   1.5453460e+03   6.4100000e+05
   1.5449177e+03   6.4000000e+05
   1.5444848e+03   6.3900000e+05
   1.5440543e+03   6.3800000e+05
   1.5436229e+03   6.3700000e+05
   1.5431721e+03   6.3600000e+05
   1.5427464e+03   6.3500000e+05
   1.5422992e+03   6.3400000e+05
   1.5418541e+03   6.3300000e+05
   1.5414061e+03   6.3200000e+05
   1.5409598e+03   6.3100000e+05
   1.5405095e+03   6.3000000e+05
   1.5401253e+03   6.2900000e+05
   1.5400000e+03   6.2870760e+05
   1.5396960e+03   6.2800000e+05
   1.5392620e+03   6.2700000e+05
   1.5387428e+03   6.2600000e+05
   1.5382860e+03   6.2500000e+05
   1.5378316e+03   6.2400000e+05
   1.5374378e+03   6.2300000e+05
   1.5369471e+03   6.2200000e+05
   1.5365205e+03   6.2100000e+05
   1.5360878e+03   6.2000000e+05
   1.5356544e+03   6.1900000e+05
   1.5352198e+03   6.1800000e+05
   1.5347826e+03   6.1700000e+05
   1.5343351e+03   6.1600000e+05
   1.5338849e+03   6.1500000e+05
   1.5334337e+03   6.1400000e+05
   1.5329768e+03   6.1300000e+05
   1.5325213e+03   6.1200000e+05
   1.5320676e+03   6.1100000e+05
   1.5316205e+03   6.1000000e+05
   1.5311813e+03   6.0900000e+05
   1.5307463e+03   6.0800000e+05
   1.5303056e+03   6.0700000e+05
   1.5300000e+03   6.0630878e+05
   1.5298644e+03   6.0600000e+05
   1.5294264e+03   6.0500000e+05
   1.5289849e+03   6.0400000e+05
   1.5285345e+03   6.0300000e+05
   1.5280798e+03   6.0200000e+05
   1.5276800e+03   6.0100000e+05
   1.5271825e+03   6.0000000e+05
   1.5267299e+03   5.9900000e+05
   1.5262671e+03   5.9800000e+05
   1.5258239e+03   5.9700000e+05
   1.5253707e+03   5.9600000e+05
   1.5249169e+03   5.9500000e+05
   1.5244613e+03   5.9400000e+05
   1.5240147e+03   5.9300000e+05
   1.5235586e+03   5.9200000e+05
   1.5231495e+03   5.9100000e+05
   1.5226649e+03   5.9000000e+05
   1.5222137e+03   5.8900000e+05
   1.5219555e+03   5.8800000e+05
   1.5213244e+03   5.8700000e+05
   1.5208825e+03   5.8600000e+05
   1.5204002e+03   5.8500000e+05
   1.5200000e+03   5.8404451e+05
   1.5199815e+03   5.8400000e+05
   1.5195221e+03   5.8300000e+05
   1.5192299e+03   5.8200000e+05
   1.5186068e+03   5.8100000e+05
   1.5181455e+03   5.8000000e+05
   1.5176841e+03   5.7900000e+05
   1.5172325e+03   5.7800000e+05
   1.5167862e+03   5.7700000e+05
   1.5163370e+03   5.7600000e+05
   1.5159792e+03   5.7500000e+05
   1.5154121e+03   5.7400000e+05
   1.5149531e+03   5.7300000e+05
   1.5144919e+03   5.7200000e+05
   1.5140412e+03   5.7100000e+05
   1.5135936e+03   5.7000000e+05
   1.5132101e+03   5.6900000e+05
   1.5126944e+03   5.6800000e+05
   1.5122393e+03   5.6700000e+05
   1.5117788e+03   5.6600000e+05
   1.5113145e+03   5.6500000e+05
   1.5108511e+03   5.6400000e+05
   1.5103866e+03   5.6300000e+05
   1.5100000e+03   5.6217196e+05
   1.5099202e+03   5.6200000e+05
   1.5094547e+03   5.6100000e+05
   1.5089893e+03   5.6000000e+05
   1.5085290e+03   5.5900000e+05
   1.5080648e+03   5.5800000e+05
   1.5076038e+03   5.5700000e+05
   1.5071436e+03   5.5600000e+05
   1.5066842e+03   5.5500000e+05
   1.5062298e+03   5.5400000e+05
   1.5057479e+03   5.5300000e+05
   1.5052971e+03   5.5200000e+05
   1.5048270e+03   5.5100000e+05
   1.5043573e+03   5.5000000e+05
   1.5038864e+03   5.4900000e+05
   1.5034160e+03   5.4800000e+05
   1.5029451e+03   5.4700000e+05
   1.5024759e+03   5.4600000e+05
   1.5020176e+03   5.4500000e+05
   1.5015508e+03   5.4400000e+05
   1.5010826e+03   5.4300000e+05
   1.5006124e+03   5.4200000e+05
   1.5001411e+03   5.4100000e+05
   1.5000000e+03   5.4069974e+05
   1.4996745e+03   5.4000000e+05
   1.4992145e+03   5.3900000e+05
   1.4987521e+03   5.3800000e+05
   1.4982886e+03   5.3700000e+05
   1.4978314e+03   5.3600000e+05
   1.4973660e+03   5.3500000e+05
   1.4968862e+03   5.3400000e+05
   1.4964214e+03   5.3300000e+05
   1.4959589e+03   5.3200000e+05
   1.4954735e+03   5.3100000e+05
   1.4950037e+03   5.3000000e+05
   1.4945345e+03   5.2900000e+05
   1.4940660e+03   5.2800000e+05
   1.4935958e+03   5.2700000e+05
   1.4931198e+03   5.2600000e+05
   1.4926438e+03   5.2500000e+05
   1.4921749e+03   5.2400000e+05
   1.4916976e+03   5.2300000e+05
   1.4912198e+03   5.2200000e+05
   1.4907430e+03   5.2100000e+05
   1.4902763e+03   5.2000000e+05
   1.4900000e+03   5.1940779e+05
   1.4898104e+03   5.1900000e+05
   1.4893341e+03   5.1800000e+05
   1.4888685e+03   5.1700000e+05
   1.4884044e+03   5.1600000e+05
   1.4879378e+03   5.1500000e+05
   1.4874611e+03   5.1400000e+05
   1.4869811e+03   5.1300000e+05
   1.4865006e+03   5.1200000e+05
   1.4860198e+03   5.1100000e+05
   1.4855385e+03   5.1000000e+05
   1.4850561e+03   5.0900000e+05
   1.4845763e+03   5.0800000e+05
   1.4841026e+03   5.0700000e+05
   1.4836095e+03   5.0600000e+05
   1.4831267e+03   5.0500000e+05
   1.4826690e+03   5.0400000e+05
   1.4821743e+03   5.0300000e+05
   1.4817048e+03   5.0200000e+05
   1.4812131e+03   5.0100000e+05
   1.4807470e+03   5.0000000e+05
   1.4802703e+03   4.9900000e+05
   1.4800000e+03   4.9843434e+05
   1.4797934e+03   4.9800000e+05
   1.4793123e+03   4.9700000e+05
   1.4788230e+03   4.9600000e+05
   1.4783341e+03   4.9500000e+05
   1.4778462e+03   4.9400000e+05
   1.4773582e+03   4.9300000e+05
   1.4768694e+03   4.9200000e+05
   1.4763832e+03   4.9100000e+05
   1.4758918e+03   4.9000000e+05
   1.4754036e+03   4.8900000e+05
   1.4749260e+03   4.8800000e+05
   1.4744452e+03   4.8700000e+05
   1.4739628e+03   4.8600000e+05
   1.4734800e+03   4.8500000e+05
   1.4729944e+03   4.8400000e+05
   1.4725212e+03   4.8300000e+05
   1.4720239e+03   4.8200000e+05
   1.4715297e+03   4.8100000e+05
   1.4710343e+03   4.8000000e+05
   1.4705392e+03   4.7900000e+05
   1.4700430e+03   4.7800000e+05
   1.4700000e+03   4.7791346e+05
   1.4695491e+03   4.7700000e+05
   1.4690637e+03   4.7600000e+05
   1.4685835e+03   4.7500000e+05
   1.4681051e+03   4.7400000e+05
   1.4676224e+03   4.7300000e+05
   1.4671371e+03   4.7200000e+05
   1.4666496e+03   4.7100000e+05
   1.4661605e+03   4.7000000e+05
   1.4656694e+03   4.6900000e+05
   1.4651669e+03   4.6800000e+05
   1.4646761e+03   4.6700000e+05
   1.4641860e+03   4.6600000e+05
   1.4636971e+03   4.6500000e+05
   1.4632092e+03   4.6400000e+05
   1.4627113e+03   4.6300000e+05
   1.4622098e+03   4.6200000e+05
   1.4617084e+03   4.6100000e+05
   1.4612057e+03   4.6000000e+05
   1.4607029e+03   4.5900000e+05
   1.4602003e+03   4.5800000e+05
   1.4600000e+03   4.5759762e+05
   1.4597034e+03   4.5700000e+05
   1.4592165e+03   4.5600000e+05
   1.4587283e+03   4.5500000e+05
   1.4582414e+03   4.5400000e+05
   1.4577534e+03   4.5300000e+05
   1.4572466e+03   4.5200000e+05
   1.4567289e+03   4.5100000e+05
   1.4562537e+03   4.5000000e+05
   1.4557503e+03   4.4900000e+05
   1.4552452e+03   4.4800000e+05
   1.4547395e+03   4.4700000e+05
   1.4542470e+03   4.4600000e+05
   1.4537388e+03   4.4500000e+05
   1.4532377e+03   4.4400000e+05
   1.4527414e+03   4.4300000e+05
   1.4522454e+03   4.4200000e+05
   1.4517391e+03   4.4100000e+05
   1.4512096e+03   4.4000000e+05
   1.4507145e+03   4.3900000e+05
   1.4502079e+03   4.3800000e+05
   1.4500000e+03   4.3758782e+05
   1.4497062e+03   4.3700000e+05
   1.4491959e+03   4.3600000e+05
   1.4487174e+03   4.3500000e+05
   1.4482101e+03   4.3400000e+05
   1.4476995e+03   4.3300000e+05
   1.4471878e+03   4.3200000e+05
   1.4466768e+03   4.3100000e+05
   1.4461684e+03   4.3000000e+05
   1.4456586e+03   4.2900000e+05
   1.4451412e+03   4.2800000e+05
   1.4446320e+03   4.2700000e+05
   1.4441242e+03   4.2600000e+05
   1.4436105e+03   4.2500000e+05
   1.4431019e+03   4.2400000e+05
   1.4425938e+03   4.2300000e+05
   1.4420832e+03   4.2200000e+05
   1.4415706e+03   4.2100000e+05
   1.4410623e+03   4.2000000e+05
   1.4405538e+03   4.1900000e+05
   1.4400444e+03   4.1800000e+05
   1.4400000e+03   4.1791441e+05
   1.4395259e+03   4.1700000e+05
   1.4390078e+03   4.1600000e+05
   1.4384914e+03   4.1500000e+05
   1.4379756e+03   4.1400000e+05
   1.4374595e+03   4.1300000e+05
   1.4369439e+03   4.1200000e+05
   1.4364394e+03   4.1100000e+05
   1.4359282e+03   4.1000000e+05
   1.4354156e+03   4.0900000e+05
   1.4349005e+03   4.0800000e+05
   1.4343869e+03   4.0700000e+05
   1.4338672e+03   4.0600000e+05
   1.4333407e+03   4.0500000e+05
   1.4328228e+03   4.0400000e+05
   1.4323056e+03   4.0300000e+05
   1.4317897e+03   4.0200000e+05
   1.4312742e+03   4.0100000e+05
   1.4307601e+03   4.0000000e+05
   1.4302682e+03   3.9900000e+05
   1.4300000e+03   3.9847273e+05
   1.4297582e+03   3.9800000e+05
   1.4292292e+03   3.9700000e+05
   1.4286721e+03   3.9600000e+05
   1.4281341e+03   3.9500000e+05
   1.4275791e+03   3.9400000e+05
   1.4270266e+03   3.9300000e+05
   1.4265448e+03   3.9200000e+05
   1.4260290e+03   3.9100000e+05
   1.4255108e+03   3.9000000e+05
   1.4249948e+03   3.8900000e+05
   1.4244759e+03   3.8800000e+05
   1.4239427e+03   3.8700000e+05
   1.4233899e+03   3.8600000e+05
   1.4228396e+03   3.8500000e+05
   1.4223735e+03   3.8400000e+05
   1.4218233e+03   3.8300000e+05
   1.4212961e+03   3.8200000e+05
   1.4207746e+03   3.8100000e+05
   1.4202531e+03   3.8000000e+05
   1.4200000e+03   3.7953004e+05
   1.4197156e+03   3.7900000e+05
   1.4191973e+03   3.7800000e+05
   1.4186721e+03   3.7700000e+05
   1.4181438e+03   3.7600000e+05
   1.4176154e+03   3.7500000e+05
   1.4170732e+03   3.7400000e+05
   1.4165495e+03   3.7300000e+05
   1.4160261e+03   3.7200000e+05
   1.4154995e+03   3.7100000e+05
   1.4149748e+03   3.7000000e+05
   1.4144502e+03   3.6900000e+05
   1.4138760e+03   3.6800000e+05
   1.4133322e+03   3.6700000e+05
   1.4127981e+03   3.6600000e+05
   1.4122706e+03   3.6500000e+05
   1.4117413e+03   3.6400000e+05
   1.4112065e+03   3.6300000e+05
   1.4106595e+03   3.6200000e+05
   1.4101292e+03   3.6100000e+05
   1.4100000e+03   3.6075594e+05
   1.4096013e+03   3.6000000e+05
   1.4090674e+03   3.5900000e+05
   1.4085218e+03   3.5800000e+05
   1.4079662e+03   3.5700000e+05
   1.4074431e+03   3.5600000e+05
   1.4069991e+03   3.5500000e+05
   1.4064479e+03   3.5400000e+05
   1.4060675e+03   3.5300000e+05
   1.4056172e+03   3.5200000e+05
   1.4051116e+03   3.5100000e+05
   1.4046298e+03   3.5000000e+05
   1.4042131e+03   3.4900000e+05
   1.4036893e+03   3.4800000e+05
   1.4032199e+03   3.4700000e+05
   1.4027465e+03   3.4600000e+05
   1.4022680e+03   3.4500000e+05
   1.4018012e+03   3.4400000e+05
   1.4013152e+03   3.4300000e+05
   1.4008215e+03   3.4200000e+05
   1.4004183e+03   3.4100000e+05
   1.4000000e+03   3.4022521e+05
   1.3998780e+03   3.4000000e+05
   1.3993703e+03   3.3900000e+05
   1.3988807e+03   3.3800000e+05
   1.3984305e+03   3.3700000e+05
   1.3979203e+03   3.3600000e+05
   1.3974415e+03   3.3500000e+05
   1.3969797e+03   3.3400000e+05
   1.3964523e+03   3.3300000e+05
   1.3959886e+03   3.3200000e+05
   1.3955018e+03   3.3100000e+05
   1.3949961e+03   3.3000000e+05
   1.3944905e+03   3.2900000e+05
   1.3939971e+03   3.2800000e+05
   1.3935043e+03   3.2700000e+05
   1.3929899e+03   3.2600000e+05
   1.3925372e+03   3.2500000e+05
   1.3920161e+03   3.2400000e+05
   1.3914844e+03   3.2300000e+05
   1.3909611e+03   3.2200000e+05
   1.3905107e+03   3.2100000e+05
   1.3900000e+03   3.2001296e+05
   1.3899933e+03   3.2000000e+05
   1.3894940e+03   3.1900000e+05
   1.3890255e+03   3.1800000e+05
   1.3884920e+03   3.1700000e+05
   1.3879560e+03   3.1600000e+05
   1.3874319e+03   3.1500000e+05
   1.3869294e+03   3.1400000e+05
   1.3864453e+03   3.1300000e+05
   1.3859539e+03   3.1200000e+05
   1.3854692e+03   3.1100000e+05
   1.3849329e+03   3.1000000e+05
   1.3844099e+03   3.0900000e+05
   1.3839070e+03   3.0800000e+05
   1.3834091e+03   3.0700000e+05
   1.3829207e+03   3.0600000e+05
   1.3823912e+03   3.0500000e+05
   1.3818408e+03   3.0400000e+05
   1.3813287e+03   3.0300000e+05
   1.3808100e+03   3.0200000e+05
   1.3803000e+03   3.0100000e+05
   1.3800000e+03   3.0041685e+05
   1.3797862e+03   3.0000000e+05
   1.3792350e+03   2.9900000e+05
   1.3786844e+03   2.9800000e+05
   1.3782163e+03   2.9700000e+05
   1.3776985e+03   2.9600000e+05
   1.3771477e+03   2.9500000e+05
   1.3766450e+03   2.9400000e+05
   1.3761154e+03   2.9300000e+05
   1.3755911e+03   2.9200000e+05
   1.3750380e+03   2.9100000e+05
   1.3745117e+03   2.9000000e+05
   1.3739965e+03   2.8900000e+05
   1.3734724e+03   2.8800000e+05
   1.3729471e+03   2.8700000e+05
   1.3724576e+03   2.8600000e+05
   1.3718957e+03   2.8500000e+05
   1.3713393e+03   2.8400000e+05
   1.3707862e+03   2.8300000e+05
   1.3702872e+03   2.8200000e+05
   1.3700000e+03   2.8147059e+05
   1.3697451e+03   2.8100000e+05
   1.3691898e+03   2.8000000e+05
   1.3686410e+03   2.7900000e+05
   1.3681421e+03   2.7800000e+05
   1.3676005e+03   2.7700000e+05
   1.3670735e+03   2.7600000e+05
   1.3665473e+03   2.7500000e+05
   1.3659774e+03   2.7400000e+05
   1.3654309e+03   2.7300000e+05
   1.3649040e+03   2.7200000e+05
   1.3643607e+03   2.7100000e+05
   1.3637880e+03   2.7000000e+05
   1.3632454e+03   2.6900000e+05
   1.3627114e+03   2.6800000e+05
   1.3621634e+03   2.6700000e+05
   1.3615817e+03   2.6600000e+05
   1.3610414e+03   2.6500000e+05
   1.3606131e+03   2.6400000e+05
   1.3600000e+03   2.6395841e+05
   1.3500000e+03   2.6319259e+05
   1.3488818e+03   2.6300000e+05
   1.3441302e+03   2.6200000e+05
   1.3414102e+03   2.6100000e+05
   1.3408846e+03   2.6000000e+05
   1.3403685e+03   2.5900000e+05
   1.3400000e+03   2.5830105e+05
   1.3398423e+03   2.5800000e+05
   1.3393228e+03   2.5700000e+05
   1.3388125e+03   2.5600000e+05
   1.3382796e+03   2.5500000e+05
   1.3377457e+03   2.5400000e+05
   1.3372138e+03   2.5300000e+05
   1.3366799e+03   2.5200000e+05
   1.3361416e+03   2.5100000e+05
   1.3355795e+03   2.5000000e+05
   1.3350237e+03   2.4900000e+05
   1.3344796e+03   2.4800000e+05
   1.3339312e+03   2.4700000e+05
   1.3333593e+03   2.4600000e+05
   1.3327783e+03   2.4500000e+05
   1.3321942e+03   2.4400000e+05
   1.3316109e+03   2.4300000e+05
   1.3336162e+03   2.4200000e+05
   1.3400000e+03   2.4149084e+05
   1.3488970e+03   2.4100000e+05
   1.3483346e+03   2.4000000e+05
   1.3477687e+03   2.3900000e+05
   1.3471998e+03   2.3800000e+05
   1.3466352e+03   2.3700000e+05
   1.3460748e+03   2.3600000e+05
   1.3455028e+03   2.3500000e+05
   1.3449495e+03   2.3400000e+05
   1.3400000e+03   2.3348500e+05
   1.3353596e+03   2.3300000e+05
   1.3348384e+03   2.3200000e+05
   1.3342835e+03   2.3100000e+05
   1.3337409e+03   2.3000000e+05
   1.3331992e+03   2.2900000e+05
   1.3326546e+03   2.2800000e+05
   1.3320999e+03   2.2700000e+05
   1.3315486e+03   2.2600000e+05
   1.3309986e+03   2.2500000e+05
   1.3304479e+03   2.2400000e+05
   1.3300000e+03   2.2320040e+05
   1.3298885e+03   2.2300000e+05
   1.3293272e+03   2.2200000e+05
   1.3287441e+03   2.2100000e+05
   1.3282000e+03   2.2000000e+05
   1.3276705e+03   2.1900000e+05
   1.3271138e+03   2.1800000e+05
   1.3265640e+03   2.1700000e+05
   1.3260176e+03   2.1600000e+05
   1.3254621e+03   2.1500000e+05
   1.3249056e+03   2.1400000e+05
   1.3243538e+03   2.1300000e+05
   1.3237970e+03   2.1200000e+05
   1.3232403e+03   2.1100000e+05
   1.3226812e+03   2.1000000e+05
   1.3221123e+03   2.0900000e+05
   1.3215492e+03   2.0800000e+05
   1.3209804e+03   2.0700000e+05
   1.3204032e+03   2.0600000e+05
   1.3200000e+03   2.0529524e+05
   1.3198325e+03   2.0500000e+05
   1.3192624e+03   2.0400000e+05
   1.3186925e+03   2.0300000e+05
   1.3181068e+03   2.0200000e+05
   1.3175253e+03   2.0100000e+05
   1.3169421e+03   2.0000000e+05
   1.3163570e+03   1.9900000e+05
   1.3157580e+03   1.9800000e+05
   1.3151581e+03   1.9700000e+05
   1.3145580e+03   1.9600000e+05
   1.3139405e+03   1.9500000e+05
   1.3133252e+03   1.9400000e+05
   1.3127008e+03   1.9300000e+05
   1.3120699e+03   1.9200000e+05
   1.3114145e+03   1.9100000e+05
   1.3107746e+03   1.9000000e+05
   1.3101112e+03   1.8900000e+05
   1.3100000e+03   1.8883866e+05
   1.3094259e+03   1.8800000e+05
   1.3087373e+03   1.8700000e+05
   1.3080502e+03   1.8600000e+05
   1.3073429e+03   1.8500000e+05
   1.3066017e+03   1.8400000e+05
   1.3057222e+03   1.8300000e+05
   1.3049016e+03   1.8200000e+05
   1.3040508e+03   1.8100000e+05
   1.3031818e+03   1.8000000e+05
   1.3023064e+03   1.7900000e+05
   1.3014158e+03   1.7800000e+05
   1.3005128e+03   1.7700000e+05
   1.3000000e+03   1.7644614e+05
   1.2995879e+03   1.7600000e+05
   1.2986416e+03   1.7500000e+05
   1.2976860e+03   1.7400000e+05
   1.2967224e+03   1.7300000e+05
   1.2957132e+03   1.7200000e+05
   1.2946889e+03   1.7100000e+05
   1.2936455e+03   1.7000000e+05
   1.2926030e+03   1.6900000e+05
   1.2914997e+03   1.6800000e+05
   1.2902630e+03   1.6700000e+05
   1.2900000e+03   1.6609934e+05
   1.2899685e+03   1.6600000e+05
   1.2880899e+03   1.6500000e+05
   1.2862058e+03   1.6400000e+05
   1.2847563e+03   1.6300000e+05
   1.2831681e+03   1.6200000e+05
   1.2818386e+03   1.6100000e+05
   1.2804530e+03   1.6000000e+05
   1.2800000e+03   1.5964593e+05
   1.2791762e+03   1.5900000e+05
   1.2777771e+03   1.5800000e+05
   1.2764310e+03   1.5700000e+05
   1.2739642e+03   1.5600000e+05
   1.2707445e+03   1.5500000e+05
   1.2700000e+03   1.5481918e+05
   1.2666481e+03   1.5400000e+05
   1.2628592e+03   1.5300000e+05
   1.2600000e+03   1.5214613e+05
   1.2595093e+03   1.5200000e+05
   1.2564690e+03   1.5100000e+05
   1.2535299e+03   1.5000000e+05
   1.2506923e+03   1.4900000e+05
   1.2500000e+03   1.4874231e+05
   1.2479963e+03   1.4800000e+05
   1.2452516e+03   1.4700000e+05
   1.2400000e+03   1.4624759e+05
   1.2381229e+03   1.4600000e+05
   1.2362458e+03   1.4500000e+05
   1.2350915e+03   1.4400000e+05
   1.2346119e+03   1.4300000e+05
   1.2342378e+03   1.4200000e+05
   1.2339194e+03   1.4100000e+05
   1.2335816e+03   1.4000000e+05
   1.2331878e+03   1.3900000e+05
   1.2327800e+03   1.3800000e+05
   1.2324000e+03   1.3700000e+05
   1.2320213e+03   1.3600000e+05
   1.2316033e+03   1.3500000e+05
   1.2311711e+03   1.3400000e+05
   1.2308074e+03   1.3300000e+05
   1.2303358e+03   1.3200000e+05
   1.2300000e+03   1.3131106e+05
   1.2298489e+03   1.3100000e+05
   1.2293587e+03   1.3000000e+05
   1.2288448e+03   1.2900000e+05
   1.2283343e+03   1.2800000e+05
   1.2278113e+03   1.2700000e+05
   1.2272751e+03   1.2600000e+05
   1.2267405e+03   1.2500000e+05
   1.2262157e+03   1.2400000e+05
   1.2249982e+03   1.2300000e+05
   1.2200000e+03   1.2227203e+05
   1.2186074e+03   1.2200000e+05
   1.2110369e+03   1.2100000e+05
   1.2100000e+03   1.2089912e+05
   1.2041677e+03   1.2000000e+05
   1.2006262e+03   1.1900000e+05
   1.2000000e+03   1.1870480e+05
   1.1983207e+03   1.1800000e+05
   1.1977531e+03   1.1700000e+05
   1.1971753e+03   1.1600000e+05
   1.1965941e+03   1.1500000e+05
   1.1960107e+03   1.1400000e+05
   1.1954041e+03   1.1300000e+05
   1.1948115e+03   1.1200000e+05
   1.1942144e+03   1.1100000e+05
   1.1936086e+03   1.1000000e+05
   1.1929900e+03   1.0900000e+05
   1.1923679e+03   1.0800000e+05
   1.1917430e+03   1.0700000e+05
   1.1911131e+03   1.0600000e+05
   1.1904906e+03   1.0500000e+05
   1.1900000e+03   1.0423089e+05
   1.1898538e+03   1.0400000e+05
   1.1892127e+03   1.0300000e+05
   1.1885735e+03   1.0200000e+05
   1.1879253e+03   1.0100000e+05
   1.1872754e+03   1.0000000e+05
   1.1866176e+03   9.9000000e+04
   1.1859065e+03   9.8000000e+04
   1.1852334e+03   9.7000000e+04
   1.1845751e+03   9.6000000e+04
   1.1839166e+03   9.5000000e+04
   1.1833010e+03   9.4000000e+04
   1.1826074e+03   9.3000000e+04
   1.1819373e+03   9.2000000e+04
   1.1812627e+03   9.1000000e+04
   1.1805582e+03   9.0000000e+04
   1.1800000e+03   8.9201408e+04
   1.1798600e+03   8.9000000e+04
   1.1791579e+03   8.8000000e+04
   1.1784568e+03   8.7000000e+04
   1.1777579e+03   8.6000000e+04
   1.1770467e+03   8.5000000e+04
   1.1763391e+03   8.4000000e+04
   1.1756273e+03   8.3000000e+04
   1.1749061e+03   8.2000000e+04
   1.1741833e+03   8.1000000e+04
   1.1734569e+03   8.0000000e+04
   1.1727285e+03   7.9000000e+04
   1.1719953e+03   7.8000000e+04
   1.1712625e+03   7.7000000e+04
   1.1705212e+03   7.6000000e+04
   1.1700000e+03   7.5302356e+04
   1.1697761e+03   7.5000000e+04
   1.1690384e+03   7.4000000e+04
   1.1682670e+03   7.3000000e+04
   1.1675439e+03   7.2000000e+04
   1.1641613e+03   7.1000000e+04
   1.1634555e+03   7.0000000e+04
   1.1627444e+03   6.9000000e+04
   1.1620323e+03   6.8000000e+04
   1.1613113e+03   6.7000000e+04
   1.1606034e+03   6.6000000e+04
   1.1600000e+03   6.5183486e+04
   1.1598648e+03   6.5000000e+04
   1.1591232e+03   6.4000000e+04
   1.1583934e+03   6.3000000e+04
   1.1576614e+03   6.2000000e+04
   1.1569244e+03   6.1000000e+04
   1.1561810e+03   6.0000000e+04
   1.1554442e+03   5.9000000e+04
   1.1546829e+03   5.8000000e+04
   1.1539362e+03   5.7000000e+04
   1.1531902e+03   5.6000000e+04
   1.1524353e+03   5.5000000e+04
   1.1516262e+03   5.4000000e+04
   1.1508304e+03   5.3000000e+04
   1.1500605e+03   5.2000000e+04
   1.1500000e+03   5.1921933e+04
   1.1492898e+03   5.1000000e+04
   1.1484950e+03   5.0000000e+04
   1.1477004e+03   4.9000000e+04
   1.1469281e+03   4.8000000e+04
   1.1461303e+03   4.7000000e+04
   1.1453234e+03   4.6000000e+04
   1.1445029e+03   4.5000000e+04
   1.1436945e+03   4.4000000e+04
   1.1428761e+03   4.3000000e+04
   1.1420582e+03   4.2000000e+04
   1.1412267e+03   4.1000000e+04
   1.1403898e+03   4.0000000e+04
   1.1400000e+03   3.9534091e+04
   1.1395567e+03   3.9000000e+04
   1.1387210e+03   3.8000000e+04
   1.1378806e+03   3.7000000e+04
   1.1370265e+03   3.6000000e+04
   1.1361627e+03   3.5000000e+04
   1.1352972e+03   3.4000000e+04
   1.1344260e+03   3.3000000e+04
   1.1335454e+03   3.2000000e+04
   1.1326620e+03   3.1000000e+04
   1.1317652e+03   3.0000000e+04
   1.1308668e+03   2.9000000e+04
   1.1300000e+03   2.8047325e+04
   1.1299571e+03   2.8000000e+04
   1.1289939e+03   2.7000000e+04
   1.1280576e+03   2.6000000e+04
   1.1271390e+03   2.5000000e+04
   1.1262274e+03   2.4000000e+04
   1.1252728e+03   2.3000000e+04
   1.1242982e+03   2.2000000e+04
   1.1233132e+03   2.1000000e+04
   1.1223164e+03   2.0000000e+04
   1.1212945e+03   1.9000000e+04
   1.1202601e+03   1.8000000e+04
   1.1200000e+03   1.7752858e+04
   1.1192149e+03   1.7000000e+04
   1.1181476e+03   1.6000000e+04
   1.1170474e+03   1.5000000e+04
   1.1159115e+03   1.4000000e+04
   1.1147486e+03   1.3000000e+04
   1.1135623e+03   1.2000000e+04
   1.1123110e+03   1.1000000e+04
   1.1100000e+03   1.0565351e+04
   1.1070035e+03   1.0000000e+04
   1.1060173e+03   9.0000000e+03
   1.1047387e+03   8.0000000e+03
   1.1041131e+03   7.0000000e+03
   1.1034070e+03   6.0000000e+03
   1.1026520e+03   5.0000000e+03
   1.1018328e+03   4.0000000e+03
   1.1010158e+03   3.0000000e+03
   1.1001521e+03   2.0000000e+03
   1.1000000e+03   1.8239661e+03
   1.0992935e+03   1.0000000e+03
   1.1000000e+03   0.0000000e+00
