   3.0394348e+03   1.3500000e+06
   3.0387993e+03   1.3490000e+06
   3.0381637e+03   1.3480000e+06
   3.0375298e+03   1.3470000e+06
   3.0368933e+03   1.3460000e+06
   3.0362558e+03   1.3450000e+06
   3.0356186e+03   1.3440000e+06
   3.0349817e+03   1.3430000e+06
   3.0343435e+03   1.3420000e+06
   3.0337043e+03   1.3410000e+06
   3.0330655e+03   1.3400000e+06
   3.0324276e+03   1.3390000e+06
   3.0317896e+03   1.3380000e+06
   3.0311493e+03   1.3370000e+06
   3.0305089e+03   1.3360000e+06
   3.0300000e+03   1.3352053e+06
   3.0298689e+03   1.3350000e+06
   3.0292308e+03   1.3340000e+06
   3.0285905e+03   1.3330000e+06
   3.0279525e+03   1.3320000e+06
   3.0273149e+03   1.3310000e+06
   3.0266715e+03   1.3300000e+06
   3.0260325e+03   1.3290000e+06
   3.0253908e+03   1.3280000e+06
   3.0247500e+03   1.3270000e+06
   3.0241092e+03   1.3260000e+06
   3.0234676e+03   1.3250000e+06
   3.0228287e+03   1.3240000e+06
   3.0221853e+03   1.3230000e+06
   3.0215409e+03   1.3220000e+06
   3.0208976e+03   1.3210000e+06
   3.0202523e+03   1.3200000e+06
   3.0200000e+03   1.3196090e+06
   3.0196083e+03   1.3190000e+06
   3.0189719e+03   1.3180000e+06
   3.0183265e+03   1.3170000e+06
   3.0176819e+03   1.3160000e+06
   3.0170372e+03   1.3150000e+06
   3.0163935e+03   1.3140000e+06
   3.0157505e+03   1.3130000e+06
   3.0151051e+03   1.3120000e+06
   3.0144643e+03   1.3110000e+06
   3.0138177e+03   1.3100000e+06
   3.0131697e+03   1.3090000e+06
   3.0125236e+03   1.3080000e+06
   3.0118782e+03   1.3070000e+06
   3.0112307e+03   1.3060000e+06
   3.0105827e+03   1.3050000e+06
   3.0100000e+03   1.3040974e+06
   3.0099373e+03   1.3040000e+06
   3.0092917e+03   1.3030000e+06
   3.0086461e+03   1.3020000e+06
   3.0080005e+03   1.3010000e+06
   3.0073524e+03   1.3000000e+06
   3.0067052e+03   1.2990000e+06
   3.0060711e+03   1.2980000e+06
   3.0054380e+03   1.2970000e+06
   3.0048066e+03   1.2960000e+06
   3.0041208e+03   1.2950000e+06
   3.0034932e+03   1.2940000e+06
   3.0028688e+03   1.2930000e+06
   3.0022382e+03   1.2920000e+06
   3.0015967e+03   1.2910000e+06
   3.0009471e+03   1.2900000e+06
   3.0003230e+03   1.2890000e+06
   3.0000000e+03   1.2884351e+06
   2.9997508e+03   1.2880000e+06
   2.9991018e+03   1.2870000e+06
   2.9984547e+03   1.2860000e+06
   2.9978055e+03   1.2850000e+06
   2.9971545e+03   1.2840000e+06
   2.9965179e+03   1.2830000e+06
   2.9958679e+03   1.2820000e+06
   2.9952160e+03   1.2810000e+06
   2.9945631e+03   1.2800000e+06
   2.9939102e+03   1.2790000e+06
   2.9932565e+03   1.2780000e+06
   2.9926038e+03   1.2770000e+06
   2.9919510e+03   1.2760000e+06
   2.9912959e+03   1.2750000e+06
   2.9906407e+03   1.2740000e+06
   2.9900000e+03   1.2730184e+06
   2.9899880e+03   1.2730000e+06
   2.9893330e+03   1.2720000e+06
   2.9886804e+03   1.2710000e+06
   2.9880258e+03   1.2700000e+06
   2.9873733e+03   1.2690000e+06
   2.9867185e+03   1.2680000e+06
   2.9860645e+03   1.2670000e+06
   2.9854085e+03   1.2660000e+06
   2.9847539e+03   1.2650000e+06
   2.9840980e+03   1.2640000e+06
   2.9834424e+03   1.2630000e+06
   2.9827861e+03   1.2620000e+06
   2.9821290e+03   1.2610000e+06
   2.9814716e+03   1.2600000e+06
   2.9808146e+03   1.2590000e+06
   2.9801553e+03   1.2580000e+06
   2.9800000e+03   1.2577645e+06
   2.9794973e+03   1.2570000e+06
   2.9788396e+03   1.2560000e+06
   2.9781820e+03   1.2550000e+06
   2.9775244e+03   1.2540000e+06
   2.9768668e+03   1.2530000e+06
   2.9762077e+03   1.2520000e+06
   2.9755479e+03   1.2510000e+06
   2.9748880e+03   1.2500000e+06
   2.9742282e+03   1.2490000e+06
   2.9735684e+03   1.2480000e+06
   2.9729350e+03   1.2470000e+06
   2.9723026e+03   1.2460000e+06
   2.9716353e+03   1.2450000e+06
   2.9710019e+03   1.2440000e+06
   2.9703709e+03   1.2430000e+06
   2.9700000e+03   1.2424000e+06
   2.9697516e+03   1.2420000e+06
   2.9691140e+03   1.2410000e+06
   2.9684614e+03   1.2400000e+06
   2.9678025e+03   1.2390000e+06
   2.9671418e+03   1.2380000e+06
   2.9665024e+03   1.2370000e+06
   2.9658446e+03   1.2360000e+06
   2.9651848e+03   1.2350000e+06
   2.9645235e+03   1.2340000e+06
   2.9631755e+03   1.2330000e+06
   2.9611820e+03   1.2320000e+06
   2.9600000e+03   1.2316152e+06
   2.9581068e+03   1.2310000e+06
   2.9549991e+03   1.2300000e+06
   2.9522409e+03   1.2290000e+06
   2.9511153e+03   1.2280000e+06
   2.9506088e+03   1.2270000e+06
   2.9500000e+03   1.2268590e+06
   2.9444724e+03   1.2260000e+06
   2.9408918e+03   1.2250000e+06
   2.9400000e+03   1.2243259e+06
   2.9395842e+03   1.2240000e+06
   2.9356987e+03   1.2230000e+06
   2.9341457e+03   1.2220000e+06
   2.9317188e+03   1.2210000e+06
   2.9300000e+03   1.2205087e+06
   2.9283386e+03   1.2200000e+06
   2.9265020e+03   1.2190000e+06
   2.9238692e+03   1.2180000e+06
   2.9213216e+03   1.2170000e+06
   2.9200000e+03   1.2164621e+06
   2.9187751e+03   1.2160000e+06
   2.9177818e+03   1.2150000e+06
   2.9163718e+03   1.2140000e+06
   2.9158122e+03   1.2130000e+06
   2.9152605e+03   1.2120000e+06
   2.9147002e+03   1.2110000e+06
   2.9141376e+03   1.2100000e+06
   2.9135888e+03   1.2090000e+06
   2.9130362e+03   1.2080000e+06
   2.9124621e+03   1.2070000e+06
   2.9119009e+03   1.2060000e+06
   2.9113409e+03   1.2050000e+06
   2.9107794e+03   1.2040000e+06
   2.9102180e+03   1.2030000e+06
   2.9100000e+03   1.2026102e+06
   2.9096597e+03   1.2020000e+06
   2.9090974e+03   1.2010000e+06
   2.9085350e+03   1.2000000e+06
   2.9079731e+03   1.1990000e+06
   2.9074108e+03   1.1980000e+06
   2.9068486e+03   1.1970000e+06
   2.9062878e+03   1.1960000e+06
   2.9057278e+03   1.1950000e+06
   2.9051678e+03   1.1940000e+06
   2.9046090e+03   1.1930000e+06
   2.9040468e+03   1.1920000e+06
   2.9034821e+03   1.1910000e+06
   2.9029209e+03   1.1900000e+06
   2.9023566e+03   1.1890000e+06
   2.9017937e+03   1.1880000e+06
   2.9012231e+03   1.1870000e+06
   2.9006588e+03   1.1860000e+06
   2.9000944e+03   1.1850000e+06
   2.9000000e+03   1.1848326e+06
   2.8995318e+03   1.1840000e+06
   2.8989649e+03   1.1830000e+06
   2.8983984e+03   1.1820000e+06
   2.8978316e+03   1.1810000e+06
   2.8972648e+03   1.1800000e+06
   2.8966972e+03   1.1790000e+06
   2.8961289e+03   1.1780000e+06
   2.8955634e+03   1.1770000e+06
   2.8949965e+03   1.1760000e+06
   2.8944309e+03   1.1750000e+06
   2.8938659e+03   1.1740000e+06
   2.8932988e+03   1.1730000e+06
   2.8927318e+03   1.1720000e+06
   2.8921624e+03   1.1710000e+06
   2.8915929e+03   1.1700000e+06
   2.8910238e+03   1.1690000e+06
   2.8904538e+03   1.1680000e+06
   2.8900000e+03   1.1672025e+06
   2.8898851e+03   1.1670000e+06
   2.8893174e+03   1.1660000e+06
   2.8887424e+03   1.1650000e+06
   2.8881778e+03   1.1640000e+06
   2.8876079e+03   1.1630000e+06
   2.8870363e+03   1.1620000e+06
   2.8864651e+03   1.1610000e+06
   2.8858913e+03   1.1600000e+06
   2.8853208e+03   1.1590000e+06
   2.8847494e+03   1.1580000e+06
   2.8841766e+03   1.1570000e+06
   2.8836051e+03   1.1560000e+06
   2.8830319e+03   1.1550000e+06
   2.8824584e+03   1.1540000e+06
   2.8818832e+03   1.1530000e+06
   2.8813083e+03   1.1520000e+06
   2.8807339e+03   1.1510000e+06
   2.8801594e+03   1.1500000e+06
   2.8800000e+03   1.1497224e+06
   2.8795867e+03   1.1490000e+06
   2.8790145e+03   1.1480000e+06
   2.8784400e+03   1.1470000e+06
   2.8778692e+03   1.1460000e+06
   2.8772933e+03   1.1450000e+06
   2.8767196e+03   1.1440000e+06
   2.8761467e+03   1.1430000e+06
   2.8755732e+03   1.1420000e+06
   2.8749988e+03   1.1410000e+06
   2.8744245e+03   1.1400000e+06
   2.8738469e+03   1.1390000e+06
   2.8732695e+03   1.1380000e+06
   2.8726908e+03   1.1370000e+06
   2.8721115e+03   1.1360000e+06
   2.8715306e+03   1.1350000e+06
   2.8709517e+03   1.1340000e+06
   2.8703826e+03   1.1330000e+06
   2.8700000e+03   1.1323492e+06
   2.8697953e+03   1.1320000e+06
   2.8692229e+03   1.1310000e+06
   2.8686449e+03   1.1300000e+06
   2.8680675e+03   1.1290000e+06
   2.8674884e+03   1.1280000e+06
   2.8669079e+03   1.1270000e+06
   2.8663315e+03   1.1260000e+06
   2.8657495e+03   1.1250000e+06
   2.8651698e+03   1.1240000e+06
   2.8645882e+03   1.1230000e+06
   2.8640056e+03   1.1220000e+06
   2.8634225e+03   1.1210000e+06
   2.8628402e+03   1.1200000e+06
   2.8622563e+03   1.1190000e+06
   2.8616802e+03   1.1180000e+06
   2.8610969e+03   1.1170000e+06
   2.8605135e+03   1.1160000e+06
   2.8600000e+03   1.1151230e+06
   2.8599282e+03   1.1150000e+06
   2.8593480e+03   1.1140000e+06
   2.8587636e+03   1.1130000e+06
   2.8581816e+03   1.1120000e+06
   2.8575973e+03   1.1110000e+06
   2.8570079e+03   1.1100000e+06
   2.8564226e+03   1.1090000e+06
   2.8558480e+03   1.1080000e+06
   2.8552538e+03   1.1070000e+06
   2.8546687e+03   1.1060000e+06
   2.8540834e+03   1.1050000e+06
   2.8534986e+03   1.1040000e+06
   2.8529131e+03   1.1030000e+06
   2.8523285e+03   1.1020000e+06
   2.8517381e+03   1.1010000e+06
   2.8511538e+03   1.1000000e+06
   2.8505652e+03   1.0990000e+06
   2.8500000e+03   1.0980394e+06
   2.8499769e+03   1.0980000e+06
   2.8493904e+03   1.0970000e+06
   2.8488019e+03   1.0960000e+06
   2.8482114e+03   1.0950000e+06
   2.8476247e+03   1.0940000e+06
   2.8470360e+03   1.0930000e+06
   2.8464451e+03   1.0920000e+06
   2.8458541e+03   1.0910000e+06
   2.8452632e+03   1.0900000e+06
   2.8446710e+03   1.0890000e+06
   2.8440826e+03   1.0880000e+06
   2.8434949e+03   1.0870000e+06
   2.8429063e+03   1.0860000e+06
   2.8423164e+03   1.0850000e+06
   2.8417256e+03   1.0840000e+06
   2.8411324e+03   1.0830000e+06
   2.8405404e+03   1.0820000e+06
   2.8400000e+03   1.0810859e+06
   2.8399494e+03   1.0810000e+06
   2.8393602e+03   1.0800000e+06
   2.8387704e+03   1.0790000e+06
   2.8381772e+03   1.0780000e+06
   2.8375863e+03   1.0770000e+06
   2.8369915e+03   1.0760000e+06
   2.8363998e+03   1.0750000e+06
   2.8358027e+03   1.0740000e+06
   2.8352082e+03   1.0730000e+06
   2.8346126e+03   1.0720000e+06
   2.8340156e+03   1.0710000e+06
   2.8334200e+03   1.0700000e+06
   2.8328233e+03   1.0690000e+06
   2.8322289e+03   1.0680000e+06
   2.8316306e+03   1.0670000e+06
   2.8310423e+03   1.0660000e+06
   2.8304443e+03   1.0650000e+06
   2.8300000e+03   1.0642605e+06
   2.8298440e+03   1.0640000e+06
   2.8292477e+03   1.0630000e+06
   2.8286531e+03   1.0620000e+06
   2.8280606e+03   1.0610000e+06
   2.8274661e+03   1.0600000e+06
   2.8268607e+03   1.0590000e+06
   2.8262658e+03   1.0580000e+06
   2.8256724e+03   1.0570000e+06
   2.8250745e+03   1.0560000e+06
   2.8244778e+03   1.0550000e+06
   2.8238763e+03   1.0540000e+06
   2.8232761e+03   1.0530000e+06
   2.8226780e+03   1.0520000e+06
   2.8220765e+03   1.0510000e+06
   2.8214613e+03   1.0500000e+06
   2.8208739e+03   1.0490000e+06
   2.8202677e+03   1.0480000e+06
   2.8200000e+03   1.0475568e+06
   2.8196642e+03   1.0470000e+06
   2.8190589e+03   1.0460000e+06
   2.8184505e+03   1.0450000e+06
   2.8178475e+03   1.0440000e+06
   2.8172455e+03   1.0430000e+06
   2.8166446e+03   1.0420000e+06
   2.8160443e+03   1.0410000e+06
   2.8154417e+03   1.0400000e+06
   2.8148368e+03   1.0390000e+06
   2.8142342e+03   1.0380000e+06
   2.8136293e+03   1.0370000e+06
   2.8130244e+03   1.0360000e+06
   2.8124173e+03   1.0350000e+06
   2.8118101e+03   1.0340000e+06
   2.8112026e+03   1.0330000e+06
   2.8105955e+03   1.0320000e+06
   2.8100000e+03   1.0310188e+06
   2.8099886e+03   1.0310000e+06
   2.8093842e+03   1.0300000e+06
   2.8087773e+03   1.0290000e+06
   2.8081713e+03   1.0280000e+06
   2.8075642e+03   1.0270000e+06
   2.8069561e+03   1.0260000e+06
   2.8063475e+03   1.0250000e+06
   2.8057390e+03   1.0240000e+06
   2.8051319e+03   1.0230000e+06
   2.8045238e+03   1.0220000e+06
   2.8039154e+03   1.0210000e+06
   2.8033076e+03   1.0200000e+06
   2.8026990e+03   1.0190000e+06
   2.8020873e+03   1.0180000e+06
   2.8014769e+03   1.0170000e+06
   2.8008614e+03   1.0160000e+06
   2.8002499e+03   1.0150000e+06
   2.8000000e+03   1.0145926e+06
   2.7996378e+03   1.0140000e+06
   2.7990288e+03   1.0130000e+06
   2.7984175e+03   1.0120000e+06
   2.7978039e+03   1.0110000e+06
   2.7971904e+03   1.0100000e+06
   2.7965754e+03   1.0090000e+06
   2.7959606e+03   1.0080000e+06
   2.7953451e+03   1.0070000e+06
   2.7947296e+03   1.0060000e+06
   2.7941163e+03   1.0050000e+06
   2.7935038e+03   1.0040000e+06
   2.7928901e+03   1.0030000e+06
   2.7922763e+03   1.0020000e+06
   2.7916659e+03   1.0010000e+06
   2.7910485e+03   1.0000000e+06
   2.7904324e+03   9.9900000e+05
   2.7900000e+03   9.9830037e+05
   2.7898148e+03   9.9800000e+05
   2.7891977e+03   9.9700000e+05
   2.7885692e+03   9.9600000e+05
   2.7879487e+03   9.9500000e+05
   2.7873339e+03   9.9400000e+05
   2.7867292e+03   9.9300000e+05
   2.7860964e+03   9.9200000e+05
   2.7854728e+03   9.9100000e+05
   2.7848546e+03   9.9000000e+05
   2.7842351e+03   9.8900000e+05
   2.7836215e+03   9.8800000e+05
   2.7829939e+03   9.8700000e+05
   2.7823996e+03   9.8600000e+05
   2.7817784e+03   9.8500000e+05
   2.7811558e+03   9.8400000e+05
   2.7805360e+03   9.8300000e+05
   2.7800000e+03   9.8213768e+05
   2.7799144e+03   9.8200000e+05
   2.7792928e+03   9.8100000e+05
   2.7786679e+03   9.8000000e+05
   2.7780472e+03   9.7900000e+05
   2.7774229e+03   9.7800000e+05
   2.7767987e+03   9.7700000e+05
   2.7761758e+03   9.7600000e+05
   2.7755538e+03   9.7500000e+05
   2.7749281e+03   9.7400000e+05
   2.7743059e+03   9.7300000e+05
   2.7736837e+03   9.7200000e+05
   2.7730600e+03   9.7100000e+05
   2.7724354e+03   9.7000000e+05
   2.7718090e+03   9.6900000e+05
   2.7711843e+03   9.6800000e+05
   2.7705573e+03   9.6700000e+05
   2.7700000e+03   9.6611111e+05
   2.7699305e+03   9.6600000e+05
   2.7693006e+03   9.6500000e+05
   2.7686790e+03   9.6400000e+05
   2.7680510e+03   9.6300000e+05
   2.7674245e+03   9.6200000e+05
   2.7667783e+03   9.6100000e+05
   2.7661463e+03   9.6000000e+05
   2.7655098e+03   9.5900000e+05
   2.7648866e+03   9.5800000e+05
   2.7642555e+03   9.5700000e+05
   2.7636416e+03   9.5600000e+05
   2.7630085e+03   9.5500000e+05
   2.7623721e+03   9.5400000e+05
   2.7617468e+03   9.5300000e+05
   2.7611212e+03   9.5200000e+05
   2.7604876e+03   9.5100000e+05
   2.7600000e+03   9.5022340e+05
   2.7598595e+03   9.5000000e+05
   2.7592304e+03   9.4900000e+05
   2.7585956e+03   9.4800000e+05
   2.7579666e+03   9.4700000e+05
   2.7573339e+03   9.4600000e+05
   2.7567106e+03   9.4500000e+05
   2.7560700e+03   9.4400000e+05
   2.7554357e+03   9.4300000e+05
   2.7548017e+03   9.4200000e+05
   2.7541546e+03   9.4100000e+05
   2.7535127e+03   9.4000000e+05
   2.7528992e+03   9.3900000e+05
   2.7522541e+03   9.3800000e+05
   2.7516161e+03   9.3700000e+05
   2.7509779e+03   9.3600000e+05
   2.7503461e+03   9.3500000e+05
   2.7500000e+03   9.3444912e+05
   2.7497156e+03   9.3400000e+05
   2.7490782e+03   9.3300000e+05
   2.7484433e+03   9.3200000e+05
   2.7478064e+03   9.3100000e+05
   2.7471698e+03   9.3000000e+05
   2.7465335e+03   9.2900000e+05
   2.7458921e+03   9.2800000e+05
   2.7452531e+03   9.2700000e+05
   2.7446125e+03   9.2600000e+05
   2.7439707e+03   9.2500000e+05
   2.7433267e+03   9.2400000e+05
   2.7426542e+03   9.2300000e+05
   2.7420187e+03   9.2200000e+05
   2.7413769e+03   9.2100000e+05
   2.7407328e+03   9.2000000e+05
   2.7400905e+03   9.1900000e+05
   2.7400000e+03   9.1885813e+05
   2.7394527e+03   9.1800000e+05
   2.7388280e+03   9.1700000e+05
   2.7381722e+03   9.1600000e+05
   2.7375303e+03   9.1500000e+05
   2.7368903e+03   9.1400000e+05
   2.7362503e+03   9.1300000e+05
   2.7356102e+03   9.1200000e+05
   2.7349680e+03   9.1100000e+05
   2.7343270e+03   9.1000000e+05
   2.7336781e+03   9.0900000e+05
   2.7330235e+03   9.0800000e+05
   2.7323045e+03   9.0700000e+05
   2.7316516e+03   9.0600000e+05
   2.7310031e+03   9.0500000e+05
   2.7303584e+03   9.0400000e+05
   2.7300000e+03   9.0344027e+05
   2.7297181e+03   9.0300000e+05
   2.7290798e+03   9.0200000e+05
   2.7284404e+03   9.0100000e+05
   2.7278025e+03   9.0000000e+05
   2.7271610e+03   8.9900000e+05
   2.7265181e+03   8.9800000e+05
   2.7258606e+03   8.9700000e+05
   2.7252293e+03   8.9600000e+05
   2.7245842e+03   8.9500000e+05
   2.7239375e+03   8.9400000e+05
   2.7232889e+03   8.9300000e+05
   2.7226365e+03   8.9200000e+05
   2.7219891e+03   8.9100000e+05
   2.7213390e+03   8.9000000e+05
   2.7206904e+03   8.8900000e+05
   2.7200153e+03   8.8800000e+05
   2.7200000e+03   8.8797749e+05
   2.7193377e+03   8.8700000e+05
   2.7186267e+03   8.8600000e+05
   2.7179844e+03   8.8500000e+05
   2.7173348e+03   8.8400000e+05
   2.7166761e+03   8.8300000e+05
   2.7160144e+03   8.8200000e+05
   2.7153793e+03   8.8100000e+05
   2.7147386e+03   8.8000000e+05
   2.7141001e+03   8.7900000e+05
   2.7134319e+03   8.7800000e+05
   2.7128093e+03   8.7700000e+05
   2.7121605e+03   8.7600000e+05
   2.7115098e+03   8.7500000e+05
   2.7108589e+03   8.7400000e+05
   2.7102077e+03   8.7300000e+05
   2.7100000e+03   8.7268106e+05
   2.7095524e+03   8.7200000e+05
   2.7088758e+03   8.7100000e+05
   2.7081986e+03   8.7000000e+05
   2.7075249e+03   8.6900000e+05
   2.7068201e+03   8.6800000e+05
   2.7061404e+03   8.6700000e+05
   2.7054798e+03   8.6600000e+05
   2.7048222e+03   8.6500000e+05
   2.7041672e+03   8.6400000e+05
   2.7035136e+03   8.6300000e+05
   2.7028587e+03   8.6200000e+05
   2.7022021e+03   8.6100000e+05
   2.7015449e+03   8.6000000e+05
   2.7008877e+03   8.5900000e+05
   2.7002032e+03   8.5800000e+05
   2.7000000e+03   8.5767698e+05
   2.6995738e+03   8.5700000e+05
   2.6988874e+03   8.5600000e+05
   2.6981877e+03   8.5500000e+05
   2.6975011e+03   8.5400000e+05
   2.6968180e+03   8.5300000e+05
   2.6961512e+03   8.5200000e+05
   2.6954915e+03   8.5100000e+05
   2.6948274e+03   8.5000000e+05
   2.6941704e+03   8.4900000e+05
   2.6935102e+03   8.4800000e+05
   2.6928485e+03   8.4700000e+05
   2.6921860e+03   8.4600000e+05
   2.6915217e+03   8.4500000e+05
   2.6908549e+03   8.4400000e+05
   2.6901963e+03   8.4300000e+05
   2.6900000e+03   8.4270455e+05
   2.6895341e+03   8.4200000e+05
   2.6888689e+03   8.4100000e+05
   2.6881834e+03   8.4000000e+05
   2.6875225e+03   8.3900000e+05
   2.6868330e+03   8.3800000e+05
   2.6861453e+03   8.3700000e+05
   2.6854989e+03   8.3600000e+05
   2.6848013e+03   8.3500000e+05
   2.6841037e+03   8.3400000e+05
   2.6834183e+03   8.3300000e+05
   2.6827445e+03   8.3200000e+05
   2.6820704e+03   8.3100000e+05
   2.6813949e+03   8.3000000e+05
   2.6807175e+03   8.2900000e+05
   2.6800411e+03   8.2800000e+05
   2.6800000e+03   8.2793831e+05
   2.6793842e+03   8.2700000e+05
   2.6787080e+03   8.2600000e+05
   2.6780438e+03   8.2500000e+05
   2.6773792e+03   8.2400000e+05
   2.6767128e+03   8.2300000e+05
   2.6760464e+03   8.2200000e+05
   2.6753722e+03   8.2100000e+05
   2.6746970e+03   8.2000000e+05
   2.6740145e+03   8.1900000e+05
   2.6733219e+03   8.1800000e+05
   2.6726268e+03   8.1700000e+05
   2.6719257e+03   8.1600000e+05
   2.6712055e+03   8.1500000e+05
   2.6705240e+03   8.1400000e+05
   2.6700000e+03   8.1323101e+05
   2.6698448e+03   8.1300000e+05
   2.6691711e+03   8.1200000e+05
   2.6684979e+03   8.1100000e+05
   2.6678176e+03   8.1000000e+05
   2.6671471e+03   8.0900000e+05
   2.6664566e+03   8.0800000e+05
   2.6657524e+03   8.0700000e+05
   2.6650720e+03   8.0600000e+05
   2.6644221e+03   8.0500000e+05
   2.6637361e+03   8.0400000e+05
   2.6630228e+03   8.0300000e+05
   2.6623983e+03   8.0200000e+05
   2.6616534e+03   8.0100000e+05
   2.6609620e+03   8.0000000e+05
   2.6602732e+03   7.9900000e+05
   2.6600000e+03   7.9860802e+05
   2.6595830e+03   7.9800000e+05
   2.6589669e+03   7.9700000e+05
   2.6582215e+03   7.9600000e+05
   2.6575509e+03   7.9500000e+05
   2.6569267e+03   7.9400000e+05
   2.6562246e+03   7.9300000e+05
   2.6554947e+03   7.9200000e+05
   2.6547965e+03   7.9100000e+05
   2.6541032e+03   7.9000000e+05
   2.6533847e+03   7.8900000e+05
   2.6527311e+03   7.8800000e+05
   2.6520218e+03   7.8700000e+05
   2.6513139e+03   7.8600000e+05
   2.6506230e+03   7.8500000e+05
   2.6500000e+03   7.8410736e+05
   2.6499256e+03   7.8400000e+05
   2.6492763e+03   7.8300000e+05
   2.6485830e+03   7.8200000e+05
   2.6478597e+03   7.8100000e+05
   2.6471725e+03   7.8000000e+05
   2.6464693e+03   7.7900000e+05
   2.6458095e+03   7.7800000e+05
   2.6450939e+03   7.7700000e+05
   2.6443798e+03   7.7600000e+05
   2.6436842e+03   7.7500000e+05
   2.6430511e+03   7.7400000e+05
   2.6422841e+03   7.7300000e+05
   2.6415846e+03   7.7200000e+05
   2.6408812e+03   7.7100000e+05
   2.6401834e+03   7.7000000e+05
   2.6400000e+03   7.6973700e+05
   2.6394938e+03   7.6900000e+05
   2.6388029e+03   7.6800000e+05
   2.6381011e+03   7.6700000e+05
   2.6374036e+03   7.6600000e+05
   2.6366943e+03   7.6500000e+05
   2.6360387e+03   7.6400000e+05
   2.6353340e+03   7.6300000e+05
   2.6345918e+03   7.6200000e+05
   2.6339197e+03   7.6100000e+05
   2.6331889e+03   7.6000000e+05
   2.6325427e+03   7.5900000e+05
   2.6317987e+03   7.5800000e+05
   2.6310720e+03   7.5700000e+05
   2.6303693e+03   7.5600000e+05
   2.6300000e+03   7.5547590e+05
   2.6296682e+03   7.5500000e+05
   2.6289712e+03   7.5400000e+05
   2.6282725e+03   7.5300000e+05
   2.6275751e+03   7.5200000e+05
   2.6268711e+03   7.5100000e+05
   2.6261674e+03   7.5000000e+05
   2.6254601e+03   7.4900000e+05
   2.6247360e+03   7.4800000e+05
   2.6240296e+03   7.4700000e+05
   2.6233143e+03   7.4600000e+05
   2.6226046e+03   7.4500000e+05
   2.6219007e+03   7.4400000e+05
   2.6211797e+03   7.4300000e+05
   2.6204674e+03   7.4200000e+05
   2.6200000e+03   7.4134030e+05
   2.6197601e+03   7.4100000e+05
   2.6190537e+03   7.4000000e+05
   2.6183530e+03   7.3900000e+05
   2.6176396e+03   7.3800000e+05
   2.6169150e+03   7.3700000e+05
   2.6162058e+03   7.3600000e+05
   2.6154865e+03   7.3500000e+05
   2.6147716e+03   7.3400000e+05
   2.6140585e+03   7.3300000e+05
   2.6133522e+03   7.3200000e+05
   2.6126268e+03   7.3100000e+05
   2.6119095e+03   7.3000000e+05
   2.6111960e+03   7.2900000e+05
   2.6104800e+03   7.2800000e+05
   2.6100000e+03   7.2732941e+05
   2.6097656e+03   7.2700000e+05
   2.6090645e+03   7.2600000e+05
   2.6083249e+03   7.2500000e+05
   2.6076355e+03   7.2400000e+05
   2.6068963e+03   7.2300000e+05
   2.6061964e+03   7.2200000e+05
   2.6054479e+03   7.2100000e+05
   2.6047296e+03   7.2000000e+05
   2.6040117e+03   7.1900000e+05
   2.6032928e+03   7.1800000e+05
   2.6025728e+03   7.1700000e+05
   2.6018483e+03   7.1600000e+05
   2.6011179e+03   7.1500000e+05
   2.6003944e+03   7.1400000e+05
   2.6000000e+03   7.1345507e+05
   2.5996726e+03   7.1300000e+05
   2.5989593e+03   7.1200000e+05
   2.5982325e+03   7.1100000e+05
   2.5975078e+03   7.1000000e+05
   2.5967895e+03   7.0900000e+05
   2.5960530e+03   7.0800000e+05
   2.5953501e+03   7.0700000e+05
   2.5946009e+03   7.0600000e+05
   2.5938655e+03   7.0500000e+05
   2.5931402e+03   7.0400000e+05
   2.5924088e+03   7.0300000e+05
   2.5916809e+03   7.0200000e+05
   2.5909540e+03   7.0100000e+05
   2.5902293e+03   7.0000000e+05
   2.5900000e+03   6.9968571e+05
   2.5895027e+03   6.9900000e+05
   2.5887702e+03   6.9800000e+05
   2.5880456e+03   6.9700000e+05
   2.5873092e+03   6.9600000e+05
   2.5865765e+03   6.9500000e+05
   2.5858561e+03   6.9400000e+05
   2.5851134e+03   6.9300000e+05
   2.5843775e+03   6.9200000e+05
   2.5836437e+03   6.9100000e+05
   2.5828998e+03   6.9000000e+05
   2.5821690e+03   6.8900000e+05
   2.5814628e+03   6.8800000e+05
   2.5806986e+03   6.8700000e+05
   2.5800000e+03   6.8604802e+05
   2.5799649e+03   6.8600000e+05
   2.5792382e+03   6.8500000e+05
   2.5785072e+03   6.8400000e+05
   2.5777552e+03   6.8300000e+05
   2.5770201e+03   6.8200000e+05
   2.5762795e+03   6.8100000e+05
   2.5755424e+03   6.8000000e+05
   2.5748023e+03   6.7900000e+05
   2.5740675e+03   6.7800000e+05
   2.5733237e+03   6.7700000e+05
   2.5725828e+03   6.7600000e+05
   2.5718402e+03   6.7500000e+05
   2.5710971e+03   6.7400000e+05
   2.5703531e+03   6.7300000e+05
   2.5700000e+03   6.7252235e+05
   2.5696143e+03   6.7200000e+05
   2.5688784e+03   6.7100000e+05
   2.5681211e+03   6.7000000e+05
   2.5673886e+03   6.6900000e+05
   2.5666323e+03   6.6800000e+05
   2.5658814e+03   6.6700000e+05
   2.5651347e+03   6.6600000e+05
   2.5644190e+03   6.6500000e+05
   2.5636433e+03   6.6400000e+05
   2.5628956e+03   6.6300000e+05
   2.5621511e+03   6.6200000e+05
   2.5613879e+03   6.6100000e+05
   2.5606650e+03   6.6000000e+05
   2.5600000e+03   6.5912938e+05
   2.5599020e+03   6.5900000e+05
   2.5591602e+03   6.5800000e+05
   2.5584095e+03   6.5700000e+05
   2.5576561e+03   6.5600000e+05
   2.5568774e+03   6.5500000e+05
   2.5561537e+03   6.5400000e+05
   2.5554186e+03   6.5300000e+05
   2.5546256e+03   6.5200000e+05
   2.5538753e+03   6.5100000e+05
   2.5531250e+03   6.5000000e+05
   2.5523639e+03   6.4900000e+05
   2.5516227e+03   6.4800000e+05
   2.5508419e+03   6.4700000e+05
   2.5501185e+03   6.4600000e+05
   2.5500000e+03   6.4584282e+05
   2.5493666e+03   6.4500000e+05
   2.5485691e+03   6.4400000e+05
   2.5478123e+03   6.4300000e+05
   2.5470539e+03   6.4200000e+05
   2.5462958e+03   6.4100000e+05
   2.5455416e+03   6.4000000e+05
   2.5447925e+03   6.3900000e+05
   2.5440309e+03   6.3800000e+05
   2.5432765e+03   6.3700000e+05
   2.5425218e+03   6.3600000e+05
   2.5417234e+03   6.3500000e+05
   2.5409623e+03   6.3400000e+05
   2.5402396e+03   6.3300000e+05
   2.5400000e+03   6.3268449e+05
   2.5394808e+03   6.3200000e+05
   2.5386676e+03   6.3100000e+05
   2.5378997e+03   6.3000000e+05
   2.5371368e+03   6.2900000e+05
   2.5363780e+03   6.2800000e+05
   2.5356541e+03   6.2700000e+05
   2.5348954e+03   6.2600000e+05
   2.5340837e+03   6.2500000e+05
   2.5333300e+03   6.2400000e+05
   2.5325299e+03   6.2300000e+05
   2.5318035e+03   6.2200000e+05
   2.5310136e+03   6.2100000e+05
   2.5302508e+03   6.2000000e+05
   2.5300000e+03   6.1967959e+05
   2.5294711e+03   6.1900000e+05
   2.5286759e+03   6.1800000e+05
   2.5279167e+03   6.1700000e+05
   2.5271736e+03   6.1600000e+05
   2.5263917e+03   6.1500000e+05
   2.5256192e+03   6.1400000e+05
   2.5248399e+03   6.1300000e+05
   2.5240635e+03   6.1200000e+05
   2.5233018e+03   6.1100000e+05
   2.5224803e+03   6.1000000e+05
   2.5217540e+03   6.0900000e+05
   2.5209484e+03   6.0800000e+05
   2.5201339e+03   6.0700000e+05
   2.5200000e+03   6.0682812e+05
   2.5193664e+03   6.0600000e+05
   2.5186133e+03   6.0500000e+05
   2.5178298e+03   6.0400000e+05
   2.5170612e+03   6.0300000e+05
   2.5162733e+03   6.0200000e+05
   2.5154728e+03   6.0100000e+05
   2.5146910e+03   6.0000000e+05
   2.5139050e+03   5.9900000e+05
   2.5131260e+03   5.9800000e+05
   2.5123394e+03   5.9700000e+05
   2.5115590e+03   5.9600000e+05
   2.5107765e+03   5.9500000e+05
   2.5100000e+03   5.9400771e+05
   2.5099940e+03   5.9400000e+05
   2.5092103e+03   5.9300000e+05
   2.5084313e+03   5.9200000e+05
   2.5076554e+03   5.9100000e+05
   2.5068535e+03   5.9000000e+05
   2.5060653e+03   5.8900000e+05
   2.5052909e+03   5.8800000e+05
   2.5044799e+03   5.8700000e+05
   2.5036889e+03   5.8600000e+05
   2.5029004e+03   5.8500000e+05
   2.5021621e+03   5.8400000e+05
   2.5013201e+03   5.8300000e+05
   2.5005249e+03   5.8200000e+05
   2.5000000e+03   5.8134005e+05
   2.4997327e+03   5.8100000e+05
   2.4989507e+03   5.8000000e+05
   2.4981699e+03   5.7900000e+05
   2.4973972e+03   5.7800000e+05
   2.4966162e+03   5.7700000e+05
   2.4957917e+03   5.7600000e+05
   2.4950000e+03   5.7500000e+05
   2.4941979e+03   5.7400000e+05
   2.4933833e+03   5.7300000e+05
   2.4925853e+03   5.7200000e+05
   2.4918317e+03   5.7100000e+05
   2.4909840e+03   5.7000000e+05
   2.4901835e+03   5.6900000e+05
   2.4900000e+03   5.6877000e+05
   2.4894009e+03   5.6800000e+05
   2.4886145e+03   5.6700000e+05
   2.4878121e+03   5.6600000e+05
   2.4870155e+03   5.6500000e+05
   2.4862276e+03   5.6400000e+05
   2.4854297e+03   5.6300000e+05
   2.4845789e+03   5.6200000e+05
   2.4837763e+03   5.6100000e+05
   2.4829732e+03   5.6000000e+05
   2.4821648e+03   5.5900000e+05
   2.4813624e+03   5.5800000e+05
   2.4805606e+03   5.5700000e+05
   2.4800000e+03   5.5630882e+05
   2.4797554e+03   5.5600000e+05
   2.4789862e+03   5.5500000e+05
   2.4782133e+03   5.5400000e+05
   2.4773531e+03   5.5300000e+05
   2.4765918e+03   5.5200000e+05
   2.4757995e+03   5.5100000e+05
   2.4750106e+03   5.5000000e+05
   2.4742177e+03   5.4900000e+05
   2.4734250e+03   5.4800000e+05
   2.4724600e+03   5.4700000e+05
   2.4717384e+03   5.4600000e+05
   2.4709345e+03   5.4500000e+05
   2.4701308e+03   5.4400000e+05
   2.4700000e+03   5.4385775e+05
   2.4692120e+03   5.4300000e+05
   2.4683986e+03   5.4200000e+05
   2.4675984e+03   5.4100000e+05
   2.4667559e+03   5.4000000e+05
   2.4659386e+03   5.3900000e+05
   2.4651220e+03   5.3800000e+05
   2.4643048e+03   5.3700000e+05
   2.4634873e+03   5.3600000e+05
   2.4626690e+03   5.3500000e+05
   2.4618511e+03   5.3400000e+05
   2.4610273e+03   5.3300000e+05
   2.4602081e+03   5.3200000e+05
   2.4600000e+03   5.3174641e+05
   2.4594000e+03   5.3100000e+05
   2.4585862e+03   5.3000000e+05
   2.4577818e+03   5.2900000e+05
   2.4569758e+03   5.2800000e+05
   2.4561228e+03   5.2700000e+05
   2.4553070e+03   5.2600000e+05
   2.4544916e+03   5.2500000e+05
   2.4536769e+03   5.2400000e+05
   2.4528571e+03   5.2300000e+05
   2.4520403e+03   5.2200000e+05
   2.4512224e+03   5.2100000e+05
   2.4503010e+03   5.2000000e+05
   2.4500000e+03   5.1963679e+05
   2.4494883e+03   5.1900000e+05
   2.4486930e+03   5.1800000e+05
   2.4478931e+03   5.1700000e+05
   2.4470915e+03   5.1600000e+05
   2.4462213e+03   5.1500000e+05
   2.4454071e+03   5.1400000e+05
   2.4445885e+03   5.1300000e+05
   2.4437662e+03   5.1200000e+05
   2.4429508e+03   5.1100000e+05
   2.4421350e+03   5.1000000e+05
   2.4413172e+03   5.0900000e+05
   2.4404972e+03   5.0800000e+05
   2.4400000e+03   5.0739161e+05
   2.4396732e+03   5.0700000e+05
   2.4388349e+03   5.0600000e+05
   2.4379969e+03   5.0500000e+05
   2.4370396e+03   5.0400000e+05
   2.4361768e+03   5.0300000e+05
   2.4352919e+03   5.0200000e+05
   2.4344577e+03   5.0100000e+05
   2.4336173e+03   5.0000000e+05
   2.4327827e+03   4.9900000e+05
   2.4319477e+03   4.9800000e+05
   2.4311109e+03   4.9700000e+05
   2.4301824e+03   4.9600000e+05
   2.4300000e+03   4.9578440e+05
   2.4293656e+03   4.9500000e+05
   2.4285553e+03   4.9400000e+05
   2.4277448e+03   4.9300000e+05
   2.4269015e+03   4.9200000e+05
   2.4260809e+03   4.9100000e+05
   2.4252585e+03   4.9000000e+05
   2.4244910e+03   4.8900000e+05
   2.4236751e+03   4.8800000e+05
   2.4228587e+03   4.8700000e+05
   2.4219622e+03   4.8600000e+05
   2.4211346e+03   4.8500000e+05
   2.4203065e+03   4.8400000e+05
   2.4200000e+03   4.8362896e+05
   2.4194698e+03   4.8300000e+05
   2.4184210e+03   4.8200000e+05
   2.4175858e+03   4.8100000e+05
   2.4167805e+03   4.8000000e+05
   2.4159511e+03   4.7900000e+05
   2.4151212e+03   4.7800000e+05
   2.4142894e+03   4.7700000e+05
   2.4133551e+03   4.7600000e+05
   2.4125219e+03   4.7500000e+05
   2.4116884e+03   4.7400000e+05
   2.4108535e+03   4.7300000e+05
   2.4100186e+03   4.7200000e+05
   2.4100000e+03   4.7197778e+05
   2.4091837e+03   4.7100000e+05
   2.4081699e+03   4.7000000e+05
   2.4073525e+03   4.6900000e+05
   2.4065329e+03   4.6800000e+05
   2.4056557e+03   4.6700000e+05
   2.4048417e+03   4.6600000e+05
   2.4040256e+03   4.6500000e+05
   2.4032091e+03   4.6400000e+05
   2.4024137e+03   4.6300000e+05
   2.4015870e+03   4.6200000e+05
   2.4007580e+03   4.6100000e+05
   2.4000000e+03   4.6008753e+05
   2.3999239e+03   4.6000000e+05
   2.3990544e+03   4.5900000e+05
   2.3981834e+03   4.5800000e+05
   2.3973010e+03   4.5700000e+05
   2.3964037e+03   4.5600000e+05
   2.3955135e+03   4.5500000e+05
   2.3946292e+03   4.5400000e+05
   2.3937498e+03   4.5300000e+05
   2.3928274e+03   4.5200000e+05
   2.3920335e+03   4.5100000e+05
   2.3910881e+03   4.5000000e+05
   2.3902225e+03   4.4900000e+05
   2.3900000e+03   4.4874298e+05
   2.3893529e+03   4.4800000e+05
   2.3884785e+03   4.4700000e+05
   2.3876077e+03   4.4600000e+05
   2.3867325e+03   4.4500000e+05
   2.3858564e+03   4.4400000e+05
   2.3849784e+03   4.4300000e+05
   2.3840985e+03   4.4200000e+05
   2.3832180e+03   4.4100000e+05
   2.3823392e+03   4.4000000e+05
   2.3814554e+03   4.3900000e+05
   2.3804528e+03   4.3800000e+05
   2.3800000e+03   4.3740786e+05
   2.3796871e+03   4.3700000e+05
   2.3788014e+03   4.3600000e+05
   2.3778169e+03   4.3500000e+05
   2.3769274e+03   4.3400000e+05
   2.3760505e+03   4.3300000e+05
   2.3751853e+03   4.3200000e+05
   2.3742942e+03   4.3100000e+05
   2.3734138e+03   4.3000000e+05
   2.3725330e+03   4.2900000e+05
   2.3716512e+03   4.2800000e+05
   2.3707688e+03   4.2700000e+05
   2.3700000e+03   4.2613025e+05
   2.3698836e+03   4.2600000e+05
   2.3689867e+03   4.2500000e+05
   2.3680863e+03   4.2400000e+05
   2.3671857e+03   4.2300000e+05
   2.3662828e+03   4.2200000e+05
   2.3653816e+03   4.2100000e+05
   2.3644769e+03   4.2000000e+05
   2.3635738e+03   4.1900000e+05
   2.3626381e+03   4.1800000e+05
   2.3617256e+03   4.1700000e+05
   2.3608186e+03   4.1600000e+05
   2.3600000e+03   4.1509298e+05
   2.3599163e+03   4.1500000e+05
   2.3590162e+03   4.1400000e+05
   2.3581346e+03   4.1300000e+05
   2.3572127e+03   4.1200000e+05
   2.3563097e+03   4.1100000e+05
   2.3554062e+03   4.1000000e+05
   2.3545008e+03   4.0900000e+05
   2.3535948e+03   4.0800000e+05
   2.3526872e+03   4.0700000e+05
   2.3517720e+03   4.0600000e+05
   2.3508625e+03   4.0500000e+05
   2.3500000e+03   4.0405882e+05
   2.3499461e+03   4.0400000e+05
   2.3490306e+03   4.0300000e+05
   2.3481215e+03   4.0200000e+05
   2.3472033e+03   4.0100000e+05
   2.3462830e+03   4.0000000e+05
   2.3451609e+03   3.9900000e+05
   2.3442482e+03   3.9800000e+05
   2.3433309e+03   3.9700000e+05
   2.3424205e+03   3.9600000e+05
   2.3415071e+03   3.9500000e+05
   2.3405918e+03   3.9400000e+05
   2.3400000e+03   3.9335211e+05
   2.3396764e+03   3.9300000e+05
   2.3387542e+03   3.9200000e+05
   2.3378318e+03   3.9100000e+05
   2.3369063e+03   3.9000000e+05
   2.3359804e+03   3.8900000e+05
   2.3350545e+03   3.8800000e+05
   2.3340633e+03   3.8700000e+05
   2.3331394e+03   3.8600000e+05
   2.3322232e+03   3.8500000e+05
   2.3313070e+03   3.8400000e+05
   2.3303889e+03   3.8300000e+05
   2.3300000e+03   3.8257708e+05
   2.3294629e+03   3.8200000e+05
   2.3285307e+03   3.8100000e+05
   2.3275924e+03   3.8000000e+05
   2.3266569e+03   3.7900000e+05
   2.3257180e+03   3.7800000e+05
   2.3247777e+03   3.7700000e+05
   2.3238409e+03   3.7600000e+05
   2.3229023e+03   3.7500000e+05
   2.3219633e+03   3.7400000e+05
   2.3210228e+03   3.7300000e+05
   2.3200808e+03   3.7200000e+05
   2.3200000e+03   3.7191423e+05
   2.3191415e+03   3.7100000e+05
   2.3182006e+03   3.7000000e+05
   2.3172584e+03   3.6900000e+05
   2.3163147e+03   3.6800000e+05
   2.3153687e+03   3.6700000e+05
   2.3143908e+03   3.6600000e+05
   2.3134465e+03   3.6500000e+05
   2.3125054e+03   3.6400000e+05
   2.3115614e+03   3.6300000e+05
   2.3106155e+03   3.6200000e+05
   2.3100000e+03   3.6134933e+05
   2.3096684e+03   3.6100000e+05
   2.3087127e+03   3.6000000e+05
   2.3077618e+03   3.5900000e+05
   2.3068050e+03   3.5800000e+05
   2.3058493e+03   3.5700000e+05
   2.3048871e+03   3.5600000e+05
   2.3039305e+03   3.5500000e+05
   2.3029723e+03   3.5400000e+05
   2.3020156e+03   3.5300000e+05
   2.3010551e+03   3.5200000e+05
   2.3000946e+03   3.5100000e+05
   2.3000000e+03   3.5090189e+05
   2.2991336e+03   3.5000000e+05
   2.2981718e+03   3.4900000e+05
   2.2972115e+03   3.4800000e+05
   2.2962464e+03   3.4700000e+05
   2.2952798e+03   3.4600000e+05
   2.2943155e+03   3.4500000e+05
   2.2933484e+03   3.4400000e+05
   2.2923791e+03   3.4300000e+05
   2.2914084e+03   3.4200000e+05
   2.2904363e+03   3.4100000e+05
   2.2900000e+03   3.4055370e+05
   2.2894611e+03   3.4000000e+05
   2.2884898e+03   3.3900000e+05
   2.2875185e+03   3.3800000e+05
   2.2865459e+03   3.3700000e+05
   2.2855652e+03   3.3600000e+05
   2.2845866e+03   3.3500000e+05
   2.2836095e+03   3.3400000e+05
   2.2826297e+03   3.3300000e+05
   2.2816481e+03   3.3200000e+05
   2.2806680e+03   3.3100000e+05
   2.2800000e+03   3.3031927e+05
   2.2796881e+03   3.3000000e+05
   2.2787077e+03   3.2900000e+05
   2.2777290e+03   3.2800000e+05
   2.2767444e+03   3.2700000e+05
   2.2757609e+03   3.2600000e+05
   2.2747750e+03   3.2500000e+05
   2.2737867e+03   3.2400000e+05
   2.2727988e+03   3.2300000e+05
   2.2718094e+03   3.2200000e+05
   2.2708188e+03   3.2100000e+05
   2.2700000e+03   3.2017509e+05
   2.2698270e+03   3.2000000e+05
   2.2688385e+03   3.1900000e+05
   2.2678448e+03   3.1800000e+05
   2.2668504e+03   3.1700000e+05
   2.2658559e+03   3.1600000e+05
   2.2648574e+03   3.1500000e+05
   2.2638555e+03   3.1400000e+05
   2.2628556e+03   3.1300000e+05
   2.2618550e+03   3.1200000e+05
   2.2608517e+03   3.1100000e+05
   2.2600000e+03   3.1015248e+05
   2.2598474e+03   3.1000000e+05
   2.2588471e+03   3.0900000e+05
   2.2578468e+03   3.0800000e+05
   2.2568429e+03   3.0700000e+05
   2.2558389e+03   3.0600000e+05
   2.2548333e+03   3.0500000e+05
   2.2538262e+03   3.0400000e+05
   2.2528186e+03   3.0300000e+05
   2.2518082e+03   3.0200000e+05
   2.2507960e+03   3.0100000e+05
   2.2500000e+03   3.0021366e+05
   2.2497848e+03   3.0000000e+05
   2.2487743e+03   2.9900000e+05
   2.2477633e+03   2.9800000e+05
   2.2467484e+03   2.9700000e+05
   2.2457334e+03   2.9600000e+05
   2.2447161e+03   2.9500000e+05
   2.2436982e+03   2.9400000e+05
   2.2426789e+03   2.9300000e+05
   2.2416561e+03   2.9200000e+05
   2.2406290e+03   2.9100000e+05
   2.2400000e+03   2.9045413e+05
   2.2394819e+03   2.9000000e+05
   2.2377497e+03   2.8900000e+05
   2.2360288e+03   2.8800000e+05
   2.2342570e+03   2.8700000e+05
   2.2324780e+03   2.8600000e+05
   2.2307081e+03   2.8500000e+05
   2.2300000e+03   2.8440323e+05
   2.2295263e+03   2.8400000e+05
   2.2284146e+03   2.8300000e+05
   2.2272438e+03   2.8200000e+05
   2.2261070e+03   2.8100000e+05
   2.2249566e+03   2.8000000e+05
   2.2237930e+03   2.7900000e+05
   2.2226085e+03   2.7800000e+05
   2.2214058e+03   2.7700000e+05
   2.2201992e+03   2.7600000e+05
   2.2200000e+03   2.7583357e+05
   2.2190083e+03   2.7500000e+05
   2.2177470e+03   2.7400000e+05
   2.2164878e+03   2.7300000e+05
   2.2152275e+03   2.7200000e+05
   2.2139609e+03   2.7100000e+05
   2.2126359e+03   2.7000000e+05
   2.2112864e+03   2.6900000e+05
   2.2100000e+03   2.6803841e+05
   2.2099489e+03   2.6800000e+05
   2.2085975e+03   2.6700000e+05
   2.2071854e+03   2.6600000e+05
   2.2057516e+03   2.6500000e+05
   2.2042903e+03   2.6400000e+05
   2.2027616e+03   2.6300000e+05
   2.2012088e+03   2.6200000e+05
   2.2000000e+03   2.6121342e+05
   2.1996755e+03   2.6100000e+05
   2.1981130e+03   2.6000000e+05
   2.1964784e+03   2.5900000e+05
   2.1947827e+03   2.5800000e+05
   2.1930309e+03   2.5700000e+05
   2.1912276e+03   2.5600000e+05
   2.1900000e+03   2.5533333e+05
   2.1893889e+03   2.5500000e+05
   2.1874181e+03   2.5400000e+05
   2.1852035e+03   2.5300000e+05
   2.1829302e+03   2.5200000e+05
   2.1812555e+03   2.5100000e+05
   2.1800000e+03   2.5045074e+05
   2.1789752e+03   2.5000000e+05
   2.1766200e+03   2.4900000e+05
   2.1742233e+03   2.4800000e+05
   2.1716738e+03   2.4700000e+05
   2.1700000e+03   2.4640090e+05
   2.1688930e+03   2.4600000e+05
   2.1661026e+03   2.4500000e+05
   2.1631182e+03   2.4400000e+05
   2.1600000e+03   2.4309136e+05
   2.1596945e+03   2.4300000e+05
   2.1565182e+03   2.4200000e+05
   2.1528910e+03   2.4100000e+05
   2.1500000e+03   2.4022867e+05
   2.1491359e+03   2.4000000e+05
   2.1448671e+03   2.3900000e+05
   2.1402534e+03   2.3800000e+05
   2.1400000e+03   2.3794256e+05
   2.1360766e+03   2.3700000e+05
   2.1311591e+03   2.3600000e+05
   2.1300000e+03   2.3578646e+05
   2.1258117e+03   2.3500000e+05
   2.1200506e+03   2.3400000e+05
   2.1200000e+03   2.3399209e+05
   2.1138246e+03   2.3300000e+05
   2.1100000e+03   2.3240801e+05
   2.1073783e+03   2.3200000e+05
   2.1000178e+03   2.3100000e+05
   2.1074833e+03   2.3000000e+05
   2.1063872e+03   2.2900000e+05
   2.1052002e+03   2.2800000e+05
   2.1040023e+03   2.2700000e+05
   2.1028220e+03   2.2600000e+05
   2.1014766e+03   2.2500000e+05
   2.1001619e+03   2.2400000e+05
   2.1000000e+03   2.2394593e+05
   2.0976311e+03   2.2300000e+05
   2.0980450e+03   2.2200000e+05
   2.0965637e+03   2.2100000e+05
   2.0962386e+03   2.2000000e+05
   2.0955116e+03   2.1900000e+05
   2.0949195e+03   2.1800000e+05
   2.0943967e+03   2.1700000e+05
   2.0937311e+03   2.1600000e+05
   2.0931770e+03   2.1500000e+05
   2.0926111e+03   2.1400000e+05
   2.0920445e+03   2.1300000e+05
   2.0912417e+03   2.1200000e+05
   2.0909058e+03   2.1100000e+05
   2.0903392e+03   2.1000000e+05
   2.0900000e+03   2.0939883e+05
   2.0897675e+03   2.0900000e+05
   2.0889460e+03   2.0800000e+05
   2.0885726e+03   2.0700000e+05
   2.0879504e+03   2.0600000e+05
   2.0872822e+03   2.0500000e+05
   2.0856651e+03   2.0400000e+05
   2.0814007e+03   2.0300000e+05
   2.0800000e+03   2.0268843e+05
   2.0770870e+03   2.0200000e+05
   2.0726767e+03   2.0100000e+05
   2.0700000e+03   2.0016808e+05
   2.0694179e+03   2.0000000e+05
   2.0686038e+03   1.9900000e+05
   2.0695716e+03   1.9800000e+05
   2.0699339e+03   1.9700000e+05
   2.0700000e+03   1.9680000e+05
   2.0702683e+03   1.9600000e+05
   2.0707656e+03   1.9500000e+05
   2.0711051e+03   1.9400000e+05
   2.0711806e+03   1.9300000e+05
   2.0716488e+03   1.9200000e+05
   2.0719931e+03   1.9100000e+05
   2.0721747e+03   1.9000000e+05
   2.0723939e+03   1.8900000e+05
   2.0724400e+03   1.8800000e+05
   2.0723783e+03   1.8700000e+05
   2.0726564e+03   1.8600000e+05
   2.0727006e+03   1.8500000e+05
   2.0726449e+03   1.8400000e+05
   2.0727822e+03   1.8300000e+05
   2.0727947e+03   1.8200000e+05
   2.0726851e+03   1.8100000e+05
   2.0727248e+03   1.8000000e+05
   2.0726741e+03   1.7900000e+05
   2.0726926e+03   1.7800000e+05
   2.0726332e+03   1.7700000e+05
   2.0725296e+03   1.7600000e+05
   2.0727011e+03   1.7500000e+05
   2.0723533e+03   1.7400000e+05
   2.0719920e+03   1.7300000e+05
   2.0716780e+03   1.7200000e+05
   2.0707346e+03   1.7100000e+05
   2.0700000e+03   1.7028711e+05
   2.0697051e+03   1.7000000e+05
   2.0686976e+03   1.6900000e+05
   2.0676767e+03   1.6800000e+05
   2.0666533e+03   1.6700000e+05
   2.0656274e+03   1.6600000e+05
   2.0645963e+03   1.6500000e+05
   2.0635644e+03   1.6400000e+05
   2.0625310e+03   1.6300000e+05
   2.0614946e+03   1.6200000e+05
   2.0604536e+03   1.6100000e+05
   2.0600000e+03   1.6056501e+05
   2.0594136e+03   1.6000000e+05
   2.0583711e+03   1.5900000e+05
   2.0573272e+03   1.5800000e+05
   2.0562810e+03   1.5700000e+05
   2.0552487e+03   1.5600000e+05
   2.0542684e+03   1.5500000e+05
   2.0532862e+03   1.5400000e+05
   2.0522913e+03   1.5300000e+05
   2.0513032e+03   1.5200000e+05
   2.0503141e+03   1.5100000e+05
   2.0500000e+03   1.5068074e+05
   2.0493343e+03   1.5000000e+05
   2.0483455e+03   1.4900000e+05
   2.0473538e+03   1.4800000e+05
   2.0463611e+03   1.4700000e+05
   2.0453591e+03   1.4600000e+05
   2.0443563e+03   1.4500000e+05
   2.0400000e+03   1.4454229e+05
   2.0369132e+03   1.4400000e+05
   2.0300000e+03   1.4358751e+05
   2.0200000e+03   1.4303983e+05
   2.0194759e+03   1.4300000e+05
   2.0100000e+03   1.4213221e+05
   2.0076812e+03   1.4200000e+05
   2.0063525e+03   1.4100000e+05
   2.0053324e+03   1.4000000e+05
   2.0043557e+03   1.3900000e+05
   2.0033763e+03   1.3800000e+05
   2.0023656e+03   1.3700000e+05
   2.0013572e+03   1.3600000e+05
   2.0003838e+03   1.3500000e+05
   2.0000000e+03   1.3462441e+05
   1.9993616e+03   1.3400000e+05
   1.9982498e+03   1.3300000e+05
   1.9972247e+03   1.3200000e+05
   1.9961623e+03   1.3100000e+05
   1.9951151e+03   1.3000000e+05
   1.9941195e+03   1.2900000e+05
   1.9930871e+03   1.2800000e+05
   1.9920249e+03   1.2700000e+05
   1.9909421e+03   1.2600000e+05
   1.9900000e+03   1.2513393e+05
   1.9898552e+03   1.2500000e+05
   1.9887148e+03   1.2400000e+05
   1.9876229e+03   1.2300000e+05
   1.9865803e+03   1.2200000e+05
   1.9854871e+03   1.2100000e+05
   1.9845396e+03   1.2000000e+05
   1.9835880e+03   1.1900000e+05
   1.9826165e+03   1.1800000e+05
   1.9816456e+03   1.1700000e+05
   1.9806641e+03   1.1600000e+05
   1.9800000e+03   1.1532410e+05
   1.9796832e+03   1.1500000e+05
   1.9786713e+03   1.1400000e+05
   1.9777073e+03   1.1300000e+05
   1.9767232e+03   1.1200000e+05
   1.9756979e+03   1.1100000e+05
   1.9746190e+03   1.1000000e+05
   1.9735950e+03   1.0900000e+05
   1.9725384e+03   1.0800000e+05
   1.9714476e+03   1.0700000e+05
   1.9703875e+03   1.0600000e+05
   1.9700000e+03   1.0564689e+05
   1.9692940e+03   1.0500000e+05
   1.9682237e+03   1.0400000e+05
   1.9671329e+03   1.0300000e+05
   1.9660307e+03   1.0200000e+05
   1.9649094e+03   1.0100000e+05
   1.9637844e+03   1.0000000e+05
   1.9626682e+03   9.9000000e+04
   1.9614700e+03   9.8000000e+04
   1.9603212e+03   9.7000000e+04
   1.9600000e+03   9.6727517e+04
   1.9591534e+03   9.6000000e+04
   1.9580047e+03   9.5000000e+04
   1.9568076e+03   9.4000000e+04
   1.9556424e+03   9.3000000e+04
   1.9544756e+03   9.2000000e+04
   1.9532889e+03   9.1000000e+04
   1.9520577e+03   9.0000000e+04
   1.9507761e+03   8.9000000e+04
   1.9500000e+03   8.8386700e+04
   1.9495141e+03   8.8000000e+04
   1.9482752e+03   8.7000000e+04
   1.9470199e+03   8.6000000e+04
   1.9457254e+03   8.5000000e+04
   1.9444425e+03   8.4000000e+04
   1.9431976e+03   8.3000000e+04
   1.9419501e+03   8.2000000e+04
   1.9406323e+03   8.1000000e+04
   1.9400000e+03   8.0512575e+04
   1.9393398e+03   8.0000000e+04
   1.9380544e+03   7.9000000e+04
   1.9366682e+03   7.8000000e+04
   1.9353334e+03   7.7000000e+04
   1.9339772e+03   7.6000000e+04
   1.9326043e+03   7.5000000e+04
   1.9312213e+03   7.4000000e+04
   1.9300000e+03   7.3106982e+04
   1.9298548e+03   7.3000000e+04
   1.9284846e+03   7.2000000e+04
   1.9270922e+03   7.1000000e+04
   1.9256885e+03   7.0000000e+04
   1.9242698e+03   6.9000000e+04
   1.9228403e+03   6.8000000e+04
   1.9214017e+03   6.7000000e+04
   1.9200000e+03   6.6025478e+04
   1.9199634e+03   6.6000000e+04
   1.9184975e+03   6.5000000e+04
   1.9170247e+03   6.4000000e+04
   1.9155419e+03   6.3000000e+04
   1.9140445e+03   6.2000000e+04
   1.9125442e+03   6.1000000e+04
   1.9110318e+03   6.0000000e+04
   1.9100000e+03   5.9341040e+04
   1.9094680e+03   5.9000000e+04
   1.9079249e+03   5.8000000e+04
   1.9063591e+03   5.7000000e+04
   1.9047789e+03   5.6000000e+04
   1.9031974e+03   5.5000000e+04
   1.9015915e+03   5.4000000e+04
   1.9000030e+03   5.3000000e+04
   1.9000000e+03   5.2998244e+04
   1.8983105e+03   5.2000000e+04
   1.8966706e+03   5.1000000e+04
   1.8949770e+03   5.0000000e+04
   1.8932817e+03   4.9000000e+04
   1.8915714e+03   4.8000000e+04
   1.8900000e+03   4.7085492e+04
   1.8898538e+03   4.7000000e+04
   1.8881091e+03   4.6000000e+04
   1.8863173e+03   4.5000000e+04
   1.8845005e+03   4.4000000e+04
   1.8826787e+03   4.3000000e+04
   1.8807963e+03   4.2000000e+04
   1.8800000e+03   4.1584227e+04
   1.8788882e+03   4.1000000e+04
   1.8769708e+03   4.0000000e+04
   1.8749863e+03   3.9000000e+04
   1.8729752e+03   3.8000000e+04
   1.8708709e+03   3.7000000e+04
   1.8700000e+03   3.6589918e+04
   1.8687559e+03   3.6000000e+04
   1.8665692e+03   3.5000000e+04
   1.8643151e+03   3.4000000e+04
   1.8619878e+03   3.3000000e+04
   1.8600000e+03   3.2193548e+04
   1.8595276e+03   3.2000000e+04
   1.8570480e+03   3.1000000e+04
   1.8543652e+03   3.0000000e+04
   1.8515549e+03   2.9000000e+04
   1.8500000e+03   2.8475495e+04
   1.8486062e+03   2.8000000e+04
   1.8453201e+03   2.7000000e+04
   1.8417322e+03   2.6000000e+04
   1.8400000e+03   2.5512790e+04
   1.8381394e+03   2.5000000e+04
   1.8363543e+03   2.4000000e+04
   1.8344757e+03   2.3000000e+04
   1.8326264e+03   2.2000000e+04
   1.8307677e+03   2.1000000e+04
   1.8300000e+03   2.0591667e+04
   1.8288938e+03   2.0000000e+04
   1.8270230e+03   1.9000000e+04
   1.8251060e+03   1.8000000e+04
   1.8231912e+03   1.7000000e+04
   1.8212624e+03   1.6000000e+04
   1.8200000e+03   1.5352643e+04
   1.8193154e+03   1.5000000e+04
   1.8173585e+03   1.4000000e+04
   1.8153877e+03   1.3000000e+04
   1.8134024e+03   1.2000000e+04
   1.8113894e+03   1.1000000e+04
   1.8100000e+03   1.0315172e+04
   1.8093636e+03   1.0000000e+04
   1.8073261e+03   9.0000000e+03
   1.8052628e+03   8.0000000e+03
   1.8031815e+03   7.0000000e+03
   1.8010834e+03   6.0000000e+03
   1.8000000e+03   5.4996797e+03
   1.7989330e+03   5.0000000e+03
   1.7977667e+03   4.0000000e+03
   1.7998169e+03   3.0000000e+03
   1.8000000e+03   2.6744731e+03
   1.8003931e+03   2.0000000e+03
   1.8012341e+03   1.0000000e+03
   1.8000000e+03   0.0000000e+00
   1.8000000e+03   0.0000000e+00
