   1.9288116e+03   1.3500000e+06
   1.9284808e+03   1.3490000e+06
   1.9281487e+03   1.3480000e+06
   1.9278126e+03   1.3470000e+06
   1.9274758e+03   1.3460000e+06
   1.9271332e+03   1.3450000e+06
   1.9268007e+03   1.3440000e+06
   1.9264682e+03   1.3430000e+06
   1.9261366e+03   1.3420000e+06
   1.9258035e+03   1.3410000e+06
   1.9254713e+03   1.3400000e+06
   1.9251421e+03   1.3390000e+06
   1.9248080e+03   1.3380000e+06
   1.9244736e+03   1.3370000e+06
   1.9241273e+03   1.3360000e+06
   1.9237881e+03   1.3350000e+06
   1.9234358e+03   1.3340000e+06
   1.9230894e+03   1.3330000e+06
   1.9227374e+03   1.3320000e+06
   1.9224671e+03   1.3310000e+06
   1.9220501e+03   1.3300000e+06
   1.9217086e+03   1.3290000e+06
   1.9213668e+03   1.3280000e+06
   1.9210253e+03   1.3270000e+06
   1.9206835e+03   1.3260000e+06
   1.9203425e+03   1.3250000e+06
   1.9200000e+03   1.3240089e+06
   1.9199970e+03   1.3240000e+06
   1.9196737e+03   1.3230000e+06
   1.9193488e+03   1.3220000e+06
   1.9190222e+03   1.3210000e+06
   1.9186925e+03   1.3200000e+06
   1.9183626e+03   1.3190000e+06
   1.9180288e+03   1.3180000e+06
   1.9177013e+03   1.3170000e+06
   1.9173799e+03   1.3160000e+06
   1.9170536e+03   1.3150000e+06
   1.9167259e+03   1.3140000e+06
   1.9163977e+03   1.3130000e+06
   1.9160701e+03   1.3120000e+06
   1.9157257e+03   1.3110000e+06
   1.9153703e+03   1.3100000e+06
   1.9150207e+03   1.3090000e+06
   1.9146719e+03   1.3080000e+06
   1.9143229e+03   1.3070000e+06
   1.9139761e+03   1.3060000e+06
   1.9136433e+03   1.3050000e+06
   1.9133008e+03   1.3040000e+06
   1.9129741e+03   1.3030000e+06
   1.9126514e+03   1.3020000e+06
   1.9123266e+03   1.3010000e+06
   1.9119890e+03   1.3000000e+06
   1.9116238e+03   1.2990000e+06
   1.9112863e+03   1.2980000e+06
   1.9109264e+03   1.2970000e+06
   1.9105469e+03   1.2960000e+06
   1.9101648e+03   1.2950000e+06
   1.9100000e+03   1.2945697e+06
   1.9097854e+03   1.2940000e+06
   1.9094143e+03   1.2930000e+06
   1.9090816e+03   1.2920000e+06
   1.9087834e+03   1.2910000e+06
   1.9084851e+03   1.2900000e+06
   1.9081719e+03   1.2890000e+06
   1.9078723e+03   1.2880000e+06
   1.9075715e+03   1.2870000e+06
   1.9072495e+03   1.2860000e+06
   1.9069315e+03   1.2850000e+06
   1.9065991e+03   1.2840000e+06
   1.9064139e+03   1.2830000e+06
   1.9059121e+03   1.2820000e+06
   1.9055751e+03   1.2810000e+06
   1.9052581e+03   1.2800000e+06
   1.9049020e+03   1.2790000e+06
   1.9045404e+03   1.2780000e+06
   1.9041999e+03   1.2770000e+06
   1.9038617e+03   1.2760000e+06
   1.9035239e+03   1.2750000e+06
   1.9031851e+03   1.2740000e+06
   1.9028463e+03   1.2730000e+06
   1.9025117e+03   1.2720000e+06
   1.9021738e+03   1.2710000e+06
   1.9018433e+03   1.2700000e+06
   1.9015059e+03   1.2690000e+06
   1.9011672e+03   1.2680000e+06
   1.9008255e+03   1.2670000e+06
   1.9004641e+03   1.2660000e+06
   1.9001019e+03   1.2650000e+06
   1.9001634e+03   1.2640000e+06
   1.9000000e+03   1.2637821e+06
   1.8993936e+03   1.2630000e+06
   1.8990335e+03   1.2620000e+06
   1.8987204e+03   1.2610000e+06
   1.8983278e+03   1.2600000e+06
   1.8979892e+03   1.2590000e+06
   1.8976518e+03   1.2580000e+06
   1.8973159e+03   1.2570000e+06
   1.8969774e+03   1.2560000e+06
   1.8966391e+03   1.2550000e+06
   1.8962989e+03   1.2540000e+06
   1.8959572e+03   1.2530000e+06
   1.8956155e+03   1.2520000e+06
   1.8952665e+03   1.2510000e+06
   1.8949239e+03   1.2500000e+06
   1.8945812e+03   1.2490000e+06
   1.8942175e+03   1.2480000e+06
   1.8938780e+03   1.2470000e+06
   1.8935248e+03   1.2460000e+06
   1.8931935e+03   1.2450000e+06
   1.8928427e+03   1.2440000e+06
   1.8924929e+03   1.2430000e+06
   1.8921673e+03   1.2420000e+06
   1.8918052e+03   1.2410000e+06
   1.8914655e+03   1.2400000e+06
   1.8911207e+03   1.2390000e+06
   1.8907677e+03   1.2380000e+06
   1.8904222e+03   1.2370000e+06
   1.8900663e+03   1.2360000e+06
   1.8900000e+03   1.2358079e+06
   1.8897218e+03   1.2350000e+06
   1.8893555e+03   1.2340000e+06
   1.8889985e+03   1.2330000e+06
   1.8886394e+03   1.2320000e+06
   1.8882799e+03   1.2310000e+06
   1.8879267e+03   1.2300000e+06
   1.8875585e+03   1.2290000e+06
   1.8872043e+03   1.2280000e+06
   1.8868527e+03   1.2270000e+06
   1.8865017e+03   1.2260000e+06
   1.8861504e+03   1.2250000e+06
   1.8857980e+03   1.2240000e+06
   1.8854471e+03   1.2230000e+06
   1.8851050e+03   1.2220000e+06
   1.8847484e+03   1.2210000e+06
   1.8844050e+03   1.2200000e+06
   1.8840620e+03   1.2190000e+06
   1.8837221e+03   1.2180000e+06
   1.8833882e+03   1.2170000e+06
   1.8829902e+03   1.2160000e+06
   1.8826812e+03   1.2150000e+06
   1.8823303e+03   1.2140000e+06
   1.8819719e+03   1.2130000e+06
   1.8816105e+03   1.2120000e+06
   1.8812489e+03   1.2110000e+06
   1.8808900e+03   1.2100000e+06
   1.8805411e+03   1.2090000e+06
   1.8801874e+03   1.2080000e+06
   1.8800000e+03   1.2074703e+06
   1.8798342e+03   1.2070000e+06
   1.8794797e+03   1.2060000e+06
   1.8791261e+03   1.2050000e+06
   1.8787706e+03   1.2040000e+06
   1.8784117e+03   1.2030000e+06
   1.8780428e+03   1.2020000e+06
   1.8776789e+03   1.2010000e+06
   1.8773159e+03   1.2000000e+06
   1.8769527e+03   1.1990000e+06
   1.8765878e+03   1.1980000e+06
   1.8762234e+03   1.1970000e+06
   1.8758723e+03   1.1960000e+06
   1.8755197e+03   1.1950000e+06
   1.8751667e+03   1.1940000e+06
   1.8748254e+03   1.1930000e+06
   1.8744718e+03   1.1920000e+06
   1.8741169e+03   1.1910000e+06
   1.8737551e+03   1.1900000e+06
   1.8733918e+03   1.1890000e+06
   1.8730006e+03   1.1880000e+06
   1.8726343e+03   1.1870000e+06
   1.8722703e+03   1.1860000e+06
   1.8719063e+03   1.1850000e+06
   1.8715431e+03   1.1840000e+06
   1.8711789e+03   1.1830000e+06
   1.8708136e+03   1.1820000e+06
   1.8704829e+03   1.1810000e+06
   1.8701183e+03   1.1800000e+06
   1.8700000e+03   1.1796776e+06
   1.8697525e+03   1.1790000e+06
   1.8693878e+03   1.1780000e+06
   1.8690352e+03   1.1770000e+06
   1.8686841e+03   1.1760000e+06
   1.8682762e+03   1.1750000e+06
   1.8679291e+03   1.1740000e+06
   1.8675869e+03   1.1730000e+06
   1.8672358e+03   1.1720000e+06
   1.8668742e+03   1.1710000e+06
   1.8665054e+03   1.1700000e+06
   1.8661345e+03   1.1690000e+06
   1.8657452e+03   1.1680000e+06
   1.8654100e+03   1.1670000e+06
   1.8650395e+03   1.1660000e+06
   1.8647102e+03   1.1650000e+06
   1.8643066e+03   1.1640000e+06
   1.8639413e+03   1.1630000e+06
   1.8635710e+03   1.1620000e+06
   1.8632217e+03   1.1610000e+06
   1.8628953e+03   1.1600000e+06
   1.8625264e+03   1.1590000e+06
   1.8621634e+03   1.1580000e+06
   1.8618034e+03   1.1570000e+06
   1.8614371e+03   1.1560000e+06
   1.8610609e+03   1.1550000e+06
   1.8606530e+03   1.1540000e+06
   1.8602946e+03   1.1530000e+06
   1.8600000e+03   1.1521885e+06
   1.8599322e+03   1.1520000e+06
   1.8595634e+03   1.1510000e+06
   1.8591975e+03   1.1500000e+06
   1.8588353e+03   1.1490000e+06
   1.8584712e+03   1.1480000e+06
   1.8581139e+03   1.1470000e+06
   1.8577437e+03   1.1460000e+06
   1.8573772e+03   1.1450000e+06
   1.8570118e+03   1.1440000e+06
   1.8566361e+03   1.1430000e+06
   1.8562620e+03   1.1420000e+06
   1.8558768e+03   1.1410000e+06
   1.8555123e+03   1.1400000e+06
   1.8551335e+03   1.1390000e+06
   1.8547695e+03   1.1380000e+06
   1.8543943e+03   1.1370000e+06
   1.8539814e+03   1.1360000e+06
   1.8536466e+03   1.1350000e+06
   1.8533349e+03   1.1340000e+06
   1.8529185e+03   1.1330000e+06
   1.8525159e+03   1.1320000e+06
   1.8520493e+03   1.1310000e+06
   1.8511005e+03   1.1300000e+06
   1.8500000e+03   1.1296814e+06
   1.8475568e+03   1.1290000e+06
   1.8439912e+03   1.1280000e+06
   1.8402453e+03   1.1270000e+06
   1.8400000e+03   1.1269417e+06
   1.8362567e+03   1.1260000e+06
   1.8326302e+03   1.1250000e+06
   1.8300000e+03   1.1241946e+06
   1.8293220e+03   1.1240000e+06
   1.8259018e+03   1.1230000e+06
   1.8222833e+03   1.1220000e+06
   1.8200000e+03   1.1214222e+06
   1.8184019e+03   1.1210000e+06
   1.8148618e+03   1.1200000e+06
   1.8119146e+03   1.1190000e+06
   1.8101632e+03   1.1180000e+06
   1.8100000e+03   1.1175359e+06
   1.8098127e+03   1.1170000e+06
   1.8094647e+03   1.1160000e+06
   1.8091045e+03   1.1150000e+06
   1.8087356e+03   1.1140000e+06
   1.8084667e+03   1.1130000e+06
   1.8080527e+03   1.1120000e+06
   1.8076569e+03   1.1110000e+06
   1.8072966e+03   1.1100000e+06
   1.8069376e+03   1.1090000e+06
   1.8065713e+03   1.1080000e+06
   1.8062063e+03   1.1070000e+06
   1.8058439e+03   1.1060000e+06
   1.8054745e+03   1.1050000e+06
   1.8051055e+03   1.1040000e+06
   1.8047365e+03   1.1030000e+06
   1.8043682e+03   1.1020000e+06
   1.8039968e+03   1.1010000e+06
   1.8036266e+03   1.1000000e+06
   1.8032586e+03   1.0990000e+06
   1.8028890e+03   1.0980000e+06
   1.8025173e+03   1.0970000e+06
   1.8021454e+03   1.0960000e+06
   1.8017937e+03   1.0950000e+06
   1.8014172e+03   1.0940000e+06
   1.8010622e+03   1.0930000e+06
   1.8007045e+03   1.0920000e+06
   1.8002949e+03   1.0910000e+06
   1.8000000e+03   1.0901743e+06
   1.7999384e+03   1.0900000e+06
   1.7995840e+03   1.0890000e+06
   1.7992193e+03   1.0880000e+06
   1.7988501e+03   1.0870000e+06
   1.7985209e+03   1.0860000e+06
   1.7981255e+03   1.0850000e+06
   1.7978018e+03   1.0840000e+06
   1.7974318e+03   1.0830000e+06
   1.7970587e+03   1.0820000e+06
   1.7966877e+03   1.0810000e+06
   1.7963169e+03   1.0800000e+06
   1.7959431e+03   1.0790000e+06
   1.7955686e+03   1.0780000e+06
   1.7951941e+03   1.0770000e+06
   1.7948199e+03   1.0760000e+06
   1.7944479e+03   1.0750000e+06
   1.7940756e+03   1.0740000e+06
   1.7937016e+03   1.0730000e+06
   1.7933236e+03   1.0720000e+06
   1.7929476e+03   1.0710000e+06
   1.7925744e+03   1.0700000e+06
   1.7922023e+03   1.0690000e+06
   1.7918323e+03   1.0680000e+06
   1.7914587e+03   1.0670000e+06
   1.7910912e+03   1.0660000e+06
   1.7907175e+03   1.0650000e+06
   1.7903495e+03   1.0640000e+06
   1.7900000e+03   1.0630667e+06
   1.7899752e+03   1.0630000e+06
   1.7896088e+03   1.0620000e+06
   1.7892436e+03   1.0610000e+06
   1.7888796e+03   1.0600000e+06
   1.7885155e+03   1.0590000e+06
   1.7881556e+03   1.0580000e+06
   1.7877870e+03   1.0570000e+06
   1.7874185e+03   1.0560000e+06
   1.7870484e+03   1.0550000e+06
   1.7866642e+03   1.0540000e+06
   1.7862895e+03   1.0530000e+06
   1.7859164e+03   1.0520000e+06
   1.7855478e+03   1.0510000e+06
   1.7851673e+03   1.0500000e+06
   1.7847975e+03   1.0490000e+06
   1.7844202e+03   1.0480000e+06
   1.7840414e+03   1.0470000e+06
   1.7836631e+03   1.0460000e+06
   1.7832853e+03   1.0450000e+06
   1.7829085e+03   1.0440000e+06
   1.7825350e+03   1.0430000e+06
   1.7821649e+03   1.0420000e+06
   1.7817966e+03   1.0410000e+06
   1.7814265e+03   1.0400000e+06
   1.7810546e+03   1.0390000e+06
   1.7806822e+03   1.0380000e+06
   1.7803097e+03   1.0370000e+06
   1.7800000e+03   1.0361654e+06
   1.7799390e+03   1.0360000e+06
   1.7795685e+03   1.0350000e+06
   1.7791973e+03   1.0340000e+06
   1.7788280e+03   1.0330000e+06
   1.7784592e+03   1.0320000e+06
   1.7780878e+03   1.0310000e+06
   1.7777068e+03   1.0300000e+06
   1.7773272e+03   1.0290000e+06
   1.7769463e+03   1.0280000e+06
   1.7765648e+03   1.0270000e+06
   1.7761837e+03   1.0260000e+06
   1.7758012e+03   1.0250000e+06
   1.7754203e+03   1.0240000e+06
   1.7750391e+03   1.0230000e+06
   1.7746580e+03   1.0220000e+06
   1.7742754e+03   1.0210000e+06
   1.7738933e+03   1.0200000e+06
   1.7735107e+03   1.0190000e+06
   1.7731333e+03   1.0180000e+06
   1.7727623e+03   1.0170000e+06
   1.7723899e+03   1.0160000e+06
   1.7720200e+03   1.0150000e+06
   1.7716488e+03   1.0140000e+06
   1.7712764e+03   1.0130000e+06
   1.7709053e+03   1.0120000e+06
   1.7705259e+03   1.0110000e+06
   1.7701492e+03   1.0100000e+06
   1.7700000e+03   1.0096084e+06
   1.7697694e+03   1.0090000e+06
   1.7693918e+03   1.0080000e+06
   1.7690127e+03   1.0070000e+06
   1.7686338e+03   1.0060000e+06
   1.7682519e+03   1.0050000e+06
   1.7678686e+03   1.0040000e+06
   1.7674928e+03   1.0030000e+06
   1.7671086e+03   1.0020000e+06
   1.7667234e+03   1.0010000e+06
   1.7663387e+03   1.0000000e+06
   1.7659521e+03   9.9900000e+05
   1.7655657e+03   9.9800000e+05
   1.7651782e+03   9.9700000e+05
   1.7647930e+03   9.9600000e+05
   1.7644057e+03   9.9500000e+05
   1.7640225e+03   9.9400000e+05
   1.7636670e+03   9.9300000e+05
   1.7632611e+03   9.9200000e+05
   1.7628823e+03   9.9100000e+05
   1.7625115e+03   9.9000000e+05
   1.7621361e+03   9.8900000e+05
   1.7617654e+03   9.8800000e+05
   1.7613934e+03   9.8700000e+05
   1.7610130e+03   9.8600000e+05
   1.7606255e+03   9.8500000e+05
   1.7602364e+03   9.8400000e+05
   1.7600000e+03   9.8337405e+05
   1.7598595e+03   9.8300000e+05
   1.7594723e+03   9.8200000e+05
   1.7590850e+03   9.8100000e+05
   1.7586895e+03   9.8000000e+05
   1.7583116e+03   9.7900000e+05
   1.7579246e+03   9.7800000e+05
   1.7575348e+03   9.7700000e+05
   1.7571394e+03   9.7600000e+05
   1.7567516e+03   9.7500000e+05
   1.7563644e+03   9.7400000e+05
   1.7559745e+03   9.7300000e+05
   1.7555850e+03   9.7200000e+05
   1.7551955e+03   9.7100000e+05
   1.7548294e+03   9.7000000e+05
   1.7544364e+03   9.6900000e+05
   1.7540420e+03   9.6800000e+05
   1.7536577e+03   9.6700000e+05
   1.7532815e+03   9.6600000e+05
   1.7529049e+03   9.6500000e+05
   1.7525237e+03   9.6400000e+05
   1.7521327e+03   9.6300000e+05
   1.7517589e+03   9.6200000e+05
   1.7513837e+03   9.6100000e+05
   1.7509927e+03   9.6000000e+05
   1.7505991e+03   9.5900000e+05
   1.7502069e+03   9.5800000e+05
   1.7500000e+03   9.5747273e+05
   1.7498148e+03   9.5700000e+05
   1.7494216e+03   9.5600000e+05
   1.7490285e+03   9.5500000e+05
   1.7486425e+03   9.5400000e+05
   1.7482547e+03   9.5300000e+05
   1.7478681e+03   9.5200000e+05
   1.7474804e+03   9.5100000e+05
   1.7470931e+03   9.5000000e+05
   1.7467051e+03   9.4900000e+05
   1.7463159e+03   9.4800000e+05
   1.7459272e+03   9.4700000e+05
   1.7455356e+03   9.4600000e+05
   1.7451425e+03   9.4500000e+05
   1.7447490e+03   9.4400000e+05
   1.7443532e+03   9.4300000e+05
   1.7439571e+03   9.4200000e+05
   1.7435701e+03   9.4100000e+05
   1.7431764e+03   9.4000000e+05
   1.7427881e+03   9.3900000e+05
   1.7424004e+03   9.3800000e+05
   1.7420125e+03   9.3700000e+05
   1.7416155e+03   9.3600000e+05
   1.7412242e+03   9.3500000e+05
   1.7408331e+03   9.3400000e+05
   1.7404367e+03   9.3300000e+05
   1.7400398e+03   9.3200000e+05
   1.7400000e+03   9.3190000e+05
   1.7396429e+03   9.3100000e+05
   1.7392461e+03   9.3000000e+05
   1.7388508e+03   9.2900000e+05
   1.7384591e+03   9.2800000e+05
   1.7380677e+03   9.2700000e+05
   1.7376769e+03   9.2600000e+05
   1.7372823e+03   9.2500000e+05
   1.7368903e+03   9.2400000e+05
   1.7365013e+03   9.2300000e+05
   1.7361058e+03   9.2200000e+05
   1.7357141e+03   9.2100000e+05
   1.7353261e+03   9.2000000e+05
   1.7349428e+03   9.1900000e+05
   1.7345532e+03   9.1800000e+05
   1.7341627e+03   9.1700000e+05
   1.7337677e+03   9.1600000e+05
   1.7333716e+03   9.1500000e+05
   1.7329718e+03   9.1400000e+05
   1.7325690e+03   9.1300000e+05
   1.7321690e+03   9.1200000e+05
   1.7317684e+03   9.1100000e+05
   1.7313663e+03   9.1000000e+05
   1.7309628e+03   9.0900000e+05
   1.7305593e+03   9.0800000e+05
   1.7301558e+03   9.0700000e+05
   1.7300000e+03   9.0661404e+05
   1.7297536e+03   9.0600000e+05
   1.7293507e+03   9.0500000e+05
   1.7289482e+03   9.0400000e+05
   1.7285533e+03   9.0300000e+05
   1.7281620e+03   9.0200000e+05
   1.7277654e+03   9.0100000e+05
   1.7273550e+03   9.0000000e+05
   1.7269655e+03   8.9900000e+05
   1.7265707e+03   8.9800000e+05
   1.7261819e+03   8.9700000e+05
   1.7257775e+03   8.9600000e+05
   1.7253807e+03   8.9500000e+05
   1.7249880e+03   8.9400000e+05
   1.7245915e+03   8.9300000e+05
   1.7241992e+03   8.9200000e+05
   1.7237964e+03   8.9100000e+05
   1.7233924e+03   8.9000000e+05
   1.7229875e+03   8.8900000e+05
   1.7225826e+03   8.8800000e+05
   1.7221814e+03   8.8700000e+05
   1.7217746e+03   8.8600000e+05
   1.7213688e+03   8.8500000e+05
   1.7209631e+03   8.8400000e+05
   1.7205562e+03   8.8300000e+05
   1.7201478e+03   8.8200000e+05
   1.7200000e+03   8.8163793e+05
   1.7197410e+03   8.8100000e+05
   1.7193364e+03   8.8000000e+05
   1.7189292e+03   8.7900000e+05
   1.7185400e+03   8.7800000e+05
   1.7181350e+03   8.7700000e+05
   1.7177389e+03   8.7600000e+05
   1.7173383e+03   8.7500000e+05
   1.7169397e+03   8.7400000e+05
   1.7165308e+03   8.7300000e+05
   1.7161486e+03   8.7200000e+05
   1.7157375e+03   8.7100000e+05
   1.7153305e+03   8.7000000e+05
   1.7149386e+03   8.6900000e+05
   1.7145344e+03   8.6800000e+05
   1.7141293e+03   8.6700000e+05
   1.7137178e+03   8.6600000e+05
   1.7133114e+03   8.6500000e+05
   1.7129125e+03   8.6400000e+05
   1.7125112e+03   8.6300000e+05
   1.7121092e+03   8.6200000e+05
   1.7117078e+03   8.6100000e+05
   1.7113060e+03   8.6000000e+05
   1.7109064e+03   8.5900000e+05
   1.7104928e+03   8.5800000e+05
   1.7100780e+03   8.5700000e+05
   1.7100000e+03   8.5681271e+05
   1.7096608e+03   8.5600000e+05
   1.7092449e+03   8.5500000e+05
   1.7088308e+03   8.5400000e+05
   1.7084266e+03   8.5300000e+05
   1.7080089e+03   8.5200000e+05
   1.7075963e+03   8.5100000e+05
   1.7071821e+03   8.5000000e+05
   1.7067688e+03   8.4900000e+05
   1.7063553e+03   8.4800000e+05
   1.7059421e+03   8.4700000e+05
   1.7055543e+03   8.4600000e+05
   1.7051275e+03   8.4500000e+05
   1.7047226e+03   8.4400000e+05
   1.7043166e+03   8.4300000e+05
   1.7039185e+03   8.4200000e+05
   1.7035114e+03   8.4100000e+05
   1.7030991e+03   8.4000000e+05
   1.7026941e+03   8.3900000e+05
   1.7022867e+03   8.3800000e+05
   1.7018622e+03   8.3700000e+05
   1.7014545e+03   8.3600000e+05
   1.7010462e+03   8.3500000e+05
   1.7006400e+03   8.3400000e+05
   1.7002295e+03   8.3300000e+05
   1.7000000e+03   8.3244667e+05
   1.6998151e+03   8.3200000e+05
   1.6994288e+03   8.3100000e+05
   1.6990140e+03   8.3000000e+05
   1.6985952e+03   8.2900000e+05
   1.6981802e+03   8.2800000e+05
   1.6977652e+03   8.2700000e+05
   1.6973472e+03   8.2600000e+05
   1.6969281e+03   8.2500000e+05
   1.6965118e+03   8.2400000e+05
   1.6960929e+03   8.2300000e+05
   1.6956765e+03   8.2200000e+05
   1.6952618e+03   8.2100000e+05
   1.6948417e+03   8.2000000e+05
   1.6944286e+03   8.1900000e+05
   1.6940146e+03   8.1800000e+05
   1.6935976e+03   8.1700000e+05
   1.6931716e+03   8.1600000e+05
   1.6927590e+03   8.1500000e+05
   1.6923460e+03   8.1400000e+05
   1.6919304e+03   8.1300000e+05
   1.6915150e+03   8.1200000e+05
   1.6911005e+03   8.1100000e+05
   1.6906835e+03   8.1000000e+05
   1.6902673e+03   8.0900000e+05
   1.6900000e+03   8.0836184e+05
   1.6898489e+03   8.0800000e+05
   1.6894320e+03   8.0700000e+05
   1.6890096e+03   8.0600000e+05
   1.6885920e+03   8.0500000e+05
   1.6881851e+03   8.0400000e+05
   1.6877619e+03   8.0300000e+05
   1.6873385e+03   8.0200000e+05
   1.6869167e+03   8.0100000e+05
   1.6864916e+03   8.0000000e+05
   1.6860682e+03   7.9900000e+05
   1.6856448e+03   7.9800000e+05
   1.6852221e+03   7.9700000e+05
   1.6848001e+03   7.9600000e+05
   1.6843968e+03   7.9500000e+05
   1.6839558e+03   7.9400000e+05
   1.6835339e+03   7.9300000e+05
   1.6831143e+03   7.9200000e+05
   1.6826988e+03   7.9100000e+05
   1.6822754e+03   7.9000000e+05
   1.6818511e+03   7.8900000e+05
   1.6814242e+03   7.8800000e+05
   1.6810033e+03   7.8700000e+05
   1.6805774e+03   7.8600000e+05
   1.6801541e+03   7.8500000e+05
   1.6800000e+03   7.8463636e+05
   1.6797328e+03   7.8400000e+05
   1.6793118e+03   7.8300000e+05
   1.6788907e+03   7.8200000e+05
   1.6784698e+03   7.8100000e+05
   1.6780507e+03   7.8000000e+05
   1.6776307e+03   7.7900000e+05
   1.6772107e+03   7.7800000e+05
   1.6767910e+03   7.7700000e+05
   1.6763706e+03   7.7600000e+05
   1.6759472e+03   7.7500000e+05
   1.6755182e+03   7.7400000e+05
   1.6750938e+03   7.7300000e+05
   1.6746686e+03   7.7200000e+05
   1.6742446e+03   7.7100000e+05
   1.6738193e+03   7.7000000e+05
   1.6733930e+03   7.6900000e+05
   1.6729712e+03   7.6800000e+05
   1.6725439e+03   7.6700000e+05
   1.6721154e+03   7.6600000e+05
   1.6716856e+03   7.6500000e+05
   1.6712699e+03   7.6400000e+05
   1.6708369e+03   7.6300000e+05
   1.6704040e+03   7.6200000e+05
   1.6700000e+03   7.6107210e+05
   1.6699688e+03   7.6100000e+05
   1.6695368e+03   7.6000000e+05
   1.6691036e+03   7.5900000e+05
   1.6686703e+03   7.5800000e+05
   1.6682370e+03   7.5700000e+05
   1.6678094e+03   7.5600000e+05
   1.6673815e+03   7.5500000e+05
   1.6669549e+03   7.5400000e+05
   1.6665264e+03   7.5300000e+05
   1.6660974e+03   7.5200000e+05
   1.6656770e+03   7.5100000e+05
   1.6652400e+03   7.5000000e+05
   1.6648194e+03   7.4900000e+05
   1.6643961e+03   7.4800000e+05
   1.6639743e+03   7.4700000e+05
   1.6635497e+03   7.4600000e+05
   1.6631260e+03   7.4500000e+05
   1.6626839e+03   7.4400000e+05
   1.6622596e+03   7.4300000e+05
   1.6618213e+03   7.4200000e+05
   1.6613504e+03   7.4100000e+05
   1.6609093e+03   7.4000000e+05
   1.6604684e+03   7.3900000e+05
   1.6601170e+03   7.3800000e+05
   1.6600000e+03   7.3777165e+05
   1.6596035e+03   7.3700000e+05
   1.6591803e+03   7.3600000e+05
   1.6587279e+03   7.3500000e+05
   1.6582996e+03   7.3400000e+05
   1.6578739e+03   7.3300000e+05
   1.6574470e+03   7.3200000e+05
   1.6570112e+03   7.3100000e+05
   1.6565713e+03   7.3000000e+05
   1.6561371e+03   7.2900000e+05
   1.6557290e+03   7.2800000e+05
   1.6552869e+03   7.2700000e+05
   1.6548531e+03   7.2600000e+05
   1.6543944e+03   7.2500000e+05
   1.6539777e+03   7.2400000e+05
   1.6535371e+03   7.2300000e+05
   1.6530944e+03   7.2200000e+05
   1.6526467e+03   7.2100000e+05
   1.6521962e+03   7.2000000e+05
   1.6517588e+03   7.1900000e+05
   1.6513170e+03   7.1800000e+05
   1.6508762e+03   7.1700000e+05
   1.6504394e+03   7.1600000e+05
   1.6500013e+03   7.1500000e+05
   1.6500000e+03   7.1499692e+05
   1.6495674e+03   7.1400000e+05
   1.6491330e+03   7.1300000e+05
   1.6486934e+03   7.1200000e+05
   1.6482514e+03   7.1100000e+05
   1.6478239e+03   7.1000000e+05
   1.6473855e+03   7.0900000e+05
   1.6469393e+03   7.0800000e+05
   1.6465044e+03   7.0700000e+05
   1.6460548e+03   7.0600000e+05
   1.6456118e+03   7.0500000e+05
   1.6451635e+03   7.0400000e+05
   1.6447151e+03   7.0300000e+05
   1.6442660e+03   7.0200000e+05
   1.6438176e+03   7.0100000e+05
   1.6433664e+03   7.0000000e+05
   1.6429242e+03   6.9900000e+05
   1.6424856e+03   6.9800000e+05
   1.6420428e+03   6.9700000e+05
   1.6416037e+03   6.9600000e+05
   1.6411675e+03   6.9500000e+05
   1.6407279e+03   6.9400000e+05
   1.6402645e+03   6.9300000e+05
   1.6400000e+03   6.9237342e+05
   1.6398432e+03   6.9200000e+05
   1.6393986e+03   6.9100000e+05
   1.6389528e+03   6.9000000e+05
   1.6385088e+03   6.8900000e+05
   1.6380653e+03   6.8800000e+05
   1.6376213e+03   6.8700000e+05
   1.6371726e+03   6.8600000e+05
   1.6367228e+03   6.8500000e+05
   1.6362727e+03   6.8400000e+05
   1.6358233e+03   6.8300000e+05
   1.6353710e+03   6.8200000e+05
   1.6349205e+03   6.8100000e+05
   1.6344701e+03   6.8000000e+05
   1.6340186e+03   6.7900000e+05
   1.6336028e+03   6.7800000e+05
   1.6331482e+03   6.7700000e+05
   1.6326914e+03   6.7600000e+05
   1.6322313e+03   6.7500000e+05
   1.6317701e+03   6.7400000e+05
   1.6313217e+03   6.7300000e+05
   1.6308729e+03   6.7200000e+05
   1.6304253e+03   6.7100000e+05
   1.6300000e+03   6.7010393e+05
   1.6299511e+03   6.7000000e+05
   1.6295072e+03   6.6900000e+05
   1.6290646e+03   6.6800000e+05
   1.6286150e+03   6.6700000e+05
   1.6281655e+03   6.6600000e+05
   1.6277026e+03   6.6500000e+05
   1.6272526e+03   6.6400000e+05
   1.6268034e+03   6.6300000e+05
   1.6263522e+03   6.6200000e+05
   1.6259024e+03   6.6100000e+05
   1.6254556e+03   6.6000000e+05
   1.6250026e+03   6.5900000e+05
   1.6245536e+03   6.5800000e+05
   1.6240994e+03   6.5700000e+05
   1.6236525e+03   6.5600000e+05
   1.6232034e+03   6.5500000e+05
   1.6227395e+03   6.5400000e+05
   1.6222735e+03   6.5300000e+05
   1.6218273e+03   6.5200000e+05
   1.6213519e+03   6.5100000e+05
   1.6209030e+03   6.5000000e+05
   1.6204795e+03   6.4900000e+05
   1.6200000e+03   6.4806170e+05
   1.6199685e+03   6.4800000e+05
   1.6195076e+03   6.4700000e+05
   1.6190514e+03   6.4600000e+05
   1.6185992e+03   6.4500000e+05
   1.6181612e+03   6.4400000e+05
   1.6176969e+03   6.4300000e+05
   1.6172348e+03   6.4200000e+05
   1.6167906e+03   6.4100000e+05
   1.6163304e+03   6.4000000e+05
   1.6158496e+03   6.3900000e+05
   1.6153844e+03   6.3800000e+05
   1.6149246e+03   6.3700000e+05
   1.6144928e+03   6.3600000e+05
   1.6140013e+03   6.3500000e+05
   1.6135366e+03   6.3400000e+05
   1.6130723e+03   6.3300000e+05
   1.6126076e+03   6.3200000e+05
   1.6121427e+03   6.3100000e+05
   1.6116761e+03   6.3000000e+05
   1.6112507e+03   6.2900000e+05
   1.6107846e+03   6.2800000e+05
   1.6103160e+03   6.2700000e+05
   1.6100000e+03   6.2629532e+05
   1.6098680e+03   6.2600000e+05
   1.6094060e+03   6.2500000e+05
   1.6089433e+03   6.2400000e+05
   1.6084631e+03   6.2300000e+05
   1.6080076e+03   6.2200000e+05
   1.6075385e+03   6.2100000e+05
   1.6070695e+03   6.2000000e+05
   1.6065992e+03   6.1900000e+05
   1.6061288e+03   6.1800000e+05
   1.6056577e+03   6.1700000e+05
   1.6051886e+03   6.1600000e+05
   1.6047209e+03   6.1500000e+05
   1.6042541e+03   6.1400000e+05
   1.6038054e+03   6.1300000e+05
   1.6033407e+03   6.1200000e+05
   1.6028796e+03   6.1100000e+05
   1.6024114e+03   6.1000000e+05
   1.6019404e+03   6.0900000e+05
   1.6014599e+03   6.0800000e+05
   1.6009886e+03   6.0700000e+05
   1.6005168e+03   6.0600000e+05
   1.6000456e+03   6.0500000e+05
   1.6000000e+03   6.0490305e+05
   1.5995781e+03   6.0400000e+05
   1.5991038e+03   6.0300000e+05
   1.5986357e+03   6.0200000e+05
   1.5981917e+03   6.0100000e+05
   1.5976806e+03   6.0000000e+05
   1.5972051e+03   5.9900000e+05
   1.5967304e+03   5.9800000e+05
   1.5962644e+03   5.9700000e+05
   1.5958035e+03   5.9600000e+05
   1.5953408e+03   5.9500000e+05
   1.5948870e+03   5.9400000e+05
   1.5944229e+03   5.9300000e+05
   1.5939481e+03   5.9200000e+05
   1.5934440e+03   5.9100000e+05
   1.5929910e+03   5.9000000e+05
   1.5925091e+03   5.8900000e+05
   1.5921184e+03   5.8800000e+05
   1.5915549e+03   5.8700000e+05
   1.5910614e+03   5.8600000e+05
   1.5905669e+03   5.8500000e+05
   1.5900869e+03   5.8400000e+05
   1.5900000e+03   5.8381892e+05
   1.5896099e+03   5.8300000e+05
   1.5891335e+03   5.8200000e+05
   1.5886538e+03   5.8100000e+05
   1.5881774e+03   5.8000000e+05
   1.5876982e+03   5.7900000e+05
   1.5872199e+03   5.7800000e+05
   1.5867409e+03   5.7700000e+05
   1.5862619e+03   5.7600000e+05
   1.5857933e+03   5.7500000e+05
   1.5853122e+03   5.7400000e+05
   1.5848317e+03   5.7300000e+05
   1.5843500e+03   5.7200000e+05
   1.5838721e+03   5.7100000e+05
   1.5833866e+03   5.7000000e+05
   1.5829423e+03   5.6900000e+05
   1.5824170e+03   5.6800000e+05
   1.5819344e+03   5.6700000e+05
   1.5814725e+03   5.6600000e+05
   1.5809766e+03   5.6500000e+05
   1.5804994e+03   5.6400000e+05
   1.5800244e+03   5.6300000e+05
   1.5800000e+03   5.6294865e+05
   1.5795530e+03   5.6200000e+05
   1.5790803e+03   5.6100000e+05
   1.5786113e+03   5.6000000e+05
   1.5781242e+03   5.5900000e+05
   1.5776366e+03   5.5800000e+05
   1.5771450e+03   5.5700000e+05
   1.5766513e+03   5.5600000e+05
   1.5761567e+03   5.5500000e+05
   1.5756599e+03   5.5400000e+05
   1.5751899e+03   5.5300000e+05
   1.5746716e+03   5.5200000e+05
   1.5741813e+03   5.5100000e+05
   1.5736909e+03   5.5000000e+05
   1.5732006e+03   5.4900000e+05
   1.5727090e+03   5.4800000e+05
   1.5722171e+03   5.4700000e+05
   1.5717256e+03   5.4600000e+05
   1.5712340e+03   5.4500000e+05
   1.5707424e+03   5.4400000e+05
   1.5702509e+03   5.4300000e+05
   1.5700000e+03   5.4249091e+05
   1.5697610e+03   5.4200000e+05
   1.5692737e+03   5.4100000e+05
   1.5687871e+03   5.4000000e+05
   1.5682999e+03   5.3900000e+05
   1.5678119e+03   5.3800000e+05
   1.5673210e+03   5.3700000e+05
   1.5668364e+03   5.3600000e+05
   1.5663451e+03   5.3500000e+05
   1.5658544e+03   5.3400000e+05
   1.5653609e+03   5.3300000e+05
   1.5648755e+03   5.3200000e+05
   1.5643940e+03   5.3100000e+05
   1.5639072e+03   5.3000000e+05
   1.5634202e+03   5.2900000e+05
   1.5629325e+03   5.2800000e+05
   1.5624403e+03   5.2700000e+05
   1.5619448e+03   5.2600000e+05
   1.5614470e+03   5.2500000e+05
   1.5609414e+03   5.2400000e+05
   1.5604428e+03   5.2300000e+05
   1.5600000e+03   5.2211168e+05
   1.5599446e+03   5.2200000e+05
   1.5594475e+03   5.2100000e+05
   1.5589496e+03   5.2000000e+05
   1.5584522e+03   5.1900000e+05
   1.5579720e+03   5.1800000e+05
   1.5574720e+03   5.1700000e+05
   1.5569689e+03   5.1600000e+05
   1.5564688e+03   5.1500000e+05
   1.5559627e+03   5.1400000e+05
   1.5554561e+03   5.1300000e+05
   1.5549509e+03   5.1200000e+05
   1.5544359e+03   5.1100000e+05
   1.5539057e+03   5.1000000e+05
   1.5533988e+03   5.0900000e+05
   1.5528951e+03   5.0800000e+05
   1.5523955e+03   5.0700000e+05
   1.5519152e+03   5.0600000e+05
   1.5514234e+03   5.0500000e+05
   1.5509074e+03   5.0400000e+05
   1.5504256e+03   5.0300000e+05
   1.5500000e+03   5.0218900e+05
   1.5499012e+03   5.0200000e+05
   1.5494189e+03   5.0100000e+05
   1.5489118e+03   5.0000000e+05
   1.5484060e+03   4.9900000e+05
   1.5479009e+03   4.9800000e+05
   1.5473967e+03   4.9700000e+05
   1.5468816e+03   4.9600000e+05
   1.5463851e+03   4.9500000e+05
   1.5458785e+03   4.9400000e+05
   1.5453693e+03   4.9300000e+05
   1.5448597e+03   4.9200000e+05
   1.5443478e+03   4.9100000e+05
   1.5438391e+03   4.9000000e+05
   1.5433300e+03   4.8900000e+05
   1.5428173e+03   4.8800000e+05
   1.5423050e+03   4.8700000e+05
   1.5417941e+03   4.8600000e+05
   1.5412808e+03   4.8500000e+05
   1.5407671e+03   4.8400000e+05
   1.5402470e+03   4.8300000e+05
   1.5400000e+03   4.8252300e+05
   1.5397324e+03   4.8200000e+05
   1.5392185e+03   4.8100000e+05
   1.5387043e+03   4.8000000e+05
   1.5381898e+03   4.7900000e+05
   1.5376741e+03   4.7800000e+05
   1.5371574e+03   4.7700000e+05
   1.5366431e+03   4.7600000e+05
   1.5361314e+03   4.7500000e+05
   1.5356196e+03   4.7400000e+05
   1.5351066e+03   4.7300000e+05
   1.5345923e+03   4.7200000e+05
   1.5340786e+03   4.7100000e+05
   1.5335638e+03   4.7000000e+05
   1.5330505e+03   4.6900000e+05
   1.5325313e+03   4.6800000e+05
   1.5320173e+03   4.6700000e+05
   1.5315028e+03   4.6600000e+05
   1.5309886e+03   4.6500000e+05
   1.5304736e+03   4.6400000e+05
   1.5300000e+03   4.6309456e+05
   1.5299507e+03   4.6300000e+05
   1.5294437e+03   4.6200000e+05
   1.5289182e+03   4.6100000e+05
   1.5283912e+03   4.6000000e+05
   1.5278630e+03   4.5900000e+05
   1.5273358e+03   4.5800000e+05
   1.5268118e+03   4.5700000e+05
   1.5262856e+03   4.5600000e+05
   1.5257623e+03   4.5500000e+05
   1.5253371e+03   4.5400000e+05
   1.5247222e+03   4.5300000e+05
   1.5241974e+03   4.5200000e+05
   1.5236838e+03   4.5100000e+05
   1.5231535e+03   4.5000000e+05
   1.5226346e+03   4.4900000e+05
   1.5222268e+03   4.4800000e+05
   1.5215678e+03   4.4700000e+05
   1.5210437e+03   4.4600000e+05
   1.5205136e+03   4.4500000e+05
   1.5200000e+03   4.4401887e+05
   1.5199902e+03   4.4400000e+05
   1.5194578e+03   4.4300000e+05
   1.5189257e+03   4.4200000e+05
   1.5184293e+03   4.4100000e+05
   1.5178970e+03   4.4000000e+05
   1.5173656e+03   4.3900000e+05
   1.5168239e+03   4.3800000e+05
   1.5163023e+03   4.3700000e+05
   1.5157707e+03   4.3600000e+05
   1.5153294e+03   4.3500000e+05
   1.5146962e+03   4.3400000e+05
   1.5141705e+03   4.3300000e+05
   1.5136438e+03   4.3200000e+05
   1.5130984e+03   4.3100000e+05
   1.5125718e+03   4.3000000e+05
   1.5120961e+03   4.2900000e+05
   1.5115242e+03   4.2800000e+05
   1.5109976e+03   4.2700000e+05
   1.5104797e+03   4.2600000e+05
   1.5100000e+03   4.2510884e+05
   1.5099414e+03   4.2500000e+05
   1.5094013e+03   4.2400000e+05
   1.5088586e+03   4.2300000e+05
   1.5083156e+03   4.2200000e+05
   1.5077736e+03   4.2100000e+05
   1.5072259e+03   4.2000000e+05
   1.5066906e+03   4.1900000e+05
   1.5061517e+03   4.1800000e+05
   1.5056106e+03   4.1700000e+05
   1.5050699e+03   4.1600000e+05
   1.5045297e+03   4.1500000e+05
   1.5039901e+03   4.1400000e+05
   1.5034532e+03   4.1300000e+05
   1.5029063e+03   4.1200000e+05
   1.5023741e+03   4.1100000e+05
   1.5018307e+03   4.1000000e+05
   1.5012846e+03   4.0900000e+05
   1.5007357e+03   4.0800000e+05
   1.5001864e+03   4.0700000e+05
   1.5000000e+03   4.0665924e+05
   1.4996433e+03   4.0600000e+05
   1.4990973e+03   4.0500000e+05
   1.4985625e+03   4.0400000e+05
   1.4980344e+03   4.0300000e+05
   1.4974964e+03   4.0200000e+05
   1.4969576e+03   4.0100000e+05
   1.4964152e+03   4.0000000e+05
   1.4958512e+03   3.9900000e+05
   1.4952998e+03   3.9800000e+05
   1.4947566e+03   3.9700000e+05
   1.4942114e+03   3.9600000e+05
   1.4936587e+03   3.9500000e+05
   1.4931169e+03   3.9400000e+05
   1.4925695e+03   3.9300000e+05
   1.4920157e+03   3.9200000e+05
   1.4914697e+03   3.9100000e+05
   1.4909057e+03   3.9000000e+05
   1.4903575e+03   3.8900000e+05
   1.4900000e+03   3.8834945e+05
   1.4898092e+03   3.8800000e+05
   1.4892618e+03   3.8700000e+05
   1.4887129e+03   3.8600000e+05
   1.4881631e+03   3.8500000e+05
   1.4875928e+03   3.8400000e+05
   1.4870318e+03   3.8300000e+05
   1.4864570e+03   3.8200000e+05
   1.4859036e+03   3.8100000e+05
   1.4853532e+03   3.8000000e+05
   1.4847975e+03   3.7900000e+05
   1.4842494e+03   3.7800000e+05
   1.4836863e+03   3.7700000e+05
   1.4831385e+03   3.7600000e+05
   1.4825867e+03   3.7500000e+05
   1.4820337e+03   3.7400000e+05
   1.4814790e+03   3.7300000e+05
   1.4809226e+03   3.7200000e+05
   1.4803438e+03   3.7100000e+05
   1.4800000e+03   3.7041309e+05
   1.4797606e+03   3.7000000e+05
   1.4792130e+03   3.6900000e+05
   1.4786642e+03   3.6800000e+05
   1.4781111e+03   3.6700000e+05
   1.4775377e+03   3.6600000e+05
   1.4769751e+03   3.6500000e+05
   1.4764213e+03   3.6400000e+05
   1.4758598e+03   3.6300000e+05
   1.4752929e+03   3.6200000e+05
   1.4747216e+03   3.6100000e+05
   1.4741579e+03   3.6000000e+05
   1.4735973e+03   3.5900000e+05
   1.4730368e+03   3.5800000e+05
   1.4724510e+03   3.5700000e+05
   1.4719143e+03   3.5600000e+05
   1.4713535e+03   3.5500000e+05
   1.4707839e+03   3.5400000e+05
   1.4701994e+03   3.5300000e+05
   1.4700000e+03   3.5267123e+05
   1.4696009e+03   3.5200000e+05
   1.4690163e+03   3.5100000e+05
   1.4684588e+03   3.5000000e+05
   1.4679060e+03   3.4900000e+05
   1.4673616e+03   3.4800000e+05
   1.4668124e+03   3.4700000e+05
   1.4662961e+03   3.4600000e+05
   1.4657913e+03   3.4500000e+05
   1.4653021e+03   3.4400000e+05
   1.4648096e+03   3.4300000e+05
   1.4643231e+03   3.4200000e+05
   1.4638177e+03   3.4100000e+05
   1.4633201e+03   3.4000000e+05
   1.4627989e+03   3.3900000e+05
   1.4623032e+03   3.3800000e+05
   1.4617980e+03   3.3700000e+05
   1.4612867e+03   3.3600000e+05
   1.4608014e+03   3.3500000e+05
   1.4602687e+03   3.3400000e+05
   1.4600000e+03   3.3347964e+05
   1.4597545e+03   3.3300000e+05
   1.4592385e+03   3.3200000e+05
   1.4587231e+03   3.3100000e+05
   1.4582149e+03   3.3000000e+05
   1.4577192e+03   3.2900000e+05
   1.4572256e+03   3.2800000e+05
   1.4567004e+03   3.2700000e+05
   1.4561715e+03   3.2600000e+05
   1.4556746e+03   3.2500000e+05
   1.4551476e+03   3.2400000e+05
   1.4546108e+03   3.2300000e+05
   1.4541042e+03   3.2200000e+05
   1.4535590e+03   3.2100000e+05
   1.4530658e+03   3.2000000e+05
   1.4525489e+03   3.1900000e+05
   1.4519974e+03   3.1800000e+05
   1.4514443e+03   3.1700000e+05
   1.4509188e+03   3.1600000e+05
   1.4504349e+03   3.1500000e+05
   1.4500000e+03   3.1421992e+05
   1.4498785e+03   3.1400000e+05
   1.4493741e+03   3.1300000e+05
   1.4488060e+03   3.1200000e+05
   1.4482728e+03   3.1100000e+05
   1.4477791e+03   3.1000000e+05
   1.4472107e+03   3.0900000e+05
   1.4466962e+03   3.0800000e+05
   1.4461759e+03   3.0700000e+05
   1.4456558e+03   3.0600000e+05
   1.4451107e+03   3.0500000e+05
   1.4445609e+03   3.0400000e+05
   1.4440145e+03   3.0300000e+05
   1.4434954e+03   3.0200000e+05
   1.4429358e+03   3.0100000e+05
   1.4423668e+03   3.0000000e+05
   1.4418057e+03   2.9900000e+05
   1.4413127e+03   2.9800000e+05
   1.4407283e+03   2.9700000e+05
   1.4401947e+03   2.9600000e+05
   1.4400000e+03   2.9563341e+05
   1.4396661e+03   2.9500000e+05
   1.4391349e+03   2.9400000e+05
   1.4385793e+03   2.9300000e+05
   1.4380309e+03   2.9200000e+05
   1.4374706e+03   2.9100000e+05
   1.4369694e+03   2.9000000e+05
   1.4363848e+03   2.8900000e+05
   1.4357991e+03   2.8800000e+05
   1.4352364e+03   2.8700000e+05
   1.4347333e+03   2.8600000e+05
   1.4341485e+03   2.8500000e+05
   1.4336007e+03   2.8400000e+05
   1.4330719e+03   2.8300000e+05
   1.4324794e+03   2.8200000e+05
   1.4319103e+03   2.8100000e+05
   1.4313652e+03   2.8000000e+05
   1.4308239e+03   2.7900000e+05
   1.4302358e+03   2.7800000e+05
   1.4300000e+03   2.7756290e+05
   1.4296987e+03   2.7700000e+05
   1.4291196e+03   2.7600000e+05
   1.4285431e+03   2.7500000e+05
   1.4280173e+03   2.7400000e+05
   1.4274433e+03   2.7300000e+05
   1.4268574e+03   2.7200000e+05
   1.4262641e+03   2.7100000e+05
   1.4257361e+03   2.7000000e+05
   1.4251564e+03   2.6900000e+05
   1.4245719e+03   2.6800000e+05
   1.4239498e+03   2.6700000e+05
   1.4200000e+03   2.6674982e+05
   1.4153577e+03   2.6600000e+05
   1.4100000e+03   2.6520870e+05
   1.4069148e+03   2.6500000e+05
   1.4058278e+03   2.6400000e+05
   1.4052907e+03   2.6300000e+05
   1.4047517e+03   2.6200000e+05
   1.4042071e+03   2.6100000e+05
   1.4036521e+03   2.6000000e+05
   1.4030894e+03   2.5900000e+05
   1.4025338e+03   2.5800000e+05
   1.4019795e+03   2.5700000e+05
   1.4014213e+03   2.5600000e+05
   1.4008525e+03   2.5500000e+05
   1.4002779e+03   2.5400000e+05
   1.4000000e+03   2.5352277e+05
   1.3996982e+03   2.5300000e+05
   1.3991146e+03   2.5200000e+05
   1.3985352e+03   2.5100000e+05
   1.3979469e+03   2.5000000e+05
   1.3973461e+03   2.4900000e+05
   1.3967475e+03   2.4800000e+05
   1.3961575e+03   2.4700000e+05
   1.3955196e+03   2.4600000e+05
   1.3948875e+03   2.4500000e+05
   1.3942610e+03   2.4400000e+05
   1.3936207e+03   2.4300000e+05
   1.3929708e+03   2.4200000e+05
   1.3923433e+03   2.4100000e+05
   1.4000000e+03   2.4060650e+05
   1.4100000e+03   2.4010589e+05
   1.4106876e+03   2.4000000e+05
   1.4115227e+03   2.3900000e+05
   1.4109055e+03   2.3800000e+05
   1.4102790e+03   2.3700000e+05
   1.4100000e+03   2.3655094e+05
   1.4096604e+03   2.3600000e+05
   1.4090393e+03   2.3500000e+05
   1.4000000e+03   2.3408286e+05
   1.3993374e+03   2.3400000e+05
   1.3986706e+03   2.3300000e+05
   1.3979981e+03   2.3200000e+05
   1.3974019e+03   2.3100000e+05
   1.3967989e+03   2.3000000e+05
   1.3961977e+03   2.2900000e+05
   1.3955929e+03   2.2800000e+05
   1.3949821e+03   2.2700000e+05
   1.3943641e+03   2.2600000e+05
   1.3937490e+03   2.2500000e+05
   1.3931266e+03   2.2400000e+05
   1.3924905e+03   2.2300000e+05
   1.3918604e+03   2.2200000e+05
   1.3912048e+03   2.2100000e+05
   1.3905765e+03   2.2000000e+05
   1.3900205e+03   2.1900000e+05
   1.3900000e+03   2.1896918e+05
   1.3893551e+03   2.1800000e+05
   1.3887310e+03   2.1700000e+05
   1.3881154e+03   2.1600000e+05
   1.3874912e+03   2.1500000e+05
   1.3868615e+03   2.1400000e+05
   1.3862347e+03   2.1300000e+05
   1.3855943e+03   2.1200000e+05
   1.3849571e+03   2.1100000e+05
   1.3843109e+03   2.1000000e+05
   1.3836654e+03   2.0900000e+05
   1.3829931e+03   2.0800000e+05
   1.3823395e+03   2.0700000e+05
   1.3816807e+03   2.0600000e+05
   1.3810106e+03   2.0500000e+05
   1.3803299e+03   2.0400000e+05
   1.3800000e+03   2.0352496e+05
   1.3796379e+03   2.0300000e+05
   1.3789545e+03   2.0200000e+05
   1.3782561e+03   2.0100000e+05
   1.3775470e+03   2.0000000e+05
   1.3768237e+03   1.9900000e+05
   1.3761078e+03   1.9800000e+05
   1.3753682e+03   1.9700000e+05
   1.3746115e+03   1.9600000e+05
   1.3738420e+03   1.9500000e+05
   1.3730732e+03   1.9400000e+05
   1.3722820e+03   1.9300000e+05
   1.3714607e+03   1.9200000e+05
   1.3706235e+03   1.9100000e+05
   1.3700000e+03   1.9026952e+05
   1.3697705e+03   1.9000000e+05
   1.3688998e+03   1.8900000e+05
   1.3679913e+03   1.8800000e+05
   1.3670495e+03   1.8700000e+05
   1.3660750e+03   1.8600000e+05
   1.3650765e+03   1.8500000e+05
   1.3640706e+03   1.8400000e+05
   1.3630101e+03   1.8300000e+05
   1.3619705e+03   1.8200000e+05
   1.3609292e+03   1.8100000e+05
   1.3600000e+03   1.8013327e+05
   1.3598579e+03   1.8000000e+05
   1.3587457e+03   1.7900000e+05
   1.3576234e+03   1.7800000e+05
   1.3564987e+03   1.7700000e+05
   1.3553158e+03   1.7600000e+05
   1.3541184e+03   1.7500000e+05
   1.3529267e+03   1.7400000e+05
   1.3516636e+03   1.7300000e+05
   1.3503934e+03   1.7200000e+05
   1.3500000e+03   1.7170506e+05
   1.3490676e+03   1.7100000e+05
   1.3477823e+03   1.7000000e+05
   1.3463998e+03   1.6900000e+05
   1.3451497e+03   1.6800000e+05
   1.3435722e+03   1.6700000e+05
   1.3420367e+03   1.6600000e+05
   1.3406090e+03   1.6500000e+05
   1.3400000e+03   1.6461801e+05
   1.3390101e+03   1.6400000e+05
   1.3374841e+03   1.6300000e+05
   1.3359694e+03   1.6200000e+05
   1.3344113e+03   1.6100000e+05
   1.3325914e+03   1.6000000e+05
   1.3300000e+03   1.5933456e+05
   1.3287975e+03   1.5900000e+05
   1.3268967e+03   1.5800000e+05
   1.3211142e+03   1.5700000e+05
   1.3200000e+03   1.5668720e+05
   1.3175297e+03   1.5600000e+05
   1.3141113e+03   1.5500000e+05
   1.3108534e+03   1.5400000e+05
   1.3100000e+03   1.5370357e+05
   1.3078988e+03   1.5300000e+05
   1.3046574e+03   1.5200000e+05
   1.3016741e+03   1.5100000e+05
   1.3000000e+03   1.5042990e+05
   1.2987371e+03   1.5000000e+05
   1.2965161e+03   1.4900000e+05
   1.2924135e+03   1.4800000e+05
   1.2925328e+03   1.4700000e+05
   1.2923493e+03   1.4600000e+05
   1.2922476e+03   1.4500000e+05
   1.2920989e+03   1.4400000e+05
   1.2918990e+03   1.4300000e+05
   1.2916693e+03   1.4200000e+05
   1.2914234e+03   1.4100000e+05
   1.2911334e+03   1.4000000e+05
   1.2908143e+03   1.3900000e+05
   1.2904639e+03   1.3800000e+05
   1.2900948e+03   1.3700000e+05
   1.2900000e+03   1.3675482e+05
   1.2897095e+03   1.3600000e+05
   1.2892955e+03   1.3500000e+05
   1.2888680e+03   1.3400000e+05
   1.2884251e+03   1.3300000e+05
   1.2879597e+03   1.3200000e+05
   1.2874849e+03   1.3100000e+05
   1.2870091e+03   1.3000000e+05
   1.2865005e+03   1.2900000e+05
   1.2859822e+03   1.2800000e+05
   1.2854509e+03   1.2700000e+05
   1.2848792e+03   1.2600000e+05
   1.2843883e+03   1.2500000e+05
   1.2805719e+03   1.2400000e+05
   1.2800000e+03   1.2391174e+05
   1.2723464e+03   1.2300000e+05
   1.2700000e+03   1.2269713e+05
   1.2653156e+03   1.2200000e+05
   1.2600000e+03   1.2103343e+05
   1.2597910e+03   1.2100000e+05
   1.2560654e+03   1.2000000e+05
   1.2554891e+03   1.1900000e+05
   1.2548756e+03   1.1800000e+05
   1.2542717e+03   1.1700000e+05
   1.2536712e+03   1.1600000e+05
   1.2530665e+03   1.1500000e+05
   1.2524649e+03   1.1400000e+05
   1.2518576e+03   1.1300000e+05
   1.2512216e+03   1.1200000e+05
   1.2505908e+03   1.1100000e+05
   1.2500000e+03   1.1006732e+05
   1.2499577e+03   1.1000000e+05
   1.2493212e+03   1.0900000e+05
   1.2486780e+03   1.0800000e+05
   1.2480406e+03   1.0700000e+05
   1.2473573e+03   1.0600000e+05
   1.2466890e+03   1.0500000e+05
   1.2460428e+03   1.0400000e+05
   1.2453868e+03   1.0300000e+05
   1.2447118e+03   1.0200000e+05
   1.2440341e+03   1.0100000e+05
   1.2433602e+03   1.0000000e+05
   1.2426742e+03   9.9000000e+04
   1.2419723e+03   9.8000000e+04
   1.2412786e+03   9.7000000e+04
   1.2405771e+03   9.6000000e+04
   1.2400000e+03   9.5186589e+04
   1.2398688e+03   9.5000000e+04
   1.2391603e+03   9.4000000e+04
   1.2384664e+03   9.3000000e+04
   1.2377463e+03   9.2000000e+04
   1.2370122e+03   9.1000000e+04
   1.2362894e+03   9.0000000e+04
   1.2355573e+03   8.9000000e+04
   1.2348248e+03   8.8000000e+04
   1.2340889e+03   8.7000000e+04
   1.2333463e+03   8.6000000e+04
   1.2326037e+03   8.5000000e+04
   1.2318710e+03   8.4000000e+04
   1.2311276e+03   8.3000000e+04
   1.2303508e+03   8.2000000e+04
   1.2300000e+03   8.1546896e+04
   1.2295798e+03   8.1000000e+04
   1.2288231e+03   8.0000000e+04
   1.2280681e+03   7.9000000e+04
   1.2272961e+03   7.8000000e+04
   1.2265220e+03   7.7000000e+04
   1.2257422e+03   7.6000000e+04
   1.2249589e+03   7.5000000e+04
   1.2214357e+03   7.4000000e+04
   1.2207042e+03   7.3000000e+04
   1.2200000e+03   7.2055935e+04
   1.2199585e+03   7.2000000e+04
   1.2192170e+03   7.1000000e+04
   1.2184705e+03   7.0000000e+04
   1.2177198e+03   6.9000000e+04
   1.2169700e+03   6.8000000e+04
   1.2162056e+03   6.7000000e+04
   1.2154475e+03   6.6000000e+04
   1.2146750e+03   6.5000000e+04
   1.2139044e+03   6.4000000e+04
   1.2131299e+03   6.3000000e+04
   1.2123520e+03   6.2000000e+04
   1.2115679e+03   6.1000000e+04
   1.2107718e+03   6.0000000e+04
   1.2100000e+03   5.9014157e+04
   1.2099890e+03   5.9000000e+04
   1.2091852e+03   5.8000000e+04
   1.2083871e+03   5.7000000e+04
   1.2075773e+03   5.6000000e+04
   1.2067765e+03   5.5000000e+04
   1.2059620e+03   5.4000000e+04
   1.2051499e+03   5.3000000e+04
   1.2043306e+03   5.2000000e+04
   1.2034986e+03   5.1000000e+04
   1.2026629e+03   5.0000000e+04
   1.2018268e+03   4.9000000e+04
   1.2009843e+03   4.8000000e+04
   1.2001318e+03   4.7000000e+04
   1.2000000e+03   4.6845252e+04
   1.1992865e+03   4.6000000e+04
   1.1984328e+03   4.5000000e+04
   1.1975784e+03   4.4000000e+04
   1.1967115e+03   4.3000000e+04
   1.1958395e+03   4.2000000e+04
   1.1949644e+03   4.1000000e+04
   1.1940816e+03   4.0000000e+04
   1.1931892e+03   3.9000000e+04
   1.1922930e+03   3.8000000e+04
   1.1913900e+03   3.7000000e+04
   1.1904842e+03   3.6000000e+04
   1.1900000e+03   3.5464558e+04
   1.1895835e+03   3.5000000e+04
   1.1886010e+03   3.4000000e+04
   1.1876265e+03   3.3000000e+04
   1.1867017e+03   3.2000000e+04
   1.1857448e+03   3.1000000e+04
   1.1848223e+03   3.0000000e+04
   1.1838841e+03   2.9000000e+04
   1.1829293e+03   2.8000000e+04
   1.1819514e+03   2.7000000e+04
   1.1809472e+03   2.6000000e+04
   1.1800000e+03   2.5083019e+04
   1.1799151e+03   2.5000000e+04
   1.1788870e+03   2.4000000e+04
   1.1778739e+03   2.3000000e+04
   1.1768273e+03   2.2000000e+04
   1.1757587e+03   2.1000000e+04
   1.1746753e+03   2.0000000e+04
   1.1735894e+03   1.9000000e+04
   1.1724460e+03   1.8000000e+04
   1.1712759e+03   1.7000000e+04
   1.1701100e+03   1.6000000e+04
   1.1700000e+03   1.5910366e+04
   1.1688915e+03   1.5000000e+04
   1.1676242e+03   1.4000000e+04
   1.1663118e+03   1.3000000e+04
   1.1649511e+03   1.2000000e+04
   1.1600000e+03   1.1146310e+04
   1.1592049e+03   1.1000000e+04
   1.1581544e+03   1.0000000e+04
   1.1571967e+03   9.0000000e+03
   1.1565008e+03   8.0000000e+03
   1.1558964e+03   7.0000000e+03
   1.1552097e+03   6.0000000e+03
   1.1544550e+03   5.0000000e+03
   1.1536475e+03   4.0000000e+03
   1.1527733e+03   3.0000000e+03
   1.1518518e+03   2.0000000e+03
   1.1509152e+03   1.0000000e+03
   1.1500000e+03   0.0000000e+00
   1.1500000e+03   0.0000000e+00
