   1.7649865e+03   1.3500000e+06
   1.7646855e+03   1.3490000e+06
   1.7643701e+03   1.3480000e+06
   1.7640695e+03   1.3470000e+06
   1.7637669e+03   1.3460000e+06
   1.7634670e+03   1.3450000e+06
   1.7631658e+03   1.3440000e+06
   1.7628612e+03   1.3430000e+06
   1.7625539e+03   1.3420000e+06
   1.7622523e+03   1.3410000e+06
   1.7619362e+03   1.3400000e+06
   1.7616059e+03   1.3390000e+06
   1.7612991e+03   1.3380000e+06
   1.7609907e+03   1.3370000e+06
   1.7606767e+03   1.3360000e+06
   1.7603634e+03   1.3350000e+06
   1.7600818e+03   1.3340000e+06
   1.7600000e+03   1.3337339e+06
   1.7597748e+03   1.3330000e+06
   1.7594607e+03   1.3320000e+06
   1.7591468e+03   1.3310000e+06
   1.7588452e+03   1.3300000e+06
   1.7585467e+03   1.3290000e+06
   1.7582470e+03   1.3280000e+06
   1.7579482e+03   1.3270000e+06
   1.7576485e+03   1.3260000e+06
   1.7573490e+03   1.3250000e+06
   1.7570428e+03   1.3240000e+06
   1.7567281e+03   1.3230000e+06
   1.7564108e+03   1.3220000e+06
   1.7561034e+03   1.3210000e+06
   1.7558152e+03   1.3200000e+06
   1.7554960e+03   1.3190000e+06
   1.7551769e+03   1.3180000e+06
   1.7548619e+03   1.3170000e+06
   1.7545516e+03   1.3160000e+06
   1.7542378e+03   1.3150000e+06
   1.7539096e+03   1.3140000e+06
   1.7536010e+03   1.3130000e+06
   1.7532948e+03   1.3120000e+06
   1.7529870e+03   1.3110000e+06
   1.7526774e+03   1.3100000e+06
   1.7523680e+03   1.3090000e+06
   1.7520603e+03   1.3080000e+06
   1.7517550e+03   1.3070000e+06
   1.7514391e+03   1.3060000e+06
   1.7511282e+03   1.3050000e+06
   1.7508265e+03   1.3040000e+06
   1.7505185e+03   1.3030000e+06
   1.7502123e+03   1.3020000e+06
   1.7500000e+03   1.3013119e+06
   1.7499046e+03   1.3010000e+06
   1.7495853e+03   1.3000000e+06
   1.7493049e+03   1.2990000e+06
   1.7489798e+03   1.2980000e+06
   1.7486781e+03   1.2970000e+06
   1.7483756e+03   1.2960000e+06
   1.7480746e+03   1.2950000e+06
   1.7477737e+03   1.2940000e+06
   1.7474709e+03   1.2930000e+06
   1.7471571e+03   1.2920000e+06
   1.7468473e+03   1.2910000e+06
   1.7465339e+03   1.2900000e+06
   1.7462186e+03   1.2890000e+06
   1.7459026e+03   1.2880000e+06
   1.7455926e+03   1.2870000e+06
   1.7452709e+03   1.2860000e+06
   1.7449599e+03   1.2850000e+06
   1.7446507e+03   1.2840000e+06
   1.7443420e+03   1.2830000e+06
   1.7440358e+03   1.2820000e+06
   1.7437346e+03   1.2810000e+06
   1.7434164e+03   1.2800000e+06
   1.7430940e+03   1.2790000e+06
   1.7427684e+03   1.2780000e+06
   1.7424423e+03   1.2770000e+06
   1.7421173e+03   1.2760000e+06
   1.7417910e+03   1.2750000e+06
   1.7414650e+03   1.2740000e+06
   1.7411500e+03   1.2730000e+06
   1.7408491e+03   1.2720000e+06
   1.7405457e+03   1.2710000e+06
   1.7402408e+03   1.2700000e+06
   1.7400000e+03   1.2692074e+06
   1.7399371e+03   1.2690000e+06
   1.7396318e+03   1.2680000e+06
   1.7393242e+03   1.2670000e+06
   1.7389975e+03   1.2660000e+06
   1.7386732e+03   1.2650000e+06
   1.7383504e+03   1.2640000e+06
   1.7380261e+03   1.2630000e+06
   1.7377013e+03   1.2620000e+06
   1.7373755e+03   1.2610000e+06
   1.7370631e+03   1.2600000e+06
   1.7367602e+03   1.2590000e+06
   1.7364513e+03   1.2580000e+06
   1.7361372e+03   1.2570000e+06
   1.7358295e+03   1.2560000e+06
   1.7355213e+03   1.2550000e+06
   1.7352114e+03   1.2540000e+06
   1.7348987e+03   1.2530000e+06
   1.7345866e+03   1.2520000e+06
   1.7342758e+03   1.2510000e+06
   1.7339316e+03   1.2500000e+06
   1.7336128e+03   1.2490000e+06
   1.7333042e+03   1.2480000e+06
   1.7329727e+03   1.2470000e+06
   1.7326461e+03   1.2460000e+06
   1.7322746e+03   1.2450000e+06
   1.7319434e+03   1.2440000e+06
   1.7316133e+03   1.2430000e+06
   1.7313066e+03   1.2420000e+06
   1.7309447e+03   1.2410000e+06
   1.7305988e+03   1.2400000e+06
   1.7302478e+03   1.2390000e+06
   1.7300000e+03   1.2381643e+06
   1.7299516e+03   1.2380000e+06
   1.7296015e+03   1.2370000e+06
   1.7292502e+03   1.2360000e+06
   1.7289063e+03   1.2350000e+06
   1.7285744e+03   1.2340000e+06
   1.7282434e+03   1.2330000e+06
   1.7279651e+03   1.2320000e+06
   1.7276316e+03   1.2310000e+06
   1.7273045e+03   1.2300000e+06
   1.7269664e+03   1.2290000e+06
   1.7266290e+03   1.2280000e+06
   1.7262924e+03   1.2270000e+06
   1.7259559e+03   1.2260000e+06
   1.7256233e+03   1.2250000e+06
   1.7252857e+03   1.2240000e+06
   1.7249476e+03   1.2230000e+06
   1.7246189e+03   1.2220000e+06
   1.7243002e+03   1.2210000e+06
   1.7239500e+03   1.2200000e+06
   1.7236158e+03   1.2190000e+06
   1.7233078e+03   1.2180000e+06
   1.7229635e+03   1.2170000e+06
   1.7226899e+03   1.2160000e+06
   1.7223180e+03   1.2150000e+06
   1.7220278e+03   1.2140000e+06
   1.7217174e+03   1.2130000e+06
   1.7213962e+03   1.2120000e+06
   1.7210807e+03   1.2110000e+06
   1.7207166e+03   1.2100000e+06
   1.7204159e+03   1.2090000e+06
   1.7200832e+03   1.2080000e+06
   1.7200000e+03   1.2077510e+06
   1.7197486e+03   1.2070000e+06
   1.7194151e+03   1.2060000e+06
   1.7190816e+03   1.2050000e+06
   1.7187479e+03   1.2040000e+06
   1.7184118e+03   1.2030000e+06
   1.7180756e+03   1.2020000e+06
   1.7177393e+03   1.2010000e+06
   1.7174041e+03   1.2000000e+06
   1.7170678e+03   1.1990000e+06
   1.7167325e+03   1.1980000e+06
   1.7164036e+03   1.1970000e+06
   1.7160584e+03   1.1960000e+06
   1.7157220e+03   1.1950000e+06
   1.7153842e+03   1.1940000e+06
   1.7150465e+03   1.1930000e+06
   1.7147096e+03   1.1920000e+06
   1.7143894e+03   1.1910000e+06
   1.7140392e+03   1.1900000e+06
   1.7137059e+03   1.1890000e+06
   1.7133783e+03   1.1880000e+06
   1.7130492e+03   1.1870000e+06
   1.7127190e+03   1.1860000e+06
   1.7123901e+03   1.1850000e+06
   1.7120557e+03   1.1840000e+06
   1.7117021e+03   1.1830000e+06
   1.7113535e+03   1.1820000e+06
   1.7110049e+03   1.1810000e+06
   1.7106590e+03   1.1800000e+06
   1.7103123e+03   1.1790000e+06
   1.7100000e+03   1.1780260e+06
   1.7099917e+03   1.1780000e+06
   1.7096472e+03   1.1770000e+06
   1.7093366e+03   1.1760000e+06
   1.7090260e+03   1.1750000e+06
   1.7087135e+03   1.1740000e+06
   1.7084005e+03   1.1730000e+06
   1.7080868e+03   1.1720000e+06
   1.7077604e+03   1.1710000e+06
   1.7074234e+03   1.1700000e+06
   1.7070853e+03   1.1690000e+06
   1.7067467e+03   1.1680000e+06
   1.7064054e+03   1.1670000e+06
   1.7060676e+03   1.1660000e+06
   1.7056918e+03   1.1650000e+06
   1.7053701e+03   1.1640000e+06
   1.7050123e+03   1.1630000e+06
   1.7046173e+03   1.1620000e+06
   1.7042626e+03   1.1610000e+06
   1.7039097e+03   1.1600000e+06
   1.7035672e+03   1.1590000e+06
   1.7031984e+03   1.1580000e+06
   1.7028292e+03   1.1570000e+06
   1.7025266e+03   1.1560000e+06
   1.7021546e+03   1.1550000e+06
   1.7017793e+03   1.1540000e+06
   1.7014008e+03   1.1530000e+06
   1.7010372e+03   1.1520000e+06
   1.7007063e+03   1.1510000e+06
   1.7003265e+03   1.1500000e+06
   1.7000000e+03   1.1490084e+06
   1.6999973e+03   1.1490000e+06
   1.6996715e+03   1.1480000e+06
   1.6993445e+03   1.1470000e+06
   1.6990150e+03   1.1460000e+06
   1.6986718e+03   1.1450000e+06
   1.6983281e+03   1.1440000e+06
   1.6979830e+03   1.1430000e+06
   1.6976369e+03   1.1420000e+06
   1.6972867e+03   1.1410000e+06
   1.6969438e+03   1.1400000e+06
   1.6965909e+03   1.1390000e+06
   1.6962322e+03   1.1380000e+06
   1.6958721e+03   1.1370000e+06
   1.6955120e+03   1.1360000e+06
   1.6951810e+03   1.1350000e+06
   1.6948190e+03   1.1340000e+06
   1.6944738e+03   1.1330000e+06
   1.6941087e+03   1.1320000e+06
   1.6937617e+03   1.1310000e+06
   1.6934114e+03   1.1300000e+06
   1.6930602e+03   1.1290000e+06
   1.6927090e+03   1.1280000e+06
   1.6923576e+03   1.1270000e+06
   1.6920066e+03   1.1260000e+06
   1.6916563e+03   1.1250000e+06
   1.6913037e+03   1.1240000e+06
   1.6909525e+03   1.1230000e+06
   1.6906002e+03   1.1220000e+06
   1.6902491e+03   1.1210000e+06
   1.6900000e+03   1.1202930e+06
   1.6898973e+03   1.1200000e+06
   1.6895456e+03   1.1190000e+06
   1.6891951e+03   1.1180000e+06
   1.6888463e+03   1.1170000e+06
   1.6884658e+03   1.1160000e+06
   1.6880065e+03   1.1150000e+06
   1.6876399e+03   1.1140000e+06
   1.6871905e+03   1.1130000e+06
   1.6869456e+03   1.1120000e+06
   1.6865410e+03   1.1110000e+06
   1.6849547e+03   1.1100000e+06
   1.6800000e+03   1.1091912e+06
   1.6786907e+03   1.1090000e+06
   1.6765833e+03   1.1080000e+06
   1.6725745e+03   1.1070000e+06
   1.6700000e+03   1.1064623e+06
   1.6686466e+03   1.1060000e+06
   1.6680682e+03   1.1050000e+06
   1.6653612e+03   1.1040000e+06
   1.6618049e+03   1.1030000e+06
   1.6610539e+03   1.1020000e+06
   1.6600000e+03   1.1014130e+06
   1.6589587e+03   1.1010000e+06
   1.6555073e+03   1.1000000e+06
   1.6526747e+03   1.0990000e+06
   1.6500000e+03   1.0982471e+06
   1.6490001e+03   1.0980000e+06
   1.6470009e+03   1.0970000e+06
   1.6451947e+03   1.0960000e+06
   1.6448823e+03   1.0950000e+06
   1.6445741e+03   1.0940000e+06
   1.6442578e+03   1.0930000e+06
   1.6438642e+03   1.0920000e+06
   1.6435306e+03   1.0910000e+06
   1.6431899e+03   1.0900000e+06
   1.6428562e+03   1.0890000e+06
   1.6425502e+03   1.0880000e+06
   1.6422315e+03   1.0870000e+06
   1.6418464e+03   1.0860000e+06
   1.6415086e+03   1.0850000e+06
   1.6411697e+03   1.0840000e+06
   1.6408296e+03   1.0830000e+06
   1.6404904e+03   1.0820000e+06
   1.6401621e+03   1.0810000e+06
   1.6400000e+03   1.0805042e+06
   1.6398371e+03   1.0800000e+06
   1.6395129e+03   1.0790000e+06
   1.6391884e+03   1.0780000e+06
   1.6388630e+03   1.0770000e+06
   1.6385321e+03   1.0760000e+06
   1.6381935e+03   1.0750000e+06
   1.6378535e+03   1.0740000e+06
   1.6375108e+03   1.0730000e+06
   1.6371697e+03   1.0720000e+06
   1.6368284e+03   1.0710000e+06
   1.6364866e+03   1.0700000e+06
   1.6361495e+03   1.0690000e+06
   1.6358172e+03   1.0680000e+06
   1.6354978e+03   1.0670000e+06
   1.6351648e+03   1.0660000e+06
   1.6348302e+03   1.0650000e+06
   1.6344941e+03   1.0640000e+06
   1.6341570e+03   1.0630000e+06
   1.6338190e+03   1.0620000e+06
   1.6334805e+03   1.0610000e+06
   1.6331375e+03   1.0600000e+06
   1.6327991e+03   1.0590000e+06
   1.6324609e+03   1.0580000e+06
   1.6321215e+03   1.0570000e+06
   1.6317826e+03   1.0560000e+06
   1.6314453e+03   1.0550000e+06
   1.6311075e+03   1.0540000e+06
   1.6307703e+03   1.0530000e+06
   1.6304106e+03   1.0520000e+06
   1.6300740e+03   1.0510000e+06
   1.6300000e+03   1.0507835e+06
   1.6297330e+03   1.0500000e+06
   1.6293935e+03   1.0490000e+06
   1.6290502e+03   1.0480000e+06
   1.6287069e+03   1.0470000e+06
   1.6283625e+03   1.0460000e+06
   1.6280190e+03   1.0450000e+06
   1.6276746e+03   1.0440000e+06
   1.6273450e+03   1.0430000e+06
   1.6270164e+03   1.0420000e+06
   1.6266903e+03   1.0410000e+06
   1.6263588e+03   1.0400000e+06
   1.6260200e+03   1.0390000e+06
   1.6256903e+03   1.0380000e+06
   1.6253503e+03   1.0370000e+06
   1.6250027e+03   1.0360000e+06
   1.6246674e+03   1.0350000e+06
   1.6243207e+03   1.0340000e+06
   1.6239797e+03   1.0330000e+06
   1.6236308e+03   1.0320000e+06
   1.6232825e+03   1.0310000e+06
   1.6229420e+03   1.0300000e+06
   1.6226006e+03   1.0290000e+06
   1.6222535e+03   1.0280000e+06
   1.6218943e+03   1.0270000e+06
   1.6215535e+03   1.0260000e+06
   1.6212129e+03   1.0250000e+06
   1.6208655e+03   1.0240000e+06
   1.6205169e+03   1.0230000e+06
   1.6201685e+03   1.0220000e+06
   1.6200000e+03   1.0215191e+06
   1.6198194e+03   1.0210000e+06
   1.6194714e+03   1.0200000e+06
   1.6191248e+03   1.0190000e+06
   1.6187835e+03   1.0180000e+06
   1.6184515e+03   1.0170000e+06
   1.6181163e+03   1.0160000e+06
   1.6177741e+03   1.0150000e+06
   1.6174122e+03   1.0140000e+06
   1.6170821e+03   1.0130000e+06
   1.6167494e+03   1.0120000e+06
   1.6164043e+03   1.0110000e+06
   1.6160589e+03   1.0100000e+06
   1.6157211e+03   1.0090000e+06
   1.6153819e+03   1.0080000e+06
   1.6150511e+03   1.0070000e+06
   1.6147039e+03   1.0060000e+06
   1.6143542e+03   1.0050000e+06
   1.6140029e+03   1.0040000e+06
   1.6136519e+03   1.0030000e+06
   1.6133001e+03   1.0020000e+06
   1.6129484e+03   1.0010000e+06
   1.6125966e+03   1.0000000e+06
   1.6122448e+03   9.9900000e+05
   1.6118917e+03   9.9800000e+05
   1.6115386e+03   9.9700000e+05
   1.6111866e+03   9.9600000e+05
   1.6108336e+03   9.9500000e+05
   1.6104805e+03   9.9400000e+05
   1.6101774e+03   9.9300000e+05
   1.6100000e+03   9.9254422e+05
   1.6097888e+03   9.9200000e+05
   1.6094510e+03   9.9100000e+05
   1.6091133e+03   9.9000000e+05
   1.6087757e+03   9.8900000e+05
   1.6084382e+03   9.8800000e+05
   1.6080997e+03   9.8700000e+05
   1.6077478e+03   9.8600000e+05
   1.6074036e+03   9.8500000e+05
   1.6070584e+03   9.8400000e+05
   1.6067015e+03   9.8300000e+05
   1.6063512e+03   9.8200000e+05
   1.6060050e+03   9.8100000e+05
   1.6056505e+03   9.8000000e+05
   1.6053029e+03   9.7900000e+05
   1.6049444e+03   9.7800000e+05
   1.6045941e+03   9.7700000e+05
   1.6042440e+03   9.7600000e+05
   1.6038953e+03   9.7500000e+05
   1.6035454e+03   9.7400000e+05
   1.6031889e+03   9.7300000e+05
   1.6028293e+03   9.7200000e+05
   1.6024697e+03   9.7100000e+05
   1.6021098e+03   9.7000000e+05
   1.6017490e+03   9.6900000e+05
   1.6013894e+03   9.6800000e+05
   1.6010352e+03   9.6700000e+05
   1.6006916e+03   9.6600000e+05
   1.6003517e+03   9.6500000e+05
   1.6000066e+03   9.6400000e+05
   1.6000000e+03   9.6398099e+05
   1.5996617e+03   9.6300000e+05
   1.5993182e+03   9.6200000e+05
   1.5989734e+03   9.6100000e+05
   1.5986153e+03   9.6000000e+05
   1.5982570e+03   9.5900000e+05
   1.5979265e+03   9.5800000e+05
   1.5975403e+03   9.5700000e+05
   1.5971816e+03   9.5600000e+05
   1.5968219e+03   9.5500000e+05
   1.5964633e+03   9.5400000e+05
   1.5961090e+03   9.5300000e+05
   1.5957499e+03   9.5200000e+05
   1.5953938e+03   9.5100000e+05
   1.5950341e+03   9.5000000e+05
   1.5946737e+03   9.4900000e+05
   1.5943176e+03   9.4800000e+05
   1.5939716e+03   9.4700000e+05
   1.5936187e+03   9.4600000e+05
   1.5933913e+03   9.4500000e+05
   1.5929261e+03   9.4400000e+05
   1.5925800e+03   9.4300000e+05
   1.5922326e+03   9.4200000e+05
   1.5918729e+03   9.4100000e+05
   1.5915119e+03   9.4000000e+05
   1.5911501e+03   9.3900000e+05
   1.5907811e+03   9.3800000e+05
   1.5904197e+03   9.3700000e+05
   1.5900577e+03   9.3600000e+05
   1.5900000e+03   9.3584058e+05
   1.5896976e+03   9.3500000e+05
   1.5893365e+03   9.3400000e+05
   1.5889755e+03   9.3300000e+05
   1.5886300e+03   9.3200000e+05
   1.5882672e+03   9.3100000e+05
   1.5879044e+03   9.3000000e+05
   1.5875460e+03   9.2900000e+05
   1.5872028e+03   9.2800000e+05
   1.5868612e+03   9.2700000e+05
   1.5866449e+03   9.2600000e+05
   1.5861564e+03   9.2500000e+05
   1.5858130e+03   9.2400000e+05
   1.5854135e+03   9.2300000e+05
   1.5851087e+03   9.2200000e+05
   1.5847404e+03   9.2100000e+05
   1.5843722e+03   9.2000000e+05
   1.5840191e+03   9.1900000e+05
   1.5836486e+03   9.1800000e+05
   1.5832767e+03   9.1700000e+05
   1.5829092e+03   9.1600000e+05
   1.5825431e+03   9.1500000e+05
   1.5821761e+03   9.1400000e+05
   1.5818048e+03   9.1300000e+05
   1.5814386e+03   9.1200000e+05
   1.5810725e+03   9.1100000e+05
   1.5807063e+03   9.1000000e+05
   1.5803570e+03   9.0900000e+05
   1.5800065e+03   9.0800000e+05
   1.5800000e+03   9.0798141e+05
   1.5796581e+03   9.0700000e+05
   1.5793086e+03   9.0600000e+05
   1.5789604e+03   9.0500000e+05
   1.5786110e+03   9.0400000e+05
   1.5782498e+03   9.0300000e+05
   1.5778832e+03   9.0200000e+05
   1.5775178e+03   9.0100000e+05
   1.5771501e+03   9.0000000e+05
   1.5767832e+03   8.9900000e+05
   1.5764154e+03   8.9800000e+05
   1.5760857e+03   8.9700000e+05
   1.5756877e+03   8.9600000e+05
   1.5753298e+03   8.9500000e+05
   1.5749708e+03   8.9400000e+05
   1.5746094e+03   8.9300000e+05
   1.5742548e+03   8.9200000e+05
   1.5738845e+03   8.9100000e+05
   1.5735191e+03   8.9000000e+05
   1.5731573e+03   8.8900000e+05
   1.5727948e+03   8.8800000e+05
   1.5724340e+03   8.8700000e+05
   1.5720732e+03   8.8600000e+05
   1.5717126e+03   8.8500000e+05
   1.5713474e+03   8.8400000e+05
   1.5709761e+03   8.8300000e+05
   1.5706032e+03   8.8200000e+05
   1.5702304e+03   8.8100000e+05
   1.5700000e+03   8.8038194e+05
   1.5698579e+03   8.8000000e+05
   1.5694850e+03   8.7900000e+05
   1.5691332e+03   8.7800000e+05
   1.5687521e+03   8.7700000e+05
   1.5683858e+03   8.7600000e+05
   1.5680176e+03   8.7500000e+05
   1.5676503e+03   8.7400000e+05
   1.5672833e+03   8.7300000e+05
   1.5669151e+03   8.7200000e+05
   1.5665514e+03   8.7100000e+05
   1.5661874e+03   8.7000000e+05
   1.5658226e+03   8.6900000e+05
   1.5654580e+03   8.6800000e+05
   1.5650981e+03   8.6700000e+05
   1.5647302e+03   8.6600000e+05
   1.5643624e+03   8.6500000e+05
   1.5639923e+03   8.6400000e+05
   1.5636223e+03   8.6300000e+05
   1.5632353e+03   8.6200000e+05
   1.5628651e+03   8.6100000e+05
   1.5624961e+03   8.6000000e+05
   1.5621260e+03   8.5900000e+05
   1.5617518e+03   8.5800000e+05
   1.5613762e+03   8.5700000e+05
   1.5610006e+03   8.5600000e+05
   1.5606251e+03   8.5500000e+05
   1.5602482e+03   8.5400000e+05
   1.5600000e+03   8.5333904e+05
   1.5598734e+03   8.5300000e+05
   1.5595023e+03   8.5200000e+05
   1.5591325e+03   8.5100000e+05
   1.5587492e+03   8.5000000e+05
   1.5583800e+03   8.4900000e+05
   1.5580112e+03   8.4800000e+05
   1.5576405e+03   8.4700000e+05
   1.5572717e+03   8.4600000e+05
   1.5569080e+03   8.4500000e+05
   1.5565393e+03   8.4400000e+05
   1.5561732e+03   8.4300000e+05
   1.5558155e+03   8.4200000e+05
   1.5554494e+03   8.4100000e+05
   1.5550500e+03   8.4000000e+05
   1.5547061e+03   8.3900000e+05
   1.5543259e+03   8.3800000e+05
   1.5539458e+03   8.3700000e+05
   1.5535650e+03   8.3600000e+05
   1.5531843e+03   8.3500000e+05
   1.5528031e+03   8.3400000e+05
   1.5524214e+03   8.3300000e+05
   1.5520404e+03   8.3200000e+05
   1.5516611e+03   8.3100000e+05
   1.5512785e+03   8.3000000e+05
   1.5508945e+03   8.2900000e+05
   1.5505107e+03   8.2800000e+05
   1.5501305e+03   8.2700000e+05
   1.5500000e+03   8.2664336e+05
   1.5497663e+03   8.2600000e+05
   1.5493994e+03   8.2500000e+05
   1.5490353e+03   8.2400000e+05
   1.5486710e+03   8.2300000e+05
   1.5483067e+03   8.2200000e+05
   1.5479130e+03   8.2100000e+05
   1.5475692e+03   8.2000000e+05
   1.5471944e+03   8.1900000e+05
   1.5468207e+03   8.1800000e+05
   1.5464457e+03   8.1700000e+05
   1.5460727e+03   8.1600000e+05
   1.5456967e+03   8.1500000e+05
   1.5453074e+03   8.1400000e+05
   1.5449211e+03   8.1300000e+05
   1.5445317e+03   8.1200000e+05
   1.5441540e+03   8.1100000e+05
   1.5437697e+03   8.1000000e+05
   1.5433862e+03   8.0900000e+05
   1.5430447e+03   8.0800000e+05
   1.5426322e+03   8.0700000e+05
   1.5422606e+03   8.0600000e+05
   1.5418881e+03   8.0500000e+05
   1.5415165e+03   8.0400000e+05
   1.5411440e+03   8.0300000e+05
   1.5407695e+03   8.0200000e+05
   1.5403983e+03   8.0100000e+05
   1.5400101e+03   8.0000000e+05
   1.5400000e+03   7.9997377e+05
   1.5396253e+03   7.9900000e+05
   1.5392382e+03   7.9800000e+05
   1.5388515e+03   7.9700000e+05
   1.5384657e+03   7.9600000e+05
   1.5381170e+03   7.9500000e+05
   1.5376961e+03   7.9400000e+05
   1.5373063e+03   7.9300000e+05
   1.5369221e+03   7.9200000e+05
   1.5365385e+03   7.9100000e+05
   1.5361557e+03   7.9000000e+05
   1.5357723e+03   7.8900000e+05
   1.5354187e+03   7.8800000e+05
   1.5350373e+03   7.8700000e+05
   1.5346549e+03   7.8600000e+05
   1.5342594e+03   7.8500000e+05
   1.5338876e+03   7.8400000e+05
   1.5335011e+03   7.8300000e+05
   1.5331109e+03   7.8200000e+05
   1.5327195e+03   7.8100000e+05
   1.5323272e+03   7.8000000e+05
   1.5319347e+03   7.7900000e+05
   1.5315422e+03   7.7800000e+05
   1.5311499e+03   7.7700000e+05
   1.5307614e+03   7.7600000e+05
   1.5303856e+03   7.7500000e+05
   1.5300038e+03   7.7400000e+05
   1.5300000e+03   7.7398993e+05
   1.5296377e+03   7.7300000e+05
   1.5292558e+03   7.7200000e+05
   1.5288814e+03   7.7100000e+05
   1.5285068e+03   7.7000000e+05
   1.5281172e+03   7.6900000e+05
   1.5277229e+03   7.6800000e+05
   1.5273646e+03   7.6700000e+05
   1.5269347e+03   7.6600000e+05
   1.5265442e+03   7.6500000e+05
   1.5261486e+03   7.6400000e+05
   1.5257539e+03   7.6300000e+05
   1.5253584e+03   7.6200000e+05
   1.5249630e+03   7.6100000e+05
   1.5246927e+03   7.6000000e+05
   1.5241935e+03   7.5900000e+05
   1.5237978e+03   7.5800000e+05
   1.5234041e+03   7.5700000e+05
   1.5230258e+03   7.5600000e+05
   1.5226489e+03   7.5500000e+05
   1.5223950e+03   7.5400000e+05
   1.5218607e+03   7.5300000e+05
   1.5214806e+03   7.5200000e+05
   1.5210819e+03   7.5100000e+05
   1.5207065e+03   7.5000000e+05
   1.5203069e+03   7.4900000e+05
   1.5200000e+03   7.4823438e+05
   1.5199066e+03   7.4800000e+05
   1.5195069e+03   7.4700000e+05
   1.5191085e+03   7.4600000e+05
   1.5187098e+03   7.4500000e+05
   1.5183340e+03   7.4400000e+05
   1.5179291e+03   7.4300000e+05
   1.5175442e+03   7.4200000e+05
   1.5173095e+03   7.4100000e+05
   1.5167807e+03   7.4000000e+05
   1.5163960e+03   7.3900000e+05
   1.5159879e+03   7.3800000e+05
   1.5156143e+03   7.3700000e+05
   1.5152170e+03   7.3600000e+05
   1.5148920e+03   7.3500000e+05
   1.5144187e+03   7.3400000e+05
   1.5140201e+03   7.3300000e+05
   1.5136214e+03   7.3200000e+05
   1.5132252e+03   7.3100000e+05
   1.5128163e+03   7.3000000e+05
   1.5124123e+03   7.2900000e+05
   1.5120379e+03   7.2800000e+05
   1.5116034e+03   7.2700000e+05
   1.5111992e+03   7.2600000e+05
   1.5108507e+03   7.2500000e+05
   1.5104068e+03   7.2400000e+05
   1.5100187e+03   7.2300000e+05
   1.5100000e+03   7.2295208e+05
   1.5096335e+03   7.2200000e+05
   1.5092474e+03   7.2100000e+05
   1.5088601e+03   7.2000000e+05
   1.5084736e+03   7.1900000e+05
   1.5080697e+03   7.1800000e+05
   1.5076668e+03   7.1700000e+05
   1.5072633e+03   7.1600000e+05
   1.5068591e+03   7.1500000e+05
   1.5064544e+03   7.1400000e+05
   1.5060505e+03   7.1300000e+05
   1.5056503e+03   7.1200000e+05
   1.5052596e+03   7.1100000e+05
   1.5048683e+03   7.1000000e+05
   1.5044764e+03   7.0900000e+05
   1.5040853e+03   7.0800000e+05
   1.5036922e+03   7.0700000e+05
   1.5032672e+03   7.0600000e+05
   1.5028912e+03   7.0500000e+05
   1.5024842e+03   7.0400000e+05
   1.5020761e+03   7.0300000e+05
   1.5016679e+03   7.0200000e+05
   1.5012590e+03   7.0100000e+05
   1.5008510e+03   7.0000000e+05
   1.5004410e+03   6.9900000e+05
   1.5000309e+03   6.9800000e+05
   1.5000000e+03   6.9792492e+05
   1.4996235e+03   6.9700000e+05
   1.4992143e+03   6.9600000e+05
   1.4988081e+03   6.9500000e+05
   1.4984050e+03   6.9400000e+05
   1.4980378e+03   6.9300000e+05
   1.4976052e+03   6.9200000e+05
   1.4972069e+03   6.9100000e+05
   1.4968222e+03   6.9000000e+05
   1.4964232e+03   6.8900000e+05
   1.4960225e+03   6.8800000e+05
   1.4956192e+03   6.8700000e+05
   1.4952123e+03   6.8600000e+05
   1.4948038e+03   6.8500000e+05
   1.4943964e+03   6.8400000e+05
   1.4939806e+03   6.8300000e+05
   1.4935728e+03   6.8200000e+05
   1.4931642e+03   6.8100000e+05
   1.4927598e+03   6.8000000e+05
   1.4923540e+03   6.7900000e+05
   1.4919522e+03   6.7800000e+05
   1.4915612e+03   6.7700000e+05
   1.4911580e+03   6.7600000e+05
   1.4907544e+03   6.7500000e+05
   1.4903491e+03   6.7400000e+05
   1.4900000e+03   6.7316422e+05
   1.4899317e+03   6.7300000e+05
   1.4895170e+03   6.7200000e+05
   1.4891012e+03   6.7100000e+05
   1.4886822e+03   6.7000000e+05
   1.4882667e+03   6.6900000e+05
   1.4878559e+03   6.6800000e+05
   1.4874348e+03   6.6700000e+05
   1.4870194e+03   6.6600000e+05
   1.4866065e+03   6.6500000e+05
   1.4861907e+03   6.6400000e+05
   1.4857770e+03   6.6300000e+05
   1.4853590e+03   6.6200000e+05
   1.4849470e+03   6.6100000e+05
   1.4845435e+03   6.6000000e+05
   1.4841387e+03   6.5900000e+05
   1.4837207e+03   6.5800000e+05
   1.4833163e+03   6.5700000e+05
   1.4829123e+03   6.5600000e+05
   1.4825085e+03   6.5500000e+05
   1.4820964e+03   6.5400000e+05
   1.4816901e+03   6.5300000e+05
   1.4812797e+03   6.5200000e+05
   1.4808693e+03   6.5100000e+05
   1.4804572e+03   6.5000000e+05
   1.4800413e+03   6.4900000e+05
   1.4800000e+03   6.4889941e+05
   1.4796313e+03   6.4800000e+05
   1.4792202e+03   6.4700000e+05
   1.4788070e+03   6.4600000e+05
   1.4783929e+03   6.4500000e+05
   1.4779753e+03   6.4400000e+05
   1.4775636e+03   6.4300000e+05
   1.4771486e+03   6.4200000e+05
   1.4767260e+03   6.4100000e+05
   1.4763011e+03   6.4000000e+05
   1.4758768e+03   6.3900000e+05
   1.4754526e+03   6.3800000e+05
   1.4750284e+03   6.3700000e+05
   1.4746085e+03   6.3600000e+05
   1.4741868e+03   6.3500000e+05
   1.4737697e+03   6.3400000e+05
   1.4733507e+03   6.3300000e+05
   1.4729315e+03   6.3200000e+05
   1.4725099e+03   6.3100000e+05
   1.4720928e+03   6.3000000e+05
   1.4716721e+03   6.2900000e+05
   1.4712476e+03   6.2800000e+05
   1.4708224e+03   6.2700000e+05
   1.4703968e+03   6.2600000e+05
   1.4700000e+03   6.2506799e+05
   1.4699711e+03   6.2500000e+05
   1.4695461e+03   6.2400000e+05
   1.4691263e+03   6.2300000e+05
   1.4687126e+03   6.2200000e+05
   1.4683037e+03   6.2100000e+05
   1.4678902e+03   6.2000000e+05
   1.4674760e+03   6.1900000e+05
   1.4670605e+03   6.1800000e+05
   1.4666482e+03   6.1700000e+05
   1.4662216e+03   6.1600000e+05
   1.4657973e+03   6.1500000e+05
   1.4653734e+03   6.1400000e+05
   1.4649495e+03   6.1300000e+05
   1.4645195e+03   6.1200000e+05
   1.4640950e+03   6.1100000e+05
   1.4636695e+03   6.1000000e+05
   1.4632427e+03   6.0900000e+05
   1.4628353e+03   6.0800000e+05
   1.4624061e+03   6.0700000e+05
   1.4619754e+03   6.0600000e+05
   1.4615438e+03   6.0500000e+05
   1.4611094e+03   6.0400000e+05
   1.4606771e+03   6.0300000e+05
   1.4601825e+03   6.0200000e+05
   1.4600000e+03   6.0157703e+05
   1.4597545e+03   6.0100000e+05
   1.4593303e+03   6.0000000e+05
   1.4589037e+03   5.9900000e+05
   1.4584765e+03   5.9800000e+05
   1.4580431e+03   5.9700000e+05
   1.4576077e+03   5.9600000e+05
   1.4571730e+03   5.9500000e+05
   1.4567330e+03   5.9400000e+05
   1.4563078e+03   5.9300000e+05
   1.4558730e+03   5.9200000e+05
   1.4554563e+03   5.9100000e+05
   1.4550119e+03   5.9000000e+05
   1.4545749e+03   5.8900000e+05
   1.4541489e+03   5.8800000e+05
   1.4537458e+03   5.8700000e+05
   1.4533123e+03   5.8600000e+05
   1.4528774e+03   5.8500000e+05
   1.4524434e+03   5.8400000e+05
   1.4520105e+03   5.8300000e+05
   1.4515609e+03   5.8200000e+05
   1.4511209e+03   5.8100000e+05
   1.4506887e+03   5.8000000e+05
   1.4502541e+03   5.7900000e+05
   1.4500000e+03   5.7841484e+05
   1.4498216e+03   5.7800000e+05
   1.4493903e+03   5.7700000e+05
   1.4489590e+03   5.7600000e+05
   1.4485398e+03   5.7500000e+05
   1.4481455e+03   5.7400000e+05
   1.4477104e+03   5.7300000e+05
   1.4472755e+03   5.7200000e+05
   1.4468492e+03   5.7100000e+05
   1.4464321e+03   5.7000000e+05
   1.4459698e+03   5.6900000e+05
   1.4455414e+03   5.6800000e+05
   1.4451203e+03   5.6700000e+05
   1.4446647e+03   5.6600000e+05
   1.4442653e+03   5.6500000e+05
   1.4438255e+03   5.6400000e+05
   1.4433852e+03   5.6300000e+05
   1.4429477e+03   5.6200000e+05
   1.4425115e+03   5.6100000e+05
   1.4420564e+03   5.6000000e+05
   1.4416266e+03   5.5900000e+05
   1.4411762e+03   5.5800000e+05
   1.4407278e+03   5.5700000e+05
   1.4402790e+03   5.5600000e+05
   1.4400000e+03   5.5537731e+05
   1.4398328e+03   5.5500000e+05
   1.4393950e+03   5.5400000e+05
   1.4389911e+03   5.5300000e+05
   1.4385123e+03   5.5200000e+05
   1.4380844e+03   5.5100000e+05
   1.4376511e+03   5.5000000e+05
   1.4372166e+03   5.4900000e+05
   1.4367806e+03   5.4800000e+05
   1.4363463e+03   5.4700000e+05
   1.4359021e+03   5.4600000e+05
   1.4354499e+03   5.4500000e+05
   1.4350024e+03   5.4400000e+05
   1.4345551e+03   5.4300000e+05
   1.4341081e+03   5.4200000e+05
   1.4336617e+03   5.4100000e+05
   1.4332155e+03   5.4000000e+05
   1.4327743e+03   5.3900000e+05
   1.4323299e+03   5.3800000e+05
   1.4318849e+03   5.3700000e+05
   1.4314388e+03   5.3600000e+05
   1.4310006e+03   5.3500000e+05
   1.4305399e+03   5.3400000e+05
   1.4301023e+03   5.3300000e+05
   1.4300000e+03   5.3277692e+05
   1.4296463e+03   5.3200000e+05
   1.4292007e+03   5.3100000e+05
   1.4287547e+03   5.3000000e+05
   1.4283081e+03   5.2900000e+05
   1.4278607e+03   5.2800000e+05
   1.4274108e+03   5.2700000e+05
   1.4269573e+03   5.2600000e+05
   1.4265043e+03   5.2500000e+05
   1.4260505e+03   5.2400000e+05
   1.4255959e+03   5.2300000e+05
   1.4251407e+03   5.2200000e+05
   1.4246911e+03   5.2100000e+05
   1.4242359e+03   5.2000000e+05
   1.4237869e+03   5.1900000e+05
   1.4233372e+03   5.1800000e+05
   1.4228987e+03   5.1700000e+05
   1.4224484e+03   5.1600000e+05
   1.4219974e+03   5.1500000e+05
   1.4215518e+03   5.1400000e+05
   1.4211078e+03   5.1300000e+05
   1.4206623e+03   5.1200000e+05
   1.4201701e+03   5.1100000e+05
   1.4200000e+03   5.1062078e+05
   1.4197236e+03   5.1000000e+05
   1.4192774e+03   5.0900000e+05
   1.4188072e+03   5.0800000e+05
   1.4183649e+03   5.0700000e+05
   1.4178980e+03   5.0600000e+05
   1.4174345e+03   5.0500000e+05
   1.4169776e+03   5.0400000e+05
   1.4165085e+03   5.0300000e+05
   1.4160758e+03   5.0200000e+05
   1.4155879e+03   5.0100000e+05
   1.4151401e+03   5.0000000e+05
   1.4147030e+03   4.9900000e+05
   1.4142494e+03   4.9800000e+05
   1.4137933e+03   4.9700000e+05
   1.4133291e+03   4.9600000e+05
   1.4128718e+03   4.9500000e+05
   1.4124193e+03   4.9400000e+05
   1.4119599e+03   4.9300000e+05
   1.4114969e+03   4.9200000e+05
   1.4110363e+03   4.9100000e+05
   1.4105678e+03   4.9000000e+05
   1.4101095e+03   4.8900000e+05
   1.4100000e+03   4.8876658e+05
   1.4096426e+03   4.8800000e+05
   1.4091775e+03   4.8700000e+05
   1.4087120e+03   4.8600000e+05
   1.4082453e+03   4.8500000e+05
   1.4077803e+03   4.8400000e+05
   1.4073157e+03   4.8300000e+05
   1.4068532e+03   4.8200000e+05
   1.4063957e+03   4.8100000e+05
   1.4059347e+03   4.8000000e+05
   1.4054744e+03   4.7900000e+05
   1.4050086e+03   4.7800000e+05
   1.4045523e+03   4.7700000e+05
   1.4040913e+03   4.7600000e+05
   1.4036210e+03   4.7500000e+05
   1.4031539e+03   4.7400000e+05
   1.4026854e+03   4.7300000e+05
   1.4022155e+03   4.7200000e+05
   1.4017456e+03   4.7100000e+05
   1.4012707e+03   4.7000000e+05
   1.4007918e+03   4.6900000e+05
   1.4003148e+03   4.6800000e+05
   1.4000000e+03   4.6734135e+05
   1.3998381e+03   4.6700000e+05
   1.3993647e+03   4.6600000e+05
   1.3988917e+03   4.6500000e+05
   1.3984315e+03   4.6400000e+05
   1.3979519e+03   4.6300000e+05
   1.3974866e+03   4.6200000e+05
   1.3970276e+03   4.6100000e+05
   1.3965602e+03   4.6000000e+05
   1.3960906e+03   4.5900000e+05
   1.3956197e+03   4.5800000e+05
   1.3951481e+03   4.5700000e+05
   1.3946789e+03   4.5600000e+05
   1.3942087e+03   4.5500000e+05
   1.3937392e+03   4.5400000e+05
   1.3932586e+03   4.5300000e+05
   1.3927888e+03   4.5200000e+05
   1.3923016e+03   4.5100000e+05
   1.3918386e+03   4.5000000e+05
   1.3913580e+03   4.4900000e+05
   1.3908761e+03   4.4800000e+05
   1.3903932e+03   4.4700000e+05
   1.3900000e+03   4.4618009e+05
   1.3899141e+03   4.4600000e+05
   1.3894335e+03   4.4500000e+05
   1.3889604e+03   4.4400000e+05
   1.3884891e+03   4.4300000e+05
   1.3880174e+03   4.4200000e+05
   1.3875461e+03   4.4100000e+05
   1.3870685e+03   4.4000000e+05
   1.3865937e+03   4.3900000e+05
   1.3860931e+03   4.3800000e+05
   1.3856287e+03   4.3700000e+05
   1.3851416e+03   4.3600000e+05
   1.3846535e+03   4.3500000e+05
   1.3841782e+03   4.3400000e+05
   1.3836880e+03   4.3300000e+05
   1.3832216e+03   4.3200000e+05
   1.3827192e+03   4.3100000e+05
   1.3822423e+03   4.3000000e+05
   1.3817597e+03   4.2900000e+05
   1.3812824e+03   4.2800000e+05
   1.3808020e+03   4.2700000e+05
   1.3803248e+03   4.2600000e+05
   1.3800000e+03   4.2532553e+05
   1.3798439e+03   4.2500000e+05
   1.3793598e+03   4.2400000e+05
   1.3788748e+03   4.2300000e+05
   1.3783842e+03   4.2200000e+05
   1.3778818e+03   4.2100000e+05
   1.3773981e+03   4.2000000e+05
   1.3769126e+03   4.1900000e+05
   1.3764248e+03   4.1800000e+05
   1.3759360e+03   4.1700000e+05
   1.3754497e+03   4.1600000e+05
   1.3749680e+03   4.1500000e+05
   1.3744778e+03   4.1400000e+05
   1.3739854e+03   4.1300000e+05
   1.3734943e+03   4.1200000e+05
   1.3729967e+03   4.1100000e+05
   1.3724983e+03   4.1000000e+05
   1.3720002e+03   4.0900000e+05
   1.3715028e+03   4.0800000e+05
   1.3710021e+03   4.0700000e+05
   1.3705008e+03   4.0600000e+05
   1.3700112e+03   4.0500000e+05
   1.3700000e+03   4.0497701e+05
   1.3695286e+03   4.0400000e+05
   1.3690448e+03   4.0300000e+05
   1.3685594e+03   4.0200000e+05
   1.3680706e+03   4.0100000e+05
   1.3675812e+03   4.0000000e+05
   1.3669600e+03   3.9900000e+05
   1.3664705e+03   3.9800000e+05
   1.3659808e+03   3.9700000e+05
   1.3654886e+03   3.9600000e+05
   1.3649994e+03   3.9500000e+05
   1.3644869e+03   3.9400000e+05
   1.3639632e+03   3.9300000e+05
   1.3634690e+03   3.9200000e+05
   1.3629777e+03   3.9100000e+05
   1.3624889e+03   3.9000000e+05
   1.3619985e+03   3.8900000e+05
   1.3615050e+03   3.8800000e+05
   1.3610147e+03   3.8700000e+05
   1.3605024e+03   3.8600000e+05
   1.3600000e+03   3.8508468e+05
   1.3599537e+03   3.8500000e+05
   1.3594562e+03   3.8400000e+05
   1.3589537e+03   3.8300000e+05
   1.3584632e+03   3.8200000e+05
   1.3579571e+03   3.8100000e+05
   1.3574606e+03   3.8000000e+05
   1.3569640e+03   3.7900000e+05
   1.3564587e+03   3.7800000e+05
   1.3559216e+03   3.7700000e+05
   1.3554106e+03   3.7600000e+05
   1.3549131e+03   3.7500000e+05
   1.3544045e+03   3.7400000e+05
   1.3539020e+03   3.7300000e+05
   1.3534006e+03   3.7200000e+05
   1.3528866e+03   3.7100000e+05
   1.3523867e+03   3.7000000e+05
   1.3518846e+03   3.6900000e+05
   1.3515349e+03   3.6800000e+05
   1.3509507e+03   3.6700000e+05
   1.3505264e+03   3.6600000e+05
   1.3500470e+03   3.6500000e+05
   1.3500000e+03   3.6489538e+05
   1.3495999e+03   3.6400000e+05
   1.3491277e+03   3.6300000e+05
   1.3486841e+03   3.6200000e+05
   1.3482366e+03   3.6100000e+05
   1.3477511e+03   3.6000000e+05
   1.3473231e+03   3.5900000e+05
   1.3468804e+03   3.5800000e+05
   1.3463885e+03   3.5700000e+05
   1.3458936e+03   3.5600000e+05
   1.3454709e+03   3.5500000e+05
   1.3450413e+03   3.5400000e+05
   1.3445585e+03   3.5300000e+05
   1.3441515e+03   3.5200000e+05
   1.3436952e+03   3.5100000e+05
   1.3432158e+03   3.5000000e+05
   1.3427300e+03   3.4900000e+05
   1.3423221e+03   3.4800000e+05
   1.3418614e+03   3.4700000e+05
   1.3413753e+03   3.4600000e+05
   1.3409538e+03   3.4500000e+05
   1.3405216e+03   3.4400000e+05
   1.3400238e+03   3.4300000e+05
   1.3400000e+03   3.4295089e+05
   1.3395412e+03   3.4200000e+05
   1.3390951e+03   3.4100000e+05
   1.3386320e+03   3.4000000e+05
   1.3381477e+03   3.3900000e+05
   1.3376692e+03   3.3800000e+05
   1.3372602e+03   3.3700000e+05
   1.3367675e+03   3.3600000e+05
   1.3362887e+03   3.3500000e+05
   1.3358456e+03   3.3400000e+05
   1.3353750e+03   3.3300000e+05
   1.3348811e+03   3.3200000e+05
   1.3344022e+03   3.3100000e+05
   1.3339332e+03   3.3000000e+05
   1.3334710e+03   3.2900000e+05
   1.3329806e+03   3.2800000e+05
   1.3325091e+03   3.2700000e+05
   1.3320550e+03   3.2600000e+05
   1.3315681e+03   3.2500000e+05
   1.3310827e+03   3.2400000e+05
   1.3306059e+03   3.2300000e+05
   1.3301559e+03   3.2200000e+05
   1.3300000e+03   3.2169345e+05
   1.3296475e+03   3.2100000e+05
   1.3291504e+03   3.2000000e+05
   1.3286809e+03   3.1900000e+05
   1.3282286e+03   3.1800000e+05
   1.3277376e+03   3.1700000e+05
   1.3272242e+03   3.1600000e+05
   1.3267302e+03   3.1500000e+05
   1.3262699e+03   3.1400000e+05
   1.3257552e+03   3.1300000e+05
   1.3252558e+03   3.1200000e+05
   1.3247899e+03   3.1100000e+05
   1.3242969e+03   3.1000000e+05
   1.3237905e+03   3.0900000e+05
   1.3232883e+03   3.0800000e+05
   1.3228361e+03   3.0700000e+05
   1.3222956e+03   3.0600000e+05
   1.3218149e+03   3.0500000e+05
   1.3213463e+03   3.0400000e+05
   1.3208633e+03   3.0300000e+05
   1.3203503e+03   3.0200000e+05
   1.3200000e+03   3.0132992e+05
   1.3198288e+03   3.0100000e+05
   1.3193204e+03   3.0000000e+05
   1.3188687e+03   2.9900000e+05
   1.3183537e+03   2.9800000e+05
   1.3178309e+03   2.9700000e+05
   1.3173156e+03   2.9600000e+05
   1.3168651e+03   2.9500000e+05
   1.3163357e+03   2.9400000e+05
   1.3158771e+03   2.9300000e+05
   1.3153698e+03   2.9200000e+05
   1.3148539e+03   2.9100000e+05
   1.3143234e+03   2.9000000e+05
   1.3137930e+03   2.8900000e+05
   1.3132920e+03   2.8800000e+05
   1.3128300e+03   2.8700000e+05
   1.3122972e+03   2.8600000e+05
   1.3117605e+03   2.8500000e+05
   1.3112630e+03   2.8400000e+05
   1.3108012e+03   2.8300000e+05
   1.3102518e+03   2.8200000e+05
   1.3100000e+03   2.8152024e+05
   1.3097281e+03   2.8100000e+05
   1.3092439e+03   2.8000000e+05
   1.3087157e+03   2.7900000e+05
   1.3081791e+03   2.7800000e+05
   1.3076495e+03   2.7700000e+05
   1.3071628e+03   2.7600000e+05
   1.3066860e+03   2.7500000e+05
   1.3061482e+03   2.7400000e+05
   1.3056027e+03   2.7300000e+05
   1.3050945e+03   2.7200000e+05
   1.3046136e+03   2.7100000e+05
   1.3040736e+03   2.7000000e+05
   1.3035242e+03   2.6900000e+05
   1.3030216e+03   2.6800000e+05
   1.3024498e+03   2.6700000e+05
   1.3019679e+03   2.6600000e+05
   1.3014290e+03   2.6500000e+05
   1.3008882e+03   2.6400000e+05
   1.3003345e+03   2.6300000e+05
   1.3000000e+03   2.6235700e+05
   1.2998166e+03   2.6200000e+05
   1.2993315e+03   2.6100000e+05
   1.2937773e+03   2.6000000e+05
   1.2900000e+03   2.5944351e+05
   1.2844456e+03   2.5900000e+05
   1.2806511e+03   2.5800000e+05
   1.2800000e+03   2.5756799e+05
   1.2790501e+03   2.5700000e+05
   1.2785670e+03   2.5600000e+05
   1.2780817e+03   2.5500000e+05
   1.2775881e+03   2.5400000e+05
   1.2771433e+03   2.5300000e+05
   1.2765820e+03   2.5200000e+05
   1.2760703e+03   2.5100000e+05
   1.2755761e+03   2.5000000e+05
   1.2751118e+03   2.4900000e+05
   1.2745518e+03   2.4800000e+05
   1.2740327e+03   2.4700000e+05
   1.2735136e+03   2.4600000e+05
   1.2730093e+03   2.4500000e+05
   1.2724446e+03   2.4400000e+05
   1.2800000e+03   2.4302705e+05
   1.2801148e+03   2.4300000e+05
   1.2879526e+03   2.4200000e+05
   1.2874271e+03   2.4100000e+05
   1.2869069e+03   2.4000000e+05
   1.2863890e+03   2.3900000e+05
   1.2858634e+03   2.3800000e+05
   1.2853402e+03   2.3700000e+05
   1.2848192e+03   2.3600000e+05
   1.2842979e+03   2.3500000e+05
   1.2838133e+03   2.3400000e+05
   1.2833467e+03   2.3300000e+05
   1.2800000e+03   2.3264668e+05
   1.2739247e+03   2.3200000e+05
   1.2734332e+03   2.3100000e+05
   1.2729409e+03   2.3000000e+05
   1.2724469e+03   2.2900000e+05
   1.2719517e+03   2.2800000e+05
   1.2714560e+03   2.2700000e+05
   1.2709567e+03   2.2600000e+05
   1.2704570e+03   2.2500000e+05
   1.2700000e+03   2.2407974e+05
   1.2699606e+03   2.2400000e+05
   1.2694507e+03   2.2300000e+05
   1.2689435e+03   2.2200000e+05
   1.2684546e+03   2.2100000e+05
   1.2679281e+03   2.2000000e+05
   1.2674513e+03   2.1900000e+05
   1.2669631e+03   2.1800000e+05
   1.2664716e+03   2.1700000e+05
   1.2659780e+03   2.1600000e+05
   1.2654831e+03   2.1500000e+05
   1.2649926e+03   2.1400000e+05
   1.2644989e+03   2.1300000e+05
   1.2640072e+03   2.1200000e+05
   1.2635141e+03   2.1100000e+05
   1.2630213e+03   2.1000000e+05
   1.2625274e+03   2.0900000e+05
   1.2620329e+03   2.0800000e+05
   1.2615387e+03   2.0700000e+05
   1.2610421e+03   2.0600000e+05
   1.2605485e+03   2.0500000e+05
   1.2600588e+03   2.0400000e+05
   1.2600000e+03   2.0388136e+05
   1.2595666e+03   2.0300000e+05
   1.2590745e+03   2.0200000e+05
   1.2585845e+03   2.0100000e+05
   1.2580987e+03   2.0000000e+05
   1.2575978e+03   1.9900000e+05
   1.2571035e+03   1.9800000e+05
   1.2566129e+03   1.9700000e+05
   1.2561188e+03   1.9600000e+05
   1.2556211e+03   1.9500000e+05
   1.2551200e+03   1.9400000e+05
   1.2546238e+03   1.9300000e+05
   1.2541201e+03   1.9200000e+05
   1.2536105e+03   1.9100000e+05
   1.2530969e+03   1.9000000e+05
   1.2525910e+03   1.8900000e+05
   1.2520683e+03   1.8800000e+05
   1.2515360e+03   1.8700000e+05
   1.2510122e+03   1.8600000e+05
   1.2504118e+03   1.8500000e+05
   1.2500000e+03   1.8436858e+05
   1.2497609e+03   1.8400000e+05
   1.2490633e+03   1.8300000e+05
   1.2483608e+03   1.8200000e+05
   1.2476610e+03   1.8100000e+05
   1.2469418e+03   1.8000000e+05
   1.2462121e+03   1.7900000e+05
   1.2454858e+03   1.7800000e+05
   1.2447402e+03   1.7700000e+05
   1.2439746e+03   1.7600000e+05
   1.2432120e+03   1.7500000e+05
   1.2424435e+03   1.7400000e+05
   1.2416460e+03   1.7300000e+05
   1.2408355e+03   1.7200000e+05
   1.2400323e+03   1.7100000e+05
   1.2400000e+03   1.7096085e+05
   1.2392101e+03   1.7000000e+05
   1.2383656e+03   1.6900000e+05
   1.2375000e+03   1.6800000e+05
   1.2365412e+03   1.6700000e+05
   1.2357557e+03   1.6600000e+05
   1.2346605e+03   1.6500000e+05
   1.2336087e+03   1.6400000e+05
   1.2321839e+03   1.6300000e+05
   1.2308330e+03   1.6200000e+05
   1.2300000e+03   1.6141048e+05
   1.2294196e+03   1.6100000e+05
   1.2279935e+03   1.6000000e+05
   1.2266582e+03   1.5900000e+05
   1.2253180e+03   1.5800000e+05
   1.2239716e+03   1.5700000e+05
   1.2227172e+03   1.5600000e+05
   1.2214191e+03   1.5500000e+05
   1.2200930e+03   1.5400000e+05
   1.2200000e+03   1.5391688e+05
   1.2189544e+03   1.5300000e+05
   1.2150598e+03   1.5200000e+05
   1.2111023e+03   1.5100000e+05
   1.2100000e+03   1.5067214e+05
   1.2077539e+03   1.5000000e+05
   1.2047443e+03   1.4900000e+05
   1.2018667e+03   1.4800000e+05
   1.2000000e+03   1.4731231e+05
   1.1991497e+03   1.4700000e+05
   1.1965356e+03   1.4600000e+05
   1.1924198e+03   1.4500000e+05
   1.1900000e+03   1.4452348e+05
   1.1853602e+03   1.4400000e+05
   1.1837284e+03   1.4300000e+05
   1.1821376e+03   1.4200000e+05
   1.1805921e+03   1.4100000e+05
   1.1800000e+03   1.4060205e+05
   1.1790350e+03   1.4000000e+05
   1.1779918e+03   1.3900000e+05
   1.1775298e+03   1.3800000e+05
   1.1771196e+03   1.3700000e+05
   1.1766927e+03   1.3600000e+05
   1.1762516e+03   1.3500000e+05
   1.1758020e+03   1.3400000e+05
   1.1753440e+03   1.3300000e+05
   1.1748700e+03   1.3200000e+05
   1.1743890e+03   1.3100000e+05
   1.1739001e+03   1.3000000e+05
   1.1734024e+03   1.2900000e+05
   1.1728943e+03   1.2800000e+05
   1.1723797e+03   1.2700000e+05
   1.1718562e+03   1.2600000e+05
   1.1713300e+03   1.2500000e+05
   1.1707920e+03   1.2400000e+05
   1.1702487e+03   1.2300000e+05
   1.1700000e+03   1.2253480e+05
   1.1697161e+03   1.2200000e+05
   1.1651669e+03   1.2100000e+05
   1.1600000e+03   1.2022053e+05
   1.1585288e+03   1.2000000e+05
   1.1528389e+03   1.1900000e+05
   1.1500000e+03   1.1840683e+05
   1.1475758e+03   1.1800000e+05
   1.1441266e+03   1.1700000e+05
   1.1429175e+03   1.1600000e+05
   1.1423232e+03   1.1500000e+05
   1.1417563e+03   1.1400000e+05
   1.1412004e+03   1.1300000e+05
   1.1406224e+03   1.1200000e+05
   1.1400498e+03   1.1100000e+05
   1.1400000e+03   1.1091461e+05
   1.1394710e+03   1.1000000e+05
   1.1388817e+03   1.0900000e+05
   1.1382893e+03   1.0800000e+05
   1.1376959e+03   1.0700000e+05
   1.1370967e+03   1.0600000e+05
   1.1364945e+03   1.0500000e+05
   1.1358841e+03   1.0400000e+05
   1.1352730e+03   1.0300000e+05
   1.1346592e+03   1.0200000e+05
   1.1340403e+03   1.0100000e+05
   1.1334150e+03   1.0000000e+05
   1.1327866e+03   9.9000000e+04
   1.1321603e+03   9.8000000e+04
   1.1315254e+03   9.7000000e+04
   1.1308873e+03   9.6000000e+04
   1.1302458e+03   9.5000000e+04
   1.1300000e+03   9.4619118e+04
   1.1296037e+03   9.4000000e+04
   1.1289598e+03   9.3000000e+04
   1.1283111e+03   9.2000000e+04
   1.1276586e+03   9.1000000e+04
   1.1270058e+03   9.0000000e+04
   1.1263511e+03   8.9000000e+04
   1.1256901e+03   8.8000000e+04
   1.1250226e+03   8.7000000e+04
   1.1243558e+03   8.6000000e+04
   1.1236772e+03   8.5000000e+04
   1.1230014e+03   8.4000000e+04
   1.1223245e+03   8.3000000e+04
   1.1216407e+03   8.2000000e+04
   1.1209545e+03   8.1000000e+04
   1.1202615e+03   8.0000000e+04
   1.1200000e+03   7.9622283e+04
   1.1195730e+03   7.9000000e+04
   1.1188869e+03   7.8000000e+04
   1.1181772e+03   7.7000000e+04
   1.1174723e+03   7.6000000e+04
   1.1167728e+03   7.5000000e+04
   1.1160765e+03   7.4000000e+04
   1.1153650e+03   7.3000000e+04
   1.1146437e+03   7.2000000e+04
   1.1139290e+03   7.1000000e+04
   1.1131844e+03   7.0000000e+04
   1.1100000e+03   6.9028024e+04
   1.1099190e+03   6.9000000e+04
   1.1092070e+03   6.8000000e+04
   1.1085589e+03   6.7000000e+04
   1.1078786e+03   6.6000000e+04
   1.1071695e+03   6.5000000e+04
   1.1064783e+03   6.4000000e+04
   1.1057871e+03   6.3000000e+04
   1.1050637e+03   6.2000000e+04
   1.1043678e+03   6.1000000e+04
   1.1036578e+03   6.0000000e+04
   1.1029582e+03   5.9000000e+04
   1.1022405e+03   5.8000000e+04
   1.1015636e+03   5.7000000e+04
   1.1009297e+03   5.6000000e+04
   1.1001928e+03   5.5000000e+04
   1.1000000e+03   5.4746051e+04
   1.0994355e+03   5.4000000e+04
   1.0987055e+03   5.3000000e+04
   1.0979690e+03   5.2000000e+04
   1.0972097e+03   5.1000000e+04
   1.0964239e+03   5.0000000e+04
   1.0956912e+03   4.9000000e+04
   1.0949579e+03   4.8000000e+04
   1.0942225e+03   4.7000000e+04
   1.0934638e+03   4.6000000e+04
   1.0926869e+03   4.5000000e+04
   1.0919124e+03   4.4000000e+04
   1.0911637e+03   4.3000000e+04
   1.0903862e+03   4.2000000e+04
   1.0900000e+03   4.1519819e+04
   1.0895834e+03   4.1000000e+04
   1.0887709e+03   4.0000000e+04
   1.0879787e+03   3.9000000e+04
   1.0872067e+03   3.8000000e+04
   1.0864114e+03   3.7000000e+04
   1.0856088e+03   3.6000000e+04
   1.0848121e+03   3.5000000e+04
   1.0839960e+03   3.4000000e+04
   1.0831823e+03   3.3000000e+04
   1.0823740e+03   3.2000000e+04
   1.0815197e+03   3.1000000e+04
   1.0806700e+03   3.0000000e+04
   1.0800000e+03   2.9210638e+04
   1.0798226e+03   2.9000000e+04
   1.0789798e+03   2.8000000e+04
   1.0781213e+03   2.7000000e+04
   1.0772607e+03   2.6000000e+04
   1.0763847e+03   2.5000000e+04
   1.0755036e+03   2.4000000e+04
   1.0746157e+03   2.3000000e+04
   1.0737125e+03   2.2000000e+04
   1.0728057e+03   2.1000000e+04
   1.0718740e+03   2.0000000e+04
   1.0709367e+03   1.9000000e+04
   1.0700000e+03   1.8018657e+04
   1.0699823e+03   1.8000000e+04
   1.0690214e+03   1.7000000e+04
   1.0680393e+03   1.6000000e+04
   1.0670340e+03   1.5000000e+04
   1.0660176e+03   1.4000000e+04
   1.0649715e+03   1.3000000e+04
   1.0638814e+03   1.2000000e+04
   1.0627189e+03   1.1000000e+04
   1.0614524e+03   1.0000000e+04
   1.0600000e+03   9.6731605e+03
   1.0566316e+03   9.0000000e+03
   1.0548790e+03   8.0000000e+03
   1.0542354e+03   7.0000000e+03
   1.0535267e+03   6.0000000e+03
   1.0527901e+03   5.0000000e+03
   1.0520141e+03   4.0000000e+03
   1.0512566e+03   3.0000000e+03
   1.0504172e+03   2.0000000e+03
   1.0500000e+03   1.4824176e+03
   1.0496192e+03   1.0000000e+03
   1.0500000e+03   0.0000000e+00
