   3.5386799e+03   1.3500000e+06
   3.5379272e+03   1.3490000e+06
   3.5371734e+03   1.3480000e+06
   3.5364201e+03   1.3470000e+06
   3.5356652e+03   1.3460000e+06
   3.5349107e+03   1.3450000e+06
   3.5341567e+03   1.3440000e+06
   3.5334012e+03   1.3430000e+06
   3.5326478e+03   1.3420000e+06
   3.5318931e+03   1.3410000e+06
   3.5311377e+03   1.3400000e+06
   3.5303822e+03   1.3390000e+06
   3.5300000e+03   1.3384959e+06
   3.5296249e+03   1.3380000e+06
   3.5288710e+03   1.3370000e+06
   3.5281145e+03   1.3360000e+06
   3.5273559e+03   1.3350000e+06
   3.5266014e+03   1.3340000e+06
   3.5258427e+03   1.3330000e+06
   3.5250853e+03   1.3320000e+06
   3.5243268e+03   1.3310000e+06
   3.5235693e+03   1.3300000e+06
   3.5228118e+03   1.3290000e+06
   3.5220513e+03   1.3280000e+06
   3.5212928e+03   1.3270000e+06
   3.5205317e+03   1.3260000e+06
   3.5200000e+03   1.3252992e+06
   3.5197735e+03   1.3250000e+06
   3.5190142e+03   1.3240000e+06
   3.5182548e+03   1.3230000e+06
   3.5174954e+03   1.3220000e+06
   3.5167333e+03   1.3210000e+06
   3.5159711e+03   1.3200000e+06
   3.5152089e+03   1.3190000e+06
   3.5144467e+03   1.3180000e+06
   3.5136836e+03   1.3170000e+06
   3.5129236e+03   1.3160000e+06
   3.5121618e+03   1.3150000e+06
   3.5113977e+03   1.3140000e+06
   3.5106355e+03   1.3130000e+06
   3.5100000e+03   1.3121657e+06
   3.5098741e+03   1.3120000e+06
   3.5091254e+03   1.3110000e+06
   3.5083798e+03   1.3100000e+06
   3.5076362e+03   1.3090000e+06
   3.5068930e+03   1.3080000e+06
   3.5061470e+03   1.3070000e+06
   3.5054038e+03   1.3060000e+06
   3.5046241e+03   1.3050000e+06
   3.5038858e+03   1.3040000e+06
   3.5031197e+03   1.3030000e+06
   3.5023541e+03   1.3020000e+06
   3.5015889e+03   1.3010000e+06
   3.5008218e+03   1.3000000e+06
   3.5000571e+03   1.2990000e+06
   3.5000000e+03   1.2989259e+06
   3.4992888e+03   1.2980000e+06
   3.4985210e+03   1.2970000e+06
   3.4977552e+03   1.2960000e+06
   3.4969879e+03   1.2950000e+06
   3.4962182e+03   1.2940000e+06
   3.4954504e+03   1.2930000e+06
   3.4946855e+03   1.2920000e+06
   3.4939177e+03   1.2910000e+06
   3.4931556e+03   1.2900000e+06
   3.4923939e+03   1.2890000e+06
   3.4916214e+03   1.2880000e+06
   3.4908490e+03   1.2870000e+06
   3.4900846e+03   1.2860000e+06
   3.4900000e+03   1.2859070e+06
   3.4891891e+03   1.2850000e+06
   3.4874055e+03   1.2840000e+06
   3.4853880e+03   1.2830000e+06
   3.4847718e+03   1.2820000e+06
   3.4811994e+03   1.2810000e+06
   3.4800000e+03   1.2803671e+06
   3.4793157e+03   1.2800000e+06
   3.4776762e+03   1.2790000e+06
   3.4756815e+03   1.2780000e+06
   3.4736580e+03   1.2770000e+06
   3.4716425e+03   1.2760000e+06
   3.4700000e+03   1.2752142e+06
   3.4695600e+03   1.2750000e+06
   3.4676078e+03   1.2740000e+06
   3.4657279e+03   1.2730000e+06
   3.4640977e+03   1.2720000e+06
   3.4624022e+03   1.2710000e+06
   3.4606871e+03   1.2700000e+06
   3.4600000e+03   1.2696029e+06
   3.4589497e+03   1.2690000e+06
   3.4572056e+03   1.2680000e+06
   3.4554721e+03   1.2670000e+06
   3.4538942e+03   1.2660000e+06
   3.4523196e+03   1.2650000e+06
   3.4507014e+03   1.2640000e+06
   3.4500000e+03   1.2635026e+06
   3.4492956e+03   1.2630000e+06
   3.4476913e+03   1.2620000e+06
   3.4460865e+03   1.2610000e+06
   3.4446379e+03   1.2600000e+06
   3.4432516e+03   1.2590000e+06
   3.4418780e+03   1.2580000e+06
   3.4405196e+03   1.2570000e+06
   3.4400000e+03   1.2566226e+06
   3.4391596e+03   1.2560000e+06
   3.4378225e+03   1.2550000e+06
   3.4364962e+03   1.2540000e+06
   3.4352494e+03   1.2530000e+06
   3.4340684e+03   1.2520000e+06
   3.4328665e+03   1.2510000e+06
   3.4316087e+03   1.2500000e+06
   3.4303327e+03   1.2490000e+06
   3.4300000e+03   1.2487338e+06
   3.4291084e+03   1.2480000e+06
   3.4279678e+03   1.2470000e+06
   3.4268329e+03   1.2460000e+06
   3.4256863e+03   1.2450000e+06
   3.4234975e+03   1.2440000e+06
   3.4232054e+03   1.2430000e+06
   3.4223408e+03   1.2420000e+06
   3.4211428e+03   1.2410000e+06
   3.4201204e+03   1.2400000e+06
   3.4200000e+03   1.2398160e+06
   3.4194678e+03   1.2390000e+06
   3.4188135e+03   1.2380000e+06
   3.4181672e+03   1.2370000e+06
   3.4175181e+03   1.2360000e+06
   3.4168612e+03   1.2350000e+06
   3.4162014e+03   1.2340000e+06
   3.4155843e+03   1.2330000e+06
   3.4148970e+03   1.2320000e+06
   3.4142461e+03   1.2310000e+06
   3.4135900e+03   1.2300000e+06
   3.4129343e+03   1.2290000e+06
   3.4122795e+03   1.2280000e+06
   3.4116248e+03   1.2270000e+06
   3.4109673e+03   1.2260000e+06
   3.4103070e+03   1.2250000e+06
   3.4100000e+03   1.2245369e+06
   3.4096452e+03   1.2240000e+06
   3.4089899e+03   1.2230000e+06
   3.4083332e+03   1.2220000e+06
   3.4076745e+03   1.2210000e+06
   3.4070167e+03   1.2200000e+06
   3.4063601e+03   1.2190000e+06
   3.4057014e+03   1.2180000e+06
   3.4050414e+03   1.2170000e+06
   3.4043842e+03   1.2160000e+06
   3.4037270e+03   1.2150000e+06
   3.4030691e+03   1.2140000e+06
   3.4024057e+03   1.2130000e+06
   3.4017456e+03   1.2120000e+06
   3.4010820e+03   1.2110000e+06
   3.4004237e+03   1.2100000e+06
   3.4000000e+03   1.2093611e+06
   3.3997610e+03   1.2090000e+06
   3.3990993e+03   1.2080000e+06
   3.3984403e+03   1.2070000e+06
   3.3977785e+03   1.2060000e+06
   3.3971176e+03   1.2050000e+06
   3.3964560e+03   1.2040000e+06
   3.3957944e+03   1.2030000e+06
   3.3951301e+03   1.2020000e+06
   3.3944646e+03   1.2010000e+06
   3.3938005e+03   1.2000000e+06
   3.3931355e+03   1.1990000e+06
   3.3924689e+03   1.1980000e+06
   3.3918044e+03   1.1970000e+06
   3.3911392e+03   1.1960000e+06
   3.3904693e+03   1.1950000e+06
   3.3900000e+03   1.1942967e+06
   3.3898028e+03   1.1940000e+06
   3.3891352e+03   1.1930000e+06
   3.3884749e+03   1.1920000e+06
   3.3878106e+03   1.1910000e+06
   3.3871418e+03   1.1900000e+06
   3.3864703e+03   1.1890000e+06
   3.3858048e+03   1.1880000e+06
   3.3851473e+03   1.1870000e+06
   3.3844812e+03   1.1860000e+06
   3.3838130e+03   1.1850000e+06
   3.3831408e+03   1.1840000e+06
   3.3824758e+03   1.1830000e+06
   3.3818109e+03   1.1820000e+06
   3.3811451e+03   1.1810000e+06
   3.3804545e+03   1.1800000e+06
   3.3800000e+03   1.1793200e+06
   3.3797871e+03   1.1790000e+06
   3.3791219e+03   1.1780000e+06
   3.3784521e+03   1.1770000e+06
   3.3777797e+03   1.1760000e+06
   3.3771069e+03   1.1750000e+06
   3.3764481e+03   1.1740000e+06
   3.3757738e+03   1.1730000e+06
   3.3750968e+03   1.1720000e+06
   3.3744225e+03   1.1710000e+06
   3.3737537e+03   1.1700000e+06
   3.3730840e+03   1.1690000e+06
   3.3724080e+03   1.1680000e+06
   3.3717357e+03   1.1670000e+06
   3.3710651e+03   1.1660000e+06
   3.3703791e+03   1.1650000e+06
   3.3700000e+03   1.1644302e+06
   3.3697144e+03   1.1640000e+06
   3.3690398e+03   1.1630000e+06
   3.3683630e+03   1.1620000e+06
   3.3676864e+03   1.1610000e+06
   3.3670103e+03   1.1600000e+06
   3.3663345e+03   1.1590000e+06
   3.3656591e+03   1.1580000e+06
   3.3649813e+03   1.1570000e+06
   3.3643036e+03   1.1560000e+06
   3.3636272e+03   1.1550000e+06
   3.3629481e+03   1.1540000e+06
   3.3622690e+03   1.1530000e+06
   3.3615898e+03   1.1520000e+06
   3.3609134e+03   1.1510000e+06
   3.3602343e+03   1.1500000e+06
   3.3600000e+03   1.1496536e+06
   3.3595591e+03   1.1490000e+06
   3.3588815e+03   1.1480000e+06
   3.3582036e+03   1.1470000e+06
   3.3575246e+03   1.1460000e+06
   3.3568429e+03   1.1450000e+06
   3.3561636e+03   1.1440000e+06
   3.3554783e+03   1.1430000e+06
   3.3547965e+03   1.1420000e+06
   3.3541139e+03   1.1410000e+06
   3.3534330e+03   1.1400000e+06
   3.3527505e+03   1.1390000e+06
   3.3520674e+03   1.1380000e+06
   3.3513828e+03   1.1370000e+06
   3.3506976e+03   1.1360000e+06
   3.3500151e+03   1.1350000e+06
   3.3500000e+03   1.1349780e+06
   3.3493292e+03   1.1340000e+06
   3.3486484e+03   1.1330000e+06
   3.3479629e+03   1.1320000e+06
   3.3472770e+03   1.1310000e+06
   3.3465957e+03   1.1300000e+06
   3.3459096e+03   1.1290000e+06
   3.3452263e+03   1.1280000e+06
   3.3445407e+03   1.1270000e+06
   3.3438515e+03   1.1260000e+06
   3.3431636e+03   1.1250000e+06
   3.3424754e+03   1.1240000e+06
   3.3417897e+03   1.1230000e+06
   3.3411038e+03   1.1220000e+06
   3.3404156e+03   1.1210000e+06
   3.3400000e+03   1.1203961e+06
   3.3397279e+03   1.1200000e+06
   3.3390411e+03   1.1190000e+06
   3.3383515e+03   1.1180000e+06
   3.3376626e+03   1.1170000e+06
   3.3369703e+03   1.1160000e+06
   3.3362831e+03   1.1150000e+06
   3.3355938e+03   1.1140000e+06
   3.3349011e+03   1.1130000e+06
   3.3342119e+03   1.1120000e+06
   3.3335200e+03   1.1110000e+06
   3.3328270e+03   1.1100000e+06
   3.3321341e+03   1.1090000e+06
   3.3314444e+03   1.1080000e+06
   3.3307498e+03   1.1070000e+06
   3.3300579e+03   1.1060000e+06
   3.3300000e+03   1.1059166e+06
   3.3293658e+03   1.1050000e+06
   3.3286735e+03   1.1040000e+06
   3.3279802e+03   1.1030000e+06
   3.3272877e+03   1.1020000e+06
   3.3265943e+03   1.1010000e+06
   3.3258964e+03   1.1000000e+06
   3.3252033e+03   1.0990000e+06
   3.3245078e+03   1.0980000e+06
   3.3238127e+03   1.0970000e+06
   3.3231169e+03   1.0960000e+06
   3.3224235e+03   1.0950000e+06
   3.3217235e+03   1.0940000e+06
   3.3210267e+03   1.0930000e+06
   3.3203275e+03   1.0920000e+06
   3.3200000e+03   1.0915320e+06
   3.3196285e+03   1.0910000e+06
   3.3189257e+03   1.0900000e+06
   3.3182302e+03   1.0890000e+06
   3.3175302e+03   1.0880000e+06
   3.3168361e+03   1.0870000e+06
   3.3161321e+03   1.0860000e+06
   3.3154344e+03   1.0850000e+06
   3.3147394e+03   1.0840000e+06
   3.3140389e+03   1.0830000e+06
   3.3133394e+03   1.0820000e+06
   3.3126367e+03   1.0810000e+06
   3.3119356e+03   1.0800000e+06
   3.3112240e+03   1.0790000e+06
   3.3105208e+03   1.0780000e+06
   3.3100000e+03   1.0772563e+06
   3.3098211e+03   1.0770000e+06
   3.3091249e+03   1.0760000e+06
   3.3084181e+03   1.0750000e+06
   3.3077151e+03   1.0740000e+06
   3.3070104e+03   1.0730000e+06
   3.3063150e+03   1.0720000e+06
   3.3056085e+03   1.0710000e+06
   3.3049007e+03   1.0700000e+06
   3.3041955e+03   1.0690000e+06
   3.3034890e+03   1.0680000e+06
   3.3027851e+03   1.0670000e+06
   3.3020781e+03   1.0660000e+06
   3.3013703e+03   1.0650000e+06
   3.3006646e+03   1.0640000e+06
   3.3000000e+03   1.0630579e+06
   3.2999592e+03   1.0630000e+06
   3.2992521e+03   1.0620000e+06
   3.2985428e+03   1.0610000e+06
   3.2978338e+03   1.0600000e+06
   3.2971252e+03   1.0590000e+06
   3.2964152e+03   1.0580000e+06
   3.2957061e+03   1.0570000e+06
   3.2949963e+03   1.0560000e+06
   3.2942888e+03   1.0550000e+06
   3.2935783e+03   1.0540000e+06
   3.2928656e+03   1.0530000e+06
   3.2921535e+03   1.0520000e+06
   3.2914442e+03   1.0510000e+06
   3.2907336e+03   1.0500000e+06
   3.2900148e+03   1.0490000e+06
   3.2900000e+03   1.0489792e+06
   3.2893054e+03   1.0480000e+06
   3.2885945e+03   1.0470000e+06
   3.2878845e+03   1.0460000e+06
   3.2871720e+03   1.0450000e+06
   3.2864590e+03   1.0440000e+06
   3.2857438e+03   1.0430000e+06
   3.2850293e+03   1.0420000e+06
   3.2843140e+03   1.0410000e+06
   3.2835924e+03   1.0400000e+06
   3.2828791e+03   1.0390000e+06
   3.2821623e+03   1.0380000e+06
   3.2814456e+03   1.0370000e+06
   3.2807262e+03   1.0360000e+06
   3.2800069e+03   1.0350000e+06
   3.2800000e+03   1.0349903e+06
   3.2793021e+03   1.0340000e+06
   3.2785820e+03   1.0330000e+06
   3.2778612e+03   1.0320000e+06
   3.2771441e+03   1.0310000e+06
   3.2764255e+03   1.0300000e+06
   3.2757065e+03   1.0290000e+06
   3.2749819e+03   1.0280000e+06
   3.2742648e+03   1.0270000e+06
   3.2735485e+03   1.0260000e+06
   3.2728280e+03   1.0250000e+06
   3.2721071e+03   1.0240000e+06
   3.2713874e+03   1.0230000e+06
   3.2706637e+03   1.0220000e+06
   3.2700000e+03   1.0210848e+06
   3.2699387e+03   1.0210000e+06
   3.2692088e+03   1.0200000e+06
   3.2684915e+03   1.0190000e+06
   3.2677698e+03   1.0180000e+06
   3.2670450e+03   1.0170000e+06
   3.2663219e+03   1.0160000e+06
   3.2655984e+03   1.0150000e+06
   3.2648746e+03   1.0140000e+06
   3.2641499e+03   1.0130000e+06
   3.2634214e+03   1.0120000e+06
   3.2626962e+03   1.0110000e+06
   3.2619717e+03   1.0100000e+06
   3.2612457e+03   1.0090000e+06
   3.2605199e+03   1.0080000e+06
   3.2600000e+03   1.0072830e+06
   3.2597953e+03   1.0070000e+06
   3.2590692e+03   1.0060000e+06
   3.2583410e+03   1.0050000e+06
   3.2576132e+03   1.0040000e+06
   3.2568815e+03   1.0030000e+06
   3.2561514e+03   1.0020000e+06
   3.2554203e+03   1.0010000e+06
   3.2546912e+03   1.0000000e+06
   3.2539599e+03   9.9900000e+05
   3.2532306e+03   9.9800000e+05
   3.2524983e+03   9.9700000e+05
   3.2517640e+03   9.9600000e+05
   3.2510303e+03   9.9500000e+05
   3.2503018e+03   9.9400000e+05
   3.2500000e+03   9.9359150e+05
   3.2495650e+03   9.9300000e+05
   3.2488387e+03   9.9200000e+05
   3.2481082e+03   9.9100000e+05
   3.2473696e+03   9.9000000e+05
   3.2466370e+03   9.8900000e+05
   3.2459064e+03   9.8800000e+05
   3.2451732e+03   9.8700000e+05
   3.2444400e+03   9.8600000e+05
   3.2437041e+03   9.8500000e+05
   3.2429693e+03   9.8400000e+05
   3.2422319e+03   9.8300000e+05
   3.2414966e+03   9.8200000e+05
   3.2407582e+03   9.8100000e+05
   3.2400198e+03   9.8000000e+05
   3.2400000e+03   9.7997322e+05
   3.2392836e+03   9.7900000e+05
   3.2385471e+03   9.7800000e+05
   3.2378067e+03   9.7700000e+05
   3.2370700e+03   9.7600000e+05
   3.2363313e+03   9.7500000e+05
   3.2355911e+03   9.7400000e+05
   3.2348500e+03   9.7300000e+05
   3.2341088e+03   9.7200000e+05
   3.2333686e+03   9.7100000e+05
   3.2326266e+03   9.7000000e+05
   3.2318855e+03   9.6900000e+05
   3.2311441e+03   9.6800000e+05
   3.2304004e+03   9.6700000e+05
   3.2300000e+03   9.6646131e+05
   3.2296579e+03   9.6600000e+05
   3.2289140e+03   9.6500000e+05
   3.2281705e+03   9.6400000e+05
   3.2274267e+03   9.6300000e+05
   3.2266837e+03   9.6200000e+05
   3.2259416e+03   9.6100000e+05
   3.2251926e+03   9.6000000e+05
   3.2244492e+03   9.5900000e+05
   3.2237032e+03   9.5800000e+05
   3.2229572e+03   9.5700000e+05
   3.2222092e+03   9.5600000e+05
   3.2214608e+03   9.5500000e+05
   3.2207118e+03   9.5400000e+05
   3.2200000e+03   9.5304964e+05
   3.2199630e+03   9.5300000e+05
   3.2192167e+03   9.5200000e+05
   3.2184700e+03   9.5100000e+05
   3.2177216e+03   9.5000000e+05
   3.2169735e+03   9.4900000e+05
   3.2162249e+03   9.4800000e+05
   3.2154736e+03   9.4700000e+05
   3.2147236e+03   9.4600000e+05
   3.2139779e+03   9.4500000e+05
   3.2132251e+03   9.4400000e+05
   3.2124726e+03   9.4300000e+05
   3.2117184e+03   9.4200000e+05
   3.2109663e+03   9.4100000e+05
   3.2102125e+03   9.4000000e+05
   3.2100000e+03   9.3971807e+05
   3.2094602e+03   9.3900000e+05
   3.2087019e+03   9.3800000e+05
   3.2079508e+03   9.3700000e+05
   3.2071964e+03   9.3600000e+05
   3.2064426e+03   9.3500000e+05
   3.2056873e+03   9.3400000e+05
   3.2049298e+03   9.3300000e+05
   3.2041759e+03   9.3200000e+05
   3.2034169e+03   9.3100000e+05
   3.2026561e+03   9.3000000e+05
   3.2018990e+03   9.2900000e+05
   3.2011403e+03   9.2800000e+05
   3.2003861e+03   9.2700000e+05
   3.2000000e+03   9.2649120e+05
   3.1996282e+03   9.2600000e+05
   3.1988711e+03   9.2500000e+05
   3.1981110e+03   9.2400000e+05
   3.1973456e+03   9.2300000e+05
   3.1965915e+03   9.2200000e+05
   3.1958302e+03   9.2100000e+05
   3.1950693e+03   9.2000000e+05
   3.1943077e+03   9.1900000e+05
   3.1935452e+03   9.1800000e+05
   3.1927843e+03   9.1700000e+05
   3.1920209e+03   9.1600000e+05
   3.1912573e+03   9.1500000e+05
   3.1904917e+03   9.1400000e+05
   3.1900000e+03   9.1335798e+05
   3.1897264e+03   9.1300000e+05
   3.1889623e+03   9.1200000e+05
   3.1881961e+03   9.1100000e+05
   3.1874328e+03   9.1000000e+05
   3.1866665e+03   9.0900000e+05
   3.1859007e+03   9.0800000e+05
   3.1851365e+03   9.0700000e+05
   3.1843687e+03   9.0600000e+05
   3.1836023e+03   9.0500000e+05
   3.1828321e+03   9.0400000e+05
   3.1820642e+03   9.0300000e+05
   3.1812948e+03   9.0200000e+05
   3.1805258e+03   9.0100000e+05
   3.1800000e+03   9.0031813e+05
   3.1797553e+03   9.0000000e+05
   3.1789843e+03   8.9900000e+05
   3.1782156e+03   8.9800000e+05
   3.1774508e+03   8.9700000e+05
   3.1766758e+03   8.9600000e+05
   3.1759021e+03   8.9500000e+05
   3.1751309e+03   8.9400000e+05
   3.1743626e+03   8.9300000e+05
   3.1735893e+03   8.9200000e+05
   3.1728141e+03   8.9100000e+05
   3.1720401e+03   8.9000000e+05
   3.1712661e+03   8.8900000e+05
   3.1704911e+03   8.8800000e+05
   3.1700000e+03   8.8736936e+05
   3.1697132e+03   8.8700000e+05
   3.1689325e+03   8.8600000e+05
   3.1681572e+03   8.8500000e+05
   3.1673822e+03   8.8400000e+05
   3.1666042e+03   8.8300000e+05
   3.1658277e+03   8.8200000e+05
   3.1650559e+03   8.8100000e+05
   3.1642775e+03   8.8000000e+05
   3.1634968e+03   8.7900000e+05
   3.1627189e+03   8.7800000e+05
   3.1619327e+03   8.7700000e+05
   3.1611528e+03   8.7600000e+05
   3.1603709e+03   8.7500000e+05
   3.1600000e+03   8.7452555e+05
   3.1595910e+03   8.7400000e+05
   3.1588098e+03   8.7300000e+05
   3.1580313e+03   8.7200000e+05
   3.1572502e+03   8.7100000e+05
   3.1564666e+03   8.7000000e+05
   3.1556856e+03   8.6900000e+05
   3.1549020e+03   8.6800000e+05
   3.1541184e+03   8.6700000e+05
   3.1533340e+03   8.6600000e+05
   3.1525488e+03   8.6500000e+05
   3.1517647e+03   8.6400000e+05
   3.1509789e+03   8.6300000e+05
   3.1501905e+03   8.6200000e+05
   3.1500000e+03   8.6175845e+05
   3.1494038e+03   8.6100000e+05
   3.1486178e+03   8.6000000e+05
   3.1478312e+03   8.5900000e+05
   3.1470439e+03   8.5800000e+05
   3.1462581e+03   8.5700000e+05
   3.1454709e+03   8.5600000e+05
   3.1446814e+03   8.5500000e+05
   3.1438931e+03   8.5400000e+05
   3.1431039e+03   8.5300000e+05
   3.1423133e+03   8.5200000e+05
   3.1415201e+03   8.5100000e+05
   3.1407269e+03   8.5000000e+05
   3.1400000e+03   8.4907769e+05
   3.1399390e+03   8.4900000e+05
   3.1391457e+03   8.4800000e+05
   3.1383528e+03   8.4700000e+05
   3.1375609e+03   8.4600000e+05
   3.1367675e+03   8.4500000e+05
   3.1359760e+03   8.4400000e+05
   3.1351790e+03   8.4300000e+05
   3.1343854e+03   8.4200000e+05
   3.1335890e+03   8.4100000e+05
   3.1327911e+03   8.4000000e+05
   3.1319965e+03   8.3900000e+05
   3.1312009e+03   8.3800000e+05
   3.1304013e+03   8.3700000e+05
   3.1300000e+03   8.3649811e+05
   3.1296025e+03   8.3600000e+05
   3.1288026e+03   8.3500000e+05
   3.1280055e+03   8.3400000e+05
   3.1272063e+03   8.3300000e+05
   3.1264050e+03   8.3200000e+05
   3.1256058e+03   8.3100000e+05
   3.1248046e+03   8.3000000e+05
   3.1240020e+03   8.2900000e+05
   3.1232002e+03   8.2800000e+05
   3.1223937e+03   8.2700000e+05
   3.1215917e+03   8.2600000e+05
   3.1207889e+03   8.2500000e+05
   3.1200000e+03   8.2401675e+05
   3.1199866e+03   8.2400000e+05
   3.1191843e+03   8.2300000e+05
   3.1183820e+03   8.2200000e+05
   3.1175791e+03   8.2100000e+05
   3.1167750e+03   8.2000000e+05
   3.1159687e+03   8.1900000e+05
   3.1151617e+03   8.1800000e+05
   3.1143546e+03   8.1700000e+05
   3.1135467e+03   8.1600000e+05
   3.1127374e+03   8.1500000e+05
   3.1119300e+03   8.1400000e+05
   3.1111187e+03   8.1300000e+05
   3.1103117e+03   8.1200000e+05
   3.1100000e+03   8.1161471e+05
   3.1095041e+03   8.1100000e+05
   3.1086949e+03   8.1000000e+05
   3.1078857e+03   8.0900000e+05
   3.1070695e+03   8.0800000e+05
   3.1062632e+03   8.0700000e+05
   3.1054502e+03   8.0600000e+05
   3.1046390e+03   8.0500000e+05
   3.1038210e+03   8.0400000e+05
   3.1030025e+03   8.0300000e+05
   3.1021885e+03   8.0200000e+05
   3.1013721e+03   8.0100000e+05
   3.1005555e+03   8.0000000e+05
   3.1000000e+03   7.9932143e+05
   3.0997378e+03   7.9900000e+05
   3.0989241e+03   7.9800000e+05
   3.0981160e+03   7.9700000e+05
   3.0972967e+03   7.9600000e+05
   3.0964832e+03   7.9500000e+05
   3.0956601e+03   7.9400000e+05
   3.0948424e+03   7.9300000e+05
   3.0940237e+03   7.9200000e+05
   3.0932034e+03   7.9100000e+05
   3.0923844e+03   7.9000000e+05
   3.0915638e+03   7.8900000e+05
   3.0907432e+03   7.8800000e+05
   3.0900000e+03   7.8709699e+05
   3.0899204e+03   7.8700000e+05
   3.0890995e+03   7.8600000e+05
   3.0882787e+03   7.8500000e+05
   3.0874579e+03   7.8400000e+05
   3.0866346e+03   7.8300000e+05
   3.0858098e+03   7.8200000e+05
   3.0849855e+03   7.8100000e+05
   3.0841577e+03   7.8000000e+05
   3.0833315e+03   7.7900000e+05
   3.0825052e+03   7.7800000e+05
   3.0816800e+03   7.7700000e+05
   3.0808526e+03   7.7600000e+05
   3.0800236e+03   7.7500000e+05
   3.0800000e+03   7.7497150e+05
   3.0791987e+03   7.7400000e+05
   3.0783699e+03   7.7300000e+05
   3.0775382e+03   7.7200000e+05
   3.0767065e+03   7.7100000e+05
   3.0758762e+03   7.7000000e+05
   3.0750564e+03   7.6900000e+05
   3.0742416e+03   7.6800000e+05
   3.0734296e+03   7.6700000e+05
   3.0725619e+03   7.6600000e+05
   3.0717490e+03   7.6500000e+05
   3.0709400e+03   7.6400000e+05
   3.0701253e+03   7.6300000e+05
   3.0700000e+03   7.6284911e+05
   3.0692984e+03   7.6200000e+05
   3.0684721e+03   7.6100000e+05
   3.0677167e+03   7.6000000e+05
   3.0668155e+03   7.5900000e+05
   3.0659870e+03   7.5800000e+05
   3.0651561e+03   7.5700000e+05
   3.0643024e+03   7.5600000e+05
   3.0634467e+03   7.5500000e+05
   3.0625940e+03   7.5400000e+05
   3.0617497e+03   7.5300000e+05
   3.0608853e+03   7.5200000e+05
   3.0600861e+03   7.5100000e+05
   3.0600000e+03   7.5090298e+05
   3.0592038e+03   7.5000000e+05
   3.0583744e+03   7.4900000e+05
   3.0575417e+03   7.4800000e+05
   3.0567089e+03   7.4700000e+05
   3.0558752e+03   7.4600000e+05
   3.0550434e+03   7.4500000e+05
   3.0542087e+03   7.4400000e+05
   3.0533740e+03   7.4300000e+05
   3.0525398e+03   7.4200000e+05
   3.0517025e+03   7.4100000e+05
   3.0508654e+03   7.4000000e+05
   3.0500278e+03   7.3900000e+05
   3.0500000e+03   7.3896684e+05
   3.0491800e+03   7.3800000e+05
   3.0483360e+03   7.3700000e+05
   3.0474714e+03   7.3600000e+05
   3.0465851e+03   7.3500000e+05
   3.0457237e+03   7.3400000e+05
   3.0448656e+03   7.3300000e+05
   3.0440062e+03   7.3200000e+05
   3.0431631e+03   7.3100000e+05
   3.0423182e+03   7.3000000e+05
   3.0414728e+03   7.2900000e+05
   3.0406247e+03   7.2800000e+05
   3.0400000e+03   7.2725754e+05
   3.0397835e+03   7.2700000e+05
   3.0389358e+03   7.2600000e+05
   3.0380062e+03   7.2500000e+05
   3.0372093e+03   7.2400000e+05
   3.0363542e+03   7.2300000e+05
   3.0355157e+03   7.2200000e+05
   3.0346382e+03   7.2100000e+05
   3.0337631e+03   7.2000000e+05
   3.0329037e+03   7.1900000e+05
   3.0320249e+03   7.1800000e+05
   3.0311690e+03   7.1700000e+05
   3.0303132e+03   7.1600000e+05
   3.0300000e+03   7.1563518e+05
   3.0294560e+03   7.1500000e+05
   3.0285995e+03   7.1400000e+05
   3.0277431e+03   7.1300000e+05
   3.0268850e+03   7.1200000e+05
   3.0260278e+03   7.1100000e+05
   3.0251677e+03   7.1000000e+05
   3.0243348e+03   7.0900000e+05
   3.0234893e+03   7.0800000e+05
   3.0226421e+03   7.0700000e+05
   3.0216885e+03   7.0600000e+05
   3.0209300e+03   7.0500000e+05
   3.0200582e+03   7.0400000e+05
   3.0200000e+03   7.0393296e+05
   3.0191791e+03   7.0300000e+05
   3.0182720e+03   7.0200000e+05
   3.0174090e+03   7.0100000e+05
   3.0165676e+03   7.0000000e+05
   3.0156786e+03   6.9900000e+05
   3.0148132e+03   6.9800000e+05
   3.0139471e+03   6.9700000e+05
   3.0130660e+03   6.9600000e+05
   3.0122013e+03   6.9500000e+05
   3.0113351e+03   6.9400000e+05
   3.0103806e+03   6.9300000e+05
   3.0100000e+03   6.9253057e+05
   3.0095735e+03   6.9200000e+05
   3.0087292e+03   6.9100000e+05
   3.0078363e+03   6.9000000e+05
   3.0069229e+03   6.8900000e+05
   3.0060328e+03   6.8800000e+05
   3.0051470e+03   6.8700000e+05
   3.0042760e+03   6.8600000e+05
   3.0034050e+03   6.8500000e+05
   3.0025375e+03   6.8400000e+05
   3.0016645e+03   6.8300000e+05
   3.0007912e+03   6.8200000e+05
   3.0000000e+03   6.8109566e+05
   2.9999167e+03   6.8100000e+05
   2.9990334e+03   6.8000000e+05
   2.9981399e+03   6.7900000e+05
   2.9972449e+03   6.7800000e+05
   2.9963608e+03   6.7700000e+05
   2.9954986e+03   6.7600000e+05
   2.9945814e+03   6.7500000e+05
   2.9936922e+03   6.7400000e+05
   2.9928092e+03   6.7300000e+05
   2.9919281e+03   6.7200000e+05
   2.9910452e+03   6.7100000e+05
   2.9901600e+03   6.7000000e+05
   2.9900000e+03   6.6981924e+05
   2.9892831e+03   6.6900000e+05
   2.9884022e+03   6.6800000e+05
   2.9875307e+03   6.6700000e+05
   2.9866509e+03   6.6600000e+05
   2.9857708e+03   6.6500000e+05
   2.9848916e+03   6.6400000e+05
   2.9840117e+03   6.6300000e+05
   2.9831299e+03   6.6200000e+05
   2.9822392e+03   6.6100000e+05
   2.9813567e+03   6.6000000e+05
   2.9804483e+03   6.5900000e+05
   2.9800000e+03   6.5850744e+05
   2.9795355e+03   6.5800000e+05
   2.9786215e+03   6.5700000e+05
   2.9777121e+03   6.5600000e+05
   2.9768074e+03   6.5500000e+05
   2.9759202e+03   6.5400000e+05
   2.9750329e+03   6.5300000e+05
   2.9741438e+03   6.5200000e+05
   2.9732546e+03   6.5100000e+05
   2.9723649e+03   6.5000000e+05
   2.9714756e+03   6.4900000e+05
   2.9705648e+03   6.4800000e+05
   2.9700000e+03   6.4738679e+05
   2.9696449e+03   6.4700000e+05
   2.9687329e+03   6.4600000e+05
   2.9678789e+03   6.4500000e+05
   2.9669533e+03   6.4400000e+05
   2.9660276e+03   6.4300000e+05
   2.9651113e+03   6.4200000e+05
   2.9642113e+03   6.4100000e+05
   2.9633106e+03   6.4000000e+05
   2.9624109e+03   6.3900000e+05
   2.9615077e+03   6.3800000e+05
   2.9606061e+03   6.3700000e+05
   2.9600000e+03   6.3632919e+05
   2.9597059e+03   6.3600000e+05
   2.9588093e+03   6.3500000e+05
   2.9578711e+03   6.3400000e+05
   2.9569646e+03   6.3300000e+05
   2.9560539e+03   6.3200000e+05
   2.9551365e+03   6.3100000e+05
   2.9542144e+03   6.3000000e+05
   2.9532950e+03   6.2900000e+05
   2.9523828e+03   6.2800000e+05
   2.9514707e+03   6.2700000e+05
   2.9505572e+03   6.2600000e+05
   2.9500000e+03   6.2538976e+05
   2.9496488e+03   6.2500000e+05
   2.9487456e+03   6.2400000e+05
   2.9479002e+03   6.2300000e+05
   2.9469376e+03   6.2200000e+05
   2.9460323e+03   6.2100000e+05
   2.9451246e+03   6.2000000e+05
   2.9442170e+03   6.1900000e+05
   2.9433071e+03   6.1800000e+05
   2.9423972e+03   6.1700000e+05
   2.9414846e+03   6.1600000e+05
   2.9405724e+03   6.1500000e+05
   2.9400000e+03   6.1441367e+05
   2.9395975e+03   6.1400000e+05
   2.9386636e+03   6.1300000e+05
   2.9377267e+03   6.1200000e+05
   2.9368094e+03   6.1100000e+05
   2.9358908e+03   6.1000000e+05
   2.9349726e+03   6.0900000e+05
   2.9340544e+03   6.0800000e+05
   2.9331327e+03   6.0700000e+05
   2.9322060e+03   6.0600000e+05
   2.9312845e+03   6.0500000e+05
   2.9303607e+03   6.0400000e+05
   2.9300000e+03   6.0361989e+05
   2.9294168e+03   6.0300000e+05
   2.9284779e+03   6.0200000e+05
   2.9275454e+03   6.0100000e+05
   2.9266527e+03   6.0000000e+05
   2.9257009e+03   5.9900000e+05
   2.9247431e+03   5.9800000e+05
   2.9238078e+03   5.9700000e+05
   2.9228730e+03   5.9600000e+05
   2.9219392e+03   5.9500000e+05
   2.9210039e+03   5.9400000e+05
   2.9200660e+03   5.9300000e+05
   2.9200000e+03   5.9292954e+05
   2.9191415e+03   5.9200000e+05
   2.9182225e+03   5.9100000e+05
   2.9172911e+03   5.9000000e+05
   2.9163656e+03   5.8900000e+05
   2.9154390e+03   5.8800000e+05
   2.9145115e+03   5.8700000e+05
   2.9135832e+03   5.8600000e+05
   2.9126536e+03   5.8500000e+05
   2.9116984e+03   5.8400000e+05
   2.9107439e+03   5.8300000e+05
   2.9100000e+03   5.8223025e+05
   2.9097791e+03   5.8200000e+05
   2.9088155e+03   5.8100000e+05
   2.9078567e+03   5.8000000e+05
   2.9069236e+03   5.7900000e+05
   2.9059796e+03   5.7800000e+05
   2.9050388e+03   5.7700000e+05
   2.9041009e+03   5.7600000e+05
   2.9031629e+03   5.7500000e+05
   2.9022221e+03   5.7400000e+05
   2.9012820e+03   5.7300000e+05
   2.9003352e+03   5.7200000e+05
   2.9000000e+03   5.7165432e+05
   2.8993690e+03   5.7100000e+05
   2.8983974e+03   5.7000000e+05
   2.8974261e+03   5.6900000e+05
   2.8965074e+03   5.6800000e+05
   2.8955296e+03   5.6700000e+05
   2.8946002e+03   5.6600000e+05
   2.8936098e+03   5.6500000e+05
   2.8926571e+03   5.6400000e+05
   2.8917044e+03   5.6300000e+05
   2.8907489e+03   5.6200000e+05
   2.8900000e+03   5.6121523e+05
   2.8897968e+03   5.6100000e+05
   2.8888523e+03   5.6000000e+05
   2.8879019e+03   5.5900000e+05
   2.8869550e+03   5.5800000e+05
   2.8860050e+03   5.5700000e+05
   2.8850530e+03   5.5600000e+05
   2.8841025e+03   5.5500000e+05
   2.8831490e+03   5.5400000e+05
   2.8821907e+03   5.5300000e+05
   2.8812227e+03   5.5200000e+05
   2.8802441e+03   5.5100000e+05
   2.8800000e+03   5.5075148e+05
   2.8792584e+03   5.5000000e+05
   2.8782754e+03   5.4900000e+05
   2.8772968e+03   5.4800000e+05
   2.8763161e+03   5.4700000e+05
   2.8753555e+03   5.4600000e+05
   2.8743953e+03   5.4500000e+05
   2.8734340e+03   5.4400000e+05
   2.8724705e+03   5.4300000e+05
   2.8715067e+03   5.4200000e+05
   2.8705433e+03   5.4100000e+05
   2.8700000e+03   5.4044100e+05
   2.8695689e+03   5.4000000e+05
   2.8685802e+03   5.3900000e+05
   2.8675871e+03   5.3800000e+05
   2.8665963e+03   5.3700000e+05
   2.8656513e+03   5.3600000e+05
   2.8646562e+03   5.3500000e+05
   2.8636723e+03   5.3400000e+05
   2.8626834e+03   5.3300000e+05
   2.8617087e+03   5.3200000e+05
   2.8607336e+03   5.3100000e+05
   2.8600000e+03   5.3025033e+05
   2.8597567e+03   5.3000000e+05
   2.8587852e+03   5.2900000e+05
   2.8578137e+03   5.2800000e+05
   2.8568406e+03   5.2700000e+05
   2.8558658e+03   5.2600000e+05
   2.8548935e+03   5.2500000e+05
   2.8539183e+03   5.2400000e+05
   2.8529416e+03   5.2300000e+05
   2.8519640e+03   5.2200000e+05
   2.8509100e+03   5.2100000e+05
   2.8500000e+03   5.2001309e+05
   2.8499879e+03   5.2000000e+05
   2.8489730e+03   5.1900000e+05
   2.8479612e+03   5.1800000e+05
   2.8469555e+03   5.1700000e+05
   2.8459682e+03   5.1600000e+05
   2.8449947e+03   5.1500000e+05
   2.8439713e+03   5.1400000e+05
   2.8429885e+03   5.1300000e+05
   2.8420049e+03   5.1200000e+05
   2.8410197e+03   5.1100000e+05
   2.8400345e+03   5.1000000e+05
   2.8400000e+03   5.0996509e+05
   2.8390426e+03   5.0900000e+05
   2.8380466e+03   5.0800000e+05
   2.8370276e+03   5.0700000e+05
   2.8360190e+03   5.0600000e+05
   2.8349714e+03   5.0500000e+05
   2.8339629e+03   5.0400000e+05
   2.8329607e+03   5.0300000e+05
   2.8319774e+03   5.0200000e+05
   2.8309682e+03   5.0100000e+05
   2.8300000e+03   5.0002963e+05
   2.8299705e+03   5.0000000e+05
   2.8289765e+03   4.9900000e+05
   2.8279789e+03   4.9800000e+05
   2.8269802e+03   4.9700000e+05
   2.8259820e+03   4.9600000e+05
   2.8249804e+03   4.9500000e+05
   2.8239794e+03   4.9400000e+05
   2.8229750e+03   4.9300000e+05
   2.8219697e+03   4.9200000e+05
   2.8209635e+03   4.9100000e+05
   2.8200000e+03   4.9004235e+05
   2.8199572e+03   4.9000000e+05
   2.8189435e+03   4.8900000e+05
   2.8179270e+03   4.8800000e+05
   2.8168937e+03   4.8700000e+05
   2.8158636e+03   4.8600000e+05
   2.8148379e+03   4.8500000e+05
   2.8138059e+03   4.8400000e+05
   2.8127996e+03   4.8300000e+05
   2.8117898e+03   4.8200000e+05
   2.8107798e+03   4.8100000e+05
   2.8100000e+03   4.8022930e+05
   2.8097663e+03   4.8000000e+05
   2.8087469e+03   4.7900000e+05
   2.8077259e+03   4.7800000e+05
   2.8067031e+03   4.7700000e+05
   2.8056724e+03   4.7600000e+05
   2.8046433e+03   4.7500000e+05
   2.8035677e+03   4.7400000e+05
   2.8025331e+03   4.7300000e+05
   2.8015030e+03   4.7200000e+05
   2.8004766e+03   4.7100000e+05
   2.8000000e+03   4.7053389e+05
   2.7994551e+03   4.7000000e+05
   2.7984322e+03   4.6900000e+05
   2.7974072e+03   4.6800000e+05
   2.7963780e+03   4.6700000e+05
   2.7953515e+03   4.6600000e+05
   2.7943240e+03   4.6500000e+05
   2.7932933e+03   4.6400000e+05
   2.7922639e+03   4.6300000e+05
   2.7912331e+03   4.6200000e+05
   2.7901991e+03   4.6100000e+05
   2.7900000e+03   4.6080796e+05
   2.7891596e+03   4.6000000e+05
   2.7881164e+03   4.5900000e+05
   2.7870776e+03   4.5800000e+05
   2.7860384e+03   4.5700000e+05
   2.7849959e+03   4.5600000e+05
   2.7839491e+03   4.5500000e+05
   2.7828822e+03   4.5400000e+05
   2.7818420e+03   4.5300000e+05
   2.7808065e+03   4.5200000e+05
   2.7800000e+03   4.5122602e+05
   2.7797625e+03   4.5100000e+05
   2.7787174e+03   4.5000000e+05
   2.7776679e+03   4.4900000e+05
   2.7766181e+03   4.4800000e+05
   2.7755665e+03   4.4700000e+05
   2.7745144e+03   4.4600000e+05
   2.7734604e+03   4.4500000e+05
   2.7723886e+03   4.4400000e+05
   2.7713460e+03   4.4300000e+05
   2.7702919e+03   4.4200000e+05
   2.7700000e+03   4.4172155e+05
   2.7692401e+03   4.4100000e+05
   2.7681829e+03   4.4000000e+05
   2.7671087e+03   4.3900000e+05
   2.7660653e+03   4.3800000e+05
   2.7649830e+03   4.3700000e+05
   2.7639256e+03   4.3600000e+05
   2.7628732e+03   4.3500000e+05
   2.7618095e+03   4.3400000e+05
   2.7607474e+03   4.3300000e+05
   2.7600000e+03   4.3229777e+05
   2.7596829e+03   4.3200000e+05
   2.7586201e+03   4.3100000e+05
   2.7575546e+03   4.3000000e+05
   2.7564894e+03   4.2900000e+05
   2.7554208e+03   4.2800000e+05
   2.7543528e+03   4.2700000e+05
   2.7532823e+03   4.2600000e+05
   2.7522066e+03   4.2500000e+05
   2.7511319e+03   4.2400000e+05
   2.7500590e+03   4.2300000e+05
   2.7500000e+03   4.2294501e+05
   2.7489831e+03   4.2200000e+05
   2.7479074e+03   4.2100000e+05
   2.7468301e+03   4.2000000e+05
   2.7457557e+03   4.1900000e+05
   2.7446747e+03   4.1800000e+05
   2.7435966e+03   4.1700000e+05
   2.7425147e+03   4.1600000e+05
   2.7414332e+03   4.1500000e+05
   2.7403502e+03   4.1400000e+05
   2.7400000e+03   4.1367921e+05
   2.7392611e+03   4.1300000e+05
   2.7381852e+03   4.1200000e+05
   2.7370845e+03   4.1100000e+05
   2.7360000e+03   4.1000000e+05
   2.7349129e+03   4.0900000e+05
   2.7338263e+03   4.0800000e+05
   2.7327421e+03   4.0700000e+05
   2.7316491e+03   4.0600000e+05
   2.7305587e+03   4.0500000e+05
   2.7300000e+03   4.0448810e+05
   2.7294679e+03   4.0400000e+05
   2.7283743e+03   4.0300000e+05
   2.7272810e+03   4.0200000e+05
   2.7261881e+03   4.0100000e+05
   2.7250915e+03   4.0000000e+05
   2.7241932e+03   3.9900000e+05
   2.7230953e+03   3.9800000e+05
   2.7219962e+03   3.9700000e+05
   2.7208967e+03   3.9600000e+05
   2.7200000e+03   3.9518850e+05
   2.7197927e+03   3.9500000e+05
   2.7186919e+03   3.9400000e+05
   2.7175897e+03   3.9300000e+05
   2.7164794e+03   3.9200000e+05
   2.7153724e+03   3.9100000e+05
   2.7142698e+03   3.9000000e+05
   2.7131474e+03   3.8900000e+05
   2.7120389e+03   3.8800000e+05
   2.7109353e+03   3.8700000e+05
   2.7100000e+03   3.8616301e+05
   2.7098188e+03   3.8600000e+05
   2.7087300e+03   3.8500000e+05
   2.7076082e+03   3.8400000e+05
   2.7064960e+03   3.8300000e+05
   2.7053941e+03   3.8200000e+05
   2.7042693e+03   3.8100000e+05
   2.7031536e+03   3.8000000e+05
   2.7020399e+03   3.7900000e+05
   2.7009191e+03   3.7800000e+05
   2.7000000e+03   3.7718171e+05
   2.6997964e+03   3.7700000e+05
   2.6986629e+03   3.7600000e+05
   2.6975415e+03   3.7500000e+05
   2.6964221e+03   3.7400000e+05
   2.6952885e+03   3.7300000e+05
   2.6941650e+03   3.7200000e+05
   2.6930409e+03   3.7100000e+05
   2.6919140e+03   3.7000000e+05
   2.6907862e+03   3.6900000e+05
   2.6900000e+03   3.6830258e+05
   2.6896601e+03   3.6800000e+05
   2.6885302e+03   3.6700000e+05
   2.6873988e+03   3.6600000e+05
   2.6862687e+03   3.6500000e+05
   2.6851354e+03   3.6400000e+05
   2.6840033e+03   3.6300000e+05
   2.6828691e+03   3.6200000e+05
   2.6817333e+03   3.6100000e+05
   2.6805991e+03   3.6000000e+05
   2.6800000e+03   3.5947335e+05
   2.6794614e+03   3.5900000e+05
   2.6783218e+03   3.5800000e+05
   2.6771607e+03   3.5700000e+05
   2.6760128e+03   3.5600000e+05
   2.6748658e+03   3.5500000e+05
   2.6737233e+03   3.5400000e+05
   2.6725808e+03   3.5300000e+05
   2.6714304e+03   3.5200000e+05
   2.6702805e+03   3.5100000e+05
   2.6700000e+03   3.5075611e+05
   2.6691316e+03   3.5000000e+05
   2.6679814e+03   3.4900000e+05
   2.6668317e+03   3.4800000e+05
   2.6656793e+03   3.4700000e+05
   2.6645255e+03   3.4600000e+05
   2.6633703e+03   3.4500000e+05
   2.6622145e+03   3.4400000e+05
   2.6610574e+03   3.4300000e+05
   2.6600000e+03   3.4208789e+05
   2.6598984e+03   3.4200000e+05
   2.6587386e+03   3.4100000e+05
   2.6575706e+03   3.4000000e+05
   2.6564005e+03   3.3900000e+05
   2.6552382e+03   3.3800000e+05
   2.6540701e+03   3.3700000e+05
   2.6529053e+03   3.3600000e+05
   2.6517329e+03   3.3500000e+05
   2.6505652e+03   3.3400000e+05
   2.6500000e+03   3.3351733e+05
   2.6493951e+03   3.3300000e+05
   2.6482261e+03   3.3200000e+05
   2.6470549e+03   3.3100000e+05
   2.6458825e+03   3.3000000e+05
   2.6447086e+03   3.2900000e+05
   2.6435331e+03   3.2800000e+05
   2.6423544e+03   3.2700000e+05
   2.6411737e+03   3.2600000e+05
   2.6400000e+03   3.2500932e+05
   2.6399890e+03   3.2500000e+05
   2.6388105e+03   3.2400000e+05
   2.6376305e+03   3.2300000e+05
   2.6364496e+03   3.2200000e+05
   2.6352604e+03   3.2100000e+05
   2.6340776e+03   3.2000000e+05
   2.6328929e+03   3.1900000e+05
   2.6317038e+03   3.1800000e+05
   2.6305017e+03   3.1700000e+05
   2.6300000e+03   3.1658132e+05
   2.6293062e+03   3.1600000e+05
   2.6281184e+03   3.1500000e+05
   2.6269266e+03   3.1400000e+05
   2.6257337e+03   3.1300000e+05
   2.6245393e+03   3.1200000e+05
   2.6233406e+03   3.1100000e+05
   2.6221406e+03   3.1000000e+05
   2.6209372e+03   3.0900000e+05
   2.6200000e+03   3.0821989e+05
   2.6197370e+03   3.0800000e+05
   2.6185389e+03   3.0700000e+05
   2.6173335e+03   3.0600000e+05
   2.6161314e+03   3.0500000e+05
   2.6149277e+03   3.0400000e+05
   2.6137225e+03   3.0300000e+05
   2.6125158e+03   3.0200000e+05
   2.6112843e+03   3.0100000e+05
   2.6100678e+03   3.0000000e+05
   2.6100000e+03   2.9994427e+05
   2.6088580e+03   2.9900000e+05
   2.6076482e+03   2.9800000e+05
   2.6064289e+03   2.9700000e+05
   2.6052007e+03   2.9600000e+05
   2.6036236e+03   2.9500000e+05
   2.6011529e+03   2.9400000e+05
   2.6000000e+03   2.9359561e+05
   2.5983720e+03   2.9300000e+05
   2.5964160e+03   2.9200000e+05
   2.5943776e+03   2.9100000e+05
   2.5926953e+03   2.9000000e+05
   2.5912510e+03   2.8900000e+05
   2.5900000e+03   2.8816344e+05
   2.5897562e+03   2.8800000e+05
   2.5882754e+03   2.8700000e+05
   2.5867671e+03   2.8600000e+05
   2.5852212e+03   2.8500000e+05
   2.5836801e+03   2.8400000e+05
   2.5820705e+03   2.8300000e+05
   2.5804838e+03   2.8200000e+05
   2.5800000e+03   2.8171124e+05
   2.5788123e+03   2.8100000e+05
   2.5771432e+03   2.8000000e+05
   2.5754445e+03   2.7900000e+05
   2.5735586e+03   2.7800000e+05
   2.5718542e+03   2.7700000e+05
   2.5700961e+03   2.7600000e+05
   2.5700000e+03   2.7594838e+05
   2.5682399e+03   2.7500000e+05
   2.5663175e+03   2.7400000e+05
   2.5643144e+03   2.7300000e+05
   2.5623019e+03   2.7200000e+05
   2.5602553e+03   2.7100000e+05
   2.5600000e+03   2.7089303e+05
   2.5578947e+03   2.7000000e+05
   2.5557426e+03   2.6900000e+05
   2.5533548e+03   2.6800000e+05
   2.5503663e+03   2.6700000e+05
   2.5500000e+03   2.6686112e+05
   2.5479473e+03   2.6600000e+05
   2.5451723e+03   2.6500000e+05
   2.5427761e+03   2.6400000e+05
   2.5408363e+03   2.6300000e+05
   2.5400000e+03   2.6277846e+05
   2.5372394e+03   2.6200000e+05
   2.5347034e+03   2.6100000e+05
   2.5314087e+03   2.6000000e+05
   2.5300000e+03   2.5949350e+05
   2.5286966e+03   2.5900000e+05
   2.5251713e+03   2.5800000e+05
   2.5206528e+03   2.5700000e+05
   2.5200000e+03   2.5681666e+05
   2.5174185e+03   2.5600000e+05
   2.5138071e+03   2.5500000e+05
   2.5100000e+03   2.5408860e+05
   2.5096323e+03   2.5400000e+05
   2.5051435e+03   2.5300000e+05
   2.5003748e+03   2.5200000e+05
   2.5000000e+03   2.5192558e+05
   2.4953459e+03   2.5100000e+05
   2.4900169e+03   2.5000000e+05
   2.4900000e+03   2.4999718e+05
   2.4842093e+03   2.4900000e+05
   2.4800000e+03   2.4830493e+05
   2.4781137e+03   2.4800000e+05
   2.4709297e+03   2.4700000e+05
   2.4700000e+03   2.4684858e+05
   2.4647314e+03   2.4600000e+05
   2.4600000e+03   2.4539077e+05
   2.4570094e+03   2.4500000e+05
   2.4500000e+03   2.4430142e+05
   2.4476869e+03   2.4400000e+05
   2.4400000e+03   2.4331598e+05
   2.4372138e+03   2.4300000e+05
   2.4300000e+03   2.4205685e+05
   2.4292690e+03   2.4200000e+05
   2.4215940e+03   2.4100000e+05
   2.4200000e+03   2.4084909e+05
   2.4132382e+03   2.4000000e+05
   2.4100000e+03   2.3953838e+05
   2.4059604e+03   2.3900000e+05
   2.4025373e+03   2.3800000e+05
   2.4015410e+03   2.3700000e+05
   2.4005513e+03   2.3600000e+05
   2.4000000e+03   2.3544478e+05
   2.3995598e+03   2.3500000e+05
   2.3985671e+03   2.3400000e+05
   2.3975687e+03   2.3300000e+05
   2.3965701e+03   2.3200000e+05
   2.3955742e+03   2.3100000e+05
   2.3945758e+03   2.3000000e+05
   2.3935696e+03   2.2900000e+05
   2.3925609e+03   2.2800000e+05
   2.3915510e+03   2.2700000e+05
   2.3905429e+03   2.2600000e+05
   2.3900000e+03   2.2546230e+05
   2.3895350e+03   2.2500000e+05
   2.3885240e+03   2.2400000e+05
   2.3875055e+03   2.2300000e+05
   2.3864894e+03   2.2200000e+05
   2.3854719e+03   2.2100000e+05
   2.3844542e+03   2.2000000e+05
   2.3834285e+03   2.1900000e+05
   2.3824007e+03   2.1800000e+05
   2.3813710e+03   2.1700000e+05
   2.3803431e+03   2.1600000e+05
   2.3800000e+03   2.1566741e+05
   2.3793142e+03   2.1500000e+05
   2.3782835e+03   2.1400000e+05
   2.3772459e+03   2.1300000e+05
   2.3762115e+03   2.1200000e+05
   2.3751723e+03   2.1100000e+05
   2.3741292e+03   2.1000000e+05
   2.3730846e+03   2.0900000e+05
   2.3720404e+03   2.0800000e+05
   2.3709927e+03   2.0700000e+05
   2.3700000e+03   2.0605729e+05
   2.3699399e+03   2.0600000e+05
   2.3688896e+03   2.0500000e+05
   2.3678336e+03   2.0400000e+05
   2.3667813e+03   2.0300000e+05
   2.3657272e+03   2.0200000e+05
   2.3646674e+03   2.0100000e+05
   2.3636028e+03   2.0000000e+05
   2.3625370e+03   1.9900000e+05
   2.3614696e+03   1.9800000e+05
   2.3604006e+03   1.9700000e+05
   2.3600000e+03   1.9662770e+05
   2.3593273e+03   1.9600000e+05
   2.3582571e+03   1.9500000e+05
   2.3571837e+03   1.9400000e+05
   2.3561077e+03   1.9300000e+05
   2.3550297e+03   1.9200000e+05
   2.3539483e+03   1.9100000e+05
   2.3528635e+03   1.9000000e+05
   2.3517734e+03   1.8900000e+05
   2.3506858e+03   1.8800000e+05
   2.3506896e+03   1.8700000e+05
   2.3517136e+03   1.8600000e+05
   2.3527627e+03   1.8500000e+05
   2.3538915e+03   1.8400000e+05
   2.3549287e+03   1.8300000e+05
   2.3559191e+03   1.8200000e+05
   2.3568507e+03   1.8100000e+05
   2.3576642e+03   1.8000000e+05
   2.3585167e+03   1.7900000e+05
   2.3594008e+03   1.7800000e+05
   2.3600000e+03   1.7722297e+05
   2.3601750e+03   1.7700000e+05
   2.3608307e+03   1.7600000e+05
   2.3615365e+03   1.7500000e+05
   2.3622011e+03   1.7400000e+05
   2.3628159e+03   1.7300000e+05
   2.3633761e+03   1.7200000e+05
   2.3638976e+03   1.7100000e+05
   2.3644138e+03   1.7000000e+05
   2.3649169e+03   1.6900000e+05
   2.3653378e+03   1.6800000e+05
   2.3657394e+03   1.6700000e+05
   2.3660747e+03   1.6600000e+05
   2.3662659e+03   1.6500000e+05
   2.3662038e+03   1.6400000e+05
   2.3664198e+03   1.6300000e+05
   2.3667737e+03   1.6200000e+05
   2.3674240e+03   1.6100000e+05
   2.3678801e+03   1.6000000e+05
   2.3679500e+03   1.5900000e+05
   2.3680074e+03   1.5800000e+05
   2.3681615e+03   1.5700000e+05
   2.3683133e+03   1.5600000e+05
   2.3683304e+03   1.5500000e+05
   2.3685203e+03   1.5400000e+05
   2.3686420e+03   1.5300000e+05
   2.3600000e+03   1.5266232e+05
   2.3533619e+03   1.5200000e+05
   2.3500000e+03   1.5143569e+05
   2.3427417e+03   1.5100000e+05
   2.3433600e+03   1.5000000e+05
   2.3438671e+03   1.4900000e+05
   2.3443233e+03   1.4800000e+05
   2.3446836e+03   1.4700000e+05
   2.3449351e+03   1.4600000e+05
   2.3456633e+03   1.4500000e+05
   2.3450666e+03   1.4400000e+05
   2.3442051e+03   1.4300000e+05
   2.3429305e+03   1.4200000e+05
   2.3416791e+03   1.4100000e+05
   2.3404369e+03   1.4000000e+05
   2.3400000e+03   1.3964532e+05
   2.3392088e+03   1.3900000e+05
   2.3379872e+03   1.3800000e+05
   2.3367184e+03   1.3700000e+05
   2.3353922e+03   1.3600000e+05
   2.3341309e+03   1.3500000e+05
   2.3328972e+03   1.3400000e+05
   2.3315867e+03   1.3300000e+05
   2.3302885e+03   1.3200000e+05
   2.3300000e+03   1.3177576e+05
   2.3290066e+03   1.3100000e+05
   2.3277305e+03   1.3000000e+05
   2.3264302e+03   1.2900000e+05
   2.3250936e+03   1.2800000e+05
   2.3237999e+03   1.2700000e+05
   2.3224760e+03   1.2600000e+05
   2.3210833e+03   1.2500000e+05
   2.3200000e+03   1.2417620e+05
   2.3197687e+03   1.2400000e+05
   2.3184438e+03   1.2300000e+05
   2.3171024e+03   1.2200000e+05
   2.3157711e+03   1.2100000e+05
   2.3144196e+03   1.2000000e+05
   2.3130176e+03   1.1900000e+05
   2.3117043e+03   1.1800000e+05
   2.3103727e+03   1.1700000e+05
   2.3100000e+03   1.1672608e+05
   2.3090120e+03   1.1600000e+05
   2.3076136e+03   1.1500000e+05
   2.3062573e+03   1.1400000e+05
   2.3049210e+03   1.1300000e+05
   2.3036204e+03   1.1200000e+05
   2.3023092e+03   1.1100000e+05
   2.3009580e+03   1.1000000e+05
   2.3000000e+03   1.0934981e+05
   2.2994797e+03   1.0900000e+05
   2.2980897e+03   1.0800000e+05
   2.2967148e+03   1.0700000e+05
   2.2953247e+03   1.0600000e+05
   2.2939461e+03   1.0500000e+05
   2.2925330e+03   1.0400000e+05
   2.2911316e+03   1.0300000e+05
   2.2900000e+03   1.0220307e+05
   2.2897117e+03   1.0200000e+05
   2.2882784e+03   1.0100000e+05
   2.2868445e+03   1.0000000e+05
   2.2854045e+03   9.9000000e+04
   2.2838452e+03   9.8000000e+04
   2.2823722e+03   9.7000000e+04
   2.2808868e+03   9.6000000e+04
   2.2800000e+03   9.5406765e+04
   2.2793942e+03   9.5000000e+04
   2.2778877e+03   9.4000000e+04
   2.2763626e+03   9.3000000e+04
   2.2748025e+03   9.2000000e+04
   2.2732306e+03   9.1000000e+04
   2.2716627e+03   9.0000000e+04
   2.2700603e+03   8.9000000e+04
   2.2700000e+03   8.8961594e+04
   2.2684970e+03   8.8000000e+04
   2.2669111e+03   8.7000000e+04
   2.2652931e+03   8.6000000e+04
   2.2636619e+03   8.5000000e+04
   2.2620206e+03   8.4000000e+04
   2.2603687e+03   8.3000000e+04
   2.2600000e+03   8.2779144e+04
   2.2587035e+03   8.2000000e+04
   2.2570204e+03   8.1000000e+04
   2.2553157e+03   8.0000000e+04
   2.2535996e+03   7.9000000e+04
   2.2518699e+03   7.8000000e+04
   2.2501313e+03   7.7000000e+04
   2.2500000e+03   7.6925692e+04
   2.2483718e+03   7.6000000e+04
   2.2465994e+03   7.5000000e+04
   2.2448173e+03   7.4000000e+04
   2.2430131e+03   7.3000000e+04
   2.2411965e+03   7.2000000e+04
   2.2400000e+03   7.1345172e+04
   2.2393714e+03   7.1000000e+04
   2.2375262e+03   7.0000000e+04
   2.2356512e+03   6.9000000e+04
   2.2337591e+03   6.8000000e+04
   2.2318513e+03   6.7000000e+04
   2.2300000e+03   6.6040676e+04
   2.2299218e+03   6.6000000e+04
   2.2279979e+03   6.5000000e+04
   2.2260516e+03   6.4000000e+04
   2.2240799e+03   6.3000000e+04
   2.2221199e+03   6.2000000e+04
   2.2200764e+03   6.1000000e+04
   2.2200000e+03   6.0962580e+04
   2.2180543e+03   6.0000000e+04
   2.2159118e+03   5.9000000e+04
   2.2138886e+03   5.8000000e+04
   2.2117866e+03   5.7000000e+04
   2.2100000e+03   5.6153544e+04
   2.2096767e+03   5.6000000e+04
   2.2074846e+03   5.5000000e+04
   2.2053448e+03   5.4000000e+04
   2.2031387e+03   5.3000000e+04
   2.2009227e+03   5.2000000e+04
   2.2000000e+03   5.1597520e+04
   2.1986374e+03   5.1000000e+04
   2.1963563e+03   5.0000000e+04
   2.1940283e+03   4.9000000e+04
   2.1916518e+03   4.8000000e+04
   2.1900000e+03   4.7318016e+04
   2.1892355e+03   4.7000000e+04
   2.1867684e+03   4.6000000e+04
   2.1842441e+03   4.5000000e+04
   2.1816720e+03   4.4000000e+04
   2.1800000e+03   4.3367719e+04
   2.1790322e+03   4.3000000e+04
   2.1762722e+03   4.2000000e+04
   2.1734492e+03   4.1000000e+04
   2.1705343e+03   4.0000000e+04
   2.1700000e+03   3.9824984e+04
   2.1674970e+03   3.9000000e+04
   2.1642397e+03   3.8000000e+04
   2.1608459e+03   3.7000000e+04
   2.1600000e+03   3.6767897e+04
   2.1572177e+03   3.6000000e+04
   2.1532729e+03   3.5000000e+04
   2.1500000e+03   3.4034712e+04
   2.1498775e+03   3.4000000e+04
   2.1478313e+03   3.3000000e+04
   2.1455547e+03   3.2000000e+04
   2.1433688e+03   3.1000000e+04
   2.1411723e+03   3.0000000e+04
   2.1400000e+03   2.9472227e+04
   2.1389568e+03   2.9000000e+04
   2.1367330e+03   2.8000000e+04
   2.1345063e+03   2.7000000e+04
   2.1322525e+03   2.6000000e+04
   2.1300000e+03   2.5006749e+04
   2.1299848e+03   2.5000000e+04
   2.1277154e+03   2.4000000e+04
   2.1254259e+03   2.3000000e+04
   2.1231181e+03   2.2000000e+04
   2.1207897e+03   2.1000000e+04
   2.1200000e+03   2.0663958e+04
   2.1184464e+03   2.0000000e+04
   2.1160936e+03   1.9000000e+04
   2.1137140e+03   1.8000000e+04
   2.1113116e+03   1.7000000e+04
   2.1100000e+03   1.6458844e+04
   2.1088938e+03   1.6000000e+04
   2.1064485e+03   1.5000000e+04
   2.1039777e+03   1.4000000e+04
   2.1014777e+03   1.3000000e+04
   2.1000000e+03   1.2417437e+04
   2.0989467e+03   1.2000000e+04
   2.0963834e+03   1.1000000e+04
   2.0937975e+03   1.0000000e+04
   2.0924848e+03   9.0000000e+03