   1.4407512e+03   1.3500000e+06
   1.4404684e+03   1.3490000e+06
   1.4402023e+03   1.3480000e+06
   1.4400000e+03   1.3472398e+06
   1.4399371e+03   1.3470000e+06
   1.4396729e+03   1.3460000e+06
   1.4394085e+03   1.3450000e+06
   1.4391505e+03   1.3440000e+06
   1.4388765e+03   1.3430000e+06
   1.4386121e+03   1.3420000e+06
   1.4383467e+03   1.3410000e+06
   1.4380811e+03   1.3400000e+06
   1.4378167e+03   1.3390000e+06
   1.4375511e+03   1.3380000e+06
   1.4372859e+03   1.3370000e+06
   1.4370199e+03   1.3360000e+06
   1.4367548e+03   1.3350000e+06
   1.4364889e+03   1.3340000e+06
   1.4362233e+03   1.3330000e+06
   1.4359591e+03   1.3320000e+06
   1.4356926e+03   1.3310000e+06
   1.4354235e+03   1.3300000e+06
   1.4351315e+03   1.3290000e+06
   1.4348522e+03   1.3280000e+06
   1.4345748e+03   1.3270000e+06
   1.4342981e+03   1.3260000e+06
   1.4340180e+03   1.3250000e+06
   1.4337531e+03   1.3240000e+06
   1.4334902e+03   1.3230000e+06
   1.4332257e+03   1.3220000e+06
   1.4329617e+03   1.3210000e+06
   1.4326972e+03   1.3200000e+06
   1.4324332e+03   1.3190000e+06
   1.4321684e+03   1.3180000e+06
   1.4319000e+03   1.3170000e+06
   1.4316351e+03   1.3160000e+06
   1.4313661e+03   1.3150000e+06
   1.4310980e+03   1.3140000e+06
   1.4308285e+03   1.3130000e+06
   1.4305589e+03   1.3120000e+06
   1.4302771e+03   1.3110000e+06
   1.4300225e+03   1.3100000e+06
   1.4300000e+03   1.3099218e+06
   1.4297325e+03   1.3090000e+06
   1.4294487e+03   1.3080000e+06
   1.4291612e+03   1.3070000e+06
   1.4288748e+03   1.3060000e+06
   1.4285996e+03   1.3050000e+06
   1.4283296e+03   1.3040000e+06
   1.4280646e+03   1.3030000e+06
   1.4277877e+03   1.3020000e+06
   1.4275202e+03   1.3010000e+06
   1.4272338e+03   1.3000000e+06
   1.4269638e+03   1.2990000e+06
   1.4266805e+03   1.2980000e+06
   1.4264000e+03   1.2970000e+06
   1.4261116e+03   1.2960000e+06
   1.4258162e+03   1.2950000e+06
   1.4255273e+03   1.2940000e+06
   1.4252384e+03   1.2930000e+06
   1.4249590e+03   1.2920000e+06
   1.4246883e+03   1.2910000e+06
   1.4244135e+03   1.2900000e+06
   1.4241498e+03   1.2890000e+06
   1.4238763e+03   1.2880000e+06
   1.4236020e+03   1.2870000e+06
   1.4233341e+03   1.2860000e+06
   1.4230607e+03   1.2850000e+06
   1.4227912e+03   1.2840000e+06
   1.4225065e+03   1.2830000e+06
   1.4222365e+03   1.2820000e+06
   1.4219665e+03   1.2810000e+06
   1.4216964e+03   1.2800000e+06
   1.4214038e+03   1.2790000e+06
   1.4211075e+03   1.2780000e+06
   1.4208624e+03   1.2770000e+06
   1.4205768e+03   1.2760000e+06
   1.4202825e+03   1.2750000e+06
   1.4200000e+03   1.2740402e+06
   1.4199882e+03   1.2740000e+06
   1.4197082e+03   1.2730000e+06
   1.4194386e+03   1.2720000e+06
   1.4191685e+03   1.2710000e+06
   1.4188145e+03   1.2700000e+06
   1.4185426e+03   1.2690000e+06
   1.4182693e+03   1.2680000e+06
   1.4179953e+03   1.2670000e+06
   1.4177250e+03   1.2660000e+06
   1.4174541e+03   1.2650000e+06
   1.4171833e+03   1.2640000e+06
   1.4169145e+03   1.2630000e+06
   1.4166442e+03   1.2620000e+06
   1.4163731e+03   1.2610000e+06
   1.4160826e+03   1.2600000e+06
   1.4157873e+03   1.2590000e+06
   1.4155014e+03   1.2580000e+06
   1.4152648e+03   1.2570000e+06
   1.4149793e+03   1.2560000e+06
   1.4147041e+03   1.2550000e+06
   1.4144327e+03   1.2540000e+06
   1.4141464e+03   1.2530000e+06
   1.4138368e+03   1.2520000e+06
   1.4135153e+03   1.2510000e+06
   1.4132262e+03   1.2500000e+06
   1.4129452e+03   1.2490000e+06
   1.4126731e+03   1.2480000e+06
   1.4123947e+03   1.2470000e+06
   1.4121165e+03   1.2460000e+06
   1.4118410e+03   1.2450000e+06
   1.4115794e+03   1.2440000e+06
   1.4113042e+03   1.2430000e+06
   1.4109583e+03   1.2420000e+06
   1.4107430e+03   1.2410000e+06
   1.4104478e+03   1.2400000e+06
   1.4101477e+03   1.2390000e+06
   1.4100000e+03   1.2385079e+06
   1.4098491e+03   1.2380000e+06
   1.4095508e+03   1.2370000e+06
   1.4092517e+03   1.2360000e+06
   1.4089610e+03   1.2350000e+06
   1.4086907e+03   1.2340000e+06
   1.4084204e+03   1.2330000e+06
   1.4081499e+03   1.2320000e+06
   1.4078805e+03   1.2310000e+06
   1.4076126e+03   1.2300000e+06
   1.4073459e+03   1.2290000e+06
   1.4070454e+03   1.2280000e+06
   1.4067466e+03   1.2270000e+06
   1.4064482e+03   1.2260000e+06
   1.4061505e+03   1.2250000e+06
   1.4058529e+03   1.2240000e+06
   1.4055532e+03   1.2230000e+06
   1.4052669e+03   1.2220000e+06
   1.4049941e+03   1.2210000e+06
   1.4047203e+03   1.2200000e+06
   1.4044470e+03   1.2190000e+06
   1.4041744e+03   1.2180000e+06
   1.4039008e+03   1.2170000e+06
   1.4035956e+03   1.2160000e+06
   1.4033251e+03   1.2150000e+06
   1.4030253e+03   1.2140000e+06
   1.4027258e+03   1.2130000e+06
   1.4024254e+03   1.2120000e+06
   1.4021256e+03   1.2110000e+06
   1.4018536e+03   1.2100000e+06
   1.4015440e+03   1.2090000e+06
   1.4012692e+03   1.2080000e+06
   1.4009953e+03   1.2070000e+06
   1.4007204e+03   1.2060000e+06
   1.4004466e+03   1.2050000e+06
   1.4001718e+03   1.2040000e+06
   1.4000000e+03   1.2033951e+06
   1.3998873e+03   1.2030000e+06
   1.3995855e+03   1.2020000e+06
   1.3992812e+03   1.2010000e+06
   1.3989809e+03   1.2000000e+06
   1.3986822e+03   1.1990000e+06
   1.3983850e+03   1.1980000e+06
   1.3981043e+03   1.1970000e+06
   1.3978085e+03   1.1960000e+06
   1.3975272e+03   1.1950000e+06
   1.3972441e+03   1.1940000e+06
   1.3969595e+03   1.1930000e+06
   1.3966920e+03   1.1920000e+06
   1.3964234e+03   1.1910000e+06
   1.3961086e+03   1.1900000e+06
   1.3958036e+03   1.1890000e+06
   1.3954976e+03   1.1880000e+06
   1.3951932e+03   1.1870000e+06
   1.3948884e+03   1.1860000e+06
   1.3945837e+03   1.1850000e+06
   1.3942819e+03   1.1840000e+06
   1.3939955e+03   1.1830000e+06
   1.3936725e+03   1.1820000e+06
   1.3933841e+03   1.1810000e+06
   1.3930964e+03   1.1800000e+06
   1.3928098e+03   1.1790000e+06
   1.3925285e+03   1.1780000e+06
   1.3922282e+03   1.1770000e+06
   1.3919295e+03   1.1760000e+06
   1.3916777e+03   1.1750000e+06
   1.3913777e+03   1.1740000e+06
   1.3910750e+03   1.1730000e+06
   1.3907717e+03   1.1720000e+06
   1.3904785e+03   1.1710000e+06
   1.3901988e+03   1.1700000e+06
   1.3900000e+03   1.1692857e+06
   1.3899206e+03   1.1690000e+06
   1.3896439e+03   1.1680000e+06
   1.3893108e+03   1.1670000e+06
   1.3890332e+03   1.1660000e+06
   1.3887219e+03   1.1650000e+06
   1.3884448e+03   1.1640000e+06
   1.3881397e+03   1.1630000e+06
   1.3878766e+03   1.1620000e+06
   1.3875689e+03   1.1610000e+06
   1.3872611e+03   1.1600000e+06
   1.3869525e+03   1.1590000e+06
   1.3866515e+03   1.1580000e+06
   1.3863543e+03   1.1570000e+06
   1.3860589e+03   1.1560000e+06
   1.3857521e+03   1.1550000e+06
   1.3854247e+03   1.1540000e+06
   1.3851295e+03   1.1530000e+06
   1.3848363e+03   1.1520000e+06
   1.3845407e+03   1.1510000e+06
   1.3842361e+03   1.1500000e+06
   1.3839557e+03   1.1490000e+06
   1.3837137e+03   1.1480000e+06
   1.3834154e+03   1.1470000e+06
   1.3831147e+03   1.1460000e+06
   1.3828067e+03   1.1450000e+06
   1.3824977e+03   1.1440000e+06
   1.3821930e+03   1.1430000e+06
   1.3818824e+03   1.1420000e+06
   1.3815700e+03   1.1410000e+06
   1.3812593e+03   1.1400000e+06
   1.3809652e+03   1.1390000e+06
   1.3806794e+03   1.1380000e+06
   1.3803958e+03   1.1370000e+06
   1.3801121e+03   1.1360000e+06
   1.3800000e+03   1.1355983e+06
   1.3798344e+03   1.1350000e+06
   1.3795500e+03   1.1340000e+06
   1.3791817e+03   1.1330000e+06
   1.3789526e+03   1.1320000e+06
   1.3786442e+03   1.1310000e+06
   1.3783347e+03   1.1300000e+06
   1.3780227e+03   1.1290000e+06
   1.3777144e+03   1.1280000e+06
   1.3774006e+03   1.1270000e+06
   1.3770987e+03   1.1260000e+06
   1.3767886e+03   1.1250000e+06
   1.3764777e+03   1.1240000e+06
   1.3761676e+03   1.1230000e+06
   1.3758563e+03   1.1220000e+06
   1.3755455e+03   1.1210000e+06
   1.3752416e+03   1.1200000e+06
   1.3749566e+03   1.1190000e+06
   1.3746727e+03   1.1180000e+06
   1.3743888e+03   1.1170000e+06
   1.3741045e+03   1.1160000e+06
   1.3738202e+03   1.1150000e+06
   1.3735330e+03   1.1140000e+06
   1.3732198e+03   1.1130000e+06
   1.3729048e+03   1.1120000e+06
   1.3725921e+03   1.1110000e+06
   1.3722781e+03   1.1100000e+06
   1.3719629e+03   1.1090000e+06
   1.3716487e+03   1.1080000e+06
   1.3713446e+03   1.1070000e+06
   1.3710299e+03   1.1060000e+06
   1.3707151e+03   1.1050000e+06
   1.3704003e+03   1.1040000e+06
   1.3700856e+03   1.1030000e+06
   1.3700000e+03   1.1027279e+06
   1.3697745e+03   1.1020000e+06
   1.3694644e+03   1.1010000e+06
   1.3691926e+03   1.1000000e+06
   1.3689084e+03   1.0990000e+06
   1.3686233e+03   1.0980000e+06
   1.3683354e+03   1.0970000e+06
   1.3680412e+03   1.0960000e+06
   1.3676834e+03   1.0950000e+06
   1.3674403e+03   1.0940000e+06
   1.3671252e+03   1.0930000e+06
   1.3668115e+03   1.0920000e+06
   1.3664989e+03   1.0910000e+06
   1.3661855e+03   1.0900000e+06
   1.3658719e+03   1.0890000e+06
   1.3655595e+03   1.0880000e+06
   1.3652444e+03   1.0870000e+06
   1.3649287e+03   1.0860000e+06
   1.3646136e+03   1.0850000e+06
   1.3642979e+03   1.0840000e+06
   1.3639823e+03   1.0830000e+06
   1.3636718e+03   1.0820000e+06
   1.3633866e+03   1.0810000e+06
   1.3631001e+03   1.0800000e+06
   1.3627577e+03   1.0790000e+06
   1.3624888e+03   1.0780000e+06
   1.3621645e+03   1.0770000e+06
   1.3618908e+03   1.0760000e+06
   1.3616268e+03   1.0750000e+06
   1.3613188e+03   1.0740000e+06
   1.3608634e+03   1.0730000e+06
   1.3607210e+03   1.0720000e+06
   1.3603555e+03   1.0710000e+06
   1.3600982e+03   1.0700000e+06
   1.3600000e+03   1.0698843e+06
   1.3592777e+03   1.0690000e+06
   1.3577921e+03   1.0680000e+06
   1.3559709e+03   1.0670000e+06
   1.3537801e+03   1.0660000e+06
   1.3514430e+03   1.0650000e+06
   1.3505394e+03   1.0640000e+06
   1.3500000e+03   1.0638309e+06
   1.3473208e+03   1.0630000e+06
   1.3459061e+03   1.0620000e+06
   1.3437591e+03   1.0610000e+06
   1.3420294e+03   1.0600000e+06
   1.3400000e+03   1.0591569e+06
   1.3396298e+03   1.0590000e+06
   1.3361677e+03   1.0580000e+06
   1.3363512e+03   1.0570000e+06
   1.3335936e+03   1.0560000e+06
   1.3314531e+03   1.0550000e+06
   1.3300000e+03   1.0544363e+06
   1.3289427e+03   1.0540000e+06
   1.3262694e+03   1.0530000e+06
   1.3252250e+03   1.0520000e+06
   1.3245240e+03   1.0510000e+06
   1.3242818e+03   1.0500000e+06
   1.3240176e+03   1.0490000e+06
   1.3237443e+03   1.0480000e+06
   1.3234653e+03   1.0470000e+06
   1.3231743e+03   1.0460000e+06
   1.3228972e+03   1.0450000e+06
   1.3226286e+03   1.0440000e+06
   1.3223373e+03   1.0430000e+06
   1.3220208e+03   1.0420000e+06
   1.3217388e+03   1.0410000e+06
   1.3214496e+03   1.0400000e+06
   1.3211568e+03   1.0390000e+06
   1.3208641e+03   1.0380000e+06
   1.3205846e+03   1.0370000e+06
   1.3203163e+03   1.0360000e+06
   1.3200481e+03   1.0350000e+06
   1.3200000e+03   1.0348208e+06
   1.3197817e+03   1.0340000e+06
   1.3195170e+03   1.0330000e+06
   1.3192499e+03   1.0320000e+06
   1.3189827e+03   1.0310000e+06
   1.3187154e+03   1.0300000e+06
   1.3184488e+03   1.0290000e+06
   1.3181807e+03   1.0280000e+06
   1.3179144e+03   1.0270000e+06
   1.3176474e+03   1.0260000e+06
   1.3173786e+03   1.0250000e+06
   1.3170934e+03   1.0240000e+06
   1.3168041e+03   1.0230000e+06
   1.3165159e+03   1.0220000e+06
   1.3162281e+03   1.0210000e+06
   1.3159421e+03   1.0200000e+06
   1.3156528e+03   1.0190000e+06
   1.3153713e+03   1.0180000e+06
   1.3151003e+03   1.0170000e+06
   1.3148282e+03   1.0160000e+06
   1.3145566e+03   1.0150000e+06
   1.3142851e+03   1.0140000e+06
   1.3140131e+03   1.0130000e+06
   1.3137315e+03   1.0120000e+06
   1.3134479e+03   1.0110000e+06
   1.3131564e+03   1.0100000e+06
   1.3128649e+03   1.0090000e+06
   1.3125723e+03   1.0080000e+06
   1.3122797e+03   1.0070000e+06
   1.3119883e+03   1.0060000e+06
   1.3117090e+03   1.0050000e+06
   1.3114352e+03   1.0040000e+06
   1.3111615e+03   1.0030000e+06
   1.3108867e+03   1.0020000e+06
   1.3106128e+03   1.0010000e+06
   1.3103380e+03   1.0000000e+06
   1.3100631e+03   9.9900000e+05
   1.3100000e+03   9.9877016e+05
   1.3097897e+03   9.9800000e+05
   1.3095152e+03   9.9700000e+05
   1.3092258e+03   9.9600000e+05
   1.3089485e+03   9.9500000e+05
   1.3086754e+03   9.9400000e+05
   1.3084018e+03   9.9300000e+05
   1.3081071e+03   9.9200000e+05
   1.3078108e+03   9.9100000e+05
   1.3075195e+03   9.9000000e+05
   1.3072278e+03   9.8900000e+05
   1.3069433e+03   9.8800000e+05
   1.3066450e+03   9.8700000e+05
   1.3063640e+03   9.8600000e+05
   1.3060950e+03   9.8500000e+05
   1.3058263e+03   9.8400000e+05
   1.3055477e+03   9.8300000e+05
   1.3052766e+03   9.8200000e+05
   1.3050049e+03   9.8100000e+05
   1.3047255e+03   9.8000000e+05
   1.3044545e+03   9.7900000e+05
   1.3041773e+03   9.7800000e+05
   1.3038946e+03   9.7700000e+05
   1.3036130e+03   9.7600000e+05
   1.3033260e+03   9.7500000e+05
   1.3030493e+03   9.7400000e+05
   1.3027600e+03   9.7300000e+05
   1.3024669e+03   9.7200000e+05
   1.3021760e+03   9.7100000e+05
   1.3018842e+03   9.7000000e+05
   1.3015963e+03   9.6900000e+05
   1.3013003e+03   9.6800000e+05
   1.3010121e+03   9.6700000e+05
   1.3007338e+03   9.6600000e+05
   1.3004554e+03   9.6500000e+05
   1.3001760e+03   9.6400000e+05
   1.3000000e+03   9.6337008e+05
   1.2998973e+03   9.6300000e+05
   1.2996209e+03   9.6200000e+05
   1.2993424e+03   9.6100000e+05
   1.2990503e+03   9.6000000e+05
   1.2987538e+03   9.5900000e+05
   1.2984595e+03   9.5800000e+05
   1.2981659e+03   9.5700000e+05
   1.2978728e+03   9.5600000e+05
   1.2975777e+03   9.5500000e+05
   1.2972931e+03   9.5400000e+05
   1.2970174e+03   9.5300000e+05
   1.2967359e+03   9.5200000e+05
   1.2964546e+03   9.5100000e+05
   1.2961716e+03   9.5000000e+05
   1.2958885e+03   9.4900000e+05
   1.2956051e+03   9.4800000e+05
   1.2953249e+03   9.4700000e+05
   1.2950431e+03   9.4600000e+05
   1.2947620e+03   9.4500000e+05
   1.2944808e+03   9.4400000e+05
   1.2941998e+03   9.4300000e+05
   1.2939175e+03   9.4200000e+05
   1.2936187e+03   9.4100000e+05
   1.2933177e+03   9.4000000e+05
   1.2930164e+03   9.3900000e+05
   1.2927099e+03   9.3800000e+05
   1.2924083e+03   9.3700000e+05
   1.2921050e+03   9.3600000e+05
   1.2918155e+03   9.3500000e+05
   1.2915360e+03   9.3400000e+05
   1.2912566e+03   9.3300000e+05
   1.2909760e+03   9.3200000e+05
   1.2906964e+03   9.3100000e+05
   1.2904159e+03   9.3000000e+05
   1.2901343e+03   9.2900000e+05
   1.2900000e+03   9.2852510e+05
   1.2898526e+03   9.2800000e+05
   1.2895707e+03   9.2700000e+05
   1.2892982e+03   9.2600000e+05
   1.2890061e+03   9.2500000e+05
   1.2887032e+03   9.2400000e+05
   1.2884215e+03   9.2300000e+05
   1.2881243e+03   9.2200000e+05
   1.2878395e+03   9.2100000e+05
   1.2875401e+03   9.2000000e+05
   1.2872388e+03   9.1900000e+05
   1.2869376e+03   9.1800000e+05
   1.2866356e+03   9.1700000e+05
   1.2863420e+03   9.1600000e+05
   1.2860581e+03   9.1500000e+05
   1.2857767e+03   9.1400000e+05
   1.2854916e+03   9.1300000e+05
   1.2852076e+03   9.1200000e+05
   1.2849225e+03   9.1100000e+05
   1.2846201e+03   9.1000000e+05
   1.2843329e+03   9.0900000e+05
   1.2840299e+03   9.0800000e+05
   1.2838504e+03   9.0700000e+05
   1.2834566e+03   9.0600000e+05
   1.2831547e+03   9.0500000e+05
   1.2828518e+03   9.0400000e+05
   1.2825606e+03   9.0300000e+05
   1.2822749e+03   9.0200000e+05
   1.2819890e+03   9.0100000e+05
   1.2816611e+03   9.0000000e+05
   1.2813738e+03   8.9900000e+05
   1.2810857e+03   8.9800000e+05
   1.2808473e+03   8.9700000e+05
   1.2805103e+03   8.9600000e+05
   1.2802230e+03   8.9500000e+05
   1.2800832e+03   8.9400000e+05
   1.2800000e+03   8.9380788e+05
   1.2796473e+03   8.9300000e+05
   1.2793612e+03   8.9200000e+05
   1.2790294e+03   8.9100000e+05
   1.2787735e+03   8.9000000e+05
   1.2784700e+03   8.8900000e+05
   1.2781662e+03   8.8800000e+05
   1.2778615e+03   8.8700000e+05
   1.2775566e+03   8.8600000e+05
   1.2772500e+03   8.8500000e+05
   1.2769539e+03   8.8400000e+05
   1.2766692e+03   8.8300000e+05
   1.2763815e+03   8.8200000e+05
   1.2760927e+03   8.8100000e+05
   1.2758044e+03   8.8000000e+05
   1.2755144e+03   8.7900000e+05
   1.2752230e+03   8.7800000e+05
   1.2749290e+03   8.7700000e+05
   1.2746398e+03   8.7600000e+05
   1.2744151e+03   8.7500000e+05
   1.2740598e+03   8.7400000e+05
   1.2737695e+03   8.7300000e+05
   1.2734792e+03   8.7200000e+05
   1.2731761e+03   8.7100000e+05
   1.2728676e+03   8.7000000e+05
   1.2725607e+03   8.6900000e+05
   1.2722530e+03   8.6800000e+05
   1.2719452e+03   8.6700000e+05
   1.2716375e+03   8.6600000e+05
   1.2713365e+03   8.6500000e+05
   1.2710423e+03   8.6400000e+05
   1.2707501e+03   8.6300000e+05
   1.2704577e+03   8.6200000e+05
   1.2701644e+03   8.6100000e+05
   1.2700000e+03   8.6043123e+05
   1.2698762e+03   8.6000000e+05
   1.2695816e+03   8.5900000e+05
   1.2692903e+03   8.5800000e+05
   1.2689980e+03   8.5700000e+05
   1.2687066e+03   8.5600000e+05
   1.2684143e+03   8.5500000e+05
   1.2681221e+03   8.5400000e+05
   1.2678297e+03   8.5300000e+05
   1.2675248e+03   8.5200000e+05
   1.2672154e+03   8.5100000e+05
   1.2669057e+03   8.5000000e+05
   1.2665959e+03   8.4900000e+05
   1.2662856e+03   8.4800000e+05
   1.2659752e+03   8.4700000e+05
   1.2656693e+03   8.4600000e+05
   1.2653747e+03   8.4500000e+05
   1.2650801e+03   8.4400000e+05
   1.2647854e+03   8.4300000e+05
   1.2644903e+03   8.4200000e+05
   1.2641951e+03   8.4100000e+05
   1.2638910e+03   8.4000000e+05
   1.2635945e+03   8.3900000e+05
   1.2632931e+03   8.3800000e+05
   1.2629915e+03   8.3700000e+05
   1.2626910e+03   8.3600000e+05
   1.2623908e+03   8.3500000e+05
   1.2620901e+03   8.3400000e+05
   1.2617864e+03   8.3300000e+05
   1.2614882e+03   8.3200000e+05
   1.2611787e+03   8.3100000e+05
   1.2608679e+03   8.3000000e+05
   1.2605550e+03   8.2900000e+05
   1.2602411e+03   8.2800000e+05
   1.2600000e+03   8.2722603e+05
   1.2599301e+03   8.2700000e+05
   1.2596335e+03   8.2600000e+05
   1.2593372e+03   8.2500000e+05
   1.2590410e+03   8.2400000e+05
   1.2587440e+03   8.2300000e+05
   1.2584480e+03   8.2200000e+05
   1.2581408e+03   8.2100000e+05
   1.2578440e+03   8.2000000e+05
   1.2575470e+03   8.1900000e+05
   1.2572490e+03   8.1800000e+05
   1.2569513e+03   8.1700000e+05
   1.2566533e+03   8.1600000e+05
   1.2563553e+03   8.1500000e+05
   1.2560492e+03   8.1400000e+05
   1.2557327e+03   8.1300000e+05
   1.2554167e+03   8.1200000e+05
   1.2551003e+03   8.1100000e+05
   1.2547813e+03   8.1000000e+05
   1.2544645e+03   8.0900000e+05
   1.2542104e+03   8.0800000e+05
   1.2538543e+03   8.0700000e+05
   1.2535551e+03   8.0600000e+05
   1.2532604e+03   8.0500000e+05
   1.2529611e+03   8.0400000e+05
   1.2526602e+03   8.0300000e+05
   1.2523595e+03   8.0200000e+05
   1.2520558e+03   8.0100000e+05
   1.2517516e+03   8.0000000e+05
   1.2514475e+03   7.9900000e+05
   1.2511443e+03   7.9800000e+05
   1.2508035e+03   7.9700000e+05
   1.2505011e+03   7.9600000e+05
   1.2501851e+03   7.9500000e+05
   1.2500000e+03   7.9440476e+05
   1.2498755e+03   7.9400000e+05
   1.2495585e+03   7.9300000e+05
   1.2492794e+03   7.9200000e+05
   1.2489601e+03   7.9100000e+05
   1.2486408e+03   7.9000000e+05
   1.2483214e+03   7.8900000e+05
   1.2480172e+03   7.8800000e+05
   1.2477142e+03   7.8700000e+05
   1.2474099e+03   7.8600000e+05
   1.2471094e+03   7.8500000e+05
   1.2468053e+03   7.8400000e+05
   1.2465014e+03   7.8300000e+05
   1.2461983e+03   7.8200000e+05
   1.2458954e+03   7.8100000e+05
   1.2455918e+03   7.8000000e+05
   1.2452639e+03   7.7900000e+05
   1.2449624e+03   7.7800000e+05
   1.2446593e+03   7.7700000e+05
   1.2443531e+03   7.7600000e+05
   1.2440326e+03   7.7500000e+05
   1.2437117e+03   7.7400000e+05
   1.2434058e+03   7.7300000e+05
   1.2430835e+03   7.7200000e+05
   1.2427616e+03   7.7100000e+05
   1.2424375e+03   7.7000000e+05
   1.2421270e+03   7.6900000e+05
   1.2418196e+03   7.6800000e+05
   1.2415157e+03   7.6700000e+05
   1.2412041e+03   7.6600000e+05
   1.2408985e+03   7.6500000e+05
   1.2405911e+03   7.6400000e+05
   1.2402833e+03   7.6300000e+05
   1.2400000e+03   7.6208136e+05
   1.2399750e+03   7.6200000e+05
   1.2396604e+03   7.6100000e+05
   1.2393376e+03   7.6000000e+05
   1.2390159e+03   7.5900000e+05
   1.2386808e+03   7.5800000e+05
   1.2383676e+03   7.5700000e+05
   1.2380486e+03   7.5600000e+05
   1.2377535e+03   7.5500000e+05
   1.2374452e+03   7.5400000e+05
   1.2371284e+03   7.5300000e+05
   1.2368101e+03   7.5200000e+05
   1.2365048e+03   7.5100000e+05
   1.2361756e+03   7.5000000e+05
   1.2358667e+03   7.4900000e+05
   1.2355575e+03   7.4800000e+05
   1.2352478e+03   7.4700000e+05
   1.2349381e+03   7.4600000e+05
   1.2346284e+03   7.4500000e+05
   1.2343183e+03   7.4400000e+05
   1.2339902e+03   7.4300000e+05
   1.2336562e+03   7.4200000e+05
   1.2333651e+03   7.4100000e+05
   1.2330506e+03   7.4000000e+05
   1.2327412e+03   7.3900000e+05
   1.2323935e+03   7.3800000e+05
   1.2321059e+03   7.3700000e+05
   1.2317781e+03   7.3600000e+05
   1.2314528e+03   7.3500000e+05
   1.2311264e+03   7.3400000e+05
   1.2308000e+03   7.3300000e+05
   1.2304688e+03   7.3200000e+05
   1.2301541e+03   7.3100000e+05
   1.2300000e+03   7.3050993e+05
   1.2298408e+03   7.3000000e+05
   1.2295277e+03   7.2900000e+05
   1.2292204e+03   7.2800000e+05
   1.2289091e+03   7.2700000e+05
   1.2285971e+03   7.2600000e+05
   1.2282772e+03   7.2500000e+05
   1.2279551e+03   7.2400000e+05
   1.2276268e+03   7.2300000e+05
   1.2273022e+03   7.2200000e+05
   1.2269770e+03   7.2100000e+05
   1.2266595e+03   7.2000000e+05
   1.2263589e+03   7.1900000e+05
   1.2260121e+03   7.1800000e+05
   1.2256960e+03   7.1700000e+05
   1.2253731e+03   7.1600000e+05
   1.2250494e+03   7.1500000e+05
   1.2247134e+03   7.1400000e+05
   1.2243938e+03   7.1300000e+05
   1.2240747e+03   7.1200000e+05
   1.2237531e+03   7.1100000e+05
   1.2234321e+03   7.1000000e+05
   1.2231278e+03   7.0900000e+05
   1.2228108e+03   7.0800000e+05
   1.2224943e+03   7.0700000e+05
   1.2221649e+03   7.0600000e+05
   1.2218420e+03   7.0500000e+05
   1.2215108e+03   7.0400000e+05
   1.2211910e+03   7.0300000e+05
   1.2208722e+03   7.0200000e+05
   1.2205747e+03   7.0100000e+05
   1.2202408e+03   7.0000000e+05
   1.2200000e+03   6.9925159e+05
   1.2199192e+03   6.9900000e+05
   1.2195740e+03   6.9800000e+05
   1.2192421e+03   6.9700000e+05
   1.2189044e+03   6.9600000e+05
   1.2185727e+03   6.9500000e+05
   1.2182555e+03   6.9400000e+05
   1.2179498e+03   6.9300000e+05
   1.2176155e+03   6.9200000e+05
   1.2172935e+03   6.9100000e+05
   1.2169719e+03   6.9000000e+05
   1.2166616e+03   6.8900000e+05
   1.2163354e+03   6.8800000e+05
   1.2160098e+03   6.8700000e+05
   1.2156791e+03   6.8600000e+05
   1.2153673e+03   6.8500000e+05
   1.2150471e+03   6.8400000e+05
   1.2147261e+03   6.8300000e+05
   1.2144017e+03   6.8200000e+05
   1.2140721e+03   6.8100000e+05
   1.2137469e+03   6.8000000e+05
   1.2134162e+03   6.7900000e+05
   1.2130983e+03   6.7800000e+05
   1.2127636e+03   6.7700000e+05
   1.2124052e+03   6.7600000e+05
   1.2120759e+03   6.7500000e+05
   1.2117499e+03   6.7400000e+05
   1.2114127e+03   6.7300000e+05
   1.2110778e+03   6.7200000e+05
   1.2107790e+03   6.7100000e+05
   1.2104479e+03   6.7000000e+05
   1.2101092e+03   6.6900000e+05
   1.2100000e+03   6.6867868e+05
   1.2097715e+03   6.6800000e+05
   1.2094435e+03   6.6700000e+05
   1.2091194e+03   6.6600000e+05
   1.2087946e+03   6.6500000e+05
   1.2084619e+03   6.6400000e+05
   1.2081372e+03   6.6300000e+05
   1.2078117e+03   6.6200000e+05
   1.2074853e+03   6.6100000e+05
   1.2071588e+03   6.6000000e+05
   1.2068313e+03   6.5900000e+05
   1.2064998e+03   6.5800000e+05
   1.2061546e+03   6.5700000e+05
   1.2058276e+03   6.5600000e+05
   1.2054828e+03   6.5500000e+05
   1.2051572e+03   6.5400000e+05
   1.2048166e+03   6.5300000e+05
   1.2044951e+03   6.5200000e+05
   1.2041548e+03   6.5100000e+05
   1.2038111e+03   6.5000000e+05
   1.2035007e+03   6.4900000e+05
   1.2031319e+03   6.4800000e+05
   1.2028033e+03   6.4700000e+05
   1.2024759e+03   6.4600000e+05
   1.2021338e+03   6.4500000e+05
   1.2018076e+03   6.4400000e+05
   1.2014806e+03   6.4300000e+05
   1.2011073e+03   6.4200000e+05
   1.2008034e+03   6.4100000e+05
   1.2004582e+03   6.4000000e+05
   1.2001126e+03   6.3900000e+05
   1.2000000e+03   6.3867638e+05
   1.1997679e+03   6.3800000e+05
   1.1994409e+03   6.3700000e+05
   1.1991287e+03   6.3600000e+05
   1.1987653e+03   6.3500000e+05
   1.1984242e+03   6.3400000e+05
   1.1980919e+03   6.3300000e+05
   1.1977588e+03   6.3200000e+05
   1.1974244e+03   6.3100000e+05
   1.1970857e+03   6.3000000e+05
   1.1967536e+03   6.2900000e+05
   1.1964206e+03   6.2800000e+05
   1.1960880e+03   6.2700000e+05
   1.1957546e+03   6.2600000e+05
   1.1954218e+03   6.2500000e+05
   1.1950881e+03   6.2400000e+05
   1.1947325e+03   6.2300000e+05
   1.1944111e+03   6.2200000e+05
   1.1940704e+03   6.2100000e+05
   1.1937308e+03   6.2000000e+05
   1.1933918e+03   6.1900000e+05
   1.1930533e+03   6.1800000e+05
   1.1927171e+03   6.1700000e+05
   1.1923711e+03   6.1600000e+05
   1.1920225e+03   6.1500000e+05
   1.1916724e+03   6.1400000e+05
   1.1913211e+03   6.1300000e+05
   1.1909686e+03   6.1200000e+05
   1.1906186e+03   6.1100000e+05
   1.1902810e+03   6.1000000e+05
   1.1900000e+03   6.0916964e+05
   1.1899433e+03   6.0900000e+05
   1.1896092e+03   6.0800000e+05
   1.1892778e+03   6.0700000e+05
   1.1889430e+03   6.0600000e+05
   1.1886069e+03   6.0500000e+05
   1.1882630e+03   6.0400000e+05
   1.1879206e+03   6.0300000e+05
   1.1875833e+03   6.0200000e+05
   1.1872442e+03   6.0100000e+05
   1.1869067e+03   6.0000000e+05
   1.1865686e+03   5.9900000e+05
   1.1862339e+03   5.9800000e+05
   1.1858861e+03   5.9700000e+05
   1.1855383e+03   5.9600000e+05
   1.1851916e+03   5.9500000e+05
   1.1848254e+03   5.9400000e+05
   1.1844788e+03   5.9300000e+05
   1.1841334e+03   5.9200000e+05
   1.1837997e+03   5.9100000e+05
   1.1834411e+03   5.9000000e+05
   1.1830893e+03   5.8900000e+05
   1.1827669e+03   5.8800000e+05
   1.1824140e+03   5.8700000e+05
   1.1820600e+03   5.8600000e+05
   1.1817047e+03   5.8500000e+05
   1.1813597e+03   5.8400000e+05
   1.1810165e+03   5.8300000e+05
   1.1806723e+03   5.8200000e+05
   1.1803281e+03   5.8100000e+05
   1.1800000e+03   5.8004638e+05
   1.1799842e+03   5.8000000e+05
   1.1796419e+03   5.7900000e+05
   1.1792982e+03   5.7800000e+05
   1.1789548e+03   5.7700000e+05
   1.1786105e+03   5.7600000e+05
   1.1782334e+03   5.7500000e+05
   1.1778904e+03   5.7400000e+05
   1.1775463e+03   5.7300000e+05
   1.1772011e+03   5.7200000e+05
   1.1768477e+03   5.7100000e+05
   1.1764830e+03   5.7000000e+05
   1.1761236e+03   5.6900000e+05
   1.1757871e+03   5.6800000e+05
   1.1754296e+03   5.6700000e+05
   1.1750991e+03   5.6600000e+05
   1.1747224e+03   5.6500000e+05
   1.1743674e+03   5.6400000e+05
   1.1740202e+03   5.6300000e+05
   1.1736741e+03   5.6200000e+05
   1.1733442e+03   5.6100000e+05
   1.1729851e+03   5.6000000e+05
   1.1726296e+03   5.5900000e+05
   1.1722804e+03   5.5800000e+05
   1.1719310e+03   5.5700000e+05
   1.1715816e+03   5.5600000e+05
   1.1712250e+03   5.5500000e+05
   1.1708773e+03   5.5400000e+05
   1.1705274e+03   5.5300000e+05
   1.1701779e+03   5.5200000e+05
   1.1700000e+03   5.5149722e+05
   1.1698243e+03   5.5100000e+05
   1.1694592e+03   5.5000000e+05
   1.1690954e+03   5.4900000e+05
   1.1687131e+03   5.4800000e+05
   1.1683666e+03   5.4700000e+05
   1.1680084e+03   5.4600000e+05
   1.1676453e+03   5.4500000e+05
   1.1672918e+03   5.4400000e+05
   1.1669382e+03   5.4300000e+05
   1.1665826e+03   5.4200000e+05
   1.1662332e+03   5.4100000e+05
   1.1658698e+03   5.4000000e+05
   1.1655158e+03   5.3900000e+05
   1.1651618e+03   5.3800000e+05
   1.1648073e+03   5.3700000e+05
   1.1644528e+03   5.3600000e+05
   1.1640979e+03   5.3500000e+05
   1.1637450e+03   5.3400000e+05
   1.1633863e+03   5.3300000e+05
   1.1630304e+03   5.3200000e+05
   1.1626718e+03   5.3100000e+05
   1.1623129e+03   5.3000000e+05
   1.1619511e+03   5.2900000e+05
   1.1615969e+03   5.2800000e+05
   1.1612365e+03   5.2700000e+05
   1.1608648e+03   5.2600000e+05
   1.1604929e+03   5.2500000e+05
   1.1601200e+03   5.2400000e+05
   1.1600000e+03   5.2367885e+05
   1.1597480e+03   5.2300000e+05
   1.1593772e+03   5.2200000e+05
   1.1590096e+03   5.2100000e+05
   1.1586545e+03   5.2000000e+05
   1.1583012e+03   5.1900000e+05
   1.1579448e+03   5.1800000e+05
   1.1575879e+03   5.1700000e+05
   1.1572304e+03   5.1600000e+05
   1.1568751e+03   5.1500000e+05
   1.1565095e+03   5.1400000e+05
   1.1561469e+03   5.1300000e+05
   1.1557915e+03   5.1200000e+05
   1.1554273e+03   5.1100000e+05
   1.1550626e+03   5.1000000e+05
   1.1546966e+03   5.0900000e+05
   1.1543301e+03   5.0800000e+05
   1.1539639e+03   5.0700000e+05
   1.1535985e+03   5.0600000e+05
   1.1532338e+03   5.0500000e+05
   1.1528704e+03   5.0400000e+05
   1.1524845e+03   5.0300000e+05
   1.1521396e+03   5.0200000e+05
   1.1517593e+03   5.0100000e+05
   1.1513966e+03   5.0000000e+05
   1.1510339e+03   4.9900000e+05
   1.1506702e+03   4.9800000e+05
   1.1503057e+03   4.9700000e+05
   1.1500000e+03   4.9615915e+05
   1.1499421e+03   4.9600000e+05
   1.1495707e+03   4.9500000e+05
   1.1491934e+03   4.9400000e+05
   1.1488479e+03   4.9300000e+05
   1.1484700e+03   4.9200000e+05
   1.1480921e+03   4.9100000e+05
   1.1477144e+03   4.9000000e+05
   1.1473457e+03   4.8900000e+05
   1.1469742e+03   4.8800000e+05
   1.1465917e+03   4.8700000e+05
   1.1462107e+03   4.8600000e+05
   1.1458442e+03   4.8500000e+05
   1.1454764e+03   4.8400000e+05
   1.1451314e+03   4.8300000e+05
   1.1447417e+03   4.8200000e+05
   1.1443749e+03   4.8100000e+05
   1.1440098e+03   4.8000000e+05
   1.1436425e+03   4.7900000e+05
   1.1432748e+03   4.7800000e+05
   1.1429063e+03   4.7700000e+05
   1.1425285e+03   4.7600000e+05
   1.1421411e+03   4.7500000e+05
   1.1417600e+03   4.7400000e+05
   1.1414035e+03   4.7300000e+05
   1.1410160e+03   4.7200000e+05
   1.1406269e+03   4.7100000e+05
   1.1402751e+03   4.7000000e+05
   1.1400000e+03   4.6931915e+05
   1.1398718e+03   4.6900000e+05
   1.1395046e+03   4.6800000e+05
   1.1390944e+03   4.6700000e+05
   1.1387252e+03   4.6600000e+05
   1.1383539e+03   4.6500000e+05
   1.1380126e+03   4.6400000e+05
   1.1376062e+03   4.6300000e+05
   1.1372333e+03   4.6200000e+05
   1.1368610e+03   4.6100000e+05
   1.1364876e+03   4.6000000e+05
   1.1361139e+03   4.5900000e+05
   1.1357440e+03   4.5800000e+05
   1.1353485e+03   4.5700000e+05
   1.1349795e+03   4.5600000e+05
   1.1345969e+03   4.5500000e+05
   1.1342153e+03   4.5400000e+05
   1.1338480e+03   4.5300000e+05
   1.1334663e+03   4.5200000e+05
   1.1330869e+03   4.5100000e+05
   1.1327052e+03   4.5000000e+05
   1.1323084e+03   4.4900000e+05
   1.1319181e+03   4.4800000e+05
   1.1315205e+03   4.4700000e+05
   1.1311276e+03   4.4600000e+05
   1.1307413e+03   4.4500000e+05
   1.1303590e+03   4.4400000e+05
   1.1300000e+03   4.4305514e+05
   1.1299793e+03   4.4300000e+05
   1.1296046e+03   4.4200000e+05
   1.1292290e+03   4.4100000e+05
   1.1288535e+03   4.4000000e+05
   1.1284779e+03   4.3900000e+05
   1.1280841e+03   4.3800000e+05
   1.1277187e+03   4.3700000e+05
   1.1273363e+03   4.3600000e+05
   1.1269517e+03   4.3500000e+05
   1.1265652e+03   4.3400000e+05
   1.1261774e+03   4.3300000e+05
   1.1257971e+03   4.3200000e+05
   1.1254050e+03   4.3100000e+05
   1.1250203e+03   4.3000000e+05
   1.1246357e+03   4.2900000e+05
   1.1242506e+03   4.2800000e+05
   1.1238658e+03   4.2700000e+05
   1.1234794e+03   4.2600000e+05
   1.1230941e+03   4.2500000e+05
   1.1226930e+03   4.2400000e+05
   1.1223030e+03   4.2300000e+05
   1.1219141e+03   4.2200000e+05
   1.1215256e+03   4.2100000e+05
   1.1211381e+03   4.2000000e+05
   1.1207493e+03   4.1900000e+05
   1.1203491e+03   4.1800000e+05
   1.1200000e+03   4.1708600e+05
   1.1199673e+03   4.1700000e+05
   1.1195663e+03   4.1600000e+05
   1.1191657e+03   4.1500000e+05
   1.1187665e+03   4.1400000e+05
   1.1183855e+03   4.1300000e+05
   1.1179771e+03   4.1200000e+05
   1.1175875e+03   4.1100000e+05
   1.1171963e+03   4.1000000e+05
   1.1168140e+03   4.0900000e+05
   1.1164215e+03   4.0800000e+05
   1.1160278e+03   4.0700000e+05
   1.1156335e+03   4.0600000e+05
   1.1152320e+03   4.0500000e+05
   1.1148384e+03   4.0400000e+05
   1.1144494e+03   4.0300000e+05
   1.1140549e+03   4.0200000e+05
   1.1136607e+03   4.0100000e+05
   1.1132655e+03   4.0000000e+05
   1.1128710e+03   3.9900000e+05
   1.1124762e+03   3.9800000e+05
   1.1120827e+03   3.9700000e+05
   1.1116892e+03   3.9600000e+05
   1.1112944e+03   3.9500000e+05
   1.1108943e+03   3.9400000e+05
   1.1104551e+03   3.9300000e+05
   1.1100605e+03   3.9200000e+05
   1.1100000e+03   3.9184670e+05
   1.1096685e+03   3.9100000e+05
   1.1092752e+03   3.9000000e+05
   1.1088822e+03   3.8900000e+05
   1.1084891e+03   3.8800000e+05
   1.1081006e+03   3.8700000e+05
   1.1076453e+03   3.8600000e+05
   1.1073129e+03   3.8500000e+05
   1.1069768e+03   3.8400000e+05
   1.1066256e+03   3.8300000e+05
   1.1062688e+03   3.8200000e+05
   1.1059572e+03   3.8100000e+05
   1.1056367e+03   3.8000000e+05
   1.1052843e+03   3.7900000e+05
   1.1049312e+03   3.7800000e+05
   1.1045672e+03   3.7700000e+05
   1.1042259e+03   3.7600000e+05
   1.1038564e+03   3.7500000e+05
   1.1035077e+03   3.7400000e+05
   1.1031859e+03   3.7300000e+05
   1.1028177e+03   3.7200000e+05
   1.1024751e+03   3.7100000e+05
   1.1020888e+03   3.7000000e+05
   1.1017131e+03   3.6900000e+05
   1.1013870e+03   3.6800000e+05
   1.1010269e+03   3.6700000e+05
   1.1006490e+03   3.6600000e+05
   1.1002685e+03   3.6500000e+05
   1.1000000e+03   3.6424548e+05
   1.0999134e+03   3.6400000e+05
   1.0995411e+03   3.6300000e+05
   1.0991614e+03   3.6200000e+05
   1.0987789e+03   3.6100000e+05
   1.0984399e+03   3.6000000e+05
   1.0980678e+03   3.5900000e+05
   1.0977035e+03   3.5800000e+05
   1.0973056e+03   3.5700000e+05
   1.0969511e+03   3.5600000e+05
   1.0965882e+03   3.5500000e+05
   1.0962109e+03   3.5400000e+05
   1.0958269e+03   3.5300000e+05
   1.0954412e+03   3.5200000e+05
   1.0950536e+03   3.5100000e+05
   1.0946840e+03   3.5000000e+05
   1.0943398e+03   3.4900000e+05
   1.0939598e+03   3.4800000e+05
   1.0935740e+03   3.4700000e+05
   1.0931763e+03   3.4600000e+05
   1.0928079e+03   3.4500000e+05
   1.0923918e+03   3.4400000e+05
   1.0920251e+03   3.4300000e+05
   1.0916762e+03   3.4200000e+05
   1.0913013e+03   3.4100000e+05
   1.0908828e+03   3.4000000e+05
   1.0904802e+03   3.3900000e+05
   1.0900787e+03   3.3800000e+05
   1.0900000e+03   3.3780365e+05
   1.0896816e+03   3.3700000e+05
   1.0892785e+03   3.3600000e+05
   1.0889161e+03   3.3500000e+05
   1.0885664e+03   3.3400000e+05
   1.0881584e+03   3.3300000e+05
   1.0877662e+03   3.3200000e+05
   1.0873726e+03   3.3100000e+05
   1.0869713e+03   3.3000000e+05
   1.0865643e+03   3.2900000e+05
   1.0861999e+03   3.2800000e+05
   1.0858308e+03   3.2700000e+05
   1.0854231e+03   3.2600000e+05
   1.0850173e+03   3.2500000e+05
   1.0846153e+03   3.2400000e+05
   1.0842267e+03   3.2300000e+05
   1.0838202e+03   3.2200000e+05
   1.0834092e+03   3.2100000e+05
   1.0830443e+03   3.2000000e+05
   1.0826426e+03   3.1900000e+05
   1.0822325e+03   3.1800000e+05
   1.0817912e+03   3.1700000e+05
   1.0814347e+03   3.1600000e+05
   1.0810718e+03   3.1500000e+05
   1.0806480e+03   3.1400000e+05
   1.0802325e+03   3.1300000e+05
   1.0800000e+03   3.1244492e+05
   1.0798151e+03   3.1200000e+05
   1.0793987e+03   3.1100000e+05
   1.0789830e+03   3.1000000e+05
   1.0785728e+03   3.0900000e+05
   1.0782056e+03   3.0800000e+05
   1.0778402e+03   3.0700000e+05
   1.0774187e+03   3.0600000e+05
   1.0770128e+03   3.0500000e+05
   1.0765910e+03   3.0400000e+05
   1.0761705e+03   3.0300000e+05
   1.0757494e+03   3.0200000e+05
   1.0753319e+03   3.0100000e+05
   1.0749446e+03   3.0000000e+05
   1.0745702e+03   2.9900000e+05
   1.0741505e+03   2.9800000e+05
   1.0737363e+03   2.9700000e+05
   1.0733292e+03   2.9600000e+05
   1.0729003e+03   2.9500000e+05
   1.0724792e+03   2.9400000e+05
   1.0720516e+03   2.9300000e+05
   1.0716230e+03   2.9200000e+05
   1.0712062e+03   2.9100000e+05
   1.0708443e+03   2.9000000e+05
   1.0704242e+03   2.8900000e+05
   1.0700260e+03   2.8800000e+05
   1.0700000e+03   2.8794033e+05
   1.0695938e+03   2.8700000e+05
   1.0691696e+03   2.8600000e+05
   1.0687478e+03   2.8500000e+05
   1.0683218e+03   2.8400000e+05
   1.0678941e+03   2.8300000e+05
   1.0675118e+03   2.8200000e+05
   1.0670824e+03   2.8100000e+05
   1.0666890e+03   2.8000000e+05
   1.0662742e+03   2.7900000e+05
   1.0658508e+03   2.7800000e+05
   1.0654169e+03   2.7700000e+05
   1.0649907e+03   2.7600000e+05
   1.0645553e+03   2.7500000e+05
   1.0641179e+03   2.7400000e+05
   1.0636969e+03   2.7300000e+05
   1.0632771e+03   2.7200000e+05
   1.0628421e+03   2.7100000e+05
   1.0624681e+03   2.7000000e+05
   1.0620477e+03   2.6900000e+05
   1.0616087e+03   2.6800000e+05
   1.0611732e+03   2.6700000e+05
   1.0607399e+03   2.6600000e+05
   1.0603022e+03   2.6500000e+05
   1.0600000e+03   2.6431526e+05
   1.0598620e+03   2.6400000e+05
   1.0594229e+03   2.6300000e+05
   1.0590095e+03   2.6200000e+05
   1.0588445e+03   2.6100000e+05
   1.0600000e+03   2.6056973e+05
   1.0613594e+03   2.6000000e+05
   1.0670135e+03   2.5900000e+05
   1.0700000e+03   2.5825542e+05
   1.0711103e+03   2.5800000e+05
   1.0754992e+03   2.5700000e+05
   1.0800000e+03   2.5609785e+05
   1.0804445e+03   2.5600000e+05
   1.0832609e+03   2.5500000e+05
   1.0835665e+03   2.5400000e+05
   1.0831417e+03   2.5300000e+05
   1.0827163e+03   2.5200000e+05
   1.0822889e+03   2.5100000e+05
   1.0818610e+03   2.5000000e+05
   1.0807040e+03   2.4900000e+05
   1.0800000e+03   2.4886905e+05
   1.0753791e+03   2.4800000e+05
   1.0700000e+03   2.4705509e+05
   1.0694589e+03   2.4700000e+05
   1.0654279e+03   2.4600000e+05
   1.0631107e+03   2.4500000e+05
   1.0600000e+03   2.4428607e+05
   1.0588627e+03   2.4400000e+05
   1.0552261e+03   2.4300000e+05
   1.0534671e+03   2.4200000e+05
   1.0530464e+03   2.4100000e+05
   1.0514664e+03   2.4000000e+05
   1.0500000e+03   2.3973985e+05
   1.0464954e+03   2.3900000e+05
   1.0401570e+03   2.3800000e+05
   1.0400000e+03   2.3754897e+05
   1.0398096e+03   2.3700000e+05
   1.0393453e+03   2.3600000e+05
   1.0389493e+03   2.3500000e+05
   1.0385537e+03   2.3400000e+05
   1.0381602e+03   2.3300000e+05
   1.0378049e+03   2.3200000e+05
   1.0373959e+03   2.3100000e+05
   1.0370299e+03   2.3000000e+05
   1.0300000e+03   2.2917346e+05
   1.0285333e+03   2.2900000e+05
   1.0281594e+03   2.2800000e+05
   1.0277915e+03   2.2700000e+05
   1.0274402e+03   2.2600000e+05
   1.0270911e+03   2.2500000e+05
   1.0267449e+03   2.2400000e+05
   1.0264005e+03   2.2300000e+05
   1.0260656e+03   2.2200000e+05
   1.0257434e+03   2.2100000e+05
   1.0252799e+03   2.2000000e+05
   1.0248955e+03   2.1900000e+05
   1.0245702e+03   2.1800000e+05
   1.0242473e+03   2.1700000e+05
   1.0239270e+03   2.1600000e+05
   1.0236124e+03   2.1500000e+05
   1.0233109e+03   2.1400000e+05
   1.0230141e+03   2.1300000e+05
   1.0227360e+03   2.1200000e+05
   1.0224521e+03   2.1100000e+05
   1.0221613e+03   2.1000000e+05
   1.0218757e+03   2.0900000e+05
   1.0216151e+03   2.0800000e+05
   1.0213580e+03   2.0700000e+05
   1.0211143e+03   2.0600000e+05
   1.0208794e+03   2.0500000e+05
   1.0206507e+03   2.0400000e+05
   1.0204378e+03   2.0300000e+05
   1.0202296e+03   2.0200000e+05
   1.0200315e+03   2.0100000e+05
   1.0200000e+03   2.0083178e+05
   1.0198458e+03   2.0000000e+05
   1.0196634e+03   1.9900000e+05
   1.0194962e+03   1.9800000e+05
   1.0193362e+03   1.9700000e+05
   1.0190759e+03   1.9600000e+05
   1.0186876e+03   1.9500000e+05
   1.0182878e+03   1.9400000e+05
   1.0178881e+03   1.9300000e+05
   1.0174915e+03   1.9200000e+05
   1.0170863e+03   1.9100000e+05
   1.0166856e+03   1.9000000e+05
   1.0162840e+03   1.8900000e+05
   1.0158782e+03   1.8800000e+05
   1.0154707e+03   1.8700000e+05
   1.0150576e+03   1.8600000e+05
   1.0146454e+03   1.8500000e+05
   1.0142329e+03   1.8400000e+05
   1.0138172e+03   1.8300000e+05
   1.0134016e+03   1.8200000e+05
   1.0129844e+03   1.8100000e+05
   1.0125616e+03   1.8000000e+05
   1.0121396e+03   1.7900000e+05
   1.0117113e+03   1.7800000e+05
   1.0112848e+03   1.7700000e+05
   1.0108560e+03   1.7600000e+05
   1.0104230e+03   1.7500000e+05
   1.0100000e+03   1.7402209e+05
   1.0099905e+03   1.7400000e+05
   1.0095558e+03   1.7300000e+05
   1.0091206e+03   1.7200000e+05
   1.0086829e+03   1.7100000e+05
   1.0082453e+03   1.7000000e+05
   1.0077995e+03   1.6900000e+05
   1.0073534e+03   1.6800000e+05
   1.0069067e+03   1.6700000e+05
   1.0064532e+03   1.6600000e+05
   1.0059967e+03   1.6500000e+05
   1.0055413e+03   1.6400000e+05
   1.0050804e+03   1.6300000e+05
   1.0046172e+03   1.6200000e+05
   1.0041474e+03   1.6100000e+05
   1.0036742e+03   1.6000000e+05
   1.0032014e+03   1.5900000e+05
   1.0027260e+03   1.5800000e+05
   1.0022425e+03   1.5700000e+05
   1.0017536e+03   1.5600000e+05
   1.0012673e+03   1.5500000e+05
   1.0007896e+03   1.5400000e+05
   1.0003232e+03   1.5300000e+05
   1.0000000e+03   1.5254220e+05
   9.9960338e+02   1.5200000e+05
   9.9804610e+02   1.5100000e+05
   9.9683092e+02   1.5000000e+05
   9.9546908e+02   1.4900000e+05
   9.9421261e+02   1.4800000e+05
   9.9293999e+02   1.4700000e+05
   9.9167512e+02   1.4600000e+05
   9.9043885e+02   1.4500000e+05
   9.9000000e+02   1.4467293e+05
   9.8910870e+02   1.4400000e+05
   9.8792657e+02   1.4300000e+05
   9.8687784e+02   1.4200000e+05
   9.8577460e+02   1.4100000e+05
   9.8438191e+02   1.4000000e+05
   9.8171685e+02   1.3900000e+05
   9.8000000e+02   1.3800348e+05
   9.7999365e+02   1.3800000e+05
   9.7661272e+02   1.3700000e+05
   9.7257786e+02   1.3600000e+05
   9.7000000e+02   1.3554953e+05
   9.6443044e+02   1.3500000e+05
   9.6267415e+02   1.3400000e+05
   9.6106108e+02   1.3300000e+05
   9.6000000e+02   1.3230707e+05
   9.5953282e+02   1.3200000e+05
   9.5810633e+02   1.3100000e+05
   9.5675044e+02   1.3000000e+05
   9.5545567e+02   1.2900000e+05
   9.5419514e+02   1.2800000e+05
   9.5298699e+02   1.2700000e+05
   9.5181980e+02   1.2600000e+05
   9.5068127e+02   1.2500000e+05
   9.5000000e+02   1.2438196e+05
   9.4958221e+02   1.2400000e+05
   9.4850224e+02   1.2300000e+05
   9.4780736e+02   1.2200000e+05
   9.4733145e+02   1.2100000e+05
   9.4686263e+02   1.2000000e+05
   9.4638889e+02   1.1900000e+05
   9.4591618e+02   1.1800000e+05
   9.4544829e+02   1.1700000e+05
   9.4490638e+02   1.1600000e+05
   9.4000000e+02   1.1502779e+05
   9.3987581e+02   1.1500000e+05
   9.3367770e+02   1.1400000e+05
   9.3156578e+02   1.1300000e+05
   9.3003211e+02   1.1200000e+05
   9.3000000e+02   1.1197762e+05
   9.2860922e+02   1.1100000e+05
   9.2728846e+02   1.1000000e+05
   9.2594012e+02   1.0900000e+05
   9.2464138e+02   1.0800000e+05
   9.2335670e+02   1.0700000e+05
   9.2207394e+02   1.0600000e+05
   9.2083619e+02   1.0500000e+05
   9.2022622e+02   1.0400000e+05
   9.2000000e+02   1.0354945e+05
   9.1972841e+02   1.0300000e+05
   9.1923035e+02   1.0200000e+05
   9.1873183e+02   1.0100000e+05
   9.1822115e+02   1.0000000e+05
   9.1770653e+02   9.9000000e+04
   9.1719538e+02   9.8000000e+04
   9.1669323e+02   9.7000000e+04
   9.1618077e+02   9.6000000e+04
   9.1565873e+02   9.5000000e+04
   9.1513433e+02   9.4000000e+04
   9.1461544e+02   9.3000000e+04
   9.1409890e+02   9.2000000e+04
   9.1359098e+02   9.1000000e+04
   9.1308395e+02   9.0000000e+04
   9.1247853e+02   8.9000000e+04
   9.1189949e+02   8.8000000e+04
   9.1139964e+02   8.7000000e+04
   9.1083843e+02   8.6000000e+04
   9.1030521e+02   8.5000000e+04
   9.1000000e+02   8.4417910e+04
   9.0978363e+02   8.4000000e+04
   9.0924959e+02   8.3000000e+04
   9.0870465e+02   8.2000000e+04
   9.0815121e+02   8.1000000e+04
   9.0759567e+02   8.0000000e+04
   9.0706037e+02   7.9000000e+04
   9.0650444e+02   7.8000000e+04
   9.0594981e+02   7.7000000e+04
   9.0539917e+02   7.6000000e+04
   9.0484053e+02   7.5000000e+04
   9.0429774e+02   7.4000000e+04
   9.0373612e+02   7.3000000e+04
   9.0317730e+02   7.2000000e+04
   9.0262817e+02   7.1000000e+04
   9.0208388e+02   7.0000000e+04
   9.0152371e+02   6.9000000e+04
   9.0092698e+02   6.8000000e+04
   9.0026054e+02   6.7000000e+04
   9.0000000e+02   6.6547523e+04
   8.9968800e+02   6.6000000e+04
   8.9911410e+02   6.5000000e+04
   8.9853042e+02   6.4000000e+04
   8.9794522e+02   6.3000000e+04
   8.9735593e+02   6.2000000e+04
   8.9554633e+02   6.1000000e+04
   8.9398841e+02   6.0000000e+04
   8.9341330e+02   5.9000000e+04
   8.9284638e+02   5.8000000e+04
   8.9226951e+02   5.7000000e+04
   8.9169323e+02   5.6000000e+04
   8.9112628e+02   5.5000000e+04
   8.9052089e+02   5.4000000e+04
   8.9000000e+02   5.3065753e+04
   8.8996380e+02   5.3000000e+04
   8.8943043e+02   5.2000000e+04
   8.8885478e+02   5.1000000e+04
   8.8826291e+02   5.0000000e+04
   8.8765604e+02   4.9000000e+04
   8.8703726e+02   4.8000000e+04
   8.8642061e+02   4.7000000e+04
   8.8586030e+02   4.6000000e+04
   8.8527448e+02   4.5000000e+04
   8.8466989e+02   4.4000000e+04
   8.8405988e+02   4.3000000e+04
   8.8345551e+02   4.2000000e+04
   8.8284907e+02   4.1000000e+04
   8.8224021e+02   4.0000000e+04
   8.8160993e+02   3.9000000e+04
   8.8098956e+02   3.8000000e+04
   8.8036675e+02   3.7000000e+04
   8.8000000e+02   3.6413462e+04
   8.7974332e+02   3.6000000e+04
   8.7912122e+02   3.5000000e+04
   8.7849862e+02   3.4000000e+04
   8.7786268e+02   3.3000000e+04
   8.7720840e+02   3.2000000e+04
   8.7658171e+02   3.1000000e+04
   8.7593040e+02   3.0000000e+04
   8.7527537e+02   2.9000000e+04
   8.7463222e+02   2.8000000e+04
   8.7397133e+02   2.7000000e+04
   8.7332264e+02   2.6000000e+04
   8.7266875e+02   2.5000000e+04
   8.7199702e+02   2.4000000e+04
   8.7132782e+02   2.3000000e+04
   8.7065068e+02   2.2000000e+04
   8.7000000e+02   2.1033186e+04
   8.6997792e+02   2.1000000e+04
   8.6930265e+02   2.0000000e+04
   8.6860980e+02   1.9000000e+04
   8.6791290e+02   1.8000000e+04
   8.6721262e+02   1.7000000e+04
   8.6650764e+02   1.6000000e+04
   8.6578785e+02   1.5000000e+04
   8.6506204e+02   1.4000000e+04
   8.6432768e+02   1.3000000e+04
   8.6359003e+02   1.2000000e+04
   8.6282674e+02   1.1000000e+04
   8.6206307e+02   1.0000000e+04
   8.6128622e+02   9.0000000e+03
   8.6049521e+02   8.0000000e+03
   8.6000000e+02   7.9220944e+03
   8.5414597e+02   7.0000000e+03
   8.5346883e+02   6.0000000e+03
   8.5285453e+02   5.0000000e+03
   8.5230063e+02   4.0000000e+03
   8.5169928e+02   3.0000000e+03
   8.5108167e+02   2.0000000e+03
   8.5040386e+02   1.0000000e+03
   8.5000000e+02   0.0000000e+00
   8.5000000e+02   0.0000000e+00
