   3.9487066e+03   1.3500000e+06
   3.9478547e+03   1.3490000e+06
   3.9470023e+03   1.3480000e+06
   3.9461499e+03   1.3470000e+06
   3.9452990e+03   1.3460000e+06
   3.9444455e+03   1.3450000e+06
   3.9435936e+03   1.3440000e+06
   3.9427409e+03   1.3430000e+06
   3.9418868e+03   1.3420000e+06
   3.9410350e+03   1.3410000e+06
   3.9401800e+03   1.3400000e+06
   3.9400000e+03   1.3397902e+06
   3.9393237e+03   1.3390000e+06
   3.9384704e+03   1.3380000e+06
   3.9376173e+03   1.3370000e+06
   3.9367611e+03   1.3360000e+06
   3.9359062e+03   1.3350000e+06
   3.9350518e+03   1.3340000e+06
   3.9341957e+03   1.3330000e+06
   3.9330174e+03   1.3320000e+06
   3.9313379e+03   1.3310000e+06
   3.9313718e+03   1.3300000e+06
   3.9306514e+03   1.3290000e+06
   3.9300000e+03   1.3288441e+06
   3.9262623e+03   1.3280000e+06
   3.9245901e+03   1.3270000e+06
   3.9228250e+03   1.3260000e+06
   3.9210877e+03   1.3250000e+06
   3.9200000e+03   1.3243501e+06
   3.9194563e+03   1.3240000e+06
   3.9181982e+03   1.3230000e+06
   3.9162506e+03   1.3220000e+06
   3.9147436e+03   1.3210000e+06
   3.9130525e+03   1.3200000e+06
   3.9114561e+03   1.3190000e+06
   3.9100000e+03   1.3180894e+06
   3.9098559e+03   1.3180000e+06
   3.9083591e+03   1.3170000e+06
   3.9068220e+03   1.3160000e+06
   3.9052816e+03   1.3150000e+06
   3.9037624e+03   1.3140000e+06
   3.9022397e+03   1.3130000e+06
   3.9007202e+03   1.3120000e+06
   3.9000000e+03   1.3114933e+06
   3.8992955e+03   1.3110000e+06
   3.8978894e+03   1.3100000e+06
   3.8964740e+03   1.3090000e+06
   3.8949735e+03   1.3080000e+06
   3.8936009e+03   1.3070000e+06
   3.8921675e+03   1.3060000e+06
   3.8907616e+03   1.3050000e+06
   3.8900000e+03   1.3044408e+06
   3.8894031e+03   1.3040000e+06
   3.8880378e+03   1.3030000e+06
   3.8866901e+03   1.3020000e+06
   3.8853519e+03   1.3010000e+06
   3.8840238e+03   1.3000000e+06
   3.8827811e+03   1.2990000e+06
   3.8814450e+03   1.2980000e+06
   3.8801945e+03   1.2970000e+06
   3.8800000e+03   1.2968443e+06
   3.8789412e+03   1.2960000e+06
   3.8776899e+03   1.2950000e+06
   3.8764359e+03   1.2940000e+06
   3.8750883e+03   1.2930000e+06
   3.8739653e+03   1.2920000e+06
   3.8727727e+03   1.2910000e+06
   3.8715987e+03   1.2900000e+06
   3.8704095e+03   1.2890000e+06
   3.8700000e+03   1.2886541e+06
   3.8692235e+03   1.2880000e+06
   3.8680381e+03   1.2870000e+06
   3.8669204e+03   1.2860000e+06
   3.8657794e+03   1.2850000e+06
   3.8646864e+03   1.2840000e+06
   3.8635971e+03   1.2830000e+06
   3.8625010e+03   1.2820000e+06
   3.8614274e+03   1.2810000e+06
   3.8604608e+03   1.2800000e+06
   3.8600000e+03   1.2796043e+06
   3.8592912e+03   1.2790000e+06
   3.8582531e+03   1.2780000e+06
   3.8572247e+03   1.2770000e+06
   3.8561931e+03   1.2760000e+06
   3.8551651e+03   1.2750000e+06
   3.8541426e+03   1.2740000e+06
   3.8531113e+03   1.2730000e+06
   3.8520771e+03   1.2720000e+06
   3.8510457e+03   1.2710000e+06
   3.8500161e+03   1.2700000e+06
   3.8500000e+03   1.2699843e+06
   3.8489867e+03   1.2690000e+06
   3.8479591e+03   1.2680000e+06
   3.8469323e+03   1.2670000e+06
   3.8459013e+03   1.2660000e+06
   3.8448730e+03   1.2650000e+06
   3.8438647e+03   1.2640000e+06
   3.8428369e+03   1.2630000e+06
   3.8415383e+03   1.2620000e+06
   3.8408171e+03   1.2610000e+06
   3.8400000e+03   1.2601844e+06
   3.8398019e+03   1.2600000e+06
   3.8388023e+03   1.2590000e+06
   3.8378747e+03   1.2580000e+06
   3.8370106e+03   1.2570000e+06
   3.8362698e+03   1.2560000e+06
   3.8355440e+03   1.2550000e+06
   3.8348077e+03   1.2540000e+06
   3.8340813e+03   1.2530000e+06
   3.8333374e+03   1.2520000e+06
   3.8325969e+03   1.2510000e+06
   3.8318661e+03   1.2500000e+06
   3.8311271e+03   1.2490000e+06
   3.8303877e+03   1.2480000e+06
   3.8300000e+03   1.2474714e+06
   3.8296551e+03   1.2470000e+06
   3.8289202e+03   1.2460000e+06
   3.8281834e+03   1.2450000e+06
   3.8274467e+03   1.2440000e+06
   3.8267136e+03   1.2430000e+06
   3.8259747e+03   1.2420000e+06
   3.8252396e+03   1.2410000e+06
   3.8245012e+03   1.2400000e+06
   3.8237613e+03   1.2390000e+06
   3.8230224e+03   1.2380000e+06
   3.8222800e+03   1.2370000e+06
   3.8215341e+03   1.2360000e+06
   3.8207933e+03   1.2350000e+06
   3.8200500e+03   1.2340000e+06
   3.8200000e+03   1.2339325e+06
   3.8193124e+03   1.2330000e+06
   3.8185742e+03   1.2320000e+06
   3.8178357e+03   1.2310000e+06
   3.8171003e+03   1.2300000e+06
   3.8163552e+03   1.2290000e+06
   3.8156132e+03   1.2280000e+06
   3.8148728e+03   1.2270000e+06
   3.8141298e+03   1.2260000e+06
   3.8133862e+03   1.2250000e+06
   3.8126419e+03   1.2240000e+06
   3.8119017e+03   1.2230000e+06
   3.8111581e+03   1.2220000e+06
   3.8104121e+03   1.2210000e+06
   3.8100000e+03   1.2204499e+06
   3.8096636e+03   1.2200000e+06
   3.8089193e+03   1.2190000e+06
   3.8081729e+03   1.2180000e+06
   3.8074281e+03   1.2170000e+06
   3.8066788e+03   1.2160000e+06
   3.8059397e+03   1.2150000e+06
   3.8051910e+03   1.2140000e+06
   3.8044445e+03   1.2130000e+06
   3.8036955e+03   1.2120000e+06
   3.8029490e+03   1.2110000e+06
   3.8021989e+03   1.2100000e+06
   3.8014522e+03   1.2090000e+06
   3.8006979e+03   1.2080000e+06
   3.8000000e+03   1.2070677e+06
   3.7999495e+03   1.2070000e+06
   3.7992036e+03   1.2060000e+06
   3.7984637e+03   1.2050000e+06
   3.7977118e+03   1.2040000e+06
   3.7969598e+03   1.2030000e+06
   3.7962120e+03   1.2020000e+06
   3.7954633e+03   1.2010000e+06
   3.7947085e+03   1.2000000e+06
   3.7939465e+03   1.1990000e+06
   3.7931959e+03   1.1980000e+06
   3.7924465e+03   1.1970000e+06
   3.7916894e+03   1.1960000e+06
   3.7909346e+03   1.1950000e+06
   3.7901919e+03   1.1940000e+06
   3.7900000e+03   1.1937446e+06
   3.7894411e+03   1.1930000e+06
   3.7886844e+03   1.1920000e+06
   3.7879285e+03   1.1910000e+06
   3.7871720e+03   1.1900000e+06
   3.7864186e+03   1.1890000e+06
   3.7856652e+03   1.1880000e+06
   3.7849088e+03   1.1870000e+06
   3.7841508e+03   1.1860000e+06
   3.7833958e+03   1.1850000e+06
   3.7826429e+03   1.1840000e+06
   3.7818851e+03   1.1830000e+06
   3.7811242e+03   1.1820000e+06
   3.7803664e+03   1.1810000e+06
   3.7800000e+03   1.1805185e+06
   3.7796061e+03   1.1800000e+06
   3.7788471e+03   1.1790000e+06
   3.7780859e+03   1.1780000e+06
   3.7773271e+03   1.1770000e+06
   3.7765713e+03   1.1760000e+06
   3.7758113e+03   1.1750000e+06
   3.7750522e+03   1.1740000e+06
   3.7742915e+03   1.1730000e+06
   3.7735313e+03   1.1720000e+06
   3.7727686e+03   1.1710000e+06
   3.7720076e+03   1.1700000e+06
   3.7712450e+03   1.1690000e+06
   3.7704828e+03   1.1680000e+06
   3.7700000e+03   1.1673663e+06
   3.7697214e+03   1.1670000e+06
   3.7689580e+03   1.1660000e+06
   3.7681910e+03   1.1650000e+06
   3.7674311e+03   1.1640000e+06
   3.7666697e+03   1.1630000e+06
   3.7659042e+03   1.1620000e+06
   3.7651363e+03   1.1610000e+06
   3.7643713e+03   1.1600000e+06
   3.7636038e+03   1.1590000e+06
   3.7628354e+03   1.1580000e+06
   3.7620659e+03   1.1570000e+06
   3.7612942e+03   1.1560000e+06
   3.7605359e+03   1.1550000e+06
   3.7600000e+03   1.1543061e+06
   3.7597641e+03   1.1540000e+06
   3.7589932e+03   1.1530000e+06
   3.7582322e+03   1.1520000e+06
   3.7574582e+03   1.1510000e+06
   3.7566937e+03   1.1500000e+06
   3.7559165e+03   1.1490000e+06
   3.7551523e+03   1.1480000e+06
   3.7543915e+03   1.1470000e+06
   3.7536210e+03   1.1460000e+06
   3.7528522e+03   1.1450000e+06
   3.7520795e+03   1.1440000e+06
   3.7513068e+03   1.1430000e+06
   3.7505343e+03   1.1420000e+06
   3.7500000e+03   1.1413088e+06
   3.7497618e+03   1.1410000e+06
   3.7489876e+03   1.1400000e+06
   3.7482163e+03   1.1390000e+06
   3.7474450e+03   1.1380000e+06
   3.7466717e+03   1.1370000e+06
   3.7458988e+03   1.1360000e+06
   3.7451265e+03   1.1350000e+06
   3.7443529e+03   1.1340000e+06
   3.7435752e+03   1.1330000e+06
   3.7428035e+03   1.1320000e+06
   3.7420267e+03   1.1310000e+06
   3.7412521e+03   1.1300000e+06
   3.7404756e+03   1.1290000e+06
   3.7400000e+03   1.1283895e+06
   3.7396972e+03   1.1280000e+06
   3.7389223e+03   1.1270000e+06
   3.7381452e+03   1.1260000e+06
   3.7373677e+03   1.1250000e+06
   3.7365902e+03   1.1240000e+06
   3.7358098e+03   1.1230000e+06
   3.7350293e+03   1.1220000e+06
   3.7342488e+03   1.1210000e+06
   3.7334684e+03   1.1200000e+06
   3.7326879e+03   1.1190000e+06
   3.7319069e+03   1.1180000e+06
   3.7311267e+03   1.1170000e+06
   3.7303463e+03   1.1160000e+06
   3.7300000e+03   1.1155577e+06
   3.7295645e+03   1.1150000e+06
   3.7287859e+03   1.1140000e+06
   3.7280052e+03   1.1130000e+06
   3.7272240e+03   1.1120000e+06
   3.7264400e+03   1.1110000e+06
   3.7256572e+03   1.1100000e+06
   3.7248733e+03   1.1090000e+06
   3.7240912e+03   1.1080000e+06
   3.7233046e+03   1.1070000e+06
   3.7225203e+03   1.1060000e+06
   3.7217344e+03   1.1050000e+06
   3.7209479e+03   1.1040000e+06
   3.7201583e+03   1.1030000e+06
   3.7200000e+03   1.1027987e+06
   3.7193734e+03   1.1020000e+06
   3.7185885e+03   1.1010000e+06
   3.7178021e+03   1.1000000e+06
   3.7170149e+03   1.0990000e+06
   3.7162277e+03   1.0980000e+06
   3.7154391e+03   1.0970000e+06
   3.7146503e+03   1.0960000e+06
   3.7138619e+03   1.0950000e+06
   3.7130729e+03   1.0940000e+06
   3.7122827e+03   1.0930000e+06
   3.7114921e+03   1.0920000e+06
   3.7106994e+03   1.0910000e+06
   3.7100000e+03   1.0901148e+06
   3.7099095e+03   1.0900000e+06
   3.7091185e+03   1.0890000e+06
   3.7083279e+03   1.0880000e+06
   3.7075364e+03   1.0870000e+06
   3.7067434e+03   1.0860000e+06
   3.7059526e+03   1.0850000e+06
   3.7051589e+03   1.0840000e+06
   3.7043638e+03   1.0830000e+06
   3.7035714e+03   1.0820000e+06
   3.7027784e+03   1.0810000e+06
   3.7019809e+03   1.0800000e+06
   3.7011846e+03   1.0790000e+06
   3.7003875e+03   1.0780000e+06
   3.7000000e+03   1.0775136e+06
   3.6995920e+03   1.0770000e+06
   3.6987977e+03   1.0760000e+06
   3.6980004e+03   1.0750000e+06
   3.6972039e+03   1.0740000e+06
   3.6964088e+03   1.0730000e+06
   3.6956098e+03   1.0720000e+06
   3.6948128e+03   1.0710000e+06
   3.6940128e+03   1.0700000e+06
   3.6932137e+03   1.0690000e+06
   3.6924150e+03   1.0680000e+06
   3.6916157e+03   1.0670000e+06
   3.6908130e+03   1.0660000e+06
   3.6900098e+03   1.0650000e+06
   3.6900000e+03   1.0649877e+06
   3.6892117e+03   1.0640000e+06
   3.6884111e+03   1.0630000e+06
   3.6876080e+03   1.0620000e+06
   3.6868074e+03   1.0610000e+06
   3.6860039e+03   1.0600000e+06
   3.6852064e+03   1.0590000e+06
   3.6844024e+03   1.0580000e+06
   3.6835955e+03   1.0570000e+06
   3.6827915e+03   1.0560000e+06
   3.6819869e+03   1.0550000e+06
   3.6811806e+03   1.0540000e+06
   3.6803733e+03   1.0530000e+06
   3.6800000e+03   1.0525370e+06
   3.6795681e+03   1.0520000e+06
   3.6787638e+03   1.0510000e+06
   3.6779571e+03   1.0500000e+06
   3.6771522e+03   1.0490000e+06
   3.6763431e+03   1.0480000e+06
   3.6755361e+03   1.0470000e+06
   3.6747277e+03   1.0460000e+06
   3.6739197e+03   1.0450000e+06
   3.6731103e+03   1.0440000e+06
   3.6723008e+03   1.0430000e+06
   3.6714893e+03   1.0420000e+06
   3.6706793e+03   1.0410000e+06
   3.6700000e+03   1.0401643e+06
   3.6698669e+03   1.0400000e+06
   3.6690564e+03   1.0390000e+06
   3.6682459e+03   1.0380000e+06
   3.6674346e+03   1.0370000e+06
   3.6666220e+03   1.0360000e+06
   3.6658127e+03   1.0350000e+06
   3.6649995e+03   1.0340000e+06
   3.6641876e+03   1.0330000e+06
   3.6633742e+03   1.0320000e+06
   3.6625600e+03   1.0310000e+06
   3.6617468e+03   1.0300000e+06
   3.6609305e+03   1.0290000e+06
   3.6601088e+03   1.0280000e+06
   3.6600000e+03   1.0278667e+06
   3.6592948e+03   1.0270000e+06
   3.6584811e+03   1.0260000e+06
   3.6576651e+03   1.0250000e+06
   3.6568487e+03   1.0240000e+06
   3.6560318e+03   1.0230000e+06
   3.6552175e+03   1.0220000e+06
   3.6543967e+03   1.0210000e+06
   3.6535737e+03   1.0200000e+06
   3.6527531e+03   1.0190000e+06
   3.6519330e+03   1.0180000e+06
   3.6511085e+03   1.0170000e+06
   3.6502888e+03   1.0160000e+06
   3.6500000e+03   1.0156490e+06
   3.6494681e+03   1.0150000e+06
   3.6486582e+03   1.0140000e+06
   3.6478322e+03   1.0130000e+06
   3.6470088e+03   1.0120000e+06
   3.6461883e+03   1.0110000e+06
   3.6453662e+03   1.0100000e+06
   3.6445417e+03   1.0090000e+06
   3.6437177e+03   1.0080000e+06
   3.6428916e+03   1.0070000e+06
   3.6420698e+03   1.0060000e+06
   3.6412477e+03   1.0050000e+06
   3.6404262e+03   1.0040000e+06
   3.6400000e+03   1.0034830e+06
   3.6396020e+03   1.0030000e+06
   3.6387806e+03   1.0020000e+06
   3.6379564e+03   1.0010000e+06
   3.6371314e+03   1.0000000e+06
   3.6362943e+03   9.9900000e+05
   3.6354639e+03   9.9800000e+05
   3.6346379e+03   9.9700000e+05
   3.6338136e+03   9.9600000e+05
   3.6329877e+03   9.9500000e+05
   3.6321514e+03   9.9400000e+05
   3.6313262e+03   9.9300000e+05
   3.6304910e+03   9.9200000e+05
   3.6300000e+03   9.9140856e+05
   3.6296609e+03   9.9100000e+05
   3.6288279e+03   9.9000000e+05
   3.6279941e+03   9.8900000e+05
   3.6271603e+03   9.8800000e+05
   3.6263236e+03   9.8700000e+05
   3.6254898e+03   9.8600000e+05
   3.6246559e+03   9.8500000e+05
   3.6238210e+03   9.8400000e+05
   3.6229834e+03   9.8300000e+05
   3.6221442e+03   9.8200000e+05
   3.6213074e+03   9.8100000e+05
   3.6204839e+03   9.8000000e+05
   3.6200000e+03   9.7942937e+05
   3.6196365e+03   9.7900000e+05
   3.6188012e+03   9.7800000e+05
   3.6179608e+03   9.7700000e+05
   3.6171229e+03   9.7600000e+05
   3.6162850e+03   9.7500000e+05
   3.6154503e+03   9.7400000e+05
   3.6146077e+03   9.7300000e+05
   3.6137685e+03   9.7200000e+05
   3.6129286e+03   9.7100000e+05
   3.6120876e+03   9.7000000e+05
   3.6112467e+03   9.6900000e+05
   3.6104083e+03   9.6800000e+05
   3.6100000e+03   9.6751586e+05
   3.6095658e+03   9.6700000e+05
   3.6087245e+03   9.6600000e+05
   3.6078830e+03   9.6500000e+05
   3.6070396e+03   9.6400000e+05
   3.6061973e+03   9.6300000e+05
   3.6053543e+03   9.6200000e+05
   3.6045103e+03   9.6100000e+05
   3.6036633e+03   9.6000000e+05
   3.6028185e+03   9.5900000e+05
   3.6019718e+03   9.5800000e+05
   3.6011248e+03   9.5700000e+05
   3.6002783e+03   9.5600000e+05
   3.6000000e+03   9.5567116e+05
   3.5994332e+03   9.5500000e+05
   3.5985862e+03   9.5400000e+05
   3.5977391e+03   9.5300000e+05
   3.5968900e+03   9.5200000e+05
   3.5960392e+03   9.5100000e+05
   3.5951906e+03   9.5000000e+05
   3.5943396e+03   9.4900000e+05
   3.5934901e+03   9.4800000e+05
   3.5926370e+03   9.4700000e+05
   3.5917855e+03   9.4600000e+05
   3.5909385e+03   9.4500000e+05
   3.5900865e+03   9.4400000e+05
   3.5900000e+03   9.4389888e+05
   3.5892330e+03   9.4300000e+05
   3.5883798e+03   9.4200000e+05
   3.5875266e+03   9.4100000e+05
   3.5866733e+03   9.4000000e+05
   3.5858213e+03   9.3900000e+05
   3.5849626e+03   9.3800000e+05
   3.5841106e+03   9.3700000e+05
   3.5832538e+03   9.3600000e+05
   3.5823980e+03   9.3500000e+05
   3.5815423e+03   9.3400000e+05
   3.5806822e+03   9.3300000e+05
   3.5800000e+03   9.3220681e+05
   3.5798224e+03   9.3200000e+05
   3.5789641e+03   9.3100000e+05
   3.5781017e+03   9.3000000e+05
   3.5772469e+03   9.2900000e+05
   3.5763865e+03   9.2800000e+05
   3.5755291e+03   9.2700000e+05
   3.5746680e+03   9.2600000e+05
   3.5738059e+03   9.2500000e+05
   3.5729411e+03   9.2400000e+05
   3.5720764e+03   9.2300000e+05
   3.5712141e+03   9.2200000e+05
   3.5703523e+03   9.2100000e+05
   3.5700000e+03   9.2059234e+05
   3.5694899e+03   9.2000000e+05
   3.5686285e+03   9.1900000e+05
   3.5677665e+03   9.1800000e+05
   3.5669012e+03   9.1700000e+05
   3.5660366e+03   9.1600000e+05
   3.5651719e+03   9.1500000e+05
   3.5643044e+03   9.1400000e+05
   3.5634388e+03   9.1300000e+05
   3.5625708e+03   9.1200000e+05
   3.5617034e+03   9.1100000e+05
   3.5608364e+03   9.1000000e+05
   3.5600000e+03   9.0904098e+05
   3.5599643e+03   9.0900000e+05
   3.5590970e+03   9.0800000e+05
   3.5582273e+03   9.0700000e+05
   3.5573574e+03   9.0600000e+05
   3.5564874e+03   9.0500000e+05
   3.5556175e+03   9.0400000e+05
   3.5547462e+03   9.0300000e+05
   3.5538737e+03   9.0200000e+05
   3.5530004e+03   9.0100000e+05
   3.5521281e+03   9.0000000e+05
   3.5512534e+03   8.9900000e+05
   3.5503781e+03   8.9800000e+05
   3.5500000e+03   8.9756526e+05
   3.5495094e+03   8.9700000e+05
   3.5486289e+03   8.9600000e+05
   3.5477535e+03   8.9500000e+05
   3.5468780e+03   8.9400000e+05
   3.5460060e+03   8.9300000e+05
   3.5451273e+03   8.9200000e+05
   3.5442486e+03   8.9100000e+05
   3.5433708e+03   8.9000000e+05
   3.5424939e+03   8.8900000e+05
   3.5416148e+03   8.8800000e+05
   3.5407326e+03   8.8700000e+05
   3.5400000e+03   8.8616506e+05
   3.5398554e+03   8.8600000e+05
   3.5389763e+03   8.8500000e+05
   3.5380972e+03   8.8400000e+05
   3.5372141e+03   8.8300000e+05
   3.5363320e+03   8.8200000e+05
   3.5354481e+03   8.8100000e+05
   3.5345665e+03   8.8000000e+05
   3.5336818e+03   8.7900000e+05
   3.5327941e+03   8.7800000e+05
   3.5319166e+03   8.7700000e+05
   3.5310289e+03   8.7600000e+05
   3.5301407e+03   8.7500000e+05
   3.5300000e+03   8.7484171e+05
   3.5292540e+03   8.7400000e+05
   3.5283677e+03   8.7300000e+05
   3.5274786e+03   8.7200000e+05
   3.5265933e+03   8.7100000e+05
   3.5257073e+03   8.7000000e+05
   3.5248154e+03   8.6900000e+05
   3.5239256e+03   8.6800000e+05
   3.5230358e+03   8.6700000e+05
   3.5221454e+03   8.6600000e+05
   3.5212558e+03   8.6500000e+05
   3.5203661e+03   8.6400000e+05
   3.5200000e+03   8.6358957e+05
   3.5194752e+03   8.6300000e+05
   3.5185851e+03   8.6200000e+05
   3.5176928e+03   8.6100000e+05
   3.5168038e+03   8.6000000e+05
   3.5159086e+03   8.5900000e+05
   3.5150148e+03   8.5800000e+05
   3.5141187e+03   8.5700000e+05
   3.5132250e+03   8.5600000e+05
   3.5123300e+03   8.5500000e+05
   3.5114343e+03   8.5400000e+05
   3.5105369e+03   8.5300000e+05
   3.5100000e+03   8.5240144e+05
   3.5096406e+03   8.5200000e+05
   3.5087454e+03   8.5100000e+05
   3.5078458e+03   8.5000000e+05
   3.5069464e+03   8.4900000e+05
   3.5060474e+03   8.4800000e+05
   3.5051462e+03   8.4700000e+05
   3.5042455e+03   8.4600000e+05
   3.5033453e+03   8.4500000e+05
   3.5024428e+03   8.4400000e+05
   3.5015407e+03   8.4300000e+05
   3.5006353e+03   8.4200000e+05
   3.5000000e+03   8.4130080e+05
   3.4997277e+03   8.4100000e+05
   3.4988261e+03   8.4000000e+05
   3.4979231e+03   8.3900000e+05
   3.4970200e+03   8.3800000e+05
   3.4961185e+03   8.3700000e+05
   3.4952121e+03   8.3600000e+05
   3.4943052e+03   8.3500000e+05
   3.4933978e+03   8.3400000e+05
   3.4924892e+03   8.3300000e+05
   3.4915825e+03   8.3200000e+05
   3.4906691e+03   8.3100000e+05
   3.4900000e+03   8.3026342e+05
   3.4897614e+03   8.3000000e+05
   3.4888531e+03   8.2900000e+05
   3.4879448e+03   8.2800000e+05
   3.4870348e+03   8.2700000e+05
   3.4861237e+03   8.2600000e+05
   3.4852101e+03   8.2500000e+05
   3.4842980e+03   8.2400000e+05
   3.4833883e+03   8.2300000e+05
   3.4824734e+03   8.2200000e+05
   3.4815553e+03   8.2100000e+05
   3.4806417e+03   8.2000000e+05
   3.4800000e+03   8.1929929e+05
   3.4797268e+03   8.1900000e+05
   3.4788164e+03   8.1800000e+05
   3.4779011e+03   8.1700000e+05
   3.4769864e+03   8.1600000e+05
   3.4760694e+03   8.1500000e+05
   3.4751543e+03   8.1400000e+05
   3.4742350e+03   8.1300000e+05
   3.4733105e+03   8.1200000e+05
   3.4723926e+03   8.1100000e+05
   3.4714675e+03   8.1000000e+05
   3.4705464e+03   8.0900000e+05
   3.4700000e+03   8.0841025e+05
   3.4696212e+03   8.0800000e+05
   3.4687038e+03   8.0700000e+05
   3.4677842e+03   8.0600000e+05
   3.4668633e+03   8.0500000e+05
   3.4659419e+03   8.0400000e+05
   3.4650187e+03   8.0300000e+05
   3.4640933e+03   8.0200000e+05
   3.4631685e+03   8.0100000e+05
   3.4622420e+03   8.0000000e+05
   3.4613175e+03   7.9900000e+05
   3.4603914e+03   7.9800000e+05
   3.4600000e+03   7.9757842e+05
   3.4594641e+03   7.9700000e+05
   3.4585377e+03   7.9600000e+05
   3.4576106e+03   7.9500000e+05
   3.4566821e+03   7.9400000e+05
   3.4557541e+03   7.9300000e+05
   3.4548238e+03   7.9200000e+05
   3.4538936e+03   7.9100000e+05
   3.4529639e+03   7.9000000e+05
   3.4520325e+03   7.8900000e+05
   3.4511008e+03   7.8800000e+05
   3.4501669e+03   7.8700000e+05
   3.4500000e+03   7.8682118e+05
   3.4492348e+03   7.8600000e+05
   3.4482935e+03   7.8500000e+05
   3.4473625e+03   7.8400000e+05
   3.4464287e+03   7.8300000e+05
   3.4454934e+03   7.8200000e+05
   3.4445575e+03   7.8100000e+05
   3.4436190e+03   7.8000000e+05
   3.4426828e+03   7.7900000e+05
   3.4417409e+03   7.7800000e+05
   3.4407990e+03   7.7700000e+05
   3.4400000e+03   7.7615177e+05
   3.4398576e+03   7.7600000e+05
   3.4389192e+03   7.7500000e+05
   3.4379804e+03   7.7400000e+05
   3.4370410e+03   7.7300000e+05
   3.4360994e+03   7.7200000e+05
   3.4351593e+03   7.7100000e+05
   3.4342131e+03   7.7000000e+05
   3.4332711e+03   7.6900000e+05
   3.4323263e+03   7.6800000e+05
   3.4313812e+03   7.6700000e+05
   3.4304365e+03   7.6600000e+05
   3.4300000e+03   7.6553904e+05
   3.4294909e+03   7.6500000e+05
   3.4285465e+03   7.6400000e+05
   3.4276021e+03   7.6300000e+05
   3.4266532e+03   7.6200000e+05
   3.4257063e+03   7.6100000e+05
   3.4247582e+03   7.6000000e+05
   3.4238089e+03   7.5900000e+05
   3.4228596e+03   7.5800000e+05
   3.4219098e+03   7.5700000e+05
   3.4209553e+03   7.5600000e+05
   3.4200036e+03   7.5500000e+05
   3.4200000e+03   7.5499621e+05
   3.4190544e+03   7.5400000e+05
   3.4181025e+03   7.5300000e+05
   3.4171488e+03   7.5200000e+05
   3.4161934e+03   7.5100000e+05
   3.4152400e+03   7.5000000e+05
   3.4142862e+03   7.4900000e+05
   3.4133289e+03   7.4800000e+05
   3.4123726e+03   7.4700000e+05
   3.4114111e+03   7.4600000e+05
   3.4104522e+03   7.4500000e+05
   3.4100000e+03   7.4452847e+05
   3.4094949e+03   7.4400000e+05
   3.4085356e+03   7.4300000e+05
   3.4075745e+03   7.4200000e+05
   3.4066184e+03   7.4100000e+05
   3.4056574e+03   7.4000000e+05
   3.4046942e+03   7.3900000e+05
   3.4037325e+03   7.3800000e+05
   3.4027700e+03   7.3700000e+05
   3.4018086e+03   7.3600000e+05
   3.4008470e+03   7.3500000e+05
   3.4000000e+03   7.3412129e+05
   3.3998834e+03   7.3400000e+05
   3.3989215e+03   7.3300000e+05
   3.3979587e+03   7.3200000e+05
   3.3969798e+03   7.3100000e+05
   3.3960121e+03   7.3000000e+05
   3.3950449e+03   7.2900000e+05
   3.3940815e+03   7.2800000e+05
   3.3931127e+03   7.2700000e+05
   3.3921392e+03   7.2600000e+05
   3.3911713e+03   7.2500000e+05
   3.3901957e+03   7.2400000e+05
   3.3900000e+03   7.2379908e+05
   3.3892241e+03   7.2300000e+05
   3.3882536e+03   7.2200000e+05
   3.3872835e+03   7.2100000e+05
   3.3863104e+03   7.2000000e+05
   3.3853374e+03   7.1900000e+05
   3.3843629e+03   7.1800000e+05
   3.3833883e+03   7.1700000e+05
   3.3824118e+03   7.1600000e+05
   3.3814287e+03   7.1500000e+05
   3.3804502e+03   7.1400000e+05
   3.3800000e+03   7.1353985e+05
   3.3794736e+03   7.1300000e+05
   3.3784959e+03   7.1200000e+05
   3.3775181e+03   7.1100000e+05
   3.3765404e+03   7.1000000e+05
   3.3755612e+03   7.0900000e+05
   3.3745810e+03   7.0800000e+05
   3.3735982e+03   7.0700000e+05
   3.3726168e+03   7.0600000e+05
   3.3716322e+03   7.0500000e+05
   3.3706471e+03   7.0400000e+05
   3.3700000e+03   7.0334318e+05
   3.3696627e+03   7.0300000e+05
   3.3686776e+03   7.0200000e+05
   3.3676904e+03   7.0100000e+05
   3.3667036e+03   7.0000000e+05
   3.3657163e+03   6.9900000e+05
   3.3647302e+03   6.9800000e+05
   3.3637410e+03   6.9700000e+05
   3.3627505e+03   6.9600000e+05
   3.3617600e+03   6.9500000e+05
   3.3607671e+03   6.9400000e+05
   3.3600000e+03   6.9322370e+05
   3.3597797e+03   6.9300000e+05
   3.3587851e+03   6.9200000e+05
   3.3577950e+03   6.9100000e+05
   3.3568044e+03   6.9000000e+05
   3.3558114e+03   6.8900000e+05
   3.3548167e+03   6.8800000e+05
   3.3538203e+03   6.8700000e+05
   3.3528253e+03   6.8600000e+05
   3.3518272e+03   6.8500000e+05
   3.3508298e+03   6.8400000e+05
   3.3500000e+03   6.8317017e+05
   3.3498304e+03   6.8300000e+05
   3.3488335e+03   6.8200000e+05
   3.3478361e+03   6.8100000e+05
   3.3468364e+03   6.8000000e+05
   3.3458366e+03   6.7900000e+05
   3.3448369e+03   6.7800000e+05
   3.3438341e+03   6.7700000e+05
   3.3428318e+03   6.7600000e+05
   3.3418305e+03   6.7500000e+05
   3.3408264e+03   6.7400000e+05
   3.3400000e+03   6.7317881e+05
   3.3398205e+03   6.7300000e+05
   3.3388116e+03   6.7200000e+05
   3.3378065e+03   6.7100000e+05
   3.3367998e+03   6.7000000e+05
   3.3357946e+03   6.6900000e+05
   3.3347880e+03   6.6800000e+05
   3.3337789e+03   6.6700000e+05
   3.3327685e+03   6.6600000e+05
   3.3317581e+03   6.6500000e+05
   3.3307476e+03   6.6400000e+05
   3.3300000e+03   6.6326202e+05
   3.3297351e+03   6.6300000e+05
   3.3287245e+03   6.6200000e+05
   3.3277112e+03   6.6100000e+05
   3.3266979e+03   6.6000000e+05
   3.3256832e+03   6.5900000e+05
   3.3246663e+03   6.5800000e+05
   3.3236510e+03   6.5700000e+05
   3.3226342e+03   6.5600000e+05
   3.3216168e+03   6.5500000e+05
   3.3205971e+03   6.5400000e+05
   3.3200000e+03   6.5341645e+05
   3.3195753e+03   6.5300000e+05
   3.3185578e+03   6.5200000e+05
   3.3175379e+03   6.5100000e+05
   3.3165171e+03   6.5000000e+05
   3.3154976e+03   6.4900000e+05
   3.3144756e+03   6.4800000e+05
   3.3134518e+03   6.4700000e+05
   3.3124243e+03   6.4600000e+05
   3.3114061e+03   6.4500000e+05
   3.3103795e+03   6.4400000e+05
   3.3100000e+03   6.4363140e+05
   3.3093513e+03   6.4300000e+05
   3.3083243e+03   6.4200000e+05
   3.3072978e+03   6.4100000e+05
   3.3062709e+03   6.4000000e+05
   3.3052440e+03   6.3900000e+05
   3.3042145e+03   6.3800000e+05
   3.3031842e+03   6.3700000e+05
   3.3021522e+03   6.3600000e+05
   3.3011183e+03   6.3500000e+05
   3.3000862e+03   6.3400000e+05
   3.3000000e+03   6.3391666e+05
   3.2990550e+03   6.3300000e+05
   3.2980215e+03   6.3200000e+05
   3.2969880e+03   6.3100000e+05
   3.2959534e+03   6.3000000e+05
   3.2949171e+03   6.2900000e+05
   3.2938787e+03   6.2800000e+05
   3.2928396e+03   6.2700000e+05
   3.2918006e+03   6.2600000e+05
   3.2907626e+03   6.2500000e+05
   3.2900000e+03   6.2426831e+05
   3.2897209e+03   6.2400000e+05
   3.2886809e+03   6.2300000e+05
   3.2876408e+03   6.2200000e+05
   3.2866008e+03   6.2100000e+05
   3.2855556e+03   6.2000000e+05
   3.2845118e+03   6.1900000e+05
   3.2834685e+03   6.1800000e+05
   3.2824232e+03   6.1700000e+05
   3.2813759e+03   6.1600000e+05
   3.2803292e+03   6.1500000e+05
   3.2800000e+03   6.1468545e+05
   3.2792842e+03   6.1400000e+05
   3.2782336e+03   6.1300000e+05
   3.2771857e+03   6.1200000e+05
   3.2761390e+03   6.1100000e+05
   3.2750891e+03   6.1000000e+05
   3.2740361e+03   6.0900000e+05
   3.2729850e+03   6.0800000e+05
   3.2719313e+03   6.0700000e+05
   3.2708730e+03   6.0600000e+05
   3.2700000e+03   6.0517750e+05
   3.2698124e+03   6.0500000e+05
   3.2687604e+03   6.0400000e+05
   3.2677065e+03   6.0300000e+05
   3.2666514e+03   6.0200000e+05
   3.2655955e+03   6.0100000e+05
   3.2645373e+03   6.0000000e+05
   3.2634802e+03   5.9900000e+05
   3.2624187e+03   5.9800000e+05
   3.2613559e+03   5.9700000e+05
   3.2602937e+03   5.9600000e+05
   3.2600000e+03   5.9572408e+05
   3.2592316e+03   5.9500000e+05
   3.2581688e+03   5.9400000e+05
   3.2571049e+03   5.9300000e+05
   3.2560425e+03   5.9200000e+05
   3.2549742e+03   5.9100000e+05
   3.2539110e+03   5.9000000e+05
   3.2528471e+03   5.8900000e+05
   3.2517771e+03   5.8800000e+05
   3.2507064e+03   5.8700000e+05
   3.2500000e+03   5.8634199e+05
   3.2496339e+03   5.8600000e+05
   3.2485636e+03   5.8500000e+05
   3.2474939e+03   5.8400000e+05
   3.2464238e+03   5.8300000e+05
   3.2453524e+03   5.8200000e+05
   3.2442772e+03   5.8100000e+05
   3.2432035e+03   5.8000000e+05
   3.2421283e+03   5.7900000e+05
   3.2410529e+03   5.7800000e+05
   3.2400000e+03   5.7702269e+05
   3.2399756e+03   5.7700000e+05
   3.2389012e+03   5.7600000e+05
   3.2378198e+03   5.7500000e+05
   3.2367415e+03   5.7400000e+05
   3.2356615e+03   5.7300000e+05
   3.2345839e+03   5.7200000e+05
   3.2334972e+03   5.7100000e+05
   3.2324152e+03   5.7000000e+05
   3.2313333e+03   5.6900000e+05
   3.2302478e+03   5.6800000e+05
   3.2300000e+03   5.6777184e+05
   3.2291635e+03   5.6700000e+05
   3.2280798e+03   5.6600000e+05
   3.2269926e+03   5.6500000e+05
   3.2259043e+03   5.6400000e+05
   3.2248174e+03   5.6300000e+05
   3.2237270e+03   5.6200000e+05
   3.2226384e+03   5.6100000e+05
   3.2215457e+03   5.6000000e+05
   3.2204501e+03   5.5900000e+05
   3.2200000e+03   5.5858678e+05
   3.2193624e+03   5.5800000e+05
   3.2182707e+03   5.5700000e+05
   3.2171780e+03   5.5600000e+05
   3.2160819e+03   5.5500000e+05
   3.2149858e+03   5.5400000e+05
   3.2138878e+03   5.5300000e+05
   3.2127897e+03   5.5200000e+05
   3.2116917e+03   5.5100000e+05
   3.2105863e+03   5.5000000e+05
   3.2100000e+03   5.4946742e+05
   3.2094871e+03   5.4900000e+05
   3.2083882e+03   5.4800000e+05
   3.2072883e+03   5.4700000e+05
   3.2061863e+03   5.4600000e+05
   3.2050831e+03   5.4500000e+05
   3.2039789e+03   5.4400000e+05
   3.2028726e+03   5.4300000e+05
   3.2017667e+03   5.4200000e+05
   3.2006584e+03   5.4100000e+05
   3.2000000e+03   5.4040599e+05
   3.1995509e+03   5.4000000e+05
   3.1984448e+03   5.3900000e+05
   3.1973307e+03   5.3800000e+05
   3.1962183e+03   5.3700000e+05
   3.1951075e+03   5.3600000e+05
   3.1939949e+03   5.3500000e+05
   3.1928828e+03   5.3400000e+05
   3.1917687e+03   5.3300000e+05
   3.1906530e+03   5.3200000e+05
   3.1900000e+03   5.3141611e+05
   3.1895354e+03   5.3100000e+05
   3.1884191e+03   5.3000000e+05
   3.1873010e+03   5.2900000e+05
   3.1861834e+03   5.2800000e+05
   3.1850639e+03   5.2700000e+05
   3.1839440e+03   5.2600000e+05
   3.1828198e+03   5.2500000e+05
   3.1816968e+03   5.2400000e+05
   3.1805742e+03   5.2300000e+05
   3.1800000e+03   5.2248937e+05
   3.1794510e+03   5.2200000e+05
   3.1783272e+03   5.2100000e+05
   3.1772014e+03   5.2000000e+05
   3.1760732e+03   5.1900000e+05
   3.1749491e+03   5.1800000e+05
   3.1738125e+03   5.1700000e+05
   3.1726820e+03   5.1600000e+05
   3.1715501e+03   5.1500000e+05
   3.1704171e+03   5.1400000e+05
   3.1700000e+03   5.1363268e+05
   3.1692843e+03   5.1300000e+05
   3.1681530e+03   5.1200000e+05
   3.1670210e+03   5.1100000e+05
   3.1658884e+03   5.1000000e+05
   3.1647529e+03   5.0900000e+05
   3.1636140e+03   5.0800000e+05
   3.1624744e+03   5.0700000e+05
   3.1613333e+03   5.0600000e+05
   3.1601923e+03   5.0500000e+05
   3.1600000e+03   5.0483190e+05
   3.1590522e+03   5.0400000e+05
   3.1579133e+03   5.0300000e+05
   3.1567726e+03   5.0200000e+05
   3.1556289e+03   5.0100000e+05
   3.1544838e+03   5.0000000e+05
   3.1533390e+03   4.9900000e+05
   3.1521910e+03   4.9800000e+05
   3.1510421e+03   4.9700000e+05
   3.1500000e+03   4.9609290e+05
   3.1498936e+03   4.9600000e+05
   3.1487459e+03   4.9500000e+05
   3.1475983e+03   4.9400000e+05
   3.1464466e+03   4.9300000e+05
   3.1452932e+03   4.9200000e+05
   3.1441397e+03   4.9100000e+05
   3.1429852e+03   4.9000000e+05
   3.1418290e+03   4.8900000e+05
   3.1406704e+03   4.8800000e+05
   3.1400000e+03   4.8742278e+05
   3.1395108e+03   4.8700000e+05
   3.1383617e+03   4.8600000e+05
   3.1371992e+03   4.8500000e+05
   3.1360372e+03   4.8400000e+05
   3.1348771e+03   4.8300000e+05
   3.1337120e+03   4.8200000e+05
   3.1325469e+03   4.8100000e+05
   3.1313819e+03   4.8000000e+05
   3.1302168e+03   4.7900000e+05
   3.1300000e+03   4.7881427e+05
   3.1290530e+03   4.7800000e+05
   3.1278877e+03   4.7700000e+05
   3.1267199e+03   4.7600000e+05
   3.1255507e+03   4.7500000e+05
   3.1243808e+03   4.7400000e+05
   3.1232085e+03   4.7300000e+05
   3.1220361e+03   4.7200000e+05
   3.1208591e+03   4.7100000e+05
   3.1200000e+03   4.7027036e+05
   3.1196831e+03   4.7000000e+05
   3.1185110e+03   4.6900000e+05
   3.1173377e+03   4.6800000e+05
   3.1161621e+03   4.6700000e+05
   3.1149840e+03   4.6600000e+05
   3.1138044e+03   4.6500000e+05
   3.1126248e+03   4.6400000e+05
   3.1114445e+03   4.6300000e+05
   3.1102607e+03   4.6200000e+05
   3.1100000e+03   4.6177980e+05
   3.1090793e+03   4.6100000e+05
   3.1078943e+03   4.6000000e+05
   3.1067067e+03   4.5900000e+05
   3.1055225e+03   4.5800000e+05
   3.1043331e+03   4.5700000e+05
   3.1031423e+03   4.5600000e+05
   3.1019533e+03   4.5500000e+05
   3.1007656e+03   4.5400000e+05
   3.1000000e+03   4.5335747e+05
   3.0995751e+03   4.5300000e+05
   3.0983816e+03   4.5200000e+05
   3.0971884e+03   4.5100000e+05
   3.0959903e+03   4.5000000e+05
   3.0947953e+03   4.4900000e+05
   3.0935978e+03   4.4800000e+05
   3.0923975e+03   4.4700000e+05
   3.0911958e+03   4.4600000e+05
   3.0900000e+03   4.4500530e+05
   3.0899937e+03   4.4500000e+05
   3.0887969e+03   4.4400000e+05
   3.0875972e+03   4.4300000e+05
   3.0863945e+03   4.4200000e+05
   3.0851900e+03   4.4100000e+05
   3.0839827e+03   4.4000000e+05
   3.0827763e+03   4.3900000e+05
   3.0815700e+03   4.3800000e+05
   3.0803554e+03   4.3700000e+05
   3.0800000e+03   4.3670661e+05
   3.0791471e+03   4.3600000e+05
   3.0779392e+03   4.3500000e+05
   3.0767291e+03   4.3400000e+05
   3.0755150e+03   4.3300000e+05
   3.0743004e+03   4.3200000e+05
   3.0730845e+03   4.3100000e+05
   3.0718657e+03   4.3000000e+05
   3.0706453e+03   4.2900000e+05
   3.0700000e+03   4.2846913e+05
   3.0694315e+03   4.2800000e+05
   3.0682125e+03   4.2700000e+05
   3.0669911e+03   4.2600000e+05
   3.0657684e+03   4.2500000e+05
   3.0645450e+03   4.2400000e+05
   3.0633207e+03   4.2300000e+05
   3.0620938e+03   4.2200000e+05
   3.0608668e+03   4.2100000e+05
   3.0600000e+03   4.2029494e+05
   3.0596386e+03   4.2000000e+05
   3.0584133e+03   4.1900000e+05
   3.0571840e+03   4.1800000e+05
   3.0559533e+03   4.1700000e+05
   3.0547209e+03   4.1600000e+05
   3.0534877e+03   4.1500000e+05
   3.0522510e+03   4.1400000e+05
   3.0510114e+03   4.1300000e+05
   3.0500000e+03   4.1218342e+05
   3.0497736e+03   4.1200000e+05
   3.0485371e+03   4.1100000e+05
   3.0473018e+03   4.1000000e+05
   3.0460626e+03   4.0900000e+05
   3.0448217e+03   4.0800000e+05
   3.0435769e+03   4.0700000e+05
   3.0423310e+03   4.0600000e+05
   3.0410848e+03   4.0500000e+05
   3.0400000e+03   4.0413070e+05
   3.0398375e+03   4.0400000e+05
   3.0385939e+03   4.0300000e+05
   3.0373480e+03   4.0200000e+05
   3.0360983e+03   4.0100000e+05
   3.0348480e+03   4.0000000e+05
   3.0338055e+03   3.9900000e+05
   3.0325514e+03   3.9800000e+05
   3.0312979e+03   3.9700000e+05
   3.0300427e+03   3.9600000e+05
   3.0300000e+03   3.9596611e+05
   3.0287873e+03   3.9500000e+05
   3.0275321e+03   3.9400000e+05
   3.0262737e+03   3.9300000e+05
   3.0250147e+03   3.9200000e+05
   3.0237516e+03   3.9100000e+05
   3.0224874e+03   3.9000000e+05
   3.0212189e+03   3.8900000e+05
   3.0200000e+03   3.8803608e+05
   3.0199545e+03   3.8800000e+05
   3.0186861e+03   3.8700000e+05
   3.0174199e+03   3.8600000e+05
   3.0161575e+03   3.8500000e+05
   3.0148853e+03   3.8400000e+05
   3.0136136e+03   3.8300000e+05
   3.0123380e+03   3.8200000e+05
   3.0110657e+03   3.8100000e+05
   3.0100000e+03   3.8016576e+05
   3.0097889e+03   3.8000000e+05
   3.0085084e+03   3.7900000e+05
   3.0072331e+03   3.7800000e+05
   3.0059561e+03   3.7700000e+05
   3.0046774e+03   3.7600000e+05
   3.0033970e+03   3.7500000e+05
   3.0021144e+03   3.7400000e+05
   3.0008264e+03   3.7300000e+05
   3.0000000e+03   3.7235603e+05
   2.9995447e+03   3.7200000e+05
   2.9982603e+03   3.7100000e+05
   2.9969707e+03   3.7000000e+05
   2.9956839e+03   3.6900000e+05
   2.9943922e+03   3.6800000e+05
   2.9931011e+03   3.6700000e+05
   2.9918069e+03   3.6600000e+05
   2.9905139e+03   3.6500000e+05
   2.9900000e+03   3.6460574e+05
   2.9892131e+03   3.6400000e+05
   2.9879186e+03   3.6300000e+05
   2.9866225e+03   3.6200000e+05
   2.9853248e+03   3.6100000e+05
   2.9840204e+03   3.6000000e+05
   2.9827187e+03   3.5900000e+05
   2.9814153e+03   3.5800000e+05
   2.9801080e+03   3.5700000e+05
   2.9800000e+03   3.5691739e+05
   2.9788048e+03   3.5600000e+05
   2.9775002e+03   3.5500000e+05
   2.9761939e+03   3.5400000e+05
   2.9748860e+03   3.5300000e+05
   2.9735750e+03   3.5200000e+05
   2.9722576e+03   3.5100000e+05
   2.9709431e+03   3.5000000e+05
   2.9700000e+03   3.4928390e+05
   2.9696272e+03   3.4900000e+05
   2.9683114e+03   3.4800000e+05
   2.9669942e+03   3.4700000e+05
   2.9656753e+03   3.4600000e+05
   2.9643547e+03   3.4500000e+05
   2.9630309e+03   3.4400000e+05
   2.9617070e+03   3.4300000e+05
   2.9603831e+03   3.4200000e+05
   2.9600000e+03   3.4171103e+05
   2.9590609e+03   3.4100000e+05
   2.9577357e+03   3.4000000e+05
   2.9564060e+03   3.3900000e+05
   2.9550740e+03   3.3800000e+05
   2.9537426e+03   3.3700000e+05
   2.9524033e+03   3.3600000e+05
   2.9510668e+03   3.3500000e+05
   2.9500000e+03   3.3420179e+05
   2.9497315e+03   3.3400000e+05
   2.9483939e+03   3.3300000e+05
   2.9470571e+03   3.3200000e+05
   2.9457195e+03   3.3100000e+05
   2.9443787e+03   3.3000000e+05
   2.9430380e+03   3.2900000e+05
   2.9416962e+03   3.2800000e+05
   2.9403505e+03   3.2700000e+05
   2.9400000e+03   3.2673987e+05
   2.9390059e+03   3.2600000e+05
   2.9376533e+03   3.2500000e+05
   2.9362994e+03   3.2400000e+05
   2.9349471e+03   3.2300000e+05
   2.9335969e+03   3.2200000e+05
   2.9322406e+03   3.2100000e+05
   2.9308808e+03   3.2000000e+05
   2.9300000e+03   3.1935035e+05
   2.9295267e+03   3.1900000e+05
   2.9281716e+03   3.1800000e+05
   2.9268128e+03   3.1700000e+05
   2.9254535e+03   3.1600000e+05
   2.9240911e+03   3.1500000e+05
   2.9227270e+03   3.1400000e+05
   2.9213556e+03   3.1300000e+05
   2.9200000e+03   3.1201082e+05
   2.9199852e+03   3.1200000e+05
   2.9186178e+03   3.1100000e+05
   2.9172429e+03   3.1000000e+05
   2.9158737e+03   3.0900000e+05
   2.9145052e+03   3.0800000e+05
   2.9131313e+03   3.0700000e+05
   2.9117533e+03   3.0600000e+05
   2.9103726e+03   3.0500000e+05
   2.9100000e+03   3.0472980e+05
   2.9089965e+03   3.0400000e+05
   2.9076177e+03   3.0300000e+05
   2.9062372e+03   3.0200000e+05
   2.9048596e+03   3.0100000e+05
   2.9030511e+03   3.0000000e+05
   2.9000000e+03   2.9915514e+05
   2.8994457e+03   2.9900000e+05
   2.8962052e+03   2.9800000e+05
   2.8934671e+03   2.9700000e+05
   2.8917796e+03   2.9600000e+05
   2.8901023e+03   2.9500000e+05
   2.8900000e+03   2.9494304e+05
   2.8882942e+03   2.9400000e+05
   2.8865165e+03   2.9300000e+05
   2.8847409e+03   2.9200000e+05
   2.8829260e+03   2.9100000e+05
   2.8810464e+03   2.9000000e+05
   2.8800000e+03   2.8944444e+05
   2.8791701e+03   2.8900000e+05
   2.8772035e+03   2.8800000e+05
   2.8751763e+03   2.8700000e+05
   2.8729703e+03   2.8600000e+05
   2.8709674e+03   2.8500000e+05
   2.8700000e+03   2.8453867e+05
   2.8688875e+03   2.8400000e+05
   2.8667728e+03   2.8300000e+05
   2.8645121e+03   2.8200000e+05
   2.8621516e+03   2.8100000e+05
   2.8600000e+03   2.8011599e+05
   2.8597178e+03   2.8000000e+05
   2.8569652e+03   2.7900000e+05
   2.8545178e+03   2.7800000e+05
   2.8519061e+03   2.7700000e+05
   2.8500000e+03   2.7629413e+05
   2.8492174e+03   2.7600000e+05
   2.8463634e+03   2.7500000e+05
   2.8433791e+03   2.7400000e+05
   2.8400425e+03   2.7300000e+05
   2.8400000e+03   2.7298797e+05
   2.8365748e+03   2.7200000e+05
   2.8332399e+03   2.7100000e+05
   2.8300000e+03   2.7031823e+05
   2.8284693e+03   2.7000000e+05
   2.8251808e+03   2.6900000e+05
   2.8212630e+03   2.6800000e+05
   2.8200000e+03   2.6773572e+05
   2.8170709e+03   2.6700000e+05
   2.8136632e+03   2.6600000e+05
   2.8100000e+03   2.6539093e+05
   2.8076385e+03   2.6500000e+05
   2.8029394e+03   2.6400000e+05
   2.8000000e+03   2.6300635e+05
   2.7999808e+03   2.6300000e+05
   2.7943298e+03   2.6200000e+05
   2.7900000e+03   2.6119068e+05
   2.7890418e+03   2.6100000e+05
   2.7830988e+03   2.6000000e+05
   2.7800000e+03   2.5950963e+05
   2.7767932e+03   2.5900000e+05
   2.7702370e+03   2.5800000e+05
   2.7700000e+03   2.5796834e+05
   2.7626070e+03   2.5700000e+05
   2.7600000e+03   2.5671730e+05
   2.7546394e+03   2.5600000e+05
   2.7500000e+03   2.5563891e+05
   2.7444126e+03   2.5500000e+05
   2.7400000e+03   2.5445396e+05
   2.7333742e+03   2.5400000e+05
   2.7300000e+03   2.5350590e+05
   2.7267635e+03   2.5300000e+05
   2.7200000e+03   2.5214102e+05
   2.7188972e+03   2.5200000e+05
   2.7120601e+03   2.5100000e+05
   2.7100000e+03   2.5072706e+05
   2.7045827e+03   2.5000000e+05
   2.7011540e+03   2.4900000e+05
   2.7000400e+03   2.4800000e+05
   2.7000000e+03   2.4796440e+05
   2.6989212e+03   2.4700000e+05
   2.6978070e+03   2.4600000e+05
   2.6966877e+03   2.4500000e+05
   2.6955676e+03   2.4400000e+05
   2.6944437e+03   2.4300000e+05
   2.6933181e+03   2.4200000e+05
   2.6921892e+03   2.4100000e+05
   2.6910580e+03   2.4000000e+05
   2.6900000e+03   2.3906641e+05
   2.6899250e+03   2.3900000e+05
   2.6887880e+03   2.3800000e+05
   2.6876548e+03   2.3700000e+05
   2.6865168e+03   2.3600000e+05
   2.6853779e+03   2.3500000e+05
   2.6842293e+03   2.3400000e+05
   2.6830820e+03   2.3300000e+05
   2.6819351e+03   2.3200000e+05
   2.6807844e+03   2.3100000e+05
   2.6800000e+03   2.3032213e+05
   2.6796286e+03   2.3000000e+05
   2.6784738e+03   2.2900000e+05
   2.6773200e+03   2.2800000e+05
   2.6761585e+03   2.2700000e+05
   2.6749996e+03   2.2600000e+05
   2.6738343e+03   2.2500000e+05
   2.6726647e+03   2.2400000e+05
   2.6714922e+03   2.2300000e+05
   2.6703209e+03   2.2200000e+05
   2.6700000e+03   2.2172699e+05
   2.6691487e+03   2.2100000e+05
   2.6679750e+03   2.2000000e+05
   2.6667936e+03   2.1900000e+05
   2.6656138e+03   2.1800000e+05
   2.6644326e+03   2.1700000e+05
   2.6632470e+03   2.1600000e+05
   2.6620597e+03   2.1500000e+05
   2.6608628e+03   2.1400000e+05
   2.6600000e+03   2.1327718e+05
   2.6596704e+03   2.1300000e+05
   2.6584814e+03   2.1200000e+05
   2.6572851e+03   2.1100000e+05
   2.6560825e+03   2.1000000e+05
   2.6548793e+03   2.0900000e+05
   2.6536762e+03   2.0800000e+05
   2.6524677e+03   2.0700000e+05
   2.6512568e+03   2.0600000e+05
   2.6500412e+03   2.0500000e+05
   2.6500000e+03   2.0496620e+05
   2.6488284e+03   2.0400000e+05
   2.6476115e+03   2.0300000e+05
   2.6463933e+03   2.0200000e+05
   2.6451703e+03   2.0100000e+05
   2.6439409e+03   2.0000000e+05
   2.6427162e+03   1.9900000e+05
   2.6414856e+03   1.9800000e+05
   2.6402506e+03   1.9700000e+05
   2.6400000e+03   1.9679806e+05
   2.6390132e+03   1.9600000e+05
   2.6377775e+03   1.9500000e+05
   2.6365408e+03   1.9400000e+05
   2.6352971e+03   1.9300000e+05
   2.6340484e+03   1.9200000e+05
   2.6327985e+03   1.9100000e+05
   2.6315476e+03   1.9000000e+05
   2.6302915e+03   1.8900000e+05
   2.6300000e+03   1.8876828e+05
   2.6290368e+03   1.8800000e+05
   2.6277752e+03   1.8700000e+05
   2.6265162e+03   1.8600000e+05
   2.6252525e+03   1.8500000e+05
   2.6239831e+03   1.8400000e+05
   2.6227116e+03   1.8300000e+05
   2.6214374e+03   1.8200000e+05
   2.6201622e+03   1.8100000e+05
   2.6200000e+03   1.8087322e+05
   2.6188868e+03   1.8000000e+05
   2.6176062e+03   1.7900000e+05
   2.6163186e+03   1.7800000e+05
   2.6150331e+03   1.7700000e+05
   2.6137465e+03   1.7600000e+05
   2.6124543e+03   1.7500000e+05
   2.6111503e+03   1.7400000e+05
   2.6100000e+03   1.7311786e+05
   2.6098469e+03   1.7300000e+05
   2.6085522e+03   1.7200000e+05
   2.6072504e+03   1.7100000e+05
   2.6059409e+03   1.7000000e+05
   2.6046268e+03   1.6900000e+05
   2.6033133e+03   1.6800000e+05
   2.6019982e+03   1.6700000e+05
   2.6006772e+03   1.6600000e+05
   2.6000000e+03   1.6549010e+05
   2.5993513e+03   1.6500000e+05
   2.5980280e+03   1.6400000e+05
   2.5967032e+03   1.6300000e+05
   2.5953716e+03   1.6200000e+05
   2.5940325e+03   1.6100000e+05
   2.5926959e+03   1.6000000e+05
   2.5913540e+03   1.5900000e+05
   2.5915192e+03   1.5800000e+05
   2.5945894e+03   1.5700000e+05
   2.5968917e+03   1.5600000e+05
   2.5989591e+03   1.5500000e+05
   2.6000000e+03   1.5443869e+05
   2.6008222e+03   1.5400000e+05
   2.6024238e+03   1.5300000e+05
   2.6040784e+03   1.5200000e+05
   2.6053896e+03   1.5100000e+05
   2.6061403e+03   1.5000000e+05
   2.6078781e+03   1.4900000e+05
   2.6089890e+03   1.4800000e+05
   2.6099571e+03   1.4700000e+05
   2.6100000e+03   1.4694557e+05
   2.6107494e+03   1.4600000e+05
   2.6113830e+03   1.4500000e+05
   2.6118699e+03   1.4400000e+05
   2.6122265e+03   1.4300000e+05
   2.6123940e+03   1.4200000e+05
   2.6125535e+03   1.4100000e+05
   2.6125346e+03   1.4000000e+05
   2.6125682e+03   1.3900000e+05
   2.6121527e+03   1.3800000e+05
   2.6120903e+03   1.3700000e+05
   2.6108363e+03   1.3600000e+05
   2.6100000e+03   1.3544181e+05
   2.6093405e+03   1.3500000e+05
   2.6078135e+03   1.3400000e+05
   2.6063064e+03   1.3300000e+05
   2.6047766e+03   1.3200000e+05
   2.6032629e+03   1.3100000e+05
   2.6017181e+03   1.3000000e+05
   2.6001496e+03   1.2900000e+05
   2.6000000e+03   1.2890444e+05
   2.5985898e+03   1.2800000e+05
   2.5969750e+03   1.2700000e+05
   2.5953987e+03   1.2600000e+05
   2.5937656e+03   1.2500000e+05
   2.5921739e+03   1.2400000e+05
   2.5906350e+03   1.2300000e+05
   2.5900000e+03   1.2258998e+05
   2.5890901e+03   1.2200000e+05
   2.5875258e+03   1.2100000e+05
   2.5858224e+03   1.2000000e+05
   2.5842363e+03   1.1900000e+05
   2.5826221e+03   1.1800000e+05
   2.5809515e+03   1.1700000e+05
   2.5800000e+03   1.1637673e+05
   2.5794283e+03   1.1600000e+05
   2.5777837e+03   1.1500000e+05
   2.5761256e+03   1.1400000e+05
   2.5744671e+03   1.1300000e+05
   2.5727887e+03   1.1200000e+05
   2.5710989e+03   1.1100000e+05
   2.5700000e+03   1.1033415e+05
   2.5694500e+03   1.1000000e+05
   2.5676949e+03   1.0900000e+05
   2.5659590e+03   1.0800000e+05
   2.5642685e+03   1.0700000e+05
   2.5625396e+03   1.0600000e+05
   2.5607985e+03   1.0500000e+05
   2.5600000e+03   1.0454559e+05
   2.5590465e+03   1.0400000e+05
   2.5573001e+03   1.0300000e+05
   2.5555235e+03   1.0200000e+05
   2.5537853e+03   1.0100000e+05
   2.5519574e+03   1.0000000e+05
   2.5501228e+03   9.9000000e+04
   2.5500000e+03   9.8932672e+04
   2.5483047e+03   9.8000000e+04
   2.5464667e+03   9.7000000e+04
   2.5446262e+03   9.6000000e+04
   2.5427657e+03   9.5000000e+04
   2.5408859e+03   9.4000000e+04
   2.5400000e+03   9.3528246e+04
   2.5390122e+03   9.3000000e+04
   2.5371223e+03   9.2000000e+04
   2.5352187e+03   9.1000000e+04
   2.5332944e+03   9.0000000e+04
   2.5313361e+03   8.9000000e+04
   2.5300000e+03   8.8315449e+04
   2.5293870e+03   8.8000000e+04
   2.5274044e+03   8.7000000e+04
   2.5254275e+03   8.6000000e+04
   2.5234248e+03   8.5000000e+04
   2.5213954e+03   8.4000000e+04
   2.5200000e+03   8.3313080e+04
   2.5193663e+03   8.3000000e+04
   2.5173206e+03   8.2000000e+04
   2.5152412e+03   8.1000000e+04
   2.5131501e+03   8.0000000e+04
   2.5110422e+03   7.9000000e+04
   2.5100000e+03   7.8511978e+04
   2.5089119e+03   7.8000000e+04
   2.5067711e+03   7.7000000e+04
   2.5046013e+03   7.6000000e+04
   2.5024153e+03   7.5000000e+04
   2.5002087e+03   7.4000000e+04
   2.5000000e+03   7.3907087e+04
   2.4979719e+03   7.3000000e+04
   2.4957163e+03   7.2000000e+04
   2.4934378e+03   7.1000000e+04
   2.4911224e+03   7.0000000e+04
   2.4900000e+03   6.9520150e+04
   2.4887898e+03   6.9000000e+04
   2.4864528e+03   6.8000000e+04
   2.4840465e+03   6.7000000e+04
   2.4816175e+03   6.6000000e+04
   2.4800000e+03   6.5328328e+04
   2.4792165e+03   6.5000000e+04
   2.4767501e+03   6.4000000e+04
   2.4742429e+03   6.3000000e+04
   2.4717098e+03   6.2000000e+04
   2.4700000e+03   6.1340321e+04
   2.4691232e+03   6.1000000e+04
   2.4665207e+03   6.0000000e+04
   2.4638769e+03   5.9000000e+04
   2.4611495e+03   5.8000000e+04
   2.4600000e+03   5.7579935e+04
   2.4584256e+03   5.7000000e+04
   2.4556316e+03   5.6000000e+04
   2.4528622e+03   5.5000000e+04
   2.4500000e+03   5.4013720e+04
   2.4499604e+03   5.4000000e+04
   2.4470443e+03   5.3000000e+04
   2.4440594e+03   5.2000000e+04
   2.4410055e+03   5.1000000e+04
   2.4400000e+03   5.0677899e+04
   2.4379002e+03   5.0000000e+04
   2.4347223e+03   4.9000000e+04
   2.4314680e+03   4.8000000e+04
   2.4300000e+03   4.7578883e+04
   2.4279921e+03   4.7000000e+04
   2.4248009e+03   4.6000000e+04
   2.4213981e+03   4.5000000e+04
   2.4200000e+03   4.4610212e+04
   2.4178209e+03   4.4000000e+04
   2.4138286e+03   4.3000000e+04
   2.4100000e+03   4.2148051e+04
   2.4093527e+03   4.2000000e+04
   2.4065439e+03   4.1000000e+04
   2.4039754e+03   4.0000000e+04
   2.4014751e+03   3.9000000e+04
   2.4000000e+03   3.8407833e+04
   2.3989859e+03   3.8000000e+04
   2.3965678e+03   3.7000000e+04
   2.3940921e+03   3.6000000e+04
   2.3915387e+03   3.5000000e+04
   2.3900000e+03   3.4425317e+04
   2.3888972e+03   3.4000000e+04
   2.3863979e+03   3.3000000e+04
   2.3838476e+03   3.2000000e+04
   2.3854668e+03   3.1000000e+04