   3.4389305e+03   1.3500000e+06
   3.4382026e+03   1.3490000e+06
   3.4374726e+03   1.3480000e+06
   3.4367449e+03   1.3470000e+06
   3.4360161e+03   1.3460000e+06
   3.4352867e+03   1.3450000e+06
   3.4345575e+03   1.3440000e+06
   3.4338258e+03   1.3430000e+06
   3.4330927e+03   1.3420000e+06
   3.4323622e+03   1.3410000e+06
   3.4316295e+03   1.3400000e+06
   3.4308961e+03   1.3390000e+06
   3.4301601e+03   1.3380000e+06
   3.4300000e+03   1.3377818e+06
   3.4294281e+03   1.3370000e+06
   3.4286965e+03   1.3360000e+06
   3.4279633e+03   1.3350000e+06
   3.4272321e+03   1.3340000e+06
   3.4264992e+03   1.3330000e+06
   3.4257655e+03   1.3320000e+06
   3.4250318e+03   1.3310000e+06
   3.4242997e+03   1.3300000e+06
   3.4235662e+03   1.3290000e+06
   3.4228299e+03   1.3280000e+06
   3.4220943e+03   1.3270000e+06
   3.4213579e+03   1.3260000e+06
   3.4206215e+03   1.3250000e+06
   3.4200000e+03   1.3241561e+06
   3.4198855e+03   1.3240000e+06
   3.4191515e+03   1.3230000e+06
   3.4184224e+03   1.3220000e+06
   3.4176872e+03   1.3210000e+06
   3.4169385e+03   1.3200000e+06
   3.4162104e+03   1.3190000e+06
   3.4154856e+03   1.3180000e+06
   3.4147514e+03   1.3170000e+06
   3.4140404e+03   1.3160000e+06
   3.4133047e+03   1.3150000e+06
   3.4126122e+03   1.3140000e+06
   3.4119233e+03   1.3130000e+06
   3.4111886e+03   1.3120000e+06
   3.4104513e+03   1.3110000e+06
   3.4100000e+03   1.3103857e+06
   3.4097156e+03   1.3100000e+06
   3.4089760e+03   1.3090000e+06
   3.4082362e+03   1.3080000e+06
   3.4074985e+03   1.3070000e+06
   3.4067586e+03   1.3060000e+06
   3.4060159e+03   1.3050000e+06
   3.4052760e+03   1.3040000e+06
   3.4045348e+03   1.3030000e+06
   3.4037914e+03   1.3020000e+06
   3.4030491e+03   1.3010000e+06
   3.4023069e+03   1.3000000e+06
   3.4015628e+03   1.2990000e+06
   3.4008197e+03   1.2980000e+06
   3.4000748e+03   1.2970000e+06
   3.4000000e+03   1.2968996e+06
   3.3993316e+03   1.2960000e+06
   3.3985883e+03   1.2950000e+06
   3.3978452e+03   1.2940000e+06
   3.3971001e+03   1.2930000e+06
   3.3963562e+03   1.2920000e+06
   3.3956104e+03   1.2910000e+06
   3.3948660e+03   1.2900000e+06
   3.3941192e+03   1.2890000e+06
   3.3933738e+03   1.2880000e+06
   3.3926277e+03   1.2870000e+06
   3.3918824e+03   1.2860000e+06
   3.3911450e+03   1.2850000e+06
   3.3904053e+03   1.2840000e+06
   3.3900000e+03   1.2834598e+06
   3.3896576e+03   1.2830000e+06
   3.3889158e+03   1.2820000e+06
   3.3881839e+03   1.2810000e+06
   3.3874489e+03   1.2800000e+06
   3.3867052e+03   1.2790000e+06
   3.3859612e+03   1.2780000e+06
   3.3852231e+03   1.2770000e+06
   3.3844759e+03   1.2760000e+06
   3.3837230e+03   1.2750000e+06
   3.3827371e+03   1.2740000e+06
   3.3809911e+03   1.2730000e+06
   3.3800000e+03   1.2725813e+06
   3.3787827e+03   1.2720000e+06
   3.3765704e+03   1.2710000e+06
   3.3744172e+03   1.2700000e+06
   3.3722512e+03   1.2690000e+06
   3.3700339e+03   1.2680000e+06
   3.3700000e+03   1.2679837e+06
   3.3679834e+03   1.2670000e+06
   3.3665104e+03   1.2660000e+06
   3.3640410e+03   1.2650000e+06
   3.3621890e+03   1.2640000e+06
   3.3600992e+03   1.2630000e+06
   3.3600000e+03   1.2629502e+06
   3.3581194e+03   1.2620000e+06
   3.3561136e+03   1.2610000e+06
   3.3543192e+03   1.2600000e+06
   3.3525689e+03   1.2590000e+06
   3.3509870e+03   1.2580000e+06
   3.3500000e+03   1.2574347e+06
   3.3492240e+03   1.2570000e+06
   3.3474791e+03   1.2560000e+06
   3.3457002e+03   1.2550000e+06
   3.3439998e+03   1.2540000e+06
   3.3424574e+03   1.2530000e+06
   3.3410320e+03   1.2520000e+06
   3.3400000e+03   1.2513025e+06
   3.3395488e+03   1.2510000e+06
   3.3380487e+03   1.2500000e+06
   3.3364998e+03   1.2490000e+06
   3.3352802e+03   1.2480000e+06
   3.3336086e+03   1.2470000e+06
   3.3322799e+03   1.2460000e+06
   3.3311056e+03   1.2450000e+06
   3.3300467e+03   1.2440000e+06
   3.3300000e+03   1.2439674e+06
   3.3284080e+03   1.2430000e+06
   3.3272788e+03   1.2420000e+06
   3.3257838e+03   1.2410000e+06
   3.3246321e+03   1.2400000e+06
   3.3234467e+03   1.2390000e+06
   3.3217495e+03   1.2380000e+06
   3.3210349e+03   1.2370000e+06
   3.3200000e+03   1.2360580e+06
   3.3199365e+03   1.2360000e+06
   3.3190490e+03   1.2350000e+06
   3.3184163e+03   1.2340000e+06
   3.3177847e+03   1.2330000e+06
   3.3171543e+03   1.2320000e+06
   3.3165207e+03   1.2310000e+06
   3.3158836e+03   1.2300000e+06
   3.3152521e+03   1.2290000e+06
   3.3146187e+03   1.2280000e+06
   3.3139847e+03   1.2270000e+06
   3.3133424e+03   1.2260000e+06
   3.3127092e+03   1.2250000e+06
   3.3120704e+03   1.2240000e+06
   3.3114335e+03   1.2230000e+06
   3.3107966e+03   1.2220000e+06
   3.3101571e+03   1.2210000e+06
   3.3100000e+03   1.2207534e+06
   3.3095216e+03   1.2200000e+06
   3.3088863e+03   1.2190000e+06
   3.3082485e+03   1.2180000e+06
   3.3076106e+03   1.2170000e+06
   3.3069707e+03   1.2160000e+06
   3.3063349e+03   1.2150000e+06
   3.3056982e+03   1.2140000e+06
   3.3050565e+03   1.2130000e+06
   3.3044167e+03   1.2120000e+06
   3.3037785e+03   1.2110000e+06
   3.3031332e+03   1.2100000e+06
   3.3024992e+03   1.2090000e+06
   3.3018564e+03   1.2080000e+06
   3.3012142e+03   1.2070000e+06
   3.3005703e+03   1.2060000e+06
   3.3000000e+03   1.2051169e+06
   3.2999248e+03   1.2050000e+06
   3.2992794e+03   1.2040000e+06
   3.2986393e+03   1.2030000e+06
   3.2979992e+03   1.2020000e+06
   3.2973584e+03   1.2010000e+06
   3.2967173e+03   1.2000000e+06
   3.2960747e+03   1.1990000e+06
   3.2954315e+03   1.1980000e+06
   3.2947876e+03   1.1970000e+06
   3.2941450e+03   1.1960000e+06
   3.2935009e+03   1.1950000e+06
   3.2928567e+03   1.1940000e+06
   3.2922129e+03   1.1930000e+06
   3.2915693e+03   1.1920000e+06
   3.2909213e+03   1.1910000e+06
   3.2902782e+03   1.1900000e+06
   3.2900000e+03   1.1895709e+06
   3.2896307e+03   1.1890000e+06
   3.2889868e+03   1.1880000e+06
   3.2883392e+03   1.1870000e+06
   3.2876907e+03   1.1860000e+06
   3.2870448e+03   1.1850000e+06
   3.2863992e+03   1.1840000e+06
   3.2857502e+03   1.1830000e+06
   3.2851025e+03   1.1820000e+06
   3.2844534e+03   1.1810000e+06
   3.2838042e+03   1.1800000e+06
   3.2831542e+03   1.1790000e+06
   3.2825032e+03   1.1780000e+06
   3.2818540e+03   1.1770000e+06
   3.2812022e+03   1.1760000e+06
   3.2805554e+03   1.1750000e+06
   3.2800000e+03   1.1741476e+06
   3.2799041e+03   1.1740000e+06
   3.2792542e+03   1.1730000e+06
   3.2786039e+03   1.1720000e+06
   3.2779538e+03   1.1710000e+06
   3.2773044e+03   1.1700000e+06
   3.2766544e+03   1.1690000e+06
   3.2760045e+03   1.1680000e+06
   3.2753477e+03   1.1670000e+06
   3.2746970e+03   1.1660000e+06
   3.2740378e+03   1.1650000e+06
   3.2733924e+03   1.1640000e+06
   3.2727373e+03   1.1630000e+06
   3.2720838e+03   1.1620000e+06
   3.2714282e+03   1.1610000e+06
   3.2707680e+03   1.1600000e+06
   3.2701101e+03   1.1590000e+06
   3.2700000e+03   1.1588318e+06
   3.2694574e+03   1.1580000e+06
   3.2688002e+03   1.1570000e+06
   3.2681497e+03   1.1560000e+06
   3.2674959e+03   1.1550000e+06
   3.2668459e+03   1.1540000e+06
   3.2661873e+03   1.1530000e+06
   3.2655302e+03   1.1520000e+06
   3.2648754e+03   1.1510000e+06
   3.2642183e+03   1.1500000e+06
   3.2635590e+03   1.1490000e+06
   3.2629018e+03   1.1480000e+06
   3.2622428e+03   1.1470000e+06
   3.2615874e+03   1.1460000e+06
   3.2609248e+03   1.1450000e+06
   3.2602648e+03   1.1440000e+06
   3.2600000e+03   1.1436004e+06
   3.2596028e+03   1.1430000e+06
   3.2589418e+03   1.1420000e+06
   3.2582814e+03   1.1410000e+06
   3.2576211e+03   1.1400000e+06
   3.2569604e+03   1.1390000e+06
   3.2563013e+03   1.1380000e+06
   3.2556393e+03   1.1370000e+06
   3.2549782e+03   1.1360000e+06
   3.2543187e+03   1.1350000e+06
   3.2536544e+03   1.1340000e+06
   3.2529976e+03   1.1330000e+06
   3.2523307e+03   1.1320000e+06
   3.2516654e+03   1.1310000e+06
   3.2510039e+03   1.1300000e+06
   3.2503427e+03   1.1290000e+06
   3.2500000e+03   1.1284834e+06
   3.2496800e+03   1.1280000e+06
   3.2490181e+03   1.1270000e+06
   3.2483535e+03   1.1260000e+06
   3.2476869e+03   1.1250000e+06
   3.2470267e+03   1.1240000e+06
   3.2463600e+03   1.1230000e+06
   3.2456933e+03   1.1220000e+06
   3.2450254e+03   1.1210000e+06
   3.2443589e+03   1.1200000e+06
   3.2436924e+03   1.1190000e+06
   3.2430259e+03   1.1180000e+06
   3.2423554e+03   1.1170000e+06
   3.2416859e+03   1.1160000e+06
   3.2410165e+03   1.1150000e+06
   3.2403495e+03   1.1140000e+06
   3.2400000e+03   1.1134777e+06
   3.2396811e+03   1.1130000e+06
   3.2390138e+03   1.1120000e+06
   3.2383443e+03   1.1110000e+06
   3.2376765e+03   1.1100000e+06
   3.2370073e+03   1.1090000e+06
   3.2363342e+03   1.1080000e+06
   3.2356651e+03   1.1070000e+06
   3.2349953e+03   1.1060000e+06
   3.2343255e+03   1.1050000e+06
   3.2336531e+03   1.1040000e+06
   3.2329799e+03   1.1030000e+06
   3.2323071e+03   1.1020000e+06
   3.2316333e+03   1.1010000e+06
   3.2309607e+03   1.1000000e+06
   3.2302858e+03   1.0990000e+06
   3.2300000e+03   1.0985764e+06
   3.2296122e+03   1.0980000e+06
   3.2289374e+03   1.0970000e+06
   3.2282651e+03   1.0960000e+06
   3.2275940e+03   1.0950000e+06
   3.2269177e+03   1.0940000e+06
   3.2262427e+03   1.0930000e+06
   3.2255704e+03   1.0920000e+06
   3.2248954e+03   1.0910000e+06
   3.2242204e+03   1.0900000e+06
   3.2235454e+03   1.0890000e+06
   3.2228679e+03   1.0880000e+06
   3.2221903e+03   1.0870000e+06
   3.2215123e+03   1.0860000e+06
   3.2208347e+03   1.0850000e+06
   3.2201575e+03   1.0840000e+06
   3.2200000e+03   1.0837665e+06
   3.2194840e+03   1.0830000e+06
   3.2188081e+03   1.0820000e+06
   3.2181234e+03   1.0810000e+06
   3.2174417e+03   1.0800000e+06
   3.2167615e+03   1.0790000e+06
   3.2160753e+03   1.0780000e+06
   3.2153948e+03   1.0770000e+06
   3.2147161e+03   1.0760000e+06
   3.2140344e+03   1.0750000e+06
   3.2133412e+03   1.0740000e+06
   3.2126611e+03   1.0730000e+06
   3.2119910e+03   1.0720000e+06
   3.2113088e+03   1.0710000e+06
   3.2106270e+03   1.0700000e+06
   3.2100000e+03   1.0690841e+06
   3.2099425e+03   1.0690000e+06
   3.2092614e+03   1.0680000e+06
   3.2085825e+03   1.0670000e+06
   3.2078910e+03   1.0660000e+06
   3.2072087e+03   1.0650000e+06
   3.2065285e+03   1.0640000e+06
   3.2058457e+03   1.0630000e+06
   3.2051603e+03   1.0620000e+06
   3.2044723e+03   1.0610000e+06
   3.2037908e+03   1.0600000e+06
   3.2031004e+03   1.0590000e+06
   3.2024109e+03   1.0580000e+06
   3.2017222e+03   1.0570000e+06
   3.2010312e+03   1.0560000e+06
   3.2003425e+03   1.0550000e+06
   3.2000000e+03   1.0544973e+06
   3.1996625e+03   1.0540000e+06
   3.1989781e+03   1.0530000e+06
   3.1982867e+03   1.0520000e+06
   3.1976015e+03   1.0510000e+06
   3.1969075e+03   1.0500000e+06
   3.1962235e+03   1.0490000e+06
   3.1955328e+03   1.0480000e+06
   3.1948424e+03   1.0470000e+06
   3.1941513e+03   1.0460000e+06
   3.1934601e+03   1.0450000e+06
   3.1927720e+03   1.0440000e+06
   3.1920768e+03   1.0430000e+06
   3.1913816e+03   1.0420000e+06
   3.1906827e+03   1.0410000e+06
   3.1900000e+03   1.0400085e+06
   3.1899941e+03   1.0400000e+06
   3.1893003e+03   1.0390000e+06
   3.1886069e+03   1.0380000e+06
   3.1879072e+03   1.0370000e+06
   3.1872159e+03   1.0360000e+06
   3.1865270e+03   1.0350000e+06
   3.1858330e+03   1.0340000e+06
   3.1851412e+03   1.0330000e+06
   3.1844465e+03   1.0320000e+06
   3.1837496e+03   1.0310000e+06
   3.1830493e+03   1.0300000e+06
   3.1822994e+03   1.0290000e+06
   3.1815982e+03   1.0280000e+06
   3.1809009e+03   1.0270000e+06
   3.1802075e+03   1.0260000e+06
   3.1800000e+03   1.0257007e+06
   3.1795146e+03   1.0250000e+06
   3.1788219e+03   1.0240000e+06
   3.1781250e+03   1.0230000e+06
   3.1774364e+03   1.0220000e+06
   3.1767387e+03   1.0210000e+06
   3.1760399e+03   1.0200000e+06
   3.1753431e+03   1.0190000e+06
   3.1746419e+03   1.0180000e+06
   3.1739370e+03   1.0170000e+06
   3.1732480e+03   1.0160000e+06
   3.1725278e+03   1.0150000e+06
   3.1717720e+03   1.0140000e+06
   3.1710669e+03   1.0130000e+06
   3.1703645e+03   1.0120000e+06
   3.1700000e+03   1.0114774e+06
   3.1696692e+03   1.0110000e+06
   3.1689738e+03   1.0100000e+06
   3.1682788e+03   1.0090000e+06
   3.1675779e+03   1.0080000e+06
   3.1668815e+03   1.0070000e+06
   3.1661841e+03   1.0060000e+06
   3.1654899e+03   1.0050000e+06
   3.1647904e+03   1.0040000e+06
   3.1640908e+03   1.0030000e+06
   3.1633922e+03   1.0020000e+06
   3.1626938e+03   1.0010000e+06
   3.1619932e+03   1.0000000e+06
   3.1612261e+03   9.9900000e+05
   3.1605583e+03   9.9800000e+05
   3.1600000e+03   9.9723286e+05
   3.1598304e+03   9.9700000e+05
   3.1591066e+03   9.9600000e+05
   3.1583861e+03   9.9500000e+05
   3.1576723e+03   9.9400000e+05
   3.1569942e+03   9.9300000e+05
   3.1562446e+03   9.9200000e+05
   3.1555409e+03   9.9100000e+05
   3.1548401e+03   9.9000000e+05
   3.1541361e+03   9.8900000e+05
   3.1534336e+03   9.8800000e+05
   3.1527309e+03   9.8700000e+05
   3.1520248e+03   9.8600000e+05
   3.1512870e+03   9.8500000e+05
   3.1505540e+03   9.8400000e+05
   3.1500000e+03   9.8325016e+05
   3.1498156e+03   9.8300000e+05
   3.1490838e+03   9.8200000e+05
   3.1483681e+03   9.8100000e+05
   3.1477196e+03   9.8000000e+05
   3.1469566e+03   9.7900000e+05
   3.1462442e+03   9.7800000e+05
   3.1455755e+03   9.7700000e+05
   3.1448327e+03   9.7600000e+05
   3.1441271e+03   9.7500000e+05
   3.1434144e+03   9.7400000e+05
   3.1426882e+03   9.7300000e+05
   3.1419570e+03   9.7200000e+05
   3.1412196e+03   9.7100000e+05
   3.1405439e+03   9.7000000e+05
   3.1400000e+03   9.6926542e+05
   3.1398037e+03   9.6900000e+05
   3.1390667e+03   9.6800000e+05
   3.1383372e+03   9.6700000e+05
   3.1376208e+03   9.6600000e+05
   3.1369015e+03   9.6500000e+05
   3.1361925e+03   9.6400000e+05
   3.1354709e+03   9.6300000e+05
   3.1347496e+03   9.6200000e+05
   3.1340343e+03   9.6100000e+05
   3.1333108e+03   9.6000000e+05
   3.1325672e+03   9.5900000e+05
   3.1318467e+03   9.5800000e+05
   3.1311229e+03   9.5700000e+05
   3.1304015e+03   9.5600000e+05
   3.1300000e+03   9.5542346e+05
   3.1297052e+03   9.5500000e+05
   3.1289589e+03   9.5400000e+05
   3.1282344e+03   9.5300000e+05
   3.1275099e+03   9.5200000e+05
   3.1267837e+03   9.5100000e+05
   3.1260594e+03   9.5000000e+05
   3.1253326e+03   9.4900000e+05
   3.1246081e+03   9.4800000e+05
   3.1238805e+03   9.4700000e+05
   3.1231539e+03   9.4600000e+05
   3.1224272e+03   9.4500000e+05
   3.1216985e+03   9.4400000e+05
   3.1209717e+03   9.4300000e+05
   3.1202424e+03   9.4200000e+05
   3.1200000e+03   9.4166769e+05
   3.1195191e+03   9.4100000e+05
   3.1187966e+03   9.4000000e+05
   3.1180635e+03   9.3900000e+05
   3.1173301e+03   9.3800000e+05
   3.1166010e+03   9.3700000e+05
   3.1158719e+03   9.3600000e+05
   3.1151403e+03   9.3500000e+05
   3.1144101e+03   9.3400000e+05
   3.1136772e+03   9.3300000e+05
   3.1129431e+03   9.3200000e+05
   3.1122070e+03   9.3100000e+05
   3.1114728e+03   9.3000000e+05
   3.1107385e+03   9.2900000e+05
   3.1100043e+03   9.2800000e+05
   3.1100000e+03   9.2799419e+05
   3.1092745e+03   9.2700000e+05
   3.1085509e+03   9.2600000e+05
   3.1078100e+03   9.2500000e+05
   3.1070854e+03   9.2400000e+05
   3.1063432e+03   9.2300000e+05
   3.1056054e+03   9.2200000e+05
   3.1048711e+03   9.2100000e+05
   3.1041342e+03   9.2000000e+05
   3.1033940e+03   9.1900000e+05
   3.1026480e+03   9.1800000e+05
   3.1019111e+03   9.1700000e+05
   3.1011715e+03   9.1600000e+05
   3.1004298e+03   9.1500000e+05
   3.1000000e+03   9.1441851e+05
   3.0996918e+03   9.1400000e+05
   3.0989526e+03   9.1300000e+05
   3.0982217e+03   9.1200000e+05
   3.0974794e+03   9.1100000e+05
   3.0967371e+03   9.1000000e+05
   3.0959973e+03   9.0900000e+05
   3.0952561e+03   9.0800000e+05
   3.0945129e+03   9.0700000e+05
   3.0937716e+03   9.0600000e+05
   3.0930278e+03   9.0500000e+05
   3.0922862e+03   9.0400000e+05
   3.0915408e+03   9.0300000e+05
   3.0907946e+03   9.0200000e+05
   3.0900464e+03   9.0100000e+05
   3.0900000e+03   9.0093787e+05
   3.0893025e+03   9.0000000e+05
   3.0885569e+03   8.9900000e+05
   3.0878086e+03   8.9800000e+05
   3.0870722e+03   8.9700000e+05
   3.0863184e+03   8.9600000e+05
   3.0855760e+03   8.9500000e+05
   3.0848288e+03   8.9400000e+05
   3.0840813e+03   8.9300000e+05
   3.0833334e+03   8.9200000e+05
   3.0825845e+03   8.9100000e+05
   3.0818356e+03   8.9000000e+05
   3.0810840e+03   8.8900000e+05
   3.0803328e+03   8.8800000e+05
   3.0800000e+03   8.8755690e+05
   3.0795830e+03   8.8700000e+05
   3.0788342e+03   8.8600000e+05
   3.0780830e+03   8.8500000e+05
   3.0773318e+03   8.8400000e+05
   3.0765789e+03   8.8300000e+05
   3.0758279e+03   8.8200000e+05
   3.0750732e+03   8.8100000e+05
   3.0743198e+03   8.8000000e+05
   3.0735674e+03   8.7900000e+05
   3.0728132e+03   8.7800000e+05
   3.0720574e+03   8.7700000e+05
   3.0713037e+03   8.7600000e+05
   3.0705550e+03   8.7500000e+05
   3.0700000e+03   8.7427427e+05
   3.0697907e+03   8.7400000e+05
   3.0690375e+03   8.7300000e+05
   3.0682823e+03   8.7200000e+05
   3.0675244e+03   8.7100000e+05
   3.0667665e+03   8.7000000e+05
   3.0660061e+03   8.6900000e+05
   3.0652509e+03   8.6800000e+05
   3.0644898e+03   8.6700000e+05
   3.0637302e+03   8.6600000e+05
   3.0629710e+03   8.6500000e+05
   3.0622084e+03   8.6400000e+05
   3.0614499e+03   8.6300000e+05
   3.0606882e+03   8.6200000e+05
   3.0600000e+03   8.6109451e+05
   3.0599284e+03   8.6100000e+05
   3.0591700e+03   8.6000000e+05
   3.0584109e+03   8.5900000e+05
   3.0576455e+03   8.5800000e+05
   3.0568845e+03   8.5700000e+05
   3.0561196e+03   8.5600000e+05
   3.0553549e+03   8.5500000e+05
   3.0545900e+03   8.5400000e+05
   3.0538287e+03   8.5300000e+05
   3.0530598e+03   8.5200000e+05
   3.0522948e+03   8.5100000e+05
   3.0515280e+03   8.5000000e+05
   3.0507591e+03   8.4900000e+05
   3.0500000e+03   8.4801364e+05
   3.0499895e+03   8.4800000e+05
   3.0492201e+03   8.4700000e+05
   3.0484556e+03   8.4600000e+05
   3.0476886e+03   8.4500000e+05
   3.0469216e+03   8.4400000e+05
   3.0461531e+03   8.4300000e+05
   3.0453852e+03   8.4200000e+05
   3.0446171e+03   8.4100000e+05
   3.0438469e+03   8.4000000e+05
   3.0430738e+03   8.3900000e+05
   3.0423021e+03   8.3800000e+05
   3.0415325e+03   8.3700000e+05
   3.0407586e+03   8.3600000e+05
   3.0400000e+03   8.3501980e+05
   3.0399847e+03   8.3500000e+05
   3.0392106e+03   8.3400000e+05
   3.0384366e+03   8.3300000e+05
   3.0376655e+03   8.3200000e+05
   3.0368910e+03   8.3100000e+05
   3.0361143e+03   8.3000000e+05
   3.0353415e+03   8.2900000e+05
   3.0345661e+03   8.2800000e+05
   3.0337875e+03   8.2700000e+05
   3.0330124e+03   8.2600000e+05
   3.0322336e+03   8.2500000e+05
   3.0314525e+03   8.2400000e+05
   3.0306716e+03   8.2300000e+05
   3.0300000e+03   8.2213259e+05
   3.0298978e+03   8.2200000e+05
   3.0291194e+03   8.2100000e+05
   3.0283391e+03   8.2000000e+05
   3.0275609e+03   8.1900000e+05
   3.0267787e+03   8.1800000e+05
   3.0259973e+03   8.1700000e+05
   3.0252168e+03   8.1600000e+05
   3.0244362e+03   8.1500000e+05
   3.0236532e+03   8.1400000e+05
   3.0228678e+03   8.1300000e+05
   3.0220843e+03   8.1200000e+05
   3.0213051e+03   8.1100000e+05
   3.0205209e+03   8.1000000e+05
   3.0200000e+03   8.0933630e+05
   3.0197367e+03   8.0900000e+05
   3.0189487e+03   8.0800000e+05
   3.0181664e+03   8.0700000e+05
   3.0173777e+03   8.0600000e+05
   3.0165913e+03   8.0500000e+05
   3.0158043e+03   8.0400000e+05
   3.0150161e+03   8.0300000e+05
   3.0142289e+03   8.0200000e+05
   3.0134401e+03   8.0100000e+05
   3.0126533e+03   8.0000000e+05
   3.0118645e+03   7.9900000e+05
   3.0110738e+03   7.9800000e+05
   3.0102783e+03   7.9700000e+05
   3.0100000e+03   7.9664832e+05
   3.0094884e+03   7.9600000e+05
   3.0086974e+03   7.9500000e+05
   3.0079077e+03   7.9400000e+05
   3.0071185e+03   7.9300000e+05
   3.0063254e+03   7.9200000e+05
   3.0055284e+03   7.9100000e+05
   3.0047342e+03   7.9000000e+05
   3.0039408e+03   7.8900000e+05
   3.0031456e+03   7.8800000e+05
   3.0023488e+03   7.8700000e+05
   3.0015529e+03   7.8600000e+05
   3.0007545e+03   7.8500000e+05
   3.0000000e+03   7.8405210e+05
   2.9999587e+03   7.8400000e+05
   2.9991608e+03   7.8300000e+05
   2.9983653e+03   7.8200000e+05
   2.9975656e+03   7.8100000e+05
   2.9967679e+03   7.8000000e+05
   2.9959692e+03   7.7900000e+05
   2.9951738e+03   7.7800000e+05
   2.9943714e+03   7.7700000e+05
   2.9935694e+03   7.7600000e+05
   2.9927683e+03   7.7500000e+05
   2.9919668e+03   7.7400000e+05
   2.9911635e+03   7.7300000e+05
   2.9903624e+03   7.7200000e+05
   2.9900000e+03   7.7154851e+05
   2.9895611e+03   7.7100000e+05
   2.9887585e+03   7.7000000e+05
   2.9879559e+03   7.6900000e+05
   2.9871510e+03   7.6800000e+05
   2.9863460e+03   7.6700000e+05
   2.9855398e+03   7.6600000e+05
   2.9847326e+03   7.6500000e+05
   2.9839255e+03   7.6400000e+05
   2.9831176e+03   7.6300000e+05
   2.9823106e+03   7.6200000e+05
   2.9815037e+03   7.6100000e+05
   2.9806944e+03   7.6000000e+05
   2.9800000e+03   7.5914457e+05
   2.9798830e+03   7.5900000e+05
   2.9790740e+03   7.5800000e+05
   2.9782650e+03   7.5700000e+05
   2.9774578e+03   7.5600000e+05
   2.9766478e+03   7.5500000e+05
   2.9758380e+03   7.5400000e+05
   2.9750266e+03   7.5300000e+05
   2.9742156e+03   7.5200000e+05
   2.9734306e+03   7.5100000e+05
   2.9725931e+03   7.5000000e+05
   2.9717807e+03   7.4900000e+05
   2.9709637e+03   7.4800000e+05
   2.9702155e+03   7.4700000e+05
   2.9700000e+03   7.4673709e+05
   2.9693945e+03   7.4600000e+05
   2.9685734e+03   7.4500000e+05
   2.9677593e+03   7.4400000e+05
   2.9669636e+03   7.4300000e+05
   2.9661660e+03   7.4200000e+05
   2.9653683e+03   7.4100000e+05
   2.9645327e+03   7.4000000e+05
   2.9637404e+03   7.3900000e+05
   2.9628895e+03   7.3800000e+05
   2.9621292e+03   7.3700000e+05
   2.9613078e+03   7.3600000e+05
   2.9604858e+03   7.3500000e+05
   2.9600000e+03   7.3441060e+05
   2.9596627e+03   7.3400000e+05
   2.9588432e+03   7.3300000e+05
   2.9580210e+03   7.3200000e+05
   2.9571973e+03   7.3100000e+05
   2.9563741e+03   7.3000000e+05
   2.9555499e+03   7.2900000e+05
   2.9547252e+03   7.2800000e+05
   2.9539028e+03   7.2700000e+05
   2.9530779e+03   7.2600000e+05
   2.9522492e+03   7.2500000e+05
   2.9514225e+03   7.2400000e+05
   2.9505942e+03   7.2300000e+05
   2.9500000e+03   7.2228615e+05
   2.9497623e+03   7.2200000e+05
   2.9489343e+03   7.2100000e+05
   2.9481053e+03   7.2000000e+05
   2.9472744e+03   7.1900000e+05
   2.9464465e+03   7.1800000e+05
   2.9456168e+03   7.1700000e+05
   2.9447872e+03   7.1600000e+05
   2.9439552e+03   7.1500000e+05
   2.9431217e+03   7.1400000e+05
   2.9422895e+03   7.1300000e+05
   2.9414570e+03   7.1200000e+05
   2.9406203e+03   7.1100000e+05
   2.9400000e+03   7.1025854e+05
   2.9397845e+03   7.1000000e+05
   2.9389502e+03   7.0900000e+05
   2.9381142e+03   7.0800000e+05
   2.9372786e+03   7.0700000e+05
   2.9364479e+03   7.0600000e+05
   2.9356052e+03   7.0500000e+05
   2.9347670e+03   7.0400000e+05
   2.9339297e+03   7.0300000e+05
   2.9330962e+03   7.0200000e+05
   2.9322571e+03   7.0100000e+05
   2.9314142e+03   7.0000000e+05
   2.9305715e+03   6.9900000e+05
   2.9300000e+03   6.9832027e+05
   2.9297316e+03   6.9800000e+05
   2.9288910e+03   6.9700000e+05
   2.9280487e+03   6.9600000e+05
   2.9272000e+03   6.9500000e+05
   2.9263598e+03   6.9400000e+05
   2.9255169e+03   6.9300000e+05
   2.9246726e+03   6.9200000e+05
   2.9238278e+03   6.9100000e+05
   2.9229823e+03   6.9000000e+05
   2.9221365e+03   6.8900000e+05
   2.9212897e+03   6.8800000e+05
   2.9204411e+03   6.8700000e+05
   2.9200000e+03   6.8648027e+05
   2.9195936e+03   6.8600000e+05
   2.9187432e+03   6.8500000e+05
   2.9178955e+03   6.8400000e+05
   2.9170466e+03   6.8300000e+05
   2.9161975e+03   6.8200000e+05
   2.9153478e+03   6.8100000e+05
   2.9144957e+03   6.8000000e+05
   2.9136475e+03   6.7900000e+05
   2.9127939e+03   6.7800000e+05
   2.9119382e+03   6.7700000e+05
   2.9110834e+03   6.7600000e+05
   2.9102242e+03   6.7500000e+05
   2.9100000e+03   6.7473864e+05
   2.9093691e+03   6.7400000e+05
   2.9085173e+03   6.7300000e+05
   2.9076637e+03   6.7200000e+05
   2.9068098e+03   6.7100000e+05
   2.9059536e+03   6.7000000e+05
   2.9050985e+03   6.6900000e+05
   2.9042402e+03   6.6800000e+05
   2.9033819e+03   6.6700000e+05
   2.9025189e+03   6.6600000e+05
   2.9016587e+03   6.6500000e+05
   2.9008040e+03   6.6400000e+05
   2.9000000e+03   6.6307013e+05
   2.8999395e+03   6.6300000e+05
   2.8990766e+03   6.6200000e+05
   2.8982142e+03   6.6100000e+05
   2.8973538e+03   6.6000000e+05
   2.8964911e+03   6.5900000e+05
   2.8956220e+03   6.5800000e+05
   2.8947593e+03   6.5700000e+05
   2.8938955e+03   6.5600000e+05
   2.8930294e+03   6.5500000e+05
   2.8921638e+03   6.5400000e+05
   2.8912993e+03   6.5300000e+05
   2.8904311e+03   6.5200000e+05
   2.8900000e+03   6.5150343e+05
   2.8895638e+03   6.5100000e+05
   2.8886972e+03   6.5000000e+05
   2.8878265e+03   6.4900000e+05
   2.8869571e+03   6.4800000e+05
   2.8860869e+03   6.4700000e+05
   2.8852147e+03   6.4600000e+05
   2.8843420e+03   6.4500000e+05
   2.8834692e+03   6.4400000e+05
   2.8825960e+03   6.4300000e+05
   2.8817220e+03   6.4200000e+05
   2.8808479e+03   6.4100000e+05
   2.8800000e+03   6.4003211e+05
   2.8799719e+03   6.4000000e+05
   2.8790979e+03   6.3900000e+05
   2.8782216e+03   6.3800000e+05
   2.8773459e+03   6.3700000e+05
   2.8764698e+03   6.3600000e+05
   2.8755911e+03   6.3500000e+05
   2.8747132e+03   6.3400000e+05
   2.8738320e+03   6.3300000e+05
   2.8729519e+03   6.3200000e+05
   2.8720732e+03   6.3100000e+05
   2.8711909e+03   6.3000000e+05
   2.8703092e+03   6.2900000e+05
   2.8700000e+03   6.2865115e+05
   2.8694245e+03   6.2800000e+05
   2.8685435e+03   6.2700000e+05
   2.8676572e+03   6.2600000e+05
   2.8667781e+03   6.2500000e+05
   2.8658921e+03   6.2400000e+05
   2.8650073e+03   6.2300000e+05
   2.8641202e+03   6.2200000e+05
   2.8632335e+03   6.2100000e+05
   2.8623467e+03   6.2000000e+05
   2.8614590e+03   6.1900000e+05
   2.8605713e+03   6.1800000e+05
   2.8600000e+03   6.1735790e+05
   2.8596824e+03   6.1700000e+05
   2.8587957e+03   6.1600000e+05
   2.8579061e+03   6.1500000e+05
   2.8570113e+03   6.1400000e+05
   2.8561192e+03   6.1300000e+05
   2.8552268e+03   6.1200000e+05
   2.8543339e+03   6.1100000e+05
   2.8534390e+03   6.1000000e+05
   2.8525429e+03   6.0900000e+05
   2.8516490e+03   6.0800000e+05
   2.8507527e+03   6.0700000e+05
   2.8500000e+03   6.0615984e+05
   2.8498573e+03   6.0600000e+05
   2.8489624e+03   6.0500000e+05
   2.8480660e+03   6.0400000e+05
   2.8471692e+03   6.0300000e+05
   2.8462724e+03   6.0200000e+05
   2.8453723e+03   6.0100000e+05
   2.8444731e+03   6.0000000e+05
   2.8435687e+03   5.9900000e+05
   2.8426660e+03   5.9800000e+05
   2.8417630e+03   5.9700000e+05
   2.8408621e+03   5.9600000e+05
   2.8400000e+03   5.9504563e+05
   2.8399589e+03   5.9500000e+05
   2.8390568e+03   5.9400000e+05
   2.8381542e+03   5.9300000e+05
   2.8372480e+03   5.9200000e+05
   2.8363383e+03   5.9100000e+05
   2.8354357e+03   5.9000000e+05
   2.8345281e+03   5.8900000e+05
   2.8336184e+03   5.8800000e+05
   2.8327097e+03   5.8700000e+05
   2.8317979e+03   5.8600000e+05
   2.8308854e+03   5.8500000e+05
   2.8300000e+03   5.8402783e+05
   2.8299747e+03   5.8400000e+05
   2.8290671e+03   5.8300000e+05
   2.8281558e+03   5.8200000e+05
   2.8272430e+03   5.8100000e+05
   2.8263309e+03   5.8000000e+05
   2.8254181e+03   5.7900000e+05
   2.8245046e+03   5.7800000e+05
   2.8235880e+03   5.7700000e+05
   2.8226702e+03   5.7600000e+05
   2.8217531e+03   5.7500000e+05
   2.8208349e+03   5.7400000e+05
   2.8200000e+03   5.7309296e+05
   2.8199147e+03   5.7300000e+05
   2.8189973e+03   5.7200000e+05
   2.8180786e+03   5.7100000e+05
   2.8171578e+03   5.7000000e+05
   2.8162382e+03   5.6900000e+05
   2.8153174e+03   5.6800000e+05
   2.8143956e+03   5.6700000e+05
   2.8134742e+03   5.6600000e+05
   2.8125510e+03   5.6500000e+05
   2.8116264e+03   5.6400000e+05
   2.8106996e+03   5.6300000e+05
   2.8100000e+03   5.6224532e+05
   2.8097731e+03   5.6200000e+05
   2.8088461e+03   5.6100000e+05
   2.8079195e+03   5.6000000e+05
   2.8069911e+03   5.5900000e+05
   2.8060632e+03   5.5800000e+05
   2.8051345e+03   5.5700000e+05
   2.8042053e+03   5.5600000e+05
   2.8032714e+03   5.5500000e+05
   2.8023404e+03   5.5400000e+05
   2.8014086e+03   5.5300000e+05
   2.8004753e+03   5.5200000e+05
   2.8000000e+03   5.5149243e+05
   2.7995403e+03   5.5100000e+05
   2.7986105e+03   5.5000000e+05
   2.7976765e+03   5.4900000e+05
   2.7967403e+03   5.4800000e+05
   2.7958029e+03   5.4700000e+05
   2.7948658e+03   5.4600000e+05
   2.7939283e+03   5.4500000e+05
   2.7929885e+03   5.4400000e+05
   2.7920483e+03   5.4300000e+05
   2.7911046e+03   5.4200000e+05
   2.7901626e+03   5.4100000e+05
   2.7900000e+03   5.4082740e+05
   2.7892232e+03   5.4000000e+05
   2.7882803e+03   5.3900000e+05
   2.7873378e+03   5.3800000e+05
   2.7863992e+03   5.3700000e+05
   2.7854521e+03   5.3600000e+05
   2.7845102e+03   5.3500000e+05
   2.7835584e+03   5.3400000e+05
   2.7826147e+03   5.3300000e+05
   2.7816667e+03   5.3200000e+05
   2.7807157e+03   5.3100000e+05
   2.7800000e+03   5.3024780e+05
   2.7797651e+03   5.3000000e+05
   2.7788177e+03   5.2900000e+05
   2.7778685e+03   5.2800000e+05
   2.7769175e+03   5.2700000e+05
   2.7759674e+03   5.2600000e+05
   2.7750168e+03   5.2500000e+05
   2.7740632e+03   5.2400000e+05
   2.7731081e+03   5.2300000e+05
   2.7721508e+03   5.2200000e+05
   2.7711933e+03   5.2100000e+05
   2.7702357e+03   5.2000000e+05
   2.7700000e+03   5.1975466e+05
   2.7692777e+03   5.1900000e+05
   2.7683229e+03   5.1800000e+05
   2.7673648e+03   5.1700000e+05
   2.7664060e+03   5.1600000e+05
   2.7654448e+03   5.1500000e+05
   2.7644842e+03   5.1400000e+05
   2.7635229e+03   5.1300000e+05
   2.7625619e+03   5.1200000e+05
   2.7615941e+03   5.1100000e+05
   2.7606309e+03   5.1000000e+05
   2.7600000e+03   5.0934752e+05
   2.7596650e+03   5.0900000e+05
   2.7586992e+03   5.0800000e+05
   2.7577354e+03   5.0700000e+05
   2.7567673e+03   5.0600000e+05
   2.7558005e+03   5.0500000e+05
   2.7548301e+03   5.0400000e+05
   2.7538605e+03   5.0300000e+05
   2.7528903e+03   5.0200000e+05
   2.7519165e+03   5.0100000e+05
   2.7509447e+03   5.0000000e+05
   2.7500000e+03   4.9902962e+05
   2.7499713e+03   4.9900000e+05
   2.7490007e+03   4.9800000e+05
   2.7480279e+03   4.9700000e+05
   2.7470545e+03   4.9600000e+05
   2.7460780e+03   4.9500000e+05
   2.7451009e+03   4.9400000e+05
   2.7441230e+03   4.9300000e+05
   2.7431439e+03   4.9200000e+05
   2.7421627e+03   4.9100000e+05
   2.7411796e+03   4.9000000e+05
   2.7401959e+03   4.8900000e+05
   2.7400000e+03   4.8880065e+05
   2.7392162e+03   4.8800000e+05
   2.7382352e+03   4.8700000e+05
   2.7372547e+03   4.8600000e+05
   2.7362717e+03   4.8500000e+05
   2.7352887e+03   4.8400000e+05
   2.7343023e+03   4.8300000e+05
   2.7333148e+03   4.8200000e+05
   2.7323272e+03   4.8100000e+05
   2.7313413e+03   4.8000000e+05
   2.7303499e+03   4.7900000e+05
   2.7300000e+03   4.7864783e+05
   2.7293583e+03   4.7800000e+05
   2.7283681e+03   4.7700000e+05
   2.7273783e+03   4.7600000e+05
   2.7263868e+03   4.7500000e+05
   2.7253947e+03   4.7400000e+05
   2.7243979e+03   4.7300000e+05
   2.7234048e+03   4.7200000e+05
   2.7224089e+03   4.7100000e+05
   2.7214120e+03   4.7000000e+05
   2.7204125e+03   4.6900000e+05
   2.7200000e+03   4.6858824e+05
   2.7194129e+03   4.6800000e+05
   2.7184166e+03   4.6700000e+05
   2.7174178e+03   4.6600000e+05
   2.7164191e+03   4.6500000e+05
   2.7154145e+03   4.6400000e+05
   2.7144113e+03   4.6300000e+05
   2.7134081e+03   4.6200000e+05
   2.7124034e+03   4.6100000e+05
   2.7113965e+03   4.6000000e+05
   2.7103894e+03   4.5900000e+05
   2.7100000e+03   4.5861292e+05
   2.7093856e+03   4.5800000e+05
   2.7083794e+03   4.5700000e+05
   2.7073725e+03   4.5600000e+05
   2.7063651e+03   4.5500000e+05
   2.7053541e+03   4.5400000e+05
   2.7043418e+03   4.5300000e+05
   2.7033313e+03   4.5200000e+05
   2.7023183e+03   4.5100000e+05
   2.7013011e+03   4.5000000e+05
   2.7002859e+03   4.4900000e+05
   2.7000000e+03   4.4871937e+05
   2.6992697e+03   4.4800000e+05
   2.6982548e+03   4.4700000e+05
   2.6972383e+03   4.4600000e+05
   2.6962214e+03   4.4500000e+05
   2.6952033e+03   4.4400000e+05
   2.6941824e+03   4.4300000e+05
   2.6931615e+03   4.4200000e+05
   2.6921385e+03   4.4100000e+05
   2.6911189e+03   4.4000000e+05
   2.6900923e+03   4.3900000e+05
   2.6900000e+03   4.3891008e+05
   2.6890687e+03   4.3800000e+05
   2.6880449e+03   4.3700000e+05
   2.6870177e+03   4.3600000e+05
   2.6859897e+03   4.3500000e+05
   2.6849615e+03   4.3400000e+05
   2.6839325e+03   4.3300000e+05
   2.6829043e+03   4.3200000e+05
   2.6818698e+03   4.3100000e+05
   2.6808387e+03   4.3000000e+05
   2.6800000e+03   4.2918798e+05
   2.6798066e+03   4.2900000e+05
   2.6787758e+03   4.2800000e+05
   2.6777429e+03   4.2700000e+05
   2.6767107e+03   4.2600000e+05
   2.6756751e+03   4.2500000e+05
   2.6746371e+03   4.2400000e+05
   2.6735994e+03   4.2300000e+05
   2.6725575e+03   4.2200000e+05
   2.6715145e+03   4.2100000e+05
   2.6704669e+03   4.2000000e+05
   2.6700000e+03   4.1955281e+05
   2.6694259e+03   4.1900000e+05
   2.6683845e+03   4.1800000e+05
   2.6673424e+03   4.1700000e+05
   2.6662997e+03   4.1600000e+05
   2.6652558e+03   4.1500000e+05
   2.6642103e+03   4.1400000e+05
   2.6631639e+03   4.1300000e+05
   2.6621153e+03   4.1200000e+05
   2.6610663e+03   4.1100000e+05
   2.6600160e+03   4.1000000e+05
   2.6600000e+03   4.0998484e+05
   2.6589607e+03   4.0900000e+05
   2.6579113e+03   4.0800000e+05
   2.6568585e+03   4.0700000e+05
   2.6558033e+03   4.0600000e+05
   2.6547480e+03   4.0500000e+05
   2.6536926e+03   4.0400000e+05
   2.6526338e+03   4.0300000e+05
   2.6515747e+03   4.0200000e+05
   2.6505120e+03   4.0100000e+05
   2.6500000e+03   4.0051816e+05
   2.6494516e+03   4.0000000e+05
   2.6486691e+03   3.9900000e+05
   2.6476094e+03   3.9800000e+05
   2.6465497e+03   3.9700000e+05
   2.6454889e+03   3.9600000e+05
   2.6444220e+03   3.9500000e+05
   2.6433561e+03   3.9400000e+05
   2.6422898e+03   3.9300000e+05
   2.6412238e+03   3.9200000e+05
   2.6401460e+03   3.9100000e+05
   2.6400000e+03   3.9086403e+05
   2.6390789e+03   3.9000000e+05
   2.6380129e+03   3.8900000e+05
   2.6369389e+03   3.8800000e+05
   2.6358608e+03   3.8700000e+05
   2.6347866e+03   3.8600000e+05
   2.6337142e+03   3.8500000e+05
   2.6326391e+03   3.8400000e+05
   2.6315609e+03   3.8300000e+05
   2.6304821e+03   3.8200000e+05
   2.6300000e+03   3.8155295e+05
   2.6294067e+03   3.8100000e+05
   2.6283300e+03   3.8000000e+05
   2.6272532e+03   3.7900000e+05
   2.6261735e+03   3.7800000e+05
   2.6250903e+03   3.7700000e+05
   2.6240023e+03   3.7600000e+05
   2.6229193e+03   3.7500000e+05
   2.6218356e+03   3.7400000e+05
   2.6207433e+03   3.7300000e+05
   2.6200000e+03   3.7232018e+05
   2.6196508e+03   3.7200000e+05
   2.6185548e+03   3.7100000e+05
   2.6174643e+03   3.7000000e+05
   2.6163769e+03   3.6900000e+05
   2.6152864e+03   3.6800000e+05
   2.6141956e+03   3.6700000e+05
   2.6131007e+03   3.6600000e+05
   2.6120055e+03   3.6500000e+05
   2.6109089e+03   3.6400000e+05
   2.6100000e+03   3.6317277e+05
   2.6098112e+03   3.6300000e+05
   2.6087148e+03   3.6200000e+05
   2.6076208e+03   3.6100000e+05
   2.6065159e+03   3.6000000e+05
   2.6054187e+03   3.5900000e+05
   2.6043224e+03   3.5800000e+05
   2.6032216e+03   3.5700000e+05
   2.6021202e+03   3.5600000e+05
   2.6009949e+03   3.5500000e+05
   2.6000000e+03   3.5411245e+05
   2.5998747e+03   3.5400000e+05
   2.5987728e+03   3.5300000e+05
   2.5976688e+03   3.5200000e+05
   2.5965615e+03   3.5100000e+05
   2.5954556e+03   3.5000000e+05
   2.5943483e+03   3.4900000e+05
   2.5932390e+03   3.4800000e+05
   2.5921240e+03   3.4700000e+05
   2.5910121e+03   3.4600000e+05
   2.5900000e+03   3.4509406e+05
   2.5898952e+03   3.4500000e+05
   2.5887782e+03   3.4400000e+05
   2.5876471e+03   3.4300000e+05
   2.5865278e+03   3.4200000e+05
   2.5854099e+03   3.4100000e+05
   2.5842926e+03   3.4000000e+05
   2.5831726e+03   3.3900000e+05
   2.5820422e+03   3.3800000e+05
   2.5808948e+03   3.3700000e+05
   2.5800000e+03   3.3620797e+05
   2.5797666e+03   3.3600000e+05
   2.5786462e+03   3.3500000e+05
   2.5775228e+03   3.3400000e+05
   2.5763983e+03   3.3300000e+05
   2.5752699e+03   3.3200000e+05
   2.5741410e+03   3.3100000e+05
   2.5730125e+03   3.3000000e+05
   2.5718825e+03   3.2900000e+05
   2.5707466e+03   3.2800000e+05
   2.5700000e+03   3.2734203e+05
   2.5696111e+03   3.2700000e+05
   2.5684721e+03   3.2600000e+05
   2.5673137e+03   3.2500000e+05
   2.5661734e+03   3.2400000e+05
   2.5650342e+03   3.2300000e+05
   2.5638934e+03   3.2200000e+05
   2.5627525e+03   3.2100000e+05
   2.5616072e+03   3.2000000e+05
   2.5604591e+03   3.1900000e+05
   2.5600000e+03   3.1860528e+05
   2.5592973e+03   3.1800000e+05
   2.5581521e+03   3.1700000e+05
   2.5570002e+03   3.1600000e+05
   2.5558495e+03   3.1500000e+05
   2.5546980e+03   3.1400000e+05
   2.5535461e+03   3.1300000e+05
   2.5523928e+03   3.1200000e+05
   2.5512358e+03   3.1100000e+05
   2.5500803e+03   3.1000000e+05
   2.5500000e+03   3.0993078e+05
   2.5489201e+03   3.0900000e+05
   2.5477577e+03   3.0800000e+05
   2.5465880e+03   3.0700000e+05
   2.5454264e+03   3.0600000e+05
   2.5442646e+03   3.0500000e+05
   2.5431013e+03   3.0400000e+05
   2.5419369e+03   3.0300000e+05
   2.5407665e+03   3.0200000e+05
   2.5400000e+03   3.0134394e+05
   2.5395985e+03   3.0100000e+05
   2.5384254e+03   3.0000000e+05
   2.5372495e+03   2.9900000e+05
   2.5360756e+03   2.9800000e+05
   2.5349013e+03   2.9700000e+05
   2.5337254e+03   2.9600000e+05
   2.5325289e+03   2.9500000e+05
   2.5311721e+03   2.9400000e+05
   2.5300000e+03   2.9350276e+05
   2.5288457e+03   2.9300000e+05
   2.5263581e+03   2.9200000e+05
   2.5238480e+03   2.9100000e+05
   2.5219353e+03   2.9000000e+05
   2.5206225e+03   2.8900000e+05
   2.5200000e+03   2.8855396e+05
   2.5192315e+03   2.8800000e+05
   2.5177828e+03   2.8700000e+05
   2.5163746e+03   2.8600000e+05
   2.5148869e+03   2.8500000e+05
   2.5134293e+03   2.8400000e+05
   2.5119438e+03   2.8300000e+05
   2.5104968e+03   2.8200000e+05
   2.5100000e+03   2.8167743e+05
   2.5089592e+03   2.8100000e+05
   2.5074153e+03   2.8000000e+05
   2.5058584e+03   2.7900000e+05
   2.5042182e+03   2.7800000e+05
   2.5026065e+03   2.7700000e+05
   2.5009433e+03   2.7600000e+05
   2.5000000e+03   2.7545044e+05
   2.4992320e+03   2.7500000e+05
   2.4975004e+03   2.7400000e+05
   2.4956945e+03   2.7300000e+05
   2.4938648e+03   2.7200000e+05
   2.4919726e+03   2.7100000e+05
   2.4901081e+03   2.7000000e+05
   2.4900000e+03   2.6994587e+05
   2.4881272e+03   2.6900000e+05
   2.4861249e+03   2.6800000e+05
   2.4839510e+03   2.6700000e+05
   2.4815819e+03   2.6600000e+05
   2.4800000e+03   2.6532749e+05
   2.4792664e+03   2.6500000e+05
   2.4768393e+03   2.6400000e+05
   2.4742504e+03   2.6300000e+05
   2.4716847e+03   2.6200000e+05
   2.4700000e+03   2.6145121e+05
   2.4685987e+03   2.6100000e+05
   2.4665446e+03   2.6000000e+05
   2.4641386e+03   2.5900000e+05
   2.4613692e+03   2.5800000e+05
   2.4600000e+03   2.5755278e+05
   2.4581084e+03   2.5700000e+05
   2.4548640e+03   2.5600000e+05
   2.4515359e+03   2.5500000e+05
   2.4500000e+03   2.5455046e+05
   2.4480496e+03   2.5400000e+05
   2.4436842e+03   2.5300000e+05
   2.4400000e+03   2.5200738e+05
   2.4399706e+03   2.5200000e+05
   2.4361986e+03   2.5100000e+05
   2.4316802e+03   2.5000000e+05
   2.4300000e+03   2.4965297e+05
   2.4268447e+03   2.4900000e+05
   2.4215507e+03   2.4800000e+05
   2.4200000e+03   2.4775166e+05
   2.4153287e+03   2.4700000e+05
   2.4103976e+03   2.4600000e+05
   2.4100000e+03   2.4593141e+05
   2.4045740e+03   2.4500000e+05
   2.4000000e+03   2.4431292e+05
   2.3979841e+03   2.4400000e+05
   2.3907173e+03   2.4300000e+05
   2.3900000e+03   2.4291368e+05
   2.3828244e+03   2.4200000e+05
   2.3800000e+03   2.4166439e+05
   2.3749556e+03   2.4100000e+05
   2.3700000e+03   2.4040914e+05
   2.3666217e+03   2.4000000e+05
   2.3600000e+03   2.3923744e+05
   2.3560688e+03   2.3900000e+05
   2.3500000e+03   2.3826909e+05
   2.3488133e+03   2.3800000e+05
   2.3409380e+03   2.3700000e+05
   2.3400000e+03   2.3687177e+05
   2.3333184e+03   2.3600000e+05
   2.3302842e+03   2.3500000e+05
   2.3300000e+03   2.3470415e+05
   2.3293263e+03   2.3400000e+05
   2.3283640e+03   2.3300000e+05
   2.3273998e+03   2.3200000e+05
   2.3264393e+03   2.3100000e+05
   2.3254748e+03   2.3000000e+05
   2.3245062e+03   2.2900000e+05
   2.3235343e+03   2.2800000e+05
   2.3225623e+03   2.2700000e+05
   2.3215867e+03   2.2600000e+05
   2.3206115e+03   2.2500000e+05
   2.3200000e+03   2.2437509e+05
   2.3196346e+03   2.2400000e+05
   2.3186582e+03   2.2300000e+05
   2.3176771e+03   2.2200000e+05
   2.3166962e+03   2.2100000e+05
   2.3157100e+03   2.2000000e+05
   2.3147250e+03   2.1900000e+05
   2.3137363e+03   2.1800000e+05
   2.3127470e+03   2.1700000e+05
   2.3117450e+03   2.1600000e+05
   2.3107508e+03   2.1500000e+05
   2.3100000e+03   2.1424584e+05
   2.3097563e+03   2.1400000e+05
   2.3087630e+03   2.1300000e+05
   2.3077627e+03   2.1200000e+05
   2.3067621e+03   2.1100000e+05
   2.3057549e+03   2.1000000e+05
   2.3047461e+03   2.0900000e+05
   2.3037410e+03   2.0800000e+05
   2.3027322e+03   2.0700000e+05
   2.3017175e+03   2.0600000e+05
   2.3007001e+03   2.0500000e+05
   2.3000000e+03   2.0431499e+05
   2.2996794e+03   2.0400000e+05
   2.2986671e+03   2.0300000e+05
   2.2976478e+03   2.0200000e+05
   2.2966264e+03   2.0100000e+05
   2.2956038e+03   2.0000000e+05
   2.2945782e+03   1.9900000e+05
   2.2935491e+03   1.9800000e+05
   2.2925180e+03   1.9700000e+05
   2.2914840e+03   1.9600000e+05
   2.2904473e+03   1.9500000e+05
   2.2918289e+03   1.9400000e+05
   2.2926634e+03   1.9300000e+05
   2.2937033e+03   1.9200000e+05
   2.2948214e+03   1.9100000e+05
   2.2958942e+03   1.9000000e+05
   2.2968969e+03   1.8900000e+05
   2.2978984e+03   1.8800000e+05
   2.2987968e+03   1.8700000e+05
   2.2996436e+03   1.8600000e+05
   2.3000000e+03   1.8555092e+05
   2.3004377e+03   1.8500000e+05
   2.3012558e+03   1.8400000e+05
   2.3019996e+03   1.8300000e+05
   2.3026993e+03   1.8200000e+05
   2.3033677e+03   1.8100000e+05
   2.3040070e+03   1.8000000e+05
   2.3046191e+03   1.7900000e+05
   2.3051677e+03   1.7800000e+05
   2.3057223e+03   1.7700000e+05
   2.3062253e+03   1.7600000e+05
   2.3067049e+03   1.7500000e+05
   2.3071026e+03   1.7400000e+05
   2.3074540e+03   1.7300000e+05
   2.3075505e+03   1.7200000e+05
   2.3079716e+03   1.7100000e+05
   2.3082525e+03   1.7000000e+05
   2.3085502e+03   1.6900000e+05
   2.3089352e+03   1.6800000e+05
   2.3092202e+03   1.6700000e+05
   2.3094155e+03   1.6600000e+05
   2.3100000e+03   1.6519727e+05
   2.3101459e+03   1.6500000e+05
   2.3100000e+03   1.6440317e+05
   2.3099015e+03   1.6400000e+05
   2.3100000e+03   1.6340285e+05
   2.3100669e+03   1.6300000e+05
   2.3101748e+03   1.6200000e+05
   2.3105087e+03   1.6100000e+05
   2.3107325e+03   1.6000000e+05
   2.3104015e+03   1.5900000e+05
   2.3101619e+03   1.5800000e+05
   2.3106005e+03   1.5700000e+05
   2.3100782e+03   1.5600000e+05
   2.3100000e+03   1.5537394e+05
   2.3099560e+03   1.5500000e+05
   2.3100000e+03   1.5489124e+05
   2.3103432e+03   1.5400000e+05
   2.3100000e+03   1.5329208e+05
   2.3098520e+03   1.5300000e+05
   2.3098389e+03   1.5200000e+05
   2.3064353e+03   1.5100000e+05
   2.3000000e+03   1.5065207e+05
   2.2900000e+03   1.5029577e+05
   2.2864607e+03   1.5000000e+05
   2.2800000e+03   1.4905867e+05
   2.2789411e+03   1.4900000e+05
   2.2793435e+03   1.4800000e+05
   2.2795133e+03   1.4700000e+05
   2.2800000e+03   1.4613239e+05
   2.2800715e+03   1.4600000e+05
   2.2800000e+03   1.4589779e+05
   2.2793270e+03   1.4500000e+05
   2.2781601e+03   1.4400000e+05
   2.2769838e+03   1.4300000e+05
   2.2758008e+03   1.4200000e+05
   2.2746114e+03   1.4100000e+05
   2.2734154e+03   1.4000000e+05
   2.2722125e+03   1.3900000e+05
   2.2710495e+03   1.3800000e+05
   2.2700000e+03   1.3717120e+05
   2.2697834e+03   1.3700000e+05
   2.2685586e+03   1.3600000e+05
   2.2673339e+03   1.3500000e+05
   2.2661255e+03   1.3400000e+05
   2.2649511e+03   1.3300000e+05
   2.2636854e+03   1.3200000e+05
   2.2624138e+03   1.3100000e+05
   2.2611454e+03   1.3000000e+05
   2.2600000e+03   1.2905750e+05
   2.2599304e+03   1.2900000e+05
   2.2586868e+03   1.2800000e+05
   2.2574360e+03   1.2700000e+05
   2.2561734e+03   1.2600000e+05
   2.2548943e+03   1.2500000e+05
   2.2536241e+03   1.2400000e+05
   2.2523387e+03   1.2300000e+05
   2.2510394e+03   1.2200000e+05
   2.2500000e+03   1.2119170e+05
   2.2497545e+03   1.2100000e+05
   2.2484573e+03   1.2000000e+05
   2.2471274e+03   1.1900000e+05
   2.2458103e+03   1.1800000e+05
   2.2445195e+03   1.1700000e+05
   2.2432264e+03   1.1600000e+05
   2.2419563e+03   1.1500000e+05
   2.2407334e+03   1.1400000e+05
   2.2400000e+03   1.1339689e+05
   2.2395166e+03   1.1300000e+05
   2.2383049e+03   1.1200000e+05
   2.2370817e+03   1.1100000e+05
   2.2357703e+03   1.1000000e+05
   2.2344380e+03   1.0900000e+05
   2.2331162e+03   1.0800000e+05
   2.2318295e+03   1.0700000e+05
   2.2305376e+03   1.0600000e+05
   2.2300000e+03   1.0563661e+05
   2.2290512e+03   1.0500000e+05
   2.2277231e+03   1.0400000e+05
   2.2264098e+03   1.0300000e+05
   2.2250489e+03   1.0200000e+05
   2.2236943e+03   1.0100000e+05
   2.2223128e+03   1.0000000e+05
   2.2209193e+03   9.9000000e+04
   2.2200000e+03   9.8355208e+04
   2.2194964e+03   9.8000000e+04
   2.2180811e+03   9.7000000e+04
   2.2166650e+03   9.6000000e+04
   2.2152501e+03   9.5000000e+04
   2.2138227e+03   9.4000000e+04
   2.2123463e+03   9.3000000e+04
   2.2108799e+03   9.2000000e+04
   2.2100000e+03   9.1409281e+04
   2.2093939e+03   9.1000000e+04
   2.2079119e+03   9.0000000e+04
   2.2064126e+03   8.9000000e+04
   2.2049036e+03   8.8000000e+04
   2.2033728e+03   8.7000000e+04
   2.2018495e+03   8.6000000e+04
   2.2002858e+03   8.5000000e+04
   2.2000000e+03   8.4820194e+04
   2.1986995e+03   8.4000000e+04
   2.1971103e+03   8.3000000e+04
   2.1955502e+03   8.2000000e+04
   2.1939749e+03   8.1000000e+04
   2.1923739e+03   8.0000000e+04
   2.1907483e+03   7.9000000e+04
   2.1900000e+03   7.8544814e+04
   2.1891065e+03   7.8000000e+04
   2.1874639e+03   7.7000000e+04
   2.1858075e+03   7.6000000e+04
   2.1841306e+03   7.5000000e+04
   2.1824375e+03   7.4000000e+04
   2.1807206e+03   7.3000000e+04
   2.1800000e+03   7.2583298e+04
   2.1789973e+03   7.2000000e+04
   2.1772687e+03   7.1000000e+04
   2.1755318e+03   7.0000000e+04
   2.1737730e+03   6.9000000e+04
   2.1719920e+03   6.8000000e+04
   2.1701960e+03   6.7000000e+04
   2.1700000e+03   6.6892570e+04
   2.1683784e+03   6.6000000e+04
   2.1665476e+03   6.5000000e+04
   2.1647071e+03   6.4000000e+04
   2.1628586e+03   6.3000000e+04
   2.1609659e+03   6.2000000e+04
   2.1600000e+03   6.1494998e+04
   2.1590573e+03   6.1000000e+04
   2.1571386e+03   6.0000000e+04
   2.1552086e+03   5.9000000e+04
   2.1532221e+03   5.8000000e+04
   2.1512144e+03   5.7000000e+04
   2.1500000e+03   5.6399587e+04
   2.1491974e+03   5.6000000e+04
   2.1472280e+03   5.5000000e+04
   2.1452109e+03   5.4000000e+04
   2.1431388e+03   5.3000000e+04
   2.1410254e+03   5.2000000e+04
   2.1400000e+03   5.1523600e+04
   2.1388771e+03   5.1000000e+04
   2.1367511e+03   5.0000000e+04
   2.1345551e+03   4.9000000e+04
   2.1323507e+03   4.8000000e+04
   2.1300890e+03   4.7000000e+04
   2.1300000e+03   4.6961504e+04
   2.1277877e+03   4.6000000e+04
   2.1254453e+03   4.5000000e+04
   2.1230580e+03   4.4000000e+04
   2.1205796e+03   4.3000000e+04
   2.1200000e+03   4.2771036e+04
   2.1180629e+03   4.2000000e+04
   2.1154603e+03   4.1000000e+04
   2.1128059e+03   4.0000000e+04
   2.1100296e+03   3.9000000e+04
   2.1100000e+03   3.8989977e+04
   2.1070995e+03   3.8000000e+04
   2.1040590e+03   3.7000000e+04
   2.1009490e+03   3.6000000e+04
   2.1000000e+03   3.5721268e+04
   2.0975616e+03   3.5000000e+04
   2.0935064e+03   3.4000000e+04
   2.0900644e+03   3.3000000e+04
   2.0900000e+03   3.2978056e+04
   2.0869321e+03   3.2000000e+04
   2.0848229e+03   3.1000000e+04
   2.0827161e+03   3.0000000e+04
   2.0805977e+03   2.9000000e+04
   2.0800000e+03   2.8719351e+04
   2.0784747e+03   2.8000000e+04
   2.0763376e+03   2.7000000e+04
   2.0741892e+03   2.6000000e+04
   2.0720224e+03   2.5000000e+04
   2.0700000e+03   2.4073832e+04
   2.0698396e+03   2.4000000e+04
   2.0676463e+03   2.3000000e+04
   2.0654377e+03   2.2000000e+04
   2.0632101e+03   2.1000000e+04
   2.0609675e+03   2.0000000e+04
   2.0600000e+03   1.9571836e+04
   2.0587138e+03   1.9000000e+04
   2.0564395e+03   1.8000000e+04
   2.0541423e+03   1.7000000e+04
   2.0518251e+03   1.6000000e+04
   2.0500000e+03   1.5219222e+04
   2.0494897e+03   1.5000000e+04
   2.0471384e+03   1.4000000e+04
   2.0447528e+03   1.3000000e+04
   2.0423423e+03   1.2000000e+04
   2.0400000e+03   1.1036589e+04
   2.0399114e+03   1.1000000e+04
   2.0374779e+03   1.0000000e+04
   2.0349787e+03   9.0000000e+03
   2.0324371e+03   8.0000000e+03
   2.0300000e+03   7.0506293e+03
   2.0298709e+03   7.0000000e+03
   2.0272851e+03   6.0000000e+03
   2.0246507e+03   5.0000000e+03
   2.0230814e+03   4.0000000e+03