   2.5146740e+03   1.3500000e+06
   2.5141582e+03   1.3490000e+06
   2.5136412e+03   1.3480000e+06
   2.5131242e+03   1.3470000e+06
   2.5126089e+03   1.3460000e+06
   2.5120896e+03   1.3450000e+06
   2.5115720e+03   1.3440000e+06
   2.5110548e+03   1.3430000e+06
   2.5105356e+03   1.3420000e+06
   2.5100184e+03   1.3410000e+06
   2.5100000e+03   1.3409646e+06
   2.5095014e+03   1.3400000e+06
   2.5089845e+03   1.3390000e+06
   2.5084676e+03   1.3380000e+06
   2.5079512e+03   1.3370000e+06
   2.5074364e+03   1.3360000e+06
   2.5069223e+03   1.3350000e+06
   2.5064076e+03   1.3340000e+06
   2.5058922e+03   1.3330000e+06
   2.5053763e+03   1.3320000e+06
   2.5048617e+03   1.3310000e+06
   2.5043649e+03   1.3300000e+06
   2.5038751e+03   1.3290000e+06
   2.5033833e+03   1.3280000e+06
   2.5028946e+03   1.3270000e+06
   2.5024090e+03   1.3260000e+06
   2.5019252e+03   1.3250000e+06
   2.5014351e+03   1.3240000e+06
   2.5009483e+03   1.3230000e+06
   2.5004408e+03   1.3220000e+06
   2.5000000e+03   1.3211373e+06
   2.4999292e+03   1.3210000e+06
   2.4994143e+03   1.3200000e+06
   2.4988956e+03   1.3190000e+06
   2.4983789e+03   1.3180000e+06
   2.4978602e+03   1.3170000e+06
   2.4973420e+03   1.3160000e+06
   2.4968227e+03   1.3150000e+06
   2.4963042e+03   1.3140000e+06
   2.4957849e+03   1.3130000e+06
   2.4952643e+03   1.3120000e+06
   2.4947439e+03   1.3110000e+06
   2.4942256e+03   1.3100000e+06
   2.4937052e+03   1.3090000e+06
   2.4931821e+03   1.3080000e+06
   2.4926541e+03   1.3070000e+06
   2.4921330e+03   1.3060000e+06
   2.4916119e+03   1.3050000e+06
   2.4910888e+03   1.3040000e+06
   2.4905752e+03   1.3030000e+06
   2.4900567e+03   1.3020000e+06
   2.4900000e+03   1.3018911e+06
   2.4895374e+03   1.3010000e+06
   2.4890166e+03   1.3000000e+06
   2.4884872e+03   1.2990000e+06
   2.4879677e+03   1.2980000e+06
   2.4874430e+03   1.2970000e+06
   2.4869451e+03   1.2960000e+06
   2.4864249e+03   1.2950000e+06
   2.4859041e+03   1.2940000e+06
   2.4853714e+03   1.2930000e+06
   2.4848764e+03   1.2920000e+06
   2.4843864e+03   1.2910000e+06
   2.4838458e+03   1.2900000e+06
   2.4833706e+03   1.2890000e+06
   2.4829126e+03   1.2880000e+06
   2.4824249e+03   1.2870000e+06
   2.4818713e+03   1.2860000e+06
   2.4814200e+03   1.2850000e+06
   2.4808962e+03   1.2840000e+06
   2.4803752e+03   1.2830000e+06
   2.4800000e+03   1.2822741e+06
   2.4798575e+03   1.2820000e+06
   2.4793339e+03   1.2810000e+06
   2.4788104e+03   1.2800000e+06
   2.4782875e+03   1.2790000e+06
   2.4777613e+03   1.2780000e+06
   2.4772340e+03   1.2770000e+06
   2.4767076e+03   1.2760000e+06
   2.4761811e+03   1.2750000e+06
   2.4756539e+03   1.2740000e+06
   2.4751395e+03   1.2730000e+06
   2.4746043e+03   1.2720000e+06
   2.4740700e+03   1.2710000e+06
   2.4735143e+03   1.2700000e+06
   2.4729814e+03   1.2690000e+06
   2.4724485e+03   1.2680000e+06
   2.4719152e+03   1.2670000e+06
   2.4714197e+03   1.2660000e+06
   2.4708643e+03   1.2650000e+06
   2.4703105e+03   1.2640000e+06
   2.4700000e+03   1.2634189e+06
   2.4697773e+03   1.2630000e+06
   2.4692536e+03   1.2620000e+06
   2.4687069e+03   1.2610000e+06
   2.4681877e+03   1.2600000e+06
   2.4676527e+03   1.2590000e+06
   2.4671162e+03   1.2580000e+06
   2.4665809e+03   1.2570000e+06
   2.4660454e+03   1.2560000e+06
   2.4655088e+03   1.2550000e+06
   2.4649678e+03   1.2540000e+06
   2.4644302e+03   1.2530000e+06
   2.4638891e+03   1.2520000e+06
   2.4633528e+03   1.2510000e+06
   2.4628135e+03   1.2500000e+06
   2.4622725e+03   1.2490000e+06
   2.4617343e+03   1.2480000e+06
   2.4611985e+03   1.2470000e+06
   2.4606738e+03   1.2460000e+06
   2.4601760e+03   1.2450000e+06
   2.4600000e+03   1.2446463e+06
   2.4596842e+03   1.2440000e+06
   2.4592526e+03   1.2430000e+06
   2.4587470e+03   1.2420000e+06
   2.4582099e+03   1.2410000e+06
   2.4576509e+03   1.2400000e+06
   2.4571674e+03   1.2390000e+06
   2.4566824e+03   1.2380000e+06
   2.4561499e+03   1.2370000e+06
   2.4555980e+03   1.2360000e+06
   2.4550856e+03   1.2350000e+06
   2.4545524e+03   1.2340000e+06
   2.4540181e+03   1.2330000e+06
   2.4536019e+03   1.2320000e+06
   2.4529496e+03   1.2310000e+06
   2.4524139e+03   1.2300000e+06
   2.4520236e+03   1.2290000e+06
   2.4513863e+03   1.2280000e+06
   2.4509064e+03   1.2270000e+06
   2.4502561e+03   1.2260000e+06
   2.4500000e+03   1.2254713e+06
   2.4497754e+03   1.2250000e+06
   2.4492944e+03   1.2240000e+06
   2.4488033e+03   1.2230000e+06
   2.4482884e+03   1.2220000e+06
   2.4477623e+03   1.2210000e+06
   2.4472371e+03   1.2200000e+06
   2.4469787e+03   1.2190000e+06
   2.4463285e+03   1.2180000e+06
   2.4458096e+03   1.2170000e+06
   2.4451213e+03   1.2160000e+06
   2.4447379e+03   1.2150000e+06
   2.4442027e+03   1.2140000e+06
   2.4437438e+03   1.2130000e+06
   2.4431339e+03   1.2120000e+06
   2.4425979e+03   1.2110000e+06
   2.4421005e+03   1.2100000e+06
   2.4415689e+03   1.2090000e+06
   2.4410548e+03   1.2080000e+06
   2.4405179e+03   1.2070000e+06
   2.4400000e+03   1.2060471e+06
   2.4399745e+03   1.2060000e+06
   2.4394365e+03   1.2050000e+06
   2.4388719e+03   1.2040000e+06
   2.4383758e+03   1.2030000e+06
   2.4378664e+03   1.2020000e+06
   2.4373756e+03   1.2010000e+06
   2.4368796e+03   1.2000000e+06
   2.4363774e+03   1.1990000e+06
   2.4359040e+03   1.1980000e+06
   2.4353549e+03   1.1970000e+06
   2.4348048e+03   1.1960000e+06
   2.4342557e+03   1.1950000e+06
   2.4337773e+03   1.1940000e+06
   2.4332052e+03   1.1930000e+06
   2.4326665e+03   1.1920000e+06
   2.4320958e+03   1.1910000e+06
   2.4315258e+03   1.1900000e+06
   2.4311279e+03   1.1890000e+06
   2.4307711e+03   1.1880000e+06
   2.4302706e+03   1.1870000e+06
   2.4300000e+03   1.1861169e+06
   2.4299639e+03   1.1860000e+06
   2.4289025e+03   1.1850000e+06
   2.4238563e+03   1.1840000e+06
   2.4200000e+03   1.1834340e+06
   2.4157666e+03   1.1830000e+06
   2.4100000e+03   1.1820242e+06
   2.4098786e+03   1.1820000e+06
   2.4029103e+03   1.1810000e+06
   2.4000000e+03   1.1805057e+06
   2.3967654e+03   1.1800000e+06
   2.3937824e+03   1.1790000e+06
   2.3932987e+03   1.1780000e+06
   2.3928788e+03   1.1770000e+06
   2.3924238e+03   1.1760000e+06
   2.3919170e+03   1.1750000e+06
   2.3914467e+03   1.1740000e+06
   2.3909897e+03   1.1730000e+06
   2.3905335e+03   1.1720000e+06
   2.3900720e+03   1.1710000e+06
   2.3900000e+03   1.1708445e+06
   2.3896092e+03   1.1700000e+06
   2.3891450e+03   1.1690000e+06
   2.3886792e+03   1.1680000e+06
   2.3882147e+03   1.1670000e+06
   2.3877463e+03   1.1660000e+06
   2.3872734e+03   1.1650000e+06
   2.3868143e+03   1.1640000e+06
   2.3863405e+03   1.1630000e+06
   2.3858718e+03   1.1620000e+06
   2.3854057e+03   1.1610000e+06
   2.3849350e+03   1.1600000e+06
   2.3844652e+03   1.1590000e+06
   2.3839981e+03   1.1580000e+06
   2.3835342e+03   1.1570000e+06
   2.3830725e+03   1.1560000e+06
   2.3825782e+03   1.1550000e+06
   2.3821133e+03   1.1540000e+06
   2.3816495e+03   1.1530000e+06
   2.3811851e+03   1.1520000e+06
   2.3807162e+03   1.1510000e+06
   2.3802479e+03   1.1500000e+06
   2.3800000e+03   1.1494733e+06
   2.3797780e+03   1.1490000e+06
   2.3792982e+03   1.1480000e+06
   2.3788317e+03   1.1470000e+06
   2.3783632e+03   1.1460000e+06
   2.3778947e+03   1.1450000e+06
   2.3774243e+03   1.1440000e+06
   2.3769539e+03   1.1430000e+06
   2.3764785e+03   1.1420000e+06
   2.3760085e+03   1.1410000e+06
   2.3755374e+03   1.1400000e+06
   2.3750674e+03   1.1390000e+06
   2.3745868e+03   1.1380000e+06
   2.3741102e+03   1.1370000e+06
   2.3736353e+03   1.1360000e+06
   2.3731640e+03   1.1350000e+06
   2.3726864e+03   1.1340000e+06
   2.3722254e+03   1.1330000e+06
   2.3717422e+03   1.1320000e+06
   2.3712679e+03   1.1310000e+06
   2.3707949e+03   1.1300000e+06
   2.3703202e+03   1.1290000e+06
   2.3700000e+03   1.1283252e+06
   2.3698464e+03   1.1280000e+06
   2.3693579e+03   1.1270000e+06
   2.3689002e+03   1.1260000e+06
   2.3684220e+03   1.1250000e+06
   2.3679432e+03   1.1240000e+06
   2.3674664e+03   1.1230000e+06
   2.3669887e+03   1.1220000e+06
   2.3665083e+03   1.1210000e+06
   2.3660314e+03   1.1200000e+06
   2.3655590e+03   1.1190000e+06
   2.3650833e+03   1.1180000e+06
   2.3646068e+03   1.1170000e+06
   2.3641283e+03   1.1160000e+06
   2.3636491e+03   1.1150000e+06
   2.3631692e+03   1.1140000e+06
   2.3626942e+03   1.1130000e+06
   2.3622192e+03   1.1120000e+06
   2.3617455e+03   1.1110000e+06
   2.3612707e+03   1.1100000e+06
   2.3607939e+03   1.1090000e+06
   2.3603190e+03   1.1080000e+06
   2.3600000e+03   1.1073386e+06
   2.3598373e+03   1.1070000e+06
   2.3593423e+03   1.1060000e+06
   2.3588587e+03   1.1050000e+06
   2.3583785e+03   1.1040000e+06
   2.3578953e+03   1.1030000e+06
   2.3574121e+03   1.1020000e+06
   2.3569338e+03   1.1010000e+06
   2.3564553e+03   1.1000000e+06
   2.3559786e+03   1.0990000e+06
   2.3554935e+03   1.0980000e+06
   2.3550143e+03   1.0970000e+06
   2.3545361e+03   1.0960000e+06
   2.3540566e+03   1.0950000e+06
   2.3535769e+03   1.0940000e+06
   2.3530961e+03   1.0930000e+06
   2.3526139e+03   1.0920000e+06
   2.3521437e+03   1.0910000e+06
   2.3516622e+03   1.0900000e+06
   2.3511788e+03   1.0890000e+06
   2.3506859e+03   1.0880000e+06
   2.3501853e+03   1.0870000e+06
   2.3500000e+03   1.0866312e+06
   2.3496848e+03   1.0860000e+06
   2.3492305e+03   1.0850000e+06
   2.3487329e+03   1.0840000e+06
   2.3482348e+03   1.0830000e+06
   2.3477621e+03   1.0820000e+06
   2.3472608e+03   1.0810000e+06
   2.3467830e+03   1.0800000e+06
   2.3463067e+03   1.0790000e+06
   2.3458262e+03   1.0780000e+06
   2.3453454e+03   1.0770000e+06
   2.3448624e+03   1.0760000e+06
   2.3443731e+03   1.0750000e+06
   2.3438851e+03   1.0740000e+06
   2.3434162e+03   1.0730000e+06
   2.3429303e+03   1.0720000e+06
   2.3424390e+03   1.0710000e+06
   2.3419539e+03   1.0700000e+06
   2.3414711e+03   1.0690000e+06
   2.3409841e+03   1.0680000e+06
   2.3404812e+03   1.0670000e+06
   2.3400000e+03   1.0660522e+06
   2.3399735e+03   1.0660000e+06
   2.3394633e+03   1.0650000e+06
   2.3389420e+03   1.0640000e+06
   2.3384542e+03   1.0630000e+06
   2.3379751e+03   1.0620000e+06
   2.3374868e+03   1.0610000e+06
   2.3369893e+03   1.0600000e+06
   2.3364934e+03   1.0590000e+06
   2.3359784e+03   1.0580000e+06
   2.3355121e+03   1.0570000e+06
   2.3350279e+03   1.0560000e+06
   2.3345493e+03   1.0550000e+06
   2.3340797e+03   1.0540000e+06
   2.3336018e+03   1.0530000e+06
   2.3331191e+03   1.0520000e+06
   2.3326418e+03   1.0510000e+06
   2.3320349e+03   1.0500000e+06
   2.3316459e+03   1.0490000e+06
   2.3311379e+03   1.0480000e+06
   2.3306264e+03   1.0470000e+06
   2.3301129e+03   1.0460000e+06
   2.3300000e+03   1.0457818e+06
   2.3295965e+03   1.0450000e+06
   2.3290878e+03   1.0440000e+06
   2.3285792e+03   1.0430000e+06
   2.3280779e+03   1.0420000e+06
   2.3275794e+03   1.0410000e+06
   2.3270817e+03   1.0400000e+06
   2.3265700e+03   1.0390000e+06
   2.3260749e+03   1.0380000e+06
   2.3255941e+03   1.0370000e+06
   2.3251159e+03   1.0360000e+06
   2.3246470e+03   1.0350000e+06
   2.3241681e+03   1.0340000e+06
   2.3236873e+03   1.0330000e+06
   2.3232051e+03   1.0320000e+06
   2.3227127e+03   1.0310000e+06
   2.3221814e+03   1.0300000e+06
   2.3217532e+03   1.0290000e+06
   2.3212156e+03   1.0280000e+06
   2.3206711e+03   1.0270000e+06
   2.3201176e+03   1.0260000e+06
   2.3200000e+03   1.0257884e+06
   2.3195677e+03   1.0250000e+06
   2.3190724e+03   1.0240000e+06
   2.3185859e+03   1.0230000e+06
   2.3180980e+03   1.0220000e+06
   2.3176117e+03   1.0210000e+06
   2.3171266e+03   1.0200000e+06
   2.3166392e+03   1.0190000e+06
   2.3161504e+03   1.0180000e+06
   2.3156600e+03   1.0170000e+06
   2.3151696e+03   1.0160000e+06
   2.3146824e+03   1.0150000e+06
   2.3142031e+03   1.0140000e+06
   2.3137102e+03   1.0130000e+06
   2.3132127e+03   1.0120000e+06
   2.3126782e+03   1.0110000e+06
   2.3121323e+03   1.0100000e+06
   2.3116169e+03   1.0090000e+06
   2.3112488e+03   1.0080000e+06
   2.3106991e+03   1.0070000e+06
   2.3101441e+03   1.0060000e+06
   2.3100000e+03   1.0057020e+06
   2.3096612e+03   1.0050000e+06
   2.3092107e+03   1.0040000e+06
   2.3087502e+03   1.0030000e+06
   2.3082612e+03   1.0020000e+06
   2.3077146e+03   1.0010000e+06
   2.3072724e+03   1.0000000e+06
   2.3068097e+03   9.9900000e+05
   2.3063081e+03   9.9800000e+05
   2.3058064e+03   9.9700000e+05
   2.3053146e+03   9.9600000e+05
   2.3048129e+03   9.9500000e+05
   2.3043094e+03   9.9400000e+05
   2.3038143e+03   9.9300000e+05
   2.3033060e+03   9.9200000e+05
   2.3028032e+03   9.9100000e+05
   2.3023000e+03   9.9000000e+05
   2.3017994e+03   9.8900000e+05
   2.3012938e+03   9.8800000e+05
   2.3007852e+03   9.8700000e+05
   2.3002833e+03   9.8600000e+05
   2.3000000e+03   9.8544727e+05
   2.2997712e+03   9.8500000e+05
   2.2992619e+03   9.8400000e+05
   2.2987530e+03   9.8300000e+05
   2.2982445e+03   9.8200000e+05
   2.2977369e+03   9.8100000e+05
   2.2972571e+03   9.8000000e+05
   2.2967249e+03   9.7900000e+05
   2.2962282e+03   9.7800000e+05
   2.2957244e+03   9.7700000e+05
   2.2952215e+03   9.7600000e+05
   2.2947159e+03   9.7500000e+05
   2.2942100e+03   9.7400000e+05
   2.2936959e+03   9.7300000e+05
   2.2931916e+03   9.7200000e+05
   2.2926779e+03   9.7100000e+05
   2.2921630e+03   9.7000000e+05
   2.2916467e+03   9.6900000e+05
   2.2911286e+03   9.6800000e+05
   2.2906167e+03   9.6700000e+05
   2.2901013e+03   9.6600000e+05
   2.2900000e+03   9.6580000e+05
   2.2895986e+03   9.6500000e+05
   2.2891007e+03   9.6400000e+05
   2.2885985e+03   9.6300000e+05
   2.2880951e+03   9.6200000e+05
   2.2875893e+03   9.6100000e+05
   2.2870894e+03   9.6000000e+05
   2.2865761e+03   9.5900000e+05
   2.2860742e+03   9.5800000e+05
   2.2855855e+03   9.5700000e+05
   2.2850819e+03   9.5600000e+05
   2.2845771e+03   9.5500000e+05
   2.2840674e+03   9.5400000e+05
   2.2835549e+03   9.5300000e+05
   2.2830441e+03   9.5200000e+05
   2.2825275e+03   9.5100000e+05
   2.2820164e+03   9.5000000e+05
   2.2815041e+03   9.4900000e+05
   2.2809913e+03   9.4800000e+05
   2.2804781e+03   9.4700000e+05
   2.2800000e+03   9.4606884e+05
   2.2799647e+03   9.4600000e+05
   2.2793840e+03   9.4500000e+05
   2.2788750e+03   9.4400000e+05
   2.2783641e+03   9.4300000e+05
   2.2778517e+03   9.4200000e+05
   2.2773410e+03   9.4100000e+05
   2.2768272e+03   9.4000000e+05
   2.2763175e+03   9.3900000e+05
   2.2758035e+03   9.3800000e+05
   2.2752877e+03   9.3700000e+05
   2.2747750e+03   9.3600000e+05
   2.2742586e+03   9.3500000e+05
   2.2737422e+03   9.3400000e+05
   2.2732252e+03   9.3300000e+05
   2.2727060e+03   9.3200000e+05
   2.2721880e+03   9.3100000e+05
   2.2716697e+03   9.3000000e+05
   2.2711600e+03   9.2900000e+05
   2.2706358e+03   9.2800000e+05
   2.2701198e+03   9.2700000e+05
   2.2700000e+03   9.2676786e+05
   2.2696024e+03   9.2600000e+05
   2.2690844e+03   9.2500000e+05
   2.2685627e+03   9.2400000e+05
   2.2680563e+03   9.2300000e+05
   2.2675264e+03   9.2200000e+05
   2.2670033e+03   9.2100000e+05
   2.2664859e+03   9.2000000e+05
   2.2659674e+03   9.1900000e+05
   2.2654475e+03   9.1800000e+05
   2.2649268e+03   9.1700000e+05
   2.2643901e+03   9.1600000e+05
   2.2638679e+03   9.1500000e+05
   2.2633315e+03   9.1400000e+05
   2.2627962e+03   9.1300000e+05
   2.2622639e+03   9.1200000e+05
   2.2617346e+03   9.1100000e+05
   2.2612189e+03   9.1000000e+05
   2.2606880e+03   9.0900000e+05
   2.2601702e+03   9.0800000e+05
   2.2600000e+03   9.0767138e+05
   2.2596509e+03   9.0700000e+05
   2.2591305e+03   9.0600000e+05
   2.2586093e+03   9.0500000e+05
   2.2580873e+03   9.0400000e+05
   2.2575635e+03   9.0300000e+05
   2.2570402e+03   9.0200000e+05
   2.2565167e+03   9.0100000e+05
   2.2559919e+03   9.0000000e+05
   2.2554738e+03   8.9900000e+05
   2.2549465e+03   8.9800000e+05
   2.2543595e+03   8.9700000e+05
   2.2538767e+03   8.9600000e+05
   2.2532890e+03   8.9500000e+05
   2.2527495e+03   8.9400000e+05
   2.2522137e+03   8.9300000e+05
   2.2516795e+03   8.9200000e+05
   2.2511504e+03   8.9100000e+05
   2.2506284e+03   8.9000000e+05
   2.2501074e+03   8.8900000e+05
   2.2500000e+03   8.8880135e+05
   2.2495666e+03   8.8800000e+05
   2.2490441e+03   8.8700000e+05
   2.2485231e+03   8.8600000e+05
   2.2479996e+03   8.8500000e+05
   2.2474754e+03   8.8400000e+05
   2.2469486e+03   8.8300000e+05
   2.2464217e+03   8.8200000e+05
   2.2459039e+03   8.8100000e+05
   2.2453692e+03   8.8000000e+05
   2.2448398e+03   8.7900000e+05
   2.2442734e+03   8.7800000e+05
   2.2437681e+03   8.7700000e+05
   2.2432320e+03   8.7600000e+05
   2.2426938e+03   8.7500000e+05
   2.2420770e+03   8.7400000e+05
   2.2415400e+03   8.7300000e+05
   2.2410053e+03   8.7200000e+05
   2.2404764e+03   8.7100000e+05
   2.2400000e+03   8.7009655e+05
   2.2399494e+03   8.7000000e+05
   2.2393944e+03   8.6900000e+05
   2.2388843e+03   8.6800000e+05
   2.2383351e+03   8.6700000e+05
   2.2378114e+03   8.6600000e+05
   2.2372844e+03   8.6500000e+05
   2.2367537e+03   8.6400000e+05
   2.2362225e+03   8.6300000e+05
   2.2356911e+03   8.6200000e+05
   2.2351574e+03   8.6100000e+05
   2.2346267e+03   8.6000000e+05
   2.2340943e+03   8.5900000e+05
   2.2335672e+03   8.5800000e+05
   2.2330383e+03   8.5700000e+05
   2.2325085e+03   8.5600000e+05
   2.2319788e+03   8.5500000e+05
   2.2314476e+03   8.5400000e+05
   2.2309176e+03   8.5300000e+05
   2.2303821e+03   8.5200000e+05
   2.2300000e+03   8.5130844e+05
   2.2298270e+03   8.5100000e+05
   2.2292692e+03   8.5000000e+05
   2.2287121e+03   8.4900000e+05
   2.2281571e+03   8.4800000e+05
   2.2276043e+03   8.4700000e+05
   2.2270570e+03   8.4600000e+05
   2.2265170e+03   8.4500000e+05
   2.2259773e+03   8.4400000e+05
   2.2254370e+03   8.4300000e+05
   2.2248973e+03   8.4200000e+05
   2.2243550e+03   8.4100000e+05
   2.2238142e+03   8.4000000e+05
   2.2232630e+03   8.3900000e+05
   2.2227256e+03   8.3800000e+05
   2.2221721e+03   8.3700000e+05
   2.2216170e+03   8.3600000e+05
   2.2210584e+03   8.3500000e+05
   2.2205000e+03   8.3400000e+05
   2.2200000e+03   8.3309211e+05
   2.2199496e+03   8.3300000e+05
   2.2193992e+03   8.3200000e+05
   2.2188621e+03   8.3100000e+05
   2.2183291e+03   8.3000000e+05
   2.2177900e+03   8.2900000e+05
   2.2172498e+03   8.2800000e+05
   2.2167081e+03   8.2700000e+05
   2.2161649e+03   8.2600000e+05
   2.2156220e+03   8.2500000e+05
   2.2151065e+03   8.2400000e+05
   2.2145319e+03   8.2300000e+05
   2.2139788e+03   8.2200000e+05
   2.2133984e+03   8.2100000e+05
   2.2128792e+03   8.2000000e+05
   2.2123257e+03   8.1900000e+05
   2.2117669e+03   8.1800000e+05
   2.2111873e+03   8.1700000e+05
   2.2106274e+03   8.1600000e+05
   2.2100683e+03   8.1500000e+05
   2.2100000e+03   8.1487662e+05
   2.2095167e+03   8.1400000e+05
   2.2089690e+03   8.1300000e+05
   2.2084216e+03   8.1200000e+05
   2.2078656e+03   8.1100000e+05
   2.2073181e+03   8.1000000e+05
   2.2067698e+03   8.0900000e+05
   2.2061856e+03   8.0800000e+05
   2.2056691e+03   8.0700000e+05
   2.2051143e+03   8.0600000e+05
   2.2045606e+03   8.0500000e+05
   2.2039922e+03   8.0400000e+05
   2.2034378e+03   8.0300000e+05
   2.2028828e+03   8.0200000e+05
   2.2023243e+03   8.0100000e+05
   2.2017616e+03   8.0000000e+05
   2.2011910e+03   7.9900000e+05
   2.2006290e+03   7.9800000e+05
   2.2000661e+03   7.9700000e+05
   2.2000000e+03   7.9688474e+05
   2.1994949e+03   7.9600000e+05
   2.1989628e+03   7.9500000e+05
   2.1983796e+03   7.9400000e+05
   2.1978228e+03   7.9300000e+05
   2.1972666e+03   7.9200000e+05
   2.1967105e+03   7.9100000e+05
   2.1961518e+03   7.9000000e+05
   2.1955954e+03   7.8900000e+05
   2.1950364e+03   7.8800000e+05
   2.1944727e+03   7.8700000e+05
   2.1939023e+03   7.8600000e+05
   2.1933398e+03   7.8500000e+05
   2.1927834e+03   7.8400000e+05
   2.1922148e+03   7.8300000e+05
   2.1916584e+03   7.8200000e+05
   2.1911056e+03   7.8100000e+05
   2.1905511e+03   7.8000000e+05
   2.1900000e+03   7.7900637e+05
   2.1899965e+03   7.7900000e+05
   2.1894389e+03   7.7800000e+05
   2.1888814e+03   7.7700000e+05
   2.1883236e+03   7.7600000e+05
   2.1877524e+03   7.7500000e+05
   2.1871869e+03   7.7400000e+05
   2.1866319e+03   7.7300000e+05
   2.1860635e+03   7.7200000e+05
   2.1854944e+03   7.7100000e+05
   2.1849218e+03   7.7000000e+05
   2.1843484e+03   7.6900000e+05
   2.1837770e+03   7.6800000e+05
   2.1832059e+03   7.6700000e+05
   2.1826369e+03   7.6600000e+05
   2.1820347e+03   7.6500000e+05
   2.1814685e+03   7.6400000e+05
   2.1809009e+03   7.6300000e+05
   2.1803337e+03   7.6200000e+05
   2.1800000e+03   7.6141121e+05
   2.1797670e+03   7.6100000e+05
   2.1791761e+03   7.6000000e+05
   2.1786099e+03   7.5900000e+05
   2.1780433e+03   7.5800000e+05
   2.1774776e+03   7.5700000e+05
   2.1769170e+03   7.5600000e+05
   2.1763569e+03   7.5500000e+05
   2.1757842e+03   7.5400000e+05
   2.1752219e+03   7.5300000e+05
   2.1746513e+03   7.5200000e+05
   2.1740392e+03   7.5100000e+05
   2.1735168e+03   7.5000000e+05
   2.1729325e+03   7.4900000e+05
   2.1723504e+03   7.4800000e+05
   2.1717620e+03   7.4700000e+05
   2.1711679e+03   7.4600000e+05
   2.1705811e+03   7.4500000e+05
   2.1700000e+03   7.4400301e+05
   2.1699982e+03   7.4400000e+05
   2.1694272e+03   7.4300000e+05
   2.1688583e+03   7.4200000e+05
   2.1682965e+03   7.4100000e+05
   2.1677191e+03   7.4000000e+05
   2.1671539e+03   7.3900000e+05
   2.1665406e+03   7.3800000e+05
   2.1660060e+03   7.3700000e+05
   2.1654341e+03   7.3600000e+05
   2.1648520e+03   7.3500000e+05
   2.1642705e+03   7.3400000e+05
   2.1636805e+03   7.3300000e+05
   2.1631102e+03   7.3200000e+05
   2.1624943e+03   7.3100000e+05
   2.1619135e+03   7.3000000e+05
   2.1613352e+03   7.2900000e+05
   2.1607424e+03   7.2800000e+05
   2.1601559e+03   7.2700000e+05
   2.1600000e+03   7.2673433e+05
   2.1595707e+03   7.2600000e+05
   2.1590000e+03   7.2500000e+05
   2.1584020e+03   7.2400000e+05
   2.1578181e+03   7.2300000e+05
   2.1572375e+03   7.2200000e+05
   2.1566551e+03   7.2100000e+05
   2.1560789e+03   7.2000000e+05
   2.1555001e+03   7.1900000e+05
   2.1549139e+03   7.1800000e+05
   2.1543332e+03   7.1700000e+05
   2.1537528e+03   7.1600000e+05
   2.1531729e+03   7.1500000e+05
   2.1525959e+03   7.1400000e+05
   2.1520125e+03   7.1300000e+05
   2.1514234e+03   7.1200000e+05
   2.1508370e+03   7.1100000e+05
   2.1502467e+03   7.1000000e+05
   2.1500000e+03   7.0958358e+05
   2.1496602e+03   7.0900000e+05
   2.1490654e+03   7.0800000e+05
   2.1484732e+03   7.0700000e+05
   2.1478631e+03   7.0600000e+05
   2.1472944e+03   7.0500000e+05
   2.1467019e+03   7.0400000e+05
   2.1461183e+03   7.0300000e+05
   2.1455108e+03   7.0200000e+05
   2.1448964e+03   7.0100000e+05
   2.1442998e+03   7.0000000e+05
   2.1437059e+03   6.9900000e+05
   2.1431228e+03   6.9800000e+05
   2.1425363e+03   6.9700000e+05
   2.1419325e+03   6.9600000e+05
   2.1413448e+03   6.9500000e+05
   2.1407583e+03   6.9400000e+05
   2.1401195e+03   6.9300000e+05
   2.1400000e+03   6.9278438e+05
   2.1395691e+03   6.9200000e+05
   2.1389717e+03   6.9100000e+05
   2.1384392e+03   6.9000000e+05
   2.1377707e+03   6.8900000e+05
   2.1371706e+03   6.8800000e+05
   2.1365711e+03   6.8700000e+05
   2.1359680e+03   6.8600000e+05
   2.1353723e+03   6.8500000e+05
   2.1348140e+03   6.8400000e+05
   2.1341837e+03   6.8300000e+05
   2.1335816e+03   6.8200000e+05
   2.1329754e+03   6.8100000e+05
   2.1323682e+03   6.8000000e+05
   2.1317671e+03   6.7900000e+05
   2.1311660e+03   6.7800000e+05
   2.1305643e+03   6.7700000e+05
   2.1300000e+03   6.7606286e+05
   2.1299623e+03   6.7600000e+05
   2.1293648e+03   6.7500000e+05
   2.1287622e+03   6.7400000e+05
   2.1281651e+03   6.7300000e+05
   2.1275691e+03   6.7200000e+05
   2.1269712e+03   6.7100000e+05
   2.1263736e+03   6.7000000e+05
   2.1257744e+03   6.6900000e+05
   2.1251702e+03   6.6800000e+05
   2.1245673e+03   6.6700000e+05
   2.1239536e+03   6.6600000e+05
   2.1233425e+03   6.6500000e+05
   2.1227307e+03   6.6400000e+05
   2.1221190e+03   6.6300000e+05
   2.1215059e+03   6.6200000e+05
   2.1208960e+03   6.6100000e+05
   2.1202878e+03   6.6000000e+05
   2.1200000e+03   6.5952676e+05
   2.1196807e+03   6.5900000e+05
   2.1190737e+03   6.5800000e+05
   2.1184656e+03   6.5700000e+05
   2.1178559e+03   6.5600000e+05
   2.1172456e+03   6.5500000e+05
   2.1166416e+03   6.5400000e+05
   2.1160362e+03   6.5300000e+05
   2.1154310e+03   6.5200000e+05
   2.1148225e+03   6.5100000e+05
   2.1142167e+03   6.5000000e+05
   2.1136013e+03   6.4900000e+05
   2.1129928e+03   6.4800000e+05
   2.1123758e+03   6.4700000e+05
   2.1117563e+03   6.4600000e+05
   2.1111397e+03   6.4500000e+05
   2.1105172e+03   6.4400000e+05
   2.1100000e+03   6.4316758e+05
   2.1098967e+03   6.4300000e+05
   2.1092818e+03   6.4200000e+05
   2.1086736e+03   6.4100000e+05
   2.1080745e+03   6.4000000e+05
   2.1074687e+03   6.3900000e+05
   2.1068554e+03   6.3800000e+05
   2.1062422e+03   6.3700000e+05
   2.1056240e+03   6.3600000e+05
   2.1050034e+03   6.3500000e+05
   2.1043856e+03   6.3400000e+05
   2.1037629e+03   6.3300000e+05
   2.1031423e+03   6.3200000e+05
   2.1025148e+03   6.3100000e+05
   2.1018962e+03   6.3000000e+05
   2.1012769e+03   6.2900000e+05
   2.1006549e+03   6.2800000e+05
   2.1000441e+03   6.2700000e+05
   2.1000000e+03   6.2692877e+05
   2.0994259e+03   6.2600000e+05
   2.0988014e+03   6.2500000e+05
   2.0981854e+03   6.2400000e+05
   2.0975738e+03   6.2300000e+05
   2.0969405e+03   6.2200000e+05
   2.0963178e+03   6.2100000e+05
   2.0956923e+03   6.2000000e+05
   2.0950677e+03   6.1900000e+05
   2.0944399e+03   6.1800000e+05
   2.0938176e+03   6.1700000e+05
   2.0931909e+03   6.1600000e+05
   2.0925625e+03   6.1500000e+05
   2.0919344e+03   6.1400000e+05
   2.0913060e+03   6.1300000e+05
   2.0906758e+03   6.1200000e+05
   2.0900456e+03   6.1100000e+05
   2.0900000e+03   6.1092761e+05
   2.0894183e+03   6.1000000e+05
   2.0887941e+03   6.0900000e+05
   2.0881691e+03   6.0800000e+05
   2.0875433e+03   6.0700000e+05
   2.0869156e+03   6.0600000e+05
   2.0862864e+03   6.0500000e+05
   2.0856588e+03   6.0400000e+05
   2.0850294e+03   6.0300000e+05
   2.0844011e+03   6.0200000e+05
   2.0837723e+03   6.0100000e+05
   2.0831451e+03   6.0000000e+05
   2.0825193e+03   5.9900000e+05
   2.0818892e+03   5.9800000e+05
   2.0812580e+03   5.9700000e+05
   2.0806249e+03   5.9600000e+05
   2.0800000e+03   5.9501326e+05
   2.0799916e+03   5.9500000e+05
   2.0793605e+03   5.9400000e+05
   2.0787327e+03   5.9300000e+05
   2.0780993e+03   5.9200000e+05
   2.0774699e+03   5.9100000e+05
   2.0768270e+03   5.9000000e+05
   2.0761768e+03   5.8900000e+05
   2.0755409e+03   5.8800000e+05
   2.0749164e+03   5.8700000e+05
   2.0742824e+03   5.8600000e+05
   2.0736364e+03   5.8500000e+05
   2.0729982e+03   5.8400000e+05
   2.0723565e+03   5.8300000e+05
   2.0716823e+03   5.8200000e+05
   2.0710308e+03   5.8100000e+05
   2.0703928e+03   5.8000000e+05
   2.0700000e+03   5.7938482e+05
   2.0697563e+03   5.7900000e+05
   2.0691209e+03   5.7800000e+05
   2.0684826e+03   5.7700000e+05
   2.0678441e+03   5.7600000e+05
   2.0672068e+03   5.7500000e+05
   2.0665731e+03   5.7400000e+05
   2.0659313e+03   5.7300000e+05
   2.0652882e+03   5.7200000e+05
   2.0646373e+03   5.7100000e+05
   2.0640116e+03   5.7000000e+05
   2.0633637e+03   5.6900000e+05
   2.0627223e+03   5.6800000e+05
   2.0620828e+03   5.6700000e+05
   2.0614262e+03   5.6600000e+05
   2.0607713e+03   5.6500000e+05
   2.0601144e+03   5.6400000e+05
   2.0600000e+03   5.6382620e+05
   2.0594564e+03   5.6300000e+05
   2.0587993e+03   5.6200000e+05
   2.0581430e+03   5.6100000e+05
   2.0574835e+03   5.6000000e+05
   2.0568320e+03   5.5900000e+05
   2.0561849e+03   5.5800000e+05
   2.0555350e+03   5.5700000e+05
   2.0548842e+03   5.5600000e+05
   2.0542333e+03   5.5500000e+05
   2.0535825e+03   5.5400000e+05
   2.0529379e+03   5.5300000e+05
   2.0522792e+03   5.5200000e+05
   2.0516275e+03   5.5100000e+05
   2.0509772e+03   5.5000000e+05
   2.0503241e+03   5.4900000e+05
   2.0500000e+03   5.4850254e+05
   2.0496769e+03   5.4800000e+05
   2.0490323e+03   5.4700000e+05
   2.0483845e+03   5.4600000e+05
   2.0477299e+03   5.4500000e+05
   2.0470797e+03   5.4400000e+05
   2.0463957e+03   5.4300000e+05
   2.0457373e+03   5.4200000e+05
   2.0450782e+03   5.4100000e+05
   2.0444155e+03   5.4000000e+05
   2.0437535e+03   5.3900000e+05
   2.0430887e+03   5.3800000e+05
   2.0424272e+03   5.3700000e+05
   2.0417612e+03   5.3600000e+05
   2.0410952e+03   5.3500000e+05
   2.0404309e+03   5.3400000e+05
   2.0400000e+03   5.3335627e+05
   2.0397635e+03   5.3300000e+05
   2.0391034e+03   5.3200000e+05
   2.0384565e+03   5.3100000e+05
   2.0377977e+03   5.3000000e+05
   2.0371387e+03   5.2900000e+05
   2.0364761e+03   5.2800000e+05
   2.0358096e+03   5.2700000e+05
   2.0351381e+03   5.2600000e+05
   2.0344737e+03   5.2500000e+05
   2.0338101e+03   5.2400000e+05
   2.0331459e+03   5.2300000e+05
   2.0324955e+03   5.2200000e+05
   2.0318122e+03   5.2100000e+05
   2.0311391e+03   5.2000000e+05
   2.0304657e+03   5.1900000e+05
   2.0300000e+03   5.1830825e+05
   2.0297930e+03   5.1800000e+05
   2.0291197e+03   5.1700000e+05
   2.0284475e+03   5.1600000e+05
   2.0277714e+03   5.1500000e+05
   2.0270972e+03   5.1400000e+05
   2.0264237e+03   5.1300000e+05
   2.0257464e+03   5.1200000e+05
   2.0250700e+03   5.1100000e+05
   2.0243927e+03   5.1000000e+05
   2.0237150e+03   5.0900000e+05
   2.0230457e+03   5.0800000e+05
   2.0223662e+03   5.0700000e+05
   2.0216927e+03   5.0600000e+05
   2.0210177e+03   5.0500000e+05
   2.0203414e+03   5.0400000e+05
   2.0200000e+03   5.0349519e+05
   2.0196696e+03   5.0300000e+05
   2.0189948e+03   5.0200000e+05
   2.0183245e+03   5.0100000e+05
   2.0176432e+03   5.0000000e+05
   2.0169594e+03   4.9900000e+05
   2.0162734e+03   4.9800000e+05
   2.0155985e+03   4.9700000e+05
   2.0149096e+03   4.9600000e+05
   2.0142225e+03   4.9500000e+05
   2.0135396e+03   4.9400000e+05
   2.0128624e+03   4.9300000e+05
   2.0121774e+03   4.9200000e+05
   2.0114900e+03   4.9100000e+05
   2.0108019e+03   4.9000000e+05
   2.0101132e+03   4.8900000e+05
   2.0100000e+03   4.8883529e+05
   2.0094308e+03   4.8800000e+05
   2.0087440e+03   4.8700000e+05
   2.0080618e+03   4.8600000e+05
   2.0073795e+03   4.8500000e+05
   2.0066960e+03   4.8400000e+05
   2.0060122e+03   4.8300000e+05
   2.0053314e+03   4.8200000e+05
   2.0046502e+03   4.8100000e+05
   2.0039680e+03   4.8000000e+05
   2.0032848e+03   4.7900000e+05
   2.0025976e+03   4.7800000e+05
   2.0019149e+03   4.7700000e+05
   2.0012182e+03   4.7600000e+05
   2.0005066e+03   4.7500000e+05
   2.0000000e+03   4.7428989e+05
   1.9997953e+03   4.7400000e+05
   1.9991022e+03   4.7300000e+05
   1.9984269e+03   4.7200000e+05
   1.9977150e+03   4.7100000e+05
   1.9970034e+03   4.7000000e+05
   1.9963033e+03   4.6900000e+05
   1.9956049e+03   4.6800000e+05
   1.9949066e+03   4.6700000e+05
   1.9942160e+03   4.6600000e+05
   1.9935130e+03   4.6500000e+05
   1.9928103e+03   4.6400000e+05
   1.9921097e+03   4.6300000e+05
   1.9914091e+03   4.6200000e+05
   1.9907086e+03   4.6100000e+05
   1.9900064e+03   4.6000000e+05
   1.9900000e+03   4.5999089e+05
   1.9893128e+03   4.5900000e+05
   1.9886183e+03   4.5800000e+05
   1.9879255e+03   4.5700000e+05
   1.9872321e+03   4.5600000e+05
   1.9865394e+03   4.5500000e+05
   1.9858452e+03   4.5400000e+05
   1.9851521e+03   4.5300000e+05
   1.9844569e+03   4.5200000e+05
   1.9836945e+03   4.5100000e+05
   1.9830405e+03   4.5000000e+05
   1.9823217e+03   4.4900000e+05
   1.9815959e+03   4.4800000e+05
   1.9808668e+03   4.4700000e+05
   1.9801352e+03   4.4600000e+05
   1.9800000e+03   4.4580984e+05
   1.9794314e+03   4.4500000e+05
   1.9787174e+03   4.4400000e+05
   1.9780075e+03   4.4300000e+05
   1.9772959e+03   4.4200000e+05
   1.9765934e+03   4.4100000e+05
   1.9758781e+03   4.4000000e+05
   1.9751636e+03   4.3900000e+05
   1.9744640e+03   4.3800000e+05
   1.9737388e+03   4.3700000e+05
   1.9730297e+03   4.3600000e+05
   1.9723135e+03   4.3500000e+05
   1.9716030e+03   4.3400000e+05
   1.9708921e+03   4.3300000e+05
   1.9701839e+03   4.3200000e+05
   1.9700000e+03   4.3174172e+05
   1.9694747e+03   4.3100000e+05
   1.9687666e+03   4.3000000e+05
   1.9680592e+03   4.2900000e+05
   1.9673414e+03   4.2800000e+05
   1.9666333e+03   4.2700000e+05
   1.9659288e+03   4.2600000e+05
   1.9652052e+03   4.2500000e+05
   1.9644795e+03   4.2400000e+05
   1.9637405e+03   4.2300000e+05
   1.9630186e+03   4.2200000e+05
   1.9622730e+03   4.2100000e+05
   1.9615037e+03   4.2000000e+05
   1.9607825e+03   4.1900000e+05
   1.9600641e+03   4.1800000e+05
   1.9600000e+03   4.1791164e+05
   1.9593462e+03   4.1700000e+05
   1.9586261e+03   4.1600000e+05
   1.9579059e+03   4.1500000e+05
   1.9571785e+03   4.1400000e+05
   1.9564673e+03   4.1300000e+05
   1.9557488e+03   4.1200000e+05
   1.9550269e+03   4.1100000e+05
   1.9543057e+03   4.1000000e+05
   1.9535819e+03   4.0900000e+05
   1.9528569e+03   4.0800000e+05
   1.9521306e+03   4.0700000e+05
   1.9514017e+03   4.0600000e+05
   1.9506776e+03   4.0500000e+05
   1.9500000e+03   4.0406596e+05
   1.9499520e+03   4.0400000e+05
   1.9492225e+03   4.0300000e+05
   1.9484922e+03   4.0200000e+05
   1.9477593e+03   4.0100000e+05
   1.9470251e+03   4.0000000e+05
   1.9461375e+03   3.9900000e+05
   1.9453994e+03   3.9800000e+05
   1.9446630e+03   3.9700000e+05
   1.9439242e+03   3.9600000e+05
   1.9431805e+03   3.9500000e+05
   1.9424353e+03   3.9400000e+05
   1.9416849e+03   3.9300000e+05
   1.9409303e+03   3.9200000e+05
   1.9401845e+03   3.9100000e+05
   1.9400000e+03   3.9075210e+05
   1.9394455e+03   3.9000000e+05
   1.9387049e+03   3.8900000e+05
   1.9379656e+03   3.8800000e+05
   1.9372227e+03   3.8700000e+05
   1.9364734e+03   3.8600000e+05
   1.9357269e+03   3.8500000e+05
   1.9349799e+03   3.8400000e+05
   1.9342284e+03   3.8300000e+05
   1.9334763e+03   3.8200000e+05
   1.9327215e+03   3.8100000e+05
   1.9319706e+03   3.8000000e+05
   1.9312219e+03   3.7900000e+05
   1.9305236e+03   3.7800000e+05
   1.9300000e+03   3.7730185e+05
   1.9297766e+03   3.7700000e+05
   1.9290348e+03   3.7600000e+05
   1.9282092e+03   3.7500000e+05
   1.9274562e+03   3.7400000e+05
   1.9267122e+03   3.7300000e+05
   1.9259431e+03   3.7200000e+05
   1.9251821e+03   3.7100000e+05
   1.9244614e+03   3.7000000e+05
   1.9236554e+03   3.6900000e+05
   1.9228761e+03   3.6800000e+05
   1.9221468e+03   3.6700000e+05
   1.9213545e+03   3.6600000e+05
   1.9206011e+03   3.6500000e+05
   1.9200000e+03   3.6421053e+05
   1.9198429e+03   3.6400000e+05
   1.9191315e+03   3.6300000e+05
   1.9183411e+03   3.6200000e+05
   1.9175923e+03   3.6100000e+05
   1.9168484e+03   3.6000000e+05
   1.9160841e+03   3.5900000e+05
   1.9153840e+03   3.5800000e+05
   1.9145912e+03   3.5700000e+05
   1.9138104e+03   3.5600000e+05
   1.9130655e+03   3.5500000e+05
   1.9122892e+03   3.5400000e+05
   1.9115313e+03   3.5300000e+05
   1.9107718e+03   3.5200000e+05
   1.9100121e+03   3.5100000e+05
   1.9100000e+03   3.5098419e+05
   1.9092434e+03   3.5000000e+05
   1.9084738e+03   3.4900000e+05
   1.9077059e+03   3.4800000e+05
   1.9069109e+03   3.4700000e+05
   1.9060166e+03   3.4600000e+05
   1.9052485e+03   3.4500000e+05
   1.9044758e+03   3.4400000e+05
   1.9037064e+03   3.4300000e+05
   1.9029342e+03   3.4200000e+05
   1.9021607e+03   3.4100000e+05
   1.9013818e+03   3.4000000e+05
   1.9006067e+03   3.3900000e+05
   1.9000000e+03   3.3822692e+05
   1.8998230e+03   3.3800000e+05
   1.8990537e+03   3.3700000e+05
   1.8982813e+03   3.3600000e+05
   1.8975064e+03   3.3500000e+05
   1.8967346e+03   3.3400000e+05
   1.8959610e+03   3.3300000e+05
   1.8951852e+03   3.3200000e+05
   1.8944078e+03   3.3100000e+05
   1.8936286e+03   3.3000000e+05
   1.8928462e+03   3.2900000e+05
   1.8920632e+03   3.2800000e+05
   1.8912797e+03   3.2700000e+05
   1.8904968e+03   3.2600000e+05
   1.8900000e+03   3.2536641e+05
   1.8897102e+03   3.2500000e+05
   1.8889162e+03   3.2400000e+05
   1.8881210e+03   3.2300000e+05
   1.8873258e+03   3.2200000e+05
   1.8865315e+03   3.2100000e+05
   1.8857378e+03   3.2000000e+05
   1.8849404e+03   3.1900000e+05
   1.8841394e+03   3.1800000e+05
   1.8832645e+03   3.1700000e+05
   1.8824696e+03   3.1600000e+05
   1.8816778e+03   3.1500000e+05
   1.8808894e+03   3.1400000e+05
   1.8800966e+03   3.1300000e+05
   1.8800000e+03   3.1287805e+05
   1.8793020e+03   3.1200000e+05
   1.8785047e+03   3.1100000e+05
   1.8777063e+03   3.1000000e+05
   1.8769070e+03   3.0900000e+05
   1.8761042e+03   3.0800000e+05
   1.8752974e+03   3.0700000e+05
   1.8744911e+03   3.0600000e+05
   1.8736841e+03   3.0500000e+05
   1.8728734e+03   3.0400000e+05
   1.8720619e+03   3.0300000e+05
   1.8712472e+03   3.0200000e+05
   1.8704365e+03   3.0100000e+05
   1.8700000e+03   3.0046125e+05
   1.8696289e+03   3.0000000e+05
   1.8688216e+03   2.9900000e+05
   1.8680119e+03   2.9800000e+05
   1.8671980e+03   2.9700000e+05
   1.8663840e+03   2.9600000e+05
   1.8655711e+03   2.9500000e+05
   1.8647556e+03   2.9400000e+05
   1.8639361e+03   2.9300000e+05
   1.8631159e+03   2.9200000e+05
   1.8622920e+03   2.9100000e+05
   1.8614636e+03   2.9000000e+05
   1.8606434e+03   2.8900000e+05
   1.8600000e+03   2.8822122e+05
   1.8598189e+03   2.8800000e+05
   1.8590024e+03   2.8700000e+05
   1.8581852e+03   2.8600000e+05
   1.8573561e+03   2.8500000e+05
   1.8565361e+03   2.8400000e+05
   1.8553742e+03   2.8300000e+05
   1.8527124e+03   2.8200000e+05
   1.8508655e+03   2.8100000e+05
   1.8500000e+03   2.8048667e+05
   1.8491771e+03   2.8000000e+05
   1.8476012e+03   2.7900000e+05
   1.8461903e+03   2.7800000e+05
   1.8453590e+03   2.7700000e+05
   1.8445378e+03   2.7600000e+05
   1.8437203e+03   2.7500000e+05
   1.8428917e+03   2.7400000e+05
   1.8420569e+03   2.7300000e+05
   1.8412180e+03   2.7200000e+05
   1.8403840e+03   2.7100000e+05
   1.8400000e+03   2.7051032e+05
   1.8396006e+03   2.7000000e+05
   1.8387071e+03   2.6900000e+05
   1.8378295e+03   2.6800000e+05
   1.8369654e+03   2.6700000e+05
   1.8360906e+03   2.6600000e+05
   1.8352096e+03   2.6500000e+05
   1.8343234e+03   2.6400000e+05
   1.8334271e+03   2.6300000e+05
   1.8325076e+03   2.6200000e+05
   1.8316462e+03   2.6100000e+05
   1.8306620e+03   2.6000000e+05
   1.8300000e+03   2.5930000e+05
   1.8297177e+03   2.5900000e+05
   1.8287621e+03   2.5800000e+05
   1.8278198e+03   2.5700000e+05
   1.8268097e+03   2.5600000e+05
   1.8258067e+03   2.5500000e+05
   1.8247878e+03   2.5400000e+05
   1.8237812e+03   2.5300000e+05
   1.8227121e+03   2.5200000e+05
   1.8216325e+03   2.5100000e+05
   1.8205221e+03   2.5000000e+05
   1.8200000e+03   2.4953325e+05
   1.8194056e+03   2.4900000e+05
   1.8182667e+03   2.4800000e+05
   1.8171126e+03   2.4700000e+05
   1.8158403e+03   2.4600000e+05
   1.8145441e+03   2.4500000e+05
   1.8133011e+03   2.4400000e+05
   1.8120493e+03   2.4300000e+05
   1.8105717e+03   2.4200000e+05
   1.8100000e+03   2.4159413e+05
   1.8091935e+03   2.4100000e+05
   1.8079240e+03   2.4000000e+05
   1.8065080e+03   2.3900000e+05
   1.8049779e+03   2.3800000e+05
   1.8033907e+03   2.3700000e+05
   1.8016970e+03   2.3600000e+05
   1.8000000e+03   2.3501914e+05
   1.7999673e+03   2.3500000e+05
   1.8000000e+03   2.3499742e+05
   1.8100000e+03   2.3421342e+05
   1.8120522e+03   2.3400000e+05
   1.8116875e+03   2.3300000e+05
   1.8100000e+03   2.3236497e+05
   1.8089437e+03   2.3200000e+05
   1.8068296e+03   2.3100000e+05
   1.8045292e+03   2.3000000e+05
   1.8018639e+03   2.2900000e+05
   1.8030979e+03   2.2800000e+05
   1.8024625e+03   2.2700000e+05
   1.8003220e+03   2.2600000e+05
   1.8000000e+03   2.2585812e+05
   1.7980283e+03   2.2500000e+05
   1.7957175e+03   2.2400000e+05
   1.7933600e+03   2.2300000e+05
   1.7908012e+03   2.2200000e+05
   1.7900000e+03   2.2165031e+05
   1.7885328e+03   2.2100000e+05
   1.7860452e+03   2.2000000e+05
   1.7838707e+03   2.1900000e+05
   1.7812484e+03   2.1800000e+05
   1.7800000e+03   2.1738687e+05
   1.7790338e+03   2.1700000e+05
   1.7765946e+03   2.1600000e+05
   1.7738851e+03   2.1500000e+05
   1.7717338e+03   2.1400000e+05
   1.7700000e+03   2.1319274e+05
   1.7696226e+03   2.1300000e+05
   1.7686822e+03   2.1200000e+05
   1.7677456e+03   2.1100000e+05
   1.7668527e+03   2.1000000e+05
   1.7659564e+03   2.0900000e+05
   1.7650473e+03   2.0800000e+05
   1.7641509e+03   2.0700000e+05
   1.7632437e+03   2.0600000e+05
   1.7623339e+03   2.0500000e+05
   1.7614192e+03   2.0400000e+05
   1.7605047e+03   2.0300000e+05
   1.7600000e+03   2.0245268e+05
   1.7595848e+03   2.0200000e+05
   1.7586634e+03   2.0100000e+05
   1.7577482e+03   2.0000000e+05
   1.7568675e+03   1.9900000e+05
   1.7561639e+03   1.9800000e+05
   1.7554571e+03   1.9700000e+05
   1.7547504e+03   1.9600000e+05
   1.7540396e+03   1.9500000e+05
   1.7533295e+03   1.9400000e+05
   1.7526186e+03   1.9300000e+05
   1.7519014e+03   1.9200000e+05
   1.7511855e+03   1.9100000e+05
   1.7504683e+03   1.9000000e+05
   1.7500000e+03   1.8935081e+05
   1.7497483e+03   1.8900000e+05
   1.7490305e+03   1.8800000e+05
   1.7483119e+03   1.8700000e+05
   1.7475900e+03   1.8600000e+05
   1.7468662e+03   1.8500000e+05
   1.7458049e+03   1.8400000e+05
   1.7428763e+03   1.8300000e+05
   1.7400000e+03   1.8207215e+05
   1.7396499e+03   1.8200000e+05
   1.7324617e+03   1.8100000e+05
   1.7300000e+03   1.8041069e+05
   1.7282793e+03   1.8000000e+05
   1.7243142e+03   1.7900000e+05
   1.7204133e+03   1.7800000e+05
   1.7200000e+03   1.7788023e+05
   1.7168042e+03   1.7700000e+05
   1.7134677e+03   1.7600000e+05
   1.7122691e+03   1.7500000e+05
   1.7114673e+03   1.7400000e+05
   1.7106677e+03   1.7300000e+05
   1.7100000e+03   1.7216872e+05
   1.7098652e+03   1.7200000e+05
   1.7090637e+03   1.7100000e+05
   1.7082601e+03   1.7000000e+05
   1.7074540e+03   1.6900000e+05
   1.7066494e+03   1.6800000e+05
   1.7058412e+03   1.6700000e+05
   1.7050295e+03   1.6600000e+05
   1.7042152e+03   1.6500000e+05
   1.7033997e+03   1.6400000e+05
   1.7025835e+03   1.6300000e+05
   1.7017641e+03   1.6200000e+05
   1.7009434e+03   1.6100000e+05
   1.7001260e+03   1.6000000e+05
   1.7000000e+03   1.5984925e+05
   1.6992943e+03   1.5900000e+05
   1.6986042e+03   1.5800000e+05
   1.6979185e+03   1.5700000e+05
   1.6972150e+03   1.5600000e+05
   1.6965109e+03   1.5500000e+05
   1.6957917e+03   1.5400000e+05
   1.6950514e+03   1.5300000e+05
   1.6943141e+03   1.5200000e+05
   1.6935893e+03   1.5100000e+05
   1.6928730e+03   1.5000000e+05
   1.6921559e+03   1.4900000e+05
   1.6914107e+03   1.4800000e+05
   1.6906696e+03   1.4700000e+05
   1.6900000e+03   1.4611213e+05
   1.6899160e+03   1.4600000e+05
   1.6891655e+03   1.4500000e+05
   1.6884428e+03   1.4400000e+05
   1.6877072e+03   1.4300000e+05
   1.6869411e+03   1.4200000e+05
   1.6861702e+03   1.4100000e+05
   1.6853804e+03   1.4000000e+05
   1.6845948e+03   1.3900000e+05
   1.6838123e+03   1.3800000e+05
   1.6830330e+03   1.3700000e+05
   1.6822115e+03   1.3600000e+05
   1.6800000e+03   1.3500557e+05
   1.6799896e+03   1.3500000e+05
   1.6700000e+03   1.3434349e+05
   1.6662713e+03   1.3400000e+05
   1.6600000e+03   1.3338200e+05
   1.6558625e+03   1.3300000e+05
   1.6500091e+03   1.3200000e+05
   1.6500000e+03   1.3197892e+05
   1.6495643e+03   1.3100000e+05
   1.6491208e+03   1.3000000e+05
   1.6488021e+03   1.2900000e+05
   1.6482917e+03   1.2800000e+05
   1.6477899e+03   1.2700000e+05
   1.6473185e+03   1.2600000e+05
   1.6466910e+03   1.2500000e+05
   1.6461266e+03   1.2400000e+05
   1.6455279e+03   1.2300000e+05
   1.6448885e+03   1.2200000e+05
   1.6442491e+03   1.2100000e+05
   1.6435826e+03   1.2000000e+05
   1.6429031e+03   1.1900000e+05
   1.6422123e+03   1.1800000e+05
   1.6414975e+03   1.1700000e+05
   1.6407671e+03   1.1600000e+05
   1.6400239e+03   1.1500000e+05
   1.6400000e+03   1.1496837e+05
   1.6392699e+03   1.1400000e+05
   1.6384947e+03   1.1300000e+05
   1.6377068e+03   1.1200000e+05
   1.6369033e+03   1.1100000e+05
   1.6360966e+03   1.1000000e+05
   1.6352788e+03   1.0900000e+05
   1.6344137e+03   1.0800000e+05
   1.6335707e+03   1.0700000e+05
   1.6327482e+03   1.0600000e+05
   1.6318559e+03   1.0500000e+05
   1.6309639e+03   1.0400000e+05
   1.6301150e+03   1.0300000e+05
   1.6300000e+03   1.0286677e+05
   1.6292564e+03   1.0200000e+05
   1.6283961e+03   1.0100000e+05
   1.6274770e+03   1.0000000e+05
   1.6265428e+03   9.9000000e+04
   1.6255764e+03   9.8000000e+04
   1.6236152e+03   9.7000000e+04
   1.6207240e+03   9.6000000e+04
   1.6200000e+03   9.5166412e+04
   1.6198558e+03   9.5000000e+04
   1.6189327e+03   9.4000000e+04
   1.6180438e+03   9.3000000e+04
   1.6171217e+03   9.2000000e+04
   1.6161842e+03   9.1000000e+04
   1.6153024e+03   9.0000000e+04
   1.6143569e+03   8.9000000e+04
   1.6134490e+03   8.8000000e+04
   1.6125069e+03   8.7000000e+04
   1.6116120e+03   8.6000000e+04
   1.6106041e+03   8.5000000e+04
   1.6100000e+03   8.4427861e+04
   1.6095520e+03   8.4000000e+04
   1.6086370e+03   8.3000000e+04
   1.6075746e+03   8.2000000e+04
   1.6065972e+03   8.1000000e+04
   1.6056092e+03   8.0000000e+04
   1.6046030e+03   7.9000000e+04
   1.6035965e+03   7.8000000e+04
   1.6025891e+03   7.7000000e+04
   1.6015720e+03   7.6000000e+04
   1.6005410e+03   7.5000000e+04
   1.6000000e+03   7.4474083e+04
   1.5995154e+03   7.4000000e+04
   1.5984779e+03   7.3000000e+04
   1.5974374e+03   7.2000000e+04
   1.5963952e+03   7.1000000e+04
   1.5953355e+03   7.0000000e+04
   1.5942743e+03   6.9000000e+04
   1.5932048e+03   6.8000000e+04
   1.5921191e+03   6.7000000e+04
   1.5910330e+03   6.6000000e+04
   1.5900000e+03   6.5050888e+04
   1.5899449e+03   6.5000000e+04
   1.5888405e+03   6.4000000e+04
   1.5877438e+03   6.3000000e+04
   1.5866385e+03   6.2000000e+04
   1.5854908e+03   6.1000000e+04
   1.5843319e+03   6.0000000e+04
   1.5831727e+03   5.9000000e+04
   1.5820640e+03   5.8000000e+04
   1.5809069e+03   5.7000000e+04
   1.5800000e+03   5.6246809e+04
   1.5797054e+03   5.6000000e+04
   1.5785424e+03   5.5000000e+04
   1.5773917e+03   5.4000000e+04
   1.5762265e+03   5.3000000e+04
   1.5750509e+03   5.2000000e+04
   1.5738658e+03   5.1000000e+04
   1.5726544e+03   5.0000000e+04
   1.5714277e+03   4.9000000e+04
   1.5701909e+03   4.8000000e+04
   1.5700000e+03   4.7844969e+04
   1.5689653e+03   4.7000000e+04
   1.5677006e+03   4.6000000e+04
   1.5664304e+03   4.5000000e+04
   1.5651498e+03   4.4000000e+04
   1.5638560e+03   4.3000000e+04
   1.5625541e+03   4.2000000e+04
   1.5612358e+03   4.1000000e+04
   1.5600000e+03   4.0074906e+04
   1.5599005e+03   4.0000000e+04
   1.5585539e+03   3.9000000e+04
   1.5572082e+03   3.8000000e+04
   1.5558332e+03   3.7000000e+04
   1.5544040e+03   3.6000000e+04
   1.5529899e+03   3.5000000e+04
   1.5515458e+03   3.4000000e+04
   1.5500827e+03   3.3000000e+04
   1.5500000e+03   3.2944811e+04
   1.5485921e+03   3.2000000e+04
   1.5470647e+03   3.1000000e+04
   1.5454974e+03   3.0000000e+04
   1.5439050e+03   2.9000000e+04
   1.5422932e+03   2.8000000e+04
   1.5406222e+03   2.7000000e+04
   1.5400000e+03   2.6644150e+04
   1.5388820e+03   2.6000000e+04
   1.5370963e+03   2.5000000e+04
   1.5352609e+03   2.4000000e+04
   1.5333289e+03   2.3000000e+04
   1.5312997e+03   2.2000000e+04
   1.5300000e+03   2.1389792e+04
   1.5291772e+03   2.1000000e+04
   1.5269560e+03   2.0000000e+04
   1.5245803e+03   1.9000000e+04
   1.5200000e+03   1.8250048e+04
   1.5184376e+03   1.8000000e+04
   1.5169938e+03   1.7000000e+04
   1.5155277e+03   1.6000000e+04
   1.5140551e+03   1.5000000e+04
   1.5125739e+03   1.4000000e+04
   1.5110787e+03   1.3000000e+04
   1.5100000e+03   1.2286957e+04
   1.5095691e+03   1.2000000e+04
   1.5080643e+03   1.1000000e+04
   1.5065405e+03   1.0000000e+04
   1.5050030e+03   9.0000000e+03
   1.5034547e+03   8.0000000e+03
   1.5037529e+03   7.0000000e+03
   1.5049290e+03   6.0000000e+03
   1.5048691e+03   5.0000000e+03
   1.5043777e+03   4.0000000e+03
   1.5035198e+03   3.0000000e+03
   1.5025000e+03   2.0000000e+03
   1.5013278e+03   1.0000000e+03
   1.5000000e+03   0.0000000e+00
   1.5000000e+03   0.0000000e+00
