   2.7746353e+03   1.3500000e+06
   2.7740656e+03   1.3490000e+06
   2.7734959e+03   1.3480000e+06
   2.7729255e+03   1.3470000e+06
   2.7723542e+03   1.3460000e+06
   2.7717841e+03   1.3450000e+06
   2.7712143e+03   1.3440000e+06
   2.7706599e+03   1.3430000e+06
   2.7701174e+03   1.3420000e+06
   2.7700000e+03   1.3417930e+06
   2.7695471e+03   1.3410000e+06
   2.7689754e+03   1.3400000e+06
   2.7684040e+03   1.3390000e+06
   2.7678169e+03   1.3380000e+06
   2.7672441e+03   1.3370000e+06
   2.7666801e+03   1.3360000e+06
   2.7661035e+03   1.3350000e+06
   2.7655273e+03   1.3340000e+06
   2.7649453e+03   1.3330000e+06
   2.7643673e+03   1.3320000e+06
   2.7637985e+03   1.3310000e+06
   2.7632136e+03   1.3300000e+06
   2.7626372e+03   1.3290000e+06
   2.7620509e+03   1.3280000e+06
   2.7614742e+03   1.3270000e+06
   2.7608963e+03   1.3260000e+06
   2.7603195e+03   1.3250000e+06
   2.7600000e+03   1.3244500e+06
   2.7597394e+03   1.3240000e+06
   2.7591583e+03   1.3230000e+06
   2.7585778e+03   1.3220000e+06
   2.7580062e+03   1.3210000e+06
   2.7574243e+03   1.3200000e+06
   2.7568440e+03   1.3190000e+06
   2.7562625e+03   1.3180000e+06
   2.7556806e+03   1.3170000e+06
   2.7550979e+03   1.3160000e+06
   2.7545161e+03   1.3150000e+06
   2.7539315e+03   1.3140000e+06
   2.7533489e+03   1.3130000e+06
   2.7527697e+03   1.3120000e+06
   2.7521815e+03   1.3110000e+06
   2.7515988e+03   1.3100000e+06
   2.7510162e+03   1.3090000e+06
   2.7504335e+03   1.3080000e+06
   2.7500000e+03   1.3072586e+06
   2.7498493e+03   1.3070000e+06
   2.7492686e+03   1.3060000e+06
   2.7486800e+03   1.3050000e+06
   2.7480988e+03   1.3040000e+06
   2.7475138e+03   1.3030000e+06
   2.7469289e+03   1.3020000e+06
   2.7463425e+03   1.3010000e+06
   2.7457576e+03   1.3000000e+06
   2.7451774e+03   1.2990000e+06
   2.7445869e+03   1.2980000e+06
   2.7440044e+03   1.2970000e+06
   2.7434197e+03   1.2960000e+06
   2.7428350e+03   1.2950000e+06
   2.7422520e+03   1.2940000e+06
   2.7416667e+03   1.2930000e+06
   2.7410804e+03   1.2920000e+06
   2.7404915e+03   1.2910000e+06
   2.7400000e+03   1.2901654e+06
   2.7399042e+03   1.2900000e+06
   2.7393217e+03   1.2890000e+06
   2.7387426e+03   1.2880000e+06
   2.7381632e+03   1.2870000e+06
   2.7375859e+03   1.2860000e+06
   2.7370334e+03   1.2850000e+06
   2.7364739e+03   1.2840000e+06
   2.7359095e+03   1.2830000e+06
   2.7353802e+03   1.2820000e+06
   2.7348137e+03   1.2810000e+06
   2.7342330e+03   1.2800000e+06
   2.7336584e+03   1.2790000e+06
   2.7330712e+03   1.2780000e+06
   2.7324994e+03   1.2770000e+06
   2.7319111e+03   1.2760000e+06
   2.7313219e+03   1.2750000e+06
   2.7307288e+03   1.2740000e+06
   2.7301390e+03   1.2730000e+06
   2.7300000e+03   1.2727640e+06
   2.7295515e+03   1.2720000e+06
   2.7289624e+03   1.2710000e+06
   2.7283714e+03   1.2700000e+06
   2.7277819e+03   1.2690000e+06
   2.7271912e+03   1.2680000e+06
   2.7266000e+03   1.2670000e+06
   2.7260088e+03   1.2660000e+06
   2.7254164e+03   1.2650000e+06
   2.7248243e+03   1.2640000e+06
   2.7242311e+03   1.2630000e+06
   2.7236380e+03   1.2620000e+06
   2.7230448e+03   1.2610000e+06
   2.7224511e+03   1.2600000e+06
   2.7218577e+03   1.2590000e+06
   2.7212635e+03   1.2580000e+06
   2.7206678e+03   1.2570000e+06
   2.7200681e+03   1.2560000e+06
   2.7200000e+03   1.2558856e+06
   2.7194751e+03   1.2550000e+06
   2.7188826e+03   1.2540000e+06
   2.7182892e+03   1.2530000e+06
   2.7176985e+03   1.2520000e+06
   2.7171066e+03   1.2510000e+06
   2.7165135e+03   1.2500000e+06
   2.7159190e+03   1.2490000e+06
   2.7153136e+03   1.2480000e+06
   2.7147287e+03   1.2470000e+06
   2.7141335e+03   1.2460000e+06
   2.7135353e+03   1.2450000e+06
   2.7129374e+03   1.2440000e+06
   2.7123410e+03   1.2430000e+06
   2.7117996e+03   1.2420000e+06
   2.7111475e+03   1.2410000e+06
   2.7105507e+03   1.2400000e+06
   2.7100000e+03   1.2390803e+06
   2.7099521e+03   1.2390000e+06
   2.7093590e+03   1.2380000e+06
   2.7087718e+03   1.2370000e+06
   2.7081904e+03   1.2360000e+06
   2.7076181e+03   1.2350000e+06
   2.7070640e+03   1.2340000e+06
   2.7065319e+03   1.2330000e+06
   2.7059712e+03   1.2320000e+06
   2.7054047e+03   1.2310000e+06
   2.7048342e+03   1.2300000e+06
   2.7042565e+03   1.2290000e+06
   2.7036601e+03   1.2280000e+06
   2.7030588e+03   1.2270000e+06
   2.7024575e+03   1.2260000e+06
   2.7018580e+03   1.2250000e+06
   2.7012568e+03   1.2240000e+06
   2.7006555e+03   1.2230000e+06
   2.7000544e+03   1.2220000e+06
   2.7000000e+03   1.2219094e+06
   2.6994551e+03   1.2210000e+06
   2.6988537e+03   1.2200000e+06
   2.6982527e+03   1.2190000e+06
   2.6976514e+03   1.2180000e+06
   2.6970501e+03   1.2170000e+06
   2.6964858e+03   1.2160000e+06
   2.6958606e+03   1.2150000e+06
   2.6952600e+03   1.2140000e+06
   2.6946713e+03   1.2130000e+06
   2.6941079e+03   1.2120000e+06
   2.6934781e+03   1.2110000e+06
   2.6928851e+03   1.2100000e+06
   2.6922846e+03   1.2090000e+06
   2.6913453e+03   1.2080000e+06
   2.6900000e+03   1.2075809e+06
   2.6881914e+03   1.2070000e+06
   2.6849053e+03   1.2060000e+06
   2.6800000e+03   1.2050255e+06
   2.6799024e+03   1.2050000e+06
   2.6751884e+03   1.2040000e+06
   2.6715526e+03   1.2030000e+06
   2.6700000e+03   1.2026577e+06
   2.6673754e+03   1.2020000e+06
   2.6624456e+03   1.2010000e+06
   2.6600000e+03   1.2002857e+06
   2.6587544e+03   1.2000000e+06
   2.6552545e+03   1.1990000e+06
   2.6515188e+03   1.1980000e+06
   2.6510145e+03   1.1970000e+06
   2.6505143e+03   1.1960000e+06
   2.6500022e+03   1.1950000e+06
   2.6500000e+03   1.1949959e+06
   2.6494792e+03   1.1940000e+06
   2.6489571e+03   1.1930000e+06
   2.6484699e+03   1.1920000e+06
   2.6479417e+03   1.1910000e+06
   2.6474610e+03   1.1900000e+06
   2.6469252e+03   1.1890000e+06
   2.6464400e+03   1.1880000e+06
   2.6459234e+03   1.1870000e+06
   2.6454084e+03   1.1860000e+06
   2.6448921e+03   1.1850000e+06
   2.6443800e+03   1.1840000e+06
   2.6438702e+03   1.1830000e+06
   2.6433628e+03   1.1820000e+06
   2.6428538e+03   1.1810000e+06
   2.6423410e+03   1.1800000e+06
   2.6418290e+03   1.1790000e+06
   2.6413167e+03   1.1780000e+06
   2.6408004e+03   1.1770000e+06
   2.6402755e+03   1.1760000e+06
   2.6400000e+03   1.1754733e+06
   2.6397521e+03   1.1750000e+06
   2.6392293e+03   1.1740000e+06
   2.6387059e+03   1.1730000e+06
   2.6381842e+03   1.1720000e+06
   2.6376689e+03   1.1710000e+06
   2.6371606e+03   1.1700000e+06
   2.6366509e+03   1.1690000e+06
   2.6361415e+03   1.1680000e+06
   2.6356304e+03   1.1670000e+06
   2.6351200e+03   1.1660000e+06
   2.6345748e+03   1.1650000e+06
   2.6340850e+03   1.1640000e+06
   2.6335811e+03   1.1630000e+06
   2.6330588e+03   1.1620000e+06
   2.6325328e+03   1.1610000e+06
   2.6320052e+03   1.1600000e+06
   2.6314766e+03   1.1590000e+06
   2.6309516e+03   1.1580000e+06
   2.6304337e+03   1.1570000e+06
   2.6300000e+03   1.1562406e+06
   2.6298637e+03   1.1560000e+06
   2.6293526e+03   1.1550000e+06
   2.6288397e+03   1.1540000e+06
   2.6283266e+03   1.1530000e+06
   2.6278126e+03   1.1520000e+06
   2.6272989e+03   1.1510000e+06
   2.6267792e+03   1.1500000e+06
   2.6262658e+03   1.1490000e+06
   2.6257657e+03   1.1480000e+06
   2.6252463e+03   1.1470000e+06
   2.6247255e+03   1.1460000e+06
   2.6241960e+03   1.1450000e+06
   2.6236717e+03   1.1440000e+06
   2.6231563e+03   1.1430000e+06
   2.6225580e+03   1.1420000e+06
   2.6220321e+03   1.1410000e+06
   2.6215076e+03   1.1400000e+06
   2.6209874e+03   1.1390000e+06
   2.6204692e+03   1.1380000e+06
   2.6200000e+03   1.1370947e+06
   2.6199514e+03   1.1370000e+06
   2.6194192e+03   1.1360000e+06
   2.6188858e+03   1.1350000e+06
   2.6183629e+03   1.1340000e+06
   2.6178862e+03   1.1330000e+06
   2.6173407e+03   1.1320000e+06
   2.6168052e+03   1.1310000e+06
   2.6162959e+03   1.1300000e+06
   2.6160477e+03   1.1290000e+06
   2.6156147e+03   1.1280000e+06
   2.6151507e+03   1.1270000e+06
   2.6146419e+03   1.1260000e+06
   2.6141611e+03   1.1250000e+06
   2.6136303e+03   1.1240000e+06
   2.6131483e+03   1.1230000e+06
   2.6126636e+03   1.1220000e+06
   2.6120933e+03   1.1210000e+06
   2.6109964e+03   1.1200000e+06
   2.6104765e+03   1.1190000e+06
   2.6100000e+03   1.1181255e+06
   2.6099371e+03   1.1180000e+06
   2.6094816e+03   1.1170000e+06
   2.6089644e+03   1.1160000e+06
   2.6084657e+03   1.1150000e+06
   2.6079936e+03   1.1140000e+06
   2.6074901e+03   1.1130000e+06
   2.6070030e+03   1.1120000e+06
   2.6065095e+03   1.1110000e+06
   2.6060167e+03   1.1100000e+06
   2.6055185e+03   1.1090000e+06
   2.6050268e+03   1.1080000e+06
   2.6041488e+03   1.1070000e+06
   2.6036122e+03   1.1060000e+06
   2.6030863e+03   1.1050000e+06
   2.6025485e+03   1.1040000e+06
   2.6020196e+03   1.1030000e+06
   2.6014913e+03   1.1020000e+06
   2.6009683e+03   1.1010000e+06
   2.6004364e+03   1.1000000e+06
   2.6000000e+03   1.0991929e+06
   2.5999031e+03   1.0990000e+06
   2.5994163e+03   1.0980000e+06
   2.5989185e+03   1.0970000e+06
   2.5984282e+03   1.0960000e+06
   2.5979291e+03   1.0950000e+06
   2.5974377e+03   1.0940000e+06
   2.5969410e+03   1.0930000e+06
   2.5961871e+03   1.0920000e+06
   2.5956555e+03   1.0910000e+06
   2.5951261e+03   1.0900000e+06
   2.5945927e+03   1.0890000e+06
   2.5940543e+03   1.0880000e+06
   2.5935339e+03   1.0870000e+06
   2.5929875e+03   1.0860000e+06
   2.5924528e+03   1.0850000e+06
   2.5919194e+03   1.0840000e+06
   2.5913792e+03   1.0830000e+06
   2.5908487e+03   1.0820000e+06
   2.5903120e+03   1.0810000e+06
   2.5900000e+03   1.0804167e+06
   2.5897930e+03   1.0800000e+06
   2.5892881e+03   1.0790000e+06
   2.5887106e+03   1.0780000e+06
   2.5881780e+03   1.0770000e+06
   2.5876426e+03   1.0760000e+06
   2.5871118e+03   1.0750000e+06
   2.5865730e+03   1.0740000e+06
   2.5860376e+03   1.0730000e+06
   2.5855065e+03   1.0720000e+06
   2.5849619e+03   1.0710000e+06
   2.5844264e+03   1.0700000e+06
   2.5838850e+03   1.0690000e+06
   2.5833488e+03   1.0680000e+06
   2.5828110e+03   1.0670000e+06
   2.5822752e+03   1.0660000e+06
   2.5817265e+03   1.0650000e+06
   2.5811872e+03   1.0640000e+06
   2.5806444e+03   1.0630000e+06
   2.5801035e+03   1.0620000e+06
   2.5800000e+03   1.0618086e+06
   2.5795645e+03   1.0610000e+06
   2.5790263e+03   1.0600000e+06
   2.5784861e+03   1.0590000e+06
   2.5779470e+03   1.0580000e+06
   2.5774032e+03   1.0570000e+06
   2.5768638e+03   1.0560000e+06
   2.5763255e+03   1.0550000e+06
   2.5757865e+03   1.0540000e+06
   2.5752484e+03   1.0530000e+06
   2.5747063e+03   1.0520000e+06
   2.5741667e+03   1.0510000e+06
   2.5736157e+03   1.0500000e+06
   2.5730782e+03   1.0490000e+06
   2.5725368e+03   1.0480000e+06
   2.5719899e+03   1.0470000e+06
   2.5714448e+03   1.0460000e+06
   2.5708980e+03   1.0450000e+06
   2.5703532e+03   1.0440000e+06
   2.5700000e+03   1.0433463e+06
   2.5698133e+03   1.0430000e+06
   2.5692719e+03   1.0420000e+06
   2.5687202e+03   1.0410000e+06
   2.5681727e+03   1.0400000e+06
   2.5676267e+03   1.0390000e+06
   2.5670794e+03   1.0380000e+06
   2.5665362e+03   1.0370000e+06
   2.5659929e+03   1.0360000e+06
   2.5654460e+03   1.0350000e+06
   2.5648984e+03   1.0340000e+06
   2.5643539e+03   1.0330000e+06
   2.5638047e+03   1.0320000e+06
   2.5632494e+03   1.0310000e+06
   2.5626971e+03   1.0300000e+06
   2.5621599e+03   1.0290000e+06
   2.5615947e+03   1.0280000e+06
   2.5610377e+03   1.0270000e+06
   2.5605001e+03   1.0260000e+06
   2.5600000e+03   1.0250808e+06
   2.5599562e+03   1.0250000e+06
   2.5593880e+03   1.0240000e+06
   2.5588276e+03   1.0230000e+06
   2.5583024e+03   1.0220000e+06
   2.5577519e+03   1.0210000e+06
   2.5571965e+03   1.0200000e+06
   2.5566451e+03   1.0190000e+06
   2.5560938e+03   1.0180000e+06
   2.5555419e+03   1.0170000e+06
   2.5549896e+03   1.0160000e+06
   2.5544352e+03   1.0150000e+06
   2.5538804e+03   1.0140000e+06
   2.5533271e+03   1.0130000e+06
   2.5527769e+03   1.0120000e+06
   2.5522167e+03   1.0110000e+06
   2.5516625e+03   1.0100000e+06
   2.5511079e+03   1.0090000e+06
   2.5505519e+03   1.0080000e+06
   2.5500000e+03   1.0070000e+06
   2.5500000e+03   1.0070000e+06
   2.5494402e+03   1.0060000e+06
   2.5488928e+03   1.0050000e+06
   2.5483354e+03   1.0040000e+06
   2.5477842e+03   1.0030000e+06
   2.5472207e+03   1.0020000e+06
   2.5466632e+03   1.0010000e+06
   2.5461036e+03   1.0000000e+06
   2.5455546e+03   9.9900000e+05
   2.5449907e+03   9.9800000e+05
   2.5444322e+03   9.9700000e+05
   2.5438781e+03   9.9600000e+05
   2.5433174e+03   9.9500000e+05
   2.5427588e+03   9.9400000e+05
   2.5421973e+03   9.9300000e+05
   2.5416404e+03   9.9200000e+05
   2.5410784e+03   9.9100000e+05
   2.5405185e+03   9.9000000e+05
   2.5400000e+03   9.8907749e+05
   2.5399566e+03   9.8900000e+05
   2.5393977e+03   9.8800000e+05
   2.5388392e+03   9.8700000e+05
   2.5382762e+03   9.8600000e+05
   2.5377152e+03   9.8500000e+05
   2.5371532e+03   9.8400000e+05
   2.5365924e+03   9.8300000e+05
   2.5360289e+03   9.8200000e+05
   2.5354654e+03   9.8100000e+05
   2.5349134e+03   9.8000000e+05
   2.5343511e+03   9.7900000e+05
   2.5337817e+03   9.7800000e+05
   2.5332171e+03   9.7700000e+05
   2.5326512e+03   9.7600000e+05
   2.5320859e+03   9.7500000e+05
   2.5315203e+03   9.7400000e+05
   2.5309562e+03   9.7300000e+05
   2.5303862e+03   9.7200000e+05
   2.5300000e+03   9.7131752e+05
   2.5298212e+03   9.7100000e+05
   2.5292581e+03   9.7000000e+05
   2.5286950e+03   9.6900000e+05
   2.5281312e+03   9.6800000e+05
   2.5275647e+03   9.6700000e+05
   2.5269984e+03   9.6600000e+05
   2.5264296e+03   9.6500000e+05
   2.5258602e+03   9.6400000e+05
   2.5252889e+03   9.6300000e+05
   2.5247204e+03   9.6200000e+05
   2.5241513e+03   9.6100000e+05
   2.5235841e+03   9.6000000e+05
   2.5230177e+03   9.5900000e+05
   2.5224507e+03   9.5800000e+05
   2.5218800e+03   9.5700000e+05
   2.5213124e+03   9.5600000e+05
   2.5207433e+03   9.5500000e+05
   2.5201725e+03   9.5400000e+05
   2.5200000e+03   9.5369892e+05
   2.5196010e+03   9.5300000e+05
   2.5190301e+03   9.5200000e+05
   2.5184592e+03   9.5100000e+05
   2.5178862e+03   9.5000000e+05
   2.5173133e+03   9.4900000e+05
   2.5167410e+03   9.4800000e+05
   2.5161682e+03   9.4700000e+05
   2.5155953e+03   9.4600000e+05
   2.5150225e+03   9.4500000e+05
   2.5144497e+03   9.4400000e+05
   2.5138748e+03   9.4300000e+05
   2.5132999e+03   9.4200000e+05
   2.5127271e+03   9.4100000e+05
   2.5121534e+03   9.4000000e+05
   2.5115767e+03   9.3900000e+05
   2.5110025e+03   9.3800000e+05
   2.5104276e+03   9.3700000e+05
   2.5100000e+03   9.3625623e+05
   2.5098533e+03   9.3600000e+05
   2.5092767e+03   9.3500000e+05
   2.5087001e+03   9.3400000e+05
   2.5081235e+03   9.3300000e+05
   2.5075448e+03   9.3200000e+05
   2.5069668e+03   9.3100000e+05
   2.5063883e+03   9.3000000e+05
   2.5058097e+03   9.2900000e+05
   2.5052312e+03   9.2800000e+05
   2.5046546e+03   9.2700000e+05
   2.5040750e+03   9.2600000e+05
   2.5034950e+03   9.2500000e+05
   2.5029156e+03   9.2400000e+05
   2.5023350e+03   9.2300000e+05
   2.5017546e+03   9.2200000e+05
   2.5011741e+03   9.2100000e+05
   2.5005930e+03   9.2000000e+05
   2.5000122e+03   9.1900000e+05
   2.5000000e+03   9.1897895e+05
   2.4994340e+03   9.1800000e+05
   2.4988540e+03   9.1700000e+05
   2.4982738e+03   9.1600000e+05
   2.4976917e+03   9.1500000e+05
   2.4971089e+03   9.1400000e+05
   2.4965261e+03   9.1300000e+05
   2.4959416e+03   9.1200000e+05
   2.4953581e+03   9.1100000e+05
   2.4947738e+03   9.1000000e+05
   2.4941903e+03   9.0900000e+05
   2.4936085e+03   9.0800000e+05
   2.4930223e+03   9.0700000e+05
   2.4924397e+03   9.0600000e+05
   2.4918552e+03   9.0500000e+05
   2.4912693e+03   9.0400000e+05
   2.4906814e+03   9.0300000e+05
   2.4900933e+03   9.0200000e+05
   2.4900000e+03   9.0184138e+05
   2.4895072e+03   9.0100000e+05
   2.4889214e+03   9.0000000e+05
   2.4883337e+03   8.9900000e+05
   2.4877475e+03   8.9800000e+05
   2.4871651e+03   8.9700000e+05
   2.4865724e+03   8.9600000e+05
   2.4859863e+03   8.9500000e+05
   2.4853970e+03   8.9400000e+05
   2.4848051e+03   8.9300000e+05
   2.4842173e+03   8.9200000e+05
   2.4836283e+03   8.9100000e+05
   2.4830390e+03   8.9000000e+05
   2.4824479e+03   8.8900000e+05
   2.4818577e+03   8.8800000e+05
   2.4812664e+03   8.8700000e+05
   2.4806729e+03   8.8600000e+05
   2.4800889e+03   8.8500000e+05
   2.4800000e+03   8.8485135e+05
   2.4794931e+03   8.8400000e+05
   2.4789090e+03   8.8300000e+05
   2.4783075e+03   8.8200000e+05
   2.4777272e+03   8.8100000e+05
   2.4771256e+03   8.8000000e+05
   2.4765324e+03   8.7900000e+05
   2.4759480e+03   8.7800000e+05
   2.4753484e+03   8.7700000e+05
   2.4747516e+03   8.7600000e+05
   2.4741601e+03   8.7500000e+05
   2.4735687e+03   8.7400000e+05
   2.4729755e+03   8.7300000e+05
   2.4723784e+03   8.7200000e+05
   2.4717856e+03   8.7100000e+05
   2.4711879e+03   8.7000000e+05
   2.4705894e+03   8.6900000e+05
   2.4700000e+03   8.6802333e+05
   2.4699860e+03   8.6800000e+05
   2.4694039e+03   8.6700000e+05
   2.4687845e+03   8.6600000e+05
   2.4681915e+03   8.6500000e+05
   2.4675937e+03   8.6400000e+05
   2.4669978e+03   8.6300000e+05
   2.4663990e+03   8.6200000e+05
   2.4658086e+03   8.6100000e+05
   2.4652047e+03   8.6000000e+05
   2.4646037e+03   8.5900000e+05
   2.4640048e+03   8.5800000e+05
   2.4634049e+03   8.5700000e+05
   2.4628027e+03   8.5600000e+05
   2.4622051e+03   8.5500000e+05
   2.4616038e+03   8.5400000e+05
   2.4610026e+03   8.5300000e+05
   2.4603991e+03   8.5200000e+05
   2.4600000e+03   8.5133887e+05
   2.4597964e+03   8.5100000e+05
   2.4591958e+03   8.5000000e+05
   2.4585957e+03   8.4900000e+05
   2.4579928e+03   8.4800000e+05
   2.4573887e+03   8.4700000e+05
   2.4567864e+03   8.4600000e+05
   2.4561836e+03   8.4500000e+05
   2.4555800e+03   8.4400000e+05
   2.4549751e+03   8.4300000e+05
   2.4543721e+03   8.4200000e+05
   2.4537685e+03   8.4100000e+05
   2.4531515e+03   8.4000000e+05
   2.4525538e+03   8.3900000e+05
   2.4519525e+03   8.3800000e+05
   2.4513248e+03   8.3700000e+05
   2.4507294e+03   8.3600000e+05
   2.4501160e+03   8.3500000e+05
   2.4500000e+03   8.3480984e+05
   2.4495087e+03   8.3400000e+05
   2.4489055e+03   8.3300000e+05
   2.4482985e+03   8.3200000e+05
   2.4476920e+03   8.3100000e+05
   2.4470852e+03   8.3000000e+05
   2.4464657e+03   8.2900000e+05
   2.4458605e+03   8.2800000e+05
   2.4452561e+03   8.2700000e+05
   2.4446490e+03   8.2600000e+05
   2.4440247e+03   8.2500000e+05
   2.4434130e+03   8.2400000e+05
   2.4428091e+03   8.2300000e+05
   2.4421990e+03   8.2200000e+05
   2.4415874e+03   8.2100000e+05
   2.4409548e+03   8.2000000e+05
   2.4403495e+03   8.1900000e+05
   2.4400000e+03   8.1842671e+05
   2.4397407e+03   8.1800000e+05
   2.4390805e+03   8.1700000e+05
   2.4384889e+03   8.1600000e+05
   2.4378633e+03   8.1500000e+05
   2.4372806e+03   8.1400000e+05
   2.4366548e+03   8.1300000e+05
   2.4360367e+03   8.1200000e+05
   2.4354246e+03   8.1100000e+05
   2.4348223e+03   8.1000000e+05
   2.4342078e+03   8.0900000e+05
   2.4335727e+03   8.0800000e+05
   2.4329909e+03   8.0700000e+05
   2.4323572e+03   8.0600000e+05
   2.4317374e+03   8.0500000e+05
   2.4312385e+03   8.0400000e+05
   2.4305723e+03   8.0300000e+05
   2.4300000e+03   8.0216825e+05
   2.4298955e+03   8.0200000e+05
   2.4292633e+03   8.0100000e+05
   2.4286471e+03   8.0000000e+05
   2.4280319e+03   7.9900000e+05
   2.4274211e+03   7.9800000e+05
   2.4267906e+03   7.9700000e+05
   2.4261764e+03   7.9600000e+05
   2.4255591e+03   7.9500000e+05
   2.4249389e+03   7.9400000e+05
   2.4243133e+03   7.9300000e+05
   2.4236906e+03   7.9200000e+05
   2.4230660e+03   7.9100000e+05
   2.4226966e+03   7.9000000e+05
   2.4219939e+03   7.8900000e+05
   2.4213183e+03   7.8800000e+05
   2.4206204e+03   7.8700000e+05
   2.4200000e+03   7.8609404e+05
   2.4199411e+03   7.8600000e+05
   2.4192861e+03   7.8500000e+05
   2.4186933e+03   7.8400000e+05
   2.4180074e+03   7.8300000e+05
   2.4174405e+03   7.8200000e+05
   2.4168242e+03   7.8100000e+05
   2.4161943e+03   7.8000000e+05
   2.4155682e+03   7.7900000e+05
   2.4149332e+03   7.7800000e+05
   2.4143065e+03   7.7700000e+05
   2.4136716e+03   7.7600000e+05
   2.4133507e+03   7.7500000e+05
   2.4126753e+03   7.7400000e+05
   2.4119753e+03   7.7300000e+05
   2.4112516e+03   7.7200000e+05
   2.4105067e+03   7.7100000e+05
   2.4100000e+03   7.7023684e+05
   2.4098664e+03   7.7000000e+05
   2.4092660e+03   7.6900000e+05
   2.4086957e+03   7.6800000e+05
   2.4080679e+03   7.6700000e+05
   2.4074152e+03   7.6600000e+05
   2.4067955e+03   7.6500000e+05
   2.4061512e+03   7.6400000e+05
   2.4061272e+03   7.6300000e+05
   2.4054426e+03   7.6200000e+05
   2.4047570e+03   7.6100000e+05
   2.4040659e+03   7.6000000e+05
   2.4033748e+03   7.5900000e+05
   2.4026878e+03   7.5800000e+05
   2.4020000e+03   7.5700000e+05
   2.4013125e+03   7.5600000e+05
   2.4006226e+03   7.5500000e+05
   2.4000000e+03   7.5410061e+05
   2.3999371e+03   7.5400000e+05
   2.3993140e+03   7.5300000e+05
   2.3986895e+03   7.5200000e+05
   2.3980625e+03   7.5100000e+05
   2.3974303e+03   7.5000000e+05
   2.3967869e+03   7.4900000e+05
   2.3961697e+03   7.4800000e+05
   2.3955210e+03   7.4700000e+05
   2.3948661e+03   7.4600000e+05
   2.3942055e+03   7.4500000e+05
   2.3935474e+03   7.4400000e+05
   2.3929040e+03   7.4300000e+05
   2.3922610e+03   7.4200000e+05
   2.3916169e+03   7.4100000e+05
   2.3909748e+03   7.4000000e+05
   2.3903256e+03   7.3900000e+05
   2.3900000e+03   7.3849091e+05
   2.3896911e+03   7.3800000e+05
   2.3890504e+03   7.3700000e+05
   2.3884158e+03   7.3600000e+05
   2.3877795e+03   7.3500000e+05
   2.3871418e+03   7.3400000e+05
   2.3865036e+03   7.3300000e+05
   2.3858655e+03   7.3200000e+05
   2.3852144e+03   7.3100000e+05
   2.3845503e+03   7.3000000e+05
   2.3838792e+03   7.2900000e+05
   2.3832964e+03   7.2800000e+05
   2.3826294e+03   7.2700000e+05
   2.3819511e+03   7.2600000e+05
   2.3813770e+03   7.2500000e+05
   2.3806236e+03   7.2400000e+05
   2.3800000e+03   7.2304154e+05
   2.3799732e+03   7.2300000e+05
   2.3793278e+03   7.2200000e+05
   2.3786872e+03   7.2100000e+05
   2.3780379e+03   7.2000000e+05
   2.3773904e+03   7.1900000e+05
   2.3767395e+03   7.1800000e+05
   2.3760885e+03   7.1700000e+05
   2.3754369e+03   7.1600000e+05
   2.3747863e+03   7.1500000e+05
   2.3741338e+03   7.1400000e+05
   2.3734815e+03   7.1300000e+05
   2.3728171e+03   7.1200000e+05
   2.3721732e+03   7.1100000e+05
   2.3715214e+03   7.1000000e+05
   2.3708659e+03   7.0900000e+05
   2.3702126e+03   7.0800000e+05
   2.3700000e+03   7.0768908e+05
   2.3695313e+03   7.0700000e+05
   2.3689048e+03   7.0600000e+05
   2.3682187e+03   7.0500000e+05
   2.3675612e+03   7.0400000e+05
   2.3669031e+03   7.0300000e+05
   2.3662440e+03   7.0200000e+05
   2.3655853e+03   7.0100000e+05
   2.3649244e+03   7.0000000e+05
   2.3642633e+03   6.9900000e+05
   2.3636024e+03   6.9800000e+05
   2.3629424e+03   6.9700000e+05
   2.3622800e+03   6.9600000e+05
   2.3616182e+03   6.9500000e+05
   2.3609545e+03   6.9400000e+05
   2.3602926e+03   6.9300000e+05
   2.3600000e+03   6.9256034e+05
   2.3596336e+03   6.9200000e+05
   2.3589816e+03   6.9100000e+05
   2.3583252e+03   6.9000000e+05
   2.3576419e+03   6.8900000e+05
   2.3569771e+03   6.8800000e+05
   2.3563143e+03   6.8700000e+05
   2.3556484e+03   6.8600000e+05
   2.3549819e+03   6.8500000e+05
   2.3543165e+03   6.8400000e+05
   2.3536500e+03   6.8300000e+05
   2.3529817e+03   6.8200000e+05
   2.3523134e+03   6.8100000e+05
   2.3516451e+03   6.8000000e+05
   2.3509768e+03   6.7900000e+05
   2.3503084e+03   6.7800000e+05
   2.3500000e+03   6.7753714e+05
   2.3496464e+03   6.7700000e+05
   2.3489844e+03   6.7600000e+05
   2.3483211e+03   6.7500000e+05
   2.3476543e+03   6.7400000e+05
   2.3469743e+03   6.7300000e+05
   2.3463257e+03   6.7200000e+05
   2.3456571e+03   6.7100000e+05
   2.3449887e+03   6.7000000e+05
   2.3443086e+03   6.6900000e+05
   2.3436541e+03   6.6800000e+05
   2.3429259e+03   6.6700000e+05
   2.3422532e+03   6.6600000e+05
   2.3415782e+03   6.6500000e+05
   2.3409017e+03   6.6400000e+05
   2.3402217e+03   6.6300000e+05
   2.3400000e+03   6.6267135e+05
   2.3395494e+03   6.6200000e+05
   2.3388746e+03   6.6100000e+05
   2.3381995e+03   6.6000000e+05
   2.3375207e+03   6.5900000e+05
   2.3368433e+03   6.5800000e+05
   2.3361644e+03   6.5700000e+05
   2.3354868e+03   6.5600000e+05
   2.3348057e+03   6.5500000e+05
   2.3341275e+03   6.5400000e+05
   2.3334484e+03   6.5300000e+05
   2.3327693e+03   6.5200000e+05
   2.3320898e+03   6.5100000e+05
   2.3314089e+03   6.5000000e+05
   2.3307330e+03   6.4900000e+05
   2.3300585e+03   6.4800000e+05
   2.3300000e+03   6.4791143e+05
   2.3293986e+03   6.4700000e+05
   2.3287401e+03   6.4600000e+05
   2.3280739e+03   6.4500000e+05
   2.3274046e+03   6.4400000e+05
   2.3267317e+03   6.4300000e+05
   2.3260569e+03   6.4200000e+05
   2.3253805e+03   6.4100000e+05
   2.3247101e+03   6.4000000e+05
   2.3240432e+03   6.3900000e+05
   2.3233795e+03   6.3800000e+05
   2.3226703e+03   6.3700000e+05
   2.3219533e+03   6.3600000e+05
   2.3213255e+03   6.3500000e+05
   2.3206394e+03   6.3400000e+05
   2.3200000e+03   6.3307065e+05
   2.3199516e+03   6.3300000e+05
   2.3192663e+03   6.3200000e+05
   2.3185815e+03   6.3100000e+05
   2.3178936e+03   6.3000000e+05
   2.3172003e+03   6.2900000e+05
   2.3165029e+03   6.2800000e+05
   2.3158050e+03   6.2700000e+05
   2.3151052e+03   6.2600000e+05
   2.3144154e+03   6.2500000e+05
   2.3137136e+03   6.2400000e+05
   2.3130368e+03   6.2300000e+05
   2.3123206e+03   6.2200000e+05
   2.3116272e+03   6.2100000e+05
   2.3109320e+03   6.2000000e+05
   2.3102385e+03   6.1900000e+05
   2.3100000e+03   6.1865775e+05
   2.3095444e+03   6.1800000e+05
   2.3088519e+03   6.1700000e+05
   2.3081567e+03   6.1600000e+05
   2.3074634e+03   6.1500000e+05
   2.3067673e+03   6.1400000e+05
   2.3060711e+03   6.1300000e+05
   2.3053741e+03   6.1200000e+05
   2.3046759e+03   6.1100000e+05
   2.3039741e+03   6.1000000e+05
   2.3032698e+03   6.0900000e+05
   2.3025639e+03   6.0800000e+05
   2.3018581e+03   6.0700000e+05
   2.3011532e+03   6.0600000e+05
   2.3004438e+03   6.0500000e+05
   2.3000000e+03   6.0437598e+05
   2.2997356e+03   6.0400000e+05
   2.2990320e+03   6.0300000e+05
   2.2983361e+03   6.0200000e+05
   2.2976342e+03   6.0100000e+05
   2.2969323e+03   6.0000000e+05
   2.2962277e+03   5.9900000e+05
   2.2955230e+03   5.9800000e+05
   2.2948146e+03   5.9700000e+05
   2.2941103e+03   5.9600000e+05
   2.2934040e+03   5.9500000e+05
   2.2926991e+03   5.9400000e+05
   2.2919926e+03   5.9300000e+05
   2.2912848e+03   5.9200000e+05
   2.2905491e+03   5.9100000e+05
   2.2900000e+03   5.9019512e+05
   2.2898679e+03   5.9000000e+05
   2.2891534e+03   5.8900000e+05
   2.2884355e+03   5.8800000e+05
   2.2877201e+03   5.8700000e+05
   2.2870057e+03   5.8600000e+05
   2.2862914e+03   5.8500000e+05
   2.2855790e+03   5.8400000e+05
   2.2848634e+03   5.8300000e+05
   2.2841454e+03   5.8200000e+05
   2.2834469e+03   5.8100000e+05
   2.2827278e+03   5.8000000e+05
   2.2820055e+03   5.7900000e+05
   2.2812867e+03   5.7800000e+05
   2.2805709e+03   5.7700000e+05
   2.2800000e+03   5.7620256e+05
   2.2798557e+03   5.7600000e+05
   2.2791435e+03   5.7500000e+05
   2.2784313e+03   5.7400000e+05
   2.2777173e+03   5.7300000e+05
   2.2770009e+03   5.7200000e+05
   2.2762845e+03   5.7100000e+05
   2.2755677e+03   5.7000000e+05
   2.2748485e+03   5.6900000e+05
   2.2741288e+03   5.6800000e+05
   2.2734076e+03   5.6700000e+05
   2.2726687e+03   5.6600000e+05
   2.2719595e+03   5.6500000e+05
   2.2712409e+03   5.6400000e+05
   2.2705102e+03   5.6300000e+05
   2.2700000e+03   5.6230175e+05
   2.2697804e+03   5.6200000e+05
   2.2690520e+03   5.6100000e+05
   2.2683249e+03   5.6000000e+05
   2.2676170e+03   5.5900000e+05
   2.2668768e+03   5.5800000e+05
   2.2661530e+03   5.5700000e+05
   2.2654263e+03   5.5600000e+05
   2.2646917e+03   5.5500000e+05
   2.2639619e+03   5.5400000e+05
   2.2632456e+03   5.5300000e+05
   2.2625041e+03   5.5200000e+05
   2.2617738e+03   5.5100000e+05
   2.2610421e+03   5.5000000e+05
   2.2603105e+03   5.4900000e+05
   2.2600000e+03   5.4857673e+05
   2.2595789e+03   5.4800000e+05
   2.2588489e+03   5.4700000e+05
   2.2581192e+03   5.4600000e+05
   2.2573858e+03   5.4500000e+05
   2.2566492e+03   5.4400000e+05
   2.2559162e+03   5.4300000e+05
   2.2551822e+03   5.4200000e+05
   2.2544491e+03   5.4100000e+05
   2.2537157e+03   5.4000000e+05
   2.2529769e+03   5.3900000e+05
   2.2522381e+03   5.3800000e+05
   2.2514989e+03   5.3700000e+05
   2.2507577e+03   5.3600000e+05
   2.2500216e+03   5.3500000e+05
   2.2500000e+03   5.3497059e+05
   2.2492887e+03   5.3400000e+05
   2.2485401e+03   5.3300000e+05
   2.2477973e+03   5.3200000e+05
   2.2470701e+03   5.3100000e+05
   2.2463245e+03   5.3000000e+05
   2.2455819e+03   5.2900000e+05
   2.2448326e+03   5.2800000e+05
   2.2440857e+03   5.2700000e+05
   2.2433423e+03   5.2600000e+05
   2.2426013e+03   5.2500000e+05
   2.2418542e+03   5.2400000e+05
   2.2410971e+03   5.2300000e+05
   2.2403511e+03   5.2200000e+05
   2.2400000e+03   5.2152899e+05
   2.2396089e+03   5.2100000e+05
   2.2388623e+03   5.2000000e+05
   2.2381143e+03   5.1900000e+05
   2.2373705e+03   5.1800000e+05
   2.2366315e+03   5.1700000e+05
   2.2358801e+03   5.1600000e+05
   2.2351279e+03   5.1500000e+05
   2.2343782e+03   5.1400000e+05
   2.2336297e+03   5.1300000e+05
   2.2328796e+03   5.1200000e+05
   2.2321284e+03   5.1100000e+05
   2.2313772e+03   5.1000000e+05
   2.2306259e+03   5.0900000e+05
   2.2300000e+03   5.0817062e+05
   2.2298717e+03   5.0800000e+05
   2.2291211e+03   5.0700000e+05
   2.2283681e+03   5.0600000e+05
   2.2276142e+03   5.0500000e+05
   2.2268583e+03   5.0400000e+05
   2.2261028e+03   5.0300000e+05
   2.2253231e+03   5.0200000e+05
   2.2245790e+03   5.0100000e+05
   2.2238146e+03   5.0000000e+05
   2.2230495e+03   4.9900000e+05
   2.2222855e+03   4.9800000e+05
   2.2215133e+03   4.9700000e+05
   2.2207490e+03   4.9600000e+05
   2.2200000e+03   4.9501865e+05
   2.2199858e+03   4.9500000e+05
   2.2192276e+03   4.9400000e+05
   2.2184689e+03   4.9300000e+05
   2.2177093e+03   4.9200000e+05
   2.2169471e+03   4.9100000e+05
   2.2161842e+03   4.9000000e+05
   2.2154199e+03   4.8900000e+05
   2.2146572e+03   4.8800000e+05
   2.2138948e+03   4.8700000e+05
   2.2131611e+03   4.8600000e+05
   2.2123614e+03   4.8500000e+05
   2.2115955e+03   4.8400000e+05
   2.2108286e+03   4.8300000e+05
   2.2100619e+03   4.8200000e+05
   2.2100000e+03   4.8191935e+05
   2.2092960e+03   4.8100000e+05
   2.2085303e+03   4.8000000e+05
   2.2077373e+03   4.7900000e+05
   2.2069708e+03   4.7800000e+05
   2.2062050e+03   4.7700000e+05
   2.2054322e+03   4.7600000e+05
   2.2046532e+03   4.7500000e+05
   2.2038718e+03   4.7400000e+05
   2.2031002e+03   4.7300000e+05
   2.2023128e+03   4.7200000e+05
   2.2015210e+03   4.7100000e+05
   2.2007397e+03   4.7000000e+05
   2.2000000e+03   4.6904762e+05
   2.1999632e+03   4.6900000e+05
   2.1991898e+03   4.6800000e+05
   2.1984131e+03   4.6700000e+05
   2.1976381e+03   4.6600000e+05
   2.1968601e+03   4.6500000e+05
   2.1960817e+03   4.6400000e+05
   2.1953041e+03   4.6300000e+05
   2.1945259e+03   4.6200000e+05
   2.1937469e+03   4.6100000e+05
   2.1929665e+03   4.6000000e+05
   2.1921850e+03   4.5900000e+05
   2.1914035e+03   4.5800000e+05
   2.1906185e+03   4.5700000e+05
   2.1900000e+03   4.5621381e+05
   2.1898321e+03   4.5600000e+05
   2.1890464e+03   4.5500000e+05
   2.1882590e+03   4.5400000e+05
   2.1874703e+03   4.5300000e+05
   2.1866812e+03   4.5200000e+05
   2.1858698e+03   4.5100000e+05
   2.1850900e+03   4.5000000e+05
   2.1842942e+03   4.4900000e+05
   2.1834978e+03   4.4800000e+05
   2.1826881e+03   4.4700000e+05
   2.1818919e+03   4.4600000e+05
   2.1810966e+03   4.4500000e+05
   2.1803032e+03   4.4400000e+05
   2.1800000e+03   4.4361758e+05
   2.1795140e+03   4.4300000e+05
   2.1787254e+03   4.4200000e+05
   2.1779367e+03   4.4100000e+05
   2.1771478e+03   4.4000000e+05
   2.1763561e+03   4.3900000e+05
   2.1755634e+03   4.3800000e+05
   2.1747546e+03   4.3700000e+05
   2.1739465e+03   4.3600000e+05
   2.1731818e+03   4.3500000e+05
   2.1723419e+03   4.3400000e+05
   2.1715665e+03   4.3300000e+05
   2.1707567e+03   4.3200000e+05
   2.1700000e+03   4.3107415e+05
   2.1699394e+03   4.3100000e+05
   2.1691340e+03   4.3000000e+05
   2.1683215e+03   4.2900000e+05
   2.1675086e+03   4.2800000e+05
   2.1666879e+03   4.2700000e+05
   2.1658816e+03   4.2600000e+05
   2.1650750e+03   4.2500000e+05
   2.1642694e+03   4.2400000e+05
   2.1634633e+03   4.2300000e+05
   2.1626556e+03   4.2200000e+05
   2.1618462e+03   4.2100000e+05
   2.1610376e+03   4.2000000e+05
   2.1602711e+03   4.1900000e+05
   2.1600000e+03   4.1868337e+05
   2.1594185e+03   4.1800000e+05
   2.1586126e+03   4.1700000e+05
   2.1578036e+03   4.1600000e+05
   2.1569883e+03   4.1500000e+05
   2.1561578e+03   4.1400000e+05
   2.1553255e+03   4.1300000e+05
   2.1545237e+03   4.1200000e+05
   2.1537037e+03   4.1100000e+05
   2.1528832e+03   4.1000000e+05
   2.1520627e+03   4.0900000e+05
   2.1512412e+03   4.0800000e+05
   2.1504182e+03   4.0700000e+05
   2.1500000e+03   4.0649793e+05
   2.1495906e+03   4.0600000e+05
   2.1487827e+03   4.0500000e+05
   2.1479549e+03   4.0400000e+05
   2.1471716e+03   4.0300000e+05
   2.1463187e+03   4.0200000e+05
   2.1455044e+03   4.0100000e+05
   2.1446810e+03   4.0000000e+05
   2.1436216e+03   3.9900000e+05
   2.1428142e+03   3.9800000e+05
   2.1419644e+03   3.9700000e+05
   2.1411353e+03   3.9600000e+05
   2.1403014e+03   3.9500000e+05
   2.1400000e+03   3.9462712e+05
   2.1394941e+03   3.9400000e+05
   2.1386428e+03   3.9300000e+05
   2.1378128e+03   3.9200000e+05
   2.1369797e+03   3.9100000e+05
   2.1361616e+03   3.9000000e+05
   2.1353136e+03   3.8900000e+05
   2.1344795e+03   3.8800000e+05
   2.1336435e+03   3.8700000e+05
   2.1328063e+03   3.8600000e+05
   2.1319676e+03   3.8500000e+05
   2.1311293e+03   3.8400000e+05
   2.1302912e+03   3.8300000e+05
   2.1300000e+03   3.8265385e+05
   2.1294524e+03   3.8200000e+05
   2.1286148e+03   3.8100000e+05
   2.1277733e+03   3.8000000e+05
   2.1269265e+03   3.7900000e+05
   2.1260810e+03   3.7800000e+05
   2.1252364e+03   3.7700000e+05
   2.1243898e+03   3.7600000e+05
   2.1235423e+03   3.7500000e+05
   2.1226948e+03   3.7400000e+05
   2.1218473e+03   3.7300000e+05
   2.1209944e+03   3.7200000e+05
   2.1201440e+03   3.7100000e+05
   2.1200000e+03   3.7083068e+05
   2.1192970e+03   3.7000000e+05
   2.1184491e+03   3.6900000e+05
   2.1175991e+03   3.6800000e+05
   2.1167476e+03   3.6700000e+05
   2.1158968e+03   3.6600000e+05
   2.1150455e+03   3.6500000e+05
   2.1141918e+03   3.6400000e+05
   2.1133390e+03   3.6300000e+05
   2.1124836e+03   3.6200000e+05
   2.1116257e+03   3.6100000e+05
   2.1107679e+03   3.6000000e+05
   2.1100000e+03   3.5910588e+05
   2.1099094e+03   3.5900000e+05
   2.1090526e+03   3.5800000e+05
   2.1081908e+03   3.5700000e+05
   2.1073319e+03   3.5600000e+05
   2.1064722e+03   3.5500000e+05
   2.1056103e+03   3.5400000e+05
   2.1047453e+03   3.5300000e+05
   2.1038770e+03   3.5200000e+05
   2.1030111e+03   3.5100000e+05
   2.1021457e+03   3.5000000e+05
   2.1012751e+03   3.4900000e+05
   2.1004085e+03   3.4800000e+05
   2.1000000e+03   3.4753077e+05
   2.0995398e+03   3.4700000e+05
   2.0986739e+03   3.4600000e+05
   2.0978017e+03   3.4500000e+05
   2.0969327e+03   3.4400000e+05
   2.0960613e+03   3.4300000e+05
   2.0951883e+03   3.4200000e+05
   2.0943143e+03   3.4100000e+05
   2.0934422e+03   3.4000000e+05
   2.0925670e+03   3.3900000e+05
   2.0916936e+03   3.3800000e+05
   2.0908175e+03   3.3700000e+05
   2.0900000e+03   3.3607707e+05
   2.0899320e+03   3.3600000e+05
   2.0890529e+03   3.3500000e+05
   2.0881758e+03   3.3400000e+05
   2.0872964e+03   3.3300000e+05
   2.0864163e+03   3.3200000e+05
   2.0855347e+03   3.3100000e+05
   2.0846535e+03   3.3000000e+05
   2.0837699e+03   3.2900000e+05
   2.0828853e+03   3.2800000e+05
   2.0820000e+03   3.2700000e+05
   2.0811120e+03   3.2600000e+05
   2.0802254e+03   3.2500000e+05
   2.0800000e+03   3.2474674e+05
   2.0793386e+03   3.2400000e+05
   2.0784487e+03   3.2300000e+05
   2.0775631e+03   3.2200000e+05
   2.0766749e+03   3.2100000e+05
   2.0757847e+03   3.2000000e+05
   2.0748921e+03   3.1900000e+05
   2.0739957e+03   3.1800000e+05
   2.0731021e+03   3.1700000e+05
   2.0722072e+03   3.1600000e+05
   2.0713095e+03   3.1500000e+05
   2.0704019e+03   3.1400000e+05
   2.0700000e+03   3.1355556e+05
   2.0695020e+03   3.1300000e+05
   2.0686092e+03   3.1200000e+05
   2.0677134e+03   3.1100000e+05
   2.0668158e+03   3.1000000e+05
   2.0659184e+03   3.0900000e+05
   2.0650188e+03   3.0800000e+05
   2.0641192e+03   3.0700000e+05
   2.0632008e+03   3.0600000e+05
   2.0622845e+03   3.0500000e+05
   2.0613782e+03   3.0400000e+05
   2.0604703e+03   3.0300000e+05
   2.0600000e+03   3.0248195e+05
   2.0595646e+03   3.0200000e+05
   2.0586593e+03   3.0100000e+05
   2.0577508e+03   3.0000000e+05
   2.0568406e+03   2.9900000e+05
   2.0559299e+03   2.9800000e+05
   2.0550188e+03   2.9700000e+05
   2.0541047e+03   2.9600000e+05
   2.0531887e+03   2.9500000e+05
   2.0522702e+03   2.9400000e+05
   2.0513510e+03   2.9300000e+05
   2.0504317e+03   2.9200000e+05
   2.0500000e+03   2.9153180e+05
   2.0495202e+03   2.9100000e+05
   2.0486195e+03   2.9000000e+05
   2.0477207e+03   2.8900000e+05
   2.0467532e+03   2.8800000e+05
   2.0456638e+03   2.8700000e+05
   2.0441493e+03   2.8600000e+05
   2.0424537e+03   2.8500000e+05
   2.0408150e+03   2.8400000e+05
   2.0400000e+03   2.8350292e+05
   2.0391781e+03   2.8300000e+05
   2.0376071e+03   2.8200000e+05
   2.0364499e+03   2.8100000e+05
   2.0353966e+03   2.8000000e+05
   2.0344107e+03   2.7900000e+05
   2.0335063e+03   2.7800000e+05
   2.0325762e+03   2.7700000e+05
   2.0315773e+03   2.7600000e+05
   2.0305201e+03   2.7500000e+05
   2.0300000e+03   2.7448325e+05
   2.0295164e+03   2.7400000e+05
   2.0285094e+03   2.7300000e+05
   2.0274920e+03   2.7200000e+05
   2.0264663e+03   2.7100000e+05
   2.0254157e+03   2.7000000e+05
   2.0243610e+03   2.6900000e+05
   2.0233053e+03   2.6800000e+05
   2.0222500e+03   2.6700000e+05
   2.0211270e+03   2.6600000e+05
   2.0200095e+03   2.6500000e+05
   2.0200000e+03   2.6499156e+05
   2.0188878e+03   2.6400000e+05
   2.0177470e+03   2.6300000e+05
   2.0165885e+03   2.6200000e+05
   2.0153948e+03   2.6100000e+05
   2.0141945e+03   2.6000000e+05
   2.0129837e+03   2.5900000e+05
   2.0117220e+03   2.5800000e+05
   2.0102727e+03   2.5700000e+05
   2.0100000e+03   2.5680540e+05
   2.0088765e+03   2.5600000e+05
   2.0077392e+03   2.5500000e+05
   2.0064138e+03   2.5400000e+05
   2.0050679e+03   2.5300000e+05
   2.0036535e+03   2.5200000e+05
   2.0021764e+03   2.5100000e+05
   2.0006470e+03   2.5000000e+05
   2.0000000e+03   2.4958176e+05
   1.9991027e+03   2.4900000e+05
   1.9974825e+03   2.4800000e+05
   1.9958154e+03   2.4700000e+05
   1.9940661e+03   2.4600000e+05
   1.9922641e+03   2.4500000e+05
   1.9903966e+03   2.4400000e+05
   1.9900000e+03   2.4380449e+05
   1.9883604e+03   2.4300000e+05
   1.9864084e+03   2.4200000e+05
   1.9842614e+03   2.4100000e+05
   1.9820118e+03   2.4000000e+05
   1.9800000e+03   2.3913104e+05
   1.9797008e+03   2.3900000e+05
   1.9772068e+03   2.3800000e+05
   1.9745780e+03   2.3700000e+05
   1.9717239e+03   2.3600000e+05
   1.9700000e+03   2.3546829e+05
   1.9684881e+03   2.3500000e+05
   1.9654215e+03   2.3400000e+05
   1.9631984e+03   2.3300000e+05
   1.9700000e+03   2.3247098e+05
   1.9769715e+03   2.3200000e+05
   1.9731532e+03   2.3100000e+05
   1.9712122e+03   2.3000000e+05
   1.9702588e+03   2.2900000e+05
   1.9700000e+03   2.2871831e+05
   1.9693433e+03   2.2800000e+05
   1.9684221e+03   2.2700000e+05
   1.9674984e+03   2.2600000e+05
   1.9665728e+03   2.2500000e+05
   1.9656462e+03   2.2400000e+05
   1.9647095e+03   2.2300000e+05
   1.9637773e+03   2.2200000e+05
   1.9628420e+03   2.2100000e+05
   1.9618999e+03   2.2000000e+05
   1.9609499e+03   2.1900000e+05
   1.9600016e+03   2.1800000e+05
   1.9600000e+03   2.1799831e+05
   1.9590548e+03   2.1700000e+05
   1.9581058e+03   2.1600000e+05
   1.9571479e+03   2.1500000e+05
   1.9561923e+03   2.1400000e+05
   1.9552340e+03   2.1300000e+05
   1.9542692e+03   2.1200000e+05
   1.9533146e+03   2.1100000e+05
   1.9523466e+03   2.1000000e+05
   1.9513810e+03   2.0900000e+05
   1.9504024e+03   2.0800000e+05
   1.9500000e+03   2.0758649e+05
   1.9494321e+03   2.0700000e+05
   1.9484591e+03   2.0600000e+05
   1.9474856e+03   2.0500000e+05
   1.9465180e+03   2.0400000e+05
   1.9457033e+03   2.0300000e+05
   1.9449182e+03   2.0200000e+05
   1.9441292e+03   2.0100000e+05
   1.9433371e+03   2.0000000e+05
   1.9425453e+03   1.9900000e+05
   1.9417487e+03   1.9800000e+05
   1.9409503e+03   1.9700000e+05
   1.9401522e+03   1.9600000e+05
   1.9400000e+03   1.9587299e+05
   1.9389985e+03   1.9500000e+05
   1.9341777e+03   1.9400000e+05
   1.9300000e+03   1.9322669e+05
   1.9288096e+03   1.9300000e+05
   1.9237931e+03   1.9200000e+05
   1.9200000e+03   1.9119772e+05
   1.9190662e+03   1.9100000e+05
   1.9145983e+03   1.9000000e+05
   1.9102720e+03   1.8900000e+05
   1.9100000e+03   1.8893362e+05
   1.9061567e+03   1.8800000e+05
   1.9026354e+03   1.8700000e+05
   1.9015689e+03   1.8600000e+05
   1.9006862e+03   1.8500000e+05
   1.9000000e+03   1.8422261e+05
   1.8998045e+03   1.8400000e+05
   1.8989282e+03   1.8300000e+05
   1.8980447e+03   1.8200000e+05
   1.8971592e+03   1.8100000e+05
   1.8962698e+03   1.8000000e+05
   1.8953807e+03   1.7900000e+05
   1.8944908e+03   1.7800000e+05
   1.8935989e+03   1.7700000e+05
   1.8926999e+03   1.7600000e+05
   1.8918004e+03   1.7500000e+05
   1.8908985e+03   1.7400000e+05
   1.8900000e+03   1.7300515e+05
   1.8899954e+03   1.7300000e+05
   1.8890982e+03   1.7200000e+05
   1.8881967e+03   1.7100000e+05
   1.8872904e+03   1.7000000e+05
   1.8863806e+03   1.6900000e+05
   1.8854674e+03   1.6800000e+05
   1.8845541e+03   1.6700000e+05
   1.8836387e+03   1.6600000e+05
   1.8827211e+03   1.6500000e+05
   1.8818006e+03   1.6400000e+05
   1.8808755e+03   1.6300000e+05
   1.8800000e+03   1.6205482e+05
   1.8799495e+03   1.6200000e+05
   1.8790262e+03   1.6100000e+05
   1.8780961e+03   1.6000000e+05
   1.8771702e+03   1.5900000e+05
   1.8762416e+03   1.5800000e+05
   1.8753657e+03   1.5700000e+05
   1.8745261e+03   1.5600000e+05
   1.8736768e+03   1.5500000e+05
   1.8728312e+03   1.5400000e+05
   1.8719862e+03   1.5300000e+05
   1.8711454e+03   1.5200000e+05
   1.8702932e+03   1.5100000e+05
   1.8700000e+03   1.5065897e+05
   1.8694369e+03   1.5000000e+05
   1.8685636e+03   1.4900000e+05
   1.8677062e+03   1.4800000e+05
   1.8668440e+03   1.4700000e+05
   1.8660006e+03   1.4600000e+05
   1.8651731e+03   1.4500000e+05
   1.8642628e+03   1.4400000e+05
   1.8633601e+03   1.4300000e+05
   1.8624594e+03   1.4200000e+05
   1.8615743e+03   1.4100000e+05
   1.8604896e+03   1.4000000e+05
   1.8600000e+03   1.3996374e+05
   1.8500000e+03   1.3930701e+05
   1.8474119e+03   1.3900000e+05
   1.8400000e+03   1.3837626e+05
   1.8345261e+03   1.3800000e+05
   1.8300000e+03   1.3739567e+05
   1.8256136e+03   1.3700000e+05
   1.8247557e+03   1.3600000e+05
   1.8239023e+03   1.3500000e+05
   1.8230425e+03   1.3400000e+05
   1.8221814e+03   1.3300000e+05
   1.8212729e+03   1.3200000e+05
   1.8203410e+03   1.3100000e+05
   1.8200000e+03   1.3064219e+05
   1.8193940e+03   1.3000000e+05
   1.8184927e+03   1.2900000e+05
   1.8175489e+03   1.2800000e+05
   1.8166516e+03   1.2700000e+05
   1.8160626e+03   1.2600000e+05
   1.8155291e+03   1.2500000e+05
   1.8149409e+03   1.2400000e+05
   1.8143246e+03   1.2300000e+05
   1.8136717e+03   1.2200000e+05
   1.8130635e+03   1.2100000e+05
   1.8123011e+03   1.2000000e+05
   1.8115507e+03   1.1900000e+05
   1.8108092e+03   1.1800000e+05
   1.8100000e+03   1.1708958e+05
   1.8099210e+03   1.1700000e+05
   1.8091831e+03   1.1600000e+05
   1.8084539e+03   1.1500000e+05
   1.8076065e+03   1.1400000e+05
   1.8066729e+03   1.1300000e+05
   1.8048125e+03   1.1200000e+05
   1.8040773e+03   1.1100000e+05
   1.8019994e+03   1.1000000e+05
   1.8010244e+03   1.0900000e+05
   1.8001112e+03   1.0800000e+05
   1.8000000e+03   1.0788088e+05
   1.7991824e+03   1.0700000e+05
   1.7982694e+03   1.0600000e+05
   1.7973101e+03   1.0500000e+05
   1.7963364e+03   1.0400000e+05
   1.7953913e+03   1.0300000e+05
   1.7944780e+03   1.0200000e+05
   1.7934579e+03   1.0100000e+05
   1.7924615e+03   1.0000000e+05
   1.7914590e+03   9.9000000e+04
   1.7904422e+03   9.8000000e+04
   1.7900000e+03   9.7587280e+04
   1.7893800e+03   9.7000000e+04
   1.7884082e+03   9.6000000e+04
   1.7874292e+03   9.5000000e+04
   1.7863890e+03   9.4000000e+04
   1.7853473e+03   9.3000000e+04
   1.7843071e+03   9.2000000e+04
   1.7832702e+03   9.1000000e+04
   1.7822230e+03   9.0000000e+04
   1.7811191e+03   8.9000000e+04
   1.7800374e+03   8.8000000e+04
   1.7800000e+03   8.7965241e+04
   1.7789658e+03   8.7000000e+04
   1.7778634e+03   8.6000000e+04
   1.7767515e+03   8.5000000e+04
   1.7756436e+03   8.4000000e+04
   1.7745287e+03   8.3000000e+04
   1.7734005e+03   8.2000000e+04
   1.7722728e+03   8.1000000e+04
   1.7711089e+03   8.0000000e+04
   1.7700000e+03   7.9022727e+04
   1.7699745e+03   7.9000000e+04
   1.7688122e+03   7.8000000e+04
   1.7676680e+03   7.7000000e+04
   1.7665136e+03   7.6000000e+04
   1.7653116e+03   7.5000000e+04
   1.7641200e+03   7.4000000e+04
   1.7629189e+03   7.3000000e+04
   1.7617185e+03   7.2000000e+04
   1.7605092e+03   7.1000000e+04
   1.7600000e+03   7.0584775e+04
   1.7592861e+03   7.0000000e+04
   1.7580562e+03   6.9000000e+04
   1.7568335e+03   6.8000000e+04
   1.7555901e+03   6.7000000e+04
   1.7543052e+03   6.6000000e+04
   1.7531493e+03   6.5000000e+04
   1.7518910e+03   6.4000000e+04
   1.7504325e+03   6.3000000e+04
   1.7500000e+03   6.2656285e+04
   1.7491906e+03   6.2000000e+04
   1.7478820e+03   6.1000000e+04
   1.7465600e+03   6.0000000e+04
   1.7452626e+03   5.9000000e+04
   1.7439502e+03   5.8000000e+04
   1.7426150e+03   5.7000000e+04
   1.7412630e+03   5.6000000e+04
   1.7400000e+03   5.5077157e+04
   1.7398950e+03   5.5000000e+04
   1.7385328e+03   5.4000000e+04
   1.7371616e+03   5.3000000e+04
   1.7357605e+03   5.2000000e+04
   1.7343504e+03   5.1000000e+04
   1.7329428e+03   5.0000000e+04
   1.7315216e+03   4.9000000e+04
   1.7300772e+03   4.8000000e+04
   1.7300000e+03   4.7947020e+04
   1.7286259e+03   4.7000000e+04
   1.7271489e+03   4.6000000e+04
   1.7256013e+03   4.5000000e+04
   1.7240960e+03   4.4000000e+04
   1.7225265e+03   4.3000000e+04
   1.7209644e+03   4.2000000e+04
   1.7200000e+03   4.1377622e+04
   1.7194142e+03   4.1000000e+04
   1.7178434e+03   4.0000000e+04
   1.7162063e+03   3.9000000e+04
   1.7145584e+03   3.8000000e+04
   1.7128770e+03   3.7000000e+04
   1.7111627e+03   3.6000000e+04
   1.7100000e+03   3.5338201e+04
   1.7094121e+03   3.5000000e+04
   1.7076351e+03   3.4000000e+04
   1.7058095e+03   3.3000000e+04
   1.7039361e+03   3.2000000e+04
   1.7020241e+03   3.1000000e+04
   1.7000278e+03   3.0000000e+04
   1.7000000e+03   2.9986667e+04
   1.6979566e+03   2.9000000e+04
   1.6958456e+03   2.8000000e+04
   1.6936343e+03   2.7000000e+04
   1.6912746e+03   2.6000000e+04
   1.6900000e+03   2.5464364e+04
   1.6889070e+03   2.5000000e+04
   1.6863424e+03   2.4000000e+04
   1.6835389e+03   2.3000000e+04
   1.6805098e+03   2.2000000e+04
   1.6800000e+03   2.1861429e+04
   1.6758486e+03   2.1000000e+04
   1.6742547e+03   2.0000000e+04
   1.6725830e+03   1.9000000e+04
   1.6709047e+03   1.8000000e+04
   1.6700000e+03   1.7462920e+04
   1.6692269e+03   1.7000000e+04
   1.6675466e+03   1.6000000e+04
   1.6658526e+03   1.5000000e+04
   1.6641456e+03   1.4000000e+04
   1.6624221e+03   1.3000000e+04
   1.6606875e+03   1.2000000e+04
   1.6600000e+03   1.1608728e+04
   1.6589364e+03   1.1000000e+04
   1.6571827e+03   1.0000000e+04
   1.6554124e+03   9.0000000e+03
   1.6536653e+03   8.0000000e+03
   1.6518403e+03   7.0000000e+03
   1.6500231e+03   6.0000000e+03
   1.6517148e+03   5.0000000e+03
   1.6531726e+03   4.0000000e+03
   1.6530258e+03   3.0000000e+03
   1.6522796e+03   2.0000000e+03
   1.6513766e+03   1.0000000e+03
   1.6500000e+03   0.0000000e+00
   1.6500000e+03   0.0000000e+00
