   1.6844292e+03   1.3500000e+06
   1.6841450e+03   1.3490000e+06
   1.6838613e+03   1.3480000e+06
   1.6835776e+03   1.3470000e+06
   1.6832953e+03   1.3460000e+06
   1.6830111e+03   1.3450000e+06
   1.6827264e+03   1.3440000e+06
   1.6824274e+03   1.3430000e+06
   1.6821206e+03   1.3420000e+06
   1.6818142e+03   1.3410000e+06
   1.6815094e+03   1.3400000e+06
   1.6812067e+03   1.3390000e+06
   1.6808969e+03   1.3380000e+06
   1.6805938e+03   1.3370000e+06
   1.6803071e+03   1.3360000e+06
   1.6800205e+03   1.3350000e+06
   1.6800000e+03   1.3349286e+06
   1.6797370e+03   1.3340000e+06
   1.6794538e+03   1.3330000e+06
   1.6791694e+03   1.3320000e+06
   1.6788862e+03   1.3310000e+06
   1.6785818e+03   1.3300000e+06
   1.6782702e+03   1.3290000e+06
   1.6779601e+03   1.3280000e+06
   1.6776501e+03   1.3270000e+06
   1.6773405e+03   1.3260000e+06
   1.6770284e+03   1.3250000e+06
   1.6767205e+03   1.3240000e+06
   1.6764419e+03   1.3230000e+06
   1.6761490e+03   1.3220000e+06
   1.6758552e+03   1.3210000e+06
   1.6755589e+03   1.3200000e+06
   1.6752616e+03   1.3190000e+06
   1.6749619e+03   1.3180000e+06
   1.6746617e+03   1.3170000e+06
   1.6743511e+03   1.3160000e+06
   1.6740492e+03   1.3150000e+06
   1.6737478e+03   1.3140000e+06
   1.6734465e+03   1.3130000e+06
   1.6731449e+03   1.3120000e+06
   1.6728447e+03   1.3110000e+06
   1.6725623e+03   1.3100000e+06
   1.6722635e+03   1.3090000e+06
   1.6719638e+03   1.3080000e+06
   1.6716633e+03   1.3070000e+06
   1.6713604e+03   1.3060000e+06
   1.6710615e+03   1.3050000e+06
   1.6707672e+03   1.3040000e+06
   1.6704750e+03   1.3030000e+06
   1.6701842e+03   1.3020000e+06
   1.6700000e+03   1.3013645e+06
   1.6698957e+03   1.3010000e+06
   1.6695812e+03   1.3000000e+06
   1.6693088e+03   1.2990000e+06
   1.6689929e+03   1.2980000e+06
   1.6687111e+03   1.2970000e+06
   1.6684069e+03   1.2960000e+06
   1.6681022e+03   1.2950000e+06
   1.6677983e+03   1.2940000e+06
   1.6674967e+03   1.2930000e+06
   1.6671904e+03   1.2920000e+06
   1.6668808e+03   1.2910000e+06
   1.6665803e+03   1.2900000e+06
   1.6662824e+03   1.2890000e+06
   1.6659808e+03   1.2880000e+06
   1.6656785e+03   1.2870000e+06
   1.6653845e+03   1.2860000e+06
   1.6650847e+03   1.2850000e+06
   1.6647912e+03   1.2840000e+06
   1.6645088e+03   1.2830000e+06
   1.6642154e+03   1.2820000e+06
   1.6639155e+03   1.2810000e+06
   1.6635842e+03   1.2800000e+06
   1.6633183e+03   1.2790000e+06
   1.6630223e+03   1.2780000e+06
   1.6627162e+03   1.2770000e+06
   1.6624097e+03   1.2760000e+06
   1.6621018e+03   1.2750000e+06
   1.6617953e+03   1.2740000e+06
   1.6614899e+03   1.2730000e+06
   1.6611854e+03   1.2720000e+06
   1.6608805e+03   1.2710000e+06
   1.6605692e+03   1.2700000e+06
   1.6602639e+03   1.2690000e+06
   1.6600000e+03   1.2681316e+06
   1.6599602e+03   1.2680000e+06
   1.6596580e+03   1.2670000e+06
   1.6593616e+03   1.2660000e+06
   1.6590622e+03   1.2650000e+06
   1.6586476e+03   1.2640000e+06
   1.6583417e+03   1.2630000e+06
   1.6580310e+03   1.2620000e+06
   1.6578356e+03   1.2610000e+06
   1.6574215e+03   1.2600000e+06
   1.6571128e+03   1.2590000e+06
   1.6568082e+03   1.2580000e+06
   1.6564811e+03   1.2570000e+06
   1.6561763e+03   1.2560000e+06
   1.6558801e+03   1.2550000e+06
   1.6555518e+03   1.2540000e+06
   1.6552480e+03   1.2530000e+06
   1.6549319e+03   1.2520000e+06
   1.6546158e+03   1.2510000e+06
   1.6543004e+03   1.2500000e+06
   1.6539849e+03   1.2490000e+06
   1.6536703e+03   1.2480000e+06
   1.6533558e+03   1.2470000e+06
   1.6530414e+03   1.2460000e+06
   1.6527278e+03   1.2450000e+06
   1.6524134e+03   1.2440000e+06
   1.6520978e+03   1.2430000e+06
   1.6518334e+03   1.2420000e+06
   1.6514826e+03   1.2410000e+06
   1.6511896e+03   1.2400000e+06
   1.6508941e+03   1.2390000e+06
   1.6506012e+03   1.2380000e+06
   1.6503062e+03   1.2370000e+06
   1.6500067e+03   1.2360000e+06
   1.6500000e+03   1.2359776e+06
   1.6497089e+03   1.2350000e+06
   1.6493815e+03   1.2340000e+06
   1.6490481e+03   1.2330000e+06
   1.6487151e+03   1.2320000e+06
   1.6483825e+03   1.2310000e+06
   1.6480448e+03   1.2300000e+06
   1.6477171e+03   1.2290000e+06
   1.6474018e+03   1.2280000e+06
   1.6470888e+03   1.2270000e+06
   1.6467750e+03   1.2260000e+06
   1.6464612e+03   1.2250000e+06
   1.6461467e+03   1.2240000e+06
   1.6458331e+03   1.2230000e+06
   1.6455183e+03   1.2220000e+06
   1.6452056e+03   1.2210000e+06
   1.6449216e+03   1.2200000e+06
   1.6446171e+03   1.2190000e+06
   1.6442941e+03   1.2180000e+06
   1.6439970e+03   1.2170000e+06
   1.6435873e+03   1.2160000e+06
   1.6433347e+03   1.2150000e+06
   1.6429965e+03   1.2140000e+06
   1.6426529e+03   1.2130000e+06
   1.6423070e+03   1.2120000e+06
   1.6419609e+03   1.2110000e+06
   1.6416282e+03   1.2100000e+06
   1.6412843e+03   1.2090000e+06
   1.6409454e+03   1.2080000e+06
   1.6406068e+03   1.2070000e+06
   1.6402654e+03   1.2060000e+06
   1.6400000e+03   1.2052231e+06
   1.6399254e+03   1.2050000e+06
   1.6395900e+03   1.2040000e+06
   1.6392648e+03   1.2030000e+06
   1.6389364e+03   1.2020000e+06
   1.6386320e+03   1.2010000e+06
   1.6383225e+03   1.2000000e+06
   1.6380120e+03   1.1990000e+06
   1.6376998e+03   1.1980000e+06
   1.6373874e+03   1.1970000e+06
   1.6370617e+03   1.1960000e+06
   1.6367357e+03   1.1950000e+06
   1.6364094e+03   1.1940000e+06
   1.6360846e+03   1.1930000e+06
   1.6357564e+03   1.1920000e+06
   1.6354276e+03   1.1910000e+06
   1.6351027e+03   1.1900000e+06
   1.6347779e+03   1.1890000e+06
   1.6344523e+03   1.1880000e+06
   1.6341262e+03   1.1870000e+06
   1.6338007e+03   1.1860000e+06
   1.6334747e+03   1.1850000e+06
   1.6331493e+03   1.1840000e+06
   1.6328236e+03   1.1830000e+06
   1.6324980e+03   1.1820000e+06
   1.6321704e+03   1.1810000e+06
   1.6318448e+03   1.1800000e+06
   1.6315203e+03   1.1790000e+06
   1.6311950e+03   1.1780000e+06
   1.6308645e+03   1.1770000e+06
   1.6305337e+03   1.1760000e+06
   1.6301839e+03   1.1750000e+06
   1.6300000e+03   1.1744458e+06
   1.6298527e+03   1.1740000e+06
   1.6295222e+03   1.1730000e+06
   1.6291921e+03   1.1720000e+06
   1.6288646e+03   1.1710000e+06
   1.6285403e+03   1.1700000e+06
   1.6282150e+03   1.1690000e+06
   1.6278912e+03   1.1680000e+06
   1.6275610e+03   1.1670000e+06
   1.6272345e+03   1.1660000e+06
   1.6269067e+03   1.1650000e+06
   1.6265809e+03   1.1640000e+06
   1.6262527e+03   1.1630000e+06
   1.6259260e+03   1.1620000e+06
   1.6255972e+03   1.1610000e+06
   1.6252685e+03   1.1600000e+06
   1.6249403e+03   1.1590000e+06
   1.6246025e+03   1.1580000e+06
   1.6242639e+03   1.1570000e+06
   1.6239456e+03   1.1560000e+06
   1.6235899e+03   1.1550000e+06
   1.6232041e+03   1.1540000e+06
   1.6228659e+03   1.1530000e+06
   1.6225305e+03   1.1520000e+06
   1.6222004e+03   1.1510000e+06
   1.6218677e+03   1.1500000e+06
   1.6215388e+03   1.1490000e+06
   1.6212136e+03   1.1480000e+06
   1.6208825e+03   1.1470000e+06
   1.6205513e+03   1.1460000e+06
   1.6201953e+03   1.1450000e+06
   1.6200000e+03   1.1444556e+06
   1.6198388e+03   1.1440000e+06
   1.6195024e+03   1.1430000e+06
   1.6191708e+03   1.1420000e+06
   1.6188680e+03   1.1410000e+06
   1.6185103e+03   1.1400000e+06
   1.6181833e+03   1.1390000e+06
   1.6178540e+03   1.1380000e+06
   1.6175246e+03   1.1370000e+06
   1.6171811e+03   1.1360000e+06
   1.6168454e+03   1.1350000e+06
   1.6165079e+03   1.1340000e+06
   1.6161864e+03   1.1330000e+06
   1.6158360e+03   1.1320000e+06
   1.6155021e+03   1.1310000e+06
   1.6151682e+03   1.1300000e+06
   1.6148332e+03   1.1290000e+06
   1.6144995e+03   1.1280000e+06
   1.6141715e+03   1.1270000e+06
   1.6138303e+03   1.1260000e+06
   1.6134953e+03   1.1250000e+06
   1.6131617e+03   1.1240000e+06
   1.6128267e+03   1.1230000e+06
   1.6124924e+03   1.1220000e+06
   1.6121570e+03   1.1210000e+06
   1.6118210e+03   1.1200000e+06
   1.6114857e+03   1.1190000e+06
   1.6111485e+03   1.1180000e+06
   1.6108115e+03   1.1170000e+06
   1.6104726e+03   1.1160000e+06
   1.6101401e+03   1.1150000e+06
   1.6100000e+03   1.1145820e+06
   1.6098038e+03   1.1140000e+06
   1.6093922e+03   1.1130000e+06
   1.6090556e+03   1.1120000e+06
   1.6087388e+03   1.1110000e+06
   1.6084051e+03   1.1100000e+06
   1.6079795e+03   1.1090000e+06
   1.6076101e+03   1.1080000e+06
   1.6072743e+03   1.1070000e+06
   1.6069380e+03   1.1060000e+06
   1.6066017e+03   1.1050000e+06
   1.6063246e+03   1.1040000e+06
   1.6059119e+03   1.1030000e+06
   1.6055785e+03   1.1020000e+06
   1.6051986e+03   1.1010000e+06
   1.6032004e+03   1.1000000e+06
   1.6009096e+03   1.0990000e+06
   1.6000000e+03   1.0982757e+06
   1.5995323e+03   1.0980000e+06
   1.5957749e+03   1.0970000e+06
   1.5921620e+03   1.0960000e+06
   1.5939757e+03   1.0950000e+06
   1.5900000e+03   1.0942670e+06
   1.5873192e+03   1.0940000e+06
   1.5838954e+03   1.0930000e+06
   1.5812686e+03   1.0920000e+06
   1.5800000e+03   1.0915084e+06
   1.5787885e+03   1.0910000e+06
   1.5766783e+03   1.0900000e+06
   1.5739795e+03   1.0890000e+06
   1.5711693e+03   1.0880000e+06
   1.5700000e+03   1.0874352e+06
   1.5689951e+03   1.0870000e+06
   1.5666849e+03   1.0860000e+06
   1.5647786e+03   1.0850000e+06
   1.5644071e+03   1.0840000e+06
   1.5642082e+03   1.0830000e+06
   1.5639234e+03   1.0820000e+06
   1.5637035e+03   1.0810000e+06
   1.5634110e+03   1.0800000e+06
   1.5627825e+03   1.0790000e+06
   1.5625080e+03   1.0780000e+06
   1.5621210e+03   1.0770000e+06
   1.5618371e+03   1.0760000e+06
   1.5614800e+03   1.0750000e+06
   1.5611622e+03   1.0740000e+06
   1.5608398e+03   1.0730000e+06
   1.5605222e+03   1.0720000e+06
   1.5602047e+03   1.0710000e+06
   1.5600000e+03   1.0703577e+06
   1.5598867e+03   1.0700000e+06
   1.5595699e+03   1.0690000e+06
   1.5592537e+03   1.0680000e+06
   1.5589363e+03   1.0670000e+06
   1.5585945e+03   1.0660000e+06
   1.5582751e+03   1.0650000e+06
   1.5579594e+03   1.0640000e+06
   1.5576430e+03   1.0630000e+06
   1.5573147e+03   1.0620000e+06
   1.5569868e+03   1.0610000e+06
   1.5566920e+03   1.0600000e+06
   1.5563616e+03   1.0590000e+06
   1.5560309e+03   1.0580000e+06
   1.5557010e+03   1.0570000e+06
   1.5553787e+03   1.0560000e+06
   1.5550588e+03   1.0550000e+06
   1.5547603e+03   1.0540000e+06
   1.5544492e+03   1.0530000e+06
   1.5541163e+03   1.0520000e+06
   1.5537953e+03   1.0510000e+06
   1.5534549e+03   1.0500000e+06
   1.5531486e+03   1.0490000e+06
   1.5528232e+03   1.0480000e+06
   1.5525055e+03   1.0470000e+06
   1.5521748e+03   1.0460000e+06
   1.5518370e+03   1.0450000e+06
   1.5515116e+03   1.0440000e+06
   1.5511876e+03   1.0430000e+06
   1.5508644e+03   1.0420000e+06
   1.5505137e+03   1.0410000e+06
   1.5501794e+03   1.0400000e+06
   1.5500000e+03   1.0394528e+06
   1.5498534e+03   1.0390000e+06
   1.5495336e+03   1.0380000e+06
   1.5492151e+03   1.0370000e+06
   1.5488991e+03   1.0360000e+06
   1.5485851e+03   1.0350000e+06
   1.5482740e+03   1.0340000e+06
   1.5479719e+03   1.0330000e+06
   1.5476534e+03   1.0320000e+06
   1.5473329e+03   1.0310000e+06
   1.5470058e+03   1.0300000e+06
   1.5466777e+03   1.0290000e+06
   1.5463482e+03   1.0280000e+06
   1.5460181e+03   1.0270000e+06
   1.5456857e+03   1.0260000e+06
   1.5453578e+03   1.0250000e+06
   1.5450287e+03   1.0240000e+06
   1.5446983e+03   1.0230000e+06
   1.5443735e+03   1.0220000e+06
   1.5440489e+03   1.0210000e+06
   1.5437314e+03   1.0200000e+06
   1.5433980e+03   1.0190000e+06
   1.5430714e+03   1.0180000e+06
   1.5427533e+03   1.0170000e+06
   1.5424326e+03   1.0160000e+06
   1.5421114e+03   1.0150000e+06
   1.5417832e+03   1.0140000e+06
   1.5414671e+03   1.0130000e+06
   1.5411500e+03   1.0120000e+06
   1.5408162e+03   1.0110000e+06
   1.5404826e+03   1.0100000e+06
   1.5401490e+03   1.0090000e+06
   1.5400000e+03   1.0085551e+06
   1.5398145e+03   1.0080000e+06
   1.5394808e+03   1.0070000e+06
   1.5391480e+03   1.0060000e+06
   1.5388148e+03   1.0050000e+06
   1.5384804e+03   1.0040000e+06
   1.5381468e+03   1.0030000e+06
   1.5378121e+03   1.0020000e+06
   1.5374775e+03   1.0010000e+06
   1.5371429e+03   1.0000000e+06
   1.5368121e+03   9.9900000e+05
   1.5365149e+03   9.9800000e+05
   1.5361893e+03   9.9700000e+05
   1.5358489e+03   9.9600000e+05
   1.5355168e+03   9.9500000e+05
   1.5351983e+03   9.9400000e+05
   1.5348581e+03   9.9300000e+05
   1.5345389e+03   9.9200000e+05
   1.5341878e+03   9.9100000e+05
   1.5338612e+03   9.9000000e+05
   1.5335349e+03   9.8900000e+05
   1.5332100e+03   9.8800000e+05
   1.5328862e+03   9.8700000e+05
   1.5325758e+03   9.8600000e+05
   1.5322340e+03   9.8500000e+05
   1.5318906e+03   9.8400000e+05
   1.5315407e+03   9.8300000e+05
   1.5311967e+03   9.8200000e+05
   1.5308627e+03   9.8100000e+05
   1.5305234e+03   9.8000000e+05
   1.5301814e+03   9.7900000e+05
   1.5300000e+03   9.7841633e+05
   1.5298715e+03   9.7800000e+05
   1.5295400e+03   9.7700000e+05
   1.5291932e+03   9.7600000e+05
   1.5288547e+03   9.7500000e+05
   1.5285250e+03   9.7400000e+05
   1.5281894e+03   9.7300000e+05
   1.5278644e+03   9.7200000e+05
   1.5275945e+03   9.7100000e+05
   1.5272196e+03   9.7000000e+05
   1.5268967e+03   9.6900000e+05
   1.5265737e+03   9.6800000e+05
   1.5262495e+03   9.6700000e+05
   1.5259241e+03   9.6600000e+05
   1.5255866e+03   9.6500000e+05
   1.5253148e+03   9.6400000e+05
   1.5249140e+03   9.6300000e+05
   1.5245873e+03   9.6200000e+05
   1.5242265e+03   9.6100000e+05
   1.5238996e+03   9.6000000e+05
   1.5235501e+03   9.5900000e+05
   1.5232921e+03   9.5800000e+05
   1.5228618e+03   9.5700000e+05
   1.5225025e+03   9.5600000e+05
   1.5221902e+03   9.5500000e+05
   1.5218082e+03   9.5400000e+05
   1.5214826e+03   9.5300000e+05
   1.5211533e+03   9.5200000e+05
   1.5208288e+03   9.5100000e+05
   1.5205031e+03   9.5000000e+05
   1.5201786e+03   9.4900000e+05
   1.5200000e+03   9.4846617e+05
   1.5198449e+03   9.4800000e+05
   1.5195228e+03   9.4700000e+05
   1.5191934e+03   9.4600000e+05
   1.5189667e+03   9.4500000e+05
   1.5184954e+03   9.4400000e+05
   1.5181633e+03   9.4300000e+05
   1.5178299e+03   9.4200000e+05
   1.5174802e+03   9.4100000e+05
   1.5171387e+03   9.4000000e+05
   1.5169479e+03   9.3900000e+05
   1.5164912e+03   9.3800000e+05
   1.5161486e+03   9.3700000e+05
   1.5158035e+03   9.3600000e+05
   1.5154609e+03   9.3500000e+05
   1.5151148e+03   9.3400000e+05
   1.5147640e+03   9.3300000e+05
   1.5144747e+03   9.3200000e+05
   1.5140524e+03   9.3100000e+05
   1.5136912e+03   9.3000000e+05
   1.5133500e+03   9.2900000e+05
   1.5130004e+03   9.2800000e+05
   1.5126565e+03   9.2700000e+05
   1.5123455e+03   9.2600000e+05
   1.5119620e+03   9.2500000e+05
   1.5116112e+03   9.2400000e+05
   1.5112720e+03   9.2300000e+05
   1.5109198e+03   9.2200000e+05
   1.5105837e+03   9.2100000e+05
   1.5102539e+03   9.2000000e+05
   1.5100000e+03   9.1926022e+05
   1.5099129e+03   9.1900000e+05
   1.5095791e+03   9.1800000e+05
   1.5092492e+03   9.1700000e+05
   1.5089087e+03   9.1600000e+05
   1.5085664e+03   9.1500000e+05
   1.5082216e+03   9.1400000e+05
   1.5078763e+03   9.1300000e+05
   1.5075317e+03   9.1200000e+05
   1.5071813e+03   9.1100000e+05
   1.5068450e+03   9.1000000e+05
   1.5065022e+03   9.0900000e+05
   1.5061631e+03   9.0800000e+05
   1.5058225e+03   9.0700000e+05
   1.5054813e+03   9.0600000e+05
   1.5051378e+03   9.0500000e+05
   1.5047964e+03   9.0400000e+05
   1.5044565e+03   9.0300000e+05
   1.5041114e+03   9.0200000e+05
   1.5037718e+03   9.0100000e+05
   1.5034327e+03   9.0000000e+05
   1.5030951e+03   8.9900000e+05
   1.5027485e+03   8.9800000e+05
   1.5023710e+03   8.9700000e+05
   1.5020568e+03   8.9600000e+05
   1.5017037e+03   8.9500000e+05
   1.5013493e+03   8.9400000e+05
   1.5009945e+03   8.9300000e+05
   1.5006396e+03   8.9200000e+05
   1.5002833e+03   8.9100000e+05
   1.5000000e+03   8.9019718e+05
   1.4999309e+03   8.9000000e+05
   1.4995817e+03   8.8900000e+05
   1.4992329e+03   8.8800000e+05
   1.4988834e+03   8.8700000e+05
   1.4985328e+03   8.8600000e+05
   1.4981819e+03   8.8500000e+05
   1.4978398e+03   8.8400000e+05
   1.4975040e+03   8.8300000e+05
   1.4971686e+03   8.8200000e+05
   1.4968329e+03   8.8100000e+05
   1.4964959e+03   8.8000000e+05
   1.4961602e+03   8.7900000e+05
   1.4957924e+03   8.7800000e+05
   1.4954673e+03   8.7700000e+05
   1.4951199e+03   8.7600000e+05
   1.4947922e+03   8.7500000e+05
   1.4944436e+03   8.7400000e+05
   1.4940935e+03   8.7300000e+05
   1.4937416e+03   8.7200000e+05
   1.4933948e+03   8.7100000e+05
   1.4930503e+03   8.7000000e+05
   1.4927067e+03   8.6900000e+05
   1.4923358e+03   8.6800000e+05
   1.4919916e+03   8.6700000e+05
   1.4916498e+03   8.6600000e+05
   1.4912995e+03   8.6500000e+05
   1.4909405e+03   8.6400000e+05
   1.4905814e+03   8.6300000e+05
   1.4902258e+03   8.6200000e+05
   1.4900000e+03   8.6137329e+05
   1.4898662e+03   8.6100000e+05
   1.4895072e+03   8.6000000e+05
   1.4891495e+03   8.5900000e+05
   1.4887939e+03   8.5800000e+05
   1.4884380e+03   8.5700000e+05
   1.4880792e+03   8.5600000e+05
   1.4877235e+03   8.5500000e+05
   1.4873666e+03   8.5400000e+05
   1.4870101e+03   8.5300000e+05
   1.4866589e+03   8.5200000e+05
   1.4863098e+03   8.5100000e+05
   1.4859644e+03   8.5000000e+05
   1.4855914e+03   8.4900000e+05
   1.4852587e+03   8.4800000e+05
   1.4849077e+03   8.4700000e+05
   1.4845590e+03   8.4600000e+05
   1.4842165e+03   8.4500000e+05
   1.4838748e+03   8.4400000e+05
   1.4835323e+03   8.4300000e+05
   1.4831909e+03   8.4200000e+05
   1.4828470e+03   8.4100000e+05
   1.4824608e+03   8.4000000e+05
   1.4821447e+03   8.3900000e+05
   1.4817838e+03   8.3800000e+05
   1.4814211e+03   8.3700000e+05
   1.4810632e+03   8.3600000e+05
   1.4807077e+03   8.3500000e+05
   1.4803466e+03   8.3400000e+05
   1.4800000e+03   8.3304377e+05
   1.4799841e+03   8.3300000e+05
   1.4796176e+03   8.3200000e+05
   1.4792546e+03   8.3100000e+05
   1.4788913e+03   8.3000000e+05
   1.4785267e+03   8.2900000e+05
   1.4781640e+03   8.2800000e+05
   1.4778229e+03   8.2700000e+05
   1.4774509e+03   8.2600000e+05
   1.4770754e+03   8.2500000e+05
   1.4767159e+03   8.2400000e+05
   1.4763572e+03   8.2300000e+05
   1.4760049e+03   8.2200000e+05
   1.4756492e+03   8.2100000e+05
   1.4753068e+03   8.2000000e+05
   1.4749550e+03   8.1900000e+05
   1.4745993e+03   8.1800000e+05
   1.4742427e+03   8.1700000e+05
   1.4738803e+03   8.1600000e+05
   1.4735303e+03   8.1500000e+05
   1.4731812e+03   8.1400000e+05
   1.4728336e+03   8.1300000e+05
   1.4724801e+03   8.1200000e+05
   1.4721311e+03   8.1100000e+05
   1.4717845e+03   8.1000000e+05
   1.4714343e+03   8.0900000e+05
   1.4709593e+03   8.0800000e+05
   1.4707056e+03   8.0700000e+05
   1.4703258e+03   8.0600000e+05
   1.4700000e+03   8.0514286e+05
   1.4699453e+03   8.0500000e+05
   1.4695631e+03   8.0400000e+05
   1.4691809e+03   8.0300000e+05
   1.4687955e+03   8.0200000e+05
   1.4684321e+03   8.0100000e+05
   1.4680707e+03   8.0000000e+05
   1.4677070e+03   7.9900000e+05
   1.4673438e+03   7.9800000e+05
   1.4669827e+03   7.9700000e+05
   1.4666182e+03   7.9600000e+05
   1.4662587e+03   7.9500000e+05
   1.4658897e+03   7.9400000e+05
   1.4655165e+03   7.9300000e+05
   1.4651536e+03   7.9200000e+05
   1.4647910e+03   7.9100000e+05
   1.4644288e+03   7.9000000e+05
   1.4640694e+03   7.8900000e+05
   1.4637040e+03   7.8800000e+05
   1.4633398e+03   7.8700000e+05
   1.4629739e+03   7.8600000e+05
   1.4626080e+03   7.8500000e+05
   1.4622570e+03   7.8400000e+05
   1.4618894e+03   7.8300000e+05
   1.4615269e+03   7.8200000e+05
   1.4611714e+03   7.8100000e+05
   1.4607815e+03   7.8000000e+05
   1.4604274e+03   7.7900000e+05
   1.4600735e+03   7.7800000e+05
   1.4600000e+03   7.7779181e+05
   1.4597221e+03   7.7700000e+05
   1.4593674e+03   7.7600000e+05
   1.4589995e+03   7.7500000e+05
   1.4586400e+03   7.7400000e+05
   1.4582708e+03   7.7300000e+05
   1.4579012e+03   7.7200000e+05
   1.4575318e+03   7.7100000e+05
   1.4571615e+03   7.7000000e+05
   1.4567837e+03   7.6900000e+05
   1.4564033e+03   7.6800000e+05
   1.4560144e+03   7.6700000e+05
   1.4556307e+03   7.6600000e+05
   1.4552605e+03   7.6500000e+05
   1.4548807e+03   7.6400000e+05
   1.4545076e+03   7.6300000e+05
   1.4541446e+03   7.6200000e+05
   1.4537749e+03   7.6100000e+05
   1.4534165e+03   7.6000000e+05
   1.4530710e+03   7.5900000e+05
   1.4527059e+03   7.5800000e+05
   1.4523395e+03   7.5700000e+05
   1.4519621e+03   7.5600000e+05
   1.4515848e+03   7.5500000e+05
   1.4511962e+03   7.5400000e+05
   1.4508157e+03   7.5300000e+05
   1.4504382e+03   7.5200000e+05
   1.4500910e+03   7.5100000e+05
   1.4500000e+03   7.5077177e+05
   1.4496936e+03   7.5000000e+05
   1.4493312e+03   7.4900000e+05
   1.4489688e+03   7.4800000e+05
   1.4486012e+03   7.4700000e+05
   1.4482282e+03   7.4600000e+05
   1.4478653e+03   7.4500000e+05
   1.4474979e+03   7.4400000e+05
   1.4471196e+03   7.4300000e+05
   1.4467412e+03   7.4200000e+05
   1.4463723e+03   7.4100000e+05
   1.4459948e+03   7.4000000e+05
   1.4456145e+03   7.3900000e+05
   1.4452687e+03   7.3800000e+05
   1.4448671e+03   7.3700000e+05
   1.4445018e+03   7.3600000e+05
   1.4441349e+03   7.3500000e+05
   1.4437592e+03   7.3400000e+05
   1.4433939e+03   7.3300000e+05
   1.4430288e+03   7.3200000e+05
   1.4426536e+03   7.3100000e+05
   1.4422721e+03   7.3000000e+05
   1.4418904e+03   7.2900000e+05
   1.4415118e+03   7.2800000e+05
   1.4411283e+03   7.2700000e+05
   1.4407436e+03   7.2600000e+05
   1.4403607e+03   7.2500000e+05
   1.4400000e+03   7.2406192e+05
   1.4399763e+03   7.2400000e+05
   1.4395937e+03   7.2300000e+05
   1.4392111e+03   7.2200000e+05
   1.4388286e+03   7.2100000e+05
   1.4384450e+03   7.2000000e+05
   1.4380687e+03   7.1900000e+05
   1.4376898e+03   7.1800000e+05
   1.4373206e+03   7.1700000e+05
   1.4369512e+03   7.1600000e+05
   1.4365814e+03   7.1500000e+05
   1.4362114e+03   7.1400000e+05
   1.4358407e+03   7.1300000e+05
   1.4354644e+03   7.1200000e+05
   1.4350775e+03   7.1100000e+05
   1.4346894e+03   7.1000000e+05
   1.4343018e+03   7.0900000e+05
   1.4339136e+03   7.0800000e+05
   1.4335250e+03   7.0700000e+05
   1.4331733e+03   7.0600000e+05
   1.4327637e+03   7.0500000e+05
   1.4323728e+03   7.0400000e+05
   1.4319969e+03   7.0300000e+05
   1.4316211e+03   7.0200000e+05
   1.4312465e+03   7.0100000e+05
   1.4308726e+03   7.0000000e+05
   1.4304909e+03   6.9900000e+05
   1.4301059e+03   6.9800000e+05
   1.4300000e+03   6.9772644e+05
   1.4297196e+03   6.9700000e+05
   1.4293323e+03   6.9600000e+05
   1.4289461e+03   6.9500000e+05
   1.4285681e+03   6.9400000e+05
   1.4281634e+03   6.9300000e+05
   1.4277938e+03   6.9200000e+05
   1.4274028e+03   6.9100000e+05
   1.4270114e+03   6.9000000e+05
   1.4266193e+03   6.8900000e+05
   1.4262278e+03   6.8800000e+05
   1.4258352e+03   6.8700000e+05
   1.4254560e+03   6.8600000e+05
   1.4250776e+03   6.8500000e+05
   1.4247029e+03   6.8400000e+05
   1.4243250e+03   6.8300000e+05
   1.4239458e+03   6.8200000e+05
   1.4235670e+03   6.8100000e+05
   1.4231807e+03   6.8000000e+05
   1.4227867e+03   6.7900000e+05
   1.4223944e+03   6.7800000e+05
   1.4220330e+03   6.7700000e+05
   1.4216413e+03   6.7600000e+05
   1.4212485e+03   6.7500000e+05
   1.4208580e+03   6.7400000e+05
   1.4204734e+03   6.7300000e+05
   1.4200900e+03   6.7200000e+05
   1.4200000e+03   6.7178187e+05
   1.4196785e+03   6.7100000e+05
   1.4192925e+03   6.7000000e+05
   1.4189086e+03   6.6900000e+05
   1.4185126e+03   6.6800000e+05
   1.4181321e+03   6.6700000e+05
   1.4177382e+03   6.6600000e+05
   1.4173462e+03   6.6500000e+05
   1.4169903e+03   6.6400000e+05
   1.4165987e+03   6.6300000e+05
   1.4162113e+03   6.6200000e+05
   1.4158156e+03   6.6100000e+05
   1.4154205e+03   6.6000000e+05
   1.4150262e+03   6.5900000e+05
   1.4146279e+03   6.5800000e+05
   1.4142331e+03   6.5700000e+05
   1.4138388e+03   6.5600000e+05
   1.4134472e+03   6.5500000e+05
   1.4130580e+03   6.5400000e+05
   1.4126465e+03   6.5300000e+05
   1.4122348e+03   6.5200000e+05
   1.4118342e+03   6.5100000e+05
   1.4114356e+03   6.5000000e+05
   1.4110483e+03   6.4900000e+05
   1.4106615e+03   6.4800000e+05
   1.4102710e+03   6.4700000e+05
   1.4100000e+03   6.4632267e+05
   1.4098716e+03   6.4600000e+05
   1.4094733e+03   6.4500000e+05
   1.4090749e+03   6.4400000e+05
   1.4086704e+03   6.4300000e+05
   1.4082836e+03   6.4200000e+05
   1.4079003e+03   6.4100000e+05
   1.4075072e+03   6.4000000e+05
   1.4071199e+03   6.3900000e+05
   1.4067310e+03   6.3800000e+05
   1.4063447e+03   6.3700000e+05
   1.4059677e+03   6.3600000e+05
   1.4055622e+03   6.3500000e+05
   1.4051642e+03   6.3400000e+05
   1.4047641e+03   6.3300000e+05
   1.4043645e+03   6.3200000e+05
   1.4039627e+03   6.3100000e+05
   1.4035651e+03   6.3000000e+05
   1.4031642e+03   6.2900000e+05
   1.4027606e+03   6.2800000e+05
   1.4023598e+03   6.2700000e+05
   1.4019559e+03   6.2600000e+05
   1.4015502e+03   6.2500000e+05
   1.4011452e+03   6.2400000e+05
   1.4007387e+03   6.2300000e+05
   1.4003398e+03   6.2200000e+05
   1.4000000e+03   6.2116384e+05
   1.3999331e+03   6.2100000e+05
   1.3995250e+03   6.2000000e+05
   1.3991162e+03   6.1900000e+05
   1.3987098e+03   6.1800000e+05
   1.3983151e+03   6.1700000e+05
   1.3978971e+03   6.1600000e+05
   1.3974900e+03   6.1500000e+05
   1.3970846e+03   6.1400000e+05
   1.3966792e+03   6.1300000e+05
   1.3962639e+03   6.1200000e+05
   1.3958589e+03   6.1100000e+05
   1.3954587e+03   6.1000000e+05
   1.3950634e+03   6.0900000e+05
   1.3946635e+03   6.0800000e+05
   1.3942674e+03   6.0700000e+05
   1.3938724e+03   6.0600000e+05
   1.3934767e+03   6.0500000e+05
   1.3930810e+03   6.0400000e+05
   1.3926730e+03   6.0300000e+05
   1.3922644e+03   6.0200000e+05
   1.3918511e+03   6.0100000e+05
   1.3914426e+03   6.0000000e+05
   1.3910333e+03   5.9900000e+05
   1.3906258e+03   5.9800000e+05
   1.3902241e+03   5.9700000e+05
   1.3900000e+03   5.9643553e+05
   1.3898267e+03   5.9600000e+05
   1.3894290e+03   5.9500000e+05
   1.3890306e+03   5.9400000e+05
   1.3886167e+03   5.9300000e+05
   1.3882158e+03   5.9200000e+05
   1.3877933e+03   5.9100000e+05
   1.3873981e+03   5.9000000e+05
   1.3870071e+03   5.8900000e+05
   1.3865910e+03   5.8800000e+05
   1.3861702e+03   5.8700000e+05
   1.3857557e+03   5.8600000e+05
   1.3853411e+03   5.8500000e+05
   1.3849221e+03   5.8400000e+05
   1.3845048e+03   5.8300000e+05
   1.3840390e+03   5.8200000e+05
   1.3836479e+03   5.8100000e+05
   1.3831956e+03   5.8000000e+05
   1.3827811e+03   5.7900000e+05
   1.3823725e+03   5.7800000e+05
   1.3819680e+03   5.7700000e+05
   1.3815627e+03   5.7600000e+05
   1.3811573e+03   5.7500000e+05
   1.3807507e+03   5.7400000e+05
   1.3803452e+03   5.7300000e+05
   1.3800000e+03   5.7214846e+05
   1.3799403e+03   5.7200000e+05
   1.3795389e+03   5.7100000e+05
   1.3791368e+03   5.7000000e+05
   1.3786797e+03   5.6900000e+05
   1.3782653e+03   5.6800000e+05
   1.3778652e+03   5.6700000e+05
   1.3774389e+03   5.6600000e+05
   1.3770526e+03   5.6500000e+05
   1.3766369e+03   5.6400000e+05
   1.3762207e+03   5.6300000e+05
   1.3758050e+03   5.6200000e+05
   1.3753916e+03   5.6100000e+05
   1.3749731e+03   5.6000000e+05
   1.3745510e+03   5.5900000e+05
   1.3741117e+03   5.5800000e+05
   1.3736757e+03   5.5700000e+05
   1.3732723e+03   5.5600000e+05
   1.3728364e+03   5.5500000e+05
   1.3723984e+03   5.5400000e+05
   1.3719995e+03   5.5300000e+05
   1.3715359e+03   5.5200000e+05
   1.3711106e+03   5.5100000e+05
   1.3706840e+03   5.5000000e+05
   1.3702574e+03   5.4900000e+05
   1.3700000e+03   5.4839523e+05
   1.3698333e+03   5.4800000e+05
   1.3694070e+03   5.4700000e+05
   1.3689951e+03   5.4600000e+05
   1.3685831e+03   5.4500000e+05
   1.3681699e+03   5.4400000e+05
   1.3677557e+03   5.4300000e+05
   1.3673423e+03   5.4200000e+05
   1.3669280e+03   5.4100000e+05
   1.3665103e+03   5.4000000e+05
   1.3660839e+03   5.3900000e+05
   1.3656574e+03   5.3800000e+05
   1.3652315e+03   5.3700000e+05
   1.3648042e+03   5.3600000e+05
   1.3643764e+03   5.3500000e+05
   1.3639821e+03   5.3400000e+05
   1.3635234e+03   5.3300000e+05
   1.3631184e+03   5.3200000e+05
   1.3626942e+03   5.3100000e+05
   1.3622676e+03   5.3000000e+05
   1.3618391e+03   5.2900000e+05
   1.3614094e+03   5.2800000e+05
   1.3609839e+03   5.2700000e+05
   1.3605552e+03   5.2600000e+05
   1.3601384e+03   5.2500000e+05
   1.3600000e+03   5.2466757e+05
   1.3597258e+03   5.2400000e+05
   1.3593135e+03   5.2300000e+05
   1.3588982e+03   5.2200000e+05
   1.3584806e+03   5.2100000e+05
   1.3580628e+03   5.2000000e+05
   1.3576385e+03   5.1900000e+05
   1.3572204e+03   5.1800000e+05
   1.3567961e+03   5.1700000e+05
   1.3563779e+03   5.1600000e+05
   1.3559597e+03   5.1500000e+05
   1.3555203e+03   5.1400000e+05
   1.3550815e+03   5.1300000e+05
   1.3546332e+03   5.1200000e+05
   1.3541906e+03   5.1100000e+05
   1.3537418e+03   5.1000000e+05
   1.3532920e+03   5.0900000e+05
   1.3528525e+03   5.0800000e+05
   1.3524297e+03   5.0700000e+05
   1.3520060e+03   5.0600000e+05
   1.3515740e+03   5.0500000e+05
   1.3511494e+03   5.0400000e+05
   1.3507235e+03   5.0300000e+05
   1.3502530e+03   5.0200000e+05
   1.3500000e+03   5.0135876e+05
   1.3498596e+03   5.0100000e+05
   1.3494180e+03   5.0000000e+05
   1.3489768e+03   4.9900000e+05
   1.3485309e+03   4.9800000e+05
   1.3480954e+03   4.9700000e+05
   1.3476528e+03   4.9600000e+05
   1.3472198e+03   4.9500000e+05
   1.3467880e+03   4.9400000e+05
   1.3463590e+03   4.9300000e+05
   1.3459261e+03   4.9200000e+05
   1.3454965e+03   4.9100000e+05
   1.3450740e+03   4.9000000e+05
   1.3446348e+03   4.8900000e+05
   1.3441975e+03   4.8800000e+05
   1.3437510e+03   4.8700000e+05
   1.3433050e+03   4.8600000e+05
   1.3428567e+03   4.8500000e+05
   1.3423933e+03   4.8400000e+05
   1.3419567e+03   4.8300000e+05
   1.3415122e+03   4.8200000e+05
   1.3410711e+03   4.8100000e+05
   1.3406356e+03   4.8000000e+05
   1.3401989e+03   4.7900000e+05
   1.3400000e+03   4.7854430e+05
   1.3397646e+03   4.7800000e+05
   1.3393374e+03   4.7700000e+05
   1.3388952e+03   4.7600000e+05
   1.3384555e+03   4.7500000e+05
   1.3380055e+03   4.7400000e+05
   1.3375569e+03   4.7300000e+05
   1.3371095e+03   4.7200000e+05
   1.3366540e+03   4.7100000e+05
   1.3362165e+03   4.7000000e+05
   1.3357704e+03   4.6900000e+05
   1.3353285e+03   4.6800000e+05
   1.3348860e+03   4.6700000e+05
   1.3344421e+03   4.6600000e+05
   1.3340037e+03   4.6500000e+05
   1.3335493e+03   4.6400000e+05
   1.3330996e+03   4.6300000e+05
   1.3326560e+03   4.6200000e+05
   1.3322107e+03   4.6100000e+05
   1.3317658e+03   4.6000000e+05
   1.3313222e+03   4.5900000e+05
   1.3308780e+03   4.5800000e+05
   1.3304314e+03   4.5700000e+05
   1.3300000e+03   4.5605489e+05
   1.3299750e+03   4.5600000e+05
   1.3295196e+03   4.5500000e+05
   1.3290641e+03   4.5400000e+05
   1.3286076e+03   4.5300000e+05
   1.3281502e+03   4.5200000e+05
   1.3277428e+03   4.5100000e+05
   1.3272572e+03   4.5000000e+05
   1.3268125e+03   4.4900000e+05
   1.3263681e+03   4.4800000e+05
   1.3259227e+03   4.4700000e+05
   1.3254779e+03   4.4600000e+05
   1.3250283e+03   4.4500000e+05
   1.3245731e+03   4.4400000e+05
   1.3241109e+03   4.4300000e+05
   1.3236463e+03   4.4200000e+05
   1.3231818e+03   4.4100000e+05
   1.3227176e+03   4.4000000e+05
   1.3222528e+03   4.3900000e+05
   1.3218418e+03   4.3800000e+05
   1.3213409e+03   4.3700000e+05
   1.3208931e+03   4.3600000e+05
   1.3204436e+03   4.3500000e+05
   1.3200000e+03   4.3401923e+05
   1.3199914e+03   4.3400000e+05
   1.3195410e+03   4.3300000e+05
   1.3190742e+03   4.3200000e+05
   1.3186249e+03   4.3100000e+05
   1.3181571e+03   4.3000000e+05
   1.3176950e+03   4.2900000e+05
   1.3172368e+03   4.2800000e+05
   1.3167936e+03   4.2700000e+05
   1.3163244e+03   4.2600000e+05
   1.3158633e+03   4.2500000e+05
   1.3154098e+03   4.2400000e+05
   1.3149525e+03   4.2300000e+05
   1.3144876e+03   4.2200000e+05
   1.3140030e+03   4.2100000e+05
   1.3135469e+03   4.2000000e+05
   1.3130841e+03   4.1900000e+05
   1.3126181e+03   4.1800000e+05
   1.3121452e+03   4.1700000e+05
   1.3116748e+03   4.1600000e+05
   1.3112013e+03   4.1500000e+05
   1.3107291e+03   4.1400000e+05
   1.3102548e+03   4.1300000e+05
   1.3100000e+03   4.1245116e+05
   1.3097923e+03   4.1200000e+05
   1.3093352e+03   4.1100000e+05
   1.3088781e+03   4.1000000e+05
   1.3084208e+03   4.0900000e+05
   1.3079634e+03   4.0800000e+05
   1.3075040e+03   4.0700000e+05
   1.3070384e+03   4.0600000e+05
   1.3065614e+03   4.0500000e+05
   1.3060861e+03   4.0400000e+05
   1.3056158e+03   4.0300000e+05
   1.3051582e+03   4.0200000e+05
   1.3046760e+03   4.0100000e+05
   1.3041933e+03   4.0000000e+05
   1.3037132e+03   3.9900000e+05
   1.3032301e+03   3.9800000e+05
   1.3027807e+03   3.9700000e+05
   1.3023179e+03   3.9600000e+05
   1.3017391e+03   3.9500000e+05
   1.3013799e+03   3.9400000e+05
   1.3007858e+03   3.9300000e+05
   1.3003111e+03   3.9200000e+05
   1.3000000e+03   3.9133864e+05
   1.2998416e+03   3.9100000e+05
   1.2993700e+03   3.9000000e+05
   1.2989025e+03   3.8900000e+05
   1.2984360e+03   3.8800000e+05
   1.2979662e+03   3.8700000e+05
   1.2974987e+03   3.8600000e+05
   1.2970001e+03   3.8500000e+05
   1.2965479e+03   3.8400000e+05
   1.2960804e+03   3.8300000e+05
   1.2955975e+03   3.8200000e+05
   1.2951336e+03   3.8100000e+05
   1.2946440e+03   3.8000000e+05
   1.2941690e+03   3.7900000e+05
   1.2936819e+03   3.7800000e+05
   1.2932478e+03   3.7700000e+05
   1.2927711e+03   3.7600000e+05
   1.2922991e+03   3.7500000e+05
   1.2918474e+03   3.7400000e+05
   1.2914015e+03   3.7300000e+05
   1.2910196e+03   3.7200000e+05
   1.2905734e+03   3.7100000e+05
   1.2901108e+03   3.7000000e+05
   1.2900000e+03   3.6974576e+05
   1.2896780e+03   3.6900000e+05
   1.2892808e+03   3.6800000e+05
   1.2888453e+03   3.6700000e+05
   1.2884085e+03   3.6600000e+05
   1.2879577e+03   3.6500000e+05
   1.2875359e+03   3.6400000e+05
   1.2871039e+03   3.6300000e+05
   1.2866600e+03   3.6200000e+05
   1.2862032e+03   3.6100000e+05
   1.2857888e+03   3.6000000e+05
   1.2853728e+03   3.5900000e+05
   1.2849183e+03   3.5800000e+05
   1.2845242e+03   3.5700000e+05
   1.2840707e+03   3.5600000e+05
   1.2838374e+03   3.5500000e+05
   1.2832216e+03   3.5400000e+05
   1.2827700e+03   3.5300000e+05
   1.2823408e+03   3.5200000e+05
   1.2821829e+03   3.5100000e+05
   1.2814981e+03   3.5000000e+05
   1.2810380e+03   3.4900000e+05
   1.2805987e+03   3.4800000e+05
   1.2804778e+03   3.4700000e+05
   1.2800000e+03   3.4634310e+05
   1.2797453e+03   3.4600000e+05
   1.2793254e+03   3.4500000e+05
   1.2788472e+03   3.4400000e+05
   1.2784008e+03   3.4300000e+05
   1.2779348e+03   3.4200000e+05
   1.2775098e+03   3.4100000e+05
   1.2770633e+03   3.4000000e+05
   1.2766608e+03   3.3900000e+05
   1.2762086e+03   3.3800000e+05
   1.2757397e+03   3.3700000e+05
   1.2752737e+03   3.3600000e+05
   1.2748210e+03   3.3500000e+05
   1.2743495e+03   3.3400000e+05
   1.2739516e+03   3.3300000e+05
   1.2734852e+03   3.3200000e+05
   1.2730189e+03   3.3100000e+05
   1.2725493e+03   3.3000000e+05
   1.2721513e+03   3.2900000e+05
   1.2716724e+03   3.2800000e+05
   1.2712121e+03   3.2700000e+05
   1.2707336e+03   3.2600000e+05
   1.2703379e+03   3.2500000e+05
   1.2700000e+03   3.2429979e+05
   1.2698556e+03   3.2400000e+05
   1.2693722e+03   3.2300000e+05
   1.2689034e+03   3.2200000e+05
   1.2684941e+03   3.2100000e+05
   1.2680256e+03   3.2000000e+05
   1.2675415e+03   3.1900000e+05
   1.2670656e+03   3.1800000e+05
   1.2666008e+03   3.1700000e+05
   1.2661676e+03   3.1600000e+05
   1.2656963e+03   3.1500000e+05
   1.2652067e+03   3.1400000e+05
   1.2647186e+03   3.1300000e+05
   1.2642853e+03   3.1200000e+05
   1.2638386e+03   3.1100000e+05
   1.2633471e+03   3.1000000e+05
   1.2628579e+03   3.0900000e+05
   1.2624157e+03   3.0800000e+05
   1.2619662e+03   3.0700000e+05
   1.2614719e+03   3.0600000e+05
   1.2609775e+03   3.0500000e+05
   1.2604828e+03   3.0400000e+05
   1.2600134e+03   3.0300000e+05
   1.2600000e+03   3.0296852e+05
   1.2595894e+03   3.0200000e+05
   1.2590996e+03   3.0100000e+05
   1.2586066e+03   3.0000000e+05
   1.2581266e+03   2.9900000e+05
   1.2576655e+03   2.9800000e+05
   1.2571643e+03   2.9700000e+05
   1.2567034e+03   2.9600000e+05
   1.2562563e+03   2.9500000e+05
   1.2557600e+03   2.9400000e+05
   1.2552653e+03   2.9300000e+05
   1.2547849e+03   2.9200000e+05
   1.2543301e+03   2.9100000e+05
   1.2538469e+03   2.9000000e+05
   1.2533456e+03   2.8900000e+05
   1.2528417e+03   2.8800000e+05
   1.2523467e+03   2.8700000e+05
   1.2519097e+03   2.8600000e+05
   1.2514046e+03   2.8500000e+05
   1.2508834e+03   2.8400000e+05
   1.2503792e+03   2.8300000e+05
   1.2500000e+03   2.8222708e+05
   1.2498897e+03   2.8200000e+05
   1.2494255e+03   2.8100000e+05
   1.2489569e+03   2.8000000e+05
   1.2484683e+03   2.7900000e+05
   1.2479570e+03   2.7800000e+05
   1.2474799e+03   2.7700000e+05
   1.2469963e+03   2.7600000e+05
   1.2465198e+03   2.7500000e+05
   1.2460039e+03   2.7400000e+05
   1.2454978e+03   2.7300000e+05
   1.2449808e+03   2.7200000e+05
   1.2444912e+03   2.7100000e+05
   1.2440298e+03   2.7000000e+05
   1.2435163e+03   2.6900000e+05
   1.2429966e+03   2.6800000e+05
   1.2425010e+03   2.6700000e+05
   1.2419915e+03   2.6600000e+05
   1.2415234e+03   2.6500000e+05
   1.2410120e+03   2.6400000e+05
   1.2404963e+03   2.6300000e+05
   1.2400000e+03   2.6204854e+05
   1.2399749e+03   2.6200000e+05
   1.2394726e+03   2.6100000e+05
   1.2389499e+03   2.6000000e+05
   1.2384964e+03   2.5900000e+05
   1.2379219e+03   2.5800000e+05
   1.2300000e+03   2.5725140e+05
   1.2286805e+03   2.5700000e+05
   1.2247326e+03   2.5600000e+05
   1.2206084e+03   2.5500000e+05
   1.2200000e+03   2.5477907e+05
   1.2175553e+03   2.5400000e+05
   1.2168641e+03   2.5300000e+05
   1.2163878e+03   2.5200000e+05
   1.2159291e+03   2.5100000e+05
   1.2154396e+03   2.5000000e+05
   1.2150150e+03   2.4900000e+05
   1.2146601e+03   2.4800000e+05
   1.2161260e+03   2.4700000e+05
   1.2187306e+03   2.4600000e+05
   1.2200000e+03   2.4551431e+05
   1.2222109e+03   2.4500000e+05
   1.2300000e+03   2.4409826e+05
   1.2303324e+03   2.4400000e+05
   1.2300000e+03   2.4371347e+05
   1.2280677e+03   2.4300000e+05
   1.2263649e+03   2.4200000e+05
   1.2258680e+03   2.4100000e+05
   1.2253794e+03   2.4000000e+05
   1.2248917e+03   2.3900000e+05
   1.2244036e+03   2.3800000e+05
   1.2239233e+03   2.3700000e+05
   1.2234477e+03   2.3600000e+05
   1.2229596e+03   2.3500000e+05
   1.2224765e+03   2.3400000e+05
   1.2219977e+03   2.3300000e+05
   1.2200000e+03   2.3257644e+05
   1.2180999e+03   2.3200000e+05
   1.2124125e+03   2.3100000e+05
   1.2119604e+03   2.3000000e+05
   1.2115122e+03   2.2900000e+05
   1.2110586e+03   2.2800000e+05
   1.2106018e+03   2.2700000e+05
   1.2101471e+03   2.2600000e+05
   1.2100000e+03   2.2567500e+05
   1.2096967e+03   2.2500000e+05
   1.2092440e+03   2.2400000e+05
   1.2087909e+03   2.2300000e+05
   1.2083383e+03   2.2200000e+05
   1.2078755e+03   2.2100000e+05
   1.2074022e+03   2.2000000e+05
   1.2069689e+03   2.1900000e+05
   1.2065241e+03   2.1800000e+05
   1.2060831e+03   2.1700000e+05
   1.2056387e+03   2.1600000e+05
   1.2052002e+03   2.1500000e+05
   1.2047598e+03   2.1400000e+05
   1.2043211e+03   2.1300000e+05
   1.2038851e+03   2.1200000e+05
   1.2034487e+03   2.1100000e+05
   1.2030141e+03   2.1000000e+05
   1.2025846e+03   2.0900000e+05
   1.2021507e+03   2.0800000e+05
   1.2017225e+03   2.0700000e+05
   1.2013004e+03   2.0600000e+05
   1.2008778e+03   2.0500000e+05
   1.2004532e+03   2.0400000e+05
   1.2000343e+03   2.0300000e+05
   1.2000000e+03   2.0291787e+05
   1.1996197e+03   2.0200000e+05
   1.1992063e+03   2.0100000e+05
   1.1987949e+03   2.0000000e+05
   1.1983870e+03   1.9900000e+05
   1.1979821e+03   1.9800000e+05
   1.1975809e+03   1.9700000e+05
   1.1971778e+03   1.9600000e+05
   1.1967761e+03   1.9500000e+05
   1.1963770e+03   1.9400000e+05
   1.1959814e+03   1.9300000e+05
   1.1955829e+03   1.9200000e+05
   1.1951921e+03   1.9100000e+05
   1.1947973e+03   1.9000000e+05
   1.1944036e+03   1.8900000e+05
   1.1940094e+03   1.8800000e+05
   1.1935688e+03   1.8700000e+05
   1.1930097e+03   1.8600000e+05
   1.1924101e+03   1.8500000e+05
   1.1918223e+03   1.8400000e+05
   1.1912249e+03   1.8300000e+05
   1.1906250e+03   1.8200000e+05
   1.1900167e+03   1.8100000e+05
   1.1900000e+03   1.8097258e+05
   1.1894118e+03   1.8000000e+05
   1.1887921e+03   1.7900000e+05
   1.1881709e+03   1.7800000e+05
   1.1875456e+03   1.7700000e+05
   1.1869093e+03   1.7600000e+05
   1.1862620e+03   1.7500000e+05
   1.1856159e+03   1.7400000e+05
   1.1849599e+03   1.7300000e+05
   1.1842959e+03   1.7200000e+05
   1.1836163e+03   1.7100000e+05
   1.1829412e+03   1.7000000e+05
   1.1822467e+03   1.6900000e+05
   1.1815453e+03   1.6800000e+05
   1.1808297e+03   1.6700000e+05
   1.1801246e+03   1.6600000e+05
   1.1800000e+03   1.6583075e+05
   1.1793917e+03   1.6500000e+05
   1.1786301e+03   1.6400000e+05
   1.1778220e+03   1.6300000e+05
   1.1769103e+03   1.6200000e+05
   1.1759221e+03   1.6100000e+05
   1.1742498e+03   1.6000000e+05
   1.1729132e+03   1.5900000e+05
   1.1715591e+03   1.5800000e+05
   1.1702134e+03   1.5700000e+05
   1.1700000e+03   1.5684459e+05
   1.1688666e+03   1.5600000e+05
   1.1675684e+03   1.5500000e+05
   1.1662898e+03   1.5400000e+05
   1.1650493e+03   1.5300000e+05
   1.1636082e+03   1.5200000e+05
   1.1625876e+03   1.5100000e+05
   1.1612306e+03   1.5000000e+05
   1.1600000e+03   1.4964276e+05
   1.1578309e+03   1.4900000e+05
   1.1544823e+03   1.4800000e+05
   1.1515624e+03   1.4700000e+05
   1.1500000e+03   1.4646292e+05
   1.1486510e+03   1.4600000e+05
   1.1460306e+03   1.4500000e+05
   1.1434503e+03   1.4400000e+05
   1.1409414e+03   1.4300000e+05
   1.1400000e+03   1.4289813e+05
   1.1313568e+03   1.4200000e+05
   1.1300000e+03   1.4119888e+05
   1.1296638e+03   1.4100000e+05
   1.1279945e+03   1.4000000e+05
   1.1264221e+03   1.3900000e+05
   1.1249110e+03   1.3800000e+05
   1.1233880e+03   1.3700000e+05
   1.1220472e+03   1.3600000e+05
   1.1208383e+03   1.3500000e+05
   1.1202684e+03   1.3400000e+05
   1.1200000e+03   1.3346852e+05
   1.1197638e+03   1.3300000e+05
   1.1192972e+03   1.3200000e+05
   1.1188231e+03   1.3100000e+05
   1.1183380e+03   1.3000000e+05
   1.1178501e+03   1.2900000e+05
   1.1173592e+03   1.2800000e+05
   1.1168594e+03   1.2700000e+05
   1.1163512e+03   1.2600000e+05
   1.1158438e+03   1.2500000e+05
   1.1153234e+03   1.2400000e+05
   1.1147995e+03   1.2300000e+05
   1.1142724e+03   1.2200000e+05
   1.1137538e+03   1.2100000e+05
   1.1124067e+03   1.2000000e+05
   1.1100000e+03   1.1964773e+05
   1.1057750e+03   1.1900000e+05
   1.1000000e+03   1.1803540e+05
   1.0997858e+03   1.1800000e+05
   1.0948121e+03   1.1700000e+05
   1.0911670e+03   1.1600000e+05
   1.0900000e+03   1.1533562e+05
   1.0894639e+03   1.1500000e+05
   1.0876531e+03   1.1400000e+05
   1.0870049e+03   1.1300000e+05
   1.0864504e+03   1.1200000e+05
   1.0858969e+03   1.1100000e+05
   1.0853321e+03   1.1000000e+05
   1.0847736e+03   1.0900000e+05
   1.0842067e+03   1.0800000e+05
   1.0836323e+03   1.0700000e+05
   1.0830501e+03   1.0600000e+05
   1.0824489e+03   1.0500000e+05
   1.0818756e+03   1.0400000e+05
   1.0812876e+03   1.0300000e+05
   1.0807002e+03   1.0200000e+05
   1.0801157e+03   1.0100000e+05
   1.0800000e+03   1.0080187e+05
   1.0795356e+03   1.0000000e+05
   1.0789409e+03   9.9000000e+04
   1.0783449e+03   9.8000000e+04
   1.0777308e+03   9.7000000e+04
   1.0771123e+03   9.6000000e+04
   1.0765181e+03   9.5000000e+04
   1.0759107e+03   9.4000000e+04
   1.0752810e+03   9.3000000e+04
   1.0746915e+03   9.2000000e+04
   1.0740491e+03   9.1000000e+04
   1.0734248e+03   9.0000000e+04
   1.0728084e+03   8.9000000e+04
   1.0721778e+03   8.8000000e+04
   1.0715503e+03   8.7000000e+04
   1.0709152e+03   8.6000000e+04
   1.0702780e+03   8.5000000e+04
   1.0700000e+03   8.4568627e+04
   1.0696367e+03   8.4000000e+04
   1.0689951e+03   8.3000000e+04
   1.0683484e+03   8.2000000e+04
   1.0677004e+03   8.1000000e+04
   1.0670495e+03   8.0000000e+04
   1.0663959e+03   7.9000000e+04
   1.0657420e+03   7.8000000e+04
   1.0650805e+03   7.7000000e+04
   1.0644121e+03   7.6000000e+04
   1.0637462e+03   7.5000000e+04
   1.0630767e+03   7.4000000e+04
   1.0623963e+03   7.3000000e+04
   1.0617197e+03   7.2000000e+04
   1.0610362e+03   7.1000000e+04
   1.0603633e+03   7.0000000e+04
   1.0600000e+03   6.9474490e+04
   1.0596709e+03   6.9000000e+04
   1.0589785e+03   6.8000000e+04
   1.0558253e+03   6.7000000e+04
   1.0551778e+03   6.6000000e+04
   1.0545212e+03   6.5000000e+04
   1.0538574e+03   6.4000000e+04
   1.0531904e+03   6.3000000e+04
   1.0525233e+03   6.2000000e+04
   1.0518610e+03   6.1000000e+04
   1.0511956e+03   6.0000000e+04
   1.0505278e+03   5.9000000e+04
   1.0500000e+03   5.8222222e+04
   1.0498507e+03   5.8000000e+04
   1.0491853e+03   5.7000000e+04
   1.0485094e+03   5.6000000e+04
   1.0478204e+03   5.5000000e+04
   1.0471398e+03   5.4000000e+04
   1.0464590e+03   5.3000000e+04
   1.0457698e+03   5.2000000e+04
   1.0450561e+03   5.1000000e+04
   1.0443555e+03   5.0000000e+04
   1.0436523e+03   4.9000000e+04
   1.0429383e+03   4.8000000e+04
   1.0422144e+03   4.7000000e+04
   1.0415017e+03   4.6000000e+04
   1.0407803e+03   4.5000000e+04
   1.0400526e+03   4.4000000e+04
   1.0400000e+03   4.3926918e+04
   1.0393388e+03   4.3000000e+04
   1.0386030e+03   4.2000000e+04
   1.0378728e+03   4.1000000e+04
   1.0371359e+03   4.0000000e+04
   1.0363817e+03   3.9000000e+04
   1.0356391e+03   3.8000000e+04
   1.0348983e+03   3.7000000e+04
   1.0341435e+03   3.6000000e+04
   1.0333938e+03   3.5000000e+04
   1.0326157e+03   3.4000000e+04
   1.0318392e+03   3.3000000e+04
   1.0310731e+03   3.2000000e+04
   1.0302931e+03   3.1000000e+04
   1.0300000e+03   3.0627343e+04
   1.0295112e+03   3.0000000e+04
   1.0287314e+03   2.9000000e+04
   1.0279439e+03   2.8000000e+04
   1.0271105e+03   2.7000000e+04
   1.0263104e+03   2.6000000e+04
   1.0255045e+03   2.5000000e+04
   1.0246858e+03   2.4000000e+04
   1.0238578e+03   2.3000000e+04
   1.0230139e+03   2.2000000e+04
   1.0221607e+03   2.1000000e+04
   1.0213020e+03   2.0000000e+04
   1.0204450e+03   1.9000000e+04
   1.0200000e+03   1.8497589e+04
   1.0195632e+03   1.8000000e+04
   1.0186739e+03   1.7000000e+04
   1.0177792e+03   1.6000000e+04
   1.0168662e+03   1.5000000e+04
   1.0159251e+03   1.4000000e+04
   1.0149772e+03   1.3000000e+04
   1.0140319e+03   1.2000000e+04
   1.0129915e+03   1.1000000e+04
   1.0119745e+03   1.0000000e+04
   1.0100000e+03   9.3873991e+03
   1.0089001e+03   9.0000000e+03
   1.0048900e+03   8.0000000e+03
   1.0042328e+03   7.0000000e+03
   1.0035415e+03   6.0000000e+03
   1.0028658e+03   5.0000000e+03
   1.0021276e+03   4.0000000e+03
   1.0014278e+03   3.0000000e+03
   1.0007014e+03   2.0000000e+03
   1.0000000e+03   1.0790646e+03
   9.9994091e+02   1.0000000e+03
   1.0000000e+03   0.0000000e+00
