   1.1098800e+03   1.3500000e+06
   1.1096363e+03   1.3490000e+06
   1.1093947e+03   1.3480000e+06
   1.1091515e+03   1.3470000e+06
   1.1090179e+03   1.3460000e+06
   1.1087727e+03   1.3450000e+06
   1.1085473e+03   1.3440000e+06
   1.1083143e+03   1.3430000e+06
   1.1081104e+03   1.3420000e+06
   1.1079183e+03   1.3410000e+06
   1.1076306e+03   1.3400000e+06
   1.1074400e+03   1.3390000e+06
   1.1072493e+03   1.3380000e+06
   1.1070159e+03   1.3370000e+06
   1.1068112e+03   1.3360000e+06
   1.1065745e+03   1.3350000e+06
   1.1063385e+03   1.3340000e+06
   1.1061119e+03   1.3330000e+06
   1.1058782e+03   1.3320000e+06
   1.1056508e+03   1.3310000e+06
   1.1054131e+03   1.3300000e+06
   1.1052018e+03   1.3290000e+06
   1.1049750e+03   1.3280000e+06
   1.1047406e+03   1.3270000e+06
   1.1045137e+03   1.3260000e+06
   1.1042874e+03   1.3250000e+06
   1.1040577e+03   1.3240000e+06
   1.1038256e+03   1.3230000e+06
   1.1035942e+03   1.3220000e+06
   1.1033627e+03   1.3210000e+06
   1.1031306e+03   1.3200000e+06
   1.1028976e+03   1.3190000e+06
   1.1026652e+03   1.3180000e+06
   1.1024321e+03   1.3170000e+06
   1.1022021e+03   1.3160000e+06
   1.1019863e+03   1.3150000e+06
   1.1017513e+03   1.3140000e+06
   1.1015161e+03   1.3130000e+06
   1.1012829e+03   1.3120000e+06
   1.1010472e+03   1.3110000e+06
   1.1008097e+03   1.3100000e+06
   1.1005756e+03   1.3090000e+06
   1.1003423e+03   1.3080000e+06
   1.1001083e+03   1.3070000e+06
   1.1000000e+03   1.3065353e+06
   1.0998773e+03   1.3060000e+06
   1.0997152e+03   1.3050000e+06
   1.0994516e+03   1.3040000e+06
   1.0992450e+03   1.3030000e+06
   1.0990371e+03   1.3020000e+06
   1.0988281e+03   1.3010000e+06
   1.0985787e+03   1.3000000e+06
   1.0983319e+03   1.2990000e+06
   1.0981348e+03   1.2980000e+06
   1.0979049e+03   1.2970000e+06
   1.0976698e+03   1.2960000e+06
   1.0974355e+03   1.2950000e+06
   1.0972005e+03   1.2940000e+06
   1.0969638e+03   1.2930000e+06
   1.0967312e+03   1.2920000e+06
   1.0964937e+03   1.2910000e+06
   1.0962576e+03   1.2900000e+06
   1.0960220e+03   1.2890000e+06
   1.0957857e+03   1.2880000e+06
   1.0955494e+03   1.2870000e+06
   1.0953524e+03   1.2860000e+06
   1.0950936e+03   1.2850000e+06
   1.0948727e+03   1.2840000e+06
   1.0946525e+03   1.2830000e+06
   1.0944341e+03   1.2820000e+06
   1.0942341e+03   1.2810000e+06
   1.0940059e+03   1.2800000e+06
   1.0937797e+03   1.2790000e+06
   1.0935464e+03   1.2780000e+06
   1.0933124e+03   1.2770000e+06
   1.0930791e+03   1.2760000e+06
   1.0928452e+03   1.2750000e+06
   1.0926110e+03   1.2740000e+06
   1.0923769e+03   1.2730000e+06
   1.0921428e+03   1.2720000e+06
   1.0919099e+03   1.2710000e+06
   1.0916759e+03   1.2700000e+06
   1.0914411e+03   1.2690000e+06
   1.0912070e+03   1.2680000e+06
   1.0909705e+03   1.2670000e+06
   1.0907384e+03   1.2660000e+06
   1.0905046e+03   1.2650000e+06
   1.0902699e+03   1.2640000e+06
   1.0900361e+03   1.2630000e+06
   1.0900000e+03   1.2628462e+06
   1.0898005e+03   1.2620000e+06
   1.0895785e+03   1.2610000e+06
   1.0893394e+03   1.2600000e+06
   1.0891047e+03   1.2590000e+06
   1.0888642e+03   1.2580000e+06
   1.0886317e+03   1.2570000e+06
   1.0883997e+03   1.2560000e+06
   1.0881692e+03   1.2550000e+06
   1.0879499e+03   1.2540000e+06
   1.0877054e+03   1.2530000e+06
   1.0874722e+03   1.2520000e+06
   1.0872382e+03   1.2510000e+06
   1.0870054e+03   1.2500000e+06
   1.0867720e+03   1.2490000e+06
   1.0865433e+03   1.2480000e+06
   1.0863009e+03   1.2470000e+06
   1.0860631e+03   1.2460000e+06
   1.0858323e+03   1.2450000e+06
   1.0855943e+03   1.2440000e+06
   1.0853555e+03   1.2430000e+06
   1.0851165e+03   1.2420000e+06
   1.0848822e+03   1.2410000e+06
   1.0846498e+03   1.2400000e+06
   1.0844087e+03   1.2390000e+06
   1.0841766e+03   1.2380000e+06
   1.0839454e+03   1.2370000e+06
   1.0837140e+03   1.2360000e+06
   1.0834840e+03   1.2350000e+06
   1.0832475e+03   1.2340000e+06
   1.0830164e+03   1.2330000e+06
   1.0827811e+03   1.2320000e+06
   1.0825458e+03   1.2310000e+06
   1.0823105e+03   1.2300000e+06
   1.0820763e+03   1.2290000e+06
   1.0818414e+03   1.2280000e+06
   1.0816093e+03   1.2270000e+06
   1.0814264e+03   1.2260000e+06
   1.0811926e+03   1.2250000e+06
   1.0809582e+03   1.2240000e+06
   1.0807218e+03   1.2230000e+06
   1.0804835e+03   1.2220000e+06
   1.0802441e+03   1.2210000e+06
   1.0800048e+03   1.2200000e+06
   1.0800000e+03   1.2199802e+06
   1.0797661e+03   1.2190000e+06
   1.0795290e+03   1.2180000e+06
   1.0792937e+03   1.2170000e+06
   1.0790531e+03   1.2160000e+06
   1.0788226e+03   1.2150000e+06
   1.0785865e+03   1.2140000e+06
   1.0783496e+03   1.2130000e+06
   1.0781136e+03   1.2120000e+06
   1.0778766e+03   1.2110000e+06
   1.0776396e+03   1.2100000e+06
   1.0774000e+03   1.2090000e+06
   1.0771578e+03   1.2080000e+06
   1.0769180e+03   1.2070000e+06
   1.0766802e+03   1.2060000e+06
   1.0764502e+03   1.2050000e+06
   1.0762066e+03   1.2040000e+06
   1.0759643e+03   1.2030000e+06
   1.0757261e+03   1.2020000e+06
   1.0754864e+03   1.2010000e+06
   1.0752481e+03   1.2000000e+06
   1.0750099e+03   1.1990000e+06
   1.0747712e+03   1.1980000e+06
   1.0745326e+03   1.1970000e+06
   1.0742930e+03   1.1960000e+06
   1.0740534e+03   1.1950000e+06
   1.0738144e+03   1.1940000e+06
   1.0735748e+03   1.1930000e+06
   1.0733352e+03   1.1920000e+06
   1.0730956e+03   1.1910000e+06
   1.0728600e+03   1.1900000e+06
   1.0726281e+03   1.1890000e+06
   1.0723851e+03   1.1880000e+06
   1.0721738e+03   1.1870000e+06
   1.0720032e+03   1.1860000e+06
   1.0717697e+03   1.1850000e+06
   1.0715394e+03   1.1840000e+06
   1.0713253e+03   1.1830000e+06
   1.0711124e+03   1.1820000e+06
   1.0708768e+03   1.1810000e+06
   1.0705789e+03   1.1800000e+06
   1.0703675e+03   1.1790000e+06
   1.0701574e+03   1.1780000e+06
   1.0700000e+03   1.1773307e+06
   1.0699226e+03   1.1770000e+06
   1.0696837e+03   1.1760000e+06
   1.0694379e+03   1.1750000e+06
   1.0691856e+03   1.1740000e+06
   1.0689158e+03   1.1730000e+06
   1.0686775e+03   1.1720000e+06
   1.0684401e+03   1.1710000e+06
   1.0682027e+03   1.1700000e+06
   1.0679655e+03   1.1690000e+06
   1.0677274e+03   1.1680000e+06
   1.0674893e+03   1.1670000e+06
   1.0672520e+03   1.1660000e+06
   1.0670146e+03   1.1650000e+06
   1.0667764e+03   1.1640000e+06
   1.0665384e+03   1.1630000e+06
   1.0663002e+03   1.1620000e+06
   1.0660629e+03   1.1610000e+06
   1.0658246e+03   1.1600000e+06
   1.0655864e+03   1.1590000e+06
   1.0653476e+03   1.1580000e+06
   1.0651080e+03   1.1570000e+06
   1.0648688e+03   1.1560000e+06
   1.0646297e+03   1.1550000e+06
   1.0643901e+03   1.1540000e+06
   1.0641509e+03   1.1530000e+06
   1.0639125e+03   1.1520000e+06
   1.0636723e+03   1.1510000e+06
   1.0634331e+03   1.1500000e+06
   1.0632032e+03   1.1490000e+06
   1.0629897e+03   1.1480000e+06
   1.0627474e+03   1.1470000e+06
   1.0625054e+03   1.1460000e+06
   1.0622622e+03   1.1450000e+06
   1.0620193e+03   1.1440000e+06
   1.0617755e+03   1.1430000e+06
   1.0615325e+03   1.1420000e+06
   1.0612895e+03   1.1410000e+06
   1.0610457e+03   1.1400000e+06
   1.0608026e+03   1.1390000e+06
   1.0605580e+03   1.1380000e+06
   1.0603132e+03   1.1370000e+06
   1.0600685e+03   1.1360000e+06
   1.0600000e+03   1.1357192e+06
   1.0598261e+03   1.1350000e+06
   1.0595834e+03   1.1340000e+06
   1.0593451e+03   1.1330000e+06
   1.0590990e+03   1.1320000e+06
   1.0588582e+03   1.1310000e+06
   1.0586165e+03   1.1300000e+06
   1.0583746e+03   1.1290000e+06
   1.0581324e+03   1.1280000e+06
   1.0578882e+03   1.1270000e+06
   1.0576479e+03   1.1260000e+06
   1.0574047e+03   1.1250000e+06
   1.0571620e+03   1.1240000e+06
   1.0569186e+03   1.1230000e+06
   1.0566760e+03   1.1220000e+06
   1.0564327e+03   1.1210000e+06
   1.0561895e+03   1.1200000e+06
   1.0559453e+03   1.1190000e+06
   1.0557014e+03   1.1180000e+06
   1.0554573e+03   1.1170000e+06
   1.0552133e+03   1.1160000e+06
   1.0549689e+03   1.1150000e+06
   1.0547253e+03   1.1140000e+06
   1.0544805e+03   1.1130000e+06
   1.0542355e+03   1.1120000e+06
   1.0539911e+03   1.1110000e+06
   1.0537460e+03   1.1100000e+06
   1.0535016e+03   1.1090000e+06
   1.0532568e+03   1.1080000e+06
   1.0530121e+03   1.1070000e+06
   1.0527670e+03   1.1060000e+06
   1.0525223e+03   1.1050000e+06
   1.0522770e+03   1.1040000e+06
   1.0520316e+03   1.1030000e+06
   1.0517862e+03   1.1020000e+06
   1.0515407e+03   1.1010000e+06
   1.0513301e+03   1.1000000e+06
   1.0511119e+03   1.0990000e+06
   1.0508960e+03   1.0980000e+06
   1.0506813e+03   1.0970000e+06
   1.0504583e+03   1.0960000e+06
   1.0502180e+03   1.0950000e+06
   1.0500000e+03   1.0940951e+06
   1.0499770e+03   1.0940000e+06
   1.0497328e+03   1.0930000e+06
   1.0494860e+03   1.0920000e+06
   1.0492388e+03   1.0910000e+06
   1.0489920e+03   1.0900000e+06
   1.0487429e+03   1.0890000e+06
   1.0484980e+03   1.0880000e+06
   1.0482509e+03   1.0870000e+06
   1.0480084e+03   1.0860000e+06
   1.0477673e+03   1.0850000e+06
   1.0475241e+03   1.0840000e+06
   1.0472848e+03   1.0830000e+06
   1.0470405e+03   1.0820000e+06
   1.0467932e+03   1.0810000e+06
   1.0465489e+03   1.0800000e+06
   1.0463205e+03   1.0790000e+06
   1.0460607e+03   1.0780000e+06
   1.0458158e+03   1.0770000e+06
   1.0455720e+03   1.0760000e+06
   1.0453252e+03   1.0750000e+06
   1.0450789e+03   1.0740000e+06
   1.0448326e+03   1.0730000e+06
   1.0445882e+03   1.0720000e+06
   1.0443419e+03   1.0710000e+06
   1.0440960e+03   1.0700000e+06
   1.0438547e+03   1.0690000e+06
   1.0436185e+03   1.0680000e+06
   1.0433705e+03   1.0670000e+06
   1.0431215e+03   1.0660000e+06
   1.0428741e+03   1.0650000e+06
   1.0426187e+03   1.0640000e+06
   1.0423789e+03   1.0630000e+06
   1.0421304e+03   1.0620000e+06
   1.0418818e+03   1.0610000e+06
   1.0416332e+03   1.0600000e+06
   1.0413845e+03   1.0590000e+06
   1.0411359e+03   1.0580000e+06
   1.0408873e+03   1.0570000e+06
   1.0406379e+03   1.0560000e+06
   1.0403884e+03   1.0550000e+06
   1.0401390e+03   1.0540000e+06
   1.0400000e+03   1.0534449e+06
   1.0398896e+03   1.0530000e+06
   1.0396422e+03   1.0520000e+06
   1.0393940e+03   1.0510000e+06
   1.0391466e+03   1.0500000e+06
   1.0388985e+03   1.0490000e+06
   1.0386503e+03   1.0480000e+06
   1.0384045e+03   1.0470000e+06
   1.0381555e+03   1.0460000e+06
   1.0379069e+03   1.0450000e+06
   1.0376581e+03   1.0440000e+06
   1.0374087e+03   1.0430000e+06
   1.0371619e+03   1.0420000e+06
   1.0369147e+03   1.0410000e+06
   1.0366651e+03   1.0400000e+06
   1.0364124e+03   1.0390000e+06
   1.0361654e+03   1.0380000e+06
   1.0358907e+03   1.0370000e+06
   1.0356636e+03   1.0360000e+06
   1.0354245e+03   1.0350000e+06
   1.0351744e+03   1.0340000e+06
   1.0342748e+03   1.0330000e+06
   1.0336995e+03   1.0320000e+06
   1.0323137e+03   1.0310000e+06
   1.0320259e+03   1.0300000e+06
   1.0305558e+03   1.0290000e+06
   1.0300000e+03   1.0284338e+06
   1.0295735e+03   1.0280000e+06
   1.0285681e+03   1.0270000e+06
   1.0277373e+03   1.0260000e+06
   1.0269021e+03   1.0250000e+06
   1.0257826e+03   1.0240000e+06
   1.0246102e+03   1.0230000e+06
   1.0234431e+03   1.0220000e+06
   1.0220961e+03   1.0210000e+06
   1.0210248e+03   1.0200000e+06
   1.0200196e+03   1.0190000e+06
   1.0200000e+03   1.0189797e+06
   1.0189653e+03   1.0180000e+06
   1.0176394e+03   1.0170000e+06
   1.0161583e+03   1.0160000e+06
   1.0148681e+03   1.0150000e+06
   1.0138732e+03   1.0140000e+06
   1.0124619e+03   1.0130000e+06
   1.0113799e+03   1.0120000e+06
   1.0106384e+03   1.0110000e+06
   1.0100000e+03   1.0106013e+06
   1.0090009e+03   1.0100000e+06
   1.0086216e+03   1.0090000e+06
   1.0083384e+03   1.0080000e+06
   1.0082113e+03   1.0070000e+06
   1.0079958e+03   1.0060000e+06
   1.0077718e+03   1.0050000e+06
   1.0075614e+03   1.0040000e+06
   1.0073422e+03   1.0030000e+06
   1.0071278e+03   1.0020000e+06
   1.0069237e+03   1.0010000e+06
   1.0067037e+03   1.0000000e+06
   1.0064816e+03   9.9900000e+05
   1.0062573e+03   9.9800000e+05
   1.0060326e+03   9.9700000e+05
   1.0057883e+03   9.9600000e+05
   1.0055549e+03   9.9500000e+05
   1.0053316e+03   9.9400000e+05
   1.0051303e+03   9.9300000e+05
   1.0048940e+03   9.9200000e+05
   1.0046800e+03   9.9100000e+05
   1.0044686e+03   9.9000000e+05
   1.0042534e+03   9.8900000e+05
   1.0040378e+03   9.8800000e+05
   1.0038228e+03   9.8700000e+05
   1.0036081e+03   9.8600000e+05
   1.0033940e+03   9.8500000e+05
   1.0031786e+03   9.8400000e+05
   1.0029565e+03   9.8300000e+05
   1.0027385e+03   9.8200000e+05
   1.0025246e+03   9.8100000e+05
   1.0023047e+03   9.8000000e+05
   1.0020924e+03   9.7900000e+05
   1.0018747e+03   9.7800000e+05
   1.0016582e+03   9.7700000e+05
   1.0014409e+03   9.7600000e+05
   1.0012236e+03   9.7500000e+05
   1.0010048e+03   9.7400000e+05
   1.0007886e+03   9.7300000e+05
   1.0005724e+03   9.7200000e+05
   1.0003558e+03   9.7100000e+05
   1.0001414e+03   9.7000000e+05
   1.0000000e+03   9.6933745e+05
   9.9992858e+02   9.6900000e+05
   9.9971431e+02   9.6800000e+05
   9.9949835e+02   9.6700000e+05
   9.9928235e+02   9.6600000e+05
   9.9906645e+02   9.6500000e+05
   9.9885047e+02   9.6400000e+05
   9.9863363e+02   9.6300000e+05
   9.9841766e+02   9.6200000e+05
   9.9819499e+02   9.6100000e+05
   9.9796499e+02   9.6000000e+05
   9.9773076e+02   9.5900000e+05
   9.9749695e+02   9.5800000e+05
   9.9726330e+02   9.5700000e+05
   9.9703120e+02   9.5600000e+05
   9.9679760e+02   9.5500000e+05
   9.9657402e+02   9.5400000e+05
   9.9635706e+02   9.5300000e+05
   9.9614171e+02   9.5200000e+05
   9.9592832e+02   9.5100000e+05
   9.9572015e+02   9.5000000e+05
   9.9550179e+02   9.4900000e+05
   9.9528343e+02   9.4800000e+05
   9.9506463e+02   9.4700000e+05
   9.9484457e+02   9.4600000e+05
   9.9462263e+02   9.4500000e+05
   9.9439404e+02   9.4400000e+05
   9.9417552e+02   9.4300000e+05
   9.9396243e+02   9.4200000e+05
   9.9373781e+02   9.4100000e+05
   9.9351902e+02   9.4000000e+05
   9.9330025e+02   9.3900000e+05
   9.9307940e+02   9.3800000e+05
   9.9286000e+02   9.3700000e+05
   9.9264061e+02   9.3600000e+05
   9.9242229e+02   9.3500000e+05
   9.9220703e+02   9.3400000e+05
   9.9199077e+02   9.3300000e+05
   9.9177428e+02   9.3200000e+05
   9.9155745e+02   9.3100000e+05
   9.9134104e+02   9.3000000e+05
   9.9110618e+02   9.2900000e+05
   9.9089262e+02   9.2800000e+05
   9.9067834e+02   9.2700000e+05
   9.9047250e+02   9.2600000e+05
   9.9026091e+02   9.2500000e+05
   9.9004957e+02   9.2400000e+05
   9.9000000e+02   9.2381847e+05
   9.8977833e+02   9.2300000e+05
   9.8961165e+02   9.2200000e+05
   9.8938036e+02   9.2100000e+05
   9.8915065e+02   9.2000000e+05
   9.8892060e+02   9.1900000e+05
   9.8869295e+02   9.1800000e+05
   9.8846260e+02   9.1700000e+05
   9.8823083e+02   9.1600000e+05
   9.8799672e+02   9.1500000e+05
   9.8776512e+02   9.1400000e+05
   9.8753173e+02   9.1300000e+05
   9.8729746e+02   9.1200000e+05
   9.8706233e+02   9.1100000e+05
   9.8682996e+02   9.1000000e+05
   9.8660240e+02   9.0900000e+05
   9.8637542e+02   9.0800000e+05
   9.8614993e+02   9.0700000e+05
   9.8592474e+02   9.0600000e+05
   9.8570358e+02   9.0500000e+05
   9.8547617e+02   9.0400000e+05
   9.8525476e+02   9.0300000e+05
   9.8503361e+02   9.0200000e+05
   9.8481213e+02   9.0100000e+05
   9.8458829e+02   9.0000000e+05
   9.8436628e+02   8.9900000e+05
   9.8414292e+02   8.9800000e+05
   9.8391207e+02   8.9700000e+05
   9.8369477e+02   8.9600000e+05
   9.8347339e+02   8.9500000e+05
   9.8324834e+02   8.9400000e+05
   9.8302283e+02   8.9300000e+05
   9.8279407e+02   8.9200000e+05
   9.8257293e+02   8.9100000e+05
   9.8234736e+02   8.9000000e+05
   9.8212469e+02   8.8900000e+05
   9.8190205e+02   8.8800000e+05
   9.8167874e+02   8.8700000e+05
   9.8145542e+02   8.8600000e+05
   9.8123200e+02   8.8500000e+05
   9.8100767e+02   8.8400000e+05
   9.8078269e+02   8.8300000e+05
   9.8055766e+02   8.8200000e+05
   9.8033190e+02   8.8100000e+05
   9.8010689e+02   8.8000000e+05
   9.8000000e+02   8.7952672e+05
   9.7988207e+02   8.7900000e+05
   9.7965399e+02   8.7800000e+05
   9.7943453e+02   8.7700000e+05
   9.7921028e+02   8.7600000e+05
   9.7899924e+02   8.7500000e+05
   9.7875854e+02   8.7400000e+05
   9.7853167e+02   8.7300000e+05
   9.7830788e+02   8.7200000e+05
   9.7806895e+02   8.7100000e+05
   9.7782624e+02   8.7000000e+05
   9.7758344e+02   8.6900000e+05
   9.7734130e+02   8.6800000e+05
   9.7709788e+02   8.6700000e+05
   9.7685414e+02   8.6600000e+05
   9.7661915e+02   8.6500000e+05
   9.7639406e+02   8.6400000e+05
   9.7616941e+02   8.6300000e+05
   9.7594657e+02   8.6200000e+05
   9.7572087e+02   8.6100000e+05
   9.7549513e+02   8.6000000e+05
   9.7526940e+02   8.5900000e+05
   9.7504399e+02   8.5800000e+05
   9.7481716e+02   8.5700000e+05
   9.7465699e+02   8.5600000e+05
   9.7436357e+02   8.5500000e+05
   9.7413372e+02   8.5400000e+05
   9.7390706e+02   8.5300000e+05
   9.7367837e+02   8.5200000e+05
   9.7345001e+02   8.5100000e+05
   9.7322402e+02   8.5000000e+05
   9.7300887e+02   8.4900000e+05
   9.7278290e+02   8.4800000e+05
   9.7255766e+02   8.4700000e+05
   9.7233003e+02   8.4600000e+05
   9.7210418e+02   8.4500000e+05
   9.7187788e+02   8.4400000e+05
   9.7175230e+02   8.4300000e+05
   9.7142601e+02   8.4200000e+05
   9.7119952e+02   8.4100000e+05
   9.7094892e+02   8.4000000e+05
   9.7074172e+02   8.3900000e+05
   9.7050956e+02   8.3800000e+05
   9.7027811e+02   8.3700000e+05
   9.7003415e+02   8.3600000e+05
   9.7000000e+02   8.3585348e+05
   9.6980291e+02   8.3500000e+05
   9.6957279e+02   8.3400000e+05
   9.6934286e+02   8.3300000e+05
   9.6911367e+02   8.3200000e+05
   9.6888372e+02   8.3100000e+05
   9.6865663e+02   8.3000000e+05
   9.6842653e+02   8.2900000e+05
   9.6819558e+02   8.2800000e+05
   9.6796312e+02   8.2700000e+05
   9.6771743e+02   8.2600000e+05
   9.6747272e+02   8.2500000e+05
   9.6727753e+02   8.2400000e+05
   9.6697651e+02   8.2300000e+05
   9.6673062e+02   8.2200000e+05
   9.6653534e+02   8.2100000e+05
   9.6625327e+02   8.2000000e+05
   9.6602331e+02   8.1900000e+05
   9.6579223e+02   8.1800000e+05
   9.6556401e+02   8.1700000e+05
   9.6533288e+02   8.1600000e+05
   9.6509973e+02   8.1500000e+05
   9.6486989e+02   8.1400000e+05
   9.6463969e+02   8.1300000e+05
   9.6440906e+02   8.1200000e+05
   9.6423011e+02   8.1100000e+05
   9.6394561e+02   8.1000000e+05
   9.6371421e+02   8.0900000e+05
   9.6348615e+02   8.0800000e+05
   9.6324685e+02   8.0700000e+05
   9.6301614e+02   8.0600000e+05
   9.6282143e+02   8.0500000e+05
   9.6255364e+02   8.0400000e+05
   9.6232218e+02   8.0300000e+05
   9.6209273e+02   8.0200000e+05
   9.6185864e+02   8.0100000e+05
   9.6162078e+02   8.0000000e+05
   9.6138514e+02   7.9900000e+05
   9.6114923e+02   7.9800000e+05
   9.6091262e+02   7.9700000e+05
   9.6067759e+02   7.9600000e+05
   9.6045009e+02   7.9500000e+05
   9.6020948e+02   7.9400000e+05
   9.6000000e+02   7.9310469e+05
   9.5997573e+02   7.9300000e+05
   9.5974393e+02   7.9200000e+05
   9.5951209e+02   7.9100000e+05
   9.5928093e+02   7.9000000e+05
   9.5904746e+02   7.8900000e+05
   9.5881225e+02   7.8800000e+05
   9.5858351e+02   7.8700000e+05
   9.5835093e+02   7.8600000e+05
   9.5811819e+02   7.8500000e+05
   9.5788529e+02   7.8400000e+05
   9.5765026e+02   7.8300000e+05
   9.5741554e+02   7.8200000e+05
   9.5717185e+02   7.8100000e+05
   9.5692533e+02   7.8000000e+05
   9.5667948e+02   7.7900000e+05
   9.5643483e+02   7.7800000e+05
   9.5618102e+02   7.7700000e+05
   9.5594581e+02   7.7600000e+05
   9.5570136e+02   7.7500000e+05
   9.5546029e+02   7.7400000e+05
   9.5521826e+02   7.7300000e+05
   9.5497496e+02   7.7200000e+05
   9.5473077e+02   7.7100000e+05
   9.5448672e+02   7.7000000e+05
   9.5424956e+02   7.6900000e+05
   9.5401626e+02   7.6800000e+05
   9.5378247e+02   7.6700000e+05
   9.5354922e+02   7.6600000e+05
   9.5331518e+02   7.6500000e+05
   9.5308118e+02   7.6400000e+05
   9.5284494e+02   7.6300000e+05
   9.5260265e+02   7.6200000e+05
   9.5236245e+02   7.6100000e+05
   9.5212253e+02   7.6000000e+05
   9.5188222e+02   7.5900000e+05
   9.5164145e+02   7.5800000e+05
   9.5140231e+02   7.5700000e+05
   9.5116246e+02   7.5600000e+05
   9.5092337e+02   7.5500000e+05
   9.5068355e+02   7.5400000e+05
   9.5044288e+02   7.5300000e+05
   9.5020304e+02   7.5200000e+05
   9.5000000e+02   7.5115331e+05
   9.4996362e+02   7.5100000e+05
   9.4972617e+02   7.5000000e+05
   9.4948854e+02   7.4900000e+05
   9.4925252e+02   7.4800000e+05
   9.4901473e+02   7.4700000e+05
   9.4877669e+02   7.4600000e+05
   9.4853842e+02   7.4500000e+05
   9.4830006e+02   7.4400000e+05
   9.4806281e+02   7.4300000e+05
   9.4782547e+02   7.4200000e+05
   9.4758806e+02   7.4100000e+05
   9.4735128e+02   7.4000000e+05
   9.4711303e+02   7.3900000e+05
   9.4686806e+02   7.3800000e+05
   9.4662583e+02   7.3700000e+05
   9.4638365e+02   7.3600000e+05
   9.4613990e+02   7.3500000e+05
   9.4589754e+02   7.3400000e+05
   9.4565530e+02   7.3300000e+05
   9.4541319e+02   7.3200000e+05
   9.4516254e+02   7.3100000e+05
   9.4490527e+02   7.3000000e+05
   9.4464747e+02   7.2900000e+05
   9.4439000e+02   7.2800000e+05
   9.4413536e+02   7.2700000e+05
   9.4387703e+02   7.2600000e+05
   9.4367455e+02   7.2500000e+05
   9.4338524e+02   7.2400000e+05
   9.4314425e+02   7.2300000e+05
   9.4289868e+02   7.2200000e+05
   9.4265756e+02   7.2100000e+05
   9.4241659e+02   7.2000000e+05
   9.4217578e+02   7.1900000e+05
   9.4193231e+02   7.1800000e+05
   9.4168887e+02   7.1700000e+05
   9.4144465e+02   7.1600000e+05
   9.4120056e+02   7.1500000e+05
   9.4095565e+02   7.1400000e+05
   9.4071145e+02   7.1300000e+05
   9.4046658e+02   7.1200000e+05
   9.4022171e+02   7.1100000e+05
   9.4000000e+02   7.1009764e+05
   9.3997623e+02   7.1000000e+05
   9.3973356e+02   7.0900000e+05
   9.3949098e+02   7.0800000e+05
   9.3924748e+02   7.0700000e+05
   9.3900992e+02   7.0600000e+05
   9.3876219e+02   7.0500000e+05
   9.3852025e+02   7.0400000e+05
   9.3827501e+02   7.0300000e+05
   9.3803261e+02   7.0200000e+05
   9.3779061e+02   7.0100000e+05
   9.3754773e+02   7.0000000e+05
   9.3730379e+02   6.9900000e+05
   9.3705988e+02   6.9800000e+05
   9.3681494e+02   6.9700000e+05
   9.3657028e+02   6.9600000e+05
   9.3632795e+02   6.9500000e+05
   9.3608275e+02   6.9400000e+05
   9.3583340e+02   6.9300000e+05
   9.3559079e+02   6.9200000e+05
   9.3534415e+02   6.9100000e+05
   9.3509875e+02   6.9000000e+05
   9.3485209e+02   6.8900000e+05
   9.3460593e+02   6.8800000e+05
   9.3435805e+02   6.8700000e+05
   9.3411042e+02   6.8600000e+05
   9.3386341e+02   6.8500000e+05
   9.3361104e+02   6.8400000e+05
   9.3335048e+02   6.8300000e+05
   9.3310255e+02   6.8200000e+05
   9.3285528e+02   6.8100000e+05
   9.3260018e+02   6.8000000e+05
   9.3233839e+02   6.7900000e+05
   9.3207640e+02   6.7800000e+05
   9.3182019e+02   6.7700000e+05
   9.3155943e+02   6.7600000e+05
   9.3129595e+02   6.7500000e+05
   9.3103479e+02   6.7400000e+05
   9.3078654e+02   6.7300000e+05
   9.3053454e+02   6.7200000e+05
   9.3028485e+02   6.7100000e+05
   9.3003438e+02   6.7000000e+05
   9.3000000e+02   6.6986230e+05
   9.2978713e+02   6.6900000e+05
   9.2953643e+02   6.6800000e+05
   9.2929422e+02   6.6700000e+05
   9.2904789e+02   6.6600000e+05
   9.2879870e+02   6.6500000e+05
   9.2854968e+02   6.6400000e+05
   9.2829732e+02   6.6300000e+05
   9.2805066e+02   6.6200000e+05
   9.2780142e+02   6.6100000e+05
   9.2754915e+02   6.6000000e+05
   9.2729730e+02   6.5900000e+05
   9.2704711e+02   6.5800000e+05
   9.2679621e+02   6.5700000e+05
   9.2654703e+02   6.5600000e+05
   9.2629254e+02   6.5500000e+05
   9.2604589e+02   6.5400000e+05
   9.2579289e+02   6.5300000e+05
   9.2554331e+02   6.5200000e+05
   9.2530472e+02   6.5100000e+05
   9.2505938e+02   6.5000000e+05
   9.2478529e+02   6.4900000e+05
   9.2456176e+02   6.4800000e+05
   9.2430326e+02   6.4700000e+05
   9.2404639e+02   6.4600000e+05
   9.2378992e+02   6.4500000e+05
   9.2353608e+02   6.4400000e+05
   9.2327610e+02   6.4300000e+05
   9.2301830e+02   6.4200000e+05
   9.2276387e+02   6.4100000e+05
   9.2250871e+02   6.4000000e+05
   9.2225864e+02   6.3900000e+05
   9.2200566e+02   6.3800000e+05
   9.2175229e+02   6.3700000e+05
   9.2148405e+02   6.3600000e+05
   9.2124585e+02   6.3500000e+05
   9.2099329e+02   6.3400000e+05
   9.2073886e+02   6.3300000e+05
   9.2048521e+02   6.3200000e+05
   9.2023114e+02   6.3100000e+05
   9.2000000e+02   6.3007987e+05
   9.1997991e+02   6.3000000e+05
   9.1965589e+02   6.2900000e+05
   9.1940426e+02   6.2800000e+05
   9.1915152e+02   6.2700000e+05
   9.1887475e+02   6.2600000e+05
   9.1861592e+02   6.2500000e+05
   9.1835375e+02   6.2400000e+05
   9.1808358e+02   6.2300000e+05
   9.1783986e+02   6.2200000e+05
   9.1758582e+02   6.2100000e+05
   9.1732785e+02   6.2000000e+05
   9.1706818e+02   6.1900000e+05
   9.1680096e+02   6.1800000e+05
   9.1654522e+02   6.1700000e+05
   9.1628237e+02   6.1600000e+05
   9.1602645e+02   6.1500000e+05
   9.1577028e+02   6.1400000e+05
   9.1551459e+02   6.1300000e+05
   9.1525810e+02   6.1200000e+05
   9.1500040e+02   6.1100000e+05
   9.1474224e+02   6.1000000e+05
   9.1448558e+02   6.0900000e+05
   9.1422457e+02   6.0800000e+05
   9.1396683e+02   6.0700000e+05
   9.1370895e+02   6.0600000e+05
   9.1345286e+02   6.0500000e+05
   9.1319769e+02   6.0400000e+05
   9.1293477e+02   6.0300000e+05
   9.1267606e+02   6.0200000e+05
   9.1241617e+02   6.0100000e+05
   9.1215623e+02   6.0000000e+05
   9.1189416e+02   5.9900000e+05
   9.1163465e+02   5.9800000e+05
   9.1137481e+02   5.9700000e+05
   9.1111254e+02   5.9600000e+05
   9.1085076e+02   5.9500000e+05
   9.1058786e+02   5.9400000e+05
   9.1032519e+02   5.9300000e+05
   9.1006407e+02   5.9200000e+05
   9.1000000e+02   5.9175000e+05
   9.0980954e+02   5.9100000e+05
   9.0954628e+02   5.9000000e+05
   9.0928328e+02   5.8900000e+05
   9.0902474e+02   5.8800000e+05
   9.0876585e+02   5.8700000e+05
   9.0850868e+02   5.8600000e+05
   9.0824719e+02   5.8500000e+05
   9.0798367e+02   5.8400000e+05
   9.0772133e+02   5.8300000e+05
   9.0745819e+02   5.8200000e+05
   9.0719505e+02   5.8100000e+05
   9.0693082e+02   5.8000000e+05
   9.0666667e+02   5.7900000e+05
   9.0639933e+02   5.7800000e+05
   9.0614245e+02   5.7700000e+05
   9.0586488e+02   5.7600000e+05
   9.0560411e+02   5.7500000e+05
   9.0534366e+02   5.7400000e+05
   9.0508780e+02   5.7300000e+05
   9.0481947e+02   5.7200000e+05
   9.0455759e+02   5.7100000e+05
   9.0427874e+02   5.7000000e+05
   9.0397693e+02   5.6900000e+05
   9.0370215e+02   5.6800000e+05
   9.0343691e+02   5.6700000e+05
   9.0317329e+02   5.6600000e+05
   9.0290124e+02   5.6500000e+05
   9.0262475e+02   5.6400000e+05
   9.0234679e+02   5.6300000e+05
   9.0211431e+02   5.6200000e+05
   9.0183620e+02   5.6100000e+05
   9.0155647e+02   5.6000000e+05
   9.0128146e+02   5.5900000e+05
   9.0101456e+02   5.5800000e+05
   9.0074695e+02   5.5700000e+05
   9.0047645e+02   5.5600000e+05
   9.0020889e+02   5.5500000e+05
   9.0000000e+02   5.5422124e+05
   8.9994122e+02   5.5400000e+05
   8.9967800e+02   5.5300000e+05
   8.9941144e+02   5.5200000e+05
   8.9914662e+02   5.5100000e+05
   8.9888184e+02   5.5000000e+05
   8.9861440e+02   5.4900000e+05
   8.9834900e+02   5.4800000e+05
   8.9808364e+02   5.4700000e+05
   8.9781397e+02   5.4600000e+05
   8.9754188e+02   5.4500000e+05
   8.9726945e+02   5.4400000e+05
   8.9700690e+02   5.4300000e+05
   8.9673277e+02   5.4200000e+05
   8.9645809e+02   5.4100000e+05
   8.9618671e+02   5.4000000e+05
   8.9591818e+02   5.3900000e+05
   8.9565013e+02   5.3800000e+05
   8.9538040e+02   5.3700000e+05
   8.9511163e+02   5.3600000e+05
   8.9484374e+02   5.3500000e+05
   8.9457351e+02   5.3400000e+05
   8.9430362e+02   5.3300000e+05
   8.9403415e+02   5.3200000e+05
   8.9376410e+02   5.3100000e+05
   8.9349143e+02   5.3000000e+05
   8.9322116e+02   5.2900000e+05
   8.9295204e+02   5.2800000e+05
   8.9268033e+02   5.2700000e+05
   8.9240751e+02   5.2600000e+05
   8.9213297e+02   5.2500000e+05
   8.9185834e+02   5.2400000e+05
   8.9158170e+02   5.2300000e+05
   8.9130408e+02   5.2200000e+05
   8.9103271e+02   5.2100000e+05
   8.9075806e+02   5.2000000e+05
   8.9048556e+02   5.1900000e+05
   8.9021222e+02   5.1800000e+05
   8.9000000e+02   5.1722507e+05
   8.8993892e+02   5.1700000e+05
   8.8966821e+02   5.1600000e+05
   8.8939666e+02   5.1500000e+05
   8.8912522e+02   5.1400000e+05
   8.8883895e+02   5.1300000e+05
   8.8855367e+02   5.1200000e+05
   8.8826807e+02   5.1100000e+05
   8.8798400e+02   5.1000000e+05
   8.8769260e+02   5.0900000e+05
   8.8741349e+02   5.0800000e+05
   8.8714011e+02   5.0700000e+05
   8.8685992e+02   5.0600000e+05
   8.8657783e+02   5.0500000e+05
   8.8629460e+02   5.0400000e+05
   8.8599876e+02   5.0300000e+05
   8.8575708e+02   5.0200000e+05
   8.8544631e+02   5.0100000e+05
   8.8517071e+02   5.0000000e+05
   8.8489472e+02   4.9900000e+05
   8.8461836e+02   4.9800000e+05
   8.8434200e+02   4.9700000e+05
   8.8406502e+02   4.9600000e+05
   8.8378608e+02   4.9500000e+05
   8.8350565e+02   4.9400000e+05
   8.8322498e+02   4.9300000e+05
   8.8294382e+02   4.9200000e+05
   8.8266269e+02   4.9100000e+05
   8.8238121e+02   4.9000000e+05
   8.8210013e+02   4.8900000e+05
   8.8182142e+02   4.8800000e+05
   8.8154275e+02   4.8700000e+05
   8.8126335e+02   4.8600000e+05
   8.8098391e+02   4.8500000e+05
   8.8070456e+02   4.8400000e+05
   8.8042530e+02   4.8300000e+05
   8.8014382e+02   4.8200000e+05
   8.8000000e+02   4.8149319e+05
   8.7986143e+02   4.8100000e+05
   8.7958193e+02   4.8000000e+05
   8.7930256e+02   4.7900000e+05
   8.7902250e+02   4.7800000e+05
   8.7874187e+02   4.7700000e+05
   8.7846113e+02   4.7600000e+05
   8.7818064e+02   4.7500000e+05
   8.7789804e+02   4.7400000e+05
   8.7761631e+02   4.7300000e+05
   8.7733374e+02   4.7200000e+05
   8.7705036e+02   4.7100000e+05
   8.7676718e+02   4.7000000e+05
   8.7648504e+02   4.6900000e+05
   8.7620265e+02   4.6800000e+05
   8.7592057e+02   4.6700000e+05
   8.7563743e+02   4.6600000e+05
   8.7535425e+02   4.6500000e+05
   8.7507039e+02   4.6400000e+05
   8.7478730e+02   4.6300000e+05
   8.7449622e+02   4.6200000e+05
   8.7421314e+02   4.6100000e+05
   8.7393157e+02   4.6000000e+05
   8.7364747e+02   4.5900000e+05
   8.7336312e+02   4.5800000e+05
   8.7307775e+02   4.5700000e+05
   8.7279072e+02   4.5600000e+05
   8.7250363e+02   4.5500000e+05
   8.7221595e+02   4.5400000e+05
   8.7192352e+02   4.5300000e+05
   8.7163538e+02   4.5200000e+05
   8.7134862e+02   4.5100000e+05
   8.7105821e+02   4.5000000e+05
   8.7076976e+02   4.4900000e+05
   8.7048151e+02   4.4800000e+05
   8.7015230e+02   4.4700000e+05
   8.7000000e+02   4.4647230e+05
   8.6986517e+02   4.4600000e+05
   8.6957969e+02   4.4500000e+05
   8.6928588e+02   4.4400000e+05
   8.6898663e+02   4.4300000e+05
   8.6868268e+02   4.4200000e+05
   8.6841564e+02   4.4100000e+05
   8.6811793e+02   4.4000000e+05
   8.6781292e+02   4.3900000e+05
   8.6752579e+02   4.3800000e+05
   8.6722306e+02   4.3700000e+05
   8.6694082e+02   4.3600000e+05
   8.6665234e+02   4.3500000e+05
   8.6636316e+02   4.3400000e+05
   8.6607016e+02   4.3300000e+05
   8.6578225e+02   4.3200000e+05
   8.6548099e+02   4.3100000e+05
   8.6518963e+02   4.3000000e+05
   8.6489836e+02   4.2900000e+05
   8.6460515e+02   4.2800000e+05
   8.6431033e+02   4.2700000e+05
   8.6401738e+02   4.2600000e+05
   8.6372469e+02   4.2500000e+05
   8.6343155e+02   4.2400000e+05
   8.6313817e+02   4.2300000e+05
   8.6284441e+02   4.2200000e+05
   8.6255060e+02   4.2100000e+05
   8.6225721e+02   4.2000000e+05
   8.6196269e+02   4.1900000e+05
   8.6166755e+02   4.1800000e+05
   8.6137290e+02   4.1700000e+05
   8.6107765e+02   4.1600000e+05
   8.6078322e+02   4.1500000e+05
   8.6048963e+02   4.1400000e+05
   8.6019096e+02   4.1300000e+05
   8.6000000e+02   4.1234961e+05
   8.5989829e+02   4.1200000e+05
   8.5960440e+02   4.1100000e+05
   8.5930777e+02   4.1000000e+05
   8.5901136e+02   4.0900000e+05
   8.5871184e+02   4.0800000e+05
   8.5842168e+02   4.0700000e+05
   8.5812056e+02   4.0600000e+05
   8.5781784e+02   4.0500000e+05
   8.5752127e+02   4.0400000e+05
   8.5723819e+02   4.0300000e+05
   8.5694534e+02   4.0200000e+05
   8.5662859e+02   4.0100000e+05
   8.5632739e+02   4.0000000e+05
   8.5608185e+02   3.9900000e+05
   8.5583538e+02   3.9800000e+05
   8.5559523e+02   3.9700000e+05
   8.5533532e+02   3.9600000e+05
   8.5507072e+02   3.9500000e+05
   8.5480437e+02   3.9400000e+05
   8.5453613e+02   3.9300000e+05
   8.5428295e+02   3.9200000e+05
   8.5406007e+02   3.9100000e+05
   8.5381157e+02   3.9000000e+05
   8.5354593e+02   3.8900000e+05
   8.5330357e+02   3.8800000e+05
   8.5301929e+02   3.8700000e+05
   8.5274054e+02   3.8600000e+05
   8.5246258e+02   3.8500000e+05
   8.5218955e+02   3.8400000e+05
   8.5190618e+02   3.8300000e+05
   8.5162361e+02   3.8200000e+05
   8.5134246e+02   3.8100000e+05
   8.5105906e+02   3.8000000e+05
   8.5077753e+02   3.7900000e+05
   8.5049249e+02   3.7800000e+05
   8.5020249e+02   3.7700000e+05
   8.5000000e+02   3.7629167e+05
   8.4991738e+02   3.7600000e+05
   8.4963216e+02   3.7500000e+05
   8.4938148e+02   3.7400000e+05
   8.4915540e+02   3.7300000e+05
   8.4886762e+02   3.7200000e+05
   8.4857449e+02   3.7100000e+05
   8.4828346e+02   3.7000000e+05
   8.4799630e+02   3.6900000e+05
   8.4770430e+02   3.6800000e+05
   8.4741826e+02   3.6700000e+05
   8.4712584e+02   3.6600000e+05
   8.4682402e+02   3.6500000e+05
   8.4652681e+02   3.6400000e+05
   8.4625468e+02   3.6300000e+05
   8.4596420e+02   3.6200000e+05
   8.4566701e+02   3.6100000e+05
   8.4537519e+02   3.6000000e+05
   8.4508398e+02   3.5900000e+05
   8.4479038e+02   3.5800000e+05
   8.4451025e+02   3.5700000e+05
   8.4419815e+02   3.5600000e+05
   8.4389549e+02   3.5500000e+05
   8.4359885e+02   3.5400000e+05
   8.4332058e+02   3.5300000e+05
   8.4301862e+02   3.5200000e+05
   8.4271563e+02   3.5100000e+05
   8.4241559e+02   3.5000000e+05
   8.4211533e+02   3.4900000e+05
   8.4181564e+02   3.4800000e+05
   8.4151386e+02   3.4700000e+05
   8.4120659e+02   3.4600000e+05
   8.4091971e+02   3.4500000e+05
   8.4063783e+02   3.4400000e+05
   8.4032107e+02   3.4300000e+05
   8.4003553e+02   3.4200000e+05
   8.4000000e+02   3.4185882e+05
   8.3978669e+02   3.4100000e+05
   8.3947853e+02   3.4000000e+05
   8.3917318e+02   3.3900000e+05
   8.3886901e+02   3.3800000e+05
   8.3856350e+02   3.3700000e+05
   8.3825941e+02   3.3600000e+05
   8.3796030e+02   3.3500000e+05
   8.3765634e+02   3.3400000e+05
   8.3734982e+02   3.3300000e+05
   8.3704065e+02   3.3200000e+05
   8.3673308e+02   3.3100000e+05
   8.3642509e+02   3.3000000e+05
   8.3611426e+02   3.2900000e+05
   8.3580638e+02   3.2800000e+05
   8.3549913e+02   3.2700000e+05
   8.3518707e+02   3.2600000e+05
   8.3487356e+02   3.2500000e+05
   8.3456388e+02   3.2400000e+05
   8.3425572e+02   3.2300000e+05
   8.3394567e+02   3.2200000e+05
   8.3364226e+02   3.2100000e+05
   8.3333090e+02   3.2000000e+05
   8.3301683e+02   3.1900000e+05
   8.3270162e+02   3.1800000e+05
   8.3244632e+02   3.1700000e+05
   8.3213599e+02   3.1600000e+05
   8.3181692e+02   3.1500000e+05
   8.3150561e+02   3.1400000e+05
   8.3119143e+02   3.1300000e+05
   8.3087245e+02   3.1200000e+05
   8.3058546e+02   3.1100000e+05
   8.3028219e+02   3.1000000e+05
   8.3000000e+02   3.0912584e+05
   8.2995979e+02   3.0900000e+05
   8.2964452e+02   3.0800000e+05
   8.2933166e+02   3.0700000e+05
   8.2901747e+02   3.0600000e+05
   8.2870121e+02   3.0500000e+05
   8.2838485e+02   3.0400000e+05
   8.2806612e+02   3.0300000e+05
   8.2774608e+02   3.0200000e+05
   8.2743196e+02   3.0100000e+05
   8.2712441e+02   3.0000000e+05
   8.2681179e+02   2.9900000e+05
   8.2649348e+02   2.9800000e+05
   8.2617887e+02   2.9700000e+05
   8.2585382e+02   2.9600000e+05
   8.2552488e+02   2.9500000e+05
   8.2520878e+02   2.9400000e+05
   8.2488340e+02   2.9300000e+05
   8.2458895e+02   2.9200000e+05
   8.2427685e+02   2.9100000e+05
   8.2394995e+02   2.9000000e+05
   8.2362817e+02   2.8900000e+05
   8.2330519e+02   2.8800000e+05
   8.2298362e+02   2.8700000e+05
   8.2265287e+02   2.8600000e+05
   8.2232821e+02   2.8500000e+05
   8.2200389e+02   2.8400000e+05
   8.2167616e+02   2.8300000e+05
   8.2135357e+02   2.8200000e+05
   8.2108005e+02   2.8100000e+05
   8.2079028e+02   2.8000000e+05
   8.2045771e+02   2.7900000e+05
   8.2134738e+02   2.7800000e+05
   8.3000000e+02   2.7735004e+05
   8.3209303e+02   2.7700000e+05
   8.3523025e+02   2.7600000e+05
   8.3492657e+02   2.7500000e+05
   8.3462175e+02   2.7400000e+05
   8.3431617e+02   2.7300000e+05
   8.3401043e+02   2.7200000e+05
   8.3370390e+02   2.7100000e+05
   8.3339666e+02   2.7000000e+05
   8.3308901e+02   2.6900000e+05
   8.3277840e+02   2.6800000e+05
   8.3246685e+02   2.6700000e+05
   8.3215717e+02   2.6600000e+05
   8.3185047e+02   2.6500000e+05
   8.3154133e+02   2.6400000e+05
   8.3122767e+02   2.6300000e+05
   8.3091417e+02   2.6200000e+05
   8.3059918e+02   2.6100000e+05
   8.3028586e+02   2.6000000e+05
   8.3000000e+02   2.5906796e+05
   8.2997937e+02   2.5900000e+05
   8.2966780e+02   2.5800000e+05
   8.2935774e+02   2.5700000e+05
   8.2904618e+02   2.5600000e+05
   8.2873462e+02   2.5500000e+05
   8.2841985e+02   2.5400000e+05
   8.2810646e+02   2.5300000e+05
   8.2779430e+02   2.5200000e+05
   8.2748178e+02   2.5100000e+05
   8.2716726e+02   2.5000000e+05
   8.2685067e+02   2.4900000e+05
   8.2653374e+02   2.4800000e+05
   8.2621809e+02   2.4700000e+05
   8.2590244e+02   2.4600000e+05
   8.2558523e+02   2.4500000e+05
   8.2526622e+02   2.4400000e+05
   8.2494924e+02   2.4300000e+05
   8.2462964e+02   2.4200000e+05
   8.2431282e+02   2.4100000e+05
   8.2399133e+02   2.4000000e+05
   8.2367090e+02   2.3900000e+05
   8.2334877e+02   2.3800000e+05
   8.2302683e+02   2.3700000e+05
   8.2270503e+02   2.3600000e+05
   8.2238819e+02   2.3500000e+05
   8.2206420e+02   2.3400000e+05
   8.2173667e+02   2.3300000e+05
   8.2000000e+02   2.3284243e+05
   8.1553484e+02   2.3200000e+05
   8.1000000e+02   2.3110848e+05
   8.0868745e+02   2.3100000e+05
   8.0612874e+02   2.3000000e+05
   8.0446431e+02   2.2900000e+05
   8.0402092e+02   2.2800000e+05
   8.0300557e+02   2.2700000e+05
   8.0000000e+02   2.2655877e+05
   7.9604210e+02   2.2600000e+05
   7.9551786e+02   2.2500000e+05
   7.9368541e+02   2.2400000e+05
   7.9069393e+02   2.2300000e+05
   7.9000000e+02   2.2275336e+05
   7.8825278e+02   2.2200000e+05
   7.8586118e+02   2.2100000e+05
   7.8329520e+02   2.2000000e+05
   7.8314811e+02   2.1900000e+05
   7.8248408e+02   2.1800000e+05
   7.8235204e+02   2.1700000e+05
   7.8222339e+02   2.1600000e+05
   7.8212727e+02   2.1500000e+05
   7.8205278e+02   2.1400000e+05
   7.8199694e+02   2.1300000e+05
   7.8197102e+02   2.1200000e+05
   7.8201415e+02   2.1100000e+05
   7.8189776e+02   2.1000000e+05
   7.8162884e+02   2.0900000e+05
   7.8134888e+02   2.0800000e+05
   7.8106568e+02   2.0700000e+05
   7.8078182e+02   2.0600000e+05
   7.8049666e+02   2.0500000e+05
   7.8021286e+02   2.0400000e+05
   7.8000000e+02   2.0325369e+05
   7.7992844e+02   2.0300000e+05
   7.7964569e+02   2.0200000e+05
   7.7936228e+02   2.0100000e+05
   7.7907941e+02   2.0000000e+05
   7.7879489e+02   1.9900000e+05
   7.7850941e+02   1.9800000e+05
   7.7822279e+02   1.9700000e+05
   7.7793901e+02   1.9600000e+05
   7.7765000e+02   1.9500000e+05
   7.7736250e+02   1.9400000e+05
   7.7707373e+02   1.9300000e+05
   7.7678611e+02   1.9200000e+05
   7.7649681e+02   1.9100000e+05
   7.7620757e+02   1.9000000e+05
   7.7591628e+02   1.8900000e+05
   7.7562691e+02   1.8800000e+05
   7.7532889e+02   1.8700000e+05
   7.7503433e+02   1.8600000e+05
   7.7474166e+02   1.8500000e+05
   7.7444830e+02   1.8400000e+05
   7.7415465e+02   1.8300000e+05
   7.7386077e+02   1.8200000e+05
   7.7356162e+02   1.8100000e+05
   7.7326511e+02   1.8000000e+05
   7.7296844e+02   1.7900000e+05
   7.7267083e+02   1.7800000e+05
   7.7237395e+02   1.7700000e+05
   7.7207588e+02   1.7600000e+05
   7.7177682e+02   1.7500000e+05
   7.7147712e+02   1.7400000e+05
   7.7117614e+02   1.7300000e+05
   7.7087285e+02   1.7200000e+05
   7.7057188e+02   1.7100000e+05
   7.7026961e+02   1.7000000e+05
   7.7000000e+02   1.6911187e+05
   7.6996641e+02   1.6900000e+05
   7.6966406e+02   1.6800000e+05
   7.6936245e+02   1.6700000e+05
   7.6906087e+02   1.6600000e+05
   7.6875882e+02   1.6500000e+05
   7.6845300e+02   1.6400000e+05
   7.6814868e+02   1.6300000e+05
   7.6784461e+02   1.6200000e+05
   7.6753922e+02   1.6100000e+05
   7.6722987e+02   1.6000000e+05
   7.6692050e+02   1.5900000e+05
   7.6661371e+02   1.5800000e+05
   7.6630520e+02   1.5700000e+05
   7.6599808e+02   1.5600000e+05
   7.6568572e+02   1.5500000e+05
   7.6537135e+02   1.5400000e+05
   7.6506161e+02   1.5300000e+05
   7.6474855e+02   1.5200000e+05
   7.6443342e+02   1.5100000e+05
   7.6411873e+02   1.5000000e+05
   7.6379949e+02   1.4900000e+05
   7.6348605e+02   1.4800000e+05
   7.6316743e+02   1.4700000e+05
   7.6285265e+02   1.4600000e+05
   7.6254799e+02   1.4500000e+05
   7.6224324e+02   1.4400000e+05
   7.6193339e+02   1.4300000e+05
   7.6162096e+02   1.4200000e+05
   7.6130079e+02   1.4100000e+05
   7.6096825e+02   1.4000000e+05
   7.6062500e+02   1.3900000e+05
   7.6027547e+02   1.3800000e+05
   7.6000000e+02   1.3774438e+05
   7.5923346e+02   1.3700000e+05
   7.5818839e+02   1.3600000e+05
   7.5693582e+02   1.3500000e+05
   7.5557194e+02   1.3400000e+05
   7.5412091e+02   1.3300000e+05
   7.5295341e+02   1.3200000e+05
   7.5183990e+02   1.3100000e+05
   7.5067354e+02   1.3000000e+05
   7.5000000e+02   1.2955138e+05
   7.4922058e+02   1.2900000e+05
   7.4858151e+02   1.2800000e+05
   7.4090434e+02   1.2700000e+05
   7.4000000e+02   1.2664294e+05
   7.3791571e+02   1.2600000e+05
   7.3711568e+02   1.2500000e+05
   7.3574557e+02   1.2400000e+05
   7.3435029e+02   1.2300000e+05
   7.3308851e+02   1.2200000e+05
   7.3185023e+02   1.2100000e+05
   7.3079722e+02   1.2000000e+05
   7.3000000e+02   1.1924467e+05
   7.2974226e+02   1.1900000e+05
   7.2881710e+02   1.1800000e+05
   7.2794692e+02   1.1700000e+05
   7.2710510e+02   1.1600000e+05
   7.2629583e+02   1.1500000e+05
   7.2551709e+02   1.1400000e+05
   7.2475686e+02   1.1300000e+05
   7.2401996e+02   1.1200000e+05
   7.2000000e+02   1.1134355e+05
   7.1864429e+02   1.1100000e+05
   7.1653142e+02   1.1000000e+05
   7.1528530e+02   1.0900000e+05
   7.1419082e+02   1.0800000e+05
   7.1319132e+02   1.0700000e+05
   7.1225970e+02   1.0600000e+05
   7.1141284e+02   1.0500000e+05
   7.1058842e+02   1.0400000e+05
   7.1000000e+02   1.0326543e+05
   7.0978978e+02   1.0300000e+05
   7.0902551e+02   1.0200000e+05
   7.0825785e+02   1.0100000e+05
   7.0749696e+02   1.0000000e+05
   7.0674526e+02   9.9000000e+04
   7.0600413e+02   9.8000000e+04
   7.0525768e+02   9.7000000e+04
   7.0447948e+02   9.6000000e+04
   7.0371394e+02   9.5000000e+04
   7.0295107e+02   9.4000000e+04
   7.0217874e+02   9.3000000e+04
   7.0137045e+02   9.2000000e+04
   7.0057129e+02   9.1000000e+04
   7.0000000e+02   9.0015609e+04
   6.9999083e+02   9.0000000e+04
   6.9947698e+02   8.9000000e+04
   6.9908624e+02   8.8000000e+04
   6.9869483e+02   8.7000000e+04
   6.9828261e+02   8.6000000e+04
   6.9785745e+02   8.5000000e+04
   6.9742462e+02   8.4000000e+04
   6.9704179e+02   8.3000000e+04
   6.9662044e+02   8.2000000e+04
   6.9619946e+02   8.1000000e+04
   6.9577774e+02   8.0000000e+04
   6.9535834e+02   7.9000000e+04
   6.9492392e+02   7.8000000e+04
   6.9449128e+02   7.7000000e+04
   6.9407129e+02   7.6000000e+04
   6.9365335e+02   7.5000000e+04
   6.9322423e+02   7.4000000e+04
   6.9278379e+02   7.3000000e+04
   6.9236008e+02   7.2000000e+04
   6.9190665e+02   7.1000000e+04
   6.9146978e+02   7.0000000e+04
   6.9103459e+02   6.9000000e+04
   6.9060004e+02   6.8000000e+04
   6.9015373e+02   6.7000000e+04
   6.9000000e+02   6.6646564e+04
   6.8972204e+02   6.6000000e+04
   6.8928339e+02   6.5000000e+04
   6.8883937e+02   6.4000000e+04
   6.8839870e+02   6.3000000e+04
   6.8795734e+02   6.2000000e+04
   6.8749563e+02   6.1000000e+04
   6.8705115e+02   6.0000000e+04
   6.8660544e+02   5.9000000e+04
   6.8615588e+02   5.8000000e+04
   6.8570362e+02   5.7000000e+04
   6.8524336e+02   5.6000000e+04
   6.8479352e+02   5.5000000e+04
   6.8434495e+02   5.4000000e+04
   6.8211995e+02   5.3000000e+04
   6.8166667e+02   5.2000000e+04
   6.8121132e+02   5.1000000e+04
   6.8077580e+02   5.0000000e+04
   6.8033102e+02   4.9000000e+04
   6.8000000e+02   4.8189069e+04
   6.7992297e+02   4.8000000e+04
   6.7949894e+02   4.7000000e+04
   6.7908844e+02   4.6000000e+04
   6.7855012e+02   4.5000000e+04
   6.7812916e+02   4.4000000e+04
   6.7768032e+02   4.3000000e+04
   6.7720326e+02   4.2000000e+04
   6.7675161e+02   4.1000000e+04
   6.7632218e+02   4.0000000e+04
   6.7585827e+02   3.9000000e+04
   6.7538677e+02   3.8000000e+04
   6.7495118e+02   3.7000000e+04
   6.7448216e+02   3.6000000e+04
   6.7401298e+02   3.5000000e+04
   6.7353571e+02   3.4000000e+04
   6.7309197e+02   3.3000000e+04
   6.7260818e+02   3.2000000e+04
   6.7209252e+02   3.1000000e+04
   6.7160825e+02   3.0000000e+04
   6.7116625e+02   2.9000000e+04
   6.7068409e+02   2.8000000e+04
   6.7019913e+02   2.7000000e+04
   6.7000000e+02   2.6584746e+04
   6.6971677e+02   2.6000000e+04
   6.6926130e+02   2.5000000e+04
   6.6860945e+02   2.4000000e+04
   6.6811425e+02   2.3000000e+04
   6.6761336e+02   2.2000000e+04
   6.6715827e+02   2.1000000e+04
   6.6661246e+02   2.0000000e+04
   6.6612905e+02   1.9000000e+04
   6.6561284e+02   1.8000000e+04
   6.6513937e+02   1.7000000e+04
   6.6458662e+02   1.6000000e+04
   6.6406351e+02   1.5000000e+04
   6.6352539e+02   1.4000000e+04
   6.6290152e+02   1.3000000e+04
   6.6305312e+02   1.2000000e+04
   6.6324692e+02   1.1000000e+04
   6.6377907e+02   1.0000000e+04
   6.6366755e+02   9.0000000e+03
   6.6313486e+02   8.0000000e+03
   6.6260967e+02   7.0000000e+03
   6.6210083e+02   6.0000000e+03
   6.6155861e+02   5.0000000e+03
   6.6000000e+02   4.8378743e+03
   6.5204822e+02   4.0000000e+03
   6.5155254e+02   3.0000000e+03
   6.5109665e+02   2.0000000e+03
   6.5060580e+02   1.0000000e+03
   6.5000000e+02   0.0000000e+00
   6.5000000e+02   0.0000000e+00
