   2.9502091e+03   1.3500000e+06
   2.9500000e+03   1.3496615e+06
   2.9495923e+03   1.3490000e+06
   2.9489784e+03   1.3480000e+06
   2.9483622e+03   1.3470000e+06
   2.9477459e+03   1.3460000e+06
   2.9471297e+03   1.3450000e+06
   2.9465134e+03   1.3440000e+06
   2.9458971e+03   1.3430000e+06
   2.9452809e+03   1.3420000e+06
   2.9446635e+03   1.3410000e+06
   2.9440450e+03   1.3400000e+06
   2.9434265e+03   1.3390000e+06
   2.9428081e+03   1.3380000e+06
   2.9422058e+03   1.3370000e+06
   2.9415707e+03   1.3360000e+06
   2.9410014e+03   1.3350000e+06
   2.9404089e+03   1.3340000e+06
   2.9400000e+03   1.3333068e+06
   2.9398195e+03   1.3330000e+06
   2.9392097e+03   1.3320000e+06
   2.9385932e+03   1.3310000e+06
   2.9379976e+03   1.3300000e+06
   2.9373987e+03   1.3290000e+06
   2.9367861e+03   1.3280000e+06
   2.9361794e+03   1.3270000e+06
   2.9355459e+03   1.3260000e+06
   2.9349400e+03   1.3250000e+06
   2.9343268e+03   1.3240000e+06
   2.9337084e+03   1.3230000e+06
   2.9330887e+03   1.3220000e+06
   2.9324658e+03   1.3210000e+06
   2.9318411e+03   1.3200000e+06
   2.9312193e+03   1.3190000e+06
   2.9305992e+03   1.3180000e+06
   2.9300000e+03   1.3170379e+06
   2.9299765e+03   1.3170000e+06
   2.9293557e+03   1.3160000e+06
   2.9287330e+03   1.3150000e+06
   2.9281062e+03   1.3140000e+06
   2.9274859e+03   1.3130000e+06
   2.9268633e+03   1.3120000e+06
   2.9262406e+03   1.3110000e+06
   2.9256166e+03   1.3100000e+06
   2.9249930e+03   1.3090000e+06
   2.9243693e+03   1.3080000e+06
   2.9237462e+03   1.3070000e+06
   2.9231203e+03   1.3060000e+06
   2.9224953e+03   1.3050000e+06
   2.9218680e+03   1.3040000e+06
   2.9212430e+03   1.3030000e+06
   2.9206156e+03   1.3020000e+06
   2.9200000e+03   1.3010187e+06
   2.9199883e+03   1.3010000e+06
   2.9193627e+03   1.3000000e+06
   2.9187392e+03   1.2990000e+06
   2.9181092e+03   1.2980000e+06
   2.9174836e+03   1.2970000e+06
   2.9168580e+03   1.2960000e+06
   2.9162301e+03   1.2950000e+06
   2.9156045e+03   1.2940000e+06
   2.9149766e+03   1.2930000e+06
   2.9143463e+03   1.2920000e+06
   2.9137184e+03   1.2910000e+06
   2.9130881e+03   1.2900000e+06
   2.9124596e+03   1.2890000e+06
   2.9118295e+03   1.2880000e+06
   2.9111991e+03   1.2870000e+06
   2.9105691e+03   1.2860000e+06
   2.9100000e+03   1.2850967e+06
   2.9099393e+03   1.2850000e+06
   2.9093112e+03   1.2840000e+06
   2.9086811e+03   1.2830000e+06
   2.9080532e+03   1.2820000e+06
   2.9074230e+03   1.2810000e+06
   2.9067935e+03   1.2800000e+06
   2.9061610e+03   1.2790000e+06
   2.9055309e+03   1.2780000e+06
   2.9048985e+03   1.2770000e+06
   2.9042637e+03   1.2760000e+06
   2.9036304e+03   1.2750000e+06
   2.9029981e+03   1.2740000e+06
   2.9023653e+03   1.2730000e+06
   2.9017312e+03   1.2720000e+06
   2.9010987e+03   1.2710000e+06
   2.9004642e+03   1.2700000e+06
   2.9000000e+03   1.2692684e+06
   2.8998312e+03   1.2690000e+06
   2.8991997e+03   1.2680000e+06
   2.8985734e+03   1.2670000e+06
   2.8979422e+03   1.2660000e+06
   2.8973116e+03   1.2650000e+06
   2.8966836e+03   1.2640000e+06
   2.8960509e+03   1.2630000e+06
   2.8954186e+03   1.2620000e+06
   2.8947861e+03   1.2610000e+06
   2.8941642e+03   1.2600000e+06
   2.8935503e+03   1.2590000e+06
   2.8929505e+03   1.2580000e+06
   2.8923236e+03   1.2570000e+06
   2.8917302e+03   1.2560000e+06
   2.8911598e+03   1.2550000e+06
   2.8905307e+03   1.2540000e+06
   2.8900000e+03   1.2531569e+06
   2.8899004e+03   1.2530000e+06
   2.8892611e+03   1.2520000e+06
   2.8886240e+03   1.2510000e+06
   2.8879870e+03   1.2500000e+06
   2.8873483e+03   1.2490000e+06
   2.8867114e+03   1.2480000e+06
   2.8860723e+03   1.2470000e+06
   2.8854331e+03   1.2460000e+06
   2.8847939e+03   1.2450000e+06
   2.8841537e+03   1.2440000e+06
   2.8835147e+03   1.2430000e+06
   2.8828750e+03   1.2420000e+06
   2.8822338e+03   1.2410000e+06
   2.8815926e+03   1.2400000e+06
   2.8809514e+03   1.2390000e+06
   2.8803101e+03   1.2380000e+06
   2.8800000e+03   1.2375180e+06
   2.8796678e+03   1.2370000e+06
   2.8790265e+03   1.2360000e+06
   2.8783925e+03   1.2350000e+06
   2.8777755e+03   1.2340000e+06
   2.8771541e+03   1.2330000e+06
   2.8765285e+03   1.2320000e+06
   2.8759067e+03   1.2310000e+06
   2.8753240e+03   1.2300000e+06
   2.8746647e+03   1.2290000e+06
   2.8740643e+03   1.2280000e+06
   2.8734131e+03   1.2270000e+06
   2.8727762e+03   1.2260000e+06
   2.8721537e+03   1.2250000e+06
   2.8710639e+03   1.2240000e+06
   2.8700000e+03   1.2236546e+06
   2.8679351e+03   1.2230000e+06
   2.8641651e+03   1.2220000e+06
   2.8609996e+03   1.2210000e+06
   2.8600000e+03   1.2208743e+06
   2.8570066e+03   1.2200000e+06
   2.8552950e+03   1.2190000e+06
   2.8525886e+03   1.2180000e+06
   2.8500000e+03   1.2170920e+06
   2.8496868e+03   1.2170000e+06
   2.8467918e+03   1.2160000e+06
   2.8423800e+03   1.2150000e+06
   2.8400000e+03   1.2142508e+06
   2.8393454e+03   1.2140000e+06
   2.8365937e+03   1.2130000e+06
   2.8335228e+03   1.2120000e+06
   2.8309323e+03   1.2110000e+06
   2.8300000e+03   1.2105901e+06
   2.8286656e+03   1.2100000e+06
   2.8271952e+03   1.2090000e+06
   2.8266682e+03   1.2080000e+06
   2.8261133e+03   1.2070000e+06
   2.8255786e+03   1.2060000e+06
   2.8250299e+03   1.2050000e+06
   2.8244910e+03   1.2040000e+06
   2.8239580e+03   1.2030000e+06
   2.8234093e+03   1.2020000e+06
   2.8228667e+03   1.2010000e+06
   2.8223245e+03   1.2000000e+06
   2.8217814e+03   1.1990000e+06
   2.8212385e+03   1.1980000e+06
   2.8206974e+03   1.1970000e+06
   2.8201542e+03   1.1960000e+06
   2.8200000e+03   1.1957161e+06
   2.8196122e+03   1.1950000e+06
   2.8190644e+03   1.1940000e+06
   2.8185194e+03   1.1930000e+06
   2.8179785e+03   1.1920000e+06
   2.8174335e+03   1.1910000e+06
   2.8168905e+03   1.1900000e+06
   2.8163436e+03   1.1890000e+06
   2.8157974e+03   1.1880000e+06
   2.8152509e+03   1.1870000e+06
   2.8147022e+03   1.1860000e+06
   2.8141548e+03   1.1850000e+06
   2.8136074e+03   1.1840000e+06
   2.8130593e+03   1.1830000e+06
   2.8125120e+03   1.1820000e+06
   2.8119629e+03   1.1810000e+06
   2.8114115e+03   1.1800000e+06
   2.8108620e+03   1.1790000e+06
   2.8103118e+03   1.1780000e+06
   2.8100000e+03   1.1774333e+06
   2.8097626e+03   1.1770000e+06
   2.8092146e+03   1.1760000e+06
   2.8086667e+03   1.1750000e+06
   2.8081169e+03   1.1740000e+06
   2.8075690e+03   1.1730000e+06
   2.8070196e+03   1.1720000e+06
   2.8064719e+03   1.1710000e+06
   2.8059233e+03   1.1700000e+06
   2.8053732e+03   1.1690000e+06
   2.8048242e+03   1.1680000e+06
   2.8042766e+03   1.1670000e+06
   2.8037252e+03   1.1660000e+06
   2.8031645e+03   1.1650000e+06
   2.8026198e+03   1.1640000e+06
   2.8020671e+03   1.1630000e+06
   2.8015084e+03   1.1620000e+06
   2.8009560e+03   1.1610000e+06
   2.8003993e+03   1.1600000e+06
   2.8000000e+03   1.1592798e+06
   2.7998454e+03   1.1590000e+06
   2.7992909e+03   1.1580000e+06
   2.7987344e+03   1.1570000e+06
   2.7981889e+03   1.1560000e+06
   2.7976314e+03   1.1550000e+06
   2.7970710e+03   1.1540000e+06
   2.7965119e+03   1.1530000e+06
   2.7959568e+03   1.1520000e+06
   2.7954041e+03   1.1510000e+06
   2.7948508e+03   1.1500000e+06
   2.7942958e+03   1.1490000e+06
   2.7937514e+03   1.1480000e+06
   2.7931969e+03   1.1470000e+06
   2.7926410e+03   1.1460000e+06
   2.7920837e+03   1.1450000e+06
   2.7915260e+03   1.1440000e+06
   2.7909576e+03   1.1430000e+06
   2.7904055e+03   1.1420000e+06
   2.7900000e+03   1.1412683e+06
   2.7898503e+03   1.1410000e+06
   2.7892925e+03   1.1400000e+06
   2.7887364e+03   1.1390000e+06
   2.7881789e+03   1.1380000e+06
   2.7876217e+03   1.1370000e+06
   2.7870623e+03   1.1360000e+06
   2.7864999e+03   1.1350000e+06
   2.7859411e+03   1.1340000e+06
   2.7853782e+03   1.1330000e+06
   2.7848199e+03   1.1320000e+06
   2.7842582e+03   1.1310000e+06
   2.7836965e+03   1.1300000e+06
   2.7831348e+03   1.1290000e+06
   2.7825714e+03   1.1280000e+06
   2.7819996e+03   1.1270000e+06
   2.7814496e+03   1.1260000e+06
   2.7808901e+03   1.1250000e+06
   2.7803297e+03   1.1240000e+06
   2.7800000e+03   1.1234113e+06
   2.7797698e+03   1.1230000e+06
   2.7792124e+03   1.1220000e+06
   2.7786530e+03   1.1210000e+06
   2.7780912e+03   1.1200000e+06
   2.7775271e+03   1.1190000e+06
   2.7769614e+03   1.1180000e+06
   2.7763967e+03   1.1170000e+06
   2.7758303e+03   1.1160000e+06
   2.7752640e+03   1.1150000e+06
   2.7746317e+03   1.1140000e+06
   2.7740654e+03   1.1130000e+06
   2.7735313e+03   1.1120000e+06
   2.7729532e+03   1.1110000e+06
   2.7723920e+03   1.1100000e+06
   2.7718234e+03   1.1090000e+06
   2.7712486e+03   1.1080000e+06
   2.7706701e+03   1.1070000e+06
   2.7701154e+03   1.1060000e+06
   2.7700000e+03   1.1057928e+06
   2.7695552e+03   1.1050000e+06
   2.7689913e+03   1.1040000e+06
   2.7684295e+03   1.1030000e+06
   2.7678645e+03   1.1020000e+06
   2.7673016e+03   1.1010000e+06
   2.7667367e+03   1.1000000e+06
   2.7661717e+03   1.0990000e+06
   2.7656089e+03   1.0980000e+06
   2.7650403e+03   1.0970000e+06
   2.7644735e+03   1.0960000e+06
   2.7638340e+03   1.0950000e+06
   2.7633154e+03   1.0940000e+06
   2.7627158e+03   1.0930000e+06
   2.7622017e+03   1.0920000e+06
   2.7615925e+03   1.0910000e+06
   2.7609852e+03   1.0900000e+06
   2.7603866e+03   1.0890000e+06
   2.7600000e+03   1.0883333e+06
   2.7598076e+03   1.0880000e+06
   2.7592454e+03   1.0870000e+06
   2.7586830e+03   1.0860000e+06
   2.7581128e+03   1.0850000e+06
   2.7575487e+03   1.0840000e+06
   2.7569838e+03   1.0830000e+06
   2.7564219e+03   1.0820000e+06
   2.7558544e+03   1.0810000e+06
   2.7552888e+03   1.0800000e+06
   2.7547902e+03   1.0790000e+06
   2.7541593e+03   1.0780000e+06
   2.7535943e+03   1.0770000e+06
   2.7529405e+03   1.0760000e+06
   2.7524373e+03   1.0750000e+06
   2.7518670e+03   1.0740000e+06
   2.7512539e+03   1.0730000e+06
   2.7506521e+03   1.0720000e+06
   2.7500466e+03   1.0710000e+06
   2.7500000e+03   1.0709234e+06
   2.7494446e+03   1.0700000e+06
   2.7488603e+03   1.0690000e+06
   2.7482916e+03   1.0680000e+06
   2.7477229e+03   1.0670000e+06
   2.7471542e+03   1.0660000e+06
   2.7465854e+03   1.0650000e+06
   2.7460167e+03   1.0640000e+06
   2.7454458e+03   1.0630000e+06
   2.7448792e+03   1.0620000e+06
   2.7443105e+03   1.0610000e+06
   2.7437431e+03   1.0600000e+06
   2.7431738e+03   1.0590000e+06
   2.7426054e+03   1.0580000e+06
   2.7420364e+03   1.0570000e+06
   2.7414433e+03   1.0560000e+06
   2.7408389e+03   1.0550000e+06
   2.7402282e+03   1.0540000e+06
   2.7400000e+03   1.0536282e+06
   2.7396195e+03   1.0530000e+06
   2.7390099e+03   1.0520000e+06
   2.7384097e+03   1.0510000e+06
   2.7379111e+03   1.0500000e+06
   2.7372604e+03   1.0490000e+06
   2.7366842e+03   1.0480000e+06
   2.7361088e+03   1.0470000e+06
   2.7355307e+03   1.0460000e+06
   2.7349539e+03   1.0450000e+06
   2.7343772e+03   1.0440000e+06
   2.7337808e+03   1.0430000e+06
   2.7331795e+03   1.0420000e+06
   2.7325731e+03   1.0410000e+06
   2.7320379e+03   1.0400000e+06
   2.7314283e+03   1.0390000e+06
   2.7308143e+03   1.0380000e+06
   2.7302155e+03   1.0370000e+06
   2.7300000e+03   1.0366312e+06
   2.7296348e+03   1.0360000e+06
   2.7290543e+03   1.0350000e+06
   2.7284700e+03   1.0340000e+06
   2.7278896e+03   1.0330000e+06
   2.7273087e+03   1.0320000e+06
   2.7267268e+03   1.0310000e+06
   2.7261429e+03   1.0300000e+06
   2.7255570e+03   1.0290000e+06
   2.7249758e+03   1.0280000e+06
   2.7243887e+03   1.0270000e+06
   2.7238025e+03   1.0260000e+06
   2.7232168e+03   1.0250000e+06
   2.7226086e+03   1.0240000e+06
   2.7219925e+03   1.0230000e+06
   2.7214011e+03   1.0220000e+06
   2.7208123e+03   1.0210000e+06
   2.7202794e+03   1.0200000e+06
   2.7200000e+03   1.0195528e+06
   2.7196537e+03   1.0190000e+06
   2.7190450e+03   1.0180000e+06
   2.7184561e+03   1.0170000e+06
   2.7178655e+03   1.0160000e+06
   2.7172751e+03   1.0150000e+06
   2.7166828e+03   1.0140000e+06
   2.7160894e+03   1.0130000e+06
   2.7154990e+03   1.0120000e+06
   2.7149064e+03   1.0110000e+06
   2.7143128e+03   1.0100000e+06
   2.7137181e+03   1.0090000e+06
   2.7131233e+03   1.0080000e+06
   2.7125286e+03   1.0070000e+06
   2.7119321e+03   1.0060000e+06
   2.7113373e+03   1.0050000e+06
   2.7107425e+03   1.0040000e+06
   2.7101476e+03   1.0030000e+06
   2.7100000e+03   1.0027528e+06
   2.7095565e+03   1.0020000e+06
   2.7089653e+03   1.0010000e+06
   2.7083677e+03   1.0000000e+06
   2.7077680e+03   9.9900000e+05
   2.7071686e+03   9.9800000e+05
   2.7065716e+03   9.9700000e+05
   2.7059811e+03   9.9600000e+05
   2.7053861e+03   9.9500000e+05
   2.7047882e+03   9.9400000e+05
   2.7041914e+03   9.9300000e+05
   2.7035937e+03   9.9200000e+05
   2.7029925e+03   9.9100000e+05
   2.7023914e+03   9.9000000e+05
   2.7017903e+03   9.8900000e+05
   2.7011889e+03   9.8800000e+05
   2.7005858e+03   9.8700000e+05
   2.7000000e+03   9.8602555e+05
   2.6999847e+03   9.8600000e+05
   2.6993857e+03   9.8500000e+05
   2.6987864e+03   9.8400000e+05
   2.6981858e+03   9.8300000e+05
   2.6975880e+03   9.8200000e+05
   2.6969867e+03   9.8100000e+05
   2.6963825e+03   9.8000000e+05
   2.6957839e+03   9.7900000e+05
   2.6951803e+03   9.7800000e+05
   2.6945770e+03   9.7700000e+05
   2.6939738e+03   9.7600000e+05
   2.6933705e+03   9.7500000e+05
   2.6927666e+03   9.7400000e+05
   2.6921613e+03   9.7300000e+05
   2.6915548e+03   9.7200000e+05
   2.6909488e+03   9.7100000e+05
   2.6903411e+03   9.7000000e+05
   2.6900000e+03   9.6943885e+05
   2.6897343e+03   9.6900000e+05
   2.6891289e+03   9.6800000e+05
   2.6885235e+03   9.6700000e+05
   2.6879181e+03   9.6600000e+05
   2.6873143e+03   9.6500000e+05
   2.6867088e+03   9.6400000e+05
   2.6861059e+03   9.6300000e+05
   2.6854989e+03   9.6200000e+05
   2.6848910e+03   9.6100000e+05
   2.6842845e+03   9.6000000e+05
   2.6836746e+03   9.5900000e+05
   2.6830662e+03   9.5800000e+05
   2.6824559e+03   9.5700000e+05
   2.6818441e+03   9.5600000e+05
   2.6812307e+03   9.5500000e+05
   2.6806227e+03   9.5400000e+05
   2.6800109e+03   9.5300000e+05
   2.6800000e+03   9.5298227e+05
   2.6793993e+03   9.5200000e+05
   2.6787896e+03   9.5100000e+05
   2.6781779e+03   9.5000000e+05
   2.6775662e+03   9.4900000e+05
   2.6769611e+03   9.4800000e+05
   2.6763449e+03   9.4700000e+05
   2.6757354e+03   9.4600000e+05
   2.6751236e+03   9.4500000e+05
   2.6745141e+03   9.4400000e+05
   2.6739024e+03   9.4300000e+05
   2.6732892e+03   9.4200000e+05
   2.6726746e+03   9.4100000e+05
   2.6720581e+03   9.4000000e+05
   2.6714437e+03   9.3900000e+05
   2.6708279e+03   9.3800000e+05
   2.6702102e+03   9.3700000e+05
   2.6700000e+03   9.3665965e+05
   2.6695938e+03   9.3600000e+05
   2.6689782e+03   9.3500000e+05
   2.6683661e+03   9.3400000e+05
   2.6677485e+03   9.3300000e+05
   2.6671308e+03   9.3200000e+05
   2.6665146e+03   9.3100000e+05
   2.6658949e+03   9.3000000e+05
   2.6652778e+03   9.2900000e+05
   2.6646595e+03   9.2800000e+05
   2.6640402e+03   9.2700000e+05
   2.6634283e+03   9.2600000e+05
   2.6628087e+03   9.2500000e+05
   2.6621891e+03   9.2400000e+05
   2.6615677e+03   9.2300000e+05
   2.6609476e+03   9.2200000e+05
   2.6603260e+03   9.2100000e+05
   2.6600000e+03   9.2047931e+05
   2.6597010e+03   9.2000000e+05
   2.6590794e+03   9.1900000e+05
   2.6584577e+03   9.1800000e+05
   2.6578339e+03   9.1700000e+05
   2.6572123e+03   9.1600000e+05
   2.6565928e+03   9.1500000e+05
   2.6559712e+03   9.1400000e+05
   2.6553505e+03   9.1300000e+05
   2.6547300e+03   9.1200000e+05
   2.6541075e+03   9.1100000e+05
   2.6534775e+03   9.1000000e+05
   2.6528581e+03   9.0900000e+05
   2.6522339e+03   9.0800000e+05
   2.6516061e+03   9.0700000e+05
   2.6509781e+03   9.0600000e+05
   2.6503504e+03   9.0500000e+05
   2.6500000e+03   9.0444369e+05
   2.6497215e+03   9.0400000e+05
   2.6490960e+03   9.0300000e+05
   2.6484683e+03   9.0200000e+05
   2.6478428e+03   9.0100000e+05
   2.6472166e+03   9.0000000e+05
   2.6465867e+03   8.9900000e+05
   2.6459589e+03   8.9800000e+05
   2.6453362e+03   8.9700000e+05
   2.6447022e+03   8.9600000e+05
   2.6440746e+03   8.9500000e+05
   2.6434461e+03   8.9400000e+05
   2.6428164e+03   8.9300000e+05
   2.6421884e+03   8.9200000e+05
   2.6415582e+03   8.9100000e+05
   2.6409251e+03   8.9000000e+05
   2.6402912e+03   8.8900000e+05
   2.6400000e+03   8.8854054e+05
   2.6396586e+03   8.8800000e+05
   2.6390252e+03   8.8700000e+05
   2.6383916e+03   8.8600000e+05
   2.6377586e+03   8.8500000e+05
   2.6371267e+03   8.8400000e+05
   2.6364946e+03   8.8300000e+05
   2.6358621e+03   8.8200000e+05
   2.6352295e+03   8.8100000e+05
   2.6345978e+03   8.8000000e+05
   2.6339629e+03   8.7900000e+05
   2.6333248e+03   8.7800000e+05
   2.6326910e+03   8.7700000e+05
   2.6320525e+03   8.7600000e+05
   2.6314146e+03   8.7500000e+05
   2.6307784e+03   8.7400000e+05
   2.6301407e+03   8.7300000e+05
   2.6300000e+03   8.7278000e+05
   2.6295029e+03   8.7200000e+05
   2.6288676e+03   8.7100000e+05
   2.6282299e+03   8.7000000e+05
   2.6275935e+03   8.6900000e+05
   2.6269535e+03   8.6800000e+05
   2.6263175e+03   8.6700000e+05
   2.6256791e+03   8.6600000e+05
   2.6250382e+03   8.6500000e+05
   2.6243998e+03   8.6400000e+05
   2.6237588e+03   8.6300000e+05
   2.6231189e+03   8.6200000e+05
   2.6224745e+03   8.6100000e+05
   2.6218348e+03   8.6000000e+05
   2.6211932e+03   8.5900000e+05
   2.6205499e+03   8.5800000e+05
   2.6200000e+03   8.5714803e+05
   2.6199048e+03   8.5700000e+05
   2.6192617e+03   8.5600000e+05
   2.6186222e+03   8.5500000e+05
   2.6179784e+03   8.5400000e+05
   2.6173312e+03   8.5300000e+05
   2.6166878e+03   8.5200000e+05
   2.6160457e+03   8.5100000e+05
   2.6154011e+03   8.5000000e+05
   2.6147577e+03   8.4900000e+05
   2.6141125e+03   8.4800000e+05
   2.6134673e+03   8.4700000e+05
   2.6128215e+03   8.4600000e+05
   2.6121722e+03   8.4500000e+05
   2.6115228e+03   8.4400000e+05
   2.6108737e+03   8.4300000e+05
   2.6102221e+03   8.4200000e+05
   2.6100000e+03   8.4165798e+05
   2.6095744e+03   8.4100000e+05
   2.6089334e+03   8.4000000e+05
   2.6082772e+03   8.3900000e+05
   2.6076306e+03   8.3800000e+05
   2.6069834e+03   8.3700000e+05
   2.6063345e+03   8.3600000e+05
   2.6056848e+03   8.3500000e+05
   2.6050348e+03   8.3400000e+05
   2.6043836e+03   8.3300000e+05
   2.6037302e+03   8.3200000e+05
   2.6030763e+03   8.3100000e+05
   2.6024242e+03   8.3000000e+05
   2.6017692e+03   8.2900000e+05
   2.6011160e+03   8.2800000e+05
   2.6004611e+03   8.2700000e+05
   2.6000000e+03   8.2629582e+05
   2.5998070e+03   8.2600000e+05
   2.5991544e+03   8.2500000e+05
   2.5984995e+03   8.2400000e+05
   2.5978456e+03   8.2300000e+05
   2.5971905e+03   8.2200000e+05
   2.5965338e+03   8.2100000e+05
   2.5958791e+03   8.2000000e+05
   2.5952234e+03   8.1900000e+05
   2.5945680e+03   8.1800000e+05
   2.5939081e+03   8.1700000e+05
   2.5932515e+03   8.1600000e+05
   2.5925944e+03   8.1500000e+05
   2.5919358e+03   8.1400000e+05
   2.5912752e+03   8.1300000e+05
   2.5906127e+03   8.1200000e+05
   2.5900000e+03   8.1106109e+05
   2.5899603e+03   8.1100000e+05
   2.5892996e+03   8.1000000e+05
   2.5886371e+03   8.0900000e+05
   2.5879804e+03   8.0800000e+05
   2.5873161e+03   8.0700000e+05
   2.5866569e+03   8.0600000e+05
   2.5859971e+03   8.0500000e+05
   2.5853310e+03   8.0400000e+05
   2.5846711e+03   8.0300000e+05
   2.5840092e+03   8.0200000e+05
   2.5833466e+03   8.0100000e+05
   2.5826811e+03   8.0000000e+05
   2.5820167e+03   7.9900000e+05
   2.5813519e+03   7.9800000e+05
   2.5806834e+03   7.9700000e+05
   2.5800167e+03   7.9600000e+05
   2.5800000e+03   7.9597476e+05
   2.5793568e+03   7.9500000e+05
   2.5786868e+03   7.9400000e+05
   2.5780212e+03   7.9300000e+05
   2.5773554e+03   7.9200000e+05
   2.5766896e+03   7.9100000e+05
   2.5760216e+03   7.9000000e+05
   2.5753557e+03   7.8900000e+05
   2.5746858e+03   7.8800000e+05
   2.5740150e+03   7.8700000e+05
   2.5733458e+03   7.8600000e+05
   2.5726737e+03   7.8500000e+05
   2.5720017e+03   7.8400000e+05
   2.5713296e+03   7.8300000e+05
   2.5706575e+03   7.8200000e+05
   2.5700000e+03   7.8102167e+05
   2.5699855e+03   7.8100000e+05
   2.5693166e+03   7.8000000e+05
   2.5686478e+03   7.7900000e+05
   2.5679764e+03   7.7800000e+05
   2.5673053e+03   7.7700000e+05
   2.5666342e+03   7.7600000e+05
   2.5659611e+03   7.7500000e+05
   2.5652858e+03   7.7400000e+05
   2.5646117e+03   7.7300000e+05
   2.5639354e+03   7.7200000e+05
   2.5632588e+03   7.7100000e+05
   2.5625829e+03   7.7000000e+05
   2.5619076e+03   7.6900000e+05
   2.5612324e+03   7.6800000e+05
   2.5605533e+03   7.6700000e+05
   2.5600000e+03   7.6618598e+05
   2.5598741e+03   7.6600000e+05
   2.5592012e+03   7.6500000e+05
   2.5585263e+03   7.6400000e+05
   2.5578489e+03   7.6300000e+05
   2.5571688e+03   7.6200000e+05
   2.5564899e+03   7.6100000e+05
   2.5558098e+03   7.6000000e+05
   2.5551300e+03   7.5900000e+05
   2.5544481e+03   7.5800000e+05
   2.5537673e+03   7.5700000e+05
   2.5530864e+03   7.5600000e+05
   2.5524051e+03   7.5500000e+05
   2.5517244e+03   7.5400000e+05
   2.5510361e+03   7.5300000e+05
   2.5503529e+03   7.5200000e+05
   2.5500000e+03   7.5148182e+05
   2.5496729e+03   7.5100000e+05
   2.5489881e+03   7.5000000e+05
   2.5483039e+03   7.4900000e+05
   2.5476229e+03   7.4800000e+05
   2.5469373e+03   7.4700000e+05
   2.5462528e+03   7.4600000e+05
   2.5455672e+03   7.4500000e+05
   2.5448818e+03   7.4400000e+05
   2.5441956e+03   7.4300000e+05
   2.5435093e+03   7.4200000e+05
   2.5428225e+03   7.4100000e+05
   2.5421343e+03   7.4000000e+05
   2.5414462e+03   7.3900000e+05
   2.5407575e+03   7.3800000e+05
   2.5400678e+03   7.3700000e+05
   2.5400000e+03   7.3690208e+05
   2.5393774e+03   7.3600000e+05
   2.5386876e+03   7.3500000e+05
   2.5379963e+03   7.3400000e+05
   2.5373066e+03   7.3300000e+05
   2.5366155e+03   7.3200000e+05
   2.5359227e+03   7.3100000e+05
   2.5352290e+03   7.3000000e+05
   2.5345358e+03   7.2900000e+05
   2.5338405e+03   7.2800000e+05
   2.5331460e+03   7.2700000e+05
   2.5324489e+03   7.2600000e+05
   2.5317598e+03   7.2500000e+05
   2.5310589e+03   7.2400000e+05
   2.5303659e+03   7.2300000e+05
   2.5300000e+03   7.2247507e+05
   2.5296703e+03   7.2200000e+05
   2.5289749e+03   7.2100000e+05
   2.5282804e+03   7.2000000e+05
   2.5275861e+03   7.1900000e+05
   2.5268859e+03   7.1800000e+05
   2.5261907e+03   7.1700000e+05
   2.5254920e+03   7.1600000e+05
   2.5247912e+03   7.1500000e+05
   2.5240904e+03   7.1400000e+05
   2.5233897e+03   7.1300000e+05
   2.5226884e+03   7.1200000e+05
   2.5219866e+03   7.1100000e+05
   2.5212857e+03   7.1000000e+05
   2.5205905e+03   7.0900000e+05
   2.5200000e+03   7.0816185e+05
   2.5198864e+03   7.0800000e+05
   2.5191863e+03   7.0700000e+05
   2.5184882e+03   7.0600000e+05
   2.5177821e+03   7.0500000e+05
   2.5170800e+03   7.0400000e+05
   2.5163778e+03   7.0300000e+05
   2.5156757e+03   7.0200000e+05
   2.5149716e+03   7.0100000e+05
   2.5142677e+03   7.0000000e+05
   2.5135606e+03   6.9900000e+05
   2.5128540e+03   6.9800000e+05
   2.5121440e+03   6.9700000e+05
   2.5114352e+03   6.9600000e+05
   2.5107257e+03   6.9500000e+05
   2.5100162e+03   6.9400000e+05
   2.5100000e+03   6.9397701e+05
   2.5093124e+03   6.9300000e+05
   2.5085983e+03   6.9200000e+05
   2.5078889e+03   6.9100000e+05
   2.5071807e+03   6.9000000e+05
   2.5064693e+03   6.8900000e+05
   2.5057602e+03   6.8800000e+05
   2.5050465e+03   6.8700000e+05
   2.5043348e+03   6.8600000e+05
   2.5036224e+03   6.8500000e+05
   2.5029079e+03   6.8400000e+05
   2.5021962e+03   6.8300000e+05
   2.5014836e+03   6.8200000e+05
   2.5007669e+03   6.8100000e+05
   2.5000525e+03   6.8000000e+05
   2.5000000e+03   6.7992655e+05
   2.4993403e+03   6.7900000e+05
   2.4986263e+03   6.7800000e+05
   2.4979119e+03   6.7700000e+05
   2.4971940e+03   6.7600000e+05
   2.4964782e+03   6.7500000e+05
   2.4957597e+03   6.7400000e+05
   2.4950392e+03   6.7300000e+05
   2.4943233e+03   6.7200000e+05
   2.4936040e+03   6.7100000e+05
   2.4928853e+03   6.7000000e+05
   2.4921635e+03   6.6900000e+05
   2.4914438e+03   6.6800000e+05
   2.4907187e+03   6.6700000e+05
   2.4900000e+03   6.6600279e+05
   2.4899980e+03   6.6600000e+05
   2.4892790e+03   6.6500000e+05
   2.4885580e+03   6.6400000e+05
   2.4878354e+03   6.6300000e+05
   2.4871145e+03   6.6200000e+05
   2.4863897e+03   6.6100000e+05
   2.4856637e+03   6.6000000e+05
   2.4849420e+03   6.5900000e+05
   2.4842148e+03   6.5800000e+05
   2.4834867e+03   6.5700000e+05
   2.4827586e+03   6.5600000e+05
   2.4820300e+03   6.5500000e+05
   2.4813022e+03   6.5400000e+05
   2.4805759e+03   6.5300000e+05
   2.4800000e+03   6.5220879e+05
   2.4798485e+03   6.5200000e+05
   2.4791213e+03   6.5100000e+05
   2.4783941e+03   6.5000000e+05
   2.4776624e+03   6.4900000e+05
   2.4769376e+03   6.4800000e+05
   2.4762064e+03   6.4700000e+05
   2.4754741e+03   6.4600000e+05
   2.4747421e+03   6.4500000e+05
   2.4740092e+03   6.4400000e+05
   2.4732756e+03   6.4300000e+05
   2.4725458e+03   6.4200000e+05
   2.4718080e+03   6.4100000e+05
   2.4710733e+03   6.4000000e+05
   2.4703384e+03   6.3900000e+05
   2.4700000e+03   6.3854054e+05
   2.4696033e+03   6.3800000e+05
   2.4688695e+03   6.3700000e+05
   2.4681324e+03   6.3600000e+05
   2.4673989e+03   6.3500000e+05
   2.4666601e+03   6.3400000e+05
   2.4659219e+03   6.3300000e+05
   2.4651783e+03   6.3200000e+05
   2.4644328e+03   6.3100000e+05
   2.4636899e+03   6.3000000e+05
   2.4629500e+03   6.2900000e+05
   2.4622117e+03   6.2800000e+05
   2.4614745e+03   6.2700000e+05
   2.4607382e+03   6.2600000e+05
   2.4600000e+03   6.2500267e+05
   2.4599980e+03   6.2500000e+05
   2.4592557e+03   6.2400000e+05
   2.4585114e+03   6.2300000e+05
   2.4577613e+03   6.2200000e+05
   2.4570156e+03   6.2100000e+05
   2.4562724e+03   6.2000000e+05
   2.4555282e+03   6.1900000e+05
   2.4547899e+03   6.1800000e+05
   2.4540382e+03   6.1700000e+05
   2.4532926e+03   6.1600000e+05
   2.4525468e+03   6.1500000e+05
   2.4517983e+03   6.1400000e+05
   2.4510516e+03   6.1300000e+05
   2.4503033e+03   6.1200000e+05
   2.4500000e+03   6.1159474e+05
   2.4495558e+03   6.1100000e+05
   2.4488020e+03   6.1000000e+05
   2.4480459e+03   6.0900000e+05
   2.4472884e+03   6.0800000e+05
   2.4465664e+03   6.0700000e+05
   2.4457992e+03   6.0600000e+05
   2.4450431e+03   6.0500000e+05
   2.4442879e+03   6.0400000e+05
   2.4435368e+03   6.0300000e+05
   2.4427836e+03   6.0200000e+05
   2.4420385e+03   6.0100000e+05
   2.4412752e+03   6.0000000e+05
   2.4405202e+03   5.9900000e+05
   2.4400000e+03   5.9831266e+05
   2.4397633e+03   5.9800000e+05
   2.4390088e+03   5.9700000e+05
   2.4382380e+03   5.9600000e+05
   2.4374756e+03   5.9500000e+05
   2.4367134e+03   5.9400000e+05
   2.4359518e+03   5.9300000e+05
   2.4351906e+03   5.9200000e+05
   2.4344332e+03   5.9100000e+05
   2.4336768e+03   5.9000000e+05
   2.4329185e+03   5.8900000e+05
   2.4321583e+03   5.8800000e+05
   2.4313963e+03   5.8700000e+05
   2.4306340e+03   5.8600000e+05
   2.4300000e+03   5.8516837e+05
   2.4298716e+03   5.8500000e+05
   2.4291111e+03   5.8400000e+05
   2.4283492e+03   5.8300000e+05
   2.4275885e+03   5.8200000e+05
   2.4268248e+03   5.8100000e+05
   2.4260607e+03   5.8000000e+05
   2.4252955e+03   5.7900000e+05
   2.4245280e+03   5.7800000e+05
   2.4237600e+03   5.7700000e+05
   2.4229893e+03   5.7600000e+05
   2.4221963e+03   5.7500000e+05
   2.4214250e+03   5.7400000e+05
   2.4206536e+03   5.7300000e+05
   2.4200000e+03   5.7215113e+05
   2.4198840e+03   5.7200000e+05
   2.4191169e+03   5.7100000e+05
   2.4183494e+03   5.7000000e+05
   2.4175802e+03   5.6900000e+05
   2.4168044e+03   5.6800000e+05
   2.4160347e+03   5.6700000e+05
   2.4152470e+03   5.6600000e+05
   2.4144890e+03   5.6500000e+05
   2.4137127e+03   5.6400000e+05
   2.4129399e+03   5.6300000e+05
   2.4121533e+03   5.6200000e+05
   2.4113487e+03   5.6100000e+05
   2.4105720e+03   5.6000000e+05
   2.4100000e+03   5.5926551e+05
   2.4098024e+03   5.5900000e+05
   2.4090565e+03   5.5800000e+05
   2.4083121e+03   5.5700000e+05
   2.4075656e+03   5.5600000e+05
   2.4068157e+03   5.5500000e+05
   2.4060669e+03   5.5400000e+05
   2.4053184e+03   5.5300000e+05
   2.4045676e+03   5.5200000e+05
   2.4038174e+03   5.5100000e+05
   2.4030648e+03   5.5000000e+05
   2.4023125e+03   5.4900000e+05
   2.4015581e+03   5.4800000e+05
   2.4008049e+03   5.4700000e+05
   2.4000498e+03   5.4600000e+05
   2.4000000e+03   5.4593382e+05
   2.3992694e+03   5.4500000e+05
   2.3984838e+03   5.4400000e+05
   2.3976994e+03   5.4300000e+05
   2.3969128e+03   5.4200000e+05
   2.3961246e+03   5.4100000e+05
   2.3953346e+03   5.4000000e+05
   2.3945437e+03   5.3900000e+05
   2.3937519e+03   5.3800000e+05
   2.3929596e+03   5.3700000e+05
   2.3921656e+03   5.3600000e+05
   2.3913703e+03   5.3500000e+05
   2.3905784e+03   5.3400000e+05
   2.3900000e+03   5.3327404e+05
   2.3897824e+03   5.3300000e+05
   2.3889905e+03   5.3200000e+05
   2.3881969e+03   5.3100000e+05
   2.3874022e+03   5.3000000e+05
   2.3866069e+03   5.2900000e+05
   2.3858119e+03   5.2800000e+05
   2.3850143e+03   5.2700000e+05
   2.3842156e+03   5.2600000e+05
   2.3834154e+03   5.2500000e+05
   2.3826150e+03   5.2400000e+05
   2.3818199e+03   5.2300000e+05
   2.3810153e+03   5.2200000e+05
   2.3802118e+03   5.2100000e+05
   2.3800000e+03   5.2073697e+05
   2.3794089e+03   5.2000000e+05
   2.3786086e+03   5.1900000e+05
   2.3778050e+03   5.1800000e+05
   2.3770004e+03   5.1700000e+05
   2.3761956e+03   5.1600000e+05
   2.3753957e+03   5.1500000e+05
   2.3745869e+03   5.1400000e+05
   2.3737809e+03   5.1300000e+05
   2.3729751e+03   5.1200000e+05
   2.3721667e+03   5.1100000e+05
   2.3713594e+03   5.1000000e+05
   2.3705505e+03   5.0900000e+05
   2.3700000e+03   5.0832243e+05
   2.3697392e+03   5.0800000e+05
   2.3689321e+03   5.0700000e+05
   2.3681229e+03   5.0600000e+05
   2.3673114e+03   5.0500000e+05
   2.3664996e+03   5.0400000e+05
   2.3656862e+03   5.0300000e+05
   2.3648743e+03   5.0200000e+05
   2.3640575e+03   5.0100000e+05
   2.3632420e+03   5.0000000e+05
   2.3624249e+03   4.9900000e+05
   2.3616081e+03   4.9800000e+05
   2.3607899e+03   4.9700000e+05
   2.3600000e+03   4.9603464e+05
   2.3599718e+03   4.9600000e+05
   2.3591555e+03   4.9500000e+05
   2.3583412e+03   4.9400000e+05
   2.3575235e+03   4.9300000e+05
   2.3567043e+03   4.9200000e+05
   2.3558841e+03   4.9100000e+05
   2.3550649e+03   4.9000000e+05
   2.3542430e+03   4.8900000e+05
   2.3534211e+03   4.8800000e+05
   2.3525968e+03   4.8700000e+05
   2.3517713e+03   4.8600000e+05
   2.3509441e+03   4.8500000e+05
   2.3501166e+03   4.8400000e+05
   2.3500000e+03   4.8385909e+05
   2.3492964e+03   4.8300000e+05
   2.3484706e+03   4.8200000e+05
   2.3476409e+03   4.8100000e+05
   2.3468139e+03   4.8000000e+05
   2.3459854e+03   4.7900000e+05
   2.3451824e+03   4.7800000e+05
   2.3443359e+03   4.7700000e+05
   2.3434962e+03   4.7600000e+05
   2.3426647e+03   4.7500000e+05
   2.3418338e+03   4.7400000e+05
   2.3410009e+03   4.7300000e+05
   2.3401665e+03   4.7200000e+05
   2.3400000e+03   4.7180045e+05
   2.3393351e+03   4.7100000e+05
   2.3385034e+03   4.7000000e+05
   2.3376671e+03   4.6900000e+05
   2.3368305e+03   4.6800000e+05
   2.3359944e+03   4.6700000e+05
   2.3351555e+03   4.6600000e+05
   2.3343171e+03   4.6500000e+05
   2.3334762e+03   4.6400000e+05
   2.3326341e+03   4.6300000e+05
   2.3317936e+03   4.6200000e+05
   2.3309516e+03   4.6100000e+05
   2.3301080e+03   4.6000000e+05
   2.3300000e+03   4.5987196e+05
   2.3292722e+03   4.5900000e+05
   2.3284301e+03   4.5800000e+05
   2.3275895e+03   4.5700000e+05
   2.3267414e+03   4.5600000e+05
   2.3258985e+03   4.5500000e+05
   2.3250537e+03   4.5400000e+05
   2.3242082e+03   4.5300000e+05
   2.3233617e+03   4.5200000e+05
   2.3225069e+03   4.5100000e+05
   2.3216633e+03   4.5000000e+05
   2.3208113e+03   4.4900000e+05
   2.3200000e+03   4.4804989e+05
   2.3199580e+03   4.4800000e+05
   2.3191140e+03   4.4700000e+05
   2.3182727e+03   4.4600000e+05
   2.3174278e+03   4.4500000e+05
   2.3165738e+03   4.4400000e+05
   2.3157106e+03   4.4300000e+05
   2.3148433e+03   4.4200000e+05
   2.3139878e+03   4.4100000e+05
   2.3131733e+03   4.4000000e+05
   2.3122941e+03   4.3900000e+05
   2.3114962e+03   4.3800000e+05
   2.3105548e+03   4.3700000e+05
   2.3100000e+03   4.3635408e+05
   2.3096981e+03   4.3600000e+05
   2.3088452e+03   4.3500000e+05
   2.3079905e+03   4.3400000e+05
   2.3071316e+03   4.3300000e+05
   2.3062706e+03   4.3200000e+05
   2.3054109e+03   4.3100000e+05
   2.3045480e+03   4.3000000e+05
   2.3036841e+03   4.2900000e+05
   2.3028190e+03   4.2800000e+05
   2.3019535e+03   4.2700000e+05
   2.3010857e+03   4.2600000e+05
   2.3002160e+03   4.2500000e+05
   2.3000000e+03   4.2475105e+05
   2.2993611e+03   4.2400000e+05
   2.2985086e+03   4.2300000e+05
   2.2976543e+03   4.2200000e+05
   2.2967995e+03   4.2100000e+05
   2.2959433e+03   4.2000000e+05
   2.2950808e+03   4.1900000e+05
   2.2941953e+03   4.1800000e+05
   2.2933411e+03   4.1700000e+05
   2.2924536e+03   4.1600000e+05
   2.2915581e+03   4.1500000e+05
   2.2906555e+03   4.1400000e+05
   2.2900000e+03   4.1328656e+05
   2.2897404e+03   4.1300000e+05
   2.2888759e+03   4.1200000e+05
   2.2880108e+03   4.1100000e+05
   2.2871434e+03   4.1000000e+05
   2.2862796e+03   4.0900000e+05
   2.2854079e+03   4.0800000e+05
   2.2845353e+03   4.0700000e+05
   2.2836616e+03   4.0600000e+05
   2.2827879e+03   4.0500000e+05
   2.2819125e+03   4.0400000e+05
   2.2810352e+03   4.0300000e+05
   2.2801578e+03   4.0200000e+05
   2.2800000e+03   4.0182041e+05
   2.2792825e+03   4.0100000e+05
   2.2784080e+03   4.0000000e+05
   2.2772275e+03   3.9900000e+05
   2.2763419e+03   3.9800000e+05
   2.2754536e+03   3.9700000e+05
   2.2745645e+03   3.9600000e+05
   2.2736748e+03   3.9500000e+05
   2.2727823e+03   3.9400000e+05
   2.2718891e+03   3.9300000e+05
   2.2709967e+03   3.9200000e+05
   2.2701029e+03   3.9100000e+05
   2.2700000e+03   3.9088531e+05
   2.2692086e+03   3.9000000e+05
   2.2683115e+03   3.8900000e+05
   2.2674169e+03   3.8800000e+05
   2.2665198e+03   3.8700000e+05
   2.2656187e+03   3.8600000e+05
   2.2647177e+03   3.8500000e+05
   2.2638174e+03   3.8400000e+05
   2.2629164e+03   3.8300000e+05
   2.2620140e+03   3.8200000e+05
   2.2611085e+03   3.8100000e+05
   2.2602031e+03   3.8000000e+05
   2.2600000e+03   3.7977579e+05
   2.2593004e+03   3.7900000e+05
   2.2583974e+03   3.7800000e+05
   2.2574942e+03   3.7700000e+05
   2.2565892e+03   3.7600000e+05
   2.2556831e+03   3.7500000e+05
   2.2547765e+03   3.7400000e+05
   2.2538691e+03   3.7300000e+05
   2.2529596e+03   3.7200000e+05
   2.2520472e+03   3.7100000e+05
   2.2511351e+03   3.7000000e+05
   2.2502199e+03   3.6900000e+05
   2.2500000e+03   3.6875930e+05
   2.2493159e+03   3.6800000e+05
   2.2484115e+03   3.6700000e+05
   2.2475062e+03   3.6600000e+05
   2.2466009e+03   3.6500000e+05
   2.2456919e+03   3.6400000e+05
   2.2447797e+03   3.6300000e+05
   2.2438149e+03   3.6200000e+05
   2.2428887e+03   3.6100000e+05
   2.2419683e+03   3.6000000e+05
   2.2410420e+03   3.5900000e+05
   2.2401156e+03   3.5800000e+05
   2.2400000e+03   3.5787476e+05
   2.2391975e+03   3.5700000e+05
   2.2382782e+03   3.5600000e+05
   2.2373560e+03   3.5500000e+05
   2.2364334e+03   3.5400000e+05
   2.2355088e+03   3.5300000e+05
   2.2345821e+03   3.5200000e+05
   2.2336555e+03   3.5100000e+05
   2.2327274e+03   3.5000000e+05
   2.2317983e+03   3.4900000e+05
   2.2308690e+03   3.4800000e+05
   2.2300000e+03   3.4706641e+05
   2.2299396e+03   3.4700000e+05
   2.2290859e+03   3.4600000e+05
   2.2281157e+03   3.4500000e+05
   2.2271996e+03   3.4400000e+05
   2.2262828e+03   3.4300000e+05
   2.2253643e+03   3.4200000e+05
   2.2244450e+03   3.4100000e+05
   2.2235214e+03   3.4000000e+05
   2.2225490e+03   3.3900000e+05
   2.2214922e+03   3.3800000e+05
   2.2205489e+03   3.3700000e+05
   2.2200000e+03   3.3642115e+05
   2.2196073e+03   3.3600000e+05
   2.2186769e+03   3.3500000e+05
   2.2177468e+03   3.3400000e+05
   2.2168154e+03   3.3300000e+05
   2.2158835e+03   3.3200000e+05
   2.2149499e+03   3.3100000e+05
   2.2140159e+03   3.3000000e+05
   2.2130788e+03   3.2900000e+05
   2.2121424e+03   3.2800000e+05
   2.2112040e+03   3.2700000e+05
   2.2102642e+03   3.2600000e+05
   2.2100000e+03   3.2571978e+05
   2.2093250e+03   3.2500000e+05
   2.2083874e+03   3.2400000e+05
   2.2074498e+03   3.2300000e+05
   2.2065110e+03   3.2200000e+05
   2.2055691e+03   3.2100000e+05
   2.2046275e+03   3.2000000e+05
   2.2036818e+03   3.1900000e+05
   2.2027260e+03   3.1800000e+05
   2.2015832e+03   3.1700000e+05
   2.2006131e+03   3.1600000e+05
   2.2000000e+03   3.1536216e+05
   2.1996583e+03   3.1500000e+05
   2.1987149e+03   3.1400000e+05
   2.1977708e+03   3.1300000e+05
   2.1968230e+03   3.1200000e+05
   2.1958750e+03   3.1100000e+05
   2.1949278e+03   3.1000000e+05
   2.1939772e+03   3.0900000e+05
   2.1930270e+03   3.0800000e+05
   2.1920751e+03   3.0700000e+05
   2.1911221e+03   3.0600000e+05
   2.1901681e+03   3.0500000e+05
   2.1900000e+03   3.0482384e+05
   2.1892034e+03   3.0400000e+05
   2.1882333e+03   3.0300000e+05
   2.1872635e+03   3.0200000e+05
   2.1862906e+03   3.0100000e+05
   2.1853164e+03   3.0000000e+05
   2.1843415e+03   2.9900000e+05
   2.1833654e+03   2.9800000e+05
   2.1823716e+03   2.9700000e+05
   2.1813913e+03   2.9600000e+05
   2.1804132e+03   2.9500000e+05
   2.1800000e+03   2.9459766e+05
   2.1793891e+03   2.9400000e+05
   2.1783673e+03   2.9300000e+05
   2.1773918e+03   2.9200000e+05
   2.1764145e+03   2.9100000e+05
   2.1754493e+03   2.9000000e+05
   2.1743136e+03   2.8900000e+05
   2.1726382e+03   2.8800000e+05
   2.1709525e+03   2.8700000e+05
   2.1700000e+03   2.8646051e+05
   2.1691859e+03   2.8600000e+05
   2.1674609e+03   2.8500000e+05
   2.1657549e+03   2.8400000e+05
   2.1646481e+03   2.8300000e+05
   2.1634963e+03   2.8200000e+05
   2.1624341e+03   2.8100000e+05
   2.1613520e+03   2.8000000e+05
   2.1602497e+03   2.7900000e+05
   2.1600000e+03   2.7877557e+05
   2.1591417e+03   2.7800000e+05
   2.1580216e+03   2.7700000e+05
   2.1568970e+03   2.7600000e+05
   2.1557684e+03   2.7500000e+05
   2.1546087e+03   2.7400000e+05
   2.1534348e+03   2.7300000e+05
   2.1522551e+03   2.7200000e+05
   2.1510654e+03   2.7100000e+05
   2.1500000e+03   2.7011437e+05
   2.1498630e+03   2.7000000e+05
   2.1486405e+03   2.6900000e+05
   2.1474055e+03   2.6800000e+05
   2.1461298e+03   2.6700000e+05
   2.1448428e+03   2.6600000e+05
   2.1434485e+03   2.6500000e+05
   2.1421057e+03   2.6400000e+05
   2.1408246e+03   2.6300000e+05
   2.1400000e+03   2.6240479e+05
   2.1394436e+03   2.6200000e+05
   2.1379938e+03   2.6100000e+05
   2.1365573e+03   2.6000000e+05
   2.1351261e+03   2.5900000e+05
   2.1335942e+03   2.5800000e+05
   2.1320042e+03   2.5700000e+05
   2.1304216e+03   2.5600000e+05
   2.1300000e+03   2.5574331e+05
   2.1287884e+03   2.5500000e+05
   2.1270802e+03   2.5400000e+05
   2.1252883e+03   2.5300000e+05
   2.1234224e+03   2.5200000e+05
   2.1213496e+03   2.5100000e+05
   2.1200000e+03   2.5021756e+05
   2.1196389e+03   2.5000000e+05
   2.1176132e+03   2.4900000e+05
   2.1155407e+03   2.4800000e+05
   2.1134136e+03   2.4700000e+05
   2.1109815e+03   2.4600000e+05
   2.1100000e+03   2.4560367e+05
   2.1085359e+03   2.4500000e+05
   2.1060923e+03   2.4400000e+05
   2.1032094e+03   2.4300000e+05
   2.1005432e+03   2.4200000e+05
   2.1000000e+03   2.4182008e+05
   2.0975362e+03   2.4100000e+05
   2.0942483e+03   2.4000000e+05
   2.0903977e+03   2.3900000e+05
   2.0900000e+03   2.3889689e+05
   2.0866606e+03   2.3800000e+05
   2.0827211e+03   2.3700000e+05
   2.0800000e+03   2.3634617e+05
   2.0786368e+03   2.3600000e+05
   2.0751033e+03   2.3500000e+05
   2.0702467e+03   2.3400000e+05
   2.0700000e+03   2.3395201e+05
   2.0652450e+03   2.3300000e+05
   2.0600000e+03   2.3201061e+05
   2.0599431e+03   2.3200000e+05
   2.0600000e+03   2.3199515e+05
   2.0697523e+03   2.3100000e+05
   2.0688432e+03   2.3000000e+05
   2.0677709e+03   2.2900000e+05
   2.0666692e+03   2.2800000e+05
   2.0655597e+03   2.2700000e+05
   2.0644825e+03   2.2600000e+05
   2.0633955e+03   2.2500000e+05
   2.0622774e+03   2.2400000e+05
   2.0611419e+03   2.2300000e+05
   2.0600011e+03   2.2200000e+05
   2.0600000e+03   2.2199909e+05
   2.0588005e+03   2.2100000e+05
   2.0575985e+03   2.2000000e+05
   2.0558912e+03   2.1900000e+05
   2.0550264e+03   2.1800000e+05
   2.0537732e+03   2.1700000e+05
   2.0525996e+03   2.1600000e+05
   2.0519434e+03   2.1500000e+05
   2.0507607e+03   2.1400000e+05
   2.0500000e+03   2.1338590e+05
   2.0494732e+03   2.1300000e+05
   2.0489141e+03   2.1200000e+05
   2.0483214e+03   2.1100000e+05
   2.0477091e+03   2.1000000e+05
   2.0471082e+03   2.0900000e+05
   2.0465088e+03   2.0800000e+05
   2.0459132e+03   2.0700000e+05
   2.0452922e+03   2.0600000e+05
   2.0446800e+03   2.0500000e+05
   2.0440583e+03   2.0400000e+05
   2.0436899e+03   2.0300000e+05
   2.0426956e+03   2.0200000e+05
   2.0414317e+03   2.0100000e+05
   2.0400000e+03   2.0077659e+05
   2.0362854e+03   2.0000000e+05
   2.0323516e+03   1.9900000e+05
   2.0300000e+03   1.9842019e+05
   2.0280984e+03   1.9800000e+05
   2.0236972e+03   1.9700000e+05
   2.0200000e+03   1.9626591e+05
   2.0188212e+03   1.9600000e+05
   2.0181014e+03   1.9500000e+05
   2.0183326e+03   1.9400000e+05
   2.0183063e+03   1.9300000e+05
   2.0197152e+03   1.9200000e+05
   2.0188208e+03   1.9100000e+05
   2.0185823e+03   1.9000000e+05
   2.0185884e+03   1.8900000e+05
   2.0187098e+03   1.8800000e+05
   2.0186265e+03   1.8700000e+05
   2.0186422e+03   1.8600000e+05
   2.0186707e+03   1.8500000e+05
   2.0191874e+03   1.8400000e+05
   2.0191359e+03   1.8300000e+05
   2.0186985e+03   1.8200000e+05
   2.0181468e+03   1.8100000e+05
   2.0179843e+03   1.8000000e+05
   2.0170271e+03   1.7900000e+05
   2.0160659e+03   1.7800000e+05
   2.0151025e+03   1.7700000e+05
   2.0141339e+03   1.7600000e+05
   2.0131639e+03   1.7500000e+05
   2.0121896e+03   1.7400000e+05
   2.0112160e+03   1.7300000e+05
   2.0102392e+03   1.7200000e+05
   2.0100000e+03   1.7175544e+05
   2.0092644e+03   1.7100000e+05
   2.0082890e+03   1.7000000e+05
   2.0073059e+03   1.6900000e+05
   2.0063183e+03   1.6800000e+05
   2.0053326e+03   1.6700000e+05
   2.0043413e+03   1.6600000e+05
   2.0033545e+03   1.6500000e+05
   2.0023624e+03   1.6400000e+05
   2.0013632e+03   1.6300000e+05
   2.0003631e+03   1.6200000e+05
   2.0000000e+03   1.6163799e+05
   1.9993627e+03   1.6100000e+05
   1.9983525e+03   1.6000000e+05
   1.9973539e+03   1.5900000e+05
   1.9963500e+03   1.5800000e+05
   1.9953439e+03   1.5700000e+05
   1.9943802e+03   1.5600000e+05
   1.9934736e+03   1.5500000e+05
   1.9925538e+03   1.5400000e+05
   1.9916276e+03   1.5300000e+05
   1.9907053e+03   1.5200000e+05
   1.9900000e+03   1.5123776e+05
   1.9897811e+03   1.5100000e+05
   1.9888250e+03   1.5000000e+05
   1.9878067e+03   1.4900000e+05
   1.9868617e+03   1.4800000e+05
   1.9859161e+03   1.4700000e+05
   1.9849695e+03   1.4600000e+05
   1.9840158e+03   1.4500000e+05
   1.9830582e+03   1.4400000e+05
   1.9820408e+03   1.4300000e+05
   1.9800000e+03   1.4291124e+05
   1.9700000e+03   1.4252652e+05
   1.9646749e+03   1.4200000e+05
   1.9600000e+03   1.4151220e+05
   1.9525821e+03   1.4100000e+05
   1.9500000e+03   1.4050303e+05
   1.9456843e+03   1.4000000e+05
   1.9447750e+03   1.3900000e+05
   1.9438422e+03   1.3800000e+05
   1.9428974e+03   1.3700000e+05
   1.9418472e+03   1.3600000e+05
   1.9408512e+03   1.3500000e+05
   1.9400000e+03   1.3411386e+05
   1.9398911e+03   1.3400000e+05
   1.9389376e+03   1.3300000e+05
   1.9379469e+03   1.3200000e+05
   1.9369873e+03   1.3100000e+05
   1.9359783e+03   1.3000000e+05
   1.9349607e+03   1.2900000e+05
   1.9339415e+03   1.2800000e+05
   1.9328682e+03   1.2700000e+05
   1.9317850e+03   1.2600000e+05
   1.9308125e+03   1.2500000e+05
   1.9300000e+03   1.2423556e+05
   1.9297511e+03   1.2400000e+05
   1.9287303e+03   1.2300000e+05
   1.9276645e+03   1.2200000e+05
   1.9267998e+03   1.2100000e+05
   1.9258377e+03   1.2000000e+05
   1.9249438e+03   1.1900000e+05
   1.9241000e+03   1.1800000e+05
   1.9231794e+03   1.1700000e+05
   1.9222367e+03   1.1600000e+05
   1.9212936e+03   1.1500000e+05
   1.9203555e+03   1.1400000e+05
   1.9200000e+03   1.1363124e+05
   1.9193938e+03   1.1300000e+05
   1.9184232e+03   1.1200000e+05
   1.9174451e+03   1.1100000e+05
   1.9164586e+03   1.1000000e+05
   1.9154402e+03   1.0900000e+05
   1.9144383e+03   1.0800000e+05
   1.9134299e+03   1.0700000e+05
   1.9123882e+03   1.0600000e+05
   1.9113622e+03   1.0500000e+05
   1.9103208e+03   1.0400000e+05
   1.9100000e+03   1.0369986e+05
   1.9092566e+03   1.0300000e+05
   1.9082249e+03   1.0200000e+05
   1.9071319e+03   1.0100000e+05
   1.9059850e+03   1.0000000e+05
   1.9048245e+03   9.9000000e+04
   1.9038157e+03   9.8000000e+04
   1.9027867e+03   9.7000000e+04
   1.9017402e+03   9.6000000e+04
   1.9005318e+03   9.5000000e+04
   1.9000000e+03   9.4535570e+04
   1.8993923e+03   9.4000000e+04
   1.8982847e+03   9.3000000e+04
   1.8971374e+03   9.2000000e+04
   1.8959820e+03   9.1000000e+04
   1.8948240e+03   9.0000000e+04
   1.8936351e+03   8.9000000e+04
   1.8924585e+03   8.8000000e+04
   1.8912679e+03   8.7000000e+04
   1.8900136e+03   8.6000000e+04
   1.8900000e+03   8.5988520e+04
   1.8888314e+03   8.5000000e+04
   1.8876439e+03   8.4000000e+04
   1.8864244e+03   8.3000000e+04
   1.8851959e+03   8.2000000e+04
   1.8839686e+03   8.1000000e+04
   1.8827227e+03   8.0000000e+04
   1.8814579e+03   7.9000000e+04
   1.8801883e+03   7.8000000e+04
   1.8800000e+03   7.7852420e+04
   1.8789138e+03   7.7000000e+04
   1.8776367e+03   7.6000000e+04
   1.8763464e+03   7.5000000e+04
   1.8750494e+03   7.4000000e+04
   1.8737309e+03   7.3000000e+04
   1.8724088e+03   7.2000000e+04
   1.8710764e+03   7.1000000e+04
   1.8700000e+03   7.0192825e+04
   1.8697440e+03   7.0000000e+04
   1.8684111e+03   6.9000000e+04
   1.8670570e+03   6.8000000e+04
   1.8656698e+03   6.7000000e+04
   1.8643030e+03   6.6000000e+04
   1.8628966e+03   6.5000000e+04
   1.8614707e+03   6.4000000e+04
   1.8600414e+03   6.3000000e+04
   1.8600000e+03   6.2970924e+04
   1.8586260e+03   6.2000000e+04
   1.8571914e+03   6.1000000e+04
   1.8557544e+03   6.0000000e+04
   1.8542772e+03   5.9000000e+04
   1.8528212e+03   5.8000000e+04
   1.8513024e+03   5.7000000e+04
   1.8500000e+03   5.6140368e+04
   1.8497895e+03   5.6000000e+04
   1.8483343e+03   5.5000000e+04
   1.8468025e+03   5.4000000e+04
   1.8452545e+03   5.3000000e+04
   1.8437000e+03   5.2000000e+04
   1.8421503e+03   5.1000000e+04
   1.8405579e+03   5.0000000e+04
   1.8400000e+03   4.9654365e+04
   1.8389532e+03   4.9000000e+04
   1.8373198e+03   4.8000000e+04
   1.8357095e+03   4.7000000e+04
   1.8340430e+03   4.6000000e+04
   1.8323926e+03   4.5000000e+04
   1.8306312e+03   4.4000000e+04
   1.8300000e+03   4.3628910e+04
   1.8289356e+03   4.3000000e+04
   1.8271812e+03   4.2000000e+04
   1.8253966e+03   4.1000000e+04
   1.8236023e+03   4.0000000e+04
   1.8217672e+03   3.9000000e+04
   1.8200000e+03   3.8073661e+04
   1.8198602e+03   3.8000000e+04
   1.8179297e+03   3.7000000e+04
   1.8159661e+03   3.6000000e+04
   1.8139576e+03   3.5000000e+04
   1.8118704e+03   3.4000000e+04
   1.8100000e+03   3.3133203e+04
   1.8097151e+03   3.3000000e+04
   1.8075080e+03   3.2000000e+04
   1.8052386e+03   3.1000000e+04
   1.8028395e+03   3.0000000e+04
   1.8003328e+03   2.9000000e+04
   1.8000000e+03   2.8874224e+04
   1.7977070e+03   2.8000000e+04
   1.7949411e+03   2.7000000e+04
   1.7919391e+03   2.6000000e+04
   1.7900000e+03   2.5380891e+04
   1.7887887e+03   2.5000000e+04
   1.7840818e+03   2.4000000e+04
   1.7822742e+03   2.3000000e+04
   1.7805151e+03   2.2000000e+04
   1.7800000e+03   2.1710608e+04
   1.7787393e+03   2.1000000e+04
   1.7769459e+03   2.0000000e+04
   1.7751375e+03   1.9000000e+04
   1.7733195e+03   1.8000000e+04
   1.7714873e+03   1.7000000e+04
   1.7700000e+03   1.6195522e+04
   1.7696407e+03   1.6000000e+04
   1.7677823e+03   1.5000000e+04
   1.7659115e+03   1.4000000e+04
   1.7640188e+03   1.3000000e+04
   1.7621468e+03   1.2000000e+04
   1.7601478e+03   1.1000000e+04
   1.7600000e+03   1.0921965e+04
   1.7582573e+03   1.0000000e+04
   1.7562669e+03   9.0000000e+03
   1.7543306e+03   8.0000000e+03
   1.7523684e+03   7.0000000e+03
   1.7503738e+03   6.0000000e+03
   1.7500000e+03   5.8125000e+03
   1.7483838e+03   5.0000000e+03
   1.7500000e+03   4.1007519e+03
   1.7501507e+03   4.0000000e+03
   1.7512577e+03   3.0000000e+03
   1.7514250e+03   2.0000000e+03
   1.7510684e+03   1.0000000e+03
   1.7500000e+03   0.0000000e+00
   1.7500000e+03   0.0000000e+00
