   1.1932986e+03   1.3500000e+06
   1.1930527e+03   1.3490000e+06
   1.1928096e+03   1.3480000e+06
   1.1925667e+03   1.3470000e+06
   1.1923239e+03   1.3460000e+06
   1.1920817e+03   1.3450000e+06
   1.1918550e+03   1.3440000e+06
   1.1916127e+03   1.3430000e+06
   1.1913920e+03   1.3420000e+06
   1.1911746e+03   1.3410000e+06
   1.1909564e+03   1.3400000e+06
   1.1907384e+03   1.3390000e+06
   1.1905225e+03   1.3380000e+06
   1.1902848e+03   1.3370000e+06
   1.1900462e+03   1.3360000e+06
   1.1900000e+03   1.3358148e+06
   1.1897983e+03   1.3350000e+06
   1.1895517e+03   1.3340000e+06
   1.1893042e+03   1.3330000e+06
   1.1890566e+03   1.3320000e+06
   1.1888118e+03   1.3310000e+06
   1.1885665e+03   1.3300000e+06
   1.1883196e+03   1.3290000e+06
   1.1880734e+03   1.3280000e+06
   1.1878275e+03   1.3270000e+06
   1.1875825e+03   1.3260000e+06
   1.1873373e+03   1.3250000e+06
   1.1870917e+03   1.3240000e+06
   1.1868480e+03   1.3230000e+06
   1.1866040e+03   1.3220000e+06
   1.1863525e+03   1.3210000e+06
   1.1861080e+03   1.3200000e+06
   1.1858626e+03   1.3190000e+06
   1.1856221e+03   1.3180000e+06
   1.1853965e+03   1.3170000e+06
   1.1851720e+03   1.3160000e+06
   1.1849650e+03   1.3150000e+06
   1.1847392e+03   1.3140000e+06
   1.1845139e+03   1.3130000e+06
   1.1842879e+03   1.3120000e+06
   1.1840442e+03   1.3110000e+06
   1.1837968e+03   1.3100000e+06
   1.1835477e+03   1.3090000e+06
   1.1832949e+03   1.3080000e+06
   1.1830463e+03   1.3070000e+06
   1.1827970e+03   1.3060000e+06
   1.1825492e+03   1.3050000e+06
   1.1822991e+03   1.3040000e+06
   1.1820493e+03   1.3030000e+06
   1.1817996e+03   1.3020000e+06
   1.1815482e+03   1.3010000e+06
   1.1812985e+03   1.3000000e+06
   1.1810535e+03   1.2990000e+06
   1.1808022e+03   1.2980000e+06
   1.1805519e+03   1.2970000e+06
   1.1803055e+03   1.2960000e+06
   1.1800552e+03   1.2950000e+06
   1.1800000e+03   1.2947796e+06
   1.1798073e+03   1.2940000e+06
   1.1795602e+03   1.2930000e+06
   1.1793206e+03   1.2920000e+06
   1.1790854e+03   1.2910000e+06
   1.1788508e+03   1.2900000e+06
   1.1786504e+03   1.2890000e+06
   1.1784142e+03   1.2880000e+06
   1.1781806e+03   1.2870000e+06
   1.1779403e+03   1.2860000e+06
   1.1776893e+03   1.2850000e+06
   1.1774404e+03   1.2840000e+06
   1.1771908e+03   1.2830000e+06
   1.1769469e+03   1.2820000e+06
   1.1766961e+03   1.2810000e+06
   1.1764445e+03   1.2800000e+06
   1.1762088e+03   1.2790000e+06
   1.1759757e+03   1.2780000e+06
   1.1757110e+03   1.2770000e+06
   1.1754884e+03   1.2760000e+06
   1.1752851e+03   1.2750000e+06
   1.1750501e+03   1.2740000e+06
   1.1748138e+03   1.2730000e+06
   1.1745788e+03   1.2720000e+06
   1.1743332e+03   1.2710000e+06
   1.1740763e+03   1.2700000e+06
   1.1738273e+03   1.2690000e+06
   1.1735610e+03   1.2680000e+06
   1.1733283e+03   1.2670000e+06
   1.1730784e+03   1.2660000e+06
   1.1728281e+03   1.2650000e+06
   1.1725892e+03   1.2640000e+06
   1.1723396e+03   1.2630000e+06
   1.1720907e+03   1.2620000e+06
   1.1718394e+03   1.2610000e+06
   1.1715879e+03   1.2600000e+06
   1.1713362e+03   1.2590000e+06
   1.1710837e+03   1.2580000e+06
   1.1708316e+03   1.2570000e+06
   1.1705790e+03   1.2560000e+06
   1.1703274e+03   1.2550000e+06
   1.1700747e+03   1.2540000e+06
   1.1700000e+03   1.2537028e+06
   1.1698246e+03   1.2530000e+06
   1.1695586e+03   1.2520000e+06
   1.1693029e+03   1.2510000e+06
   1.1690466e+03   1.2500000e+06
   1.1687960e+03   1.2490000e+06
   1.1685470e+03   1.2480000e+06
   1.1682970e+03   1.2470000e+06
   1.1680546e+03   1.2460000e+06
   1.1678328e+03   1.2450000e+06
   1.1676087e+03   1.2440000e+06
   1.1674205e+03   1.2430000e+06
   1.1671245e+03   1.2420000e+06
   1.1669121e+03   1.2410000e+06
   1.1666575e+03   1.2400000e+06
   1.1664033e+03   1.2390000e+06
   1.1661501e+03   1.2380000e+06
   1.1658958e+03   1.2370000e+06
   1.1656414e+03   1.2360000e+06
   1.1653913e+03   1.2350000e+06
   1.1651661e+03   1.2340000e+06
   1.1649325e+03   1.2330000e+06
   1.1646930e+03   1.2320000e+06
   1.1644544e+03   1.2310000e+06
   1.1642034e+03   1.2300000e+06
   1.1639854e+03   1.2290000e+06
   1.1637321e+03   1.2280000e+06
   1.1634793e+03   1.2270000e+06
   1.1632265e+03   1.2260000e+06
   1.1629739e+03   1.2250000e+06
   1.1627215e+03   1.2240000e+06
   1.1624687e+03   1.2230000e+06
   1.1622151e+03   1.2220000e+06
   1.1619623e+03   1.2210000e+06
   1.1617091e+03   1.2200000e+06
   1.1614565e+03   1.2190000e+06
   1.1612028e+03   1.2180000e+06
   1.1609493e+03   1.2170000e+06
   1.1606984e+03   1.2160000e+06
   1.1604421e+03   1.2150000e+06
   1.1601884e+03   1.2140000e+06
   1.1600000e+03   1.2132569e+06
   1.1599354e+03   1.2130000e+06
   1.1596838e+03   1.2120000e+06
   1.1594313e+03   1.2110000e+06
   1.1591815e+03   1.2100000e+06
   1.1589299e+03   1.2090000e+06
   1.1586774e+03   1.2080000e+06
   1.1584238e+03   1.2070000e+06
   1.1581712e+03   1.2060000e+06
   1.1579187e+03   1.2050000e+06
   1.1576653e+03   1.2040000e+06
   1.1574150e+03   1.2030000e+06
   1.1571602e+03   1.2020000e+06
   1.1569079e+03   1.2010000e+06
   1.1566554e+03   1.2000000e+06
   1.1564025e+03   1.1990000e+06
   1.1561496e+03   1.1980000e+06
   1.1558983e+03   1.1970000e+06
   1.1556587e+03   1.1960000e+06
   1.1554195e+03   1.1950000e+06
   1.1551790e+03   1.1940000e+06
   1.1549371e+03   1.1930000e+06
   1.1547237e+03   1.1920000e+06
   1.1544846e+03   1.1910000e+06
   1.1542259e+03   1.1900000e+06
   1.1539682e+03   1.1890000e+06
   1.1537111e+03   1.1880000e+06
   1.1534528e+03   1.1870000e+06
   1.1531934e+03   1.1860000e+06
   1.1529350e+03   1.1850000e+06
   1.1526757e+03   1.1840000e+06
   1.1524192e+03   1.1830000e+06
   1.1521605e+03   1.1820000e+06
   1.1519034e+03   1.1810000e+06
   1.1516465e+03   1.1800000e+06
   1.1513887e+03   1.1790000e+06
   1.1511324e+03   1.1780000e+06
   1.1508815e+03   1.1770000e+06
   1.1506345e+03   1.1760000e+06
   1.1503648e+03   1.1750000e+06
   1.1501175e+03   1.1740000e+06
   1.1500000e+03   1.1735244e+06
   1.1498720e+03   1.1730000e+06
   1.1496279e+03   1.1720000e+06
   1.1493859e+03   1.1710000e+06
   1.1491478e+03   1.1700000e+06
   1.1489087e+03   1.1690000e+06
   1.1486698e+03   1.1680000e+06
   1.1483951e+03   1.1670000e+06
   1.1481557e+03   1.1660000e+06
   1.1478970e+03   1.1650000e+06
   1.1476582e+03   1.1640000e+06
   1.1474012e+03   1.1630000e+06
   1.1471448e+03   1.1620000e+06
   1.1468877e+03   1.1610000e+06
   1.1466306e+03   1.1600000e+06
   1.1463728e+03   1.1590000e+06
   1.1461157e+03   1.1580000e+06
   1.1458586e+03   1.1570000e+06
   1.1456001e+03   1.1560000e+06
   1.1453425e+03   1.1550000e+06
   1.1450849e+03   1.1540000e+06
   1.1448273e+03   1.1530000e+06
   1.1445692e+03   1.1520000e+06
   1.1443111e+03   1.1510000e+06
   1.1440530e+03   1.1500000e+06
   1.1437943e+03   1.1490000e+06
   1.1435358e+03   1.1480000e+06
   1.1432777e+03   1.1470000e+06
   1.1430194e+03   1.1460000e+06
   1.1427603e+03   1.1450000e+06
   1.1425012e+03   1.1440000e+06
   1.1423127e+03   1.1430000e+06
   1.1420541e+03   1.1420000e+06
   1.1417953e+03   1.1410000e+06
   1.1415367e+03   1.1400000e+06
   1.1412771e+03   1.1390000e+06
   1.1410184e+03   1.1380000e+06
   1.1407589e+03   1.1370000e+06
   1.1404993e+03   1.1360000e+06
   1.1402397e+03   1.1350000e+06
   1.1400000e+03   1.1340763e+06
   1.1399804e+03   1.1340000e+06
   1.1397226e+03   1.1330000e+06
   1.1394662e+03   1.1320000e+06
   1.1392085e+03   1.1310000e+06
   1.1389462e+03   1.1300000e+06
   1.1386885e+03   1.1290000e+06
   1.1384306e+03   1.1280000e+06
   1.1381788e+03   1.1270000e+06
   1.1379150e+03   1.1260000e+06
   1.1376577e+03   1.1250000e+06
   1.1374035e+03   1.1240000e+06
   1.1371464e+03   1.1230000e+06
   1.1368886e+03   1.1220000e+06
   1.1366311e+03   1.1210000e+06
   1.1363770e+03   1.1200000e+06
   1.1361283e+03   1.1190000e+06
   1.1358785e+03   1.1180000e+06
   1.1356044e+03   1.1170000e+06
   1.1353540e+03   1.1160000e+06
   1.1351023e+03   1.1150000e+06
   1.1348474e+03   1.1140000e+06
   1.1345951e+03   1.1130000e+06
   1.1343409e+03   1.1120000e+06
   1.1340848e+03   1.1110000e+06
   1.1338151e+03   1.1100000e+06
   1.1335586e+03   1.1090000e+06
   1.1332984e+03   1.1080000e+06
   1.1330394e+03   1.1070000e+06
   1.1327754e+03   1.1060000e+06
   1.1325106e+03   1.1050000e+06
   1.1322474e+03   1.1040000e+06
   1.1319834e+03   1.1030000e+06
   1.1317185e+03   1.1020000e+06
   1.1314633e+03   1.1010000e+06
   1.1311916e+03   1.1000000e+06
   1.1309274e+03   1.0990000e+06
   1.1306640e+03   1.0980000e+06
   1.1303998e+03   1.0970000e+06
   1.1301570e+03   1.0960000e+06
   1.1300000e+03   1.0954498e+06
   1.1298743e+03   1.0950000e+06
   1.1296259e+03   1.0940000e+06
   1.1293664e+03   1.0930000e+06
   1.1291063e+03   1.0920000e+06
   1.1288446e+03   1.0910000e+06
   1.1285821e+03   1.0900000e+06
   1.1283246e+03   1.0890000e+06
   1.1280564e+03   1.0880000e+06
   1.1277942e+03   1.0870000e+06
   1.1275329e+03   1.0860000e+06
   1.1272706e+03   1.0850000e+06
   1.1270083e+03   1.0840000e+06
   1.1267453e+03   1.0830000e+06
   1.1264830e+03   1.0820000e+06
   1.1262201e+03   1.0810000e+06
   1.1259579e+03   1.0800000e+06
   1.1256951e+03   1.0790000e+06
   1.1254323e+03   1.0780000e+06
   1.1251696e+03   1.0770000e+06
   1.1249064e+03   1.0760000e+06
   1.1246441e+03   1.0750000e+06
   1.1244124e+03   1.0740000e+06
   1.1241605e+03   1.0730000e+06
   1.1239071e+03   1.0720000e+06
   1.1236516e+03   1.0710000e+06
   1.1234008e+03   1.0700000e+06
   1.1231331e+03   1.0690000e+06
   1.1228662e+03   1.0680000e+06
   1.1225995e+03   1.0670000e+06
   1.1223319e+03   1.0660000e+06
   1.1220650e+03   1.0650000e+06
   1.1217974e+03   1.0640000e+06
   1.1215325e+03   1.0630000e+06
   1.1212913e+03   1.0620000e+06
   1.1210022e+03   1.0610000e+06
   1.1207600e+03   1.0600000e+06
   1.1205192e+03   1.0590000e+06
   1.1202813e+03   1.0580000e+06
   1.1200455e+03   1.0570000e+06
   1.1200000e+03   1.0568226e+06
   1.1197886e+03   1.0560000e+06
   1.1195239e+03   1.0550000e+06
   1.1192590e+03   1.0540000e+06
   1.1189935e+03   1.0530000e+06
   1.1187287e+03   1.0520000e+06
   1.1184630e+03   1.0510000e+06
   1.1181992e+03   1.0500000e+06
   1.1179325e+03   1.0490000e+06
   1.1176355e+03   1.0480000e+06
   1.1173816e+03   1.0470000e+06
   1.1171602e+03   1.0460000e+06
   1.1168955e+03   1.0450000e+06
   1.1166020e+03   1.0440000e+06
   1.1163568e+03   1.0430000e+06
   1.1160988e+03   1.0420000e+06
   1.1150487e+03   1.0410000e+06
   1.1145595e+03   1.0400000e+06
   1.1129590e+03   1.0390000e+06
   1.1128601e+03   1.0380000e+06
   1.1126194e+03   1.0370000e+06
   1.1119188e+03   1.0360000e+06
   1.1100000e+03   1.0355609e+06
   1.1075295e+03   1.0350000e+06
   1.1066152e+03   1.0340000e+06
   1.1052058e+03   1.0330000e+06
   1.1044151e+03   1.0320000e+06
   1.1032400e+03   1.0310000e+06
   1.1015872e+03   1.0300000e+06
   1.1003894e+03   1.0290000e+06
   1.1000000e+03   1.0287417e+06
   1.0987866e+03   1.0280000e+06
   1.0952751e+03   1.0270000e+06
   1.0958604e+03   1.0260000e+06
   1.0945131e+03   1.0250000e+06
   1.0925546e+03   1.0240000e+06
   1.0914045e+03   1.0230000e+06
   1.0900000e+03   1.0222817e+06
   1.0894691e+03   1.0220000e+06
   1.0881854e+03   1.0210000e+06
   1.0876106e+03   1.0200000e+06
   1.0872285e+03   1.0190000e+06
   1.0870119e+03   1.0180000e+06
   1.0868421e+03   1.0170000e+06
   1.0866760e+03   1.0160000e+06
   1.0863235e+03   1.0150000e+06
   1.0860695e+03   1.0140000e+06
   1.0858423e+03   1.0130000e+06
   1.0856149e+03   1.0120000e+06
   1.0853821e+03   1.0110000e+06
   1.0851305e+03   1.0100000e+06
   1.0849124e+03   1.0090000e+06
   1.0846921e+03   1.0080000e+06
   1.0844523e+03   1.0070000e+06
   1.0842166e+03   1.0060000e+06
   1.0839776e+03   1.0050000e+06
   1.0837468e+03   1.0040000e+06
   1.0835155e+03   1.0030000e+06
   1.0832851e+03   1.0020000e+06
   1.0830537e+03   1.0010000e+06
   1.0828214e+03   1.0000000e+06
   1.0825908e+03   9.9900000e+05
   1.0823599e+03   9.9800000e+05
   1.0821289e+03   9.9700000e+05
   1.0818984e+03   9.9600000e+05
   1.0816696e+03   9.9500000e+05
   1.0814384e+03   9.9400000e+05
   1.0812078e+03   9.9300000e+05
   1.0809767e+03   9.9200000e+05
   1.0807472e+03   9.9100000e+05
   1.0805142e+03   9.9000000e+05
   1.0802848e+03   9.8900000e+05
   1.0800554e+03   9.8800000e+05
   1.0800000e+03   9.8775918e+05
   1.0798267e+03   9.8700000e+05
   1.0795994e+03   9.8600000e+05
   1.0793713e+03   9.8500000e+05
   1.0791440e+03   9.8400000e+05
   1.0789155e+03   9.8300000e+05
   1.0786495e+03   9.8200000e+05
   1.0784225e+03   9.8100000e+05
   1.0781599e+03   9.8000000e+05
   1.0779452e+03   9.7900000e+05
   1.0777356e+03   9.7800000e+05
   1.0774863e+03   9.7700000e+05
   1.0772276e+03   9.7600000e+05
   1.0769816e+03   9.7500000e+05
   1.0767363e+03   9.7400000e+05
   1.0764965e+03   9.7300000e+05
   1.0762562e+03   9.7200000e+05
   1.0760192e+03   9.7100000e+05
   1.0757868e+03   9.7000000e+05
   1.0755714e+03   9.6900000e+05
   1.0753285e+03   9.6800000e+05
   1.0750901e+03   9.6700000e+05
   1.0748586e+03   9.6600000e+05
   1.0746259e+03   9.6500000e+05
   1.0743931e+03   9.6400000e+05
   1.0741588e+03   9.6300000e+05
   1.0739267e+03   9.6200000e+05
   1.0736940e+03   9.6100000e+05
   1.0734642e+03   9.6000000e+05
   1.0732340e+03   9.5900000e+05
   1.0730020e+03   9.5800000e+05
   1.0727584e+03   9.5700000e+05
   1.0725277e+03   9.5600000e+05
   1.0722978e+03   9.5500000e+05
   1.0720654e+03   9.5400000e+05
   1.0718308e+03   9.5300000e+05
   1.0715903e+03   9.5200000e+05
   1.0713574e+03   9.5100000e+05
   1.0711262e+03   9.5000000e+05
   1.0708915e+03   9.4900000e+05
   1.0706583e+03   9.4800000e+05
   1.0704238e+03   9.4700000e+05
   1.0701920e+03   9.4600000e+05
   1.0700000e+03   9.4523897e+05
   1.0699401e+03   9.4500000e+05
   1.0696501e+03   9.4400000e+05
   1.0694192e+03   9.4300000e+05
   1.0691883e+03   9.4200000e+05
   1.0689375e+03   9.4100000e+05
   1.0686827e+03   9.4000000e+05
   1.0684857e+03   9.3900000e+05
   1.0682052e+03   9.3800000e+05
   1.0679946e+03   9.3700000e+05
   1.0677399e+03   9.3600000e+05
   1.0674977e+03   9.3500000e+05
   1.0672652e+03   9.3400000e+05
   1.0670324e+03   9.3300000e+05
   1.0667981e+03   9.3200000e+05
   1.0665609e+03   9.3100000e+05
   1.0663284e+03   9.3000000e+05
   1.0660950e+03   9.2900000e+05
   1.0658549e+03   9.2800000e+05
   1.0656208e+03   9.2700000e+05
   1.0653853e+03   9.2600000e+05
   1.0651486e+03   9.2500000e+05
   1.0649067e+03   9.2400000e+05
   1.0646824e+03   9.2300000e+05
   1.0644320e+03   9.2200000e+05
   1.0641961e+03   9.2100000e+05
   1.0639601e+03   9.2000000e+05
   1.0637249e+03   9.1900000e+05
   1.0634901e+03   9.1800000e+05
   1.0632533e+03   9.1700000e+05
   1.0630158e+03   9.1600000e+05
   1.0627777e+03   9.1500000e+05
   1.0625393e+03   9.1400000e+05
   1.0622965e+03   9.1300000e+05
   1.0620469e+03   9.1200000e+05
   1.0618095e+03   9.1100000e+05
   1.0615738e+03   9.1000000e+05
   1.0613364e+03   9.0900000e+05
   1.0610990e+03   9.0800000e+05
   1.0608616e+03   9.0700000e+05
   1.0606241e+03   9.0600000e+05
   1.0603867e+03   9.0500000e+05
   1.0601494e+03   9.0400000e+05
   1.0600000e+03   9.0338023e+05
   1.0599084e+03   9.0300000e+05
   1.0596442e+03   9.0200000e+05
   1.0593908e+03   9.0100000e+05
   1.0591375e+03   9.0000000e+05
   1.0588852e+03   8.9900000e+05
   1.0586397e+03   8.9800000e+05
   1.0584253e+03   8.9700000e+05
   1.0581434e+03   8.9600000e+05
   1.0579086e+03   8.9500000e+05
   1.0576674e+03   8.9400000e+05
   1.0574255e+03   8.9300000e+05
   1.0571771e+03   8.9200000e+05
   1.0569447e+03   8.9100000e+05
   1.0566987e+03   8.9000000e+05
   1.0564584e+03   8.8900000e+05
   1.0562179e+03   8.8800000e+05
   1.0559773e+03   8.8700000e+05
   1.0557368e+03   8.8600000e+05
   1.0554958e+03   8.8500000e+05
   1.0552552e+03   8.8400000e+05
   1.0550146e+03   8.8300000e+05
   1.0547731e+03   8.8200000e+05
   1.0545326e+03   8.8100000e+05
   1.0542911e+03   8.8000000e+05
   1.0540501e+03   8.7900000e+05
   1.0538092e+03   8.7800000e+05
   1.0535672e+03   8.7700000e+05
   1.0533254e+03   8.7600000e+05
   1.0530840e+03   8.7500000e+05
   1.0528416e+03   8.7400000e+05
   1.0525999e+03   8.7300000e+05
   1.0523576e+03   8.7200000e+05
   1.0521032e+03   8.7100000e+05
   1.0518665e+03   8.7000000e+05
   1.0516222e+03   8.6900000e+05
   1.0513779e+03   8.6800000e+05
   1.0511343e+03   8.6700000e+05
   1.0508806e+03   8.6600000e+05
   1.0506300e+03   8.6500000e+05
   1.0503856e+03   8.6400000e+05
   1.0501263e+03   8.6300000e+05
   1.0500000e+03   8.6251568e+05
   1.0498658e+03   8.6200000e+05
   1.0496063e+03   8.6100000e+05
   1.0493324e+03   8.6000000e+05
   1.0490905e+03   8.5900000e+05
   1.0488489e+03   8.5800000e+05
   1.0486074e+03   8.5700000e+05
   1.0483659e+03   8.5600000e+05
   1.0481239e+03   8.5500000e+05
   1.0478831e+03   8.5400000e+05
   1.0476409e+03   8.5300000e+05
   1.0473953e+03   8.5200000e+05
   1.0471488e+03   8.5100000e+05
   1.0469001e+03   8.5000000e+05
   1.0466700e+03   8.4900000e+05
   1.0464208e+03   8.4800000e+05
   1.0461710e+03   8.4700000e+05
   1.0459190e+03   8.4600000e+05
   1.0456769e+03   8.4500000e+05
   1.0454316e+03   8.4400000e+05
   1.0451850e+03   8.4300000e+05
   1.0449393e+03   8.4200000e+05
   1.0446932e+03   8.4100000e+05
   1.0444491e+03   8.4000000e+05
   1.0441951e+03   8.3900000e+05
   1.0439482e+03   8.3800000e+05
   1.0437037e+03   8.3700000e+05
   1.0434660e+03   8.3600000e+05
   1.0432209e+03   8.3500000e+05
   1.0429775e+03   8.3400000e+05
   1.0427298e+03   8.3300000e+05
   1.0424826e+03   8.3200000e+05
   1.0422322e+03   8.3100000e+05
   1.0419318e+03   8.3000000e+05
   1.0416819e+03   8.2900000e+05
   1.0414299e+03   8.2800000e+05
   1.0411837e+03   8.2700000e+05
   1.0409367e+03   8.2600000e+05
   1.0406890e+03   8.2500000e+05
   1.0405879e+03   8.2400000e+05
   1.0401983e+03   8.2300000e+05
   1.0400000e+03   8.2220000e+05
   1.0399508e+03   8.2200000e+05
   1.0397028e+03   8.2100000e+05
   1.0394471e+03   8.2000000e+05
   1.0391868e+03   8.1900000e+05
   1.0389261e+03   8.1800000e+05
   1.0387043e+03   8.1700000e+05
   1.0384424e+03   8.1600000e+05
   1.0381786e+03   8.1500000e+05
   1.0379238e+03   8.1400000e+05
   1.0376763e+03   8.1300000e+05
   1.0374260e+03   8.1200000e+05
   1.0371816e+03   8.1100000e+05
   1.0369338e+03   8.1000000e+05
   1.0366834e+03   8.0900000e+05
   1.0364341e+03   8.0800000e+05
   1.0361814e+03   8.0700000e+05
   1.0359315e+03   8.0600000e+05
   1.0356832e+03   8.0500000e+05
   1.0354333e+03   8.0400000e+05
   1.0351846e+03   8.0300000e+05
   1.0349390e+03   8.0200000e+05
   1.0346861e+03   8.0100000e+05
   1.0344361e+03   8.0000000e+05
   1.0341860e+03   7.9900000e+05
   1.0339130e+03   7.9800000e+05
   1.0336640e+03   7.9700000e+05
   1.0334146e+03   7.9600000e+05
   1.0331802e+03   7.9500000e+05
   1.0329141e+03   7.9400000e+05
   1.0326624e+03   7.9300000e+05
   1.0324123e+03   7.9200000e+05
   1.0321605e+03   7.9100000e+05
   1.0319071e+03   7.9000000e+05
   1.0316560e+03   7.8900000e+05
   1.0314021e+03   7.8800000e+05
   1.0311401e+03   7.8700000e+05
   1.0308525e+03   7.8600000e+05
   1.0305870e+03   7.8500000e+05
   1.0303377e+03   7.8400000e+05
   1.0300609e+03   7.8300000e+05
   1.0300000e+03   7.8275801e+05
   1.0298119e+03   7.8200000e+05
   1.0295646e+03   7.8100000e+05
   1.0293150e+03   7.8000000e+05
   1.0290655e+03   7.7900000e+05
   1.0288154e+03   7.7800000e+05
   1.0285631e+03   7.7700000e+05
   1.0283128e+03   7.7600000e+05
   1.0280444e+03   7.7500000e+05
   1.0277871e+03   7.7400000e+05
   1.0275307e+03   7.7300000e+05
   1.0272742e+03   7.7200000e+05
   1.0270326e+03   7.7100000e+05
   1.0267586e+03   7.7000000e+05
   1.0265036e+03   7.6900000e+05
   1.0262520e+03   7.6800000e+05
   1.0259968e+03   7.6700000e+05
   1.0257437e+03   7.6600000e+05
   1.0254942e+03   7.6500000e+05
   1.0252405e+03   7.6400000e+05
   1.0249849e+03   7.6300000e+05
   1.0247275e+03   7.6200000e+05
   1.0244704e+03   7.6100000e+05
   1.0242125e+03   7.6000000e+05
   1.0239545e+03   7.5900000e+05
   1.0236977e+03   7.5800000e+05
   1.0234371e+03   7.5700000e+05
   1.0231827e+03   7.5600000e+05
   1.0229190e+03   7.5500000e+05
   1.0226611e+03   7.5400000e+05
   1.0224041e+03   7.5300000e+05
   1.0221514e+03   7.5200000e+05
   1.0218852e+03   7.5100000e+05
   1.0216313e+03   7.5000000e+05
   1.0213758e+03   7.4900000e+05
   1.0211195e+03   7.4800000e+05
   1.0208641e+03   7.4700000e+05
   1.0206080e+03   7.4600000e+05
   1.0203519e+03   7.4500000e+05
   1.0200953e+03   7.4400000e+05
   1.0200000e+03   7.4363014e+05
   1.0198380e+03   7.4300000e+05
   1.0195800e+03   7.4200000e+05
   1.0193229e+03   7.4100000e+05
   1.0190649e+03   7.4000000e+05
   1.0188062e+03   7.3900000e+05
   1.0185465e+03   7.3800000e+05
   1.0182863e+03   7.3700000e+05
   1.0180165e+03   7.3600000e+05
   1.0177356e+03   7.3500000e+05
   1.0174666e+03   7.3400000e+05
   1.0171982e+03   7.3300000e+05
   1.0169307e+03   7.3200000e+05
   1.0166667e+03   7.3100000e+05
   1.0164055e+03   7.3000000e+05
   1.0161432e+03   7.2900000e+05
   1.0158801e+03   7.2800000e+05
   1.0156269e+03   7.2700000e+05
   1.0153631e+03   7.2600000e+05
   1.0150906e+03   7.2500000e+05
   1.0148333e+03   7.2400000e+05
   1.0145681e+03   7.2300000e+05
   1.0143199e+03   7.2200000e+05
   1.0140543e+03   7.2100000e+05
   1.0137876e+03   7.2000000e+05
   1.0135171e+03   7.1900000e+05
   1.0132562e+03   7.1800000e+05
   1.0129958e+03   7.1700000e+05
   1.0127323e+03   7.1600000e+05
   1.0124714e+03   7.1500000e+05
   1.0122106e+03   7.1400000e+05
   1.0119497e+03   7.1300000e+05
   1.0116875e+03   7.1200000e+05
   1.0114253e+03   7.1100000e+05
   1.0111624e+03   7.1000000e+05
   1.0108994e+03   7.0900000e+05
   1.0106365e+03   7.0800000e+05
   1.0103727e+03   7.0700000e+05
   1.0101162e+03   7.0600000e+05
   1.0100000e+03   7.0556536e+05
   1.0098490e+03   7.0500000e+05
   1.0095890e+03   7.0400000e+05
   1.0092876e+03   7.0300000e+05
   1.0090288e+03   7.0200000e+05
   1.0087693e+03   7.0100000e+05
   1.0085104e+03   7.0000000e+05
   1.0082471e+03   6.9900000e+05
   1.0079830e+03   6.9800000e+05
   1.0077175e+03   6.9700000e+05
   1.0074514e+03   6.9600000e+05
   1.0071893e+03   6.9500000e+05
   1.0069246e+03   6.9400000e+05
   1.0066122e+03   6.9300000e+05
   1.0063848e+03   6.9200000e+05
   1.0061120e+03   6.9100000e+05
   1.0058543e+03   6.9000000e+05
   1.0055634e+03   6.8900000e+05
   1.0052904e+03   6.8800000e+05
   1.0050182e+03   6.8700000e+05
   1.0047508e+03   6.8600000e+05
   1.0044835e+03   6.8500000e+05
   1.0042222e+03   6.8400000e+05
   1.0039515e+03   6.8300000e+05
   1.0036903e+03   6.8200000e+05
   1.0034214e+03   6.8100000e+05
   1.0031487e+03   6.8000000e+05
   1.0028728e+03   6.7900000e+05
   1.0025991e+03   6.7800000e+05
   1.0023314e+03   6.7700000e+05
   1.0020815e+03   6.7600000e+05
   1.0018030e+03   6.7500000e+05
   1.0015253e+03   6.7400000e+05
   1.0012554e+03   6.7300000e+05
   1.0009854e+03   6.7200000e+05
   1.0007186e+03   6.7100000e+05
   1.0004443e+03   6.7000000e+05
   1.0001778e+03   6.6900000e+05
   1.0000000e+03   6.6832566e+05
   9.9991468e+02   6.6800000e+05
   9.9963922e+02   6.6700000e+05
   9.9936998e+02   6.6600000e+05
   9.9910229e+02   6.6500000e+05
   9.9883526e+02   6.6400000e+05
   9.9857106e+02   6.6300000e+05
   9.9830079e+02   6.6200000e+05
   9.9803214e+02   6.6100000e+05
   9.9776607e+02   6.6000000e+05
   9.9749633e+02   6.5900000e+05
   9.9721610e+02   6.5800000e+05
   9.9690996e+02   6.5700000e+05
   9.9664554e+02   6.5600000e+05
   9.9635815e+02   6.5500000e+05
   9.9608684e+02   6.5400000e+05
   9.9581518e+02   6.5300000e+05
   9.9554713e+02   6.5200000e+05
   9.9528720e+02   6.5100000e+05
   9.9502274e+02   6.5000000e+05
   9.9474535e+02   6.4900000e+05
   9.9448616e+02   6.4800000e+05
   9.9421666e+02   6.4700000e+05
   9.9394755e+02   6.4600000e+05
   9.9367812e+02   6.4500000e+05
   9.9340788e+02   6.4400000e+05
   9.9313796e+02   6.4300000e+05
   9.9286632e+02   6.4200000e+05
   9.9256371e+02   6.4100000e+05
   9.9228838e+02   6.4000000e+05
   9.9199379e+02   6.3900000e+05
   9.9171001e+02   6.3800000e+05
   9.9142376e+02   6.3700000e+05
   9.9117312e+02   6.3600000e+05
   9.9086266e+02   6.3500000e+05
   9.9058829e+02   6.3400000e+05
   9.9031309e+02   6.3300000e+05
   9.9003795e+02   6.3200000e+05
   9.9000000e+02   6.3186207e+05
   9.8976671e+02   6.3100000e+05
   9.8949610e+02   6.3000000e+05
   9.8927347e+02   6.2900000e+05
   9.8899735e+02   6.2800000e+05
   9.8872025e+02   6.2700000e+05
   9.8841997e+02   6.2600000e+05
   9.8813569e+02   6.2500000e+05
   9.8785360e+02   6.2400000e+05
   9.8759494e+02   6.2300000e+05
   9.8729564e+02   6.2200000e+05
   9.8701948e+02   6.2100000e+05
   9.8674272e+02   6.2000000e+05
   9.8646526e+02   6.1900000e+05
   9.8618673e+02   6.1800000e+05
   9.8589359e+02   6.1700000e+05
   9.8560395e+02   6.1600000e+05
   9.8532988e+02   6.1500000e+05
   9.8505439e+02   6.1400000e+05
   9.8479540e+02   6.1300000e+05
   9.8452273e+02   6.1200000e+05
   9.8424840e+02   6.1100000e+05
   9.8396771e+02   6.1000000e+05
   9.8368650e+02   6.0900000e+05
   9.8338708e+02   6.0800000e+05
   9.8310333e+02   6.0700000e+05
   9.8281960e+02   6.0600000e+05
   9.8254707e+02   6.0500000e+05
   9.8227404e+02   6.0400000e+05
   9.8197625e+02   6.0300000e+05
   9.8169861e+02   6.0200000e+05
   9.8142167e+02   6.0100000e+05
   9.8114492e+02   6.0000000e+05
   9.8087067e+02   5.9900000e+05
   9.8059117e+02   5.9800000e+05
   9.8031423e+02   5.9700000e+05
   9.8003066e+02   5.9600000e+05
   9.8000000e+02   5.9589157e+05
   9.7975036e+02   5.9500000e+05
   9.7947009e+02   5.9400000e+05
   9.7919015e+02   5.9300000e+05
   9.7891101e+02   5.9200000e+05
   9.7859181e+02   5.9100000e+05
   9.7833712e+02   5.9000000e+05
   9.7806517e+02   5.8900000e+05
   9.7780176e+02   5.8800000e+05
   9.7746962e+02   5.8700000e+05
   9.7716713e+02   5.8600000e+05
   9.7688809e+02   5.8500000e+05
   9.7660783e+02   5.8400000e+05
   9.7632812e+02   5.8300000e+05
   9.7604837e+02   5.8200000e+05
   9.7576231e+02   5.8100000e+05
   9.7548181e+02   5.8000000e+05
   9.7520111e+02   5.7900000e+05
   9.7491468e+02   5.7800000e+05
   9.7461927e+02   5.7700000e+05
   9.7432407e+02   5.7600000e+05
   9.7407205e+02   5.7500000e+05
   9.7377462e+02   5.7400000e+05
   9.7347529e+02   5.7300000e+05
   9.7317733e+02   5.7200000e+05
   9.7288715e+02   5.7100000e+05
   9.7260796e+02   5.7000000e+05
   9.7240786e+02   5.6900000e+05
   9.7203887e+02   5.6800000e+05
   9.7175209e+02   5.6700000e+05
   9.7146498e+02   5.6600000e+05
   9.7117627e+02   5.6500000e+05
   9.7088971e+02   5.6400000e+05
   9.7060315e+02   5.6300000e+05
   9.7031176e+02   5.6200000e+05
   9.7002527e+02   5.6100000e+05
   9.7000000e+02   5.6091228e+05
   9.6973937e+02   5.6000000e+05
   9.6945420e+02   5.5900000e+05
   9.6916813e+02   5.5800000e+05
   9.6888249e+02   5.5700000e+05
   9.6869341e+02   5.5600000e+05
   9.6830967e+02   5.5500000e+05
   9.6802289e+02   5.5400000e+05
   9.6773631e+02   5.5300000e+05
   9.6744458e+02   5.5200000e+05
   9.6715624e+02   5.5100000e+05
   9.6694578e+02   5.5000000e+05
   9.6654412e+02   5.4900000e+05
   9.6625717e+02   5.4800000e+05
   9.6596939e+02   5.4700000e+05
   9.6568114e+02   5.4600000e+05
   9.6539210e+02   5.4500000e+05
   9.6510311e+02   5.4400000e+05
   9.6481614e+02   5.4300000e+05
   9.6452625e+02   5.4200000e+05
   9.6423640e+02   5.4100000e+05
   9.6394496e+02   5.4000000e+05
   9.6363803e+02   5.3900000e+05
   9.6333278e+02   5.3800000e+05
   9.6306353e+02   5.3700000e+05
   9.6273609e+02   5.3600000e+05
   9.6244244e+02   5.3500000e+05
   9.6215706e+02   5.3400000e+05
   9.6184033e+02   5.3300000e+05
   9.6154738e+02   5.3200000e+05
   9.6125375e+02   5.3100000e+05
   9.6096013e+02   5.3000000e+05
   9.6066644e+02   5.2900000e+05
   9.6037278e+02   5.2800000e+05
   9.6007839e+02   5.2700000e+05
   9.6000000e+02   5.2673295e+05
   9.5978785e+02   5.2600000e+05
   9.5949848e+02   5.2500000e+05
   9.5920832e+02   5.2400000e+05
   9.5891756e+02   5.2300000e+05
   9.5862613e+02   5.2200000e+05
   9.5833361e+02   5.2100000e+05
   9.5802708e+02   5.2000000e+05
   9.5773056e+02   5.1900000e+05
   9.5743229e+02   5.1800000e+05
   9.5713308e+02   5.1700000e+05
   9.5683293e+02   5.1600000e+05
   9.5653318e+02   5.1500000e+05
   9.5623449e+02   5.1400000e+05
   9.5593993e+02   5.1300000e+05
   9.5564491e+02   5.1200000e+05
   9.5534949e+02   5.1100000e+05
   9.5505376e+02   5.1000000e+05
   9.5475808e+02   5.0900000e+05
   9.5446117e+02   5.0800000e+05
   9.5416260e+02   5.0700000e+05
   9.5386371e+02   5.0600000e+05
   9.5356487e+02   5.0500000e+05
   9.5326553e+02   5.0400000e+05
   9.5296593e+02   5.0300000e+05
   9.5265773e+02   5.0200000e+05
   9.5236772e+02   5.0100000e+05
   9.5206180e+02   5.0000000e+05
   9.5176127e+02   4.9900000e+05
   9.5146095e+02   4.9800000e+05
   9.5116094e+02   4.9700000e+05
   9.5085166e+02   4.9600000e+05
   9.5055546e+02   4.9500000e+05
   9.5025763e+02   4.9400000e+05
   9.5000000e+02   4.9312778e+05
   9.4996238e+02   4.9300000e+05
   9.4966705e+02   4.9200000e+05
   9.4937081e+02   4.9100000e+05
   9.4907447e+02   4.9000000e+05
   9.4877640e+02   4.8900000e+05
   9.4847438e+02   4.8800000e+05
   9.4817051e+02   4.8700000e+05
   9.4786463e+02   4.8600000e+05
   9.4756014e+02   4.8500000e+05
   9.4725503e+02   4.8400000e+05
   9.4694987e+02   4.8300000e+05
   9.4664678e+02   4.8200000e+05
   9.4633507e+02   4.8100000e+05
   9.4600687e+02   4.8000000e+05
   9.4569515e+02   4.7900000e+05
   9.4538449e+02   4.7800000e+05
   9.4507408e+02   4.7700000e+05
   9.4476779e+02   4.7600000e+05
   9.4446450e+02   4.7500000e+05
   9.4416084e+02   4.7400000e+05
   9.4385591e+02   4.7300000e+05
   9.4355151e+02   4.7200000e+05
   9.4324715e+02   4.7100000e+05
   9.4294204e+02   4.7000000e+05
   9.4263778e+02   4.6900000e+05
   9.4233233e+02   4.6800000e+05
   9.4202796e+02   4.6700000e+05
   9.4172220e+02   4.6600000e+05
   9.4141580e+02   4.6500000e+05
   9.4110940e+02   4.6400000e+05
   9.4079251e+02   4.6300000e+05
   9.4047049e+02   4.6200000e+05
   9.4018915e+02   4.6100000e+05
   9.4000000e+02   4.6041310e+05
   9.3986757e+02   4.6000000e+05
   9.3954593e+02   4.5900000e+05
   9.3922573e+02   4.5800000e+05
   9.3891159e+02   4.5700000e+05
   9.3860499e+02   4.5600000e+05
   9.3829822e+02   4.5500000e+05
   9.3799080e+02   4.5400000e+05
   9.3768033e+02   4.5300000e+05
   9.3737313e+02   4.5200000e+05
   9.3706400e+02   4.5100000e+05
   9.3675226e+02   4.5000000e+05
   9.3644620e+02   4.4900000e+05
   9.3613598e+02   4.4800000e+05
   9.3582688e+02   4.4700000e+05
   9.3551332e+02   4.4600000e+05
   9.3519674e+02   4.4500000e+05
   9.3488156e+02   4.4400000e+05
   9.3456766e+02   4.4300000e+05
   9.3426055e+02   4.4200000e+05
   9.3394877e+02   4.4100000e+05
   9.3363115e+02   4.4000000e+05
   9.3331557e+02   4.3900000e+05
   9.3300994e+02   4.3800000e+05
   9.3269228e+02   4.3700000e+05
   9.3237199e+02   4.3600000e+05
   9.3205783e+02   4.3500000e+05
   9.3173847e+02   4.3400000e+05
   9.3142857e+02   4.3300000e+05
   9.3110824e+02   4.3200000e+05
   9.3080270e+02   4.3100000e+05
   9.3048278e+02   4.3000000e+05
   9.3016657e+02   4.2900000e+05
   9.3000000e+02   4.2847462e+05
   9.2985057e+02   4.2800000e+05
   9.2954091e+02   4.2700000e+05
   9.2922105e+02   4.2600000e+05
   9.2890355e+02   4.2500000e+05
   9.2858697e+02   4.2400000e+05
   9.2827175e+02   4.2300000e+05
   9.2795696e+02   4.2200000e+05
   9.2764569e+02   4.2100000e+05
   9.2732730e+02   4.2000000e+05
   9.2700953e+02   4.1900000e+05
   9.2669148e+02   4.1800000e+05
   9.2637120e+02   4.1700000e+05
   9.2604361e+02   4.1600000e+05
   9.2571656e+02   4.1500000e+05
   9.2538027e+02   4.1400000e+05
   9.2505295e+02   4.1300000e+05
   9.2474613e+02   4.1200000e+05
   9.2442873e+02   4.1100000e+05
   9.2411106e+02   4.1000000e+05
   9.2379319e+02   4.0900000e+05
   9.2347439e+02   4.0800000e+05
   9.2315631e+02   4.0700000e+05
   9.2283718e+02   4.0600000e+05
   9.2251627e+02   4.0500000e+05
   9.2219559e+02   4.0400000e+05
   9.2187475e+02   4.0300000e+05
   9.2155330e+02   4.0200000e+05
   9.2123115e+02   4.0100000e+05
   9.2086311e+02   4.0000000e+05
   9.2054347e+02   3.9900000e+05
   9.2020167e+02   3.9800000e+05
   9.2000000e+02   3.9734961e+05
   9.1989277e+02   3.9700000e+05
   9.1961902e+02   3.9600000e+05
   9.1935171e+02   3.9500000e+05
   9.1906699e+02   3.9400000e+05
   9.1883310e+02   3.9300000e+05
   9.1855189e+02   3.9200000e+05
   9.1828140e+02   3.9100000e+05
   9.1803685e+02   3.9000000e+05
   9.1772963e+02   3.8900000e+05
   9.1744855e+02   3.8800000e+05
   9.1715385e+02   3.8700000e+05
   9.1686165e+02   3.8600000e+05
   9.1657893e+02   3.8500000e+05
   9.1631276e+02   3.8400000e+05
   9.1601625e+02   3.8300000e+05
   9.1569005e+02   3.8200000e+05
   9.1541558e+02   3.8100000e+05
   9.1510850e+02   3.8000000e+05
   9.1479726e+02   3.7900000e+05
   9.1450800e+02   3.7800000e+05
   9.1423658e+02   3.7700000e+05
   9.1392650e+02   3.7600000e+05
   9.1363101e+02   3.7500000e+05
   9.1331819e+02   3.7400000e+05
   9.1302940e+02   3.7300000e+05
   9.1273768e+02   3.7200000e+05
   9.1243512e+02   3.7100000e+05
   9.1211018e+02   3.7000000e+05
   9.1180664e+02   3.6900000e+05
   9.1148884e+02   3.6800000e+05
   9.1117143e+02   3.6700000e+05
   9.1085599e+02   3.6600000e+05
   9.1054348e+02   3.6500000e+05
   9.1021998e+02   3.6400000e+05
   9.1000000e+02   3.6315964e+05
   9.0995881e+02   3.6300000e+05
   9.0965985e+02   3.6200000e+05
   9.0934707e+02   3.6100000e+05
   9.0903560e+02   3.6000000e+05
   9.0874175e+02   3.5900000e+05
   9.0842118e+02   3.5800000e+05
   9.0810075e+02   3.5700000e+05
   9.0778217e+02   3.5600000e+05
   9.0746374e+02   3.5500000e+05
   9.0713551e+02   3.5400000e+05
   9.0680740e+02   3.5300000e+05
   9.0648280e+02   3.5200000e+05
   9.0617530e+02   3.5100000e+05
   9.0585192e+02   3.5000000e+05
   9.0552932e+02   3.4900000e+05
   9.0527102e+02   3.4800000e+05
   9.0494631e+02   3.4700000e+05
   9.0462280e+02   3.4600000e+05
   9.0429784e+02   3.4500000e+05
   9.0397973e+02   3.4400000e+05
   9.0365401e+02   3.4300000e+05
   9.0332683e+02   3.4200000e+05
   9.0300242e+02   3.4100000e+05
   9.0266547e+02   3.4000000e+05
   9.0233154e+02   3.3900000e+05
   9.0198255e+02   3.3800000e+05
   9.0165537e+02   3.3700000e+05
   9.0133738e+02   3.3600000e+05
   9.0104406e+02   3.3500000e+05
   9.0070808e+02   3.3400000e+05
   9.0038232e+02   3.3300000e+05
   9.0010912e+02   3.3200000e+05
   9.0000000e+02   3.3167361e+05
   8.9977548e+02   3.3100000e+05
   8.9944085e+02   3.3000000e+05
   8.9911061e+02   3.2900000e+05
   8.9877594e+02   3.2800000e+05
   8.9844220e+02   3.2700000e+05
   8.9810780e+02   3.2600000e+05
   8.9777744e+02   3.2500000e+05
   8.9744215e+02   3.2400000e+05
   8.9710760e+02   3.2300000e+05
   8.9677395e+02   3.2200000e+05
   8.9643776e+02   3.2100000e+05
   8.9610350e+02   3.2000000e+05
   8.9576885e+02   3.1900000e+05
   8.9542895e+02   3.1800000e+05
   8.9509274e+02   3.1700000e+05
   8.9482302e+02   3.1600000e+05
   8.9452541e+02   3.1500000e+05
   8.9419024e+02   3.1400000e+05
   8.9383570e+02   3.1300000e+05
   8.9349162e+02   3.1200000e+05
   8.9315221e+02   3.1100000e+05
   8.9280816e+02   3.1000000e+05
   8.9246794e+02   3.0900000e+05
   8.9212608e+02   3.0800000e+05
   8.9178320e+02   3.0700000e+05
   8.9143807e+02   3.0600000e+05
   8.9110391e+02   3.0500000e+05
   8.9076270e+02   3.0400000e+05
   8.9042645e+02   3.0300000e+05
   8.9012017e+02   3.0200000e+05
   8.9000000e+02   3.0165789e+05
   8.8977134e+02   3.0100000e+05
   8.8942996e+02   3.0000000e+05
   8.8908904e+02   2.9900000e+05
   8.8875029e+02   2.9800000e+05
   8.8840125e+02   2.9700000e+05
   8.8805439e+02   2.9600000e+05
   8.8770756e+02   2.9500000e+05
   8.8735770e+02   2.9400000e+05
   8.8701021e+02   2.9300000e+05
   8.8666743e+02   2.9200000e+05
   8.8632526e+02   2.9100000e+05
   8.8597944e+02   2.9000000e+05
   8.8563061e+02   2.8900000e+05
   8.8530514e+02   2.8800000e+05
   8.8498544e+02   2.8700000e+05
   8.8463927e+02   2.8600000e+05
   8.8432094e+02   2.8500000e+05
   8.8399026e+02   2.8400000e+05
   8.8364183e+02   2.8300000e+05
   8.8329274e+02   2.8200000e+05
   8.8294059e+02   2.8100000e+05
   8.8259048e+02   2.8000000e+05
   8.8223996e+02   2.7900000e+05
   8.8188840e+02   2.7800000e+05
   8.8153776e+02   2.7700000e+05
   8.8117853e+02   2.7600000e+05
   8.8082007e+02   2.7500000e+05
   8.8399376e+02   2.7400000e+05
   8.9000000e+02   2.7314082e+05
   8.9073098e+02   2.7300000e+05
   8.9841186e+02   2.7200000e+05
   8.9806266e+02   2.7100000e+05
   8.9774461e+02   2.7000000e+05
   8.9741059e+02   2.6900000e+05
   8.9707791e+02   2.6800000e+05
   8.9674453e+02   2.6700000e+05
   8.9640827e+02   2.6600000e+05
   8.9607165e+02   2.6500000e+05
   8.9573706e+02   2.6400000e+05
   8.9540118e+02   2.6300000e+05
   8.9506232e+02   2.6200000e+05
   8.9472430e+02   2.6100000e+05
   8.9438634e+02   2.6000000e+05
   8.9404843e+02   2.5900000e+05
   8.9370692e+02   2.5800000e+05
   8.9336751e+02   2.5700000e+05
   8.9302689e+02   2.5600000e+05
   8.9268427e+02   2.5500000e+05
   8.9234371e+02   2.5400000e+05
   8.9200236e+02   2.5300000e+05
   8.9166049e+02   2.5200000e+05
   8.9131374e+02   2.5100000e+05
   8.9097155e+02   2.5000000e+05
   8.9062559e+02   2.4900000e+05
   8.9027892e+02   2.4800000e+05
   8.9000000e+02   2.4718621e+05
   8.8993680e+02   2.4700000e+05
   8.8959117e+02   2.4600000e+05
   8.8924721e+02   2.4500000e+05
   8.8890484e+02   2.4400000e+05
   8.8855840e+02   2.4300000e+05
   8.8821337e+02   2.4200000e+05
   8.8786683e+02   2.4100000e+05
   8.8752124e+02   2.4000000e+05
   8.8717237e+02   2.3900000e+05
   8.8682410e+02   2.3800000e+05
   8.8647650e+02   2.3700000e+05
   8.8612609e+02   2.3600000e+05
   8.8363307e+02   2.3500000e+05
   8.8000000e+02   2.3408679e+05
   8.7948954e+02   2.3400000e+05
   8.7000000e+02   2.3334841e+05
   8.6515252e+02   2.3300000e+05
   8.6448342e+02   2.3200000e+05
   8.6296140e+02   2.3100000e+05
   8.6069061e+02   2.3000000e+05
   8.6028248e+02   2.2900000e+05
   8.6000000e+02   2.2890120e+05
   8.5749182e+02   2.2800000e+05
   8.5336582e+02   2.2700000e+05
   8.5000000e+02   2.2641486e+05
   8.4676350e+02   2.2600000e+05
   8.4499365e+02   2.2500000e+05
   8.4473563e+02   2.2400000e+05
   8.4447023e+02   2.2300000e+05
   8.4421877e+02   2.2200000e+05
   8.4397225e+02   2.2100000e+05
   8.4373239e+02   2.2000000e+05
   8.4314311e+02   2.1900000e+05
   8.4293240e+02   2.1800000e+05
   8.4272822e+02   2.1700000e+05
   8.4254042e+02   2.1600000e+05
   8.4236730e+02   2.1500000e+05
   8.4220991e+02   2.1400000e+05
   8.4207117e+02   2.1300000e+05
   8.4195663e+02   2.1200000e+05
   8.4183698e+02   2.1100000e+05
   8.4175318e+02   2.1000000e+05
   8.4168156e+02   2.0900000e+05
   8.4162567e+02   2.0800000e+05
   8.4159646e+02   2.0700000e+05
   8.4131871e+02   2.0600000e+05
   8.4101557e+02   2.0500000e+05
   8.4070867e+02   2.0400000e+05
   8.4040183e+02   2.0300000e+05
   8.4009428e+02   2.0200000e+05
   8.4000000e+02   2.0169492e+05
   8.3978747e+02   2.0100000e+05
   8.3948093e+02   2.0000000e+05
   8.3917444e+02   1.9900000e+05
   8.3886651e+02   1.9800000e+05
   8.3856011e+02   1.9700000e+05
   8.3825019e+02   1.9600000e+05
   8.3793946e+02   1.9500000e+05
   8.3762969e+02   1.9400000e+05
   8.3731982e+02   1.9300000e+05
   8.3700903e+02   1.9200000e+05
   8.3669454e+02   1.9100000e+05
   8.3638133e+02   1.9000000e+05
   8.3606717e+02   1.8900000e+05
   8.3575211e+02   1.8800000e+05
   8.3543673e+02   1.8700000e+05
   8.3512054e+02   1.8600000e+05
   8.3480476e+02   1.8500000e+05
   8.3448865e+02   1.8400000e+05
   8.3416568e+02   1.8300000e+05
   8.3384479e+02   1.8200000e+05
   8.3352672e+02   1.8100000e+05
   8.3320792e+02   1.8000000e+05
   8.3288785e+02   1.7900000e+05
   8.3256467e+02   1.7800000e+05
   8.3223561e+02   1.7700000e+05
   8.3191327e+02   1.7600000e+05
   8.3158774e+02   1.7500000e+05
   8.3126459e+02   1.7400000e+05
   8.3094105e+02   1.7300000e+05
   8.3061221e+02   1.7200000e+05
   8.3027987e+02   1.7100000e+05
   8.3000000e+02   1.7014640e+05
   8.2995249e+02   1.7000000e+05
   8.2963090e+02   1.6900000e+05
   8.2929959e+02   1.6800000e+05
   8.2896998e+02   1.6700000e+05
   8.2864377e+02   1.6600000e+05
   8.2831325e+02   1.6500000e+05
   8.2797781e+02   1.6400000e+05
   8.2764766e+02   1.6300000e+05
   8.2731713e+02   1.6200000e+05
   8.2698058e+02   1.6100000e+05
   8.2664380e+02   1.6000000e+05
   8.2630984e+02   1.5900000e+05
   8.2597200e+02   1.5800000e+05
   8.2563252e+02   1.5700000e+05
   8.2529275e+02   1.5600000e+05
   8.2495152e+02   1.5500000e+05
   8.2460961e+02   1.5400000e+05
   8.2426335e+02   1.5300000e+05
   8.2392064e+02   1.5200000e+05
   8.2357772e+02   1.5100000e+05
   8.2323238e+02   1.5000000e+05
   8.2287981e+02   1.4900000e+05
   8.2252911e+02   1.4800000e+05
   8.2217581e+02   1.4700000e+05
   8.2182003e+02   1.4600000e+05
   8.2146845e+02   1.4500000e+05
   8.2110708e+02   1.4400000e+05
   8.2072885e+02   1.4300000e+05
   8.2016699e+02   1.4200000e+05
   8.2000000e+02   1.4184228e+05
   8.1914521e+02   1.4100000e+05
   8.1830487e+02   1.4000000e+05
   8.1718609e+02   1.3900000e+05
   8.1596002e+02   1.3800000e+05
   8.1461098e+02   1.3700000e+05
   8.1332606e+02   1.3600000e+05
   8.1209752e+02   1.3500000e+05
   8.1095805e+02   1.3400000e+05
   8.1000000e+02   1.3312555e+05
   8.0986406e+02   1.3300000e+05
   8.0876665e+02   1.3200000e+05
   8.0758461e+02   1.3100000e+05
   8.0616680e+02   1.3000000e+05
   8.0000000e+02   1.2937417e+05
   7.9681758e+02   1.2900000e+05
   7.9510345e+02   1.2800000e+05
   7.9354311e+02   1.2700000e+05
   7.9204128e+02   1.2600000e+05
   7.9051987e+02   1.2500000e+05
   7.9000000e+02   1.2458553e+05
   7.8928452e+02   1.2400000e+05
   7.8807270e+02   1.2300000e+05
   7.8692852e+02   1.2200000e+05
   7.8588904e+02   1.2100000e+05
   7.8490161e+02   1.2000000e+05
   7.8395024e+02   1.1900000e+05
   7.8302792e+02   1.1800000e+05
   7.8214729e+02   1.1700000e+05
   7.8129080e+02   1.1600000e+05
   7.8045278e+02   1.1500000e+05
   7.8000000e+02   1.1444878e+05
   7.7963533e+02   1.1400000e+05
   7.7878438e+02   1.1300000e+05
   7.7516331e+02   1.1200000e+05
   7.7116405e+02   1.1100000e+05
   7.7000000e+02   1.1018360e+05
   7.6975094e+02   1.1000000e+05
   7.6855971e+02   1.0900000e+05
   7.6746219e+02   1.0800000e+05
   7.6643323e+02   1.0700000e+05
   7.6544798e+02   1.0600000e+05
   7.6449385e+02   1.0500000e+05
   7.6357658e+02   1.0400000e+05
   7.6267892e+02   1.0300000e+05
   7.6179436e+02   1.0200000e+05
   7.6090244e+02   1.0100000e+05
   7.6001810e+02   1.0000000e+05
   7.6000000e+02   9.9979651e+04
   7.5913789e+02   9.9000000e+04
   7.5826985e+02   9.8000000e+04
   7.5740022e+02   9.7000000e+04
   7.5650945e+02   9.6000000e+04
   7.5561393e+02   9.5000000e+04
   7.5497141e+02   9.4000000e+04
   7.5455896e+02   9.3000000e+04
   7.5417922e+02   9.2000000e+04
   7.5373842e+02   9.1000000e+04
   7.5325124e+02   9.0000000e+04
   7.5275733e+02   8.9000000e+04
   7.5229585e+02   8.8000000e+04
   7.5184359e+02   8.7000000e+04
   7.5140784e+02   8.6000000e+04
   7.5096409e+02   8.5000000e+04
   7.5051144e+02   8.4000000e+04
   7.5005509e+02   8.3000000e+04
   7.5000000e+02   8.2875371e+04
   7.4961586e+02   8.2000000e+04
   7.4915383e+02   8.1000000e+04
   7.4869664e+02   8.0000000e+04
   7.4824514e+02   7.9000000e+04
   7.4778371e+02   7.8000000e+04
   7.4733312e+02   7.7000000e+04
   7.4687865e+02   7.6000000e+04
   7.4642209e+02   7.5000000e+04
   7.4597151e+02   7.4000000e+04
   7.4551217e+02   7.3000000e+04
   7.4504761e+02   7.2000000e+04
   7.4457612e+02   7.1000000e+04
   7.4411402e+02   7.0000000e+04
   7.4364853e+02   6.9000000e+04
   7.4318734e+02   6.8000000e+04
   7.4271904e+02   6.7000000e+04
   7.4223763e+02   6.6000000e+04
   7.4182239e+02   6.5000000e+04
   7.4141208e+02   6.4000000e+04
   7.4093916e+02   6.3000000e+04
   7.4047896e+02   6.2000000e+04
   7.4000000e+02   6.1049430e+04
   7.3997502e+02   6.1000000e+04
   7.3951101e+02   6.0000000e+04
   7.3905067e+02   5.9000000e+04
   7.3860486e+02   5.8000000e+04
   7.3809877e+02   5.7000000e+04
   7.3755778e+02   5.6000000e+04
   7.3592028e+02   5.5000000e+04
   7.3474997e+02   5.4000000e+04
   7.3416411e+02   5.3000000e+04
   7.3366124e+02   5.2000000e+04
   7.3318101e+02   5.1000000e+04
   7.3266365e+02   5.0000000e+04
   7.3219644e+02   4.9000000e+04
   7.3165085e+02   4.8000000e+04
   7.3115947e+02   4.7000000e+04
   7.3067838e+02   4.6000000e+04
   7.3019120e+02   4.5000000e+04
   7.3000000e+02   4.4621039e+04
   7.2969036e+02   4.4000000e+04
   7.2921126e+02   4.3000000e+04
   7.2872551e+02   4.2000000e+04
   7.2822429e+02   4.1000000e+04
   7.2772964e+02   4.0000000e+04
   7.2721414e+02   3.9000000e+04
   7.2670770e+02   3.8000000e+04
   7.2621314e+02   3.7000000e+04
   7.2571411e+02   3.6000000e+04
   7.2521251e+02   3.5000000e+04
   7.2468965e+02   3.4000000e+04
   7.2415946e+02   3.3000000e+04
   7.2364032e+02   3.2000000e+04
   7.2312389e+02   3.1000000e+04
   7.2260768e+02   3.0000000e+04
   7.2208795e+02   2.9000000e+04
   7.2154899e+02   2.8000000e+04
   7.2103440e+02   2.7000000e+04
   7.2050230e+02   2.6000000e+04
   7.2000000e+02   2.5068925e+04
   7.1996319e+02   2.5000000e+04
   7.1941525e+02   2.4000000e+04
   7.1888972e+02   2.3000000e+04
   7.1836431e+02   2.2000000e+04
   7.1780483e+02   2.1000000e+04
   7.1724740e+02   2.0000000e+04
   7.1669531e+02   1.9000000e+04
   7.1614172e+02   1.8000000e+04
   7.1558954e+02   1.7000000e+04
   7.1502956e+02   1.6000000e+04
   7.1447139e+02   1.5000000e+04
   7.1389636e+02   1.4000000e+04
   7.1333043e+02   1.3000000e+04
   7.1275326e+02   1.2000000e+04
   7.1254133e+02   1.1000000e+04
   7.1331140e+02   1.0000000e+04
   7.1430242e+02   9.0000000e+03
   7.1407324e+02   8.0000000e+03
   7.1349681e+02   7.0000000e+03
   7.1292055e+02   6.0000000e+03
   7.1000000e+02   5.7182120e+03
   7.0626065e+02   5.0000000e+03
   7.0215550e+02   4.0000000e+03
   7.0165356e+02   3.0000000e+03
   7.0115149e+02   2.0000000e+03
   7.0059111e+02   1.0000000e+03
   7.0000000e+02   0.0000000e+00
   7.0000000e+02   0.0000000e+00
