   5.1152235e+02   1.3500000e+06
   5.1141068e+02   1.3490000e+06
   5.1129904e+02   1.3480000e+06
   5.1118736e+02   1.3470000e+06
   5.1107571e+02   1.3460000e+06
   5.1096407e+02   1.3450000e+06
   5.1084737e+02   1.3440000e+06
   5.1073972e+02   1.3430000e+06
   5.1062736e+02   1.3420000e+06
   5.1051393e+02   1.3410000e+06
   5.1040051e+02   1.3400000e+06
   5.1028718e+02   1.3390000e+06
   5.1017380e+02   1.3380000e+06
   5.1005886e+02   1.3370000e+06
   5.1000000e+02   1.3364764e+06
   5.0994687e+02   1.3360000e+06
   5.0983393e+02   1.3350000e+06
   5.0972106e+02   1.3340000e+06
   5.0960826e+02   1.3330000e+06
   5.0949685e+02   1.3320000e+06
   5.0938431e+02   1.3310000e+06
   5.0927051e+02   1.3300000e+06
   5.0915816e+02   1.3290000e+06
   5.0904574e+02   1.3280000e+06
   5.0893324e+02   1.3270000e+06
   5.0882077e+02   1.3260000e+06
   5.0870811e+02   1.3250000e+06
   5.0859428e+02   1.3240000e+06
   5.0848061e+02   1.3230000e+06
   5.0836576e+02   1.3220000e+06
   5.0825105e+02   1.3210000e+06
   5.0813642e+02   1.3200000e+06
   5.0802235e+02   1.3190000e+06
   5.0790744e+02   1.3180000e+06
   5.0779343e+02   1.3170000e+06
   5.0767942e+02   1.3160000e+06
   5.0756545e+02   1.3150000e+06
   5.0745148e+02   1.3140000e+06
   5.0733758e+02   1.3130000e+06
   5.0721610e+02   1.3120000e+06
   5.0710773e+02   1.3110000e+06
   5.0699064e+02   1.3100000e+06
   5.0687375e+02   1.3090000e+06
   5.0675697e+02   1.3080000e+06
   5.0664023e+02   1.3070000e+06
   5.0652380e+02   1.3060000e+06
   5.0640804e+02   1.3050000e+06
   5.0629089e+02   1.3040000e+06
   5.0617477e+02   1.3030000e+06
   5.0605865e+02   1.3020000e+06
   5.0594260e+02   1.3010000e+06
   5.0582677e+02   1.3000000e+06
   5.0570723e+02   1.2990000e+06
   5.0559297e+02   1.2980000e+06
   5.0547534e+02   1.2970000e+06
   5.0535785e+02   1.2960000e+06
   5.0524034e+02   1.2950000e+06
   5.0512295e+02   1.2940000e+06
   5.0500529e+02   1.2930000e+06
   5.0488692e+02   1.2920000e+06
   5.0476859e+02   1.2910000e+06
   5.0465036e+02   1.2900000e+06
   5.0453225e+02   1.2890000e+06
   5.0441420e+02   1.2880000e+06
   5.0429711e+02   1.2870000e+06
   5.0417773e+02   1.2860000e+06
   5.0405947e+02   1.2850000e+06
   5.0394084e+02   1.2840000e+06
   5.0382228e+02   1.2830000e+06
   5.0370378e+02   1.2820000e+06
   5.0358553e+02   1.2810000e+06
   5.0346492e+02   1.2800000e+06
   5.0334661e+02   1.2790000e+06
   5.0322656e+02   1.2780000e+06
   5.0310665e+02   1.2770000e+06
   5.0298680e+02   1.2760000e+06
   5.0286701e+02   1.2750000e+06
   5.0274742e+02   1.2740000e+06
   5.0262742e+02   1.2730000e+06
   5.0250722e+02   1.2720000e+06
   5.0238706e+02   1.2710000e+06
   5.0226696e+02   1.2700000e+06
   5.0214694e+02   1.2690000e+06
   5.0202685e+02   1.2680000e+06
   5.0190683e+02   1.2670000e+06
   5.0178474e+02   1.2660000e+06
   5.0166307e+02   1.2650000e+06
   5.0154153e+02   1.2640000e+06
   5.0142007e+02   1.2630000e+06
   5.0129947e+02   1.2620000e+06
   5.0119748e+02   1.2610000e+06
   5.0105644e+02   1.2600000e+06
   5.0093781e+02   1.2590000e+06
   5.0081453e+02   1.2580000e+06
   5.0066742e+02   1.2570000e+06
   5.0056613e+02   1.2560000e+06
   5.0046511e+02   1.2550000e+06
   5.0033005e+02   1.2540000e+06
   5.0020932e+02   1.2530000e+06
   5.0010071e+02   1.2520000e+06
   5.0000000e+02   1.2512425e+06
   4.9996858e+02   1.2510000e+06
   4.9984808e+02   1.2500000e+06
   4.9983540e+02   1.2490000e+06
   4.9972250e+02   1.2480000e+06
   4.9962660e+02   1.2470000e+06
   4.9953067e+02   1.2460000e+06
   4.9944107e+02   1.2450000e+06
   4.9934616e+02   1.2440000e+06
   4.9925116e+02   1.2430000e+06
   4.9936985e+02   1.2420000e+06
   4.9927254e+02   1.2410000e+06
   4.9917515e+02   1.2400000e+06
   4.9907773e+02   1.2390000e+06
   4.9908934e+02   1.2380000e+06
   4.9899183e+02   1.2370000e+06
   4.9889433e+02   1.2360000e+06
   4.9879670e+02   1.2350000e+06
   4.9869908e+02   1.2340000e+06
   4.9860138e+02   1.2330000e+06
   4.9861835e+02   1.2320000e+06
   4.9852069e+02   1.2310000e+06
   4.9842301e+02   1.2300000e+06
   4.9832525e+02   1.2290000e+06
   4.9822745e+02   1.2280000e+06
   4.9812957e+02   1.2270000e+06
   4.9814222e+02   1.2260000e+06
   4.9804430e+02   1.2250000e+06
   4.9794635e+02   1.2240000e+06
   4.9784832e+02   1.2230000e+06
   4.9775025e+02   1.2220000e+06
   4.9765215e+02   1.2210000e+06
   4.9755397e+02   1.2200000e+06
   4.9757387e+02   1.2190000e+06
   4.9747566e+02   1.2180000e+06
   4.9737739e+02   1.2170000e+06
   4.9727906e+02   1.2160000e+06
   4.9718071e+02   1.2150000e+06
   4.9708228e+02   1.2140000e+06
   4.9709764e+02   1.2130000e+06
   4.9699917e+02   1.2120000e+06
   4.9690062e+02   1.2110000e+06
   4.9680203e+02   1.2100000e+06
   4.9670341e+02   1.2090000e+06
   4.9660472e+02   1.2080000e+06
   4.9650599e+02   1.2070000e+06
   4.9652424e+02   1.2060000e+06
   4.9642538e+02   1.2050000e+06
   4.9632648e+02   1.2040000e+06
   4.9622754e+02   1.2030000e+06
   4.9612852e+02   1.2020000e+06
   4.9602949e+02   1.2010000e+06
   4.9604653e+02   1.2000000e+06
   4.9594747e+02   1.1990000e+06
   4.9584836e+02   1.1980000e+06
   4.9574921e+02   1.1970000e+06
   4.9564999e+02   1.1960000e+06
   4.9555075e+02   1.1950000e+06
   4.9556166e+02   1.1940000e+06
   4.9546233e+02   1.1930000e+06
   4.9536301e+02   1.1920000e+06
   4.9526357e+02   1.1910000e+06
   4.9516414e+02   1.1900000e+06
   4.9506464e+02   1.1890000e+06
   4.9496506e+02   1.1880000e+06
   4.9497618e+02   1.1870000e+06
   4.9487647e+02   1.1860000e+06
   4.9477668e+02   1.1850000e+06
   4.9467686e+02   1.1840000e+06
   4.9457698e+02   1.1830000e+06
   4.9447705e+02   1.1820000e+06
   4.9448692e+02   1.1810000e+06
   4.9438706e+02   1.1800000e+06
   4.9428710e+02   1.1790000e+06
   4.9418713e+02   1.1780000e+06
   4.9408711e+02   1.1770000e+06
   4.9398701e+02   1.1760000e+06
   4.9399533e+02   1.1750000e+06
   4.9389516e+02   1.1740000e+06
   4.9379493e+02   1.1730000e+06
   4.9369465e+02   1.1720000e+06
   4.9359433e+02   1.1710000e+06
   4.9349397e+02   1.1700000e+06
   4.9339352e+02   1.1690000e+06
   4.9339593e+02   1.1680000e+06
   4.9329543e+02   1.1670000e+06
   4.9319491e+02   1.1660000e+06
   4.9309434e+02   1.1650000e+06
   4.9299369e+02   1.1640000e+06
   4.9289303e+02   1.1630000e+06
   4.9289263e+02   1.1620000e+06
   4.9279178e+02   1.1610000e+06
   4.9269086e+02   1.1600000e+06
   4.9258989e+02   1.1590000e+06
   4.9248890e+02   1.1580000e+06
   4.9238784e+02   1.1570000e+06
   4.9228674e+02   1.1560000e+06
   4.9227469e+02   1.1550000e+06
   4.9217347e+02   1.1540000e+06
   4.9207219e+02   1.1530000e+06
   4.9197086e+02   1.1520000e+06
   4.9186951e+02   1.1510000e+06
   4.9176809e+02   1.1500000e+06
   4.9176164e+02   1.1490000e+06
   4.9166013e+02   1.1480000e+06
   4.9155860e+02   1.1470000e+06
   4.9145700e+02   1.1460000e+06
   4.9135536e+02   1.1450000e+06
   4.9125369e+02   1.1440000e+06
   4.9124858e+02   1.1430000e+06
   4.9114680e+02   1.1420000e+06
   4.9104498e+02   1.1410000e+06
   4.9094313e+02   1.1400000e+06
   4.9084121e+02   1.1390000e+06
   4.9073925e+02   1.1380000e+06
   4.9063721e+02   1.1370000e+06
   4.9061083e+02   1.1360000e+06
   4.9050861e+02   1.1350000e+06
   4.9040625e+02   1.1340000e+06
   4.9030392e+02   1.1330000e+06
   4.9020151e+02   1.1320000e+06
   4.9009902e+02   1.1310000e+06
   4.9008878e+02   1.1300000e+06
   4.9000000e+02   1.1291339e+06
   4.8998581e+02   1.1290000e+06
   4.8987974e+02   1.1280000e+06
   4.8977359e+02   1.1270000e+06
   4.8966742e+02   1.1260000e+06
   4.8956121e+02   1.1250000e+06
   4.8953773e+02   1.1240000e+06
   4.8943141e+02   1.1230000e+06
   4.8932500e+02   1.1220000e+06
   4.8921852e+02   1.1210000e+06
   4.8911200e+02   1.1200000e+06
   4.8900547e+02   1.1190000e+06
   4.8889884e+02   1.1180000e+06
   4.8886396e+02   1.1170000e+06
   4.8875718e+02   1.1160000e+06
   4.8865040e+02   1.1150000e+06
   4.8854355e+02   1.1140000e+06
   4.8843663e+02   1.1130000e+06
   4.8832968e+02   1.1120000e+06
   4.8829712e+02   1.1110000e+06
   4.8819004e+02   1.1100000e+06
   4.8808290e+02   1.1090000e+06
   4.8797571e+02   1.1080000e+06
   4.8786845e+02   1.1070000e+06
   4.8776116e+02   1.1060000e+06
   4.8765378e+02   1.1050000e+06
   4.8762363e+02   1.1040000e+06
   4.8751615e+02   1.1030000e+06
   4.8740858e+02   1.1020000e+06
   4.8730100e+02   1.1010000e+06
   4.8719336e+02   1.1000000e+06
   4.8708565e+02   1.0990000e+06
   4.8703986e+02   1.0980000e+06
   4.8693204e+02   1.0970000e+06
   4.8682415e+02   1.0960000e+06
   4.8671622e+02   1.0950000e+06
   4.8660821e+02   1.0940000e+06
   4.8650017e+02   1.0930000e+06
   4.8645631e+02   1.0920000e+06
   4.8634816e+02   1.0910000e+06
   4.8623989e+02   1.0900000e+06
   4.8613163e+02   1.0890000e+06
   4.8602326e+02   1.0880000e+06
   4.8591487e+02   1.0870000e+06
   4.8580639e+02   1.0860000e+06
   4.8574802e+02   1.0850000e+06
   4.8563946e+02   1.0840000e+06
   4.8553082e+02   1.0830000e+06
   4.8542210e+02   1.0820000e+06
   4.8531332e+02   1.0810000e+06
   4.8520452e+02   1.0800000e+06
   4.8516193e+02   1.0790000e+06
   4.8505299e+02   1.0780000e+06
   4.8494399e+02   1.0770000e+06
   4.8483494e+02   1.0760000e+06
   4.8472584e+02   1.0750000e+06
   4.8461665e+02   1.0740000e+06
   4.8455900e+02   1.0730000e+06
   4.8444970e+02   1.0720000e+06
   4.8434035e+02   1.0710000e+06
   4.8423095e+02   1.0700000e+06
   4.8412148e+02   1.0690000e+06
   4.8401194e+02   1.0680000e+06
   4.8390235e+02   1.0670000e+06
   4.8382601e+02   1.0660000e+06
   4.8371632e+02   1.0650000e+06
   4.8360654e+02   1.0640000e+06
   4.8349671e+02   1.0630000e+06
   4.8338681e+02   1.0620000e+06
   4.8327687e+02   1.0610000e+06
   4.8321958e+02   1.0600000e+06
   4.8310947e+02   1.0590000e+06
   4.8299934e+02   1.0580000e+06
   4.8288915e+02   1.0570000e+06
   4.8277890e+02   1.0560000e+06
   4.8266858e+02   1.0550000e+06
   4.8255823e+02   1.0540000e+06
   4.8248401e+02   1.0530000e+06
   4.8237354e+02   1.0520000e+06
   4.8226296e+02   1.0510000e+06
   4.8215233e+02   1.0500000e+06
   4.8204163e+02   1.0490000e+06
   4.8193090e+02   1.0480000e+06
   4.8186148e+02   1.0470000e+06
   4.8175064e+02   1.0460000e+06
   4.8163968e+02   1.0450000e+06
   4.8152868e+02   1.0440000e+06
   4.8141767e+02   1.0430000e+06
   4.8130651e+02   1.0420000e+06
   4.8122379e+02   1.0410000e+06
   4.8111254e+02   1.0400000e+06
   4.8100125e+02   1.0390000e+06
   4.8088989e+02   1.0380000e+06
   4.8077845e+02   1.0370000e+06
   4.8066693e+02   1.0360000e+06
   4.8055539e+02   1.0350000e+06
   4.8047990e+02   1.0340000e+06
   4.8036820e+02   1.0330000e+06
   4.8025647e+02   1.0320000e+06
   4.8014466e+02   1.0310000e+06
   4.8003283e+02   1.0300000e+06
   4.8000000e+02   1.0297067e+06
   4.7992465e+02   1.0290000e+06
   4.7984099e+02   1.0280000e+06
   4.7973431e+02   1.0270000e+06
   4.7962761e+02   1.0260000e+06
   4.7952079e+02   1.0250000e+06
   4.7941399e+02   1.0240000e+06
   4.7930707e+02   1.0230000e+06
   4.7922819e+02   1.0220000e+06
   4.7912106e+02   1.0210000e+06
   4.7901384e+02   1.0200000e+06
   4.7890661e+02   1.0190000e+06
   4.7879925e+02   1.0180000e+06
   4.7869191e+02   1.0170000e+06
   4.7858446e+02   1.0160000e+06
   4.7849372e+02   1.0150000e+06
   4.7838619e+02   1.0140000e+06
   4.7827860e+02   1.0130000e+06
   4.7817093e+02   1.0120000e+06
   4.7817136e+02   1.0110000e+06
   4.7811998e+02   1.0100000e+06
   4.7799126e+02   1.0090000e+06
   4.7801493e+02   1.0080000e+06
   4.7777113e+02   1.0070000e+06
   4.7762324e+02   1.0060000e+06
   4.7751805e+02   1.0050000e+06
   4.7741892e+02   1.0040000e+06
   4.7728088e+02   1.0030000e+06
   4.7718048e+02   1.0020000e+06
   4.7706121e+02   1.0010000e+06
   4.7694403e+02   1.0000000e+06
   4.7681658e+02   9.9900000e+05
   4.7667464e+02   9.9800000e+05
   4.7653542e+02   9.9700000e+05
   4.7639611e+02   9.9600000e+05
   4.7625780e+02   9.9500000e+05
   4.7611999e+02   9.9400000e+05
   4.7594096e+02   9.9300000e+05
   4.7582337e+02   9.9200000e+05
   4.7566349e+02   9.9100000e+05
   4.7550349e+02   9.9000000e+05
   4.7534479e+02   9.8900000e+05
   4.7518405e+02   9.8800000e+05
   4.7503036e+02   9.8700000e+05
   4.7486099e+02   9.8600000e+05
   4.7468059e+02   9.8500000e+05
   4.7449887e+02   9.8400000e+05
   4.7432058e+02   9.8300000e+05
   4.7414525e+02   9.8200000e+05
   4.7396913e+02   9.8100000e+05
   4.7368149e+02   9.8000000e+05
   4.7357502e+02   9.7900000e+05
   4.7336409e+02   9.7800000e+05
   4.7315441e+02   9.7700000e+05
   4.7294689e+02   9.7600000e+05
   4.7273825e+02   9.7500000e+05
   4.7255206e+02   9.7400000e+05
   4.7229340e+02   9.7300000e+05
   4.7204617e+02   9.7200000e+05
   4.7179995e+02   9.7100000e+05
   4.7155653e+02   9.7000000e+05
   4.7131579e+02   9.6900000e+05
   4.7107692e+02   9.6800000e+05
   4.7080392e+02   9.6700000e+05
   4.7050570e+02   9.6600000e+05
   4.7021011e+02   9.6500000e+05
   4.7000000e+02   9.6427925e+05
   4.6991929e+02   9.6400000e+05
   4.6963368e+02   9.6300000e+05
   4.6935179e+02   9.6200000e+05
   4.6906764e+02   9.6100000e+05
   4.6868062e+02   9.6000000e+05
   4.6831593e+02   9.5900000e+05
   4.6794393e+02   9.5800000e+05
   4.6758927e+02   9.5700000e+05
   4.6724026e+02   9.5600000e+05
   4.6688368e+02   9.5500000e+05
   4.6643293e+02   9.5400000e+05
   4.6595022e+02   9.5300000e+05
   4.6542345e+02   9.5200000e+05
   4.6477246e+02   9.5100000e+05
   4.6429662e+02   9.5000000e+05
   4.6367397e+02   9.4900000e+05
   4.6353320e+02   9.4800000e+05
   4.6285258e+02   9.4700000e+05
   4.6202838e+02   9.4600000e+05
   4.6131435e+02   9.4500000e+05
   4.6078327e+02   9.4400000e+05
   4.6000000e+02   9.4307219e+05
   4.5993207e+02   9.4300000e+05
   4.5931907e+02   9.4200000e+05
   4.5863628e+02   9.4100000e+05
   4.5797019e+02   9.4000000e+05
   4.5769220e+02   9.3900000e+05
   4.5756564e+02   9.3800000e+05
   4.5746529e+02   9.3700000e+05
   4.5737987e+02   9.3600000e+05
   4.5725497e+02   9.3500000e+05
   4.5714929e+02   9.3400000e+05
   4.5704763e+02   9.3300000e+05
   4.5694513e+02   9.3200000e+05
   4.5684220e+02   9.3100000e+05
   4.5673851e+02   9.3000000e+05
   4.5663398e+02   9.2900000e+05
   4.5653049e+02   9.2800000e+05
   4.5642701e+02   9.2700000e+05
   4.5631997e+02   9.2600000e+05
   4.5621586e+02   9.2500000e+05
   4.5611232e+02   9.2400000e+05
   4.5600893e+02   9.2300000e+05
   4.5590539e+02   9.2200000e+05
   4.5580191e+02   9.2100000e+05
   4.5569519e+02   9.2000000e+05
   4.5559288e+02   9.1900000e+05
   4.5549252e+02   9.1800000e+05
   4.5538883e+02   9.1700000e+05
   4.5528511e+02   9.1600000e+05
   4.5518137e+02   9.1500000e+05
   4.5508102e+02   9.1400000e+05
   4.5497587e+02   9.1300000e+05
   4.5486795e+02   9.1200000e+05
   4.5476406e+02   9.1100000e+05
   4.5466008e+02   9.1000000e+05
   4.5455473e+02   9.0900000e+05
   4.5444929e+02   9.0800000e+05
   4.5434457e+02   9.0700000e+05
   4.5423914e+02   9.0600000e+05
   4.5413388e+02   9.0500000e+05
   4.5402820e+02   9.0400000e+05
   4.5392434e+02   9.0300000e+05
   4.5382120e+02   9.0200000e+05
   4.5371805e+02   9.0100000e+05
   4.5361482e+02   9.0000000e+05
   4.5350928e+02   8.9900000e+05
   4.5340606e+02   8.9800000e+05
   4.5329602e+02   8.9700000e+05
   4.5319580e+02   8.9600000e+05
   4.5308958e+02   8.9500000e+05
   4.5298354e+02   8.9400000e+05
   4.5287766e+02   8.9300000e+05
   4.5277140e+02   8.9200000e+05
   4.5266508e+02   8.9100000e+05
   4.5256058e+02   8.9000000e+05
   4.5245618e+02   8.8900000e+05
   4.5235185e+02   8.8800000e+05
   4.5224536e+02   8.8700000e+05
   4.5213576e+02   8.8600000e+05
   4.5203124e+02   8.8500000e+05
   4.5192611e+02   8.8400000e+05
   4.5182047e+02   8.8300000e+05
   4.5171523e+02   8.8200000e+05
   4.5161466e+02   8.8100000e+05
   4.5150888e+02   8.8000000e+05
   4.5140302e+02   8.7900000e+05
   4.5129331e+02   8.7800000e+05
   4.5118902e+02   8.7700000e+05
   4.5108129e+02   8.7600000e+05
   4.5097414e+02   8.7500000e+05
   4.5086875e+02   8.7400000e+05
   4.5076082e+02   8.7300000e+05
   4.5065285e+02   8.7200000e+05
   4.5054743e+02   8.7100000e+05
   4.5044268e+02   8.7000000e+05
   4.5033071e+02   8.6900000e+05
   4.5022919e+02   8.6800000e+05
   4.5011770e+02   8.6700000e+05
   4.5001285e+02   8.6600000e+05
   4.5000000e+02   8.6587886e+05
   4.4990762e+02   8.6500000e+05
   4.4980088e+02   8.6400000e+05
   4.4969446e+02   8.6300000e+05
   4.4959004e+02   8.6200000e+05
   4.4949008e+02   8.6100000e+05
   4.4938308e+02   8.6000000e+05
   4.4927616e+02   8.5900000e+05
   4.4917168e+02   8.5800000e+05
   4.4906718e+02   8.5700000e+05
   4.4896105e+02   8.5600000e+05
   4.4885451e+02   8.5500000e+05
   4.4874538e+02   8.5400000e+05
   4.4863967e+02   8.5300000e+05
   4.4853430e+02   8.5200000e+05
   4.4842693e+02   8.5100000e+05
   4.4831956e+02   8.5000000e+05
   4.4821221e+02   8.4900000e+05
   4.4810503e+02   8.4800000e+05
   4.4799746e+02   8.4700000e+05
   4.4789003e+02   8.4600000e+05
   4.4778246e+02   8.4500000e+05
   4.4767499e+02   8.4400000e+05
   4.4757367e+02   8.4300000e+05
   4.4746744e+02   8.4200000e+05
   4.4735989e+02   8.4100000e+05
   4.4725174e+02   8.4000000e+05
   4.4714593e+02   8.3900000e+05
   4.4704014e+02   8.3800000e+05
   4.4693333e+02   8.3700000e+05
   4.4682596e+02   8.3600000e+05
   4.4671639e+02   8.3500000e+05
   4.4661051e+02   8.3400000e+05
   4.4650378e+02   8.3300000e+05
   4.4639568e+02   8.3200000e+05
   4.4628759e+02   8.3100000e+05
   4.4617956e+02   8.3000000e+05
   4.4607174e+02   8.2900000e+05
   4.4596344e+02   8.2800000e+05
   4.4585457e+02   8.2700000e+05
   4.4574631e+02   8.2600000e+05
   4.4563744e+02   8.2500000e+05
   4.4553062e+02   8.2400000e+05
   4.4542223e+02   8.2300000e+05
   4.4531326e+02   8.2200000e+05
   4.4521060e+02   8.2100000e+05
   4.4509676e+02   8.2000000e+05
   4.4499046e+02   8.1900000e+05
   4.4488381e+02   8.1800000e+05
   4.4477686e+02   8.1700000e+05
   4.4466908e+02   8.1600000e+05
   4.4456267e+02   8.1500000e+05
   4.4445554e+02   8.1400000e+05
   4.4434565e+02   8.1300000e+05
   4.4423624e+02   8.1200000e+05
   4.4412683e+02   8.1100000e+05
   4.4401738e+02   8.1000000e+05
   4.4390846e+02   8.0900000e+05
   4.4379886e+02   8.0800000e+05
   4.4368956e+02   8.0700000e+05
   4.4358006e+02   8.0600000e+05
   4.4347052e+02   8.0500000e+05
   4.4336093e+02   8.0400000e+05
   4.4325133e+02   8.0300000e+05
   4.4314163e+02   8.0200000e+05
   4.4303331e+02   8.0100000e+05
   4.4292600e+02   8.0000000e+05
   4.4281824e+02   7.9900000e+05
   4.4271012e+02   7.9800000e+05
   4.4260101e+02   7.9700000e+05
   4.4249327e+02   7.9600000e+05
   4.4237844e+02   7.9500000e+05
   4.4227484e+02   7.9400000e+05
   4.4216474e+02   7.9300000e+05
   4.4205460e+02   7.9200000e+05
   4.4194449e+02   7.9100000e+05
   4.4183426e+02   7.9000000e+05
   4.4172391e+02   7.8900000e+05
   4.4161440e+02   7.8800000e+05
   4.4150305e+02   7.8700000e+05
   4.4139354e+02   7.8600000e+05
   4.4128247e+02   7.8500000e+05
   4.4117252e+02   7.8400000e+05
   4.4106263e+02   7.8300000e+05
   4.4095215e+02   7.8200000e+05
   4.4084411e+02   7.8100000e+05
   4.4073599e+02   7.8000000e+05
   4.4062771e+02   7.7900000e+05
   4.4051912e+02   7.7800000e+05
   4.4041100e+02   7.7700000e+05
   4.4030225e+02   7.7600000e+05
   4.4019103e+02   7.7500000e+05
   4.4007959e+02   7.7400000e+05
   4.4000000e+02   7.7328630e+05
   4.3996832e+02   7.7300000e+05
   4.3985763e+02   7.7200000e+05
   4.3974690e+02   7.7100000e+05
   4.3963613e+02   7.7000000e+05
   4.3952646e+02   7.6900000e+05
   4.3941515e+02   7.6800000e+05
   4.3930464e+02   7.6700000e+05
   4.3919417e+02   7.6600000e+05
   4.3908372e+02   7.6500000e+05
   4.3897392e+02   7.6400000e+05
   4.3886429e+02   7.6300000e+05
   4.3875461e+02   7.6200000e+05
   4.3864655e+02   7.6100000e+05
   4.3853789e+02   7.6000000e+05
   4.3842907e+02   7.5900000e+05
   4.3831971e+02   7.5800000e+05
   4.3821104e+02   7.5700000e+05
   4.3810069e+02   7.5600000e+05
   4.3798960e+02   7.5500000e+05
   4.3787886e+02   7.5400000e+05
   4.3776809e+02   7.5300000e+05
   4.3765731e+02   7.5200000e+05
   4.3754735e+02   7.5100000e+05
   4.3743548e+02   7.5000000e+05
   4.3732452e+02   7.4900000e+05
   4.3721334e+02   7.4800000e+05
   4.3710208e+02   7.4700000e+05
   4.3699079e+02   7.4600000e+05
   4.3687920e+02   7.4500000e+05
   4.3676848e+02   7.4400000e+05
   4.3665815e+02   7.4300000e+05
   4.3654790e+02   7.4200000e+05
   4.3643754e+02   7.4100000e+05
   4.3632712e+02   7.4000000e+05
   4.3621634e+02   7.3900000e+05
   4.3610131e+02   7.3800000e+05
   4.3599453e+02   7.3700000e+05
   4.3588230e+02   7.3600000e+05
   4.3577045e+02   7.3500000e+05
   4.3565863e+02   7.3400000e+05
   4.3554676e+02   7.3300000e+05
   4.3543535e+02   7.3200000e+05
   4.3532276e+02   7.3100000e+05
   4.3521029e+02   7.3000000e+05
   4.3509778e+02   7.2900000e+05
   4.3498520e+02   7.2800000e+05
   4.3487256e+02   7.2700000e+05
   4.3475988e+02   7.2600000e+05
   4.3465589e+02   7.2500000e+05
   4.3453782e+02   7.2400000e+05
   4.3442775e+02   7.2300000e+05
   4.3431744e+02   7.2200000e+05
   4.3420706e+02   7.2100000e+05
   4.3409589e+02   7.2000000e+05
   4.3397995e+02   7.1900000e+05
   4.3387310e+02   7.1800000e+05
   4.3375954e+02   7.1700000e+05
   4.3364668e+02   7.1600000e+05
   4.3353379e+02   7.1500000e+05
   4.3342084e+02   7.1400000e+05
   4.3330860e+02   7.1300000e+05
   4.3319479e+02   7.1200000e+05
   4.3307992e+02   7.1100000e+05
   4.3296537e+02   7.1000000e+05
   4.3285076e+02   7.0900000e+05
   4.3273604e+02   7.0800000e+05
   4.3262159e+02   7.0700000e+05
   4.3251546e+02   7.0600000e+05
   4.3239404e+02   7.0500000e+05
   4.3228118e+02   7.0400000e+05
   4.3216904e+02   7.0300000e+05
   4.3205691e+02   7.0200000e+05
   4.3194744e+02   7.0100000e+05
   4.3183326e+02   7.0000000e+05
   4.3172068e+02   6.9900000e+05
   4.3160858e+02   6.9800000e+05
   4.3149652e+02   6.9700000e+05
   4.3138435e+02   6.9600000e+05
   4.3127214e+02   6.9500000e+05
   4.3115994e+02   6.9400000e+05
   4.3103304e+02   6.9300000e+05
   4.3092955e+02   6.9200000e+05
   4.3081570e+02   6.9100000e+05
   4.3069870e+02   6.9000000e+05
   4.3058162e+02   6.8900000e+05
   4.3046215e+02   6.8800000e+05
   4.3034702e+02   6.8700000e+05
   4.3023205e+02   6.8600000e+05
   4.3012115e+02   6.8500000e+05
   4.3000827e+02   6.8400000e+05
   4.3000000e+02   6.8392678e+05
   4.2989621e+02   6.8300000e+05
   4.2978416e+02   6.8200000e+05
   4.2966999e+02   6.8100000e+05
   4.2955733e+02   6.8000000e+05
   4.2944571e+02   6.7900000e+05
   4.2933113e+02   6.7800000e+05
   4.2921616e+02   6.7700000e+05
   4.2910146e+02   6.7600000e+05
   4.2898416e+02   6.7500000e+05
   4.2887179e+02   6.7400000e+05
   4.2875611e+02   6.7300000e+05
   4.2864695e+02   6.7200000e+05
   4.2854247e+02   6.7100000e+05
   4.2842206e+02   6.7000000e+05
   4.2830850e+02   6.6900000e+05
   4.2819249e+02   6.6800000e+05
   4.2807730e+02   6.6700000e+05
   4.2796213e+02   6.6600000e+05
   4.2784677e+02   6.6500000e+05
   4.2773064e+02   6.6400000e+05
   4.2761518e+02   6.6300000e+05
   4.2749952e+02   6.6200000e+05
   4.2738470e+02   6.6100000e+05
   4.2726875e+02   6.6000000e+05
   4.2715518e+02   6.5900000e+05
   4.2703861e+02   6.5800000e+05
   4.2692298e+02   6.5700000e+05
   4.2680610e+02   6.5600000e+05
   4.2669164e+02   6.5500000e+05
   4.2657613e+02   6.5400000e+05
   4.2646269e+02   6.5300000e+05
   4.2634800e+02   6.5200000e+05
   4.2623575e+02   6.5100000e+05
   4.2612083e+02   6.5000000e+05
   4.2600408e+02   6.4900000e+05
   4.2588910e+02   6.4800000e+05
   4.2577330e+02   6.4700000e+05
   4.2565747e+02   6.4600000e+05
   4.2553876e+02   6.4500000e+05
   4.2542280e+02   6.4400000e+05
   4.2530680e+02   6.4300000e+05
   4.2519060e+02   6.4200000e+05
   4.2507534e+02   6.4100000e+05
   4.2495963e+02   6.4000000e+05
   4.2484758e+02   6.3900000e+05
   4.2473168e+02   6.3800000e+05
   4.2461529e+02   6.3700000e+05
   4.2449819e+02   6.3600000e+05
   4.2438283e+02   6.3500000e+05
   4.2426717e+02   6.3400000e+05
   4.2415093e+02   6.3300000e+05
   4.2403016e+02   6.3200000e+05
   4.2391374e+02   6.3100000e+05
   4.2379690e+02   6.3000000e+05
   4.2368028e+02   6.2900000e+05
   4.2356385e+02   6.2800000e+05
   4.2344684e+02   6.2700000e+05
   4.2333434e+02   6.2600000e+05
   4.2321714e+02   6.2500000e+05
   4.2309941e+02   6.2400000e+05
   4.2297972e+02   6.2300000e+05
   4.2286473e+02   6.2200000e+05
   4.2274790e+02   6.2100000e+05
   4.2267111e+02   6.2000000e+05
   4.2250899e+02   6.1900000e+05
   4.2239198e+02   6.1800000e+05
   4.2227494e+02   6.1700000e+05
   4.2215698e+02   6.1600000e+05
   4.2203779e+02   6.1500000e+05
   4.2191893e+02   6.1400000e+05
   4.2180016e+02   6.1300000e+05
   4.2168113e+02   6.1200000e+05
   4.2156234e+02   6.1100000e+05
   4.2144411e+02   6.1000000e+05
   4.2132731e+02   6.0900000e+05
   4.2120990e+02   6.0800000e+05
   4.2109280e+02   6.0700000e+05
   4.2097565e+02   6.0600000e+05
   4.2085861e+02   6.0500000e+05
   4.2074102e+02   6.0400000e+05
   4.2062140e+02   6.0300000e+05
   4.2050160e+02   6.0200000e+05
   4.2038163e+02   6.0100000e+05
   4.2026180e+02   6.0000000e+05
   4.2014162e+02   5.9900000e+05
   4.2002147e+02   5.9800000e+05
   4.2000000e+02   5.9781919e+05
   4.1990359e+02   5.9700000e+05
   4.1978670e+02   5.9600000e+05
   4.1966966e+02   5.9500000e+05
   4.1955280e+02   5.9400000e+05
   4.1943561e+02   5.9300000e+05
   4.1931835e+02   5.9200000e+05
   4.1919324e+02   5.9100000e+05
   4.1908068e+02   5.9000000e+05
   4.1896090e+02   5.8900000e+05
   4.1888872e+02   5.8800000e+05
   4.1872107e+02   5.8700000e+05
   4.1860104e+02   5.8600000e+05
   4.1848093e+02   5.8500000e+05
   4.1836280e+02   5.8400000e+05
   4.1824482e+02   5.8300000e+05
   4.1812679e+02   5.8200000e+05
   4.1800874e+02   5.8100000e+05
   4.1789053e+02   5.8000000e+05
   4.1777225e+02   5.7900000e+05
   4.1765263e+02   5.7800000e+05
   4.1753185e+02   5.7700000e+05
   4.1741098e+02   5.7600000e+05
   4.1729019e+02   5.7500000e+05
   4.1716912e+02   5.7400000e+05
   4.1704801e+02   5.7300000e+05
   4.1692714e+02   5.7200000e+05
   4.1680822e+02   5.7100000e+05
   4.1668926e+02   5.7000000e+05
   4.1661017e+02   5.6900000e+05
   4.1645098e+02   5.6800000e+05
   4.1633172e+02   5.6700000e+05
   4.1620524e+02   5.6600000e+05
   4.1609184e+02   5.6500000e+05
   4.1597044e+02   5.6400000e+05
   4.1584853e+02   5.6300000e+05
   4.1572659e+02   5.6200000e+05
   4.1560453e+02   5.6100000e+05
   4.1548167e+02   5.6000000e+05
   4.1536057e+02   5.5900000e+05
   4.1523961e+02   5.5800000e+05
   4.1512096e+02   5.5700000e+05
   4.1500084e+02   5.5600000e+05
   4.1487907e+02   5.5500000e+05
   4.1475993e+02   5.5400000e+05
   4.1463632e+02   5.5300000e+05
   4.1451767e+02   5.5200000e+05
   4.1439699e+02   5.5100000e+05
   4.1427619e+02   5.5000000e+05
   4.1415226e+02   5.4900000e+05
   4.1403138e+02   5.4800000e+05
   4.1391042e+02   5.4700000e+05
   4.1378887e+02   5.4600000e+05
   4.1366639e+02   5.4500000e+05
   4.1354292e+02   5.4400000e+05
   4.1342195e+02   5.4300000e+05
   4.1329824e+02   5.4200000e+05
   4.1317326e+02   5.4100000e+05
   4.1305067e+02   5.4000000e+05
   4.1292735e+02   5.3900000e+05
   4.1280768e+02   5.3800000e+05
   4.1270210e+02   5.3700000e+05
   4.1256192e+02   5.3600000e+05
   4.1243971e+02   5.3500000e+05
   4.1231235e+02   5.3400000e+05
   4.1219300e+02   5.3300000e+05
   4.1206906e+02   5.3200000e+05
   4.1194438e+02   5.3100000e+05
   4.1182098e+02   5.3000000e+05
   4.1169603e+02   5.2900000e+05
   4.1157004e+02   5.2800000e+05
   4.1144704e+02   5.2700000e+05
   4.1132415e+02   5.2600000e+05
   4.1120112e+02   5.2500000e+05
   4.1107724e+02   5.2400000e+05
   4.1095412e+02   5.2300000e+05
   4.1083094e+02   5.2200000e+05
   4.1070735e+02   5.2100000e+05
   4.1058174e+02   5.2000000e+05
   4.1045801e+02   5.1900000e+05
   4.1033668e+02   5.1800000e+05
   4.1021071e+02   5.1700000e+05
   4.1008979e+02   5.1600000e+05
   4.1000000e+02   5.1528867e+05
   4.0996384e+02   5.1500000e+05
   4.0984022e+02   5.1400000e+05
   4.0971589e+02   5.1300000e+05
   4.0959042e+02   5.1200000e+05
   4.0946491e+02   5.1100000e+05
   4.0933937e+02   5.1000000e+05
   4.0921249e+02   5.0900000e+05
   4.0908899e+02   5.0800000e+05
   4.0896540e+02   5.0700000e+05
   4.0884172e+02   5.0600000e+05
   4.0871794e+02   5.0500000e+05
   4.0859403e+02   5.0400000e+05
   4.0847002e+02   5.0300000e+05
   4.0834457e+02   5.0200000e+05
   4.0821942e+02   5.0100000e+05
   4.0809648e+02   5.0000000e+05
   4.0797149e+02   4.9900000e+05
   4.0784640e+02   4.9800000e+05
   4.0771893e+02   4.9700000e+05
   4.0759447e+02   4.9600000e+05
   4.0746837e+02   4.9500000e+05
   4.0734267e+02   4.9400000e+05
   4.0721594e+02   4.9300000e+05
   4.0708915e+02   4.9200000e+05
   4.0696233e+02   4.9100000e+05
   4.0683430e+02   4.9000000e+05
   4.0670938e+02   4.8900000e+05
   4.0658341e+02   4.8800000e+05
   4.0645780e+02   4.8700000e+05
   4.0633207e+02   4.8600000e+05
   4.0620625e+02   4.8500000e+05
   4.0608034e+02   4.8400000e+05
   4.0595429e+02   4.8300000e+05
   4.0582815e+02   4.8200000e+05
   4.0570193e+02   4.8100000e+05
   4.0557559e+02   4.8000000e+05
   4.0544914e+02   4.7900000e+05
   4.0532259e+02   4.7800000e+05
   4.0519592e+02   4.7700000e+05
   4.0506796e+02   4.7600000e+05
   4.0493879e+02   4.7500000e+05
   4.0480948e+02   4.7400000e+05
   4.0468008e+02   4.7300000e+05
   4.0455060e+02   4.7200000e+05
   4.0442097e+02   4.7100000e+05
   4.0429157e+02   4.7000000e+05
   4.0416404e+02   4.6900000e+05
   4.0403642e+02   4.6800000e+05
   4.0390866e+02   4.6700000e+05
   4.0378080e+02   4.6600000e+05
   4.0365285e+02   4.6500000e+05
   4.0352478e+02   4.6400000e+05
   4.0339661e+02   4.6300000e+05
   4.0326830e+02   4.6200000e+05
   4.0313988e+02   4.6100000e+05
   4.0301140e+02   4.6000000e+05
   4.0288273e+02   4.5900000e+05
   4.0275400e+02   4.5800000e+05
   4.0262515e+02   4.5700000e+05
   4.0249612e+02   4.5600000e+05
   4.0236605e+02   4.5500000e+05
   4.0223649e+02   4.5400000e+05
   4.0210690e+02   4.5300000e+05
   4.0197732e+02   4.5200000e+05
   4.0184158e+02   4.5100000e+05
   4.0171505e+02   4.5000000e+05
   4.0158368e+02   4.4900000e+05
   4.0145185e+02   4.4800000e+05
   4.0131984e+02   4.4700000e+05
   4.0118737e+02   4.4600000e+05
   4.0105619e+02   4.4500000e+05
   4.0092497e+02   4.4400000e+05
   4.0079451e+02   4.4300000e+05
   4.0066396e+02   4.4200000e+05
   4.0053323e+02   4.4100000e+05
   4.0040241e+02   4.4000000e+05
   4.0027151e+02   4.3900000e+05
   4.0014044e+02   4.3800000e+05
   4.0000927e+02   4.3700000e+05
   4.0000000e+02   4.3692938e+05
   3.9987907e+02   4.3600000e+05
   3.9974883e+02   4.3500000e+05
   3.9961862e+02   4.3400000e+05
   3.9948804e+02   4.3300000e+05
   3.9935720e+02   4.3200000e+05
   3.9922639e+02   4.3100000e+05
   3.9909582e+02   4.3000000e+05
   3.9896451e+02   4.2900000e+05
   3.9884879e+02   4.2800000e+05
   3.9871249e+02   4.2700000e+05
   3.9857988e+02   4.2600000e+05
   3.9844326e+02   4.2500000e+05
   3.9833694e+02   4.2400000e+05
   3.9828725e+02   4.2300000e+05
   3.9826407e+02   4.2200000e+05
   3.9819173e+02   4.2100000e+05
   3.9814420e+02   4.2000000e+05
   3.9808775e+02   4.1900000e+05
   3.9796574e+02   4.1800000e+05
   3.9786508e+02   4.1700000e+05
   3.9776103e+02   4.1600000e+05
   3.9772020e+02   4.1500000e+05
   3.9762991e+02   4.1400000e+05
   3.9752917e+02   4.1300000e+05
   3.9743595e+02   4.1200000e+05
   3.9732339e+02   4.1100000e+05
   3.9721091e+02   4.1000000e+05
   3.9709927e+02   4.0900000e+05
   3.9698814e+02   4.0800000e+05
   3.9687759e+02   4.0700000e+05
   3.9676389e+02   4.0600000e+05
   3.9664472e+02   4.0500000e+05
   3.9652529e+02   4.0400000e+05
   3.9640698e+02   4.0300000e+05
   3.9628807e+02   4.0200000e+05
   3.9616940e+02   4.0100000e+05
   3.9605105e+02   4.0000000e+05
   3.9592820e+02   3.9900000e+05
   3.9580493e+02   3.9800000e+05
   3.9568086e+02   3.9700000e+05
   3.9555604e+02   3.9600000e+05
   3.9543070e+02   3.9500000e+05
   3.9530420e+02   3.9400000e+05
   3.9517707e+02   3.9300000e+05
   3.9504976e+02   3.9200000e+05
   3.9492129e+02   3.9100000e+05
   3.9479208e+02   3.9000000e+05
   3.9466269e+02   3.8900000e+05
   3.9453360e+02   3.8800000e+05
   3.9440299e+02   3.8700000e+05
   3.9427207e+02   3.8600000e+05
   3.9414073e+02   3.8500000e+05
   3.9400928e+02   3.8400000e+05
   3.9387708e+02   3.8300000e+05
   3.9374443e+02   3.8200000e+05
   3.9361158e+02   3.8100000e+05
   3.9347830e+02   3.8000000e+05
   3.9334476e+02   3.7900000e+05
   3.9321041e+02   3.7800000e+05
   3.9307533e+02   3.7700000e+05
   3.9294071e+02   3.7600000e+05
   3.9280530e+02   3.7500000e+05
   3.9266946e+02   3.7400000e+05
   3.9253320e+02   3.7300000e+05
   3.9239720e+02   3.7200000e+05
   3.9226048e+02   3.7100000e+05
   3.9212363e+02   3.7000000e+05
   3.9198639e+02   3.6900000e+05
   3.9184861e+02   3.6800000e+05
   3.9171052e+02   3.6700000e+05
   3.9157162e+02   3.6600000e+05
   3.9143284e+02   3.6500000e+05
   3.9129382e+02   3.6400000e+05
   3.9115488e+02   3.6300000e+05
   3.9101544e+02   3.6200000e+05
   3.9087537e+02   3.6100000e+05
   3.9073581e+02   3.6000000e+05
   3.9059541e+02   3.5900000e+05
   3.9045445e+02   3.5800000e+05
   3.9031327e+02   3.5700000e+05
   3.9017258e+02   3.5600000e+05
   3.9003108e+02   3.5500000e+05
   3.9000000e+02   3.5477458e+05
   3.8989423e+02   3.5400000e+05
   3.8975458e+02   3.5300000e+05
   3.8961336e+02   3.5200000e+05
   3.8947236e+02   3.5100000e+05
   3.8933090e+02   3.5000000e+05
   3.8918883e+02   3.4900000e+05
   3.8904638e+02   3.4800000e+05
   3.8890380e+02   3.4700000e+05
   3.8876109e+02   3.4600000e+05
   3.8861805e+02   3.4500000e+05
   3.8847491e+02   3.4400000e+05
   3.8833114e+02   3.4300000e+05
   3.8818756e+02   3.4200000e+05
   3.8804371e+02   3.4100000e+05
   3.8789929e+02   3.4000000e+05
   3.8775471e+02   3.3900000e+05
   3.8760983e+02   3.3800000e+05
   3.8746482e+02   3.3700000e+05
   3.8731972e+02   3.3600000e+05
   3.8717438e+02   3.3500000e+05
   3.8702899e+02   3.3400000e+05
   3.8688569e+02   3.3300000e+05
   3.8674281e+02   3.3200000e+05
   3.8659977e+02   3.3100000e+05
   3.8645303e+02   3.3000000e+05
   3.8630627e+02   3.2900000e+05
   3.8615920e+02   3.2800000e+05
   3.8601162e+02   3.2700000e+05
   3.8586377e+02   3.2600000e+05
   3.8571638e+02   3.2500000e+05
   3.8556817e+02   3.2400000e+05
   3.8541973e+02   3.2300000e+05
   3.8527119e+02   3.2200000e+05
   3.8512247e+02   3.2100000e+05
   3.8497546e+02   3.2000000e+05
   3.8482595e+02   3.1900000e+05
   3.8467726e+02   3.1800000e+05
   3.8452704e+02   3.1700000e+05
   3.8437950e+02   3.1600000e+05
   3.8422963e+02   3.1500000e+05
   3.8407932e+02   3.1400000e+05
   3.8392883e+02   3.1300000e+05
   3.8377792e+02   3.1200000e+05
   3.8362669e+02   3.1100000e+05
   3.8347533e+02   3.1000000e+05
   3.8332332e+02   3.0900000e+05
   3.8317158e+02   3.0800000e+05
   3.8302072e+02   3.0700000e+05
   3.8287313e+02   3.0600000e+05
   3.8316678e+02   3.0500000e+05
   3.8383416e+02   3.0400000e+05
   3.8437181e+02   3.0300000e+05
   3.8493010e+02   3.0200000e+05
   3.8531663e+02   3.0100000e+05
   3.8562314e+02   3.0000000e+05
   3.8587619e+02   2.9900000e+05
   3.8610157e+02   2.9800000e+05
   3.8626044e+02   2.9700000e+05
   3.8637747e+02   2.9600000e+05
   3.8646286e+02   2.9500000e+05
   3.8649589e+02   2.9400000e+05
   3.8671820e+02   2.9300000e+05
   3.8706407e+02   2.9200000e+05
   3.8823312e+02   2.9100000e+05
   3.8809199e+02   2.9000000e+05
   3.8795102e+02   2.8900000e+05
   3.8780974e+02   2.8800000e+05
   3.8767058e+02   2.8700000e+05
   3.8752925e+02   2.8600000e+05
   3.8738761e+02   2.8500000e+05
   3.8724786e+02   2.8400000e+05
   3.8710564e+02   2.8300000e+05
   3.8696350e+02   2.8200000e+05
   3.8682110e+02   2.8100000e+05
   3.8668061e+02   2.8000000e+05
   3.8653812e+02   2.7900000e+05
   3.8639539e+02   2.7800000e+05
   3.8625256e+02   2.7700000e+05
   3.8611132e+02   2.7600000e+05
   3.8596789e+02   2.7500000e+05
   3.8582456e+02   2.7400000e+05
   3.8568087e+02   2.7300000e+05
   3.8553884e+02   2.7200000e+05
   3.8539489e+02   2.7100000e+05
   3.8525087e+02   2.7000000e+05
   3.8510678e+02   2.6900000e+05
   3.8496395e+02   2.6800000e+05
   3.8481962e+02   2.6700000e+05
   3.8467507e+02   2.6600000e+05
   3.8453060e+02   2.6500000e+05
   3.8438697e+02   2.6400000e+05
   3.8424187e+02   2.6300000e+05
   3.8409695e+02   2.6200000e+05
   3.8395175e+02   2.6100000e+05
   3.8380729e+02   2.6000000e+05
   3.8366171e+02   2.5900000e+05
   3.8351626e+02   2.5800000e+05
   3.8337058e+02   2.5700000e+05
   3.8322531e+02   2.5600000e+05
   3.8307957e+02   2.5500000e+05
   3.8293330e+02   2.5400000e+05
   3.8278733e+02   2.5300000e+05
   3.8264125e+02   2.5200000e+05
   3.8249494e+02   2.5100000e+05
   3.8234869e+02   2.5000000e+05
   3.8220214e+02   2.4900000e+05
   3.8205524e+02   2.4800000e+05
   3.8190856e+02   2.4700000e+05
   3.8176181e+02   2.4600000e+05
   3.8161503e+02   2.4500000e+05
   3.8146724e+02   2.4400000e+05
   3.8132046e+02   2.4300000e+05
   3.8117334e+02   2.4200000e+05
   3.8102639e+02   2.4100000e+05
   3.8087775e+02   2.4000000e+05
   3.8073043e+02   2.3900000e+05
   3.8058336e+02   2.3800000e+05
   3.8043407e+02   2.3700000e+05
   3.8028660e+02   2.3600000e+05
   3.8013942e+02   2.3500000e+05
   3.8000000e+02   2.3405377e+05
   3.7999252e+02   2.3400000e+05
   3.7985074e+02   2.3300000e+05
   3.7971155e+02   2.3200000e+05
   3.7957222e+02   2.3100000e+05
   3.7943320e+02   2.3000000e+05
   3.7929058e+02   2.2900000e+05
   3.7915139e+02   2.2800000e+05
   3.7901215e+02   2.2700000e+05
   3.7887314e+02   2.2600000e+05
   3.7872968e+02   2.2500000e+05
   3.7872663e+02   2.2400000e+05
   3.7427599e+02   2.2300000e+05
   3.7189591e+02   2.2200000e+05
   3.7150882e+02   2.2100000e+05
   3.7136804e+02   2.2000000e+05
   3.7121362e+02   2.1900000e+05
   3.7000000e+02   2.1834684e+05
   3.6934858e+02   2.1800000e+05
   3.6597488e+02   2.1700000e+05
   3.6565857e+02   2.1600000e+05
   3.6544894e+02   2.1500000e+05
   3.6527979e+02   2.1400000e+05
   3.6515952e+02   2.1300000e+05
   3.6495316e+02   2.1200000e+05
   3.6463680e+02   2.1100000e+05
   3.6431974e+02   2.1000000e+05
   3.6331498e+02   2.0900000e+05
   3.6143561e+02   2.0800000e+05
   3.6047418e+02   2.0700000e+05
   3.6000000e+02   2.0654215e+05
   3.5946823e+02   2.0600000e+05
   3.5918516e+02   2.0500000e+05
   3.5893973e+02   2.0400000e+05
   3.5875873e+02   2.0300000e+05
   3.5858605e+02   2.0200000e+05
   3.5840126e+02   2.0100000e+05
   3.5822177e+02   2.0000000e+05
   3.5804352e+02   1.9900000e+05
   3.5787172e+02   1.9800000e+05
   3.5768818e+02   1.9700000e+05
   3.5750928e+02   1.9600000e+05
   3.5732950e+02   1.9500000e+05
   3.5715639e+02   1.9400000e+05
   3.5697104e+02   1.9300000e+05
   3.5678922e+02   1.9200000e+05
   3.5661211e+02   1.9100000e+05
   3.5642112e+02   1.9000000e+05
   3.5622955e+02   1.8900000e+05
   3.5605920e+02   1.8800000e+05
   3.5589559e+02   1.8700000e+05
   3.5573554e+02   1.8600000e+05
   3.5557366e+02   1.8500000e+05
   3.5541273e+02   1.8400000e+05
   3.5523851e+02   1.8300000e+05
   3.5505454e+02   1.8200000e+05
   3.5486904e+02   1.8100000e+05
   3.5467699e+02   1.8000000e+05
   3.5447551e+02   1.7900000e+05
   3.5423599e+02   1.7800000e+05
   3.5396771e+02   1.7700000e+05
   3.5370477e+02   1.7600000e+05
   3.5334195e+02   1.7500000e+05
   3.5269601e+02   1.7400000e+05
   3.5221604e+02   1.7300000e+05
   3.5168110e+02   1.7200000e+05
   3.5096095e+02   1.7100000e+05
   3.5099510e+02   1.7000000e+05
   3.5088945e+02   1.6900000e+05
   3.5078115e+02   1.6800000e+05
   3.5067007e+02   1.6700000e+05
   3.5054288e+02   1.6600000e+05
   3.5042434e+02   1.6500000e+05
   3.5030944e+02   1.6400000e+05
   3.5018275e+02   1.6300000e+05
   3.5005429e+02   1.6200000e+05
   3.5000000e+02   1.6152615e+05
   3.4993878e+02   1.6100000e+05
   3.4980949e+02   1.6000000e+05
   3.4970850e+02   1.5900000e+05
   3.4957692e+02   1.5800000e+05
   3.4942124e+02   1.5700000e+05
   3.4928982e+02   1.5600000e+05
   3.4915459e+02   1.5500000e+05
   3.4902187e+02   1.5400000e+05
   3.4888687e+02   1.5300000e+05
   3.4874786e+02   1.5200000e+05
   3.4860926e+02   1.5100000e+05
   3.4847539e+02   1.5000000e+05
   3.4833788e+02   1.4900000e+05
   3.4819531e+02   1.4800000e+05
   3.4805224e+02   1.4700000e+05
   3.4791719e+02   1.4600000e+05
   3.4778014e+02   1.4500000e+05
   3.4762763e+02   1.4400000e+05
   3.4748658e+02   1.4300000e+05
   3.4735037e+02   1.4200000e+05
   3.4720536e+02   1.4100000e+05
   3.4705997e+02   1.4000000e+05
   3.4691126e+02   1.3900000e+05
   3.4677384e+02   1.3800000e+05
   3.4662400e+02   1.3700000e+05
   3.4647790e+02   1.3600000e+05
   3.4633958e+02   1.3500000e+05
   3.4618469e+02   1.3400000e+05
   3.4604282e+02   1.3300000e+05
   3.4589592e+02   1.3200000e+05
   3.4575635e+02   1.3100000e+05
   3.4559040e+02   1.3000000e+05
   3.4543977e+02   1.2900000e+05
   3.4528857e+02   1.2800000e+05
   3.4514778e+02   1.2700000e+05
   3.4499684e+02   1.2600000e+05
   3.4484086e+02   1.2500000e+05
   3.4469341e+02   1.2400000e+05
   3.4455131e+02   1.2300000e+05
   3.4440354e+02   1.2200000e+05
   3.4424864e+02   1.2100000e+05
   3.4407363e+02   1.2000000e+05
   3.4393025e+02   1.1900000e+05
   3.4377357e+02   1.1800000e+05
   3.4360772e+02   1.1700000e+05
   3.4344487e+02   1.1600000e+05
   3.4330018e+02   1.1500000e+05
   3.4315557e+02   1.1400000e+05
   3.4000000e+02   1.1323287e+05
   3.3931250e+02   1.1300000e+05
   3.3645593e+02   1.1200000e+05
   3.3627895e+02   1.1100000e+05
   3.3610861e+02   1.1000000e+05
   3.3575665e+02   1.0900000e+05
   3.3481451e+02   1.0800000e+05
   3.3465320e+02   1.0700000e+05
   3.3425405e+02   1.0600000e+05
   3.3399240e+02   1.0500000e+05
   3.3000000e+02   1.0402649e+05
   3.2992205e+02   1.0400000e+05
   3.2929405e+02   1.0300000e+05
   3.2914859e+02   1.0200000e+05
   3.2939931e+02   1.0100000e+05
   3.2943127e+02   1.0000000e+05
   3.2946665e+02   9.9000000e+04
   3.2940493e+02   9.8000000e+04
   3.2879581e+02   9.7000000e+04
   3.2837603e+02   9.6000000e+04
   3.2824334e+02   9.5000000e+04
   3.2762150e+02   9.4000000e+04
   3.2716990e+02   9.3000000e+04
   3.2687677e+02   9.2000000e+04
   3.2670859e+02   9.1000000e+04
   3.2648823e+02   9.0000000e+04
   3.2630488e+02   8.9000000e+04
   3.2612550e+02   8.8000000e+04
   3.2595407e+02   8.7000000e+04
   3.2579361e+02   8.6000000e+04
   3.2563040e+02   8.5000000e+04
   3.2545728e+02   8.4000000e+04
   3.2526718e+02   8.3000000e+04
   3.2510619e+02   8.2000000e+04
   3.2491839e+02   8.1000000e+04
   3.2474358e+02   8.0000000e+04
   3.2455496e+02   7.9000000e+04
   3.2436500e+02   7.8000000e+04
   3.2417523e+02   7.7000000e+04
   3.2399874e+02   7.6000000e+04
   3.2379239e+02   7.5000000e+04
   3.2360523e+02   7.4000000e+04
   3.2338732e+02   7.3000000e+04
   3.2320959e+02   7.2000000e+04
   3.2300332e+02   7.1000000e+04
   3.2276893e+02   7.0000000e+04
   3.2255158e+02   6.9000000e+04
   3.2237199e+02   6.8000000e+04
   3.2213002e+02   6.7000000e+04
   3.2189040e+02   6.6000000e+04
   3.2164541e+02   6.5000000e+04
   3.2146448e+02   6.4000000e+04
   3.2119355e+02   6.3000000e+04
   3.2092090e+02   6.2000000e+04
   3.2062580e+02   6.1000000e+04
   3.2044379e+02   6.0000000e+04
   3.2013637e+02   5.9000000e+04
   3.2000000e+02   5.8562191e+04
   3.1981723e+02   5.8000000e+04
   3.1929561e+02   5.7000000e+04
   3.1910729e+02   5.6000000e+04
   3.1901015e+02   5.5000000e+04
   3.1877961e+02   5.4000000e+04
   3.1824880e+02   5.3000000e+04
   3.1805468e+02   5.2000000e+04
   3.1786711e+02   5.1000000e+04
   3.1769694e+02   5.0000000e+04
   3.1750618e+02   4.9000000e+04
   3.1730929e+02   4.8000000e+04
   3.1710990e+02   4.7000000e+04
   3.1689314e+02   4.6000000e+04
   3.1665847e+02   4.5000000e+04
   3.1645874e+02   4.4000000e+04
   3.1565015e+02   4.3000000e+04
   3.1482147e+02   4.2000000e+04
   3.1425088e+02   4.1000000e+04
   3.1405816e+02   4.0000000e+04
   3.1386224e+02   3.9000000e+04
   3.1364756e+02   3.8000000e+04
   3.1345248e+02   3.7000000e+04
   3.1324712e+02   3.6000000e+04
   3.1304751e+02   3.5000000e+04
   3.1285119e+02   3.4000000e+04
   3.1265287e+02   3.3000000e+04
   3.1240686e+02   3.2000000e+04
   3.1220314e+02   3.1000000e+04
   3.1199373e+02   3.0000000e+04
   3.1179209e+02   2.9000000e+04
   3.1157065e+02   2.8000000e+04
   3.1135864e+02   2.7000000e+04
   3.1115616e+02   2.6000000e+04
   3.1095109e+02   2.5000000e+04
   3.1092758e+02   2.4000000e+04
   3.1072067e+02   2.3000000e+04
   3.1049931e+02   2.2000000e+04
   3.1029056e+02   2.1000000e+04
   3.1002822e+02   2.0000000e+04
   3.1000000e+02   1.9901034e+04
   3.0975071e+02   1.9000000e+04
   3.0952013e+02   1.8000000e+04
   3.0931923e+02   1.7000000e+04
   3.0916430e+02   1.6000000e+04
   3.0898206e+02   1.5000000e+04
   3.0830146e+02   1.4000000e+04
   3.0809873e+02   1.3000000e+04
   3.0761606e+02   1.2000000e+04
   3.0703207e+02   1.1000000e+04
   3.0635970e+02   1.0000000e+04
   3.0615402e+02   9.0000000e+03
   3.0536437e+02   8.0000000e+03
   3.0444639e+02   7.0000000e+03
   3.0336713e+02   6.0000000e+03
   3.0246112e+02   5.0000000e+03
   3.0189478e+02   4.0000000e+03
   3.0109465e+02   3.0000000e+03
   3.0089297e+02   2.0000000e+03
   3.0038557e+02   1.0000000e+03
   3.0000000e+02   0.0000000e+00
