   7.7418131e+02   1.3500000e+06
   7.7401359e+02   1.3490000e+06
   7.7384598e+02   1.3480000e+06
   7.7368005e+02   1.3470000e+06
   7.7351200e+02   1.3460000e+06
   7.7334465e+02   1.3450000e+06
   7.7317819e+02   1.3440000e+06
   7.7300945e+02   1.3430000e+06
   7.7284291e+02   1.3420000e+06
   7.7267405e+02   1.3410000e+06
   7.7250757e+02   1.3400000e+06
   7.7234057e+02   1.3390000e+06
   7.7217401e+02   1.3380000e+06
   7.7200635e+02   1.3370000e+06
   7.7183844e+02   1.3360000e+06
   7.7166986e+02   1.3350000e+06
   7.7150147e+02   1.3340000e+06
   7.7132984e+02   1.3330000e+06
   7.7116150e+02   1.3320000e+06
   7.7099476e+02   1.3310000e+06
   7.7082572e+02   1.3300000e+06
   7.7065762e+02   1.3290000e+06
   7.7048953e+02   1.3280000e+06
   7.7032144e+02   1.3270000e+06
   7.7015335e+02   1.3260000e+06
   7.7000000e+02   1.3250877e+06
   7.6998538e+02   1.3250000e+06
   7.6981875e+02   1.3240000e+06
   7.6965142e+02   1.3230000e+06
   7.6948411e+02   1.3220000e+06
   7.6931609e+02   1.3210000e+06
   7.6914870e+02   1.3200000e+06
   7.6898144e+02   1.3190000e+06
   7.6881420e+02   1.3180000e+06
   7.6864636e+02   1.3170000e+06
   7.6847907e+02   1.3160000e+06
   7.6831118e+02   1.3150000e+06
   7.6814317e+02   1.3140000e+06
   7.6797531e+02   1.3130000e+06
   7.6780805e+02   1.3120000e+06
   7.6763950e+02   1.3110000e+06
   7.6747097e+02   1.3100000e+06
   7.6730120e+02   1.3090000e+06
   7.6713274e+02   1.3080000e+06
   7.6696408e+02   1.3070000e+06
   7.6679565e+02   1.3060000e+06
   7.6662700e+02   1.3050000e+06
   7.6645861e+02   1.3040000e+06
   7.6628997e+02   1.3030000e+06
   7.6612133e+02   1.3020000e+06
   7.6595299e+02   1.3010000e+06
   7.6578394e+02   1.3000000e+06
   7.6561533e+02   1.2990000e+06
   7.6544705e+02   1.2980000e+06
   7.6527879e+02   1.2970000e+06
   7.6510983e+02   1.2960000e+06
   7.6494089e+02   1.2950000e+06
   7.6477233e+02   1.2940000e+06
   7.6460416e+02   1.2930000e+06
   7.6443455e+02   1.2920000e+06
   7.6426497e+02   1.2910000e+06
   7.6409559e+02   1.2900000e+06
   7.6392573e+02   1.2890000e+06
   7.6375529e+02   1.2880000e+06
   7.6358576e+02   1.2870000e+06
   7.6341577e+02   1.2860000e+06
   7.6324654e+02   1.2850000e+06
   7.6307709e+02   1.2840000e+06
   7.6290560e+02   1.2830000e+06
   7.6273596e+02   1.2820000e+06
   7.6256655e+02   1.2810000e+06
   7.6239755e+02   1.2800000e+06
   7.6222708e+02   1.2790000e+06
   7.6205659e+02   1.2780000e+06
   7.6188639e+02   1.2770000e+06
   7.6171637e+02   1.2760000e+06
   7.6154710e+02   1.2750000e+06
   7.6137649e+02   1.2740000e+06
   7.6120662e+02   1.2730000e+06
   7.6103732e+02   1.2720000e+06
   7.6086735e+02   1.2710000e+06
   7.6069752e+02   1.2700000e+06
   7.6052697e+02   1.2690000e+06
   7.6035785e+02   1.2680000e+06
   7.6018802e+02   1.2670000e+06
   7.6001822e+02   1.2660000e+06
   7.6000000e+02   1.2658932e+06
   7.5984906e+02   1.2650000e+06
   7.5968010e+02   1.2640000e+06
   7.5951116e+02   1.2630000e+06
   7.5934287e+02   1.2620000e+06
   7.5917371e+02   1.2610000e+06
   7.5900433e+02   1.2600000e+06
   7.5883474e+02   1.2590000e+06
   7.5866508e+02   1.2580000e+06
   7.5849614e+02   1.2570000e+06
   7.5832768e+02   1.2560000e+06
   7.5815753e+02   1.2550000e+06
   7.5798888e+02   1.2540000e+06
   7.5781965e+02   1.2530000e+06
   7.5765016e+02   1.2520000e+06
   7.5747925e+02   1.2510000e+06
   7.5730986e+02   1.2500000e+06
   7.5714121e+02   1.2490000e+06
   7.5697099e+02   1.2480000e+06
   7.5680254e+02   1.2470000e+06
   7.5663300e+02   1.2460000e+06
   7.5646346e+02   1.2450000e+06
   7.5629392e+02   1.2440000e+06
   7.5612466e+02   1.2430000e+06
   7.5595484e+02   1.2420000e+06
   7.5578560e+02   1.2410000e+06
   7.5561567e+02   1.2400000e+06
   7.5544615e+02   1.2390000e+06
   7.5527626e+02   1.2380000e+06
   7.5510712e+02   1.2370000e+06
   7.5493725e+02   1.2360000e+06
   7.5476774e+02   1.2350000e+06
   7.5459824e+02   1.2340000e+06
   7.5442946e+02   1.2330000e+06
   7.5425975e+02   1.2320000e+06
   7.5408894e+02   1.2310000e+06
   7.5392000e+02   1.2300000e+06
   7.5374820e+02   1.2290000e+06
   7.5358100e+02   1.2280000e+06
   7.5341068e+02   1.2270000e+06
   7.5323989e+02   1.2260000e+06
   7.5306983e+02   1.2250000e+06
   7.5289925e+02   1.2240000e+06
   7.5272898e+02   1.2230000e+06
   7.5255891e+02   1.2220000e+06
   7.5238884e+02   1.2210000e+06
   7.5221918e+02   1.2200000e+06
   7.5204899e+02   1.2190000e+06
   7.5187896e+02   1.2180000e+06
   7.5170941e+02   1.2170000e+06
   7.5153857e+02   1.2160000e+06
   7.5136940e+02   1.2150000e+06
   7.5119931e+02   1.2140000e+06
   7.5102917e+02   1.2130000e+06
   7.5085914e+02   1.2120000e+06
   7.5068913e+02   1.2110000e+06
   7.5051768e+02   1.2100000e+06
   7.5034850e+02   1.2090000e+06
   7.5017856e+02   1.2080000e+06
   7.5000792e+02   1.2070000e+06
   7.5000000e+02   1.2069534e+06
   7.4983947e+02   1.2060000e+06
   7.4967040e+02   1.2050000e+06
   7.4950139e+02   1.2040000e+06
   7.4933238e+02   1.2030000e+06
   7.4916411e+02   1.2020000e+06
   7.4899444e+02   1.2010000e+06
   7.4882558e+02   1.2000000e+06
   7.4865668e+02   1.1990000e+06
   7.4848742e+02   1.1980000e+06
   7.4831848e+02   1.1970000e+06
   7.4814968e+02   1.1960000e+06
   7.4798061e+02   1.1950000e+06
   7.4781208e+02   1.1940000e+06
   7.4764312e+02   1.1930000e+06
   7.4747416e+02   1.1920000e+06
   7.4730435e+02   1.1910000e+06
   7.4713593e+02   1.1900000e+06
   7.4696700e+02   1.1890000e+06
   7.4679780e+02   1.1880000e+06
   7.4662842e+02   1.1870000e+06
   7.4645931e+02   1.1860000e+06
   7.4629070e+02   1.1850000e+06
   7.4612025e+02   1.1840000e+06
   7.4595170e+02   1.1830000e+06
   7.4578216e+02   1.1820000e+06
   7.4561222e+02   1.1810000e+06
   7.4544302e+02   1.1800000e+06
   7.4527380e+02   1.1790000e+06
   7.4510396e+02   1.1780000e+06
   7.4493449e+02   1.1770000e+06
   7.4476502e+02   1.1760000e+06
   7.4459561e+02   1.1750000e+06
   7.4442657e+02   1.1740000e+06
   7.4425683e+02   1.1730000e+06
   7.4408754e+02   1.1720000e+06
   7.4391815e+02   1.1710000e+06
   7.4374893e+02   1.1700000e+06
   7.4357956e+02   1.1690000e+06
   7.4341042e+02   1.1680000e+06
   7.4324107e+02   1.1670000e+06
   7.4307150e+02   1.1660000e+06
   7.4290155e+02   1.1650000e+06
   7.4273193e+02   1.1640000e+06
   7.4256224e+02   1.1630000e+06
   7.4239277e+02   1.1620000e+06
   7.4222317e+02   1.1610000e+06
   7.4205433e+02   1.1600000e+06
   7.4188424e+02   1.1590000e+06
   7.4171418e+02   1.1580000e+06
   7.4154426e+02   1.1570000e+06
   7.4137362e+02   1.1560000e+06
   7.4120361e+02   1.1550000e+06
   7.4103362e+02   1.1540000e+06
   7.4086301e+02   1.1530000e+06
   7.4069301e+02   1.1520000e+06
   7.4052314e+02   1.1510000e+06
   7.4035252e+02   1.1500000e+06
   7.4018265e+02   1.1490000e+06
   7.4001279e+02   1.1480000e+06
   7.4000000e+02   1.1479244e+06
   7.3984510e+02   1.1470000e+06
   7.3967617e+02   1.1460000e+06
   7.3950658e+02   1.1450000e+06
   7.3933774e+02   1.1440000e+06
   7.3916890e+02   1.1430000e+06
   7.3899930e+02   1.1420000e+06
   7.3883048e+02   1.1410000e+06
   7.3866179e+02   1.1400000e+06
   7.3849472e+02   1.1390000e+06
   7.3831892e+02   1.1380000e+06
   7.3814745e+02   1.1370000e+06
   7.3797299e+02   1.1360000e+06
   7.3780145e+02   1.1350000e+06
   7.3763341e+02   1.1340000e+06
   7.3747627e+02   1.1330000e+06
   7.3730023e+02   1.1320000e+06
   7.3712559e+02   1.1310000e+06
   7.3697835e+02   1.1300000e+06
   7.3679359e+02   1.1290000e+06
   7.3663221e+02   1.1280000e+06
   7.3646116e+02   1.1270000e+06
   7.3628935e+02   1.1260000e+06
   7.3612028e+02   1.1250000e+06
   7.3595124e+02   1.1240000e+06
   7.3578223e+02   1.1230000e+06
   7.3561323e+02   1.1220000e+06
   7.3544503e+02   1.1210000e+06
   7.3527499e+02   1.1200000e+06
   7.3510465e+02   1.1190000e+06
   7.3493434e+02   1.1180000e+06
   7.3476511e+02   1.1170000e+06
   7.3459448e+02   1.1160000e+06
   7.3442486e+02   1.1150000e+06
   7.3425432e+02   1.1140000e+06
   7.3408370e+02   1.1130000e+06
   7.3391405e+02   1.1120000e+06
   7.3374368e+02   1.1110000e+06
   7.3357554e+02   1.1100000e+06
   7.3340518e+02   1.1090000e+06
   7.3323434e+02   1.1080000e+06
   7.3306429e+02   1.1070000e+06
   7.3289433e+02   1.1060000e+06
   7.3272447e+02   1.1050000e+06
   7.3254895e+02   1.1040000e+06
   7.3237915e+02   1.1030000e+06
   7.3220929e+02   1.1020000e+06
   7.3203913e+02   1.1010000e+06
   7.3186860e+02   1.1000000e+06
   7.3169752e+02   1.0990000e+06
   7.3152703e+02   1.0980000e+06
   7.3135586e+02   1.0970000e+06
   7.3118542e+02   1.0960000e+06
   7.3100982e+02   1.0950000e+06
   7.3084309e+02   1.0940000e+06
   7.3067195e+02   1.0930000e+06
   7.3050021e+02   1.0920000e+06
   7.3032581e+02   1.0910000e+06
   7.3015413e+02   1.0900000e+06
   7.3000000e+02   1.0891020e+06
   7.2998265e+02   1.0890000e+06
   7.2981266e+02   1.0880000e+06
   7.2964271e+02   1.0870000e+06
   7.2947277e+02   1.0860000e+06
   7.2930152e+02   1.0850000e+06
   7.2913164e+02   1.0840000e+06
   7.2896171e+02   1.0830000e+06
   7.2879126e+02   1.0820000e+06
   7.2862086e+02   1.0810000e+06
   7.2845028e+02   1.0800000e+06
   7.2833357e+02   1.0790000e+06
   7.2810815e+02   1.0780000e+06
   7.2793775e+02   1.0770000e+06
   7.2776684e+02   1.0760000e+06
   7.2759651e+02   1.0750000e+06
   7.2742550e+02   1.0740000e+06
   7.2725452e+02   1.0730000e+06
   7.2708111e+02   1.0720000e+06
   7.2691024e+02   1.0710000e+06
   7.2673939e+02   1.0700000e+06
   7.2656810e+02   1.0690000e+06
   7.2639643e+02   1.0680000e+06
   7.2622430e+02   1.0670000e+06
   7.2605318e+02   1.0660000e+06
   7.2588105e+02   1.0650000e+06
   7.2570835e+02   1.0640000e+06
   7.2553617e+02   1.0630000e+06
   7.2536449e+02   1.0620000e+06
   7.2519313e+02   1.0610000e+06
   7.2502111e+02   1.0600000e+06
   7.2484779e+02   1.0590000e+06
   7.2467589e+02   1.0580000e+06
   7.2450470e+02   1.0570000e+06
   7.2433216e+02   1.0560000e+06
   7.2415935e+02   1.0550000e+06
   7.2398603e+02   1.0540000e+06
   7.2381381e+02   1.0530000e+06
   7.2364108e+02   1.0520000e+06
   7.2346795e+02   1.0510000e+06
   7.2329323e+02   1.0500000e+06
   7.2312319e+02   1.0490000e+06
   7.2294947e+02   1.0480000e+06
   7.2277628e+02   1.0470000e+06
   7.2260281e+02   1.0460000e+06
   7.2242759e+02   1.0450000e+06
   7.2225555e+02   1.0440000e+06
   7.2208126e+02   1.0430000e+06
   7.2190713e+02   1.0420000e+06
   7.2173345e+02   1.0410000e+06
   7.2155913e+02   1.0400000e+06
   7.2138436e+02   1.0390000e+06
   7.2121020e+02   1.0380000e+06
   7.2103605e+02   1.0370000e+06
   7.2086125e+02   1.0360000e+06
   7.2068651e+02   1.0350000e+06
   7.2051222e+02   1.0340000e+06
   7.2033754e+02   1.0330000e+06
   7.2016289e+02   1.0320000e+06
   7.2000000e+02   1.0310672e+06
   7.1998838e+02   1.0310000e+06
   7.1981475e+02   1.0300000e+06
   7.1964181e+02   1.0290000e+06
   7.1946886e+02   1.0280000e+06
   7.1929528e+02   1.0270000e+06
   7.1912301e+02   1.0260000e+06
   7.1895039e+02   1.0250000e+06
   7.1877512e+02   1.0240000e+06
   7.1860111e+02   1.0230000e+06
   7.1842648e+02   1.0220000e+06
   7.1825193e+02   1.0210000e+06
   7.1807703e+02   1.0200000e+06
   7.1790414e+02   1.0190000e+06
   7.1774969e+02   1.0180000e+06
   7.1757561e+02   1.0170000e+06
   7.1742900e+02   1.0160000e+06
   7.1733981e+02   1.0150000e+06
   7.1710384e+02   1.0140000e+06
   7.1694341e+02   1.0130000e+06
   7.1672354e+02   1.0120000e+06
   7.1657309e+02   1.0110000e+06
   7.1631515e+02   1.0100000e+06
   7.1609411e+02   1.0090000e+06
   7.1587856e+02   1.0080000e+06
   7.1566944e+02   1.0070000e+06
   7.1546409e+02   1.0060000e+06
   7.1519954e+02   1.0050000e+06
   7.1491003e+02   1.0040000e+06
   7.1462052e+02   1.0030000e+06
   7.1433700e+02   1.0020000e+06
   7.1405955e+02   1.0010000e+06
   7.1378237e+02   1.0000000e+06
   7.1348788e+02   9.9900000e+05
   7.1312314e+02   9.9800000e+05
   7.1274817e+02   9.9700000e+05
   7.1238975e+02   9.9600000e+05
   7.1203830e+02   9.9500000e+05
   7.1169384e+02   9.9400000e+05
   7.1124133e+02   9.9300000e+05
   7.1085509e+02   9.9200000e+05
   7.1038696e+02   9.9100000e+05
   7.1000000e+02   9.9015835e+05
   7.0992800e+02   9.9000000e+05
   7.0948552e+02   9.8900000e+05
   7.0904738e+02   9.8800000e+05
   7.0861401e+02   9.8700000e+05
   7.0807589e+02   9.8600000e+05
   7.0746415e+02   9.8500000e+05
   7.0691072e+02   9.8400000e+05
   7.0626260e+02   9.8300000e+05
   7.0566284e+02   9.8200000e+05
   7.0507822e+02   9.8100000e+05
   7.0380888e+02   9.8000000e+05
   7.0367525e+02   9.7900000e+05
   7.0277278e+02   9.7800000e+05
   7.0197868e+02   9.7700000e+05
   7.0129488e+02   9.7600000e+05
   7.0000000e+02   9.7534975e+05
   6.9927039e+02   9.7500000e+05
   6.9969400e+02   9.7400000e+05
   6.9861477e+02   9.7300000e+05
   6.9806894e+02   9.7200000e+05
   6.9742906e+02   9.7100000e+05
   6.9708880e+02   9.7000000e+05
   6.9693655e+02   9.6900000e+05
   6.9681920e+02   9.6800000e+05
   6.9676754e+02   9.6700000e+05
   6.9657156e+02   9.6600000e+05
   6.9642387e+02   9.6500000e+05
   6.9618596e+02   9.6400000e+05
   6.9604110e+02   9.6300000e+05
   6.9588779e+02   9.6200000e+05
   6.9573345e+02   9.6100000e+05
   6.9558015e+02   9.6000000e+05
   6.9541571e+02   9.5900000e+05
   6.9526434e+02   9.5800000e+05
   6.9508901e+02   9.5700000e+05
   6.9492301e+02   9.5600000e+05
   6.9476905e+02   9.5500000e+05
   6.9461549e+02   9.5400000e+05
   6.9446301e+02   9.5300000e+05
   6.9430949e+02   9.5200000e+05
   6.9415533e+02   9.5100000e+05
   6.9399921e+02   9.5000000e+05
   6.9384626e+02   9.4900000e+05
   6.9369255e+02   9.4800000e+05
   6.9353803e+02   9.4700000e+05
   6.9338486e+02   9.4600000e+05
   6.9323056e+02   9.4500000e+05
   6.9308271e+02   9.4400000e+05
   6.9292759e+02   9.4300000e+05
   6.9277228e+02   9.4200000e+05
   6.9261751e+02   9.4100000e+05
   6.9246319e+02   9.4000000e+05
   6.9230348e+02   9.3900000e+05
   6.9214898e+02   9.3800000e+05
   6.9199142e+02   9.3700000e+05
   6.9183655e+02   9.3600000e+05
   6.9168174e+02   9.3500000e+05
   6.9152745e+02   9.3400000e+05
   6.9137089e+02   9.3300000e+05
   6.9121190e+02   9.3200000e+05
   6.9104482e+02   9.3100000e+05
   6.9089008e+02   9.3000000e+05
   6.9073544e+02   9.2900000e+05
   6.9057908e+02   9.2800000e+05
   6.9042376e+02   9.2700000e+05
   6.9027897e+02   9.2600000e+05
   6.9011879e+02   9.2500000e+05
   6.9000000e+02   9.2419643e+05
   6.8997131e+02   9.2400000e+05
   6.8981188e+02   9.2300000e+05
   6.8966133e+02   9.2200000e+05
   6.8950632e+02   9.2100000e+05
   6.8935131e+02   9.2000000e+05
   6.8919630e+02   9.1900000e+05
   6.8904247e+02   9.1800000e+05
   6.8888628e+02   9.1700000e+05
   6.8873128e+02   9.1600000e+05
   6.8857580e+02   9.1500000e+05
   6.8842081e+02   9.1400000e+05
   6.8826690e+02   9.1300000e+05
   6.8811454e+02   9.1200000e+05
   6.8795882e+02   9.1100000e+05
   6.8779916e+02   9.1000000e+05
   6.8764200e+02   9.0900000e+05
   6.8748079e+02   9.0800000e+05
   6.8732182e+02   9.0700000e+05
   6.8716259e+02   9.0600000e+05
   6.8700665e+02   9.0500000e+05
   6.8684554e+02   9.0400000e+05
   6.8668773e+02   9.0300000e+05
   6.8652924e+02   9.0200000e+05
   6.8637187e+02   9.0100000e+05
   6.8621022e+02   9.0000000e+05
   6.8605376e+02   8.9900000e+05
   6.8589364e+02   8.9800000e+05
   6.8575024e+02   8.9700000e+05
   6.8557680e+02   8.9600000e+05
   6.8541890e+02   8.9500000e+05
   6.8526268e+02   8.9400000e+05
   6.8510841e+02   8.9300000e+05
   6.8495004e+02   8.9200000e+05
   6.8479203e+02   8.9100000e+05
   6.8463467e+02   8.9000000e+05
   6.8447832e+02   8.8900000e+05
   6.8432050e+02   8.8800000e+05
   6.8416237e+02   8.8700000e+05
   6.8400339e+02   8.8600000e+05
   6.8384595e+02   8.8500000e+05
   6.8370496e+02   8.8400000e+05
   6.8354690e+02   8.8300000e+05
   6.8338862e+02   8.8200000e+05
   6.8322089e+02   8.8100000e+05
   6.8305974e+02   8.8000000e+05
   6.8289820e+02   8.7900000e+05
   6.8274450e+02   8.7800000e+05
   6.8257903e+02   8.7700000e+05
   6.8241919e+02   8.7600000e+05
   6.8226002e+02   8.7500000e+05
   6.8210036e+02   8.7400000e+05
   6.8194070e+02   8.7300000e+05
   6.8178038e+02   8.7200000e+05
   6.8164675e+02   8.7100000e+05
   6.8148759e+02   8.7000000e+05
   6.8132900e+02   8.6900000e+05
   6.8115247e+02   8.6800000e+05
   6.8098835e+02   8.6700000e+05
   6.8082400e+02   8.6600000e+05
   6.8066250e+02   8.6500000e+05
   6.8050160e+02   8.6400000e+05
   6.8034130e+02   8.6300000e+05
   6.8018042e+02   8.6200000e+05
   6.8001954e+02   8.6100000e+05
   6.8000000e+02   8.6087854e+05
   6.7986070e+02   8.6000000e+05
   6.7970216e+02   8.5900000e+05
   6.7954432e+02   8.5800000e+05
   6.7938703e+02   8.5700000e+05
   6.7922914e+02   8.5600000e+05
   6.7907119e+02   8.5500000e+05
   6.7891300e+02   8.5400000e+05
   6.7875337e+02   8.5300000e+05
   6.7859490e+02   8.5200000e+05
   6.7843507e+02   8.5100000e+05
   6.7827402e+02   8.5000000e+05
   6.7811287e+02   8.4900000e+05
   6.7795137e+02   8.4800000e+05
   6.7778851e+02   8.4700000e+05
   6.7762650e+02   8.4600000e+05
   6.7746700e+02   8.4500000e+05
   6.7730621e+02   8.4400000e+05
   6.7714773e+02   8.4300000e+05
   6.7698718e+02   8.4200000e+05
   6.7682702e+02   8.4100000e+05
   6.7666474e+02   8.4000000e+05
   6.7650547e+02   8.3900000e+05
   6.7634409e+02   8.3800000e+05
   6.7618247e+02   8.3700000e+05
   6.7602112e+02   8.3600000e+05
   6.7585952e+02   8.3500000e+05
   6.7569782e+02   8.3400000e+05
   6.7553624e+02   8.3300000e+05
   6.7537615e+02   8.3200000e+05
   6.7521431e+02   8.3100000e+05
   6.7505373e+02   8.3000000e+05
   6.7489289e+02   8.2900000e+05
   6.7473278e+02   8.2800000e+05
   6.7456895e+02   8.2700000e+05
   6.7440978e+02   8.2600000e+05
   6.7424831e+02   8.2500000e+05
   6.7408293e+02   8.2400000e+05
   6.7392017e+02   8.2300000e+05
   6.7375667e+02   8.2200000e+05
   6.7359452e+02   8.2100000e+05
   6.7343037e+02   8.2000000e+05
   6.7326757e+02   8.1900000e+05
   6.7310613e+02   8.1800000e+05
   6.7294412e+02   8.1700000e+05
   6.7278498e+02   8.1600000e+05
   6.7262131e+02   8.1500000e+05
   6.7245811e+02   8.1400000e+05
   6.7229707e+02   8.1300000e+05
   6.7213492e+02   8.1200000e+05
   6.7196793e+02   8.1100000e+05
   6.7180431e+02   8.1000000e+05
   6.7163974e+02   8.0900000e+05
   6.7147625e+02   8.0800000e+05
   6.7131257e+02   8.0700000e+05
   6.7114929e+02   8.0600000e+05
   6.7098474e+02   8.0500000e+05
   6.7082067e+02   8.0400000e+05
   6.7065302e+02   8.0300000e+05
   6.7049006e+02   8.0200000e+05
   6.7032780e+02   8.0100000e+05
   6.7016173e+02   8.0000000e+05
   6.7000000e+02   7.9901946e+05
   6.6999683e+02   7.9900000e+05
   6.6983409e+02   7.9800000e+05
   6.6967137e+02   7.9700000e+05
   6.6950988e+02   7.9600000e+05
   6.6934469e+02   7.9500000e+05
   6.6918477e+02   7.9400000e+05
   6.6901437e+02   7.9300000e+05
   6.6886534e+02   7.9200000e+05
   6.6868759e+02   7.9100000e+05
   6.6852792e+02   7.9000000e+05
   6.6836002e+02   7.8900000e+05
   6.6819777e+02   7.8800000e+05
   6.6803207e+02   7.8700000e+05
   6.6789001e+02   7.8600000e+05
   6.6770969e+02   7.8500000e+05
   6.6754529e+02   7.8400000e+05
   6.6738254e+02   7.8300000e+05
   6.6721806e+02   7.8200000e+05
   6.6705226e+02   7.8100000e+05
   6.6688737e+02   7.8000000e+05
   6.6672100e+02   7.7900000e+05
   6.6655505e+02   7.7800000e+05
   6.6638854e+02   7.7700000e+05
   6.6622369e+02   7.7600000e+05
   6.6605972e+02   7.7500000e+05
   6.6589540e+02   7.7400000e+05
   6.6577521e+02   7.7300000e+05
   6.6556450e+02   7.7200000e+05
   6.6539895e+02   7.7100000e+05
   6.6523447e+02   7.7000000e+05
   6.6506779e+02   7.6900000e+05
   6.6490397e+02   7.6800000e+05
   6.6473788e+02   7.6700000e+05
   6.6457581e+02   7.6600000e+05
   6.6440945e+02   7.6500000e+05
   6.6424173e+02   7.6400000e+05
   6.6407499e+02   7.6300000e+05
   6.6390671e+02   7.6200000e+05
   6.6374272e+02   7.6100000e+05
   6.6364143e+02   7.6000000e+05
   6.6339668e+02   7.5900000e+05
   6.6322766e+02   7.5800000e+05
   6.6306188e+02   7.5700000e+05
   6.6289465e+02   7.5600000e+05
   6.6273079e+02   7.5500000e+05
   6.6264794e+02   7.5400000e+05
   6.6241742e+02   7.5300000e+05
   6.6225071e+02   7.5200000e+05
   6.6207428e+02   7.5100000e+05
   6.6191543e+02   7.5000000e+05
   6.6174810e+02   7.4900000e+05
   6.6158085e+02   7.4800000e+05
   6.6140125e+02   7.4700000e+05
   6.6123354e+02   7.4600000e+05
   6.6106571e+02   7.4500000e+05
   6.6089800e+02   7.4400000e+05
   6.6072810e+02   7.4300000e+05
   6.6055850e+02   7.4200000e+05
   6.6048572e+02   7.4100000e+05
   6.6020667e+02   7.4000000e+05
   6.6003665e+02   7.3900000e+05
   6.6000000e+02   7.3875000e+05
   6.5989118e+02   7.3800000e+05
   6.5970173e+02   7.3700000e+05
   6.5953510e+02   7.3600000e+05
   6.5947491e+02   7.3500000e+05
   6.5921913e+02   7.3400000e+05
   6.5905101e+02   7.3300000e+05
   6.5888354e+02   7.3200000e+05
   6.5871609e+02   7.3100000e+05
   6.5854812e+02   7.3000000e+05
   6.5838073e+02   7.2900000e+05
   6.5820708e+02   7.2800000e+05
   6.5803934e+02   7.2700000e+05
   6.5786951e+02   7.2600000e+05
   6.5769918e+02   7.2500000e+05
   6.5753218e+02   7.2400000e+05
   6.5736240e+02   7.2300000e+05
   6.5726435e+02   7.2200000e+05
   6.5702249e+02   7.2100000e+05
   6.5685216e+02   7.2000000e+05
   6.5668874e+02   7.1900000e+05
   6.5651346e+02   7.1800000e+05
   6.5634376e+02   7.1700000e+05
   6.5617537e+02   7.1600000e+05
   6.5600887e+02   7.1500000e+05
   6.5583984e+02   7.1400000e+05
   6.5567083e+02   7.1300000e+05
   6.5550150e+02   7.1200000e+05
   6.5533225e+02   7.1100000e+05
   6.5516298e+02   7.1000000e+05
   6.5504511e+02   7.0900000e+05
   6.5482150e+02   7.0800000e+05
   6.5465206e+02   7.0700000e+05
   6.5447418e+02   7.0600000e+05
   6.5431050e+02   7.0500000e+05
   6.5413828e+02   7.0400000e+05
   6.5400542e+02   7.0300000e+05
   6.5379186e+02   7.0200000e+05
   6.5361993e+02   7.0100000e+05
   6.5344763e+02   7.0000000e+05
   6.5327618e+02   6.9900000e+05
   6.5310560e+02   6.9800000e+05
   6.5293524e+02   6.9700000e+05
   6.5276427e+02   6.9600000e+05
   6.5259317e+02   6.9500000e+05
   6.5242226e+02   6.9400000e+05
   6.5224431e+02   6.9300000e+05
   6.5207874e+02   6.9200000e+05
   6.5190544e+02   6.9100000e+05
   6.5174975e+02   6.9000000e+05
   6.5155839e+02   6.8900000e+05
   6.5138453e+02   6.8800000e+05
   6.5121014e+02   6.8700000e+05
   6.5103811e+02   6.8600000e+05
   6.5086618e+02   6.8500000e+05
   6.5069365e+02   6.8400000e+05
   6.5052176e+02   6.8300000e+05
   6.5034927e+02   6.8200000e+05
   6.5017558e+02   6.8100000e+05
   6.5000187e+02   6.8000000e+05
   6.5000000e+02   6.7998932e+05
   6.4982880e+02   6.7900000e+05
   6.4965579e+02   6.7800000e+05
   6.4948221e+02   6.7700000e+05
   6.4930867e+02   6.7600000e+05
   6.4913461e+02   6.7500000e+05
   6.4896123e+02   6.7400000e+05
   6.4878954e+02   6.7300000e+05
   6.4861740e+02   6.7200000e+05
   6.4844573e+02   6.7100000e+05
   6.4827355e+02   6.7000000e+05
   6.4810089e+02   6.6900000e+05
   6.4792815e+02   6.6800000e+05
   6.4775604e+02   6.6700000e+05
   6.4758288e+02   6.6600000e+05
   6.4741005e+02   6.6500000e+05
   6.4723695e+02   6.6400000e+05
   6.4706371e+02   6.6300000e+05
   6.4689006e+02   6.6200000e+05
   6.4671667e+02   6.6100000e+05
   6.4654310e+02   6.6000000e+05
   6.4636934e+02   6.5900000e+05
   6.4619560e+02   6.5800000e+05
   6.4602151e+02   6.5700000e+05
   6.4584757e+02   6.5600000e+05
   6.4567328e+02   6.5500000e+05
   6.4549684e+02   6.5400000e+05
   6.4532014e+02   6.5300000e+05
   6.4514377e+02   6.5200000e+05
   6.4496713e+02   6.5100000e+05
   6.4478990e+02   6.5000000e+05
   6.4461586e+02   6.4900000e+05
   6.4443707e+02   6.4800000e+05
   6.4426176e+02   6.4700000e+05
   6.4408647e+02   6.4600000e+05
   6.4391059e+02   6.4500000e+05
   6.4373473e+02   6.4400000e+05
   6.4355888e+02   6.4300000e+05
   6.4338347e+02   6.4200000e+05
   6.4320806e+02   6.4100000e+05
   6.4303237e+02   6.4000000e+05
   6.4285662e+02   6.3900000e+05
   6.4268018e+02   6.3800000e+05
   6.4250307e+02   6.3700000e+05
   6.4232284e+02   6.3600000e+05
   6.4214830e+02   6.3500000e+05
   6.4197125e+02   6.3400000e+05
   6.4179345e+02   6.3300000e+05
   6.4161532e+02   6.3200000e+05
   6.4143734e+02   6.3100000e+05
   6.4126058e+02   6.3000000e+05
   6.4108141e+02   6.2900000e+05
   6.4090285e+02   6.2800000e+05
   6.4072497e+02   6.2700000e+05
   6.4054657e+02   6.2600000e+05
   6.4036819e+02   6.2500000e+05
   6.4018989e+02   6.2400000e+05
   6.4001164e+02   6.2300000e+05
   6.4000000e+02   6.2293537e+05
   6.3983330e+02   6.2200000e+05
   6.3965632e+02   6.2100000e+05
   6.3947936e+02   6.2000000e+05
   6.3930186e+02   6.1900000e+05
   6.3912490e+02   6.1800000e+05
   6.3894686e+02   6.1700000e+05
   6.3876939e+02   6.1600000e+05
   6.3859142e+02   6.1500000e+05
   6.3841340e+02   6.1400000e+05
   6.3823540e+02   6.1300000e+05
   6.3805694e+02   6.1200000e+05
   6.3787851e+02   6.1100000e+05
   6.3769999e+02   6.1000000e+05
   6.3752150e+02   6.0900000e+05
   6.3734242e+02   6.0800000e+05
   6.3716353e+02   6.0700000e+05
   6.3698450e+02   6.0600000e+05
   6.3680508e+02   6.0500000e+05
   6.3662551e+02   6.0400000e+05
   6.3644578e+02   6.0300000e+05
   6.3626604e+02   6.0200000e+05
   6.3608617e+02   6.0100000e+05
   6.3590609e+02   6.0000000e+05
   6.3572604e+02   5.9900000e+05
   6.3554567e+02   5.9800000e+05
   6.3536535e+02   5.9700000e+05
   6.3518478e+02   5.9600000e+05
   6.3500393e+02   5.9500000e+05
   6.3482281e+02   5.9400000e+05
   6.3464171e+02   5.9300000e+05
   6.3446037e+02   5.9200000e+05
   6.3428718e+02   5.9100000e+05
   6.3409937e+02   5.9000000e+05
   6.3392009e+02   5.8900000e+05
   6.3374305e+02   5.8800000e+05
   6.3356318e+02   5.8700000e+05
   6.3338330e+02   5.8600000e+05
   6.3320338e+02   5.8500000e+05
   6.3302018e+02   5.8400000e+05
   6.3283670e+02   5.8300000e+05
   6.3265334e+02   5.8200000e+05
   6.3246361e+02   5.8100000e+05
   6.3228025e+02   5.8000000e+05
   6.3209669e+02   5.7900000e+05
   6.3191370e+02   5.7800000e+05
   6.3173013e+02   5.7700000e+05
   6.3154658e+02   5.7600000e+05
   6.3136298e+02   5.7500000e+05
   6.3117949e+02   5.7400000e+05
   6.3099536e+02   5.7300000e+05
   6.3081132e+02   5.7200000e+05
   6.3062696e+02   5.7100000e+05
   6.3044242e+02   5.7000000e+05
   6.3025780e+02   5.6900000e+05
   6.3008265e+02   5.6800000e+05
   6.3000000e+02   5.6755375e+05
   6.2989853e+02   5.6700000e+05
   6.2970606e+02   5.6600000e+05
   6.2953168e+02   5.6500000e+05
   6.2934880e+02   5.6400000e+05
   6.2915654e+02   5.6300000e+05
   6.2897314e+02   5.6200000e+05
   6.2878903e+02   5.6100000e+05
   6.2860555e+02   5.6000000e+05
   6.2842278e+02   5.5900000e+05
   6.2824125e+02   5.5800000e+05
   6.2806215e+02   5.5700000e+05
   6.2788142e+02   5.5600000e+05
   6.2769038e+02   5.5500000e+05
   6.2751116e+02   5.5400000e+05
   6.2731953e+02   5.5300000e+05
   6.2714201e+02   5.5200000e+05
   6.2695606e+02   5.5100000e+05
   6.2677498e+02   5.5000000e+05
   6.2658733e+02   5.4900000e+05
   6.2639655e+02   5.4800000e+05
   6.2621043e+02   5.4700000e+05
   6.2602547e+02   5.4600000e+05
   6.2584122e+02   5.4500000e+05
   6.2565287e+02   5.4400000e+05
   6.2546935e+02   5.4300000e+05
   6.2528790e+02   5.4200000e+05
   6.2510311e+02   5.4100000e+05
   6.2491739e+02   5.4000000e+05
   6.2472965e+02   5.3900000e+05
   6.2453946e+02   5.3800000e+05
   6.2435056e+02   5.3700000e+05
   6.2416657e+02   5.3600000e+05
   6.2397787e+02   5.3500000e+05
   6.2378743e+02   5.3400000e+05
   6.2360107e+02   5.3300000e+05
   6.2341259e+02   5.3200000e+05
   6.2322262e+02   5.3100000e+05
   6.2303392e+02   5.3000000e+05
   6.2284424e+02   5.2900000e+05
   6.2265518e+02   5.2800000e+05
   6.2246674e+02   5.2700000e+05
   6.2227767e+02   5.2600000e+05
   6.2208982e+02   5.2500000e+05
   6.2190123e+02   5.2400000e+05
   6.2171749e+02   5.2300000e+05
   6.2152792e+02   5.2200000e+05
   6.2133812e+02   5.2100000e+05
   6.2114816e+02   5.2000000e+05
   6.2095817e+02   5.1900000e+05
   6.2076845e+02   5.1800000e+05
   6.2057794e+02   5.1700000e+05
   6.2038742e+02   5.1600000e+05
   6.2019637e+02   5.1500000e+05
   6.2000534e+02   5.1400000e+05
   6.2000000e+02   5.1397205e+05
   6.1981635e+02   5.1300000e+05
   6.1962689e+02   5.1200000e+05
   6.1943744e+02   5.1100000e+05
   6.1924805e+02   5.1000000e+05
   6.1905812e+02   5.0900000e+05
   6.1886882e+02   5.0800000e+05
   6.1867957e+02   5.0700000e+05
   6.1848886e+02   5.0600000e+05
   6.1829866e+02   5.0500000e+05
   6.1810995e+02   5.0400000e+05
   6.1791891e+02   5.0300000e+05
   6.1772709e+02   5.0200000e+05
   6.1753910e+02   5.0100000e+05
   6.1734731e+02   5.0000000e+05
   6.1715590e+02   4.9900000e+05
   6.1696500e+02   4.9800000e+05
   6.1677416e+02   4.9700000e+05
   6.1658318e+02   4.9600000e+05
   6.1639225e+02   4.9500000e+05
   6.1620115e+02   4.9400000e+05
   6.1600971e+02   4.9300000e+05
   6.1581808e+02   4.9200000e+05
   6.1562646e+02   4.9100000e+05
   6.1543455e+02   4.9000000e+05
   6.1524211e+02   4.8900000e+05
   6.1504795e+02   4.8800000e+05
   6.1485384e+02   4.8700000e+05
   6.1465946e+02   4.8600000e+05
   6.1446484e+02   4.8500000e+05
   6.1427027e+02   4.8400000e+05
   6.1407539e+02   4.8300000e+05
   6.1388171e+02   4.8200000e+05
   6.1368821e+02   4.8100000e+05
   6.1349439e+02   4.8000000e+05
   6.1330062e+02   4.7900000e+05
   6.1310631e+02   4.7800000e+05
   6.1291204e+02   4.7700000e+05
   6.1271740e+02   4.7600000e+05
   6.1252321e+02   4.7500000e+05
   6.1232804e+02   4.7400000e+05
   6.1213322e+02   4.7300000e+05
   6.1193801e+02   4.7200000e+05
   6.1174235e+02   4.7100000e+05
   6.1154672e+02   4.7000000e+05
   6.1135104e+02   4.6900000e+05
   6.1115533e+02   4.6800000e+05
   6.1095922e+02   4.6700000e+05
   6.1076250e+02   4.6600000e+05
   6.1056586e+02   4.6500000e+05
   6.1036923e+02   4.6400000e+05
   6.1017205e+02   4.6300000e+05
   6.1000000e+02   4.6212722e+05
   6.0997519e+02   4.6200000e+05
   6.0978019e+02   4.6100000e+05
   6.0958466e+02   4.6000000e+05
   6.0938917e+02   4.5900000e+05
   6.0919315e+02   4.5800000e+05
   6.0899717e+02   4.5700000e+05
   6.0880159e+02   4.5600000e+05
   6.0860551e+02   4.5500000e+05
   6.0840908e+02   4.5400000e+05
   6.0821318e+02   4.5300000e+05
   6.0801658e+02   4.5200000e+05
   6.0781697e+02   4.5100000e+05
   6.0762217e+02   4.5000000e+05
   6.0742370e+02   4.4900000e+05
   6.0722529e+02   4.4800000e+05
   6.0702667e+02   4.4700000e+05
   6.0682795e+02   4.4600000e+05
   6.0662961e+02   4.4500000e+05
   6.0643018e+02   4.4400000e+05
   6.0623208e+02   4.4300000e+05
   6.0603314e+02   4.4200000e+05
   6.0583434e+02   4.4100000e+05
   6.0563510e+02   4.4000000e+05
   6.0543495e+02   4.3900000e+05
   6.0523495e+02   4.3800000e+05
   6.0503507e+02   4.3700000e+05
   6.0483528e+02   4.3600000e+05
   6.0463489e+02   4.3500000e+05
   6.0443480e+02   4.3400000e+05
   6.0423446e+02   4.3300000e+05
   6.0403415e+02   4.3200000e+05
   6.0383342e+02   4.3100000e+05
   6.0363203e+02   4.3000000e+05
   6.0343121e+02   4.2900000e+05
   6.0322992e+02   4.2800000e+05
   6.0302952e+02   4.2700000e+05
   6.0282761e+02   4.2600000e+05
   6.0262517e+02   4.2500000e+05
   6.0242235e+02   4.2400000e+05
   6.0221986e+02   4.2300000e+05
   6.0201699e+02   4.2200000e+05
   6.0181369e+02   4.2100000e+05
   6.0161033e+02   4.2000000e+05
   6.0140800e+02   4.1900000e+05
   6.0120425e+02   4.1800000e+05
   6.0099954e+02   4.1700000e+05
   6.0079523e+02   4.1600000e+05
   6.0065009e+02   4.1500000e+05
   6.0044871e+02   4.1400000e+05
   6.0018529e+02   4.1300000e+05
   6.0000000e+02   4.1208499e+05
   5.9998299e+02   4.1200000e+05
   5.9982422e+02   4.1100000e+05
   5.9966798e+02   4.1000000e+05
   5.9951989e+02   4.0900000e+05
   5.9937152e+02   4.0800000e+05
   5.9922222e+02   4.0700000e+05
   5.9904921e+02   4.0600000e+05
   5.9892845e+02   4.0500000e+05
   5.9868145e+02   4.0400000e+05
   5.9852508e+02   4.0300000e+05
   5.9837448e+02   4.0200000e+05
   5.9820000e+02   4.0100000e+05
   5.9803223e+02   4.0000000e+05
   5.9785103e+02   3.9900000e+05
   5.9767016e+02   3.9800000e+05
   5.9748817e+02   3.9700000e+05
   5.9730295e+02   3.9600000e+05
   5.9711574e+02   3.9500000e+05
   5.9693144e+02   3.9400000e+05
   5.9674423e+02   3.9300000e+05
   5.9655870e+02   3.9200000e+05
   5.9636865e+02   3.9100000e+05
   5.9617173e+02   3.9000000e+05
   5.9597703e+02   3.8900000e+05
   5.9578867e+02   3.8800000e+05
   5.9559671e+02   3.8700000e+05
   5.9540407e+02   3.8600000e+05
   5.9520718e+02   3.8500000e+05
   5.9501098e+02   3.8400000e+05
   5.9481317e+02   3.8300000e+05
   5.9461725e+02   3.8200000e+05
   5.9441851e+02   3.8100000e+05
   5.9425356e+02   3.8000000e+05
   5.9405367e+02   3.7900000e+05
   5.9385316e+02   3.7800000e+05
   5.9365268e+02   3.7700000e+05
   5.9345053e+02   3.7600000e+05
   5.9324934e+02   3.7500000e+05
   5.9304634e+02   3.7400000e+05
   5.9284164e+02   3.7300000e+05
   5.9263904e+02   3.7200000e+05
   5.9243843e+02   3.7100000e+05
   5.9223453e+02   3.7000000e+05
   5.9203216e+02   3.6900000e+05
   5.9182672e+02   3.6800000e+05
   5.9162076e+02   3.6700000e+05
   5.9141830e+02   3.6600000e+05
   5.9121193e+02   3.6500000e+05
   5.9100449e+02   3.6400000e+05
   5.9079755e+02   3.6300000e+05
   5.9059310e+02   3.6200000e+05
   5.9037943e+02   3.6100000e+05
   5.9017368e+02   3.6000000e+05
   5.9000000e+02   3.5916935e+05
   5.8996497e+02   3.5900000e+05
   5.8975979e+02   3.5800000e+05
   5.8955149e+02   3.5700000e+05
   5.8934485e+02   3.5600000e+05
   5.8913669e+02   3.5500000e+05
   5.8892551e+02   3.5400000e+05
   5.8872000e+02   3.5300000e+05
   5.8850586e+02   3.5200000e+05
   5.8829716e+02   3.5100000e+05
   5.8809262e+02   3.5000000e+05
   5.8788728e+02   3.4900000e+05
   5.8767690e+02   3.4800000e+05
   5.8746670e+02   3.4700000e+05
   5.8725648e+02   3.4600000e+05
   5.8704586e+02   3.4500000e+05
   5.8683340e+02   3.4400000e+05
   5.8662004e+02   3.4300000e+05
   5.8640673e+02   3.4200000e+05
   5.8619278e+02   3.4100000e+05
   5.8598248e+02   3.4000000e+05
   5.8577068e+02   3.3900000e+05
   5.8555666e+02   3.3800000e+05
   5.8534446e+02   3.3700000e+05
   5.8512813e+02   3.3600000e+05
   5.8491596e+02   3.3500000e+05
   5.8470380e+02   3.3400000e+05
   5.8448742e+02   3.3300000e+05
   5.8427407e+02   3.3200000e+05
   5.8405654e+02   3.3100000e+05
   5.8383946e+02   3.3000000e+05
   5.8362856e+02   3.2900000e+05
   5.8341162e+02   3.2800000e+05
   5.8319398e+02   3.2700000e+05
   5.8297673e+02   3.2600000e+05
   5.8275744e+02   3.2500000e+05
   5.8253739e+02   3.2400000e+05
   5.8232167e+02   3.2300000e+05
   5.8210818e+02   3.2200000e+05
   5.8188469e+02   3.2100000e+05
   5.8166537e+02   3.2000000e+05
   5.8144810e+02   3.1900000e+05
   5.8122918e+02   3.1800000e+05
   5.8101290e+02   3.1700000e+05
   5.8079196e+02   3.1600000e+05
   5.8057046e+02   3.1500000e+05
   5.8034908e+02   3.1400000e+05
   5.8013389e+02   3.1300000e+05
   5.8000000e+02   3.1239043e+05
   5.7991525e+02   3.1200000e+05
   5.7969401e+02   3.1100000e+05
   5.7947855e+02   3.1000000e+05
   5.7926013e+02   3.0900000e+05
   5.7904088e+02   3.0800000e+05
   5.7881929e+02   3.0700000e+05
   5.7860226e+02   3.0600000e+05
   5.7838077e+02   3.0500000e+05
   5.7815966e+02   3.0400000e+05
   5.7793848e+02   3.0300000e+05
   5.7771893e+02   3.0200000e+05
   5.7749973e+02   3.0100000e+05
   5.7727774e+02   3.0000000e+05
   5.7705632e+02   2.9900000e+05
   5.7683567e+02   2.9800000e+05
   5.7661389e+02   2.9700000e+05
   5.7639122e+02   2.9600000e+05
   5.7617676e+02   2.9500000e+05
   5.7596141e+02   2.9400000e+05
   5.7571530e+02   2.9300000e+05
   5.7639749e+02   2.9200000e+05
   5.7731068e+02   2.9100000e+05
   5.7878464e+02   2.9000000e+05
   5.7949579e+02   2.8900000e+05
   5.7982861e+02   2.8800000e+05
   5.7992295e+02   2.8700000e+05
   5.7969057e+02   2.8600000e+05
   5.7949433e+02   2.8500000e+05
   5.7929516e+02   2.8400000e+05
   5.7909860e+02   2.8300000e+05
   5.7890120e+02   2.8200000e+05
   5.7870155e+02   2.8100000e+05
   5.7850137e+02   2.8000000e+05
   5.7830031e+02   2.7900000e+05
   5.7810450e+02   2.7800000e+05
   5.7790366e+02   2.7700000e+05
   5.7770393e+02   2.7600000e+05
   5.7750419e+02   2.7500000e+05
   5.7730604e+02   2.7400000e+05
   5.7710404e+02   2.7300000e+05
   5.7690355e+02   2.7200000e+05
   5.7670319e+02   2.7100000e+05
   5.7650759e+02   2.7000000e+05
   5.7630238e+02   2.6900000e+05
   5.7610155e+02   2.6800000e+05
   5.7589957e+02   2.6700000e+05
   5.7570600e+02   2.6600000e+05
   5.7549788e+02   2.6500000e+05
   5.7529553e+02   2.6400000e+05
   5.7509487e+02   2.6300000e+05
   5.7489288e+02   2.6200000e+05
   5.7468957e+02   2.6100000e+05
   5.7448689e+02   2.6000000e+05
   5.7428332e+02   2.5900000e+05
   5.7408305e+02   2.5800000e+05
   5.7387858e+02   2.5700000e+05
   5.7367644e+02   2.5600000e+05
   5.7347228e+02   2.5500000e+05
   5.7326908e+02   2.5400000e+05
   5.7306394e+02   2.5300000e+05
   5.7285993e+02   2.5200000e+05
   5.7265479e+02   2.5100000e+05
   5.7245437e+02   2.5000000e+05
   5.7224738e+02   2.4900000e+05
   5.7204382e+02   2.4800000e+05
   5.7185175e+02   2.4700000e+05
   5.7163618e+02   2.4600000e+05
   5.7142937e+02   2.4500000e+05
   5.7122603e+02   2.4400000e+05
   5.7103301e+02   2.4300000e+05
   5.7081537e+02   2.4200000e+05
   5.7060862e+02   2.4100000e+05
   5.7040249e+02   2.4000000e+05
   5.7019431e+02   2.3900000e+05
   5.7000000e+02   2.3805660e+05
   5.6998849e+02   2.3800000e+05
   5.6978518e+02   2.3700000e+05
   5.6958139e+02   2.3600000e+05
   5.6937716e+02   2.3500000e+05
   5.6917251e+02   2.3400000e+05
   5.6896771e+02   2.3300000e+05
   5.6876334e+02   2.3200000e+05
   5.6855830e+02   2.3100000e+05
   5.6835429e+02   2.3000000e+05
   5.6814614e+02   2.2900000e+05
   5.6793459e+02   2.2800000e+05
   5.6713518e+02   2.2700000e+05
   5.6314284e+02   2.2600000e+05
   5.6302507e+02   2.2500000e+05
   5.6278796e+02   2.2400000e+05
   5.6254063e+02   2.2300000e+05
   5.6000000e+02   2.2264818e+05
   5.5722621e+02   2.2200000e+05
   5.5511644e+02   2.2100000e+05
   5.5487117e+02   2.2000000e+05
   5.5462542e+02   2.1900000e+05
   5.5438972e+02   2.1800000e+05
   5.5420890e+02   2.1700000e+05
   5.5243011e+02   2.1600000e+05
   5.5112586e+02   2.1500000e+05
   5.5071655e+02   2.1400000e+05
   5.5022799e+02   2.1300000e+05
   5.5000000e+02   2.1272876e+05
   5.4941456e+02   2.1200000e+05
   5.4833448e+02   2.1100000e+05
   5.4743884e+02   2.1000000e+05
   5.4648326e+02   2.0900000e+05
   5.4617799e+02   2.0800000e+05
   5.4585213e+02   2.0700000e+05
   5.4551644e+02   2.0600000e+05
   5.4516715e+02   2.0500000e+05
   5.4479860e+02   2.0400000e+05
   5.4439902e+02   2.0300000e+05
   5.4399602e+02   2.0200000e+05
   5.4356217e+02   2.0100000e+05
   5.4310592e+02   2.0000000e+05
   5.4256284e+02   1.9900000e+05
   5.4197432e+02   1.9800000e+05
   5.4133437e+02   1.9700000e+05
   5.4057727e+02   1.9600000e+05
   5.4000000e+02   1.9540114e+05
   5.3960505e+02   1.9500000e+05
   5.3817283e+02   1.9400000e+05
   5.3782249e+02   1.9300000e+05
   5.3740514e+02   1.9200000e+05
   5.3718943e+02   1.9100000e+05
   5.3698534e+02   1.9000000e+05
   5.3678151e+02   1.8900000e+05
   5.3657735e+02   1.8800000e+05
   5.3636995e+02   1.8700000e+05
   5.3616413e+02   1.8600000e+05
   5.3595908e+02   1.8500000e+05
   5.3575409e+02   1.8400000e+05
   5.3554773e+02   1.8300000e+05
   5.3534107e+02   1.8200000e+05
   5.3513339e+02   1.8100000e+05
   5.3492465e+02   1.8000000e+05
   5.3471703e+02   1.7900000e+05
   5.3450916e+02   1.7800000e+05
   5.3430080e+02   1.7700000e+05
   5.3409194e+02   1.7600000e+05
   5.3388239e+02   1.7500000e+05
   5.3367236e+02   1.7400000e+05
   5.3346084e+02   1.7300000e+05
   5.3324983e+02   1.7200000e+05
   5.3303938e+02   1.7100000e+05
   5.3282794e+02   1.7000000e+05
   5.3261616e+02   1.6900000e+05
   5.3240441e+02   1.6800000e+05
   5.3219175e+02   1.6700000e+05
   5.3197837e+02   1.6600000e+05
   5.3176349e+02   1.6500000e+05
   5.3154932e+02   1.6400000e+05
   5.3135157e+02   1.6300000e+05
   5.3110466e+02   1.6200000e+05
   5.3093328e+02   1.6100000e+05
   5.3071705e+02   1.6000000e+05
   5.3053511e+02   1.5900000e+05
   5.3035053e+02   1.5800000e+05
   5.3016648e+02   1.5700000e+05
   5.3000000e+02   1.5610773e+05
   5.2998017e+02   1.5600000e+05
   5.2979707e+02   1.5500000e+05
   5.2961202e+02   1.5400000e+05
   5.2942142e+02   1.5300000e+05
   5.2923339e+02   1.5200000e+05
   5.2904450e+02   1.5100000e+05
   5.2885098e+02   1.5000000e+05
   5.2865799e+02   1.4900000e+05
   5.2846209e+02   1.4800000e+05
   5.2826650e+02   1.4700000e+05
   5.2806993e+02   1.4600000e+05
   5.2787104e+02   1.4500000e+05
   5.2767210e+02   1.4400000e+05
   5.2747053e+02   1.4300000e+05
   5.2726603e+02   1.4200000e+05
   5.2705969e+02   1.4100000e+05
   5.2685443e+02   1.4000000e+05
   5.2664703e+02   1.3900000e+05
   5.2644119e+02   1.3800000e+05
   5.2623255e+02   1.3700000e+05
   5.2601980e+02   1.3600000e+05
   5.2580655e+02   1.3500000e+05
   5.2559476e+02   1.3400000e+05
   5.2537770e+02   1.3300000e+05
   5.2516041e+02   1.3200000e+05
   5.2494265e+02   1.3100000e+05
   5.2472266e+02   1.3000000e+05
   5.2450167e+02   1.2900000e+05
   5.2427854e+02   1.2800000e+05
   5.2405356e+02   1.2700000e+05
   5.2382556e+02   1.2600000e+05
   5.2359613e+02   1.2500000e+05
   5.2336173e+02   1.2400000e+05
   5.2312443e+02   1.2300000e+05
   5.2289466e+02   1.2200000e+05
   5.2266379e+02   1.2100000e+05
   5.2114496e+02   1.2000000e+05
   5.2000000e+02   1.1967808e+05
   5.1702491e+02   1.1900000e+05
   5.1000000e+02   1.1807822e+05
   5.0934313e+02   1.1800000e+05
   5.0910432e+02   1.1700000e+05
   5.0876412e+02   1.1600000e+05
   5.0819517e+02   1.1500000e+05
   5.0727081e+02   1.1400000e+05
   5.0624765e+02   1.1300000e+05
   5.0540272e+02   1.1200000e+05
   5.0516450e+02   1.1100000e+05
   5.0444624e+02   1.1000000e+05
   5.0381864e+02   1.0900000e+05
   5.0335924e+02   1.0800000e+05
   5.0000000e+02   1.0732028e+05
   4.9850127e+02   1.0700000e+05
   4.9739995e+02   1.0600000e+05
   4.9641155e+02   1.0500000e+05
   4.9579920e+02   1.0400000e+05
   4.9555078e+02   1.0300000e+05
   4.9512244e+02   1.0200000e+05
   4.9476301e+02   1.0100000e+05
   4.9444925e+02   1.0000000e+05
   4.9419758e+02   9.9000000e+04
   4.9388765e+02   9.8000000e+04
   4.9358429e+02   9.7000000e+04
   4.9327211e+02   9.6000000e+04
   4.9301832e+02   9.5000000e+04
   4.9267235e+02   9.4000000e+04
   4.9234626e+02   9.3000000e+04
   4.9198205e+02   9.2000000e+04
   4.9172665e+02   9.1000000e+04
   4.9133590e+02   9.0000000e+04
   4.9095830e+02   8.9000000e+04
   4.9055348e+02   8.8000000e+04
   4.9029559e+02   8.7000000e+04
   4.9000000e+02   8.6282080e+04
   4.8988016e+02   8.6000000e+04
   4.8943808e+02   8.5000000e+04
   4.8916902e+02   8.4000000e+04
   4.8870527e+02   8.3000000e+04
   4.8821635e+02   8.2000000e+04
   4.8771921e+02   8.1000000e+04
   4.8744650e+02   8.0000000e+04
   4.8695116e+02   7.9000000e+04
   4.8640133e+02   7.8000000e+04
   4.8587085e+02   7.7000000e+04
   4.8559405e+02   7.6000000e+04
   4.8500492e+02   7.5000000e+04
   4.8441372e+02   7.4000000e+04
   4.8370966e+02   7.3000000e+04
   4.8344533e+02   7.2000000e+04
   4.8303687e+02   7.1000000e+04
   4.8280080e+02   7.0000000e+04
   4.8247215e+02   6.9000000e+04
   4.8218749e+02   6.8000000e+04
   4.8162081e+02   6.7000000e+04
   4.8130006e+02   6.6000000e+04
   4.8095459e+02   6.5000000e+04
   4.8066586e+02   6.4000000e+04
   4.8032772e+02   6.3000000e+04
   4.8004253e+02   6.2000000e+04
   4.8000000e+02   6.1840909e+04
   4.7978495e+02   6.1000000e+04
   4.7950474e+02   6.0000000e+04
   4.7923364e+02   5.9000000e+04
   4.7877027e+02   5.8000000e+04
   4.7847379e+02   5.7000000e+04
   4.7819195e+02   5.6000000e+04
   4.7785016e+02   5.5000000e+04
   4.7754488e+02   5.4000000e+04
   4.7723693e+02   5.3000000e+04
   4.7695643e+02   5.2000000e+04
   4.7666321e+02   5.1000000e+04
   4.7639158e+02   5.0000000e+04
   4.7596719e+02   4.9000000e+04
   4.7567261e+02   4.8000000e+04
   4.7527332e+02   4.7000000e+04
   4.7391809e+02   4.6000000e+04
   4.7345753e+02   4.5000000e+04
   4.7317724e+02   4.4000000e+04
   4.7283016e+02   4.3000000e+04
   4.7249438e+02   4.2000000e+04
   4.7214607e+02   4.1000000e+04
   4.7186066e+02   4.0000000e+04
   4.7152386e+02   3.9000000e+04
   4.7117003e+02   3.8000000e+04
   4.7088086e+02   3.7000000e+04
   4.7052371e+02   3.6000000e+04
   4.7016346e+02   3.5000000e+04
   4.7000000e+02   3.4497283e+04
   4.6984107e+02   3.4000000e+04
   4.6955112e+02   3.3000000e+04
   4.6919218e+02   3.2000000e+04
   4.6884842e+02   3.1000000e+04
   4.6848508e+02   3.0000000e+04
   4.6819063e+02   2.9000000e+04
   4.6784389e+02   2.8000000e+04
   4.6748246e+02   2.7000000e+04
   4.6713047e+02   2.6000000e+04
   4.6683004e+02   2.5000000e+04
   4.6647171e+02   2.4000000e+04
   4.6610214e+02   2.3000000e+04
   4.6574532e+02   2.2000000e+04
   4.6543866e+02   2.1000000e+04
   4.6505594e+02   2.0000000e+04
   4.6471458e+02   1.9000000e+04
   4.6430338e+02   1.8000000e+04
   4.6399250e+02   1.7000000e+04
   4.6353542e+02   1.6000000e+04
   4.6327318e+02   1.5000000e+04
   4.6292897e+02   1.4000000e+04
   4.6260604e+02   1.3000000e+04
   4.6204371e+02   1.2000000e+04
   4.6136392e+02   1.1000000e+04
   4.6049126e+02   1.0000000e+04
   4.6000000e+02   9.0080214e+03
   4.5999604e+02   9.0000000e+03
   4.5966839e+02   8.0000000e+03
   4.5932458e+02   7.0000000e+03
   4.5898232e+02   6.0000000e+03
   4.5863630e+02   5.0000000e+03
   4.5828961e+02   4.0000000e+03
   4.5775314e+02   3.0000000e+03
   4.5744343e+02   2.0000000e+03
   4.5714066e+02   1.0000000e+03
   4.5000000e+02   0.0000000e+00
   4.5000000e+02   0.0000000e+00
