   2.3439181e+03   1.3500000e+06
   2.3434658e+03   1.3490000e+06
   2.3430104e+03   1.3480000e+06
   2.3425524e+03   1.3470000e+06
   2.3420699e+03   1.3460000e+06
   2.3416168e+03   1.3450000e+06
   2.3411525e+03   1.3440000e+06
   2.3406819e+03   1.3430000e+06
   2.3402077e+03   1.3420000e+06
   2.3400000e+03   1.3415605e+06
   2.3397360e+03   1.3410000e+06
   2.3392667e+03   1.3400000e+06
   2.3387951e+03   1.3390000e+06
   2.3383251e+03   1.3380000e+06
   2.3378695e+03   1.3370000e+06
   2.3373802e+03   1.3360000e+06
   2.3369153e+03   1.3350000e+06
   2.3364439e+03   1.3340000e+06
   2.3359741e+03   1.3330000e+06
   2.3355020e+03   1.3320000e+06
   2.3350142e+03   1.3310000e+06
   2.3345721e+03   1.3300000e+06
   2.3341181e+03   1.3290000e+06
   2.3336560e+03   1.3280000e+06
   2.3331977e+03   1.3270000e+06
   2.3327285e+03   1.3260000e+06
   2.3322837e+03   1.3250000e+06
   2.3318323e+03   1.3240000e+06
   2.3313635e+03   1.3230000e+06
   2.3308949e+03   1.3220000e+06
   2.3304260e+03   1.3210000e+06
   2.3300000e+03   1.3200996e+06
   2.3299526e+03   1.3200000e+06
   2.3294777e+03   1.3190000e+06
   2.3290004e+03   1.3180000e+06
   2.3285234e+03   1.3170000e+06
   2.3280388e+03   1.3160000e+06
   2.3275612e+03   1.3150000e+06
   2.3270836e+03   1.3140000e+06
   2.3266080e+03   1.3130000e+06
   2.3261331e+03   1.3120000e+06
   2.3256728e+03   1.3110000e+06
   2.3252227e+03   1.3100000e+06
   2.3247437e+03   1.3090000e+06
   2.3242951e+03   1.3080000e+06
   2.3238493e+03   1.3070000e+06
   2.3234050e+03   1.3060000e+06
   2.3229909e+03   1.3050000e+06
   2.3225000e+03   1.3040000e+06
   2.3220405e+03   1.3030000e+06
   2.3215789e+03   1.3020000e+06
   2.3211567e+03   1.3010000e+06
   2.3206916e+03   1.3000000e+06
   2.3202224e+03   1.2990000e+06
   2.3200000e+03   1.2985184e+06
   2.3197624e+03   1.2980000e+06
   2.3193020e+03   1.2970000e+06
   2.3188299e+03   1.2960000e+06
   2.3183688e+03   1.2950000e+06
   2.3179073e+03   1.2940000e+06
   2.3174458e+03   1.2930000e+06
   2.3169798e+03   1.2920000e+06
   2.3165124e+03   1.2910000e+06
   2.3160500e+03   1.2900000e+06
   2.3155786e+03   1.2890000e+06
   2.3151009e+03   1.2880000e+06
   2.3146331e+03   1.2870000e+06
   2.3141665e+03   1.2860000e+06
   2.3137033e+03   1.2850000e+06
   2.3132373e+03   1.2840000e+06
   2.3127934e+03   1.2830000e+06
   2.3123330e+03   1.2820000e+06
   2.3118617e+03   1.2810000e+06
   2.3113953e+03   1.2800000e+06
   2.3109288e+03   1.2790000e+06
   2.3104642e+03   1.2780000e+06
   2.3100000e+03   1.2770080e+06
   2.3099963e+03   1.2770000e+06
   2.3095298e+03   1.2760000e+06
   2.3090570e+03   1.2750000e+06
   2.3085926e+03   1.2740000e+06
   2.3081288e+03   1.2730000e+06
   2.3076629e+03   1.2720000e+06
   2.3071970e+03   1.2710000e+06
   2.3067304e+03   1.2700000e+06
   2.3062588e+03   1.2690000e+06
   2.3057927e+03   1.2680000e+06
   2.3053273e+03   1.2670000e+06
   2.3048638e+03   1.2660000e+06
   2.3043993e+03   1.2650000e+06
   2.3039344e+03   1.2640000e+06
   2.3034680e+03   1.2630000e+06
   2.3030030e+03   1.2620000e+06
   2.3025380e+03   1.2610000e+06
   2.3020741e+03   1.2600000e+06
   2.3016090e+03   1.2590000e+06
   2.3011424e+03   1.2580000e+06
   2.3006757e+03   1.2570000e+06
   2.3002091e+03   1.2560000e+06
   2.3000000e+03   1.2555516e+06
   2.2997443e+03   1.2550000e+06
   2.2992809e+03   1.2540000e+06
   2.2988188e+03   1.2530000e+06
   2.2983545e+03   1.2520000e+06
   2.2978899e+03   1.2510000e+06
   2.2974249e+03   1.2500000e+06
   2.2969588e+03   1.2490000e+06
   2.2964929e+03   1.2480000e+06
   2.2960453e+03   1.2470000e+06
   2.2955791e+03   1.2460000e+06
   2.2951249e+03   1.2450000e+06
   2.2946728e+03   1.2440000e+06
   2.2942217e+03   1.2430000e+06
   2.2937689e+03   1.2420000e+06
   2.2933206e+03   1.2410000e+06
   2.2928543e+03   1.2400000e+06
   2.2923961e+03   1.2390000e+06
   2.2919388e+03   1.2380000e+06
   2.2914821e+03   1.2370000e+06
   2.2910265e+03   1.2360000e+06
   2.2905701e+03   1.2350000e+06
   2.2901163e+03   1.2340000e+06
   2.2900000e+03   1.2337366e+06
   2.2896707e+03   1.2330000e+06
   2.2892127e+03   1.2320000e+06
   2.2887507e+03   1.2310000e+06
   2.2882880e+03   1.2300000e+06
   2.2878240e+03   1.2290000e+06
   2.2873433e+03   1.2280000e+06
   2.2868820e+03   1.2270000e+06
   2.2863990e+03   1.2260000e+06
   2.2858937e+03   1.2250000e+06
   2.2854105e+03   1.2240000e+06
   2.2849293e+03   1.2230000e+06
   2.2844532e+03   1.2220000e+06
   2.2839817e+03   1.2210000e+06
   2.2835110e+03   1.2200000e+06
   2.2830220e+03   1.2190000e+06
   2.2825518e+03   1.2180000e+06
   2.2820848e+03   1.2170000e+06
   2.2816395e+03   1.2160000e+06
   2.2811457e+03   1.2150000e+06
   2.2806764e+03   1.2140000e+06
   2.2802089e+03   1.2130000e+06
   2.2800000e+03   1.2125581e+06
   2.2797382e+03   1.2120000e+06
   2.2792744e+03   1.2110000e+06
   2.2788176e+03   1.2100000e+06
   2.2783424e+03   1.2090000e+06
   2.2778726e+03   1.2080000e+06
   2.2774042e+03   1.2070000e+06
   2.2769511e+03   1.2060000e+06
   2.2764805e+03   1.2050000e+06
   2.2760106e+03   1.2040000e+06
   2.2755430e+03   1.2030000e+06
   2.2750800e+03   1.2020000e+06
   2.2746131e+03   1.2010000e+06
   2.2741324e+03   1.2000000e+06
   2.2736718e+03   1.1990000e+06
   2.2732094e+03   1.1980000e+06
   2.2727536e+03   1.1970000e+06
   2.2722843e+03   1.1960000e+06
   2.2718202e+03   1.1950000e+06
   2.2713576e+03   1.1940000e+06
   2.2708925e+03   1.1930000e+06
   2.2704290e+03   1.1920000e+06
   2.2700000e+03   1.1911157e+06
   2.2699442e+03   1.1910000e+06
   2.2694982e+03   1.1900000e+06
   2.2690273e+03   1.1890000e+06
   2.2685562e+03   1.1880000e+06
   2.2680852e+03   1.1870000e+06
   2.2676128e+03   1.1860000e+06
   2.2671413e+03   1.1850000e+06
   2.2666987e+03   1.1840000e+06
   2.2662155e+03   1.1830000e+06
   2.2657560e+03   1.1820000e+06
   2.2652978e+03   1.1810000e+06
   2.2648394e+03   1.1800000e+06
   2.2643602e+03   1.1790000e+06
   2.2639039e+03   1.1780000e+06
   2.2634608e+03   1.1770000e+06
   2.2629901e+03   1.1760000e+06
   2.2625285e+03   1.1750000e+06
   2.2620654e+03   1.1740000e+06
   2.2615249e+03   1.1730000e+06
   2.2610063e+03   1.1720000e+06
   2.2600000e+03   1.1713743e+06
   2.2594887e+03   1.1710000e+06
   2.2552538e+03   1.1700000e+06
   2.2500000e+03   1.1691206e+06
   2.2493514e+03   1.1690000e+06
   2.2427628e+03   1.1680000e+06
   2.2400000e+03   1.1675706e+06
   2.2364067e+03   1.1670000e+06
   2.2306876e+03   1.1660000e+06
   2.2300000e+03   1.1658267e+06
   2.2267075e+03   1.1650000e+06
   2.2244920e+03   1.1640000e+06
   2.2239766e+03   1.1630000e+06
   2.2235441e+03   1.1620000e+06
   2.2231763e+03   1.1610000e+06
   2.2227446e+03   1.1600000e+06
   2.2223186e+03   1.1590000e+06
   2.2218279e+03   1.1580000e+06
   2.2214322e+03   1.1570000e+06
   2.2209467e+03   1.1560000e+06
   2.2205244e+03   1.1550000e+06
   2.2200946e+03   1.1540000e+06
   2.2200000e+03   1.1537787e+06
   2.2196676e+03   1.1530000e+06
   2.2192389e+03   1.1520000e+06
   2.2188107e+03   1.1510000e+06
   2.2183318e+03   1.1500000e+06
   2.2179094e+03   1.1490000e+06
   2.2174810e+03   1.1480000e+06
   2.2170519e+03   1.1470000e+06
   2.2166208e+03   1.1460000e+06
   2.2161691e+03   1.1450000e+06
   2.2157540e+03   1.1440000e+06
   2.2153049e+03   1.1430000e+06
   2.2147885e+03   1.1420000e+06
   2.2143407e+03   1.1410000e+06
   2.2138970e+03   1.1400000e+06
   2.2134628e+03   1.1390000e+06
   2.2130361e+03   1.1380000e+06
   2.2126096e+03   1.1370000e+06
   2.2121805e+03   1.1360000e+06
   2.2117527e+03   1.1350000e+06
   2.2113187e+03   1.1340000e+06
   2.2109705e+03   1.1330000e+06
   2.2104629e+03   1.1320000e+06
   2.2100308e+03   1.1310000e+06
   2.2100000e+03   1.1308963e+06
   2.2097321e+03   1.1300000e+06
   2.2092457e+03   1.1290000e+06
   2.2088085e+03   1.1280000e+06
   2.2083508e+03   1.1270000e+06
   2.2079347e+03   1.1260000e+06
   2.2074977e+03   1.1250000e+06
   2.2070620e+03   1.1240000e+06
   2.2066076e+03   1.1230000e+06
   2.2061718e+03   1.1220000e+06
   2.2057363e+03   1.1210000e+06
   2.2053008e+03   1.1200000e+06
   2.2048647e+03   1.1190000e+06
   2.2044210e+03   1.1180000e+06
   2.2039773e+03   1.1170000e+06
   2.2035324e+03   1.1160000e+06
   2.2030743e+03   1.1150000e+06
   2.2026425e+03   1.1140000e+06
   2.2022002e+03   1.1130000e+06
   2.2017551e+03   1.1120000e+06
   2.2013171e+03   1.1110000e+06
   2.2008650e+03   1.1100000e+06
   2.2004216e+03   1.1090000e+06
   2.2000000e+03   1.1080526e+06
   2.1999767e+03   1.1080000e+06
   2.1995302e+03   1.1070000e+06
   2.1990852e+03   1.1060000e+06
   2.1986414e+03   1.1050000e+06
   2.1981972e+03   1.1040000e+06
   2.1977520e+03   1.1030000e+06
   2.1973080e+03   1.1020000e+06
   2.1968603e+03   1.1010000e+06
   2.1964186e+03   1.1000000e+06
   2.1959641e+03   1.0990000e+06
   2.1955179e+03   1.0980000e+06
   2.1950716e+03   1.0970000e+06
   2.1946280e+03   1.0960000e+06
   2.1941895e+03   1.0950000e+06
   2.1937377e+03   1.0940000e+06
   2.1932928e+03   1.0930000e+06
   2.1928459e+03   1.0920000e+06
   2.1923979e+03   1.0910000e+06
   2.1919506e+03   1.0900000e+06
   2.1915033e+03   1.0890000e+06
   2.1910554e+03   1.0880000e+06
   2.1906109e+03   1.0870000e+06
   2.1901649e+03   1.0860000e+06
   2.1900000e+03   1.0856320e+06
   2.1897173e+03   1.0850000e+06
   2.1892695e+03   1.0840000e+06
   2.1888210e+03   1.0830000e+06
   2.1883692e+03   1.0820000e+06
   2.1879152e+03   1.0810000e+06
   2.1874625e+03   1.0800000e+06
   2.1870098e+03   1.0790000e+06
   2.1865469e+03   1.0780000e+06
   2.1860953e+03   1.0770000e+06
   2.1856505e+03   1.0760000e+06
   2.1851933e+03   1.0750000e+06
   2.1847443e+03   1.0740000e+06
   2.1842954e+03   1.0730000e+06
   2.1838446e+03   1.0720000e+06
   2.1833939e+03   1.0710000e+06
   2.1829432e+03   1.0700000e+06
   2.1824920e+03   1.0690000e+06
   2.1820403e+03   1.0680000e+06
   2.1815890e+03   1.0670000e+06
   2.1811569e+03   1.0660000e+06
   2.1807047e+03   1.0650000e+06
   2.1802500e+03   1.0640000e+06
   2.1800000e+03   1.0634531e+06
   2.1797933e+03   1.0630000e+06
   2.1793344e+03   1.0620000e+06
   2.1788749e+03   1.0610000e+06
   2.1784506e+03   1.0600000e+06
   2.1779882e+03   1.0590000e+06
   2.1775206e+03   1.0580000e+06
   2.1770612e+03   1.0570000e+06
   2.1766102e+03   1.0560000e+06
   2.1761632e+03   1.0550000e+06
   2.1757140e+03   1.0540000e+06
   2.1752635e+03   1.0530000e+06
   2.1747697e+03   1.0520000e+06
   2.1743267e+03   1.0510000e+06
   2.1739044e+03   1.0500000e+06
   2.1734138e+03   1.0490000e+06
   2.1729524e+03   1.0480000e+06
   2.1725004e+03   1.0470000e+06
   2.1720508e+03   1.0460000e+06
   2.1716254e+03   1.0450000e+06
   2.1711523e+03   1.0440000e+06
   2.1706934e+03   1.0430000e+06
   2.1702356e+03   1.0420000e+06
   2.1700000e+03   1.0415216e+06
   2.1697435e+03   1.0410000e+06
   2.1692975e+03   1.0400000e+06
   2.1688151e+03   1.0390000e+06
   2.1683566e+03   1.0380000e+06
   2.1679011e+03   1.0370000e+06
   2.1674470e+03   1.0360000e+06
   2.1669887e+03   1.0350000e+06
   2.1665302e+03   1.0340000e+06
   2.1660641e+03   1.0330000e+06
   2.1656104e+03   1.0320000e+06
   2.1651568e+03   1.0310000e+06
   2.1647067e+03   1.0300000e+06
   2.1642558e+03   1.0290000e+06
   2.1638035e+03   1.0280000e+06
   2.1633515e+03   1.0270000e+06
   2.1628989e+03   1.0260000e+06
   2.1623987e+03   1.0250000e+06
   2.1619725e+03   1.0240000e+06
   2.1614957e+03   1.0230000e+06
   2.1610204e+03   1.0220000e+06
   2.1605439e+03   1.0210000e+06
   2.1600639e+03   1.0200000e+06
   2.1600000e+03   1.0198676e+06
   2.1595852e+03   1.0190000e+06
   2.1591179e+03   1.0180000e+06
   2.1586628e+03   1.0170000e+06
   2.1582077e+03   1.0160000e+06
   2.1577526e+03   1.0150000e+06
   2.1572975e+03   1.0140000e+06
   2.1568406e+03   1.0130000e+06
   2.1563096e+03   1.0120000e+06
   2.1559164e+03   1.0110000e+06
   2.1554480e+03   1.0100000e+06
   2.1549789e+03   1.0090000e+06
   2.1545105e+03   1.0080000e+06
   2.1540380e+03   1.0070000e+06
   2.1535684e+03   1.0060000e+06
   2.1531006e+03   1.0050000e+06
   2.1526323e+03   1.0040000e+06
   2.1521618e+03   1.0030000e+06
   2.1516892e+03   1.0020000e+06
   2.1512179e+03   1.0010000e+06
   2.1507431e+03   1.0000000e+06
   2.1501977e+03   9.9900000e+05
   2.1500000e+03   9.9848649e+05
   2.1498111e+03   9.9800000e+05
   2.1493477e+03   9.9700000e+05
   2.1488977e+03   9.9600000e+05
   2.1484222e+03   9.9500000e+05
   2.1479203e+03   9.9400000e+05
   2.1474461e+03   9.9300000e+05
   2.1469407e+03   9.9200000e+05
   2.1464783e+03   9.9100000e+05
   2.1460470e+03   9.9000000e+05
   2.1455569e+03   9.8900000e+05
   2.1450915e+03   9.8800000e+05
   2.1446276e+03   9.8700000e+05
   2.1441600e+03   9.8600000e+05
   2.1436931e+03   9.8500000e+05
   2.1432243e+03   9.8400000e+05
   2.1427670e+03   9.8300000e+05
   2.1422981e+03   9.8200000e+05
   2.1418257e+03   9.8100000e+05
   2.1411528e+03   9.8000000e+05
   2.1408846e+03   9.7900000e+05
   2.1404269e+03   9.7800000e+05
   2.1400373e+03   9.7700000e+05
   2.1400000e+03   9.7695143e+05
   2.1392671e+03   9.7600000e+05
   2.1388097e+03   9.7500000e+05
   2.1383523e+03   9.7400000e+05
   2.1378925e+03   9.7300000e+05
   2.1374328e+03   9.7200000e+05
   2.1369735e+03   9.7100000e+05
   2.1364992e+03   9.7000000e+05
   2.1360397e+03   9.6900000e+05
   2.1355812e+03   9.6800000e+05
   2.1351163e+03   9.6700000e+05
   2.1346478e+03   9.6600000e+05
   2.1341793e+03   9.6500000e+05
   2.1338290e+03   9.6400000e+05
   2.1332444e+03   9.6300000e+05
   2.1327744e+03   9.6200000e+05
   2.1323051e+03   9.6100000e+05
   2.1318390e+03   9.6000000e+05
   2.1313704e+03   9.5900000e+05
   2.1309295e+03   9.5800000e+05
   2.1304320e+03   9.5700000e+05
   2.1300000e+03   9.5607971e+05
   2.1299619e+03   9.5600000e+05
   2.1294811e+03   9.5500000e+05
   2.1290104e+03   9.5400000e+05
   2.1284915e+03   9.5300000e+05
   2.1279666e+03   9.5200000e+05
   2.1274487e+03   9.5100000e+05
   2.1269377e+03   9.5000000e+05
   2.1264058e+03   9.4900000e+05
   2.1259439e+03   9.4800000e+05
   2.1254793e+03   9.4700000e+05
   2.1250126e+03   9.4600000e+05
   2.1245470e+03   9.4500000e+05
   2.1240791e+03   9.4400000e+05
   2.1236094e+03   9.4300000e+05
   2.1231407e+03   9.4200000e+05
   2.1226701e+03   9.4100000e+05
   2.1221973e+03   9.4000000e+05
   2.1217256e+03   9.3900000e+05
   2.1212538e+03   9.3800000e+05
   2.1207809e+03   9.3700000e+05
   2.1203063e+03   9.3600000e+05
   2.1200000e+03   9.3539333e+05
   2.1197988e+03   9.3500000e+05
   2.1193139e+03   9.3400000e+05
   2.1187855e+03   9.3300000e+05
   2.1182333e+03   9.3200000e+05
   2.1177094e+03   9.3100000e+05
   2.1171923e+03   9.3000000e+05
   2.1166896e+03   9.2900000e+05
   2.1162184e+03   9.2800000e+05
   2.1157475e+03   9.2700000e+05
   2.1152735e+03   9.2600000e+05
   2.1148182e+03   9.2500000e+05
   2.1143433e+03   9.2400000e+05
   2.1138493e+03   9.2300000e+05
   2.1133845e+03   9.2200000e+05
   2.1129051e+03   9.2100000e+05
   2.1124198e+03   9.2000000e+05
   2.1119379e+03   9.1900000e+05
   2.1114565e+03   9.1800000e+05
   2.1109737e+03   9.1700000e+05
   2.1104735e+03   9.1600000e+05
   2.1100000e+03   9.1509968e+05
   2.1099480e+03   9.1500000e+05
   2.1094276e+03   9.1400000e+05
   2.1090186e+03   9.1300000e+05
   2.1084898e+03   9.1200000e+05
   2.1079520e+03   9.1100000e+05
   2.1074339e+03   9.1000000e+05
   2.1069514e+03   9.0900000e+05
   2.1064679e+03   9.0800000e+05
   2.1059854e+03   9.0700000e+05
   2.1055008e+03   9.0600000e+05
   2.1050136e+03   9.0500000e+05
   2.1045297e+03   9.0400000e+05
   2.1040427e+03   9.0300000e+05
   2.1035536e+03   9.0200000e+05
   2.1030668e+03   9.0100000e+05
   2.1025815e+03   9.0000000e+05
   2.1020910e+03   8.9900000e+05
   2.1016005e+03   8.9800000e+05
   2.1011217e+03   8.9700000e+05
   2.1006324e+03   8.9600000e+05
   2.1001491e+03   8.9500000e+05
   2.1000000e+03   8.9469444e+05
   2.0996672e+03   8.9400000e+05
   2.0991901e+03   8.9300000e+05
   2.0987047e+03   8.9200000e+05
   2.0982337e+03   8.9100000e+05
   2.0977038e+03   8.9000000e+05
   2.0971751e+03   8.8900000e+05
   2.0966722e+03   8.8800000e+05
   2.0961655e+03   8.8700000e+05
   2.0956939e+03   8.8600000e+05
   2.0951461e+03   8.8500000e+05
   2.0946254e+03   8.8400000e+05
   2.0941253e+03   8.8300000e+05
   2.0936373e+03   8.8200000e+05
   2.0931393e+03   8.8100000e+05
   2.0926389e+03   8.8000000e+05
   2.0921347e+03   8.7900000e+05
   2.0917839e+03   8.7800000e+05
   2.0911366e+03   8.7700000e+05
   2.0906423e+03   8.7600000e+05
   2.0901468e+03   8.7500000e+05
   2.0900000e+03   8.7470345e+05
   2.0896621e+03   8.7400000e+05
   2.0891811e+03   8.7300000e+05
   2.0887012e+03   8.7200000e+05
   2.0882167e+03   8.7100000e+05
   2.0877099e+03   8.7000000e+05
   2.0872052e+03   8.6900000e+05
   2.0866959e+03   8.6800000e+05
   2.0861857e+03   8.6700000e+05
   2.0856884e+03   8.6600000e+05
   2.0851903e+03   8.6500000e+05
   2.0846957e+03   8.6400000e+05
   2.0841968e+03   8.6300000e+05
   2.0837018e+03   8.6200000e+05
   2.0832055e+03   8.6100000e+05
   2.0827119e+03   8.6000000e+05
   2.0822138e+03   8.5900000e+05
   2.0817156e+03   8.5800000e+05
   2.0812173e+03   8.5700000e+05
   2.0807192e+03   8.5600000e+05
   2.0802211e+03   8.5500000e+05
   2.0800000e+03   8.5455442e+05
   2.0797282e+03   8.5400000e+05
   2.0792351e+03   8.5300000e+05
   2.0787385e+03   8.5200000e+05
   2.0782300e+03   8.5100000e+05
   2.0777273e+03   8.5000000e+05
   2.0772227e+03   8.4900000e+05
   2.0767335e+03   8.4800000e+05
   2.0762202e+03   8.4700000e+05
   2.0757059e+03   8.4600000e+05
   2.0751993e+03   8.4500000e+05
   2.0746915e+03   8.4400000e+05
   2.0741737e+03   8.4300000e+05
   2.0736642e+03   8.4200000e+05
   2.0731561e+03   8.4100000e+05
   2.0726502e+03   8.4000000e+05
   2.0721447e+03   8.3900000e+05
   2.0716398e+03   8.3800000e+05
   2.0711346e+03   8.3700000e+05
   2.0706126e+03   8.3600000e+05
   2.0701059e+03   8.3500000e+05
   2.0700000e+03   8.3479070e+05
   2.0696038e+03   8.3400000e+05
   2.0690997e+03   8.3300000e+05
   2.0685907e+03   8.3200000e+05
   2.0680815e+03   8.3100000e+05
   2.0675787e+03   8.3000000e+05
   2.0670856e+03   8.2900000e+05
   2.0665749e+03   8.2800000e+05
   2.0660605e+03   8.2700000e+05
   2.0655438e+03   8.2600000e+05
   2.0650467e+03   8.2500000e+05
   2.0645445e+03   8.2400000e+05
   2.0640361e+03   8.2300000e+05
   2.0635082e+03   8.2200000e+05
   2.0630012e+03   8.2100000e+05
   2.0624816e+03   8.2000000e+05
   2.0619591e+03   8.1900000e+05
   2.0614353e+03   8.1800000e+05
   2.0609140e+03   8.1700000e+05
   2.0603881e+03   8.1600000e+05
   2.0600000e+03   8.1527358e+05
   2.0598560e+03   8.1500000e+05
   2.0593496e+03   8.1400000e+05
   2.0588475e+03   8.1300000e+05
   2.0583435e+03   8.1200000e+05
   2.0578389e+03   8.1100000e+05
   2.0573326e+03   8.1000000e+05
   2.0568252e+03   8.0900000e+05
   2.0563001e+03   8.0800000e+05
   2.0557984e+03   8.0700000e+05
   2.0552868e+03   8.0600000e+05
   2.0547693e+03   8.0500000e+05
   2.0542499e+03   8.0400000e+05
   2.0537303e+03   8.0300000e+05
   2.0532090e+03   8.0200000e+05
   2.0526878e+03   8.0100000e+05
   2.0521689e+03   8.0000000e+05
   2.0516495e+03   7.9900000e+05
   2.0511298e+03   7.9800000e+05
   2.0506099e+03   7.9700000e+05
   2.0500900e+03   7.9600000e+05
   2.0500000e+03   7.9572449e+05
   2.0497638e+03   7.9500000e+05
   2.0490822e+03   7.9400000e+05
   2.0486250e+03   7.9300000e+05
   2.0481652e+03   7.9200000e+05
   2.0476928e+03   7.9100000e+05
   2.0472315e+03   7.9000000e+05
   2.0467698e+03   7.8900000e+05
   2.0462601e+03   7.8800000e+05
   2.0457471e+03   7.8700000e+05
   2.0452293e+03   7.8600000e+05
   2.0447135e+03   7.8500000e+05
   2.0441984e+03   7.8400000e+05
   2.0436768e+03   7.8300000e+05
   2.0431222e+03   7.8200000e+05
   2.0425503e+03   7.8100000e+05
   2.0419611e+03   7.8000000e+05
   2.0415587e+03   7.7900000e+05
   2.0409797e+03   7.7800000e+05
   2.0404020e+03   7.7700000e+05
   2.0400000e+03   7.7615986e+05
   2.0399228e+03   7.7600000e+05
   2.0393194e+03   7.7500000e+05
   2.0388051e+03   7.7400000e+05
   2.0382910e+03   7.7300000e+05
   2.0377837e+03   7.7200000e+05
   2.0372707e+03   7.7100000e+05
   2.0367524e+03   7.7000000e+05
   2.0362285e+03   7.6900000e+05
   2.0357034e+03   7.6800000e+05
   2.0352025e+03   7.6700000e+05
   2.0346829e+03   7.6600000e+05
   2.0341581e+03   7.6500000e+05
   2.0336359e+03   7.6400000e+05
   2.0331174e+03   7.6300000e+05
   2.0326037e+03   7.6200000e+05
   2.0320437e+03   7.6100000e+05
   2.0314622e+03   7.6000000e+05
   2.0308597e+03   7.5900000e+05
   2.0302158e+03   7.5800000e+05
   2.0300000e+03   7.5758750e+05
   2.0296989e+03   7.5700000e+05
   2.0291851e+03   7.5600000e+05
   2.0286767e+03   7.5500000e+05
   2.0281635e+03   7.5400000e+05
   2.0276487e+03   7.5300000e+05
   2.0271337e+03   7.5200000e+05
   2.0266224e+03   7.5100000e+05
   2.0260994e+03   7.5000000e+05
   2.0255837e+03   7.4900000e+05
   2.0250584e+03   7.4800000e+05
   2.0245344e+03   7.4700000e+05
   2.0240124e+03   7.4600000e+05
   2.0234880e+03   7.4500000e+05
   2.0229575e+03   7.4400000e+05
   2.0224551e+03   7.4300000e+05
   2.0219411e+03   7.4200000e+05
   2.0214217e+03   7.4100000e+05
   2.0209014e+03   7.4000000e+05
   2.0203798e+03   7.3900000e+05
   2.0200000e+03   7.3823718e+05
   2.0198777e+03   7.3800000e+05
   2.0192808e+03   7.3700000e+05
   2.0186925e+03   7.3600000e+05
   2.0180845e+03   7.3500000e+05
   2.0175032e+03   7.3400000e+05
   2.0169282e+03   7.3300000e+05
   2.0163615e+03   7.3200000e+05
   2.0158157e+03   7.3100000e+05
   2.0152842e+03   7.3000000e+05
   2.0147544e+03   7.2900000e+05
   2.0142256e+03   7.2800000e+05
   2.0136783e+03   7.2700000e+05
   2.0131503e+03   7.2600000e+05
   2.0126527e+03   7.2500000e+05
   2.0121034e+03   7.2400000e+05
   2.0115900e+03   7.2300000e+05
   2.0110674e+03   7.2200000e+05
   2.0105443e+03   7.2100000e+05
   2.0100191e+03   7.2000000e+05
   2.0100000e+03   7.1996375e+05
   2.0094876e+03   7.1900000e+05
   2.0089553e+03   7.1800000e+05
   2.0084217e+03   7.1700000e+05
   2.0078983e+03   7.1600000e+05
   2.0073640e+03   7.1500000e+05
   2.0068308e+03   7.1400000e+05
   2.0062950e+03   7.1300000e+05
   2.0057436e+03   7.1200000e+05
   2.0051729e+03   7.1100000e+05
   2.0046108e+03   7.1000000e+05
   2.0039137e+03   7.0900000e+05
   2.0033778e+03   7.0800000e+05
   2.0028156e+03   7.0700000e+05
   2.0022816e+03   7.0600000e+05
   2.0017196e+03   7.0500000e+05
   2.0011795e+03   7.0400000e+05
   2.0006371e+03   7.0300000e+05
   2.0000675e+03   7.0200000e+05
   2.0000000e+03   7.0187537e+05
   1.9995352e+03   7.0100000e+05
   1.9990043e+03   7.0000000e+05
   1.9984722e+03   6.9900000e+05
   1.9979398e+03   6.9800000e+05
   1.9974086e+03   6.9700000e+05
   1.9968811e+03   6.9600000e+05
   1.9963602e+03   6.9500000e+05
   1.9958246e+03   6.9400000e+05
   1.9952020e+03   6.9300000e+05
   1.9946976e+03   6.9200000e+05
   1.9941087e+03   6.9100000e+05
   1.9935354e+03   6.9000000e+05
   1.9929929e+03   6.8900000e+05
   1.9923885e+03   6.8800000e+05
   1.9917792e+03   6.8700000e+05
   1.9912293e+03   6.8600000e+05
   1.9906845e+03   6.8500000e+05
   1.9901368e+03   6.8400000e+05
   1.9900000e+03   6.8375000e+05
   1.9895975e+03   6.8300000e+05
   1.9890603e+03   6.8200000e+05
   1.9885209e+03   6.8100000e+05
   1.9879792e+03   6.8000000e+05
   1.9874175e+03   6.7900000e+05
   1.9868627e+03   6.7800000e+05
   1.9863090e+03   6.7700000e+05
   1.9857576e+03   6.7600000e+05
   1.9852076e+03   6.7500000e+05
   1.9846598e+03   6.7400000e+05
   1.9841174e+03   6.7300000e+05
   1.9835761e+03   6.7200000e+05
   1.9830329e+03   6.7100000e+05
   1.9824875e+03   6.7000000e+05
   1.9819489e+03   6.6900000e+05
   1.9813992e+03   6.6800000e+05
   1.9808180e+03   6.6700000e+05
   1.9802869e+03   6.6600000e+05
   1.9800000e+03   6.6551715e+05
   1.9796902e+03   6.6500000e+05
   1.9790818e+03   6.6400000e+05
   1.9784835e+03   6.6300000e+05
   1.9778896e+03   6.6200000e+05
   1.9773132e+03   6.6100000e+05
   1.9767639e+03   6.6000000e+05
   1.9762067e+03   6.5900000e+05
   1.9756362e+03   6.5800000e+05
   1.9750781e+03   6.5700000e+05
   1.9745211e+03   6.5600000e+05
   1.9739654e+03   6.5500000e+05
   1.9734062e+03   6.5400000e+05
   1.9728479e+03   6.5300000e+05
   1.9722881e+03   6.5200000e+05
   1.9717225e+03   6.5100000e+05
   1.9711623e+03   6.5000000e+05
   1.9706217e+03   6.4900000e+05
   1.9700471e+03   6.4800000e+05
   1.9700000e+03   6.4791477e+05
   1.9694958e+03   6.4700000e+05
   1.9689446e+03   6.4600000e+05
   1.9683881e+03   6.4500000e+05
   1.9678360e+03   6.4400000e+05
   1.9672841e+03   6.4300000e+05
   1.9667193e+03   6.4200000e+05
   1.9661299e+03   6.4100000e+05
   1.9654930e+03   6.4000000e+05
   1.9649642e+03   6.3900000e+05
   1.9643412e+03   6.3800000e+05
   1.9637289e+03   6.3700000e+05
   1.9632400e+03   6.3600000e+05
   1.9625759e+03   6.3500000e+05
   1.9620146e+03   6.3400000e+05
   1.9614616e+03   6.3300000e+05
   1.9609028e+03   6.3200000e+05
   1.9603513e+03   6.3100000e+05
   1.9600000e+03   6.3035362e+05
   1.9598091e+03   6.3000000e+05
   1.9592459e+03   6.2900000e+05
   1.9586845e+03   6.2800000e+05
   1.9580919e+03   6.2700000e+05
   1.9575198e+03   6.2600000e+05
   1.9569675e+03   6.2500000e+05
   1.9563890e+03   6.2400000e+05
   1.9558225e+03   6.2300000e+05
   1.9552615e+03   6.2200000e+05
   1.9546943e+03   6.2100000e+05
   1.9541272e+03   6.2000000e+05
   1.9535598e+03   6.1900000e+05
   1.9529912e+03   6.1800000e+05
   1.9524236e+03   6.1700000e+05
   1.9518266e+03   6.1600000e+05
   1.9512222e+03   6.1500000e+05
   1.9506209e+03   6.1400000e+05
   1.9500063e+03   6.1300000e+05
   1.9500000e+03   6.1298980e+05
   1.9493951e+03   6.1200000e+05
   1.9487890e+03   6.1100000e+05
   1.9482118e+03   6.1000000e+05
   1.9476301e+03   6.0900000e+05
   1.9470461e+03   6.0800000e+05
   1.9464679e+03   6.0700000e+05
   1.9458892e+03   6.0600000e+05
   1.9453116e+03   6.0500000e+05
   1.9447342e+03   6.0400000e+05
   1.9441625e+03   6.0300000e+05
   1.9435882e+03   6.0200000e+05
   1.9430099e+03   6.0100000e+05
   1.9424359e+03   6.0000000e+05
   1.9418607e+03   5.9900000e+05
   1.9412845e+03   5.9800000e+05
   1.9407115e+03   5.9700000e+05
   1.9401389e+03   5.9600000e+05
   1.9400000e+03   5.9575806e+05
   1.9395625e+03   5.9500000e+05
   1.9389868e+03   5.9400000e+05
   1.9384083e+03   5.9300000e+05
   1.9378300e+03   5.9200000e+05
   1.9371668e+03   5.9100000e+05
   1.9366497e+03   5.9000000e+05
   1.9360537e+03   5.8900000e+05
   1.9354787e+03   5.8800000e+05
   1.9348488e+03   5.8700000e+05
   1.9342504e+03   5.8600000e+05
   1.9336546e+03   5.8500000e+05
   1.9330662e+03   5.8400000e+05
   1.9324795e+03   5.8300000e+05
   1.9318709e+03   5.8200000e+05
   1.9312939e+03   5.8100000e+05
   1.9306850e+03   5.8000000e+05
   1.9300975e+03   5.7900000e+05
   1.9300000e+03   5.7883333e+05
   1.9295140e+03   5.7800000e+05
   1.9289293e+03   5.7700000e+05
   1.9283408e+03   5.7600000e+05
   1.9277432e+03   5.7500000e+05
   1.9271247e+03   5.7400000e+05
   1.9265426e+03   5.7300000e+05
   1.9259589e+03   5.7200000e+05
   1.9253039e+03   5.7100000e+05
   1.9247045e+03   5.7000000e+05
   1.9241508e+03   5.6900000e+05
   1.9235776e+03   5.6800000e+05
   1.9229992e+03   5.6700000e+05
   1.9223109e+03   5.6600000e+05
   1.9218372e+03   5.6500000e+05
   1.9212490e+03   5.6400000e+05
   1.9206592e+03   5.6300000e+05
   1.9200701e+03   5.6200000e+05
   1.9200000e+03   5.6188083e+05
   1.9194717e+03   5.6100000e+05
   1.9188702e+03   5.6000000e+05
   1.9182663e+03   5.5900000e+05
   1.9175118e+03   5.5800000e+05
   1.9169220e+03   5.5700000e+05
   1.9163388e+03   5.5600000e+05
   1.9157483e+03   5.5500000e+05
   1.9151364e+03   5.5400000e+05
   1.9145244e+03   5.5300000e+05
   1.9139363e+03   5.5200000e+05
   1.9133052e+03   5.5100000e+05
   1.9127006e+03   5.5000000e+05
   1.9120976e+03   5.4900000e+05
   1.9114976e+03   5.4800000e+05
   1.9108986e+03   5.4700000e+05
   1.9103044e+03   5.4600000e+05
   1.9100000e+03   5.4550614e+05
   1.9096856e+03   5.4500000e+05
   1.9090844e+03   5.4400000e+05
   1.9084849e+03   5.4300000e+05
   1.9078825e+03   5.4200000e+05
   1.9072815e+03   5.4100000e+05
   1.9066804e+03   5.4000000e+05
   1.9060784e+03   5.3900000e+05
   1.9054766e+03   5.3800000e+05
   1.9048851e+03   5.3700000e+05
   1.9042545e+03   5.3600000e+05
   1.9036494e+03   5.3500000e+05
   1.9029935e+03   5.3400000e+05
   1.9024090e+03   5.3300000e+05
   1.9017767e+03   5.3200000e+05
   1.9012144e+03   5.3100000e+05
   1.9005825e+03   5.3000000e+05
   1.9000000e+03   5.2908810e+05
   1.8999435e+03   5.2900000e+05
   1.8993063e+03   5.2800000e+05
   1.8986788e+03   5.2700000e+05
   1.8980616e+03   5.2600000e+05
   1.8974450e+03   5.2500000e+05
   1.8968464e+03   5.2400000e+05
   1.8962291e+03   5.2300000e+05
   1.8956138e+03   5.2200000e+05
   1.8949796e+03   5.2100000e+05
   1.8943705e+03   5.2000000e+05
   1.8937489e+03   5.1900000e+05
   1.8932146e+03   5.1800000e+05
   1.8925362e+03   5.1700000e+05
   1.8919181e+03   5.1600000e+05
   1.8913045e+03   5.1500000e+05
   1.8906862e+03   5.1400000e+05
   1.8900706e+03   5.1300000e+05
   1.8900000e+03   5.1288537e+05
   1.8894473e+03   5.1200000e+05
   1.8888227e+03   5.1100000e+05
   1.8881975e+03   5.1000000e+05
   1.8875716e+03   5.0900000e+05
   1.8869436e+03   5.0800000e+05
   1.8863128e+03   5.0700000e+05
   1.8856847e+03   5.0600000e+05
   1.8850563e+03   5.0500000e+05
   1.8844294e+03   5.0400000e+05
   1.8838011e+03   5.0300000e+05
   1.8831754e+03   5.0200000e+05
   1.8825463e+03   5.0100000e+05
   1.8819154e+03   5.0000000e+05
   1.8812877e+03   4.9900000e+05
   1.8806599e+03   4.9800000e+05
   1.8800333e+03   4.9700000e+05
   1.8800000e+03   4.9694749e+05
   1.8794004e+03   4.9600000e+05
   1.8787734e+03   4.9500000e+05
   1.8781217e+03   4.9400000e+05
   1.8774962e+03   4.9300000e+05
   1.8768705e+03   4.9200000e+05
   1.8762425e+03   4.9100000e+05
   1.8756138e+03   4.9000000e+05
   1.8749834e+03   4.8900000e+05
   1.8743503e+03   4.8800000e+05
   1.8737138e+03   4.8700000e+05
   1.8730821e+03   4.8600000e+05
   1.8724438e+03   4.8500000e+05
   1.8718049e+03   4.8400000e+05
   1.8711644e+03   4.8300000e+05
   1.8705278e+03   4.8200000e+05
   1.8700000e+03   4.8117062e+05
   1.8698918e+03   4.8100000e+05
   1.8692094e+03   4.8000000e+05
   1.8685772e+03   4.7900000e+05
   1.8679423e+03   4.7800000e+05
   1.8673094e+03   4.7700000e+05
   1.8666736e+03   4.7600000e+05
   1.8660335e+03   4.7500000e+05
   1.8653923e+03   4.7400000e+05
   1.8647776e+03   4.7300000e+05
   1.8641334e+03   4.7200000e+05
   1.8634866e+03   4.7100000e+05
   1.8628406e+03   4.7000000e+05
   1.8621998e+03   4.6900000e+05
   1.8615585e+03   4.6800000e+05
   1.8609148e+03   4.6700000e+05
   1.8602755e+03   4.6600000e+05
   1.8600000e+03   4.6556604e+05
   1.8596421e+03   4.6500000e+05
   1.8590009e+03   4.6400000e+05
   1.8583540e+03   4.6300000e+05
   1.8577054e+03   4.6200000e+05
   1.8570621e+03   4.6100000e+05
   1.8564192e+03   4.6000000e+05
   1.8557845e+03   4.5900000e+05
   1.8551296e+03   4.5800000e+05
   1.8544817e+03   4.5700000e+05
   1.8538379e+03   4.5600000e+05
   1.8531760e+03   4.5500000e+05
   1.8525067e+03   4.5400000e+05
   1.8518416e+03   4.5300000e+05
   1.8511774e+03   4.5200000e+05
   1.8505428e+03   4.5100000e+05
   1.8500000e+03   4.5018161e+05
   1.8498799e+03   4.5000000e+05
   1.8492193e+03   4.4900000e+05
   1.8485583e+03   4.4800000e+05
   1.8479064e+03   4.4700000e+05
   1.8472488e+03   4.4600000e+05
   1.8466098e+03   4.4500000e+05
   1.8459399e+03   4.4400000e+05
   1.8452881e+03   4.4300000e+05
   1.8446345e+03   4.4200000e+05
   1.8439905e+03   4.4100000e+05
   1.8433343e+03   4.4000000e+05
   1.8426960e+03   4.3900000e+05
   1.8420027e+03   4.3800000e+05
   1.8413551e+03   4.3700000e+05
   1.8406992e+03   4.3600000e+05
   1.8400474e+03   4.3500000e+05
   1.8400000e+03   4.3492825e+05
   1.8393905e+03   4.3400000e+05
   1.8387250e+03   4.3300000e+05
   1.8380658e+03   4.3200000e+05
   1.8373984e+03   4.3100000e+05
   1.8367345e+03   4.3000000e+05
   1.8361045e+03   4.2900000e+05
   1.8353921e+03   4.2800000e+05
   1.8347223e+03   4.2700000e+05
   1.8340513e+03   4.2600000e+05
   1.8333819e+03   4.2500000e+05
   1.8327127e+03   4.2400000e+05
   1.8320447e+03   4.2300000e+05
   1.8314790e+03   4.2200000e+05
   1.8306946e+03   4.2100000e+05
   1.8300250e+03   4.2000000e+05
   1.8300000e+03   4.1996280e+05
   1.8293618e+03   4.1900000e+05
   1.8286953e+03   4.1800000e+05
   1.8280273e+03   4.1700000e+05
   1.8274443e+03   4.1600000e+05
   1.8267357e+03   4.1500000e+05
   1.8260607e+03   4.1400000e+05
   1.8253946e+03   4.1300000e+05
   1.8246885e+03   4.1200000e+05
   1.8240073e+03   4.1100000e+05
   1.8233328e+03   4.1000000e+05
   1.8226574e+03   4.0900000e+05
   1.8219821e+03   4.0800000e+05
   1.8213426e+03   4.0700000e+05
   1.8206250e+03   4.0600000e+05
   1.8200000e+03   4.0508974e+05
   1.8199390e+03   4.0500000e+05
   1.8192579e+03   4.0400000e+05
   1.8185768e+03   4.0300000e+05
   1.8178943e+03   4.0200000e+05
   1.8172103e+03   4.0100000e+05
   1.8165263e+03   4.0000000e+05
   1.8158723e+03   3.9900000e+05
   1.8152001e+03   3.9800000e+05
   1.8145252e+03   3.9700000e+05
   1.8138430e+03   3.9600000e+05
   1.8131663e+03   3.9500000e+05
   1.8124816e+03   3.9400000e+05
   1.8117814e+03   3.9300000e+05
   1.8110594e+03   3.9200000e+05
   1.8103804e+03   3.9100000e+05
   1.8100000e+03   3.9043710e+05
   1.8097043e+03   3.9000000e+05
   1.8090228e+03   3.8900000e+05
   1.8083117e+03   3.8800000e+05
   1.8076255e+03   3.8700000e+05
   1.8069419e+03   3.8600000e+05
   1.8062540e+03   3.8500000e+05
   1.8055618e+03   3.8400000e+05
   1.8048721e+03   3.8300000e+05
   1.8041795e+03   3.8200000e+05
   1.8034850e+03   3.8100000e+05
   1.8027837e+03   3.8000000e+05
   1.8020753e+03   3.7900000e+05
   1.8013813e+03   3.7800000e+05
   1.8006943e+03   3.7700000e+05
   1.8000115e+03   3.7600000e+05
   1.8000000e+03   3.7598364e+05
   1.7993119e+03   3.7500000e+05
   1.7986152e+03   3.7400000e+05
   1.7979267e+03   3.7300000e+05
   1.7972357e+03   3.7200000e+05
   1.7965432e+03   3.7100000e+05
   1.7958469e+03   3.7000000e+05
   1.7951440e+03   3.6900000e+05
   1.7944484e+03   3.6800000e+05
   1.7937559e+03   3.6700000e+05
   1.7930613e+03   3.6600000e+05
   1.7923655e+03   3.6500000e+05
   1.7916552e+03   3.6400000e+05
   1.7909354e+03   3.6300000e+05
   1.7902216e+03   3.6200000e+05
   1.7900000e+03   3.6168432e+05
   1.7895225e+03   3.6100000e+05
   1.7888295e+03   3.6000000e+05
   1.7881243e+03   3.5900000e+05
   1.7874174e+03   3.5800000e+05
   1.7867060e+03   3.5700000e+05
   1.7860043e+03   3.5600000e+05
   1.7853006e+03   3.5500000e+05
   1.7845984e+03   3.5400000e+05
   1.7838957e+03   3.5300000e+05
   1.7831843e+03   3.5200000e+05
   1.7824621e+03   3.5100000e+05
   1.7817401e+03   3.5000000e+05
   1.7810326e+03   3.4900000e+05
   1.7803141e+03   3.4800000e+05
   1.7800000e+03   3.4756385e+05
   1.7795939e+03   3.4700000e+05
   1.7788765e+03   3.4600000e+05
   1.7781724e+03   3.4500000e+05
   1.7774593e+03   3.4400000e+05
   1.7767422e+03   3.4300000e+05
   1.7760221e+03   3.4200000e+05
   1.7753096e+03   3.4100000e+05
   1.7745889e+03   3.4000000e+05
   1.7738593e+03   3.3900000e+05
   1.7731265e+03   3.3800000e+05
   1.7724125e+03   3.3700000e+05
   1.7717046e+03   3.3600000e+05
   1.7709976e+03   3.3500000e+05
   1.7702670e+03   3.3400000e+05
   1.7700000e+03   3.3363443e+05
   1.7695480e+03   3.3300000e+05
   1.7688316e+03   3.3200000e+05
   1.7681193e+03   3.3100000e+05
   1.7674094e+03   3.3000000e+05
   1.7667048e+03   3.2900000e+05
   1.7660127e+03   3.2800000e+05
   1.7652982e+03   3.2700000e+05
   1.7645917e+03   3.2600000e+05
   1.7638816e+03   3.2500000e+05
   1.7631585e+03   3.2400000e+05
   1.7623189e+03   3.2300000e+05
   1.7615719e+03   3.2200000e+05
   1.7608367e+03   3.2100000e+05
   1.7601065e+03   3.2000000e+05
   1.7600000e+03   3.1985660e+05
   1.7593695e+03   3.1900000e+05
   1.7586316e+03   3.1800000e+05
   1.7578899e+03   3.1700000e+05
   1.7571564e+03   3.1600000e+05
   1.7564177e+03   3.1500000e+05
   1.7556764e+03   3.1400000e+05
   1.7549367e+03   3.1300000e+05
   1.7542041e+03   3.1200000e+05
   1.7534732e+03   3.1100000e+05
   1.7527448e+03   3.1000000e+05
   1.7520128e+03   3.0900000e+05
   1.7512817e+03   3.0800000e+05
   1.7505530e+03   3.0700000e+05
   1.7500000e+03   3.0624288e+05
   1.7498277e+03   3.0600000e+05
   1.7491181e+03   3.0500000e+05
   1.7483894e+03   3.0400000e+05
   1.7476683e+03   3.0300000e+05
   1.7469582e+03   3.0200000e+05
   1.7462202e+03   3.0100000e+05
   1.7454927e+03   3.0000000e+05
   1.7447423e+03   2.9900000e+05
   1.7438775e+03   2.9800000e+05
   1.7431027e+03   2.9700000e+05
   1.7423380e+03   2.9600000e+05
   1.7415846e+03   2.9500000e+05
   1.7408306e+03   2.9400000e+05
   1.7400693e+03   2.9300000e+05
   1.7400000e+03   2.9290842e+05
   1.7393163e+03   2.9200000e+05
   1.7385464e+03   2.9100000e+05
   1.7378366e+03   2.9000000e+05
   1.7370473e+03   2.8900000e+05
   1.7362850e+03   2.8800000e+05
   1.7355190e+03   2.8700000e+05
   1.7348327e+03   2.8600000e+05
   1.7341335e+03   2.8500000e+05
   1.7334180e+03   2.8400000e+05
   1.7327782e+03   2.8300000e+05
   1.7321117e+03   2.8200000e+05
   1.7314645e+03   2.8100000e+05
   1.7300000e+03   2.8048857e+05
   1.7288530e+03   2.8000000e+05
   1.7263169e+03   2.7900000e+05
   1.7242546e+03   2.7800000e+05
   1.7226175e+03   2.7700000e+05
   1.7208613e+03   2.7600000e+05
   1.7200000e+03   2.7529392e+05
   1.7196323e+03   2.7500000e+05
   1.7189092e+03   2.7400000e+05
   1.7181780e+03   2.7300000e+05
   1.7174461e+03   2.7200000e+05
   1.7167099e+03   2.7100000e+05
   1.7159826e+03   2.7000000e+05
   1.7152463e+03   2.6900000e+05
   1.7145003e+03   2.6800000e+05
   1.7137469e+03   2.6700000e+05
   1.7129924e+03   2.6600000e+05
   1.7122334e+03   2.6500000e+05
   1.7114656e+03   2.6400000e+05
   1.7106864e+03   2.6300000e+05
   1.7100000e+03   2.6211702e+05
   1.7099097e+03   2.6200000e+05
   1.7091255e+03   2.6100000e+05
   1.7083338e+03   2.6000000e+05
   1.7075396e+03   2.5900000e+05
   1.7067213e+03   2.5800000e+05
   1.7058944e+03   2.5700000e+05
   1.7050634e+03   2.5600000e+05
   1.7042249e+03   2.5500000e+05
   1.7033688e+03   2.5400000e+05
   1.7024833e+03   2.5300000e+05
   1.7015947e+03   2.5200000e+05
   1.7007350e+03   2.5100000e+05
   1.7000000e+03   2.5019345e+05
   1.6998242e+03   2.5000000e+05
   1.6988991e+03   2.4900000e+05
   1.6979564e+03   2.4800000e+05
   1.6970095e+03   2.4700000e+05
   1.6960403e+03   2.4600000e+05
   1.6950570e+03   2.4500000e+05
   1.6940440e+03   2.4400000e+05
   1.6929892e+03   2.4300000e+05
   1.6919481e+03   2.4200000e+05
   1.6908773e+03   2.4100000e+05
   1.6900000e+03   2.4020290e+05
   1.6897772e+03   2.4000000e+05
   1.6886453e+03   2.3900000e+05
   1.6874008e+03   2.3800000e+05
   1.6863038e+03   2.3700000e+05
   1.6850436e+03   2.3600000e+05
   1.6900000e+03   2.3552845e+05
   1.6956439e+03   2.3500000e+05
   1.6942710e+03   2.3400000e+05
   1.6929621e+03   2.3300000e+05
   1.6951762e+03   2.3200000e+05
   1.6977859e+03   2.3100000e+05
   1.6965680e+03   2.3000000e+05
   1.6952947e+03   2.2900000e+05
   1.6939900e+03   2.2800000e+05
   1.6927667e+03   2.2700000e+05
   1.6914235e+03   2.2600000e+05
   1.6901039e+03   2.2500000e+05
   1.6900000e+03   2.2492579e+05
   1.6887057e+03   2.2400000e+05
   1.6872166e+03   2.2300000e+05
   1.6857685e+03   2.2200000e+05
   1.6841777e+03   2.2100000e+05
   1.6827525e+03   2.2000000e+05
   1.6813113e+03   2.1900000e+05
   1.6800000e+03   2.1807725e+05
   1.6798901e+03   2.1800000e+05
   1.6784198e+03   2.1700000e+05
   1.6769190e+03   2.1600000e+05
   1.6753806e+03   2.1500000e+05
   1.6737080e+03   2.1400000e+05
   1.6720561e+03   2.1300000e+05
   1.6703904e+03   2.1200000e+05
   1.6700000e+03   2.1176234e+05
   1.6687532e+03   2.1100000e+05
   1.6669880e+03   2.1000000e+05
   1.6649164e+03   2.0900000e+05
   1.6631610e+03   2.0800000e+05
   1.6610672e+03   2.0700000e+05
   1.6600000e+03   2.0649345e+05
   1.6589794e+03   2.0600000e+05
   1.6568141e+03   2.0500000e+05
   1.6547509e+03   2.0400000e+05
   1.6524792e+03   2.0300000e+05
   1.6500423e+03   2.0200000e+05
   1.6500000e+03   2.0198300e+05
   1.6475724e+03   2.0100000e+05
   1.6448917e+03   2.0000000e+05
   1.6419374e+03   1.9900000e+05
   1.6400000e+03   1.9817915e+05
   1.6394885e+03   1.9800000e+05
   1.6359980e+03   1.9700000e+05
   1.6340347e+03   1.9600000e+05
   1.6320346e+03   1.9500000e+05
   1.6313807e+03   1.9400000e+05
   1.6307348e+03   1.9300000e+05
   1.6300654e+03   1.9200000e+05
   1.6300000e+03   1.9190103e+05
   1.6294086e+03   1.9100000e+05
   1.6287520e+03   1.9000000e+05
   1.6280931e+03   1.8900000e+05
   1.6274313e+03   1.8800000e+05
   1.6267700e+03   1.8700000e+05
   1.6261061e+03   1.8600000e+05
   1.6254390e+03   1.8500000e+05
   1.6247748e+03   1.8400000e+05
   1.6241052e+03   1.8300000e+05
   1.6234352e+03   1.8200000e+05
   1.6227644e+03   1.8100000e+05
   1.6220906e+03   1.8000000e+05
   1.6214166e+03   1.7900000e+05
   1.6207395e+03   1.7800000e+05
   1.6200523e+03   1.7700000e+05
   1.6200000e+03   1.7698628e+05
   1.6167355e+03   1.7600000e+05
   1.6124779e+03   1.7500000e+05
   1.6100000e+03   1.7439122e+05
   1.6086578e+03   1.7400000e+05
   1.6041843e+03   1.7300000e+05
   1.6007383e+03   1.7200000e+05
   1.6000000e+03   1.7177046e+05
   1.5973055e+03   1.7100000e+05
   1.5939030e+03   1.7000000e+05
   1.5907091e+03   1.6900000e+05
   1.5900000e+03   1.6861185e+05
   1.5887418e+03   1.6800000e+05
   1.5879984e+03   1.6700000e+05
   1.5872559e+03   1.6600000e+05
   1.5865112e+03   1.6500000e+05
   1.5857616e+03   1.6400000e+05
   1.5850105e+03   1.6300000e+05
   1.5842567e+03   1.6200000e+05
   1.5835286e+03   1.6100000e+05
   1.5829545e+03   1.6000000e+05
   1.5823329e+03   1.5900000e+05
   1.5816910e+03   1.5800000e+05
   1.5810257e+03   1.5700000e+05
   1.5804062e+03   1.5600000e+05
   1.5800000e+03   1.5535208e+05
   1.5797806e+03   1.5500000e+05
   1.5791299e+03   1.5400000e+05
   1.5784771e+03   1.5300000e+05
   1.5778105e+03   1.5200000e+05
   1.5771701e+03   1.5100000e+05
   1.5765182e+03   1.5000000e+05
   1.5758607e+03   1.4900000e+05
   1.5752056e+03   1.4800000e+05
   1.5745607e+03   1.4700000e+05
   1.5739144e+03   1.4600000e+05
   1.5732432e+03   1.4500000e+05
   1.5725531e+03   1.4400000e+05
   1.5718566e+03   1.4300000e+05
   1.5711591e+03   1.4200000e+05
   1.5704629e+03   1.4100000e+05
   1.5700000e+03   1.4012469e+05
   1.5699362e+03   1.4000000e+05
   1.5697994e+03   1.3900000e+05
   1.5696755e+03   1.3800000e+05
   1.5694915e+03   1.3700000e+05
   1.5692873e+03   1.3600000e+05
   1.5690181e+03   1.3500000e+05
   1.5686950e+03   1.3400000e+05
   1.5683699e+03   1.3300000e+05
   1.5661544e+03   1.3200000e+05
   1.5616071e+03   1.3100000e+05
   1.5600000e+03   1.3083335e+05
   1.5500000e+03   1.3040315e+05
   1.5454362e+03   1.3000000e+05
   1.5400000e+03   1.2928653e+05
   1.5376224e+03   1.2900000e+05
   1.5366995e+03   1.2800000e+05
   1.5361591e+03   1.2700000e+05
   1.5355278e+03   1.2600000e+05
   1.5349486e+03   1.2500000e+05
   1.5343917e+03   1.2400000e+05
   1.5338261e+03   1.2300000e+05
   1.5332323e+03   1.2200000e+05
   1.5326127e+03   1.2100000e+05
   1.5319775e+03   1.2000000e+05
   1.5313348e+03   1.1900000e+05
   1.5307233e+03   1.1800000e+05
   1.5300137e+03   1.1700000e+05
   1.5300000e+03   1.1698087e+05
   1.5292993e+03   1.1600000e+05
   1.5285972e+03   1.1500000e+05
   1.5278884e+03   1.1400000e+05
   1.5271772e+03   1.1300000e+05
   1.5264858e+03   1.1200000e+05
   1.5256690e+03   1.1100000e+05
   1.5249143e+03   1.1000000e+05
   1.5241425e+03   1.0900000e+05
   1.5234942e+03   1.0800000e+05
   1.5225760e+03   1.0700000e+05
   1.5217851e+03   1.0600000e+05
   1.5209796e+03   1.0500000e+05
   1.5203327e+03   1.0400000e+05
   1.5200000e+03   1.0365872e+05
   1.5193521e+03   1.0300000e+05
   1.5185385e+03   1.0200000e+05
   1.5177055e+03   1.0100000e+05
   1.5169867e+03   1.0000000e+05
   1.5160200e+03   9.9000000e+04
   1.5151632e+03   9.8000000e+04
   1.5142824e+03   9.7000000e+04
   1.5134594e+03   9.6000000e+04
   1.5125357e+03   9.5000000e+04
   1.5116502e+03   9.4000000e+04
   1.5107381e+03   9.3000000e+04
   1.5100000e+03   9.2187246e+04
   1.5098315e+03   9.2000000e+04
   1.5089380e+03   9.1000000e+04
   1.5080470e+03   9.0000000e+04
   1.5054931e+03   8.9000000e+04
   1.5032552e+03   8.8000000e+04
   1.5023694e+03   8.7000000e+04
   1.5014969e+03   8.6000000e+04
   1.5006236e+03   8.5000000e+04
   1.5000000e+03   8.4285915e+04
   1.4997519e+03   8.4000000e+04
   1.4988753e+03   8.3000000e+04
   1.4979690e+03   8.2000000e+04
   1.4970684e+03   8.1000000e+04
   1.4961595e+03   8.0000000e+04
   1.4952540e+03   7.9000000e+04
   1.4943357e+03   7.8000000e+04
   1.4934252e+03   7.7000000e+04
   1.4924966e+03   7.6000000e+04
   1.4915589e+03   7.5000000e+04
   1.4906183e+03   7.4000000e+04
   1.4900000e+03   7.3342412e+04
   1.4896800e+03   7.3000000e+04
   1.4887453e+03   7.2000000e+04
   1.4877979e+03   7.1000000e+04
   1.4868286e+03   7.0000000e+04
   1.4858552e+03   6.9000000e+04
   1.4848949e+03   6.8000000e+04
   1.4839262e+03   6.7000000e+04
   1.4829292e+03   6.6000000e+04
   1.4819452e+03   6.5000000e+04
   1.4809562e+03   6.4000000e+04
   1.4800000e+03   6.3057075e+04
   1.4799424e+03   6.3000000e+04
   1.4789471e+03   6.2000000e+04
   1.4779398e+03   6.1000000e+04
   1.4769221e+03   6.0000000e+04
   1.4758963e+03   5.9000000e+04
   1.4748677e+03   5.8000000e+04
   1.4738296e+03   5.7000000e+04
   1.4727786e+03   5.6000000e+04
   1.4717227e+03   5.5000000e+04
   1.4706591e+03   5.4000000e+04
   1.4700000e+03   5.3380202e+04
   1.4695980e+03   5.3000000e+04
   1.4685558e+03   5.2000000e+04
   1.4675479e+03   5.1000000e+04
   1.4663796e+03   5.0000000e+04
   1.4652592e+03   4.9000000e+04
   1.4641611e+03   4.8000000e+04
   1.4630614e+03   4.7000000e+04
   1.4619474e+03   4.6000000e+04
   1.4608117e+03   4.5000000e+04
   1.4600000e+03   4.4332689e+04
   1.4595954e+03   4.4000000e+04
   1.4584487e+03   4.3000000e+04
   1.4573001e+03   4.2000000e+04
   1.4561400e+03   4.1000000e+04
   1.4549701e+03   4.0000000e+04
   1.4537760e+03   3.9000000e+04
   1.4525578e+03   3.8000000e+04
   1.4513364e+03   3.7000000e+04
   1.4500948e+03   3.6000000e+04
   1.4500000e+03   3.5924228e+04
   1.4488517e+03   3.5000000e+04
   1.4475915e+03   3.4000000e+04
   1.4463127e+03   3.3000000e+04
   1.4450139e+03   3.2000000e+04
   1.4437122e+03   3.1000000e+04
   1.4422872e+03   3.0000000e+04
   1.4408795e+03   2.9000000e+04
   1.4400000e+03   2.8340314e+04
   1.4395499e+03   2.8000000e+04
   1.4381573e+03   2.7000000e+04
   1.4367155e+03   2.6000000e+04
   1.4352287e+03   2.5000000e+04
   1.4337053e+03   2.4000000e+04
   1.4321141e+03   2.3000000e+04
   1.4304392e+03   2.2000000e+04
   1.4300000e+03   2.1746220e+04
   1.4287281e+03   2.1000000e+04
   1.4270381e+03   2.0000000e+04
   1.4251851e+03   1.9000000e+04
   1.4231950e+03   1.8000000e+04
   1.4209375e+03   1.7000000e+04
   1.4200000e+03   1.6849538e+04
   1.4152467e+03   1.6000000e+04
   1.4133814e+03   1.5000000e+04
   1.4120306e+03   1.4000000e+04
   1.4106718e+03   1.3000000e+04
   1.4100000e+03   1.2502085e+04
   1.4093271e+03   1.2000000e+04
   1.4079531e+03   1.1000000e+04
   1.4065710e+03   1.0000000e+04
   1.4051815e+03   9.0000000e+03
   1.4037786e+03   8.0000000e+03
   1.4058461e+03   7.0000000e+03
   1.4054189e+03   6.0000000e+03
   1.4049748e+03   5.0000000e+03
   1.4042467e+03   4.0000000e+03
   1.4033048e+03   3.0000000e+03
   1.4022731e+03   2.0000000e+03
   1.4011697e+03   1.0000000e+03
   1.4000000e+03   0.0000000e+00
   1.4000000e+03   0.0000000e+00
