   2.0102769e+03   1.3500000e+06
   2.0100000e+03   1.3492192e+06
   2.0099228e+03   1.3490000e+06
   2.0095689e+03   1.3480000e+06
   2.0091999e+03   1.3470000e+06
   2.0088492e+03   1.3460000e+06
   2.0084951e+03   1.3450000e+06
   2.0081420e+03   1.3440000e+06
   2.0077865e+03   1.3430000e+06
   2.0074315e+03   1.3420000e+06
   2.0070722e+03   1.3410000e+06
   2.0067152e+03   1.3400000e+06
   2.0063496e+03   1.3390000e+06
   2.0059965e+03   1.3380000e+06
   2.0056397e+03   1.3370000e+06
   2.0052719e+03   1.3360000e+06
   2.0049028e+03   1.3350000e+06
   2.0045623e+03   1.3340000e+06
   2.0041979e+03   1.3330000e+06
   2.0038321e+03   1.3320000e+06
   2.0034593e+03   1.3310000e+06
   2.0030801e+03   1.3300000e+06
   2.0026982e+03   1.3290000e+06
   2.0023219e+03   1.3280000e+06
   2.0019608e+03   1.3270000e+06
   2.0016387e+03   1.3260000e+06
   2.0012526e+03   1.3250000e+06
   2.0008574e+03   1.3240000e+06
   2.0004549e+03   1.3230000e+06
   2.0000522e+03   1.3220000e+06
   2.0000000e+03   1.3218638e+06
   1.9996721e+03   1.3210000e+06
   1.9993362e+03   1.3200000e+06
   1.9989294e+03   1.3190000e+06
   1.9985300e+03   1.3180000e+06
   1.9981846e+03   1.3170000e+06
   1.9978425e+03   1.3160000e+06
   1.9974732e+03   1.3150000e+06
   1.9970157e+03   1.3140000e+06
   1.9966800e+03   1.3130000e+06
   1.9963474e+03   1.3120000e+06
   1.9960035e+03   1.3110000e+06
   1.9956652e+03   1.3100000e+06
   1.9953160e+03   1.3090000e+06
   1.9949469e+03   1.3080000e+06
   1.9945374e+03   1.3070000e+06
   1.9942059e+03   1.3060000e+06
   1.9938660e+03   1.3050000e+06
   1.9935408e+03   1.3040000e+06
   1.9932080e+03   1.3030000e+06
   1.9928694e+03   1.3020000e+06
   1.9925350e+03   1.3010000e+06
   1.9921862e+03   1.3000000e+06
   1.9918865e+03   1.2990000e+06
   1.9915108e+03   1.2980000e+06
   1.9911693e+03   1.2970000e+06
   1.9908310e+03   1.2960000e+06
   1.9904992e+03   1.2950000e+06
   1.9901488e+03   1.2940000e+06
   1.9900000e+03   1.2935734e+06
   1.9898026e+03   1.2930000e+06
   1.9894568e+03   1.2920000e+06
   1.9891208e+03   1.2910000e+06
   1.9887836e+03   1.2900000e+06
   1.9884445e+03   1.2890000e+06
   1.9881063e+03   1.2880000e+06
   1.9877676e+03   1.2870000e+06
   1.9874169e+03   1.2860000e+06
   1.9870436e+03   1.2850000e+06
   1.9866661e+03   1.2840000e+06
   1.9862879e+03   1.2830000e+06
   1.9859084e+03   1.2820000e+06
   1.9855317e+03   1.2810000e+06
   1.9851519e+03   1.2800000e+06
   1.9848092e+03   1.2790000e+06
   1.9844487e+03   1.2780000e+06
   1.9841066e+03   1.2770000e+06
   1.9837654e+03   1.2760000e+06
   1.9834260e+03   1.2750000e+06
   1.9830843e+03   1.2740000e+06
   1.9827288e+03   1.2730000e+06
   1.9823565e+03   1.2720000e+06
   1.9819748e+03   1.2710000e+06
   1.9815908e+03   1.2700000e+06
   1.9812076e+03   1.2690000e+06
   1.9808222e+03   1.2680000e+06
   1.9804391e+03   1.2670000e+06
   1.9800868e+03   1.2660000e+06
   1.9800000e+03   1.2657566e+06
   1.9797326e+03   1.2650000e+06
   1.9793821e+03   1.2640000e+06
   1.9790325e+03   1.2630000e+06
   1.9786820e+03   1.2620000e+06
   1.9783312e+03   1.2610000e+06
   1.9779835e+03   1.2600000e+06
   1.9776284e+03   1.2590000e+06
   1.9772856e+03   1.2580000e+06
   1.9769087e+03   1.2570000e+06
   1.9765679e+03   1.2560000e+06
   1.9762293e+03   1.2550000e+06
   1.9758814e+03   1.2540000e+06
   1.9755091e+03   1.2530000e+06
   1.9751346e+03   1.2520000e+06
   1.9748226e+03   1.2510000e+06
   1.9744463e+03   1.2500000e+06
   1.9740694e+03   1.2490000e+06
   1.9736859e+03   1.2480000e+06
   1.9733417e+03   1.2470000e+06
   1.9729981e+03   1.2460000e+06
   1.9726562e+03   1.2450000e+06
   1.9722782e+03   1.2440000e+06
   1.9719368e+03   1.2430000e+06
   1.9715239e+03   1.2420000e+06
   1.9712354e+03   1.2410000e+06
   1.9708588e+03   1.2400000e+06
   1.9704834e+03   1.2390000e+06
   1.9701350e+03   1.2380000e+06
   1.9700000e+03   1.2376405e+06
   1.9697605e+03   1.2370000e+06
   1.9693843e+03   1.2360000e+06
   1.9690130e+03   1.2350000e+06
   1.9686393e+03   1.2340000e+06
   1.9682699e+03   1.2330000e+06
   1.9679859e+03   1.2320000e+06
   1.9676119e+03   1.2310000e+06
   1.9672534e+03   1.2300000e+06
   1.9668681e+03   1.2290000e+06
   1.9665206e+03   1.2280000e+06
   1.9661841e+03   1.2270000e+06
   1.9658541e+03   1.2260000e+06
   1.9653922e+03   1.2250000e+06
   1.9650693e+03   1.2240000e+06
   1.9647570e+03   1.2230000e+06
   1.9643970e+03   1.2220000e+06
   1.9640168e+03   1.2210000e+06
   1.9635603e+03   1.2200000e+06
   1.9632053e+03   1.2190000e+06
   1.9628418e+03   1.2180000e+06
   1.9623886e+03   1.2170000e+06
   1.9620884e+03   1.2160000e+06
   1.9616495e+03   1.2150000e+06
   1.9612924e+03   1.2140000e+06
   1.9609300e+03   1.2130000e+06
   1.9605678e+03   1.2120000e+06
   1.9602038e+03   1.2110000e+06
   1.9600000e+03   1.2105371e+06
   1.9597659e+03   1.2100000e+06
   1.9594586e+03   1.2090000e+06
   1.9590741e+03   1.2080000e+06
   1.9586857e+03   1.2070000e+06
   1.9582987e+03   1.2060000e+06
   1.9579111e+03   1.2050000e+06
   1.9575228e+03   1.2040000e+06
   1.9571468e+03   1.2030000e+06
   1.9567858e+03   1.2020000e+06
   1.9564258e+03   1.2010000e+06
   1.9560666e+03   1.2000000e+06
   1.9557070e+03   1.1990000e+06
   1.9553496e+03   1.1980000e+06
   1.9549861e+03   1.1970000e+06
   1.9546187e+03   1.1960000e+06
   1.9542507e+03   1.1950000e+06
   1.9538793e+03   1.1940000e+06
   1.9535108e+03   1.1930000e+06
   1.9531426e+03   1.1920000e+06
   1.9527734e+03   1.1910000e+06
   1.9523999e+03   1.1900000e+06
   1.9520111e+03   1.1890000e+06
   1.9516233e+03   1.1880000e+06
   1.9512341e+03   1.1870000e+06
   1.9508431e+03   1.1860000e+06
   1.9504512e+03   1.1850000e+06
   1.9500624e+03   1.1840000e+06
   1.9500000e+03   1.1838319e+06
   1.9496953e+03   1.1830000e+06
   1.9493305e+03   1.1820000e+06
   1.9489660e+03   1.1810000e+06
   1.9486011e+03   1.1800000e+06
   1.9482364e+03   1.1790000e+06
   1.9478701e+03   1.1780000e+06
   1.9474946e+03   1.1770000e+06
   1.9471237e+03   1.1760000e+06
   1.9467636e+03   1.1750000e+06
   1.9463903e+03   1.1740000e+06
   1.9460167e+03   1.1730000e+06
   1.9456409e+03   1.1720000e+06
   1.9452606e+03   1.1710000e+06
   1.9448758e+03   1.1700000e+06
   1.9444931e+03   1.1690000e+06
   1.9441101e+03   1.1680000e+06
   1.9437043e+03   1.1670000e+06
   1.9433220e+03   1.1660000e+06
   1.9430012e+03   1.1650000e+06
   1.9425715e+03   1.1640000e+06
   1.9421997e+03   1.1630000e+06
   1.9418423e+03   1.1620000e+06
   1.9414701e+03   1.1610000e+06
   1.9410971e+03   1.1600000e+06
   1.9407236e+03   1.1590000e+06
   1.9403362e+03   1.1580000e+06
   1.9400000e+03   1.1571451e+06
   1.9399433e+03   1.1570000e+06
   1.9395938e+03   1.1560000e+06
   1.9392001e+03   1.1550000e+06
   1.9388068e+03   1.1540000e+06
   1.9384136e+03   1.1530000e+06
   1.9380283e+03   1.1520000e+06
   1.9376549e+03   1.1510000e+06
   1.9372383e+03   1.1500000e+06
   1.9368669e+03   1.1490000e+06
   1.9364950e+03   1.1480000e+06
   1.9361485e+03   1.1470000e+06
   1.9357668e+03   1.1460000e+06
   1.9353748e+03   1.1450000e+06
   1.9349846e+03   1.1440000e+06
   1.9345716e+03   1.1430000e+06
   1.9342308e+03   1.1420000e+06
   1.9339836e+03   1.1410000e+06
   1.9336953e+03   1.1400000e+06
   1.9316093e+03   1.1390000e+06
   1.9300000e+03   1.1385971e+06
   1.9277059e+03   1.1380000e+06
   1.9242289e+03   1.1370000e+06
   1.9202577e+03   1.1360000e+06
   1.9200000e+03   1.1359416e+06
   1.9156497e+03   1.1350000e+06
   1.9119160e+03   1.1340000e+06
   1.9100000e+03   1.1334670e+06
   1.9082267e+03   1.1330000e+06
   1.9041730e+03   1.1320000e+06
   1.9002253e+03   1.1310000e+06
   1.9000000e+03   1.1309488e+06
   1.8960616e+03   1.1300000e+06
   1.8937704e+03   1.1290000e+06
   1.8920950e+03   1.1280000e+06
   1.8917109e+03   1.1270000e+06
   1.8913382e+03   1.1260000e+06
   1.8909736e+03   1.1250000e+06
   1.8905695e+03   1.1240000e+06
   1.8901770e+03   1.1230000e+06
   1.8900000e+03   1.1225440e+06
   1.8897913e+03   1.1220000e+06
   1.8894199e+03   1.1210000e+06
   1.8890459e+03   1.1200000e+06
   1.8886717e+03   1.1190000e+06
   1.8882901e+03   1.1180000e+06
   1.8879181e+03   1.1170000e+06
   1.8875439e+03   1.1160000e+06
   1.8871775e+03   1.1150000e+06
   1.8867908e+03   1.1140000e+06
   1.8864051e+03   1.1130000e+06
   1.8860068e+03   1.1120000e+06
   1.8856161e+03   1.1110000e+06
   1.8852270e+03   1.1100000e+06
   1.8848363e+03   1.1090000e+06
   1.8844479e+03   1.1080000e+06
   1.8840738e+03   1.1070000e+06
   1.8837050e+03   1.1060000e+06
   1.8833364e+03   1.1050000e+06
   1.8829665e+03   1.1040000e+06
   1.8825972e+03   1.1030000e+06
   1.8822273e+03   1.1020000e+06
   1.8818538e+03   1.1010000e+06
   1.8814719e+03   1.1000000e+06
   1.8810876e+03   1.0990000e+06
   1.8807017e+03   1.0980000e+06
   1.8803143e+03   1.0970000e+06
   1.8800000e+03   1.0961912e+06
   1.8799267e+03   1.0960000e+06
   1.8795537e+03   1.0950000e+06
   1.8791811e+03   1.0940000e+06
   1.8787938e+03   1.0930000e+06
   1.8784070e+03   1.0920000e+06
   1.8780208e+03   1.0910000e+06
   1.8776336e+03   1.0900000e+06
   1.8772448e+03   1.0890000e+06
   1.8768585e+03   1.0880000e+06
   1.8764559e+03   1.0870000e+06
   1.8760727e+03   1.0860000e+06
   1.8756866e+03   1.0850000e+06
   1.8752994e+03   1.0840000e+06
   1.8749121e+03   1.0830000e+06
   1.8745277e+03   1.0820000e+06
   1.8741550e+03   1.0810000e+06
   1.8737821e+03   1.0800000e+06
   1.8734097e+03   1.0790000e+06
   1.8730333e+03   1.0780000e+06
   1.8726600e+03   1.0770000e+06
   1.8722862e+03   1.0760000e+06
   1.8718994e+03   1.0750000e+06
   1.8715113e+03   1.0740000e+06
   1.8711662e+03   1.0730000e+06
   1.8707770e+03   1.0720000e+06
   1.8703861e+03   1.0710000e+06
   1.8700000e+03   1.0700195e+06
   1.8699924e+03   1.0700000e+06
   1.8696026e+03   1.0690000e+06
   1.8692119e+03   1.0680000e+06
   1.8688227e+03   1.0670000e+06
   1.8683911e+03   1.0660000e+06
   1.8679997e+03   1.0650000e+06
   1.8676133e+03   1.0640000e+06
   1.8672258e+03   1.0630000e+06
   1.8668348e+03   1.0620000e+06
   1.8664453e+03   1.0610000e+06
   1.8660526e+03   1.0600000e+06
   1.8656622e+03   1.0590000e+06
   1.8652733e+03   1.0580000e+06
   1.8648823e+03   1.0570000e+06
   1.8644983e+03   1.0560000e+06
   1.8641163e+03   1.0550000e+06
   1.8637390e+03   1.0540000e+06
   1.8633638e+03   1.0530000e+06
   1.8630020e+03   1.0520000e+06
   1.8626174e+03   1.0510000e+06
   1.8622582e+03   1.0500000e+06
   1.8618477e+03   1.0490000e+06
   1.8614649e+03   1.0480000e+06
   1.8610802e+03   1.0470000e+06
   1.8607051e+03   1.0460000e+06
   1.8603415e+03   1.0450000e+06
   1.8600000e+03   1.0441137e+06
   1.8599557e+03   1.0440000e+06
   1.8595621e+03   1.0430000e+06
   1.8591650e+03   1.0420000e+06
   1.8587032e+03   1.0410000e+06
   1.8583371e+03   1.0400000e+06
   1.8578955e+03   1.0390000e+06
   1.8575026e+03   1.0380000e+06
   1.8571096e+03   1.0370000e+06
   1.8567166e+03   1.0360000e+06
   1.8563210e+03   1.0350000e+06
   1.8559254e+03   1.0340000e+06
   1.8555277e+03   1.0330000e+06
   1.8551336e+03   1.0320000e+06
   1.8547418e+03   1.0310000e+06
   1.8543636e+03   1.0300000e+06
   1.8539846e+03   1.0290000e+06
   1.8536060e+03   1.0280000e+06
   1.8532262e+03   1.0270000e+06
   1.8528464e+03   1.0260000e+06
   1.8524668e+03   1.0250000e+06
   1.8520869e+03   1.0240000e+06
   1.8517084e+03   1.0230000e+06
   1.8513246e+03   1.0220000e+06
   1.8509440e+03   1.0210000e+06
   1.8505616e+03   1.0200000e+06
   1.8501872e+03   1.0190000e+06
   1.8500000e+03   1.0185191e+06
   1.8497935e+03   1.0180000e+06
   1.8493713e+03   1.0170000e+06
   1.8489472e+03   1.0160000e+06
   1.8485271e+03   1.0150000e+06
   1.8481088e+03   1.0140000e+06
   1.8476922e+03   1.0130000e+06
   1.8472770e+03   1.0120000e+06
   1.8468788e+03   1.0110000e+06
   1.8464801e+03   1.0100000e+06
   1.8460815e+03   1.0090000e+06
   1.8456823e+03   1.0080000e+06
   1.8452828e+03   1.0070000e+06
   1.8448841e+03   1.0060000e+06
   1.8444927e+03   1.0050000e+06
   1.8440921e+03   1.0040000e+06
   1.8437049e+03   1.0030000e+06
   1.8433178e+03   1.0020000e+06
   1.8429306e+03   1.0010000e+06
   1.8425449e+03   1.0000000e+06
   1.8421734e+03   9.9900000e+05
   1.8417795e+03   9.9800000e+05
   1.8413948e+03   9.9700000e+05
   1.8410088e+03   9.9600000e+05
   1.8406258e+03   9.9500000e+05
   1.8402251e+03   9.9400000e+05
   1.8400000e+03   9.9342803e+05
   1.8398291e+03   9.9300000e+05
   1.8394184e+03   9.9200000e+05
   1.8390221e+03   9.9100000e+05
   1.8386103e+03   9.9000000e+05
   1.8381622e+03   9.8900000e+05
   1.8377403e+03   9.8800000e+05
   1.8373208e+03   9.8700000e+05
   1.8369108e+03   9.8600000e+05
   1.8365090e+03   9.8500000e+05
   1.8361056e+03   9.8400000e+05
   1.8357026e+03   9.8300000e+05
   1.8352998e+03   9.8200000e+05
   1.8348992e+03   9.8100000e+05
   1.8345145e+03   9.8000000e+05
   1.8341035e+03   9.7900000e+05
   1.8337127e+03   9.7800000e+05
   1.8334541e+03   9.7700000e+05
   1.8329088e+03   9.7600000e+05
   1.8325146e+03   9.7500000e+05
   1.8321217e+03   9.7400000e+05
   1.8317050e+03   9.7300000e+05
   1.8312823e+03   9.7200000e+05
   1.8309656e+03   9.7100000e+05
   1.8304607e+03   9.7000000e+05
   1.8300373e+03   9.6900000e+05
   1.8300000e+03   9.6891228e+05
   1.8296142e+03   9.6800000e+05
   1.8292050e+03   9.6700000e+05
   1.8288110e+03   9.6600000e+05
   1.8284162e+03   9.6500000e+05
   1.8281832e+03   9.6400000e+05
   1.8276201e+03   9.6300000e+05
   1.8272290e+03   9.6200000e+05
   1.8268298e+03   9.6100000e+05
   1.8264263e+03   9.6000000e+05
   1.8260234e+03   9.5900000e+05
   1.8257236e+03   9.5800000e+05
   1.8252072e+03   9.5700000e+05
   1.8248046e+03   9.5600000e+05
   1.8244028e+03   9.5500000e+05
   1.8240024e+03   9.5400000e+05
   1.8235968e+03   9.5300000e+05
   1.8231876e+03   9.5200000e+05
   1.8228016e+03   9.5100000e+05
   1.8223887e+03   9.5000000e+05
   1.8219639e+03   9.4900000e+05
   1.8215659e+03   9.4800000e+05
   1.8211643e+03   9.4700000e+05
   1.8207524e+03   9.4600000e+05
   1.8203458e+03   9.4500000e+05
   1.8200000e+03   9.4416968e+05
   1.8199314e+03   9.4400000e+05
   1.8195278e+03   9.4300000e+05
   1.8191240e+03   9.4200000e+05
   1.8186976e+03   9.4100000e+05
   1.8183048e+03   9.4000000e+05
   1.8178910e+03   9.3900000e+05
   1.8174754e+03   9.3800000e+05
   1.8170580e+03   9.3700000e+05
   1.8166363e+03   9.3600000e+05
   1.8162175e+03   9.3500000e+05
   1.8158096e+03   9.3400000e+05
   1.8154019e+03   9.3300000e+05
   1.8149934e+03   9.3200000e+05
   1.8145854e+03   9.3100000e+05
   1.8141765e+03   9.3000000e+05
   1.8137656e+03   9.2900000e+05
   1.8133529e+03   9.2800000e+05
   1.8129520e+03   9.2700000e+05
   1.8125400e+03   9.2600000e+05
   1.8121272e+03   9.2500000e+05
   1.8117068e+03   9.2400000e+05
   1.8113053e+03   9.2300000e+05
   1.8108890e+03   9.2200000e+05
   1.8104860e+03   9.2100000e+05
   1.8100640e+03   9.2000000e+05
   1.8100000e+03   9.1984806e+05
   1.8096464e+03   9.1900000e+05
   1.8092294e+03   9.1800000e+05
   1.8088110e+03   9.1700000e+05
   1.8083984e+03   9.1600000e+05
   1.8079730e+03   9.1500000e+05
   1.8075687e+03   9.1400000e+05
   1.8071620e+03   9.1300000e+05
   1.8067572e+03   9.1200000e+05
   1.8063510e+03   9.1100000e+05
   1.8059418e+03   9.1000000e+05
   1.8055298e+03   9.0900000e+05
   1.8051131e+03   9.0800000e+05
   1.8047072e+03   9.0700000e+05
   1.8042847e+03   9.0600000e+05
   1.8038721e+03   9.0500000e+05
   1.8034598e+03   9.0400000e+05
   1.8030496e+03   9.0300000e+05
   1.8026423e+03   9.0200000e+05
   1.8022117e+03   9.0100000e+05
   1.8017934e+03   9.0000000e+05
   1.8013828e+03   8.9900000e+05
   1.8009726e+03   8.9800000e+05
   1.8005251e+03   8.9700000e+05
   1.8001545e+03   8.9600000e+05
   1.8000000e+03   8.9565232e+05
   1.7997110e+03   8.9500000e+05
   1.7993311e+03   8.9400000e+05
   1.7988767e+03   8.9300000e+05
   1.7984703e+03   8.9200000e+05
   1.7980560e+03   8.9100000e+05
   1.7976224e+03   8.9000000e+05
   1.7971890e+03   8.8900000e+05
   1.7967652e+03   8.8800000e+05
   1.7964042e+03   8.8700000e+05
   1.7959812e+03   8.8600000e+05
   1.7955500e+03   8.8500000e+05
   1.7951265e+03   8.8400000e+05
   1.7947078e+03   8.8300000e+05
   1.7942713e+03   8.8200000e+05
   1.7938455e+03   8.8100000e+05
   1.7934322e+03   8.8000000e+05
   1.7930000e+03   8.7900000e+05
   1.7925825e+03   8.7800000e+05
   1.7921606e+03   8.7700000e+05
   1.7917449e+03   8.7600000e+05
   1.7913116e+03   8.7500000e+05
   1.7908911e+03   8.7400000e+05
   1.7904510e+03   8.7300000e+05
   1.7900363e+03   8.7200000e+05
   1.7900000e+03   8.7191468e+05
   1.7896128e+03   8.7100000e+05
   1.7891867e+03   8.7000000e+05
   1.7888037e+03   8.6900000e+05
   1.7883901e+03   8.6800000e+05
   1.7879712e+03   8.6700000e+05
   1.7875404e+03   8.6600000e+05
   1.7871112e+03   8.6500000e+05
   1.7866841e+03   8.6400000e+05
   1.7862566e+03   8.6300000e+05
   1.7858293e+03   8.6200000e+05
   1.7854020e+03   8.6100000e+05
   1.7849752e+03   8.6000000e+05
   1.7845462e+03   8.5900000e+05
   1.7841194e+03   8.5800000e+05
   1.7836932e+03   8.5700000e+05
   1.7832682e+03   8.5600000e+05
   1.7828413e+03   8.5500000e+05
   1.7824168e+03   8.5400000e+05
   1.7819851e+03   8.5300000e+05
   1.7815627e+03   8.5200000e+05
   1.7811408e+03   8.5100000e+05
   1.7807181e+03   8.5000000e+05
   1.7802963e+03   8.4900000e+05
   1.7800000e+03   8.4829412e+05
   1.7798771e+03   8.4800000e+05
   1.7794594e+03   8.4700000e+05
   1.7790293e+03   8.4600000e+05
   1.7786174e+03   8.4500000e+05
   1.7781934e+03   8.4400000e+05
   1.7777674e+03   8.4300000e+05
   1.7773396e+03   8.4200000e+05
   1.7769214e+03   8.4100000e+05
   1.7764838e+03   8.4000000e+05
   1.7760486e+03   8.3900000e+05
   1.7755857e+03   8.3800000e+05
   1.7751433e+03   8.3700000e+05
   1.7747031e+03   8.3600000e+05
   1.7742652e+03   8.3500000e+05
   1.7738282e+03   8.3400000e+05
   1.7733930e+03   8.3300000e+05
   1.7729577e+03   8.3200000e+05
   1.7725231e+03   8.3100000e+05
   1.7720874e+03   8.3000000e+05
   1.7716503e+03   8.2900000e+05
   1.7712121e+03   8.2800000e+05
   1.7707764e+03   8.2700000e+05
   1.7703516e+03   8.2600000e+05
   1.7700000e+03   8.2517288e+05
   1.7699268e+03   8.2500000e+05
   1.7695019e+03   8.2400000e+05
   1.7690785e+03   8.2300000e+05
   1.7686355e+03   8.2200000e+05
   1.7682143e+03   8.2100000e+05
   1.7677869e+03   8.2000000e+05
   1.7673584e+03   8.1900000e+05
   1.7669080e+03   8.1800000e+05
   1.7665102e+03   8.1700000e+05
   1.7660801e+03   8.1600000e+05
   1.7656462e+03   8.1500000e+05
   1.7652088e+03   8.1400000e+05
   1.7647695e+03   8.1300000e+05
   1.7643322e+03   8.1200000e+05
   1.7638457e+03   8.1100000e+05
   1.7634036e+03   8.1000000e+05
   1.7629797e+03   8.0900000e+05
   1.7625183e+03   8.0800000e+05
   1.7621018e+03   8.0700000e+05
   1.7616595e+03   8.0600000e+05
   1.7612178e+03   8.0500000e+05
   1.7607697e+03   8.0400000e+05
   1.7603267e+03   8.0300000e+05
   1.7600000e+03   8.0225974e+05
   1.7598860e+03   8.0200000e+05
   1.7594537e+03   8.0100000e+05
   1.7590275e+03   8.0000000e+05
   1.7586012e+03   7.9900000e+05
   1.7581725e+03   7.9800000e+05
   1.7577404e+03   7.9700000e+05
   1.7573130e+03   7.9600000e+05
   1.7568197e+03   7.9500000e+05
   1.7564474e+03   7.9400000e+05
   1.7560160e+03   7.9300000e+05
   1.7555739e+03   7.9200000e+05
   1.7551025e+03   7.9100000e+05
   1.7546735e+03   7.9000000e+05
   1.7542447e+03   7.8900000e+05
   1.7538119e+03   7.8800000e+05
   1.7533899e+03   7.8700000e+05
   1.7529510e+03   7.8600000e+05
   1.7525218e+03   7.8500000e+05
   1.7520970e+03   7.8400000e+05
   1.7516674e+03   7.8300000e+05
   1.7512286e+03   7.8200000e+05
   1.7507662e+03   7.8100000e+05
   1.7502975e+03   7.8000000e+05
   1.7500000e+03   7.7936527e+05
   1.7498256e+03   7.7900000e+05
   1.7493504e+03   7.7800000e+05
   1.7488769e+03   7.7700000e+05
   1.7484138e+03   7.7600000e+05
   1.7479799e+03   7.7500000e+05
   1.7475474e+03   7.7400000e+05
   1.7471143e+03   7.7300000e+05
   1.7466808e+03   7.7200000e+05
   1.7462461e+03   7.7100000e+05
   1.7458105e+03   7.7000000e+05
   1.7453624e+03   7.6900000e+05
   1.7448975e+03   7.6800000e+05
   1.7444401e+03   7.6700000e+05
   1.7439834e+03   7.6600000e+05
   1.7435281e+03   7.6500000e+05
   1.7430634e+03   7.6400000e+05
   1.7426254e+03   7.6300000e+05
   1.7421886e+03   7.6200000e+05
   1.7417631e+03   7.6100000e+05
   1.7413389e+03   7.6000000e+05
   1.7409158e+03   7.5900000e+05
   1.7404943e+03   7.5800000e+05
   1.7400713e+03   7.5700000e+05
   1.7400000e+03   7.5685044e+05
   1.7395907e+03   7.5600000e+05
   1.7391128e+03   7.5500000e+05
   1.7386371e+03   7.5400000e+05
   1.7381462e+03   7.5300000e+05
   1.7376722e+03   7.5200000e+05
   1.7372413e+03   7.5100000e+05
   1.7367758e+03   7.5000000e+05
   1.7363333e+03   7.4900000e+05
   1.7358907e+03   7.4800000e+05
   1.7354635e+03   7.4700000e+05
   1.7350197e+03   7.4600000e+05
   1.7345740e+03   7.4500000e+05
   1.7341228e+03   7.4400000e+05
   1.7336660e+03   7.4300000e+05
   1.7332116e+03   7.4200000e+05
   1.7327593e+03   7.4100000e+05
   1.7322366e+03   7.4000000e+05
   1.7317898e+03   7.3900000e+05
   1.7313879e+03   7.3800000e+05
   1.7308880e+03   7.3700000e+05
   1.7304334e+03   7.3600000e+05
   1.7300000e+03   7.3504908e+05
   1.7299778e+03   7.3500000e+05
   1.7295657e+03   7.3400000e+05
   1.7291122e+03   7.3300000e+05
   1.7286548e+03   7.3200000e+05
   1.7281982e+03   7.3100000e+05
   1.7277415e+03   7.3000000e+05
   1.7272801e+03   7.2900000e+05
   1.7268470e+03   7.2800000e+05
   1.7263915e+03   7.2700000e+05
   1.7259277e+03   7.2600000e+05
   1.7255005e+03   7.2500000e+05
   1.7250273e+03   7.2400000e+05
   1.7245829e+03   7.2300000e+05
   1.7241236e+03   7.2200000e+05
   1.7236801e+03   7.2100000e+05
   1.7232385e+03   7.2000000e+05
   1.7227404e+03   7.1900000e+05
   1.7223276e+03   7.1800000e+05
   1.7218536e+03   7.1700000e+05
   1.7213575e+03   7.1600000e+05
   1.7208705e+03   7.1500000e+05
   1.7203686e+03   7.1400000e+05
   1.7200000e+03   7.1329491e+05
   1.7198491e+03   7.1300000e+05
   1.7193976e+03   7.1200000e+05
   1.7189532e+03   7.1100000e+05
   1.7185192e+03   7.1000000e+05
   1.7180786e+03   7.0900000e+05
   1.7176302e+03   7.0800000e+05
   1.7171906e+03   7.0700000e+05
   1.7166820e+03   7.0600000e+05
   1.7162723e+03   7.0500000e+05
   1.7158061e+03   7.0400000e+05
   1.7153455e+03   7.0300000e+05
   1.7148818e+03   7.0200000e+05
   1.7144322e+03   7.0100000e+05
   1.7139541e+03   7.0000000e+05
   1.7134785e+03   6.9900000e+05
   1.7130096e+03   6.9800000e+05
   1.7125407e+03   6.9700000e+05
   1.7120716e+03   6.9600000e+05
   1.7116008e+03   6.9500000e+05
   1.7111306e+03   6.9400000e+05
   1.7106980e+03   6.9300000e+05
   1.7101893e+03   6.9200000e+05
   1.7100000e+03   6.9160000e+05
   1.7097185e+03   6.9100000e+05
   1.7092484e+03   6.9000000e+05
   1.7087788e+03   6.8900000e+05
   1.7083099e+03   6.8800000e+05
   1.7078476e+03   6.8700000e+05
   1.7073917e+03   6.8600000e+05
   1.7069420e+03   6.8500000e+05
   1.7064895e+03   6.8400000e+05
   1.7060345e+03   6.8300000e+05
   1.7056019e+03   6.8200000e+05
   1.7051433e+03   6.8100000e+05
   1.7046683e+03   6.8000000e+05
   1.7041866e+03   6.7900000e+05
   1.7036815e+03   6.7800000e+05
   1.7032001e+03   6.7700000e+05
   1.7027203e+03   6.7600000e+05
   1.7022420e+03   6.7500000e+05
   1.7017677e+03   6.7400000e+05
   1.7013009e+03   6.7300000e+05
   1.7008364e+03   6.7200000e+05
   1.7003716e+03   6.7100000e+05
   1.7000000e+03   6.7019881e+05
   1.6999081e+03   6.7000000e+05
   1.6994247e+03   6.6900000e+05
   1.6989745e+03   6.6800000e+05
   1.6984926e+03   6.6700000e+05
   1.6980231e+03   6.6600000e+05
   1.6975619e+03   6.6500000e+05
   1.6970923e+03   6.6400000e+05
   1.6966250e+03   6.6300000e+05
   1.6961524e+03   6.6200000e+05
   1.6956801e+03   6.6100000e+05
   1.6952110e+03   6.6000000e+05
   1.6947353e+03   6.5900000e+05
   1.6942634e+03   6.5800000e+05
   1.6937833e+03   6.5700000e+05
   1.6933146e+03   6.5600000e+05
   1.6928456e+03   6.5500000e+05
   1.6923735e+03   6.5400000e+05
   1.6919023e+03   6.5300000e+05
   1.6913700e+03   6.5200000e+05
   1.6908776e+03   6.5100000e+05
   1.6904098e+03   6.5000000e+05
   1.6900000e+03   6.4915537e+05
   1.6899250e+03   6.4900000e+05
   1.6894618e+03   6.4800000e+05
   1.6889725e+03   6.4700000e+05
   1.6884868e+03   6.4600000e+05
   1.6880060e+03   6.4500000e+05
   1.6875374e+03   6.4400000e+05
   1.6870447e+03   6.4300000e+05
   1.6865578e+03   6.4200000e+05
   1.6860800e+03   6.4100000e+05
   1.6856036e+03   6.4000000e+05
   1.6851294e+03   6.3900000e+05
   1.6846520e+03   6.3800000e+05
   1.6841748e+03   6.3700000e+05
   1.6836885e+03   6.3600000e+05
   1.6832126e+03   6.3500000e+05
   1.6827301e+03   6.3400000e+05
   1.6822470e+03   6.3300000e+05
   1.6817652e+03   6.3200000e+05
   1.6812810e+03   6.3100000e+05
   1.6807984e+03   6.3000000e+05
   1.6803159e+03   6.2900000e+05
   1.6800000e+03   6.2836957e+05
   1.6798156e+03   6.2800000e+05
   1.6793258e+03   6.2700000e+05
   1.6788374e+03   6.2600000e+05
   1.6783493e+03   6.2500000e+05
   1.6778646e+03   6.2400000e+05
   1.6773924e+03   6.2300000e+05
   1.6769026e+03   6.2200000e+05
   1.6764144e+03   6.2100000e+05
   1.6759335e+03   6.2000000e+05
   1.6754545e+03   6.1900000e+05
   1.6749752e+03   6.1800000e+05
   1.6744961e+03   6.1700000e+05
   1.6740027e+03   6.1600000e+05
   1.6735064e+03   6.1500000e+05
   1.6730066e+03   6.1400000e+05
   1.6725060e+03   6.1300000e+05
   1.6720038e+03   6.1200000e+05
   1.6715079e+03   6.1100000e+05
   1.6710097e+03   6.1000000e+05
   1.6705453e+03   6.0900000e+05
   1.6700538e+03   6.0800000e+05
   1.6700000e+03   6.0789101e+05
   1.6695599e+03   6.0700000e+05
   1.6690661e+03   6.0600000e+05
   1.6685722e+03   6.0500000e+05
   1.6680803e+03   6.0400000e+05
   1.6675928e+03   6.0300000e+05
   1.6671008e+03   6.0200000e+05
   1.6666088e+03   6.0100000e+05
   1.6661226e+03   6.0000000e+05
   1.6656364e+03   5.9900000e+05
   1.6651429e+03   5.9800000e+05
   1.6646539e+03   5.9700000e+05
   1.6641549e+03   5.9600000e+05
   1.6636561e+03   5.9500000e+05
   1.6631836e+03   5.9400000e+05
   1.6626847e+03   5.9300000e+05
   1.6621853e+03   5.9200000e+05
   1.6617268e+03   5.9100000e+05
   1.6611917e+03   5.9000000e+05
   1.6606966e+03   5.8900000e+05
   1.6602314e+03   5.8800000e+05
   1.6600000e+03   5.8753369e+05
   1.6597352e+03   5.8700000e+05
   1.6592404e+03   5.8600000e+05
   1.6587024e+03   5.8500000e+05
   1.6582442e+03   5.8400000e+05
   1.6577433e+03   5.8300000e+05
   1.6572107e+03   5.8200000e+05
   1.6567018e+03   5.8100000e+05
   1.6562060e+03   5.8000000e+05
   1.6556943e+03   5.7900000e+05
   1.6551983e+03   5.7800000e+05
   1.6547026e+03   5.7700000e+05
   1.6542025e+03   5.7600000e+05
   1.6536801e+03   5.7500000e+05
   1.6531788e+03   5.7400000e+05
   1.6526714e+03   5.7300000e+05
   1.6521639e+03   5.7200000e+05
   1.6516700e+03   5.7100000e+05
   1.6511409e+03   5.7000000e+05
   1.6506272e+03   5.6900000e+05
   1.6501126e+03   5.6800000e+05
   1.6500000e+03   5.6778068e+05
   1.6496053e+03   5.6700000e+05
   1.6491118e+03   5.6600000e+05
   1.6486175e+03   5.6500000e+05
   1.6481189e+03   5.6400000e+05
   1.6476165e+03   5.6300000e+05
   1.6471137e+03   5.6200000e+05
   1.6466109e+03   5.6100000e+05
   1.6461060e+03   5.6000000e+05
   1.6456036e+03   5.5900000e+05
   1.6450914e+03   5.5800000e+05
   1.6445996e+03   5.5700000e+05
   1.6440916e+03   5.5600000e+05
   1.6435711e+03   5.5500000e+05
   1.6430655e+03   5.5400000e+05
   1.6425873e+03   5.5300000e+05
   1.6420454e+03   5.5200000e+05
   1.6415402e+03   5.5100000e+05
   1.6410341e+03   5.5000000e+05
   1.6405285e+03   5.4900000e+05
   1.6400225e+03   5.4800000e+05
   1.6400000e+03   5.4795538e+05
   1.6395183e+03   5.4700000e+05
   1.6390099e+03   5.4600000e+05
   1.6384954e+03   5.4500000e+05
   1.6379788e+03   5.4400000e+05
   1.6374633e+03   5.4300000e+05
   1.6369476e+03   5.4200000e+05
   1.6364317e+03   5.4100000e+05
   1.6359123e+03   5.4000000e+05
   1.6353872e+03   5.3900000e+05
   1.6348648e+03   5.3800000e+05
   1.6343448e+03   5.3700000e+05
   1.6337837e+03   5.3600000e+05
   1.6332652e+03   5.3500000e+05
   1.6327858e+03   5.3400000e+05
   1.6322370e+03   5.3300000e+05
   1.6317215e+03   5.3200000e+05
   1.6312341e+03   5.3100000e+05
   1.6307162e+03   5.3000000e+05
   1.6301954e+03   5.2900000e+05
   1.6300000e+03   5.2862657e+05
   1.6296735e+03   5.2800000e+05
   1.6291626e+03   5.2700000e+05
   1.6286582e+03   5.2600000e+05
   1.6281537e+03   5.2500000e+05
   1.6276483e+03   5.2400000e+05
   1.6271455e+03   5.2300000e+05
   1.6266392e+03   5.2200000e+05
   1.6261293e+03   5.2100000e+05
   1.6256049e+03   5.2000000e+05
   1.6250791e+03   5.1900000e+05
   1.6245567e+03   5.1800000e+05
   1.6240306e+03   5.1700000e+05
   1.6235046e+03   5.1600000e+05
   1.6229765e+03   5.1500000e+05
   1.6224481e+03   5.1400000e+05
   1.6219207e+03   5.1300000e+05
   1.6213953e+03   5.1200000e+05
   1.6208529e+03   5.1100000e+05
   1.6202889e+03   5.1000000e+05
   1.6200000e+03   5.0945409e+05
   1.6197633e+03   5.0900000e+05
   1.6192412e+03   5.0800000e+05
   1.6187205e+03   5.0700000e+05
   1.6182030e+03   5.0600000e+05
   1.6176916e+03   5.0500000e+05
   1.6171778e+03   5.0400000e+05
   1.6166654e+03   5.0300000e+05
   1.6160953e+03   5.0200000e+05
   1.6155767e+03   5.0100000e+05
   1.6150412e+03   5.0000000e+05
   1.6144961e+03   4.9900000e+05
   1.6140148e+03   4.9800000e+05
   1.6134901e+03   4.9700000e+05
   1.6129345e+03   4.9600000e+05
   1.6124507e+03   4.9500000e+05
   1.6119309e+03   4.9400000e+05
   1.6114116e+03   4.9300000e+05
   1.6108912e+03   4.9200000e+05
   1.6103705e+03   4.9100000e+05
   1.6100000e+03   4.9029136e+05
   1.6098465e+03   4.9000000e+05
   1.6093153e+03   4.8900000e+05
   1.6087635e+03   4.8800000e+05
   1.6082100e+03   4.8700000e+05
   1.6076585e+03   4.8600000e+05
   1.6071071e+03   4.8500000e+05
   1.6065569e+03   4.8400000e+05
   1.6060080e+03   4.8300000e+05
   1.6054695e+03   4.8200000e+05
   1.6049139e+03   4.8100000e+05
   1.6043741e+03   4.8000000e+05
   1.6038357e+03   4.7900000e+05
   1.6032990e+03   4.7800000e+05
   1.6027642e+03   4.7700000e+05
   1.6022288e+03   4.7600000e+05
   1.6016908e+03   4.7500000e+05
   1.6011393e+03   4.7400000e+05
   1.6006016e+03   4.7300000e+05
   1.6000639e+03   4.7200000e+05
   1.6000000e+03   4.7188095e+05
   1.5995251e+03   4.7100000e+05
   1.5989845e+03   4.7000000e+05
   1.5984382e+03   4.6900000e+05
   1.5979184e+03   4.6800000e+05
   1.5974153e+03   4.6700000e+05
   1.5968085e+03   4.6600000e+05
   1.5962633e+03   4.6500000e+05
   1.5957203e+03   4.6400000e+05
   1.5951760e+03   4.6300000e+05
   1.5946390e+03   4.6200000e+05
   1.5940906e+03   4.6100000e+05
   1.5935453e+03   4.6000000e+05
   1.5929969e+03   4.5900000e+05
   1.5924471e+03   4.5800000e+05
   1.5918968e+03   4.5700000e+05
   1.5913467e+03   4.5600000e+05
   1.5907928e+03   4.5500000e+05
   1.5902872e+03   4.5400000e+05
   1.5900000e+03   4.5348148e+05
   1.5897340e+03   4.5300000e+05
   1.5891802e+03   4.5200000e+05
   1.5886274e+03   4.5100000e+05
   1.5880815e+03   4.5000000e+05
   1.5875432e+03   4.4900000e+05
   1.5871206e+03   4.4800000e+05
   1.5864262e+03   4.4700000e+05
   1.5858860e+03   4.4600000e+05
   1.5853406e+03   4.4500000e+05
   1.5847886e+03   4.4400000e+05
   1.5842318e+03   4.4300000e+05
   1.5836760e+03   4.4200000e+05
   1.5831178e+03   4.4100000e+05
   1.5825602e+03   4.4000000e+05
   1.5820033e+03   4.3900000e+05
   1.5814389e+03   4.3800000e+05
   1.5808868e+03   4.3700000e+05
   1.5803257e+03   4.3600000e+05
   1.5800000e+03   4.3541950e+05
   1.5797658e+03   4.3500000e+05
   1.5792071e+03   4.3400000e+05
   1.5786494e+03   4.3300000e+05
   1.5781263e+03   4.3200000e+05
   1.5775452e+03   4.3100000e+05
   1.5769941e+03   4.3000000e+05
   1.5764428e+03   4.2900000e+05
   1.5758899e+03   4.2800000e+05
   1.5753357e+03   4.2700000e+05
   1.5747825e+03   4.2600000e+05
   1.5742189e+03   4.2500000e+05
   1.5736520e+03   4.2400000e+05
   1.5730852e+03   4.2300000e+05
   1.5725162e+03   4.2200000e+05
   1.5719478e+03   4.2100000e+05
   1.5713775e+03   4.2000000e+05
   1.5708079e+03   4.1900000e+05
   1.5702411e+03   4.1800000e+05
   1.5700000e+03   4.1757014e+05
   1.5696825e+03   4.1700000e+05
   1.5691261e+03   4.1600000e+05
   1.5685662e+03   4.1500000e+05
   1.5680050e+03   4.1400000e+05
   1.5674428e+03   4.1300000e+05
   1.5668769e+03   4.1200000e+05
   1.5663130e+03   4.1100000e+05
   1.5657399e+03   4.1000000e+05
   1.5651752e+03   4.0900000e+05
   1.5646108e+03   4.0800000e+05
   1.5640463e+03   4.0700000e+05
   1.5634801e+03   4.0600000e+05
   1.5629075e+03   4.0500000e+05
   1.5623325e+03   4.0400000e+05
   1.5617713e+03   4.0300000e+05
   1.5611946e+03   4.0200000e+05
   1.5606172e+03   4.0100000e+05
   1.5600378e+03   4.0000000e+05
   1.5600000e+03   3.9993304e+05
   1.5594773e+03   3.9900000e+05
   1.5589118e+03   3.9800000e+05
   1.5583484e+03   3.9700000e+05
   1.5577835e+03   3.9600000e+05
   1.5572132e+03   3.9500000e+05
   1.5566462e+03   3.9400000e+05
   1.5560776e+03   3.9300000e+05
   1.5555049e+03   3.9200000e+05
   1.5549058e+03   3.9100000e+05
   1.5543154e+03   3.9000000e+05
   1.5537404e+03   3.8900000e+05
   1.5531695e+03   3.8800000e+05
   1.5525419e+03   3.8700000e+05
   1.5519561e+03   3.8600000e+05
   1.5513763e+03   3.8500000e+05
   1.5508020e+03   3.8400000e+05
   1.5502112e+03   3.8300000e+05
   1.5500000e+03   3.8264043e+05
   1.5496276e+03   3.8200000e+05
   1.5490433e+03   3.8100000e+05
   1.5484739e+03   3.8000000e+05
   1.5479035e+03   3.7900000e+05
   1.5473103e+03   3.7800000e+05
   1.5467360e+03   3.7700000e+05
   1.5461803e+03   3.7600000e+05
   1.5456058e+03   3.7500000e+05
   1.5450279e+03   3.7400000e+05
   1.5444103e+03   3.7300000e+05
   1.5438224e+03   3.7200000e+05
   1.5432427e+03   3.7100000e+05
   1.5426393e+03   3.7000000e+05
   1.5420878e+03   3.6900000e+05
   1.5414956e+03   3.6800000e+05
   1.5408661e+03   3.6700000e+05
   1.5402649e+03   3.6600000e+05
   1.5400000e+03   3.6554873e+05
   1.5396819e+03   3.6500000e+05
   1.5391058e+03   3.6400000e+05
   1.5385382e+03   3.6300000e+05
   1.5379423e+03   3.6200000e+05
   1.5373536e+03   3.6100000e+05
   1.5367680e+03   3.6000000e+05
   1.5361731e+03   3.5900000e+05
   1.5355793e+03   3.5800000e+05
   1.5349907e+03   3.5700000e+05
   1.5343813e+03   3.5600000e+05
   1.5337895e+03   3.5500000e+05
   1.5331824e+03   3.5400000e+05
   1.5325966e+03   3.5300000e+05
   1.5319946e+03   3.5200000e+05
   1.5313897e+03   3.5100000e+05
   1.5307948e+03   3.5000000e+05
   1.5301945e+03   3.4900000e+05
   1.5300000e+03   3.4866098e+05
   1.5296213e+03   3.4800000e+05
   1.5290440e+03   3.4700000e+05
   1.5283927e+03   3.4600000e+05
   1.5278049e+03   3.4500000e+05
   1.5272164e+03   3.4400000e+05
   1.5267309e+03   3.4300000e+05
   1.5260764e+03   3.4200000e+05
   1.5255657e+03   3.4100000e+05
   1.5248860e+03   3.4000000e+05
   1.5242064e+03   3.3900000e+05
   1.5236215e+03   3.3800000e+05
   1.5230533e+03   3.3700000e+05
   1.5225280e+03   3.3600000e+05
   1.5219726e+03   3.3500000e+05
   1.5214301e+03   3.3400000e+05
   1.5209352e+03   3.3300000e+05
   1.5203921e+03   3.3200000e+05
   1.5200000e+03   3.3127517e+05
   1.5198525e+03   3.3100000e+05
   1.5193369e+03   3.3000000e+05
   1.5188480e+03   3.2900000e+05
   1.5182796e+03   3.2800000e+05
   1.5177418e+03   3.2700000e+05
   1.5172343e+03   3.2600000e+05
   1.5166547e+03   3.2500000e+05
   1.5161354e+03   3.2400000e+05
   1.5156000e+03   3.2300000e+05
   1.5150275e+03   3.2200000e+05
   1.5145222e+03   3.2100000e+05
   1.5139560e+03   3.2000000e+05
   1.5134103e+03   3.1900000e+05
   1.5128919e+03   3.1800000e+05
   1.5123136e+03   3.1700000e+05
   1.5117891e+03   3.1600000e+05
   1.5112433e+03   3.1500000e+05
   1.5106502e+03   3.1400000e+05
   1.5101235e+03   3.1300000e+05
   1.5100000e+03   3.1277754e+05
   1.5095703e+03   3.1200000e+05
   1.5090024e+03   3.1100000e+05
   1.5084788e+03   3.1000000e+05
   1.5079598e+03   3.0900000e+05
   1.5073840e+03   3.0800000e+05
   1.5067958e+03   3.0700000e+05
   1.5062104e+03   3.0600000e+05
   1.5056770e+03   3.0500000e+05
   1.5051195e+03   3.0400000e+05
   1.5045736e+03   3.0300000e+05
   1.5040350e+03   3.0200000e+05
   1.5034764e+03   3.0100000e+05
   1.5028891e+03   3.0000000e+05
   1.5023109e+03   2.9900000e+05
   1.5017898e+03   2.9800000e+05
   1.5012250e+03   2.9700000e+05
   1.5006598e+03   2.9600000e+05
   1.5000763e+03   2.9500000e+05
   1.5000000e+03   2.9486555e+05
   1.4995123e+03   2.9400000e+05
   1.4989370e+03   2.9300000e+05
   1.4983477e+03   2.9200000e+05
   1.4977594e+03   2.9100000e+05
   1.4972158e+03   2.9000000e+05
   1.4966817e+03   2.8900000e+05
   1.4960970e+03   2.8800000e+05
   1.4954946e+03   2.8700000e+05
   1.4949250e+03   2.8600000e+05
   1.4943496e+03   2.8500000e+05
   1.4937670e+03   2.8400000e+05
   1.4931693e+03   2.8300000e+05
   1.4926054e+03   2.8200000e+05
   1.4920033e+03   2.8100000e+05
   1.4914184e+03   2.8000000e+05
   1.4908462e+03   2.7900000e+05
   1.4902264e+03   2.7800000e+05
   1.4900000e+03   2.7759789e+05
   1.4896667e+03   2.7700000e+05
   1.4891211e+03   2.7600000e+05
   1.4885237e+03   2.7500000e+05
   1.4879409e+03   2.7400000e+05
   1.4873714e+03   2.7300000e+05
   1.4867924e+03   2.7200000e+05
   1.4861616e+03   2.7100000e+05
   1.4855777e+03   2.7000000e+05
   1.4800000e+03   2.6963939e+05
   1.4760339e+03   2.6900000e+05
   1.4700000e+03   2.6805306e+05
   1.4691370e+03   2.6800000e+05
   1.4685513e+03   2.6700000e+05
   1.4679971e+03   2.6600000e+05
   1.4674231e+03   2.6500000e+05
   1.4668404e+03   2.6400000e+05
   1.4662588e+03   2.6300000e+05
   1.4656845e+03   2.6200000e+05
   1.4650959e+03   2.6100000e+05
   1.4645104e+03   2.6000000e+05
   1.4639287e+03   2.5900000e+05
   1.4633325e+03   2.5800000e+05
   1.4627175e+03   2.5700000e+05
   1.4621070e+03   2.5600000e+05
   1.4614953e+03   2.5500000e+05
   1.4608851e+03   2.5400000e+05
   1.4602687e+03   2.5300000e+05
   1.4600000e+03   2.5256897e+05
   1.4596471e+03   2.5200000e+05
   1.4590219e+03   2.5100000e+05
   1.4583567e+03   2.5000000e+05
   1.4576992e+03   2.4900000e+05
   1.4570552e+03   2.4800000e+05
   1.4563833e+03   2.4700000e+05
   1.4557212e+03   2.4600000e+05
   1.4550426e+03   2.4500000e+05
   1.4543580e+03   2.4400000e+05
   1.4536402e+03   2.4300000e+05
   1.4529403e+03   2.4200000e+05
   1.4522277e+03   2.4100000e+05
   1.4514758e+03   2.4000000e+05
   1.4571106e+03   2.3900000e+05
   1.4600000e+03   2.3857002e+05
   1.4700000e+03   2.3811404e+05
   1.4725458e+03   2.3800000e+05
   1.4718568e+03   2.3700000e+05
   1.4711496e+03   2.3600000e+05
   1.4700000e+03   2.3580076e+05
   1.4669888e+03   2.3500000e+05
   1.4603711e+03   2.3400000e+05
   1.4600000e+03   2.3344505e+05
   1.4597042e+03   2.3300000e+05
   1.4590524e+03   2.3200000e+05
   1.4583856e+03   2.3100000e+05
   1.4577123e+03   2.3000000e+05
   1.4570416e+03   2.2900000e+05
   1.4563642e+03   2.2800000e+05
   1.4556738e+03   2.2700000e+05
   1.4549786e+03   2.2600000e+05
   1.4542891e+03   2.2500000e+05
   1.4535866e+03   2.2400000e+05
   1.4528560e+03   2.2300000e+05
   1.4521528e+03   2.2200000e+05
   1.4514166e+03   2.2100000e+05
   1.4506417e+03   2.2000000e+05
   1.4500619e+03   2.1900000e+05
   1.4500000e+03   2.1891933e+05
   1.4492919e+03   2.1800000e+05
   1.4485935e+03   2.1700000e+05
   1.4478868e+03   2.1600000e+05
   1.4471667e+03   2.1500000e+05
   1.4464575e+03   2.1400000e+05
   1.4457301e+03   2.1300000e+05
   1.4449803e+03   2.1200000e+05
   1.4442511e+03   2.1100000e+05
   1.4434976e+03   2.1000000e+05
   1.4427431e+03   2.0900000e+05
   1.4419557e+03   2.0800000e+05
   1.4411907e+03   2.0700000e+05
   1.4404125e+03   2.0600000e+05
   1.4400000e+03   2.0548787e+05
   1.4396104e+03   2.0500000e+05
   1.4387986e+03   2.0400000e+05
   1.4379734e+03   2.0300000e+05
   1.4371333e+03   2.0200000e+05
   1.4362801e+03   2.0100000e+05
   1.4354151e+03   2.0000000e+05
   1.4345286e+03   1.9900000e+05
   1.4336197e+03   1.9800000e+05
   1.4326913e+03   1.9700000e+05
   1.4317486e+03   1.9600000e+05
   1.4307634e+03   1.9500000e+05
   1.4300000e+03   1.9424699e+05
   1.4297510e+03   1.9400000e+05
   1.4287167e+03   1.9300000e+05
   1.4276714e+03   1.9200000e+05
   1.4265626e+03   1.9100000e+05
   1.4254110e+03   1.9000000e+05
   1.4241727e+03   1.8900000e+05
   1.4229862e+03   1.8800000e+05
   1.4216902e+03   1.8700000e+05
   1.4202339e+03   1.8600000e+05
   1.4200000e+03   1.8575604e+05
   1.4192643e+03   1.8500000e+05
   1.4177027e+03   1.8400000e+05
   1.4164362e+03   1.8300000e+05
   1.4151336e+03   1.8200000e+05
   1.4138218e+03   1.8100000e+05
   1.4123982e+03   1.8000000e+05
   1.4110908e+03   1.7900000e+05
   1.4100000e+03   1.7820410e+05
   1.4097204e+03   1.7800000e+05
   1.4082707e+03   1.7700000e+05
   1.4067961e+03   1.7600000e+05
   1.4052751e+03   1.7500000e+05
   1.4037338e+03   1.7400000e+05
   1.4021858e+03   1.7300000e+05
   1.4005760e+03   1.7200000e+05
   1.4000000e+03   1.7165492e+05
   1.3988991e+03   1.7100000e+05
   1.3971706e+03   1.7000000e+05
   1.3954781e+03   1.6900000e+05
   1.3937711e+03   1.6800000e+05
   1.3917275e+03   1.6700000e+05
   1.3901080e+03   1.6600000e+05
   1.3900000e+03   1.6593468e+05
   1.3884039e+03   1.6500000e+05
   1.3867263e+03   1.6400000e+05
   1.3842610e+03   1.6300000e+05
   1.3803402e+03   1.6200000e+05
   1.3800000e+03   1.6194514e+05
   1.3760793e+03   1.6100000e+05
   1.3721126e+03   1.6000000e+05
   1.3700000e+03   1.5943699e+05
   1.3683278e+03   1.5900000e+05
   1.3646356e+03   1.5800000e+05
   1.3611405e+03   1.5700000e+05
   1.3600000e+03   1.5666732e+05
   1.3576676e+03   1.5600000e+05
   1.3548807e+03   1.5500000e+05
   1.3518938e+03   1.5400000e+05
   1.3500000e+03   1.5303732e+05
   1.3499188e+03   1.5300000e+05
   1.3486567e+03   1.5200000e+05
   1.3480345e+03   1.5100000e+05
   1.3472862e+03   1.5000000e+05
   1.3471194e+03   1.4900000e+05
   1.3476672e+03   1.4800000e+05
   1.3477100e+03   1.4700000e+05
   1.3477460e+03   1.4600000e+05
   1.3477590e+03   1.4500000e+05
   1.3476788e+03   1.4400000e+05
   1.3475461e+03   1.4300000e+05
   1.3473876e+03   1.4200000e+05
   1.3471857e+03   1.4100000e+05
   1.3469342e+03   1.4000000e+05
   1.3466425e+03   1.3900000e+05
   1.3463327e+03   1.3800000e+05
   1.3459813e+03   1.3700000e+05
   1.3456056e+03   1.3600000e+05
   1.3452005e+03   1.3500000e+05
   1.3447839e+03   1.3400000e+05
   1.3443443e+03   1.3300000e+05
   1.3438822e+03   1.3200000e+05
   1.3433994e+03   1.3100000e+05
   1.3428992e+03   1.3000000e+05
   1.3423933e+03   1.2900000e+05
   1.3418690e+03   1.2800000e+05
   1.3413406e+03   1.2700000e+05
   1.3405963e+03   1.2600000e+05
   1.3400000e+03   1.2593254e+05
   1.3312248e+03   1.2500000e+05
   1.3300000e+03   1.2483006e+05
   1.3248788e+03   1.2400000e+05
   1.3200000e+03   1.2329742e+05
   1.3174576e+03   1.2300000e+05
   1.3122579e+03   1.2200000e+05
   1.3115348e+03   1.2100000e+05
   1.3109874e+03   1.2000000e+05
   1.3104302e+03   1.1900000e+05
   1.3100000e+03   1.1832198e+05
   1.3097966e+03   1.1800000e+05
   1.3091540e+03   1.1700000e+05
   1.3085288e+03   1.1600000e+05
   1.3079086e+03   1.1500000e+05
   1.3072762e+03   1.1400000e+05
   1.3066390e+03   1.1300000e+05
   1.3059950e+03   1.1200000e+05
   1.3053472e+03   1.1100000e+05
   1.3046911e+03   1.1000000e+05
   1.3040274e+03   1.0900000e+05
   1.3033621e+03   1.0800000e+05
   1.3026856e+03   1.0700000e+05
   1.3020011e+03   1.0600000e+05
   1.3013135e+03   1.0500000e+05
   1.3006102e+03   1.0400000e+05
   1.3000000e+03   1.0313851e+05
   1.2999027e+03   1.0300000e+05
   1.2992042e+03   1.0200000e+05
   1.2985025e+03   1.0100000e+05
   1.2977880e+03   1.0000000e+05
   1.2970687e+03   9.9000000e+04
   1.2963507e+03   9.8000000e+04
   1.2956212e+03   9.7000000e+04
   1.2948866e+03   9.6000000e+04
   1.2941506e+03   9.5000000e+04
   1.2934168e+03   9.4000000e+04
   1.2926702e+03   9.3000000e+04
   1.2919131e+03   9.2000000e+04
   1.2911575e+03   9.1000000e+04
   1.2903998e+03   9.0000000e+04
   1.2900000e+03   8.9480556e+04
   1.2896325e+03   8.9000000e+04
   1.2888614e+03   8.8000000e+04
   1.2880936e+03   8.7000000e+04
   1.2873289e+03   8.6000000e+04
   1.2865488e+03   8.5000000e+04
   1.2857592e+03   8.4000000e+04
   1.2849666e+03   8.3000000e+04
   1.2841963e+03   8.2000000e+04
   1.2833917e+03   8.1000000e+04
   1.2825838e+03   8.0000000e+04
   1.2817729e+03   7.9000000e+04
   1.2809574e+03   7.8000000e+04
   1.2800981e+03   7.7000000e+04
   1.2800000e+03   7.6965192e+04
   1.2765482e+03   7.6000000e+04
   1.2757861e+03   7.5000000e+04
   1.2750111e+03   7.4000000e+04
   1.2742397e+03   7.3000000e+04
   1.2734638e+03   7.2000000e+04
   1.2726819e+03   7.1000000e+04
   1.2718912e+03   7.0000000e+04
   1.2710976e+03   6.9000000e+04
   1.2702973e+03   6.8000000e+04
   1.2700000e+03   6.7628947e+04
   1.2694996e+03   6.7000000e+04
   1.2686920e+03   6.6000000e+04
   1.2678887e+03   6.5000000e+04
   1.2670798e+03   6.4000000e+04
   1.2662652e+03   6.3000000e+04
   1.2654485e+03   6.2000000e+04
   1.2646216e+03   6.1000000e+04
   1.2637917e+03   6.0000000e+04
   1.2629637e+03   5.9000000e+04
   1.2621164e+03   5.8000000e+04
   1.2612691e+03   5.7000000e+04
   1.2604197e+03   5.6000000e+04
   1.2600000e+03   5.5512727e+04
   1.2595617e+03   5.5000000e+04
   1.2587207e+03   5.4000000e+04
   1.2578622e+03   5.3000000e+04
   1.2569974e+03   5.2000000e+04
   1.2561006e+03   5.1000000e+04
   1.2552287e+03   5.0000000e+04
   1.2543480e+03   4.9000000e+04
   1.2534637e+03   4.8000000e+04
   1.2525744e+03   4.7000000e+04
   1.2516751e+03   4.6000000e+04
   1.2507559e+03   4.5000000e+04
   1.2500000e+03   4.4173077e+04
   1.2498432e+03   4.4000000e+04
   1.2489323e+03   4.3000000e+04
   1.2480253e+03   4.2000000e+04
   1.2470837e+03   4.1000000e+04
   1.2461471e+03   4.0000000e+04
   1.2451972e+03   3.9000000e+04
   1.2442503e+03   3.8000000e+04
   1.2432711e+03   3.7000000e+04
   1.2422884e+03   3.6000000e+04
   1.2413326e+03   3.5000000e+04
   1.2403506e+03   3.4000000e+04
   1.2400000e+03   3.3644560e+04
   1.2393688e+03   3.3000000e+04
   1.2383674e+03   3.2000000e+04
   1.2373693e+03   3.1000000e+04
   1.2363492e+03   3.0000000e+04
   1.2353180e+03   2.9000000e+04
   1.2342758e+03   2.8000000e+04
   1.2332155e+03   2.7000000e+04
   1.2321407e+03   2.6000000e+04
   1.2310573e+03   2.5000000e+04
   1.2300000e+03   2.4032318e+04
   1.2299650e+03   2.4000000e+04
   1.2288549e+03   2.3000000e+04
   1.2277204e+03   2.2000000e+04
   1.2265585e+03   2.1000000e+04
   1.2253731e+03   2.0000000e+04
   1.2241699e+03   1.9000000e+04
   1.2229163e+03   1.8000000e+04
   1.2216404e+03   1.7000000e+04
   1.2203218e+03   1.6000000e+04
   1.2200000e+03   1.5764834e+04
   1.2189620e+03   1.5000000e+04
   1.2174898e+03   1.4000000e+04
   1.2159345e+03   1.3000000e+04
   1.2101716e+03   1.2000000e+04
   1.2100000e+03   1.1852596e+04
   1.2090079e+03   1.1000000e+04
   1.2078979e+03   1.0000000e+04
   1.2067855e+03   9.0000000e+03
   1.2065256e+03   8.0000000e+03
   1.2060466e+03   7.0000000e+03
   1.2053675e+03   6.0000000e+03
   1.2046185e+03   5.0000000e+03
   1.2037498e+03   4.0000000e+03
   1.2028631e+03   3.0000000e+03
   1.2019447e+03   2.0000000e+03
   1.2009986e+03   1.0000000e+03
   1.2000000e+03   0.0000000e+00
   1.2000000e+03   0.0000000e+00
