   8.5849304e+02   1.3500000e+06
   8.5830975e+02   1.3490000e+06
   8.5812698e+02   1.3480000e+06
   8.5794543e+02   1.3470000e+06
   8.5776380e+02   1.3460000e+06
   8.5758389e+02   1.3450000e+06
   8.5739967e+02   1.3440000e+06
   8.5721611e+02   1.3430000e+06
   8.5703094e+02   1.3420000e+06
   8.5684710e+02   1.3410000e+06
   8.5666297e+02   1.3400000e+06
   8.5647906e+02   1.3390000e+06
   8.5629583e+02   1.3380000e+06
   8.5611208e+02   1.3370000e+06
   8.5592478e+02   1.3360000e+06
   8.5574042e+02   1.3350000e+06
   8.5555556e+02   1.3340000e+06
   8.5537024e+02   1.3330000e+06
   8.5518454e+02   1.3320000e+06
   8.5500000e+02   1.3310000e+06
   8.5481587e+02   1.3300000e+06
   8.5463214e+02   1.3290000e+06
   8.5444814e+02   1.3280000e+06
   8.5426457e+02   1.3270000e+06
   8.5407976e+02   1.3260000e+06
   8.5389667e+02   1.3250000e+06
   8.5371232e+02   1.3240000e+06
   8.5352769e+02   1.3230000e+06
   8.5334283e+02   1.3220000e+06
   8.5315823e+02   1.3210000e+06
   8.5297310e+02   1.3200000e+06
   8.5278820e+02   1.3190000e+06
   8.5260305e+02   1.3180000e+06
   8.5241791e+02   1.3170000e+06
   8.5223259e+02   1.3160000e+06
   8.5204698e+02   1.3150000e+06
   8.5186161e+02   1.3140000e+06
   8.5167602e+02   1.3130000e+06
   8.5149158e+02   1.3120000e+06
   8.5130593e+02   1.3110000e+06
   8.5112086e+02   1.3100000e+06
   8.5093503e+02   1.3090000e+06
   8.5074996e+02   1.3080000e+06
   8.5056416e+02   1.3070000e+06
   8.5037924e+02   1.3060000e+06
   8.5018968e+02   1.3050000e+06
   8.5000632e+02   1.3040000e+06
   8.5000000e+02   1.3039662e+06
   8.4982062e+02   1.3030000e+06
   8.4963503e+02   1.3020000e+06
   8.4944945e+02   1.3010000e+06
   8.4926378e+02   1.3000000e+06
   8.4908329e+02   1.2990000e+06
   8.4889350e+02   1.2980000e+06
   8.4870869e+02   1.2970000e+06
   8.4852322e+02   1.2960000e+06
   8.4833842e+02   1.2950000e+06
   8.4815363e+02   1.2940000e+06
   8.4796634e+02   1.2930000e+06
   8.4778326e+02   1.2920000e+06
   8.4759768e+02   1.2910000e+06
   8.4741153e+02   1.2900000e+06
   8.4722596e+02   1.2890000e+06
   8.4704040e+02   1.2880000e+06
   8.4685484e+02   1.2870000e+06
   8.4666875e+02   1.2860000e+06
   8.4648348e+02   1.2850000e+06
   8.4629824e+02   1.2840000e+06
   8.4611302e+02   1.2830000e+06
   8.4592738e+02   1.2820000e+06
   8.4574157e+02   1.2810000e+06
   8.4555729e+02   1.2800000e+06
   8.4536975e+02   1.2790000e+06
   8.4518350e+02   1.2780000e+06
   8.4499687e+02   1.2770000e+06
   8.4481064e+02   1.2760000e+06
   8.4462405e+02   1.2750000e+06
   8.4443784e+02   1.2740000e+06
   8.4425084e+02   1.2730000e+06
   8.4406367e+02   1.2720000e+06
   8.4387498e+02   1.2710000e+06
   8.4368820e+02   1.2700000e+06
   8.4350121e+02   1.2690000e+06
   8.4331457e+02   1.2680000e+06
   8.4312798e+02   1.2670000e+06
   8.4294191e+02   1.2660000e+06
   8.4275641e+02   1.2650000e+06
   8.4257114e+02   1.2640000e+06
   8.4238508e+02   1.2630000e+06
   8.4219920e+02   1.2620000e+06
   8.4201376e+02   1.2610000e+06
   8.4182614e+02   1.2600000e+06
   8.4163787e+02   1.2590000e+06
   8.4145091e+02   1.2580000e+06
   8.4126261e+02   1.2570000e+06
   8.4107489e+02   1.2560000e+06
   8.4088656e+02   1.2550000e+06
   8.4069904e+02   1.2540000e+06
   8.4051134e+02   1.2530000e+06
   8.4032447e+02   1.2520000e+06
   8.4013760e+02   1.2510000e+06
   8.4000000e+02   1.2502636e+06
   8.3995154e+02   1.2500000e+06
   8.3976771e+02   1.2490000e+06
   8.3958388e+02   1.2480000e+06
   8.3939860e+02   1.2470000e+06
   8.3921403e+02   1.2460000e+06
   8.3902807e+02   1.2450000e+06
   8.3884343e+02   1.2440000e+06
   8.3865821e+02   1.2430000e+06
   8.3848831e+02   1.2420000e+06
   8.3830317e+02   1.2410000e+06
   8.3814214e+02   1.2400000e+06
   8.3793393e+02   1.2390000e+06
   8.3777889e+02   1.2380000e+06
   8.3763959e+02   1.2370000e+06
   8.3747871e+02   1.2360000e+06
   8.3731195e+02   1.2350000e+06
   8.3712627e+02   1.2340000e+06
   8.3694041e+02   1.2330000e+06
   8.3675457e+02   1.2320000e+06
   8.3656798e+02   1.2310000e+06
   8.3638216e+02   1.2300000e+06
   8.3619619e+02   1.2290000e+06
   8.3601138e+02   1.2280000e+06
   8.3582641e+02   1.2270000e+06
   8.3564028e+02   1.2260000e+06
   8.3545573e+02   1.2250000e+06
   8.3527052e+02   1.2240000e+06
   8.3508607e+02   1.2230000e+06
   8.3490009e+02   1.2220000e+06
   8.3471415e+02   1.2210000e+06
   8.3452750e+02   1.2200000e+06
   8.3433994e+02   1.2190000e+06
   8.3415431e+02   1.2180000e+06
   8.3396803e+02   1.2170000e+06
   8.3378333e+02   1.2160000e+06
   8.3359634e+02   1.2150000e+06
   8.3341042e+02   1.2140000e+06
   8.3322449e+02   1.2130000e+06
   8.3303887e+02   1.2120000e+06
   8.3285253e+02   1.2110000e+06
   8.3266385e+02   1.2100000e+06
   8.3248061e+02   1.2090000e+06
   8.3229440e+02   1.2080000e+06
   8.3210765e+02   1.2070000e+06
   8.3192092e+02   1.2060000e+06
   8.3173309e+02   1.2050000e+06
   8.3154638e+02   1.2040000e+06
   8.3135969e+02   1.2030000e+06
   8.3117313e+02   1.2020000e+06
   8.3099343e+02   1.2010000e+06
   8.3080557e+02   1.2000000e+06
   8.3061838e+02   1.1990000e+06
   8.3043055e+02   1.1980000e+06
   8.3024194e+02   1.1970000e+06
   8.3005334e+02   1.1960000e+06
   8.3000000e+02   1.1957160e+06
   8.2986670e+02   1.1950000e+06
   8.2967979e+02   1.1940000e+06
   8.2949364e+02   1.1930000e+06
   8.2930673e+02   1.1920000e+06
   8.2911994e+02   1.1910000e+06
   8.2893298e+02   1.1900000e+06
   8.2874627e+02   1.1890000e+06
   8.2856016e+02   1.1880000e+06
   8.2837277e+02   1.1870000e+06
   8.2818405e+02   1.1860000e+06
   8.2799801e+02   1.1850000e+06
   8.2781154e+02   1.1840000e+06
   8.2762535e+02   1.1830000e+06
   8.2743876e+02   1.1820000e+06
   8.2725220e+02   1.1810000e+06
   8.2706459e+02   1.1800000e+06
   8.2687811e+02   1.1790000e+06
   8.2669192e+02   1.1780000e+06
   8.2650421e+02   1.1770000e+06
   8.2631599e+02   1.1760000e+06
   8.2612807e+02   1.1750000e+06
   8.2593987e+02   1.1740000e+06
   8.2575210e+02   1.1730000e+06
   8.2556346e+02   1.1720000e+06
   8.2537561e+02   1.1710000e+06
   8.2518742e+02   1.1700000e+06
   8.2499962e+02   1.1690000e+06
   8.2481181e+02   1.1680000e+06
   8.2462362e+02   1.1670000e+06
   8.2443552e+02   1.1660000e+06
   8.2424748e+02   1.1650000e+06
   8.2405966e+02   1.1640000e+06
   8.2387151e+02   1.1630000e+06
   8.2368357e+02   1.1620000e+06
   8.2349518e+02   1.1610000e+06
   8.2330683e+02   1.1600000e+06
   8.2311874e+02   1.1590000e+06
   8.2293097e+02   1.1580000e+06
   8.2274215e+02   1.1570000e+06
   8.2255313e+02   1.1560000e+06
   8.2236432e+02   1.1550000e+06
   8.2217534e+02   1.1540000e+06
   8.2198640e+02   1.1530000e+06
   8.2179824e+02   1.1520000e+06
   8.2160884e+02   1.1510000e+06
   8.2141995e+02   1.1500000e+06
   8.2123109e+02   1.1490000e+06
   8.2104210e+02   1.1480000e+06
   8.2085332e+02   1.1470000e+06
   8.2066463e+02   1.1460000e+06
   8.2047514e+02   1.1450000e+06
   8.2028643e+02   1.1440000e+06
   8.2009701e+02   1.1430000e+06
   8.2000000e+02   1.1424879e+06
   8.1990842e+02   1.1420000e+06
   8.1972073e+02   1.1410000e+06
   8.1953307e+02   1.1400000e+06
   8.1934544e+02   1.1390000e+06
   8.1915778e+02   1.1380000e+06
   8.1896943e+02   1.1370000e+06
   8.1878187e+02   1.1360000e+06
   8.1859358e+02   1.1350000e+06
   8.1840596e+02   1.1340000e+06
   8.1821710e+02   1.1330000e+06
   8.1802950e+02   1.1320000e+06
   8.1784131e+02   1.1310000e+06
   8.1765298e+02   1.1300000e+06
   8.1746427e+02   1.1290000e+06
   8.1727616e+02   1.1280000e+06
   8.1708680e+02   1.1270000e+06
   8.1689905e+02   1.1260000e+06
   8.1671027e+02   1.1250000e+06
   8.1652151e+02   1.1240000e+06
   8.1633278e+02   1.1230000e+06
   8.1614408e+02   1.1220000e+06
   8.1595540e+02   1.1210000e+06
   8.1576600e+02   1.1200000e+06
   8.1557705e+02   1.1190000e+06
   8.1538770e+02   1.1180000e+06
   8.1519837e+02   1.1170000e+06
   8.1500945e+02   1.1160000e+06
   8.1482016e+02   1.1150000e+06
   8.1463015e+02   1.1140000e+06
   8.1444125e+02   1.1130000e+06
   8.1425172e+02   1.1120000e+06
   8.1406224e+02   1.1110000e+06
   8.1387265e+02   1.1100000e+06
   8.1368326e+02   1.1090000e+06
   8.1349290e+02   1.1080000e+06
   8.1330388e+02   1.1070000e+06
   8.1311334e+02   1.1060000e+06
   8.1292283e+02   1.1050000e+06
   8.1273256e+02   1.1040000e+06
   8.1254265e+02   1.1030000e+06
   8.1235281e+02   1.1020000e+06
   8.1216200e+02   1.1010000e+06
   8.1197086e+02   1.1000000e+06
   8.1178051e+02   1.0990000e+06
   8.1158955e+02   1.0980000e+06
   8.1139860e+02   1.0970000e+06
   8.1120764e+02   1.0960000e+06
   8.1101554e+02   1.0950000e+06
   8.1082560e+02   1.0940000e+06
   8.1063316e+02   1.0930000e+06
   8.1044213e+02   1.0920000e+06
   8.1025047e+02   1.0910000e+06
   8.1005959e+02   1.0900000e+06
   8.1000000e+02   1.0896877e+06
   8.0986996e+02   1.0890000e+06
   8.0968014e+02   1.0880000e+06
   8.0949182e+02   1.0870000e+06
   8.0930210e+02   1.0860000e+06
   8.0911224e+02   1.0850000e+06
   8.0892259e+02   1.0840000e+06
   8.0873291e+02   1.0830000e+06
   8.0854262e+02   1.0820000e+06
   8.0835288e+02   1.0810000e+06
   8.0816240e+02   1.0800000e+06
   8.0797132e+02   1.0790000e+06
   8.0778101e+02   1.0780000e+06
   8.0758999e+02   1.0770000e+06
   8.0739900e+02   1.0760000e+06
   8.0720803e+02   1.0750000e+06
   8.0701732e+02   1.0740000e+06
   8.0682666e+02   1.0730000e+06
   8.0663506e+02   1.0720000e+06
   8.0644398e+02   1.0710000e+06
   8.0625317e+02   1.0700000e+06
   8.0606239e+02   1.0690000e+06
   8.0587046e+02   1.0680000e+06
   8.0567910e+02   1.0670000e+06
   8.0548832e+02   1.0660000e+06
   8.0529697e+02   1.0650000e+06
   8.0510557e+02   1.0640000e+06
   8.0491383e+02   1.0630000e+06
   8.0472172e+02   1.0620000e+06
   8.0452965e+02   1.0610000e+06
   8.0433761e+02   1.0600000e+06
   8.0414516e+02   1.0590000e+06
   8.0395316e+02   1.0580000e+06
   8.0376072e+02   1.0570000e+06
   8.0356898e+02   1.0560000e+06
   8.0337781e+02   1.0550000e+06
   8.0318626e+02   1.0540000e+06
   8.0299038e+02   1.0530000e+06
   8.0279890e+02   1.0520000e+06
   8.0260730e+02   1.0510000e+06
   8.0241091e+02   1.0500000e+06
   8.0222057e+02   1.0490000e+06
   8.0202564e+02   1.0480000e+06
   8.0183566e+02   1.0470000e+06
   8.0164134e+02   1.0460000e+06
   8.0144635e+02   1.0450000e+06
   8.0125130e+02   1.0440000e+06
   8.0105738e+02   1.0430000e+06
   8.0086351e+02   1.0420000e+06
   8.0066970e+02   1.0410000e+06
   8.0047307e+02   1.0400000e+06
   8.0027861e+02   1.0390000e+06
   8.0008492e+02   1.0380000e+06
   8.0000000e+02   1.0375649e+06
   7.9989080e+02   1.0370000e+06
   7.9969827e+02   1.0360000e+06
   7.9950502e+02   1.0350000e+06
   7.9931454e+02   1.0340000e+06
   7.9912123e+02   1.0330000e+06
   7.9892791e+02   1.0320000e+06
   7.9873478e+02   1.0310000e+06
   7.9854150e+02   1.0300000e+06
   7.9834883e+02   1.0290000e+06
   7.9815205e+02   1.0280000e+06
   7.9795900e+02   1.0270000e+06
   7.9776631e+02   1.0260000e+06
   7.9757410e+02   1.0250000e+06
   7.9737944e+02   1.0240000e+06
   7.9718614e+02   1.0230000e+06
   7.9698792e+02   1.0220000e+06
   7.9679564e+02   1.0210000e+06
   7.9660156e+02   1.0200000e+06
   7.9640920e+02   1.0190000e+06
   7.9613735e+02   1.0180000e+06
   7.9581086e+02   1.0170000e+06
   7.9552905e+02   1.0160000e+06
   7.9532293e+02   1.0150000e+06
   7.9489724e+02   1.0140000e+06
   7.9457802e+02   1.0130000e+06
   7.9421723e+02   1.0120000e+06
   7.9387298e+02   1.0110000e+06
   7.9350474e+02   1.0100000e+06
   7.9309156e+02   1.0090000e+06
   7.9272519e+02   1.0080000e+06
   7.9233951e+02   1.0070000e+06
   7.9200659e+02   1.0060000e+06
   7.9158354e+02   1.0050000e+06
   7.9112197e+02   1.0040000e+06
   7.9064859e+02   1.0030000e+06
   7.9017811e+02   1.0020000e+06
   7.9000000e+02   1.0016062e+06
   7.8972326e+02   1.0010000e+06
   7.8925929e+02   1.0000000e+06
   7.8879010e+02   9.9900000e+05
   7.8820497e+02   9.9800000e+05
   7.8746187e+02   9.9700000e+05
   7.8684247e+02   9.9600000e+05
   7.8624237e+02   9.9500000e+05
   7.8568150e+02   9.9400000e+05
   7.8473896e+02   9.9300000e+05
   7.8436590e+02   9.9200000e+05
   7.8358693e+02   9.9100000e+05
   7.8280966e+02   9.9000000e+05
   7.8172134e+02   9.8900000e+05
   7.8060736e+02   9.8800000e+05
   7.8042901e+02   9.8700000e+05
   7.8000000e+02   9.8635747e+05
   7.7974734e+02   9.8600000e+05
   7.7875530e+02   9.8500000e+05
   7.7782788e+02   9.8400000e+05
   7.7693560e+02   9.8300000e+05
   7.7582612e+02   9.8200000e+05
   7.7520153e+02   9.8100000e+05
   7.7498688e+02   9.8000000e+05
   7.7460473e+02   9.7900000e+05
   7.7443129e+02   9.7800000e+05
   7.7426358e+02   9.7700000e+05
   7.7409296e+02   9.7600000e+05
   7.7392455e+02   9.7500000e+05
   7.7375520e+02   9.7400000e+05
   7.7359463e+02   9.7300000e+05
   7.7342734e+02   9.7200000e+05
   7.7324849e+02   9.7100000e+05
   7.7307880e+02   9.7000000e+05
   7.7290908e+02   9.6900000e+05
   7.7273881e+02   9.6800000e+05
   7.7256866e+02   9.6700000e+05
   7.7239837e+02   9.6600000e+05
   7.7222573e+02   9.6500000e+05
   7.7205477e+02   9.6400000e+05
   7.7188445e+02   9.6300000e+05
   7.7171361e+02   9.6200000e+05
   7.7154282e+02   9.6100000e+05
   7.7137190e+02   9.6000000e+05
   7.7120221e+02   9.5900000e+05
   7.7103243e+02   9.5800000e+05
   7.7086269e+02   9.5700000e+05
   7.7069230e+02   9.5600000e+05
   7.7052352e+02   9.5500000e+05
   7.7035149e+02   9.5400000e+05
   7.7018039e+02   9.5300000e+05
   7.7000787e+02   9.5200000e+05
   7.7000000e+02   9.5195397e+05
   7.6983824e+02   9.5100000e+05
   7.6966804e+02   9.5000000e+05
   7.6949847e+02   9.4900000e+05
   7.6932823e+02   9.4800000e+05
   7.6915739e+02   9.4700000e+05
   7.6898723e+02   9.4600000e+05
   7.6881631e+02   9.4500000e+05
   7.6864449e+02   9.4400000e+05
   7.6847376e+02   9.4300000e+05
   7.6830237e+02   9.4200000e+05
   7.6813174e+02   9.4100000e+05
   7.6796115e+02   9.4000000e+05
   7.6778999e+02   9.3900000e+05
   7.6761979e+02   9.3800000e+05
   7.6744913e+02   9.3700000e+05
   7.6727846e+02   9.3600000e+05
   7.6710661e+02   9.3500000e+05
   7.6693480e+02   9.3400000e+05
   7.6676233e+02   9.3300000e+05
   7.6658967e+02   9.3200000e+05
   7.6641627e+02   9.3100000e+05
   7.6624389e+02   9.3000000e+05
   7.6607199e+02   9.2900000e+05
   7.6589994e+02   9.2800000e+05
   7.6572785e+02   9.2700000e+05
   7.6555823e+02   9.2600000e+05
   7.6538413e+02   9.2500000e+05
   7.6521210e+02   9.2400000e+05
   7.6503933e+02   9.2300000e+05
   7.6486651e+02   9.2200000e+05
   7.6469305e+02   9.2100000e+05
   7.6452189e+02   9.2000000e+05
   7.6434764e+02   9.1900000e+05
   7.6417227e+02   9.1800000e+05
   7.6399887e+02   9.1700000e+05
   7.6382534e+02   9.1600000e+05
   7.6365188e+02   9.1500000e+05
   7.6347684e+02   9.1400000e+05
   7.6330454e+02   9.1300000e+05
   7.6313588e+02   9.1200000e+05
   7.6296220e+02   9.1100000e+05
   7.6278796e+02   9.1000000e+05
   7.6261448e+02   9.0900000e+05
   7.6244110e+02   9.0800000e+05
   7.6225770e+02   9.0700000e+05
   7.6208275e+02   9.0600000e+05
   7.6190496e+02   9.0500000e+05
   7.6173175e+02   9.0400000e+05
   7.6155884e+02   9.0300000e+05
   7.6138548e+02   9.0200000e+05
   7.6121150e+02   9.0100000e+05
   7.6103805e+02   9.0000000e+05
   7.6086509e+02   8.9900000e+05
   7.6069109e+02   8.9800000e+05
   7.6051219e+02   8.9700000e+05
   7.6034298e+02   8.9600000e+05
   7.6016835e+02   8.9500000e+05
   7.6000000e+02   8.9404400e+05
   7.5999230e+02   8.9400000e+05
   7.5981522e+02   8.9300000e+05
   7.5964096e+02   8.9200000e+05
   7.5946739e+02   8.9100000e+05
   7.5929321e+02   8.9000000e+05
   7.5911896e+02   8.8900000e+05
   7.5894542e+02   8.8800000e+05
   7.5877178e+02   8.8700000e+05
   7.5859882e+02   8.8600000e+05
   7.5842396e+02   8.8500000e+05
   7.5824958e+02   8.8400000e+05
   7.5807614e+02   8.8300000e+05
   7.5790203e+02   8.8200000e+05
   7.5772740e+02   8.8100000e+05
   7.5755318e+02   8.8000000e+05
   7.5737825e+02   8.7900000e+05
   7.5719793e+02   8.7800000e+05
   7.5702742e+02   8.7700000e+05
   7.5685065e+02   8.7600000e+05
   7.5667389e+02   8.7500000e+05
   7.5649738e+02   8.7400000e+05
   7.5631995e+02   8.7300000e+05
   7.5614325e+02   8.7200000e+05
   7.5596769e+02   8.7100000e+05
   7.5579242e+02   8.7000000e+05
   7.5561718e+02   8.6900000e+05
   7.5544164e+02   8.6800000e+05
   7.5526610e+02   8.6700000e+05
   7.5509021e+02   8.6600000e+05
   7.5491364e+02   8.6500000e+05
   7.5473607e+02   8.6400000e+05
   7.5455817e+02   8.6300000e+05
   7.5437989e+02   8.6200000e+05
   7.5420162e+02   8.6100000e+05
   7.5402349e+02   8.6000000e+05
   7.5384524e+02   8.5900000e+05
   7.5366813e+02   8.5800000e+05
   7.5349130e+02   8.5700000e+05
   7.5330960e+02   8.5600000e+05
   7.5312713e+02   8.5500000e+05
   7.5293771e+02   8.5400000e+05
   7.5276151e+02   8.5300000e+05
   7.5258514e+02   8.5200000e+05
   7.5240879e+02   8.5100000e+05
   7.5223193e+02   8.5000000e+05
   7.5205576e+02   8.4900000e+05
   7.5187916e+02   8.4800000e+05
   7.5170158e+02   8.4700000e+05
   7.5152635e+02   8.4600000e+05
   7.5134831e+02   8.4500000e+05
   7.5117137e+02   8.4400000e+05
   7.5099404e+02   8.4300000e+05
   7.5081647e+02   8.4200000e+05
   7.5063968e+02   8.4100000e+05
   7.5046025e+02   8.4000000e+05
   7.5028413e+02   8.3900000e+05
   7.5010602e+02   8.3800000e+05
   7.5000000e+02   8.3740698e+05
   7.4992744e+02   8.3700000e+05
   7.4974983e+02   8.3600000e+05
   7.4957153e+02   8.3500000e+05
   7.4939327e+02   8.3400000e+05
   7.4921567e+02   8.3300000e+05
   7.4903745e+02   8.3200000e+05
   7.4885926e+02   8.3100000e+05
   7.4868099e+02   8.3000000e+05
   7.4850283e+02   8.2900000e+05
   7.4832401e+02   8.2800000e+05
   7.4814157e+02   8.2700000e+05
   7.4796546e+02   8.2600000e+05
   7.4778537e+02   8.2500000e+05
   7.4760547e+02   8.2400000e+05
   7.4742510e+02   8.2300000e+05
   7.4724512e+02   8.2200000e+05
   7.4706857e+02   8.2100000e+05
   7.4688501e+02   8.2000000e+05
   7.4670647e+02   8.1900000e+05
   7.4652702e+02   8.1800000e+05
   7.4634783e+02   8.1700000e+05
   7.4616866e+02   8.1600000e+05
   7.4598923e+02   8.1500000e+05
   7.4580941e+02   8.1400000e+05
   7.4562961e+02   8.1300000e+05
   7.4544984e+02   8.1200000e+05
   7.4526977e+02   8.1100000e+05
   7.4508968e+02   8.1000000e+05
   7.4490963e+02   8.0900000e+05
   7.4469648e+02   8.0800000e+05
   7.4453196e+02   8.0700000e+05
   7.4433811e+02   8.0600000e+05
   7.4414826e+02   8.0500000e+05
   7.4395919e+02   8.0400000e+05
   7.4378515e+02   8.0300000e+05
   7.4358604e+02   8.0200000e+05
   7.4340107e+02   8.0100000e+05
   7.4322203e+02   8.0000000e+05
   7.4304276e+02   7.9900000e+05
   7.4286330e+02   7.9800000e+05
   7.4268354e+02   7.9700000e+05
   7.4250411e+02   7.9600000e+05
   7.4231895e+02   7.9500000e+05
   7.4214310e+02   7.9400000e+05
   7.4196046e+02   7.9300000e+05
   7.4177826e+02   7.9200000e+05
   7.4159680e+02   7.9100000e+05
   7.4141587e+02   7.9000000e+05
   7.4123325e+02   7.8900000e+05
   7.4105141e+02   7.8800000e+05
   7.4087013e+02   7.8700000e+05
   7.4068895e+02   7.8600000e+05
   7.4050711e+02   7.8500000e+05
   7.4032529e+02   7.8400000e+05
   7.4014351e+02   7.8300000e+05
   7.4000000e+02   7.8221053e+05
   7.3996191e+02   7.8200000e+05
   7.3978098e+02   7.8100000e+05
   7.3959940e+02   7.8000000e+05
   7.3941785e+02   7.7900000e+05
   7.3923631e+02   7.7800000e+05
   7.3905474e+02   7.7700000e+05
   7.3887265e+02   7.7600000e+05
   7.3869110e+02   7.7500000e+05
   7.3850772e+02   7.7400000e+05
   7.3833917e+02   7.7300000e+05
   7.3813911e+02   7.7200000e+05
   7.3795311e+02   7.7100000e+05
   7.3777098e+02   7.7000000e+05
   7.3758750e+02   7.6900000e+05
   7.3740703e+02   7.6800000e+05
   7.3722494e+02   7.6700000e+05
   7.3704539e+02   7.6600000e+05
   7.3686264e+02   7.6500000e+05
   7.3667890e+02   7.6400000e+05
   7.3649405e+02   7.6300000e+05
   7.3630825e+02   7.6200000e+05
   7.3612386e+02   7.6100000e+05
   7.3593614e+02   7.6000000e+05
   7.3575155e+02   7.5900000e+05
   7.3556808e+02   7.5800000e+05
   7.3538253e+02   7.5700000e+05
   7.3520421e+02   7.5600000e+05
   7.3501391e+02   7.5500000e+05
   7.3482967e+02   7.5400000e+05
   7.3464472e+02   7.5300000e+05
   7.3446081e+02   7.5200000e+05
   7.3424631e+02   7.5100000e+05
   7.3409718e+02   7.5000000e+05
   7.3390994e+02   7.4900000e+05
   7.3371814e+02   7.4800000e+05
   7.3348897e+02   7.4700000e+05
   7.3329710e+02   7.4600000e+05
   7.3310214e+02   7.4500000e+05
   7.3291636e+02   7.4400000e+05
   7.3272912e+02   7.4300000e+05
   7.3254183e+02   7.4200000e+05
   7.3235848e+02   7.4100000e+05
   7.3217120e+02   7.4000000e+05
   7.3198307e+02   7.3900000e+05
   7.3179863e+02   7.3800000e+05
   7.3160592e+02   7.3700000e+05
   7.3141882e+02   7.3600000e+05
   7.3123294e+02   7.3500000e+05
   7.3104641e+02   7.3400000e+05
   7.3085990e+02   7.3300000e+05
   7.3067392e+02   7.3200000e+05
   7.3048764e+02   7.3100000e+05
   7.3030117e+02   7.3000000e+05
   7.3011545e+02   7.2900000e+05
   7.3000000e+02   7.2839146e+05
   7.2992644e+02   7.2800000e+05
   7.2974121e+02   7.2700000e+05
   7.2955670e+02   7.2600000e+05
   7.2937404e+02   7.2500000e+05
   7.2918628e+02   7.2400000e+05
   7.2900107e+02   7.2300000e+05
   7.2895051e+02   7.2200000e+05
   7.2862777e+02   7.2100000e+05
   7.2844216e+02   7.2000000e+05
   7.2825471e+02   7.1900000e+05
   7.2807003e+02   7.1800000e+05
   7.2788306e+02   7.1700000e+05
   7.2769611e+02   7.1600000e+05
   7.2750919e+02   7.1500000e+05
   7.2732162e+02   7.1400000e+05
   7.2713455e+02   7.1300000e+05
   7.2694676e+02   7.1200000e+05
   7.2675860e+02   7.1100000e+05
   7.2656870e+02   7.1000000e+05
   7.2638204e+02   7.0900000e+05
   7.2619356e+02   7.0800000e+05
   7.2600334e+02   7.0700000e+05
   7.2581903e+02   7.0600000e+05
   7.2562679e+02   7.0500000e+05
   7.2543943e+02   7.0400000e+05
   7.2525142e+02   7.0300000e+05
   7.2506174e+02   7.0200000e+05
   7.2487385e+02   7.0100000e+05
   7.2468633e+02   7.0000000e+05
   7.2449680e+02   6.9900000e+05
   7.2430764e+02   6.9800000e+05
   7.2411784e+02   6.9700000e+05
   7.2394862e+02   6.9600000e+05
   7.2375788e+02   6.9500000e+05
   7.2356673e+02   6.9400000e+05
   7.2330708e+02   6.9300000e+05
   7.2317762e+02   6.9200000e+05
   7.2297062e+02   6.9100000e+05
   7.2277114e+02   6.9000000e+05
   7.2256359e+02   6.8900000e+05
   7.2234254e+02   6.8800000e+05
   7.2214684e+02   6.8700000e+05
   7.2195492e+02   6.8600000e+05
   7.2176238e+02   6.8500000e+05
   7.2156917e+02   6.8400000e+05
   7.2137968e+02   6.8300000e+05
   7.2118715e+02   6.8200000e+05
   7.2099294e+02   6.8100000e+05
   7.2080051e+02   6.8000000e+05
   7.2060753e+02   6.7900000e+05
   7.2041328e+02   6.7800000e+05
   7.2021771e+02   6.7700000e+05
   7.2002471e+02   6.7600000e+05
   7.2000000e+02   6.7587241e+05
   7.1983350e+02   6.7500000e+05
   7.1964399e+02   6.7400000e+05
   7.1945318e+02   6.7300000e+05
   7.1926423e+02   6.7200000e+05
   7.1907457e+02   6.7100000e+05
   7.1888435e+02   6.7000000e+05
   7.1869405e+02   6.6900000e+05
   7.1850260e+02   6.6800000e+05
   7.1831183e+02   6.6700000e+05
   7.1812187e+02   6.6600000e+05
   7.1793065e+02   6.6500000e+05
   7.1773962e+02   6.6400000e+05
   7.1754801e+02   6.6300000e+05
   7.1735648e+02   6.6200000e+05
   7.1716531e+02   6.6100000e+05
   7.1697239e+02   6.6000000e+05
   7.1677975e+02   6.5900000e+05
   7.1658668e+02   6.5800000e+05
   7.1639364e+02   6.5700000e+05
   7.1620062e+02   6.5600000e+05
   7.1600723e+02   6.5500000e+05
   7.1581427e+02   6.5400000e+05
   7.1562134e+02   6.5300000e+05
   7.1542814e+02   6.5200000e+05
   7.1523525e+02   6.5100000e+05
   7.1504172e+02   6.5000000e+05
   7.1484886e+02   6.4900000e+05
   7.1465475e+02   6.4800000e+05
   7.1446131e+02   6.4700000e+05
   7.1426723e+02   6.4600000e+05
   7.1407383e+02   6.4500000e+05
   7.1387980e+02   6.4400000e+05
   7.1368580e+02   6.4300000e+05
   7.1349117e+02   6.4200000e+05
   7.1329546e+02   6.4100000e+05
   7.1310001e+02   6.4000000e+05
   7.1290414e+02   6.3900000e+05
   7.1270811e+02   6.3800000e+05
   7.1251231e+02   6.3700000e+05
   7.1231790e+02   6.3600000e+05
   7.1212077e+02   6.3500000e+05
   7.1192636e+02   6.3400000e+05
   7.1173131e+02   6.3300000e+05
   7.1153574e+02   6.3200000e+05
   7.1134073e+02   6.3100000e+05
   7.1114516e+02   6.3000000e+05
   7.1094035e+02   6.2900000e+05
   7.1072756e+02   6.2800000e+05
   7.1051693e+02   6.2700000e+05
   7.1030373e+02   6.2600000e+05
   7.1008861e+02   6.2500000e+05
   7.1000000e+02   6.2458896e+05
   7.0987537e+02   6.2400000e+05
   7.0971616e+02   6.2300000e+05
   7.0948395e+02   6.2200000e+05
   7.0928845e+02   6.2100000e+05
   7.0909215e+02   6.2000000e+05
   7.0889632e+02   6.1900000e+05
   7.0869958e+02   6.1800000e+05
   7.0850296e+02   6.1700000e+05
   7.0830616e+02   6.1600000e+05
   7.0810885e+02   6.1500000e+05
   7.0791115e+02   6.1400000e+05
   7.0771319e+02   6.1300000e+05
   7.0751575e+02   6.1200000e+05
   7.0731783e+02   6.1100000e+05
   7.0711348e+02   6.1000000e+05
   7.0691619e+02   6.0900000e+05
   7.0671921e+02   6.0800000e+05
   7.0652225e+02   6.0700000e+05
   7.0632490e+02   6.0600000e+05
   7.0612736e+02   6.0500000e+05
   7.0592984e+02   6.0400000e+05
   7.0573050e+02   6.0300000e+05
   7.0553215e+02   6.0200000e+05
   7.0533096e+02   6.0100000e+05
   7.0513347e+02   6.0000000e+05
   7.0493327e+02   5.9900000e+05
   7.0473278e+02   5.9800000e+05
   7.0453362e+02   5.9700000e+05
   7.0433448e+02   5.9600000e+05
   7.0413536e+02   5.9500000e+05
   7.0393602e+02   5.9400000e+05
   7.0373656e+02   5.9300000e+05
   7.0353688e+02   5.9200000e+05
   7.0333700e+02   5.9100000e+05
   7.0313653e+02   5.9000000e+05
   7.0293630e+02   5.8900000e+05
   7.0273610e+02   5.8800000e+05
   7.0253576e+02   5.8700000e+05
   7.0233497e+02   5.8600000e+05
   7.0213421e+02   5.8500000e+05
   7.0193283e+02   5.8400000e+05
   7.0173213e+02   5.8300000e+05
   7.0152631e+02   5.8200000e+05
   7.0132267e+02   5.8100000e+05
   7.0112118e+02   5.8000000e+05
   7.0091915e+02   5.7900000e+05
   7.0071655e+02   5.7800000e+05
   7.0051453e+02   5.7700000e+05
   7.0031193e+02   5.7600000e+05
   7.0010936e+02   5.7500000e+05
   7.0000000e+02   5.7446006e+05
   6.9990760e+02   5.7400000e+05
   6.9970611e+02   5.7300000e+05
   6.9950459e+02   5.7200000e+05
   6.9930074e+02   5.7100000e+05
   6.9910170e+02   5.7000000e+05
   6.9889972e+02   5.6900000e+05
   6.9869772e+02   5.6800000e+05
   6.9849355e+02   5.6700000e+05
   6.9829856e+02   5.6600000e+05
   6.9809121e+02   5.6500000e+05
   6.9789589e+02   5.6400000e+05
   6.9769636e+02   5.6300000e+05
   6.9749229e+02   5.6200000e+05
   6.9727588e+02   5.6100000e+05
   6.9707868e+02   5.6000000e+05
   6.9687853e+02   5.5900000e+05
   6.9667394e+02   5.5800000e+05
   6.9644420e+02   5.5700000e+05
   6.9621285e+02   5.5600000e+05
   6.9599730e+02   5.5500000e+05
   6.9579235e+02   5.5400000e+05
   6.9560005e+02   5.5300000e+05
   6.9538170e+02   5.5200000e+05
   6.9517558e+02   5.5100000e+05
   6.9497014e+02   5.5000000e+05
   6.9476346e+02   5.4900000e+05
   6.9455742e+02   5.4800000e+05
   6.9435073e+02   5.4700000e+05
   6.9414016e+02   5.4600000e+05
   6.9392715e+02   5.4500000e+05
   6.9371564e+02   5.4400000e+05
   6.9350933e+02   5.4300000e+05
   6.9331111e+02   5.4200000e+05
   6.9309893e+02   5.4100000e+05
   6.9289309e+02   5.4000000e+05
   6.9268085e+02   5.3900000e+05
   6.9247348e+02   5.3800000e+05
   6.9226567e+02   5.3700000e+05
   6.9205788e+02   5.3600000e+05
   6.9184949e+02   5.3500000e+05
   6.9164111e+02   5.3400000e+05
   6.9143277e+02   5.3300000e+05
   6.9122437e+02   5.3200000e+05
   6.9101546e+02   5.3100000e+05
   6.9080593e+02   5.3000000e+05
   6.9059702e+02   5.2900000e+05
   6.9038756e+02   5.2800000e+05
   6.9017813e+02   5.2700000e+05
   6.9000000e+02   5.2614939e+05
   6.8996911e+02   5.2600000e+05
   6.8976300e+02   5.2500000e+05
   6.8955628e+02   5.2400000e+05
   6.8935014e+02   5.2300000e+05
   6.8914288e+02   5.2200000e+05
   6.8893566e+02   5.2100000e+05
   6.8872826e+02   5.2000000e+05
   6.8852048e+02   5.1900000e+05
   6.8831212e+02   5.1800000e+05
   6.8810382e+02   5.1700000e+05
   6.8789557e+02   5.1600000e+05
   6.8768659e+02   5.1500000e+05
   6.8747827e+02   5.1400000e+05
   6.8726889e+02   5.1300000e+05
   6.8705956e+02   5.1200000e+05
   6.8684966e+02   5.1100000e+05
   6.8663855e+02   5.1000000e+05
   6.8642880e+02   5.0900000e+05
   6.8621924e+02   5.0800000e+05
   6.8600931e+02   5.0700000e+05
   6.8579904e+02   5.0600000e+05
   6.8558707e+02   5.0500000e+05
   6.8537601e+02   5.0400000e+05
   6.8516567e+02   5.0300000e+05
   6.8494136e+02   5.0200000e+05
   6.8474290e+02   5.0100000e+05
   6.8453048e+02   5.0000000e+05
   6.8431975e+02   4.9900000e+05
   6.8410648e+02   4.9800000e+05
   6.8389476e+02   4.9700000e+05
   6.8368180e+02   4.9600000e+05
   6.8346932e+02   4.9500000e+05
   6.8325728e+02   4.9400000e+05
   6.8304684e+02   4.9300000e+05
   6.8283611e+02   4.9200000e+05
   6.8262906e+02   4.9100000e+05
   6.8241571e+02   4.9000000e+05
   6.8220192e+02   4.8900000e+05
   6.8198626e+02   4.8800000e+05
   6.8177075e+02   4.8700000e+05
   6.8155539e+02   4.8600000e+05
   6.8134036e+02   4.8500000e+05
   6.8112465e+02   4.8400000e+05
   6.8086874e+02   4.8300000e+05
   6.8068165e+02   4.8200000e+05
   6.8045059e+02   4.8100000e+05
   6.8021979e+02   4.8000000e+05
   6.8000000e+02   4.7905177e+05
   6.7998816e+02   4.7900000e+05
   6.7976043e+02   4.7800000e+05
   6.7953265e+02   4.7700000e+05
   6.7931174e+02   4.7600000e+05
   6.7909706e+02   4.7500000e+05
   6.7888186e+02   4.7400000e+05
   6.7866663e+02   4.7300000e+05
   6.7845132e+02   4.7200000e+05
   6.7823551e+02   4.7100000e+05
   6.7805947e+02   4.7000000e+05
   6.7780521e+02   4.6900000e+05
   6.7759025e+02   4.6800000e+05
   6.7737518e+02   4.6700000e+05
   6.7715969e+02   4.6600000e+05
   6.7694407e+02   4.6500000e+05
   6.7672471e+02   4.6400000e+05
   6.7651104e+02   4.6300000e+05
   6.7629324e+02   4.6200000e+05
   6.7607599e+02   4.6100000e+05
   6.7585822e+02   4.6000000e+05
   6.7564022e+02   4.5900000e+05
   6.7542296e+02   4.5800000e+05
   6.7520493e+02   4.5700000e+05
   6.7498669e+02   4.5600000e+05
   6.7476810e+02   4.5500000e+05
   6.7454979e+02   4.5400000e+05
   6.7433119e+02   4.5300000e+05
   6.7411233e+02   4.5200000e+05
   6.7389388e+02   4.5100000e+05
   6.7367486e+02   4.5000000e+05
   6.7345509e+02   4.4900000e+05
   6.7323531e+02   4.4800000e+05
   6.7301535e+02   4.4700000e+05
   6.7279542e+02   4.4600000e+05
   6.7257551e+02   4.4500000e+05
   6.7235549e+02   4.4400000e+05
   6.7213441e+02   4.4300000e+05
   6.7191337e+02   4.4200000e+05
   6.7169235e+02   4.4100000e+05
   6.7147126e+02   4.4000000e+05
   6.7124969e+02   4.3900000e+05
   6.7102929e+02   4.3800000e+05
   6.7080596e+02   4.3700000e+05
   6.7058387e+02   4.3600000e+05
   6.7036178e+02   4.3500000e+05
   6.7013913e+02   4.3400000e+05
   6.7000000e+02   4.3337500e+05
   6.6991715e+02   4.3300000e+05
   6.6969444e+02   4.3200000e+05
   6.6947239e+02   4.3100000e+05
   6.6924926e+02   4.3000000e+05
   6.6902735e+02   4.2900000e+05
   6.6880542e+02   4.2800000e+05
   6.6858501e+02   4.2700000e+05
   6.6836093e+02   4.2600000e+05
   6.6813346e+02   4.2500000e+05
   6.6791393e+02   4.2400000e+05
   6.6767917e+02   4.2300000e+05
   6.6745594e+02   4.2200000e+05
   6.6723228e+02   4.2100000e+05
   6.6701408e+02   4.2000000e+05
   6.6680140e+02   4.1900000e+05
   6.6657591e+02   4.1800000e+05
   6.6635772e+02   4.1700000e+05
   6.6617870e+02   4.1600000e+05
   6.6588624e+02   4.1500000e+05
   6.6571490e+02   4.1400000e+05
   6.6549132e+02   4.1300000e+05
   6.6522093e+02   4.1200000e+05
   6.6500061e+02   4.1100000e+05
   6.6477189e+02   4.1000000e+05
   6.6452145e+02   4.0900000e+05
   6.6430226e+02   4.0800000e+05
   6.6417429e+02   4.0700000e+05
   6.6402554e+02   4.0600000e+05
   6.6389483e+02   4.0500000e+05
   6.6362775e+02   4.0400000e+05
   6.6340009e+02   4.0300000e+05
   6.6324178e+02   4.0200000e+05
   6.6306311e+02   4.0100000e+05
   6.6287363e+02   4.0000000e+05
   6.6267196e+02   3.9900000e+05
   6.6258848e+02   3.9800000e+05
   6.6226793e+02   3.9700000e+05
   6.6206286e+02   3.9600000e+05
   6.6185906e+02   3.9500000e+05
   6.6177969e+02   3.9400000e+05
   6.6144051e+02   3.9300000e+05
   6.6122804e+02   3.9200000e+05
   6.6101586e+02   3.9100000e+05
   6.6080149e+02   3.9000000e+05
   6.6059251e+02   3.8900000e+05
   6.6037523e+02   3.8800000e+05
   6.6015920e+02   3.8700000e+05
   6.6000000e+02   3.8625641e+05
   6.5994570e+02   3.8600000e+05
   6.5972916e+02   3.8500000e+05
   6.5951373e+02   3.8400000e+05
   6.5929877e+02   3.8300000e+05
   6.5907977e+02   3.8200000e+05
   6.5886094e+02   3.8100000e+05
   6.5864294e+02   3.8000000e+05
   6.5842327e+02   3.7900000e+05
   6.5820303e+02   3.7800000e+05
   6.5798215e+02   3.7700000e+05
   6.5776324e+02   3.7600000e+05
   6.5753980e+02   3.7500000e+05
   6.5731625e+02   3.7400000e+05
   6.5709386e+02   3.7300000e+05
   6.5687112e+02   3.7200000e+05
   6.5664719e+02   3.7100000e+05
   6.5642108e+02   3.7000000e+05
   6.5619863e+02   3.6900000e+05
   6.5597108e+02   3.6800000e+05
   6.5577213e+02   3.6700000e+05
   6.5558582e+02   3.6600000e+05
   6.5536441e+02   3.6500000e+05
   6.5512864e+02   3.6400000e+05
   6.5490100e+02   3.6300000e+05
   6.5467183e+02   3.6200000e+05
   6.5444271e+02   3.6100000e+05
   6.5421823e+02   3.6000000e+05
   6.5399100e+02   3.5900000e+05
   6.5376020e+02   3.5800000e+05
   6.5353255e+02   3.5700000e+05
   6.5330196e+02   3.5600000e+05
   6.5313402e+02   3.5500000e+05
   6.5284113e+02   3.5400000e+05
   6.5260890e+02   3.5300000e+05
   6.5237696e+02   3.5200000e+05
   6.5218467e+02   3.5100000e+05
   6.5191190e+02   3.5000000e+05
   6.5168384e+02   3.4900000e+05
   6.5144963e+02   3.4800000e+05
   6.5124214e+02   3.4700000e+05
   6.5098335e+02   3.4600000e+05
   6.5074952e+02   3.4500000e+05
   6.5051072e+02   3.4400000e+05
   6.5028331e+02   3.4300000e+05
   6.5004276e+02   3.4200000e+05
   6.5000000e+02   3.4181462e+05
   6.4981418e+02   3.4100000e+05
   6.4957798e+02   3.4000000e+05
   6.4934297e+02   3.3900000e+05
   6.4910589e+02   3.3800000e+05
   6.4887011e+02   3.3700000e+05
   6.4863006e+02   3.3600000e+05
   6.4839351e+02   3.3500000e+05
   6.4816062e+02   3.3400000e+05
   6.4792412e+02   3.3300000e+05
   6.4768568e+02   3.3200000e+05
   6.4745006e+02   3.3100000e+05
   6.4721588e+02   3.3000000e+05
   6.4698040e+02   3.2900000e+05
   6.4673699e+02   3.2800000e+05
   6.4649373e+02   3.2700000e+05
   6.4625438e+02   3.2600000e+05
   6.4601925e+02   3.2500000e+05
   6.4577769e+02   3.2400000e+05
   6.4553707e+02   3.2300000e+05
   6.4529810e+02   3.2200000e+05
   6.4505704e+02   3.2100000e+05
   6.4481847e+02   3.2000000e+05
   6.4457759e+02   3.1900000e+05
   6.4433339e+02   3.1800000e+05
   6.4409345e+02   3.1700000e+05
   6.4385282e+02   3.1600000e+05
   6.4361304e+02   3.1500000e+05
   6.4337427e+02   3.1400000e+05
   6.4312641e+02   3.1300000e+05
   6.4288225e+02   3.1200000e+05
   6.4263755e+02   3.1100000e+05
   6.4239689e+02   3.1000000e+05
   6.4214760e+02   3.0900000e+05
   6.4190163e+02   3.0800000e+05
   6.4166667e+02   3.0700000e+05
   6.4143559e+02   3.0600000e+05
   6.4120943e+02   3.0500000e+05
   6.4096850e+02   3.0400000e+05
   6.4072551e+02   3.0300000e+05
   6.4047746e+02   3.0200000e+05
   6.4023729e+02   3.0100000e+05
   6.4000000e+02   3.0003597e+05
   6.3999121e+02   3.0000000e+05
   6.3974409e+02   2.9900000e+05
   6.3949491e+02   2.9800000e+05
   6.3925423e+02   2.9700000e+05
   6.3901177e+02   2.9600000e+05
   6.3876741e+02   2.9500000e+05
   6.3852116e+02   2.9400000e+05
   6.3827013e+02   2.9300000e+05
   6.3802411e+02   2.9200000e+05
   6.3778103e+02   2.9100000e+05
   6.3753451e+02   2.9000000e+05
   6.3750658e+02   2.8900000e+05
   6.3931714e+02   2.8800000e+05
   6.4000000e+02   2.8751612e+05
   6.4078331e+02   2.8700000e+05
   6.4370903e+02   2.8600000e+05
   6.4414265e+02   2.8500000e+05
   6.4392186e+02   2.8400000e+05
   6.4369645e+02   2.8300000e+05
   6.4347106e+02   2.8200000e+05
   6.4324512e+02   2.8100000e+05
   6.4301867e+02   2.8000000e+05
   6.4279146e+02   2.7900000e+05
   6.4256597e+02   2.7800000e+05
   6.4233874e+02   2.7700000e+05
   6.4211112e+02   2.7600000e+05
   6.4188328e+02   2.7500000e+05
   6.4165532e+02   2.7400000e+05
   6.4142675e+02   2.7300000e+05
   6.4119859e+02   2.7200000e+05
   6.4096884e+02   2.7100000e+05
   6.4073971e+02   2.7000000e+05
   6.4051008e+02   2.6900000e+05
   6.4028051e+02   2.6800000e+05
   6.4004978e+02   2.6700000e+05
   6.4000000e+02   2.6678478e+05
   6.3982063e+02   2.6600000e+05
   6.3959328e+02   2.6500000e+05
   6.3936480e+02   2.6400000e+05
   6.3913578e+02   2.6300000e+05
   6.3890694e+02   2.6200000e+05
   6.3867754e+02   2.6100000e+05
   6.3844771e+02   2.6000000e+05
   6.3821837e+02   2.5900000e+05
   6.3798897e+02   2.5800000e+05
   6.3775867e+02   2.5700000e+05
   6.3752816e+02   2.5600000e+05
   6.3729756e+02   2.5500000e+05
   6.3706647e+02   2.5400000e+05
   6.3683549e+02   2.5300000e+05
   6.3660360e+02   2.5200000e+05
   6.3636892e+02   2.5100000e+05
   6.3613102e+02   2.5000000e+05
   6.3590230e+02   2.4900000e+05
   6.3567199e+02   2.4800000e+05
   6.3543682e+02   2.4700000e+05
   6.3520177e+02   2.4600000e+05
   6.3496832e+02   2.4500000e+05
   6.3473643e+02   2.4400000e+05
   6.3450200e+02   2.4300000e+05
   6.3426591e+02   2.4200000e+05
   6.3402761e+02   2.4100000e+05
   6.3379255e+02   2.4000000e+05
   6.3356089e+02   2.3900000e+05
   6.3332398e+02   2.3800000e+05
   6.3308877e+02   2.3700000e+05
   6.3285305e+02   2.3600000e+05
   6.3261622e+02   2.3500000e+05
   6.3237754e+02   2.3400000e+05
   6.3214111e+02   2.3300000e+05
   6.3190314e+02   2.3200000e+05
   6.3166388e+02   2.3100000e+05
   6.3142849e+02   2.3000000e+05
   6.3118913e+02   2.2900000e+05
   6.3064656e+02   2.2800000e+05
   6.3000000e+02   2.2786384e+05
   6.2471319e+02   2.2700000e+05
   6.2442093e+02   2.2600000e+05
   6.2419942e+02   2.2500000e+05
   6.2399021e+02   2.2400000e+05
   6.2000000e+02   2.2344855e+05
   6.1675533e+02   2.2300000e+05
   6.1647567e+02   2.2200000e+05
   6.1626908e+02   2.2100000e+05
   6.1605192e+02   2.2000000e+05
   6.1498517e+02   2.1900000e+05
   6.1394603e+02   2.1800000e+05
   6.1244741e+02   2.1700000e+05
   6.1192870e+02   2.1600000e+05
   6.1143219e+02   2.1500000e+05
   6.1072998e+02   2.1400000e+05
   6.1000000e+02   2.1326131e+05
   6.0974775e+02   2.1300000e+05
   6.0811772e+02   2.1200000e+05
   6.0645470e+02   2.1100000e+05
   6.0594038e+02   2.1000000e+05
   6.0548850e+02   2.0900000e+05
   6.0488896e+02   2.0800000e+05
   6.0431236e+02   2.0700000e+05
   6.0357754e+02   2.0600000e+05
   6.0277637e+02   2.0500000e+05
   6.0203356e+02   2.0400000e+05
   6.0114697e+02   2.0300000e+05
   6.0013423e+02   2.0200000e+05
   6.0000000e+02   2.0186266e+05
   5.9918009e+02   2.0100000e+05
   5.9887661e+02   2.0000000e+05
   5.9867427e+02   1.9900000e+05
   5.9843738e+02   1.9800000e+05
   5.9821603e+02   1.9700000e+05
   5.9799406e+02   1.9600000e+05
   5.9777111e+02   1.9500000e+05
   5.9754780e+02   1.9400000e+05
   5.9732533e+02   1.9300000e+05
   5.9710289e+02   1.9200000e+05
   5.9687805e+02   1.9100000e+05
   5.9665303e+02   1.9000000e+05
   5.9642825e+02   1.8900000e+05
   5.9620369e+02   1.8800000e+05
   5.9597836e+02   1.8700000e+05
   5.9575263e+02   1.8600000e+05
   5.9552511e+02   1.8500000e+05
   5.9529867e+02   1.8400000e+05
   5.9507116e+02   1.8300000e+05
   5.9484310e+02   1.8200000e+05
   5.9461452e+02   1.8100000e+05
   5.9438624e+02   1.8000000e+05
   5.9415696e+02   1.7900000e+05
   5.9392661e+02   1.7800000e+05
   5.9369706e+02   1.7700000e+05
   5.9346645e+02   1.7600000e+05
   5.9323551e+02   1.7500000e+05
   5.9300364e+02   1.7400000e+05
   5.9277274e+02   1.7300000e+05
   5.9253892e+02   1.7200000e+05
   5.9230683e+02   1.7100000e+05
   5.9207391e+02   1.7000000e+05
   5.9184022e+02   1.6900000e+05
   5.9160555e+02   1.6800000e+05
   5.9137084e+02   1.6700000e+05
   5.9113624e+02   1.6600000e+05
   5.9090156e+02   1.6500000e+05
   5.9066536e+02   1.6400000e+05
   5.9042812e+02   1.6300000e+05
   5.9019082e+02   1.6200000e+05
   5.9000000e+02   1.6119194e+05
   5.8995526e+02   1.6100000e+05
   5.8972106e+02   1.6000000e+05
   5.8948470e+02   1.5900000e+05
   5.8924789e+02   1.5800000e+05
   5.8901265e+02   1.5700000e+05
   5.8878541e+02   1.5600000e+05
   5.8857316e+02   1.5500000e+05
   5.8836509e+02   1.5400000e+05
   5.8815614e+02   1.5300000e+05
   5.8794770e+02   1.5200000e+05
   5.8773545e+02   1.5100000e+05
   5.8752450e+02   1.5000000e+05
   5.8731216e+02   1.4900000e+05
   5.8709496e+02   1.4800000e+05
   5.8687655e+02   1.4700000e+05
   5.8665896e+02   1.4600000e+05
   5.8643808e+02   1.4500000e+05
   5.8621568e+02   1.4400000e+05
   5.8599329e+02   1.4300000e+05
   5.8576961e+02   1.4200000e+05
   5.8554168e+02   1.4100000e+05
   5.8531401e+02   1.4000000e+05
   5.8508440e+02   1.3900000e+05
   5.8485290e+02   1.3800000e+05
   5.8462165e+02   1.3700000e+05
   5.8438544e+02   1.3600000e+05
   5.8414752e+02   1.3500000e+05
   5.8390951e+02   1.3400000e+05
   5.8367374e+02   1.3300000e+05
   5.8343052e+02   1.3200000e+05
   5.8318641e+02   1.3100000e+05
   5.8293762e+02   1.3000000e+05
   5.8268549e+02   1.2900000e+05
   5.8243369e+02   1.2800000e+05
   5.8218019e+02   1.2700000e+05
   5.8192392e+02   1.2600000e+05
   5.8160326e+02   1.2500000e+05
   5.8000000e+02   1.2411317e+05
   5.7982063e+02   1.2400000e+05
   5.7721715e+02   1.2300000e+05
   5.7510226e+02   1.2200000e+05
   5.7391748e+02   1.2100000e+05
   5.7000000e+02   1.2047800e+05
   5.6613070e+02   1.2000000e+05
   5.6584374e+02   1.1900000e+05
   5.6556359e+02   1.1800000e+05
   5.6470597e+02   1.1700000e+05
   5.6366858e+02   1.1600000e+05
   5.6270989e+02   1.1500000e+05
   5.6160021e+02   1.1400000e+05
   5.6110074e+02   1.1300000e+05
   5.6044567e+02   1.1200000e+05
   5.6000000e+02   1.1133694e+05
   5.5977786e+02   1.1100000e+05
   5.5918533e+02   1.1000000e+05
   5.5860655e+02   1.0900000e+05
   5.5354883e+02   1.0800000e+05
   5.5233633e+02   1.0700000e+05
   5.5115361e+02   1.0600000e+05
   5.5026077e+02   1.0500000e+05
   5.5000000e+02   1.0460253e+05
   5.4962013e+02   1.0400000e+05
   5.4934571e+02   1.0300000e+05
   5.4879471e+02   1.0200000e+05
   5.4832621e+02   1.0100000e+05
   5.4786382e+02   1.0000000e+05
   5.4758547e+02   9.9000000e+04
   5.4714852e+02   9.8000000e+04
   5.4670960e+02   9.7000000e+04
   5.4625258e+02   9.6000000e+04
   5.4597286e+02   9.5000000e+04
   5.4552973e+02   9.4000000e+04
   5.4506173e+02   9.3000000e+04
   5.4457235e+02   9.2000000e+04
   5.4429053e+02   9.1000000e+04
   5.4379097e+02   9.0000000e+04
   5.4327439e+02   8.9000000e+04
   5.4274647e+02   8.8000000e+04
   5.4246202e+02   8.7000000e+04
   5.4193514e+02   8.6000000e+04
   5.4136964e+02   8.5000000e+04
   5.4108383e+02   8.4000000e+04
   5.4049463e+02   8.3000000e+04
   5.4000000e+02   8.2155428e+04
   5.3991029e+02   8.2000000e+04
   5.3932868e+02   8.1000000e+04
   5.3904326e+02   8.0000000e+04
   5.3838192e+02   7.9000000e+04
   5.3774119e+02   7.8000000e+04
   5.3694724e+02   7.7000000e+04
   5.3664667e+02   7.6000000e+04
   5.3636911e+02   7.5000000e+04
   5.3602830e+02   7.4000000e+04
   5.3569544e+02   7.3000000e+04
   5.3539469e+02   7.2000000e+04
   5.3505922e+02   7.1000000e+04
   5.3471396e+02   7.0000000e+04
   5.3435999e+02   6.9000000e+04
   5.3405460e+02   6.8000000e+04
   5.3371000e+02   6.7000000e+04
   5.3335021e+02   6.6000000e+04
   5.3302685e+02   6.5000000e+04
   5.3271545e+02   6.4000000e+04
   5.3236053e+02   6.3000000e+04
   5.3201905e+02   6.2000000e+04
   5.3164823e+02   6.1000000e+04
   5.3133317e+02   6.0000000e+04
   5.3097685e+02   5.9000000e+04
   5.3062191e+02   5.8000000e+04
   5.3026143e+02   5.7000000e+04
   5.3000000e+02   5.6183333e+04
   5.2994016e+02   5.6000000e+04
   5.2959405e+02   5.5000000e+04
   5.2919715e+02   5.4000000e+04
   5.2883057e+02   5.3000000e+04
   5.2849970e+02   5.2000000e+04
   5.2812500e+02   5.1000000e+04
   5.2774759e+02   5.0000000e+04
   5.2723525e+02   4.9000000e+04
   5.2617825e+02   4.8000000e+04
   5.2531809e+02   4.7000000e+04
   5.2494543e+02   4.6000000e+04
   5.2454577e+02   4.5000000e+04
   5.2422105e+02   4.4000000e+04
   5.2385648e+02   4.3000000e+04
   5.2342873e+02   4.2000000e+04
   5.2307795e+02   4.1000000e+04
   5.2274772e+02   4.0000000e+04
   5.2235958e+02   3.9000000e+04
   5.2196371e+02   3.8000000e+04
   5.2162912e+02   3.7000000e+04
   5.2126608e+02   3.6000000e+04
   5.2060209e+02   3.5000000e+04
   5.2026256e+02   3.4000000e+04
   5.2000000e+02   3.3228654e+04
   5.1992713e+02   3.3000000e+04
   5.1959583e+02   3.2000000e+04
   5.1925437e+02   3.1000000e+04
   5.1887637e+02   3.0000000e+04
   5.1853684e+02   2.9000000e+04
   5.1816475e+02   2.8000000e+04
   5.1778661e+02   2.7000000e+04
   5.1740312e+02   2.6000000e+04
   5.1706062e+02   2.5000000e+04
   5.1666825e+02   2.4000000e+04
   5.1628178e+02   2.3000000e+04
   5.1589598e+02   2.2000000e+04
   5.1555016e+02   2.1000000e+04
   5.1509967e+02   2.0000000e+04
   5.1472469e+02   1.9000000e+04
   5.1420353e+02   1.8000000e+04
   5.1384349e+02   1.7000000e+04
   5.1369036e+02   1.6000000e+04
   5.1335683e+02   1.5000000e+04
   5.1314955e+02   1.4000000e+04
   5.1278716e+02   1.3000000e+04
   5.1240777e+02   1.2000000e+04
   5.1186433e+02   1.1000000e+04
   5.1138516e+02   1.0000000e+04
   5.1091884e+02   9.0000000e+03
   5.1053424e+02   8.0000000e+03
   5.1014588e+02   7.0000000e+03
   5.1000000e+02   6.6309379e+03
   5.0975465e+02   6.0000000e+03
   5.0936929e+02   5.0000000e+03
   5.0898045e+02   4.0000000e+03
   5.0851200e+02   3.0000000e+03
   5.0817012e+02   2.0000000e+03
   5.0053622e+02   1.0000000e+03
   5.0000000e+02   0.0000000e+00
   5.0000000e+02   0.0000000e+00
