   9.4263950e+02   1.3500000e+06
   9.4244230e+02   1.3490000e+06
   9.4224542e+02   1.3480000e+06
   9.4204261e+02   1.3470000e+06
   9.4184584e+02   1.3460000e+06
   9.4164850e+02   1.3450000e+06
   9.4145126e+02   1.3440000e+06
   9.4125201e+02   1.3430000e+06
   9.4105188e+02   1.3420000e+06
   9.4085642e+02   1.3410000e+06
   9.4065557e+02   1.3400000e+06
   9.4045543e+02   1.3390000e+06
   9.4025520e+02   1.3380000e+06
   9.4005493e+02   1.3370000e+06
   9.4000000e+02   1.3367246e+06
   9.3985622e+02   1.3360000e+06
   9.3965781e+02   1.3350000e+06
   9.3945939e+02   1.3340000e+06
   9.3925786e+02   1.3330000e+06
   9.3905951e+02   1.3320000e+06
   9.3886106e+02   1.3310000e+06
   9.3866269e+02   1.3300000e+06
   9.3846419e+02   1.3290000e+06
   9.3832670e+02   1.3280000e+06
   9.3812685e+02   1.3270000e+06
   9.3792651e+02   1.3260000e+06
   9.3772650e+02   1.3250000e+06
   9.3752604e+02   1.3240000e+06
   9.3732475e+02   1.3230000e+06
   9.3712351e+02   1.3220000e+06
   9.3692405e+02   1.3210000e+06
   9.3672171e+02   1.3200000e+06
   9.3652075e+02   1.3190000e+06
   9.3631953e+02   1.3180000e+06
   9.3611835e+02   1.3170000e+06
   9.3591686e+02   1.3160000e+06
   9.3571489e+02   1.3150000e+06
   9.3551342e+02   1.3140000e+06
   9.3531194e+02   1.3130000e+06
   9.3511089e+02   1.3120000e+06
   9.3490815e+02   1.3110000e+06
   9.3470499e+02   1.3100000e+06
   9.3450220e+02   1.3090000e+06
   9.3429986e+02   1.3080000e+06
   9.3409768e+02   1.3070000e+06
   9.3389402e+02   1.3060000e+06
   9.3369138e+02   1.3050000e+06
   9.3348934e+02   1.3040000e+06
   9.3328509e+02   1.3030000e+06
   9.3308194e+02   1.3020000e+06
   9.3287879e+02   1.3010000e+06
   9.3267688e+02   1.3000000e+06
   9.3247440e+02   1.2990000e+06
   9.3227215e+02   1.2980000e+06
   9.3206972e+02   1.2970000e+06
   9.3186664e+02   1.2960000e+06
   9.3166427e+02   1.2950000e+06
   9.3146205e+02   1.2940000e+06
   9.3125973e+02   1.2930000e+06
   9.3105593e+02   1.2920000e+06
   9.3085279e+02   1.2910000e+06
   9.3064890e+02   1.2900000e+06
   9.3044582e+02   1.2890000e+06
   9.3024279e+02   1.2880000e+06
   9.3003891e+02   1.2870000e+06
   9.3000000e+02   1.2868091e+06
   9.2983726e+02   1.2860000e+06
   9.2963683e+02   1.2850000e+06
   9.2943322e+02   1.2840000e+06
   9.2922955e+02   1.2830000e+06
   9.2902645e+02   1.2820000e+06
   9.2882383e+02   1.2810000e+06
   9.2862757e+02   1.2800000e+06
   9.2841885e+02   1.2790000e+06
   9.2821611e+02   1.2780000e+06
   9.2801392e+02   1.2770000e+06
   9.2781187e+02   1.2760000e+06
   9.2761046e+02   1.2750000e+06
   9.2740840e+02   1.2740000e+06
   9.2720550e+02   1.2730000e+06
   9.2700285e+02   1.2720000e+06
   9.2679997e+02   1.2710000e+06
   9.2659737e+02   1.2700000e+06
   9.2639396e+02   1.2690000e+06
   9.2618460e+02   1.2680000e+06
   9.2598860e+02   1.2670000e+06
   9.2579260e+02   1.2660000e+06
   9.2559389e+02   1.2650000e+06
   9.2538100e+02   1.2640000e+06
   9.2515009e+02   1.2630000e+06
   9.2498326e+02   1.2620000e+06
   9.2475887e+02   1.2610000e+06
   9.2457475e+02   1.2600000e+06
   9.2438069e+02   1.2590000e+06
   9.2418515e+02   1.2580000e+06
   9.2400083e+02   1.2570000e+06
   9.2379247e+02   1.2560000e+06
   9.2361021e+02   1.2550000e+06
   9.2342507e+02   1.2540000e+06
   9.2317832e+02   1.2530000e+06
   9.2297483e+02   1.2520000e+06
   9.2278922e+02   1.2510000e+06
   9.2259127e+02   1.2500000e+06
   9.2239424e+02   1.2490000e+06
   9.2217866e+02   1.2480000e+06
   9.2199384e+02   1.2470000e+06
   9.2179080e+02   1.2460000e+06
   9.2158845e+02   1.2450000e+06
   9.2138531e+02   1.2440000e+06
   9.2118293e+02   1.2430000e+06
   9.2095723e+02   1.2420000e+06
   9.2077614e+02   1.2410000e+06
   9.2057312e+02   1.2400000e+06
   9.2036932e+02   1.2390000e+06
   9.2016553e+02   1.2380000e+06
   9.2000000e+02   1.2371878e+06
   9.1996181e+02   1.2370000e+06
   9.1975841e+02   1.2360000e+06
   9.1955421e+02   1.2350000e+06
   9.1934855e+02   1.2340000e+06
   9.1914260e+02   1.2330000e+06
   9.1893702e+02   1.2320000e+06
   9.1873154e+02   1.2310000e+06
   9.1852653e+02   1.2300000e+06
   9.1832090e+02   1.2290000e+06
   9.1811873e+02   1.2280000e+06
   9.1791725e+02   1.2270000e+06
   9.1771604e+02   1.2260000e+06
   9.1751389e+02   1.2250000e+06
   9.1731076e+02   1.2240000e+06
   9.1710906e+02   1.2230000e+06
   9.1690597e+02   1.2220000e+06
   9.1670152e+02   1.2210000e+06
   9.1649739e+02   1.2200000e+06
   9.1629325e+02   1.2190000e+06
   9.1608862e+02   1.2180000e+06
   9.1588401e+02   1.2170000e+06
   9.1568204e+02   1.2160000e+06
   9.1547499e+02   1.2150000e+06
   9.1527123e+02   1.2140000e+06
   9.1506677e+02   1.2130000e+06
   9.1486233e+02   1.2120000e+06
   9.1465793e+02   1.2110000e+06
   9.1445421e+02   1.2100000e+06
   9.1424828e+02   1.2090000e+06
   9.1404345e+02   1.2080000e+06
   9.1383914e+02   1.2070000e+06
   9.1363433e+02   1.2060000e+06
   9.1342897e+02   1.2050000e+06
   9.1322415e+02   1.2040000e+06
   9.1301907e+02   1.2030000e+06
   9.1281343e+02   1.2020000e+06
   9.1260779e+02   1.2010000e+06
   9.1240216e+02   1.2000000e+06
   9.1219634e+02   1.1990000e+06
   9.1199071e+02   1.1980000e+06
   9.1178435e+02   1.1970000e+06
   9.1157768e+02   1.1960000e+06
   9.1137351e+02   1.1950000e+06
   9.1116794e+02   1.1940000e+06
   9.1096197e+02   1.1930000e+06
   9.1075636e+02   1.1920000e+06
   9.1054948e+02   1.1910000e+06
   9.1034380e+02   1.1900000e+06
   9.1013590e+02   1.1890000e+06
   9.1000000e+02   1.1883333e+06
   9.0993263e+02   1.1880000e+06
   9.0972804e+02   1.1870000e+06
   9.0952029e+02   1.1860000e+06
   9.0931652e+02   1.1850000e+06
   9.0911204e+02   1.1840000e+06
   9.0890824e+02   1.1830000e+06
   9.0870297e+02   1.1820000e+06
   9.0849844e+02   1.1810000e+06
   9.0829308e+02   1.1800000e+06
   9.0808789e+02   1.1790000e+06
   9.0788337e+02   1.1780000e+06
   9.0767759e+02   1.1770000e+06
   9.0747228e+02   1.1760000e+06
   9.0726780e+02   1.1750000e+06
   9.0706404e+02   1.1740000e+06
   9.0686104e+02   1.1730000e+06
   9.0665544e+02   1.1720000e+06
   9.0644963e+02   1.1710000e+06
   9.0624302e+02   1.1700000e+06
   9.0603678e+02   1.1690000e+06
   9.0582923e+02   1.1680000e+06
   9.0562269e+02   1.1670000e+06
   9.0541701e+02   1.1660000e+06
   9.0521222e+02   1.1650000e+06
   9.0500492e+02   1.1640000e+06
   9.0479895e+02   1.1630000e+06
   9.0459298e+02   1.1620000e+06
   9.0438700e+02   1.1610000e+06
   9.0418137e+02   1.1600000e+06
   9.0397473e+02   1.1590000e+06
   9.0376877e+02   1.1580000e+06
   9.0356170e+02   1.1570000e+06
   9.0335521e+02   1.1560000e+06
   9.0314844e+02   1.1550000e+06
   9.0294118e+02   1.1540000e+06
   9.0273466e+02   1.1530000e+06
   9.0252830e+02   1.1520000e+06
   9.0232158e+02   1.1510000e+06
   9.0211467e+02   1.1500000e+06
   9.0190714e+02   1.1490000e+06
   9.0170030e+02   1.1480000e+06
   9.0149278e+02   1.1470000e+06
   9.0128598e+02   1.1460000e+06
   9.0107840e+02   1.1450000e+06
   9.0087092e+02   1.1440000e+06
   9.0066262e+02   1.1430000e+06
   9.0045510e+02   1.1420000e+06
   9.0024682e+02   1.1410000e+06
   9.0003936e+02   1.1400000e+06
   9.0000000e+02   1.1398110e+06
   8.9983256e+02   1.1390000e+06
   8.9962695e+02   1.1380000e+06
   8.9942133e+02   1.1370000e+06
   8.9921495e+02   1.1360000e+06
   8.9900788e+02   1.1350000e+06
   8.9880231e+02   1.1340000e+06
   8.9859555e+02   1.1330000e+06
   8.9839223e+02   1.1320000e+06
   8.9818765e+02   1.1310000e+06
   8.9798246e+02   1.1300000e+06
   8.9777291e+02   1.1290000e+06
   8.9756838e+02   1.1280000e+06
   8.9735440e+02   1.1270000e+06
   8.9715549e+02   1.1260000e+06
   8.9694611e+02   1.1250000e+06
   8.9673673e+02   1.1240000e+06
   8.9653240e+02   1.1230000e+06
   8.9632288e+02   1.1220000e+06
   8.9611287e+02   1.1210000e+06
   8.9590983e+02   1.1200000e+06
   8.9570781e+02   1.1190000e+06
   8.9550085e+02   1.1180000e+06
   8.9529355e+02   1.1170000e+06
   8.9508624e+02   1.1160000e+06
   8.9487894e+02   1.1150000e+06
   8.9467169e+02   1.1140000e+06
   8.9446361e+02   1.1130000e+06
   8.9425553e+02   1.1120000e+06
   8.9404793e+02   1.1110000e+06
   8.9383986e+02   1.1100000e+06
   8.9363151e+02   1.1090000e+06
   8.9342346e+02   1.1080000e+06
   8.9321515e+02   1.1070000e+06
   8.9300712e+02   1.1060000e+06
   8.9279887e+02   1.1050000e+06
   8.9259358e+02   1.1040000e+06
   8.9238454e+02   1.1030000e+06
   8.9217613e+02   1.1020000e+06
   8.9196711e+02   1.1010000e+06
   8.9175875e+02   1.1000000e+06
   8.9154974e+02   1.0990000e+06
   8.9134209e+02   1.0980000e+06
   8.9113308e+02   1.0970000e+06
   8.9092390e+02   1.0960000e+06
   8.9071128e+02   1.0950000e+06
   8.9050486e+02   1.0940000e+06
   8.9029498e+02   1.0930000e+06
   8.9008508e+02   1.0920000e+06
   8.9000000e+02   1.0915946e+06
   8.8987796e+02   1.0910000e+06
   8.8967195e+02   1.0900000e+06
   8.8946672e+02   1.0890000e+06
   8.8926076e+02   1.0880000e+06
   8.8905562e+02   1.0870000e+06
   8.8885033e+02   1.0860000e+06
   8.8864501e+02   1.0850000e+06
   8.8843965e+02   1.0840000e+06
   8.8823413e+02   1.0830000e+06
   8.8802806e+02   1.0820000e+06
   8.8784454e+02   1.0810000e+06
   8.8765615e+02   1.0800000e+06
   8.8746745e+02   1.0790000e+06
   8.8727862e+02   1.0780000e+06
   8.8707216e+02   1.0770000e+06
   8.8689442e+02   1.0760000e+06
   8.8668536e+02   1.0750000e+06
   8.8648166e+02   1.0740000e+06
   8.8627644e+02   1.0730000e+06
   8.8607023e+02   1.0720000e+06
   8.8586428e+02   1.0710000e+06
   8.8565992e+02   1.0700000e+06
   8.8544995e+02   1.0690000e+06
   8.8523920e+02   1.0680000e+06
   8.8502890e+02   1.0670000e+06
   8.8481817e+02   1.0660000e+06
   8.8460748e+02   1.0650000e+06
   8.8439717e+02   1.0640000e+06
   8.8418607e+02   1.0630000e+06
   8.8397368e+02   1.0620000e+06
   8.8376064e+02   1.0610000e+06
   8.8354717e+02   1.0600000e+06
   8.8333360e+02   1.0590000e+06
   8.8312018e+02   1.0580000e+06
   8.8290662e+02   1.0570000e+06
   8.8269586e+02   1.0560000e+06
   8.8248514e+02   1.0550000e+06
   8.8227557e+02   1.0540000e+06
   8.8206614e+02   1.0530000e+06
   8.8185670e+02   1.0520000e+06
   8.8164500e+02   1.0510000e+06
   8.8142697e+02   1.0500000e+06
   8.8122121e+02   1.0490000e+06
   8.8100850e+02   1.0480000e+06
   8.8079503e+02   1.0470000e+06
   8.8058238e+02   1.0460000e+06
   8.8036897e+02   1.0450000e+06
   8.8015560e+02   1.0440000e+06
   8.8000000e+02   1.0432679e+06
   8.7994358e+02   1.0430000e+06
   8.7973222e+02   1.0420000e+06
   8.7952090e+02   1.0410000e+06
   8.7930881e+02   1.0400000e+06
   8.7909755e+02   1.0390000e+06
   8.7888624e+02   1.0380000e+06
   8.7867493e+02   1.0370000e+06
   8.7846282e+02   1.0360000e+06
   8.7825137e+02   1.0350000e+06
   8.7804003e+02   1.0340000e+06
   8.7782844e+02   1.0330000e+06
   8.7761697e+02   1.0320000e+06
   8.7740488e+02   1.0310000e+06
   8.7719279e+02   1.0300000e+06
   8.7698038e+02   1.0290000e+06
   8.7676569e+02   1.0280000e+06
   8.7655674e+02   1.0270000e+06
   8.7635230e+02   1.0260000e+06
   8.7612624e+02   1.0250000e+06
   8.7590714e+02   1.0240000e+06
   8.7570022e+02   1.0230000e+06
   8.7543045e+02   1.0220000e+06
   8.7499066e+02   1.0210000e+06
   8.7448260e+02   1.0200000e+06
   8.7427519e+02   1.0190000e+06
   8.7353084e+02   1.0180000e+06
   8.7367795e+02   1.0170000e+06
   8.7246678e+02   1.0160000e+06
   8.7186816e+02   1.0150000e+06
   8.7137344e+02   1.0140000e+06
   8.7089278e+02   1.0130000e+06
   8.7041122e+02   1.0120000e+06
   8.7000000e+02   1.0113643e+06
   8.6976714e+02   1.0110000e+06
   8.6914016e+02   1.0100000e+06
   8.6840325e+02   1.0090000e+06
   8.6779987e+02   1.0080000e+06
   8.6717953e+02   1.0070000e+06
   8.6661007e+02   1.0060000e+06
   8.6589175e+02   1.0050000e+06
   8.6512359e+02   1.0040000e+06
   8.6433214e+02   1.0030000e+06
   8.6343469e+02   1.0020000e+06
   8.6259445e+02   1.0010000e+06
   8.6190439e+02   1.0000000e+06
   8.6110352e+02   9.9900000e+05
   8.6000000e+02   9.9808496e+05
   8.5989948e+02   9.9800000e+05
   8.5873168e+02   9.9700000e+05
   8.5802760e+02   9.9600000e+05
   8.5692324e+02   9.9500000e+05
   8.5511344e+02   9.9400000e+05
   8.5508362e+02   9.9300000e+05
   8.5404237e+02   9.9200000e+05
   8.5309262e+02   9.9100000e+05
   8.5264312e+02   9.9000000e+05
   8.5242801e+02   9.8900000e+05
   8.5225225e+02   9.8800000e+05
   8.5205227e+02   9.8700000e+05
   8.5191183e+02   9.8600000e+05
   8.5173667e+02   9.8500000e+05
   8.5156310e+02   9.8400000e+05
   8.5129339e+02   9.8300000e+05
   8.5109001e+02   9.8200000e+05
   8.5088980e+02   9.8100000e+05
   8.5074312e+02   9.8000000e+05
   8.5050627e+02   9.7900000e+05
   8.5031976e+02   9.7800000e+05
   8.5013321e+02   9.7700000e+05
   8.5000000e+02   9.7628631e+05
   8.4994746e+02   9.7600000e+05
   8.4976397e+02   9.7500000e+05
   8.4958343e+02   9.7400000e+05
   8.4939627e+02   9.7300000e+05
   8.4921203e+02   9.7200000e+05
   8.4902862e+02   9.7100000e+05
   8.4884431e+02   9.7000000e+05
   8.4866007e+02   9.6900000e+05
   8.4847571e+02   9.6800000e+05
   8.4829222e+02   9.6700000e+05
   8.4811224e+02   9.6600000e+05
   8.4793224e+02   9.6500000e+05
   8.4775147e+02   9.6400000e+05
   8.4757082e+02   9.6300000e+05
   8.4738938e+02   9.6200000e+05
   8.4720881e+02   9.6100000e+05
   8.4702659e+02   9.6000000e+05
   8.4684768e+02   9.5900000e+05
   8.4666641e+02   9.5800000e+05
   8.4648449e+02   9.5700000e+05
   8.4630242e+02   9.5600000e+05
   8.4612273e+02   9.5500000e+05
   8.4593152e+02   9.5400000e+05
   8.4574063e+02   9.5300000e+05
   8.4554293e+02   9.5200000e+05
   8.4535238e+02   9.5100000e+05
   8.4516215e+02   9.5000000e+05
   8.4497185e+02   9.4900000e+05
   8.4478367e+02   9.4800000e+05
   8.4459591e+02   9.4700000e+05
   8.4440931e+02   9.4600000e+05
   8.4422229e+02   9.4500000e+05
   8.4403482e+02   9.4400000e+05
   8.4384703e+02   9.4300000e+05
   8.4366119e+02   9.4200000e+05
   8.4347347e+02   9.4100000e+05
   8.4328747e+02   9.4000000e+05
   8.4310154e+02   9.3900000e+05
   8.4291489e+02   9.3800000e+05
   8.4272741e+02   9.3700000e+05
   8.4254084e+02   9.3600000e+05
   8.4234664e+02   9.3500000e+05
   8.4214797e+02   9.3400000e+05
   8.4197020e+02   9.3300000e+05
   8.4177030e+02   9.3200000e+05
   8.4157064e+02   9.3100000e+05
   8.4136971e+02   9.3000000e+05
   8.4116924e+02   9.2900000e+05
   8.4097608e+02   9.2800000e+05
   8.4078229e+02   9.2700000e+05
   8.4058761e+02   9.2600000e+05
   8.4039271e+02   9.2500000e+05
   8.4020809e+02   9.2400000e+05
   8.4001226e+02   9.2300000e+05
   8.4000000e+02   9.2293548e+05
   8.3982505e+02   9.2200000e+05
   8.3963790e+02   9.2100000e+05
   8.3944922e+02   9.2000000e+05
   8.3926217e+02   9.1900000e+05
   8.3907494e+02   9.1800000e+05
   8.3888746e+02   9.1700000e+05
   8.3870002e+02   9.1600000e+05
   8.3851332e+02   9.1500000e+05
   8.3832453e+02   9.1400000e+05
   8.3813750e+02   9.1300000e+05
   8.3795233e+02   9.1200000e+05
   8.3776537e+02   9.1100000e+05
   8.3757715e+02   9.1000000e+05
   8.3738740e+02   9.0900000e+05
   8.3719662e+02   9.0800000e+05
   8.3700603e+02   9.0700000e+05
   8.3681427e+02   9.0600000e+05
   8.3662393e+02   9.0500000e+05
   8.3643315e+02   9.0400000e+05
   8.3624340e+02   9.0300000e+05
   8.3605339e+02   9.0200000e+05
   8.3586324e+02   9.0100000e+05
   8.3567325e+02   9.0000000e+05
   8.3548499e+02   8.9900000e+05
   8.3529452e+02   8.9800000e+05
   8.3510215e+02   8.9700000e+05
   8.3491404e+02   8.9600000e+05
   8.3470708e+02   8.9500000e+05
   8.3451705e+02   8.9400000e+05
   8.3432499e+02   8.9300000e+05
   8.3413581e+02   8.9200000e+05
   8.3394593e+02   8.9100000e+05
   8.3374793e+02   8.9000000e+05
   8.3354921e+02   8.8900000e+05
   8.3335292e+02   8.8800000e+05
   8.3318666e+02   8.8700000e+05
   8.3298722e+02   8.8600000e+05
   8.3278648e+02   8.8500000e+05
   8.3258779e+02   8.8400000e+05
   8.3239144e+02   8.8300000e+05
   8.3219474e+02   8.8200000e+05
   8.3201055e+02   8.8100000e+05
   8.3181448e+02   8.8000000e+05
   8.3161704e+02   8.7900000e+05
   8.3143492e+02   8.7800000e+05
   8.3122898e+02   8.7700000e+05
   8.3103648e+02   8.7600000e+05
   8.3084420e+02   8.7500000e+05
   8.3065054e+02   8.7400000e+05
   8.3045825e+02   8.7300000e+05
   8.3026530e+02   8.7200000e+05
   8.3007234e+02   8.7100000e+05
   8.3000000e+02   8.7062791e+05
   8.2987877e+02   8.7000000e+05
   8.2968645e+02   8.6900000e+05
   8.2949342e+02   8.6800000e+05
   8.2930036e+02   8.6700000e+05
   8.2910750e+02   8.6600000e+05
   8.2891524e+02   8.6500000e+05
   8.2872363e+02   8.6400000e+05
   8.2853146e+02   8.6300000e+05
   8.2833807e+02   8.6200000e+05
   8.2814051e+02   8.6100000e+05
   8.2794843e+02   8.6000000e+05
   8.2775577e+02   8.5900000e+05
   8.2756240e+02   8.5800000e+05
   8.2736830e+02   8.5700000e+05
   8.2717531e+02   8.5600000e+05
   8.2698728e+02   8.5500000e+05
   8.2679306e+02   8.5400000e+05
   8.2659786e+02   8.5300000e+05
   8.2640395e+02   8.5200000e+05
   8.2620906e+02   8.5100000e+05
   8.2601346e+02   8.5000000e+05
   8.2581832e+02   8.4900000e+05
   8.2562360e+02   8.4800000e+05
   8.2542804e+02   8.4700000e+05
   8.2523286e+02   8.4600000e+05
   8.2503663e+02   8.4500000e+05
   8.2484115e+02   8.4400000e+05
   8.2461939e+02   8.4300000e+05
   8.2442076e+02   8.4200000e+05
   8.2422620e+02   8.4100000e+05
   8.2403939e+02   8.4000000e+05
   8.2383020e+02   8.3900000e+05
   8.2363616e+02   8.3800000e+05
   8.2344235e+02   8.3700000e+05
   8.2324714e+02   8.3600000e+05
   8.2305298e+02   8.3500000e+05
   8.2285831e+02   8.3400000e+05
   8.2266345e+02   8.3300000e+05
   8.2246787e+02   8.3200000e+05
   8.2227158e+02   8.3100000e+05
   8.2207563e+02   8.3000000e+05
   8.2188020e+02   8.2900000e+05
   8.2168326e+02   8.2800000e+05
   8.2149075e+02   8.2700000e+05
   8.2129013e+02   8.2600000e+05
   8.2109600e+02   8.2500000e+05
   8.2089971e+02   8.2400000e+05
   8.2070363e+02   8.2300000e+05
   8.2050694e+02   8.2200000e+05
   8.2030742e+02   8.2100000e+05
   8.2011503e+02   8.2000000e+05
   8.2000000e+02   8.1941729e+05
   8.1991780e+02   8.1900000e+05
   8.1972015e+02   8.1800000e+05
   8.1952328e+02   8.1700000e+05
   8.1932578e+02   8.1600000e+05
   8.1912777e+02   8.1500000e+05
   8.1893039e+02   8.1400000e+05
   8.1873262e+02   8.1300000e+05
   8.1853500e+02   8.1200000e+05
   8.1833740e+02   8.1100000e+05
   8.1813991e+02   8.1000000e+05
   8.1794357e+02   8.0900000e+05
   8.1774530e+02   8.0800000e+05
   8.1754525e+02   8.0700000e+05
   8.1734840e+02   8.0600000e+05
   8.1715067e+02   8.0500000e+05
   8.1695202e+02   8.0400000e+05
   8.1675270e+02   8.0300000e+05
   8.1655320e+02   8.0200000e+05
   8.1635442e+02   8.0100000e+05
   8.1615447e+02   8.0000000e+05
   8.1595428e+02   7.9900000e+05
   8.1575444e+02   7.9800000e+05
   8.1555432e+02   7.9700000e+05
   8.1535389e+02   7.9600000e+05
   8.1512832e+02   7.9500000e+05
   8.1493856e+02   7.9400000e+05
   8.1473105e+02   7.9300000e+05
   8.1452427e+02   7.9200000e+05
   8.1431780e+02   7.9100000e+05
   8.1412252e+02   7.9000000e+05
   8.1390682e+02   7.8900000e+05
   8.1370773e+02   7.8800000e+05
   8.1350891e+02   7.8700000e+05
   8.1331010e+02   7.8600000e+05
   8.1311129e+02   7.8500000e+05
   8.1291248e+02   7.8400000e+05
   8.1271347e+02   7.8300000e+05
   8.1251394e+02   7.8200000e+05
   8.1231407e+02   7.8100000e+05
   8.1211383e+02   7.8000000e+05
   8.1191301e+02   7.7900000e+05
   8.1171202e+02   7.7800000e+05
   8.1151115e+02   7.7700000e+05
   8.1131006e+02   7.7600000e+05
   8.1111038e+02   7.7500000e+05
   8.1090796e+02   7.7400000e+05
   8.1070758e+02   7.7300000e+05
   8.1050656e+02   7.7200000e+05
   8.1030634e+02   7.7100000e+05
   8.1010623e+02   7.7000000e+05
   8.1000000e+02   7.6947464e+05
   8.0990441e+02   7.6900000e+05
   8.0970232e+02   7.6800000e+05
   8.0950026e+02   7.6700000e+05
   8.0929885e+02   7.6600000e+05
   8.0909681e+02   7.6500000e+05
   8.0889481e+02   7.6400000e+05
   8.0869346e+02   7.6300000e+05
   8.0849285e+02   7.6200000e+05
   8.0829163e+02   7.6100000e+05
   8.0809104e+02   7.6000000e+05
   8.0788929e+02   7.5900000e+05
   8.0768799e+02   7.5800000e+05
   8.0748669e+02   7.5700000e+05
   8.0728433e+02   7.5600000e+05
   8.0708203e+02   7.5500000e+05
   8.0687906e+02   7.5400000e+05
   8.0667590e+02   7.5300000e+05
   8.0647299e+02   7.5200000e+05
   8.0627059e+02   7.5100000e+05
   8.0606838e+02   7.5000000e+05
   8.0586456e+02   7.4900000e+05
   8.0566200e+02   7.4800000e+05
   8.0546170e+02   7.4700000e+05
   8.0525875e+02   7.4600000e+05
   8.0505577e+02   7.4500000e+05
   8.0485164e+02   7.4400000e+05
   8.0464684e+02   7.4300000e+05
   8.0444137e+02   7.4200000e+05
   8.0423626e+02   7.4100000e+05
   8.0402959e+02   7.4000000e+05
   8.0382424e+02   7.3900000e+05
   8.0358911e+02   7.3800000e+05
   8.0340924e+02   7.3700000e+05
   8.0320550e+02   7.3600000e+05
   8.0299600e+02   7.3500000e+05
   8.0275093e+02   7.3400000e+05
   8.0254184e+02   7.3300000e+05
   8.0233103e+02   7.3200000e+05
   8.0212658e+02   7.3100000e+05
   8.0192280e+02   7.3000000e+05
   8.0171841e+02   7.2900000e+05
   8.0150737e+02   7.2800000e+05
   8.0130296e+02   7.2700000e+05
   8.0109878e+02   7.2600000e+05
   8.0091153e+02   7.2500000e+05
   8.0069353e+02   7.2400000e+05
   8.0049174e+02   7.2300000e+05
   8.0027762e+02   7.2200000e+05
   8.0007607e+02   7.2100000e+05
   8.0000000e+02   7.2062230e+05
   7.9987590e+02   7.2000000e+05
   7.9967670e+02   7.1900000e+05
   7.9946636e+02   7.1800000e+05
   7.9925453e+02   7.1700000e+05
   7.9904236e+02   7.1600000e+05
   7.9885121e+02   7.1500000e+05
   7.9863855e+02   7.1400000e+05
   7.9842450e+02   7.1300000e+05
   7.9821552e+02   7.1200000e+05
   7.9800948e+02   7.1100000e+05
   7.9780404e+02   7.1000000e+05
   7.9759695e+02   7.0900000e+05
   7.9739102e+02   7.0800000e+05
   7.9718440e+02   7.0700000e+05
   7.9697882e+02   7.0600000e+05
   7.9677151e+02   7.0500000e+05
   7.9656423e+02   7.0400000e+05
   7.9635652e+02   7.0300000e+05
   7.9614976e+02   7.0200000e+05
   7.9594243e+02   7.0100000e+05
   7.9573500e+02   7.0000000e+05
   7.9552749e+02   6.9900000e+05
   7.9532037e+02   6.9800000e+05
   7.9511124e+02   6.9700000e+05
   7.9490065e+02   6.9600000e+05
   7.9469416e+02   6.9500000e+05
   7.9448508e+02   6.9400000e+05
   7.9428356e+02   6.9300000e+05
   7.9406786e+02   6.9200000e+05
   7.9386011e+02   6.9100000e+05
   7.9365299e+02   6.9000000e+05
   7.9344546e+02   6.8900000e+05
   7.9324086e+02   6.8800000e+05
   7.9303048e+02   6.8700000e+05
   7.9281644e+02   6.8600000e+05
   7.9259691e+02   6.8500000e+05
   7.9234978e+02   6.8400000e+05
   7.9213215e+02   6.8300000e+05
   7.9190346e+02   6.8200000e+05
   7.9168992e+02   6.8100000e+05
   7.9147722e+02   6.8000000e+05
   7.9126599e+02   6.7900000e+05
   7.9105467e+02   6.7800000e+05
   7.9084261e+02   6.7700000e+05
   7.9063070e+02   6.7600000e+05
   7.9041876e+02   6.7500000e+05
   7.9020685e+02   6.7400000e+05
   7.9000000e+02   6.7302703e+05
   7.8999434e+02   6.7300000e+05
   7.8978487e+02   6.7200000e+05
   7.8957543e+02   6.7100000e+05
   7.8936532e+02   6.7000000e+05
   7.8915588e+02   6.6900000e+05
   7.8894752e+02   6.6800000e+05
   7.8873514e+02   6.6700000e+05
   7.8852504e+02   6.6600000e+05
   7.8831435e+02   6.6500000e+05
   7.8810356e+02   6.6400000e+05
   7.8789276e+02   6.6300000e+05
   7.8768197e+02   6.6200000e+05
   7.8747047e+02   6.6100000e+05
   7.8725865e+02   6.6000000e+05
   7.8704568e+02   6.5900000e+05
   7.8683280e+02   6.5800000e+05
   7.8661955e+02   6.5700000e+05
   7.8640506e+02   6.5600000e+05
   7.8619243e+02   6.5500000e+05
   7.8598149e+02   6.5400000e+05
   7.8577140e+02   6.5300000e+05
   7.8555987e+02   6.5200000e+05
   7.8534864e+02   6.5100000e+05
   7.8513706e+02   6.5000000e+05
   7.8493370e+02   6.4900000e+05
   7.8471286e+02   6.4800000e+05
   7.8449993e+02   6.4700000e+05
   7.8428733e+02   6.4600000e+05
   7.8407431e+02   6.4500000e+05
   7.8386126e+02   6.4400000e+05
   7.8364844e+02   6.4300000e+05
   7.8343134e+02   6.4200000e+05
   7.8321936e+02   6.4100000e+05
   7.8300374e+02   6.4000000e+05
   7.8278845e+02   6.3900000e+05
   7.8257272e+02   6.3800000e+05
   7.8235722e+02   6.3700000e+05
   7.8215610e+02   6.3600000e+05
   7.8192617e+02   6.3500000e+05
   7.8171019e+02   6.3400000e+05
   7.8149432e+02   6.3300000e+05
   7.8127832e+02   6.3200000e+05
   7.8106248e+02   6.3100000e+05
   7.8084575e+02   6.3000000e+05
   7.8062968e+02   6.2900000e+05
   7.8041364e+02   6.2800000e+05
   7.8019761e+02   6.2700000e+05
   7.8000000e+02   6.2608497e+05
   7.7998171e+02   6.2600000e+05
   7.7976579e+02   6.2500000e+05
   7.7954987e+02   6.2400000e+05
   7.7928826e+02   6.2300000e+05
   7.7910585e+02   6.2200000e+05
   7.7887525e+02   6.2100000e+05
   7.7864058e+02   6.2000000e+05
   7.7841072e+02   6.1900000e+05
   7.7818150e+02   6.1800000e+05
   7.7795803e+02   6.1700000e+05
   7.7773251e+02   6.1600000e+05
   7.7751537e+02   6.1500000e+05
   7.7729756e+02   6.1400000e+05
   7.7707978e+02   6.1300000e+05
   7.7686181e+02   6.1200000e+05
   7.7664362e+02   6.1100000e+05
   7.7642638e+02   6.1000000e+05
   7.7620940e+02   6.0900000e+05
   7.7599246e+02   6.0800000e+05
   7.7577554e+02   6.0700000e+05
   7.7555835e+02   6.0600000e+05
   7.7534078e+02   6.0500000e+05
   7.7512291e+02   6.0400000e+05
   7.7490295e+02   6.0300000e+05
   7.7468338e+02   6.0200000e+05
   7.7446314e+02   6.0100000e+05
   7.7424293e+02   6.0000000e+05
   7.7402276e+02   5.9900000e+05
   7.7380563e+02   5.9800000e+05
   7.7358250e+02   5.9700000e+05
   7.7336311e+02   5.9600000e+05
   7.7314375e+02   5.9500000e+05
   7.7292443e+02   5.9400000e+05
   7.7270444e+02   5.9300000e+05
   7.7248448e+02   5.9200000e+05
   7.7227448e+02   5.9100000e+05
   7.7204238e+02   5.9000000e+05
   7.7181875e+02   5.8900000e+05
   7.7159755e+02   5.8800000e+05
   7.7137631e+02   5.8700000e+05
   7.7115508e+02   5.8600000e+05
   7.7093491e+02   5.8500000e+05
   7.7071120e+02   5.8400000e+05
   7.7048833e+02   5.8300000e+05
   7.7026475e+02   5.8200000e+05
   7.7004181e+02   5.8100000e+05
   7.7000000e+02   5.8081013e+05
   7.6982285e+02   5.8000000e+05
   7.6960011e+02   5.7900000e+05
   7.6937880e+02   5.7800000e+05
   7.6915687e+02   5.7700000e+05
   7.6893739e+02   5.7600000e+05
   7.6871541e+02   5.7500000e+05
   7.6849325e+02   5.7400000e+05
   7.6827073e+02   5.7300000e+05
   7.6804814e+02   5.7200000e+05
   7.6782527e+02   5.7100000e+05
   7.6760221e+02   5.7000000e+05
   7.6738003e+02   5.6900000e+05
   7.6715669e+02   5.6800000e+05
   7.6692978e+02   5.6700000e+05
   7.6670791e+02   5.6600000e+05
   7.6648213e+02   5.6500000e+05
   7.6625855e+02   5.6400000e+05
   7.6603413e+02   5.6300000e+05
   7.6580991e+02   5.6200000e+05
   7.6558450e+02   5.6100000e+05
   7.6536023e+02   5.6000000e+05
   7.6513182e+02   5.5900000e+05
   7.6489700e+02   5.5800000e+05
   7.6466226e+02   5.5700000e+05
   7.6439718e+02   5.5600000e+05
   7.6417510e+02   5.5500000e+05
   7.6393994e+02   5.5400000e+05
   7.6372938e+02   5.5300000e+05
   7.6348003e+02   5.5200000e+05
   7.6325434e+02   5.5100000e+05
   7.6302658e+02   5.5000000e+05
   7.6280133e+02   5.4900000e+05
   7.6257764e+02   5.4800000e+05
   7.6235091e+02   5.4700000e+05
   7.6212368e+02   5.4600000e+05
   7.6189579e+02   5.4500000e+05
   7.6166793e+02   5.4400000e+05
   7.6143951e+02   5.4300000e+05
   7.6121101e+02   5.4200000e+05
   7.6098248e+02   5.4100000e+05
   7.6075342e+02   5.4000000e+05
   7.6052439e+02   5.3900000e+05
   7.6029531e+02   5.3800000e+05
   7.6006966e+02   5.3700000e+05
   7.6000000e+02   5.3669578e+05
   7.5984274e+02   5.3600000e+05
   7.5961601e+02   5.3500000e+05
   7.5938427e+02   5.3400000e+05
   7.5916133e+02   5.3300000e+05
   7.5893343e+02   5.3200000e+05
   7.5870491e+02   5.3100000e+05
   7.5847578e+02   5.3000000e+05
   7.5824570e+02   5.2900000e+05
   7.5801728e+02   5.2800000e+05
   7.5778889e+02   5.2700000e+05
   7.5756001e+02   5.2600000e+05
   7.5733102e+02   5.2500000e+05
   7.5710138e+02   5.2400000e+05
   7.5687245e+02   5.2300000e+05
   7.5664287e+02   5.2200000e+05
   7.5641264e+02   5.2100000e+05
   7.5618271e+02   5.2000000e+05
   7.5595256e+02   5.1900000e+05
   7.5572254e+02   5.1800000e+05
   7.5549473e+02   5.1700000e+05
   7.5526384e+02   5.1600000e+05
   7.5503196e+02   5.1500000e+05
   7.5480114e+02   5.1400000e+05
   7.5456937e+02   5.1300000e+05
   7.5433698e+02   5.1200000e+05
   7.5410370e+02   5.1100000e+05
   7.5386987e+02   5.1000000e+05
   7.5363735e+02   5.0900000e+05
   7.5340823e+02   5.0800000e+05
   7.5317376e+02   5.0700000e+05
   7.5294269e+02   5.0600000e+05
   7.5271245e+02   5.0500000e+05
   7.5248030e+02   5.0400000e+05
   7.5224676e+02   5.0300000e+05
   7.5200855e+02   5.0200000e+05
   7.5178089e+02   5.0100000e+05
   7.5154463e+02   5.0000000e+05
   7.5130889e+02   4.9900000e+05
   7.5107414e+02   4.9800000e+05
   7.5083814e+02   4.9700000e+05
   7.5060261e+02   4.9600000e+05
   7.5036773e+02   4.9500000e+05
   7.5013229e+02   4.9400000e+05
   7.5000000e+02   4.9344126e+05
   7.4989614e+02   4.9300000e+05
   7.4966138e+02   4.9200000e+05
   7.4942589e+02   4.9100000e+05
   7.4918966e+02   4.9000000e+05
   7.4891198e+02   4.8900000e+05
   7.4870755e+02   4.8800000e+05
   7.4845547e+02   4.8700000e+05
   7.4820679e+02   4.8600000e+05
   7.4795887e+02   4.8500000e+05
   7.4771524e+02   4.8400000e+05
   7.4749748e+02   4.8300000e+05
   7.4722918e+02   4.8200000e+05
   7.4699444e+02   4.8100000e+05
   7.4676020e+02   4.8000000e+05
   7.4652584e+02   4.7900000e+05
   7.4629116e+02   4.7800000e+05
   7.4605688e+02   4.7700000e+05
   7.4582018e+02   4.7600000e+05
   7.4558365e+02   4.7500000e+05
   7.4534627e+02   4.7400000e+05
   7.4510842e+02   4.7300000e+05
   7.4486980e+02   4.7200000e+05
   7.4462929e+02   4.7100000e+05
   7.4438977e+02   4.7000000e+05
   7.4415283e+02   4.6900000e+05
   7.4391430e+02   4.6800000e+05
   7.4367586e+02   4.6700000e+05
   7.4343685e+02   4.6600000e+05
   7.4319909e+02   4.6500000e+05
   7.4296039e+02   4.6400000e+05
   7.4271955e+02   4.6300000e+05
   7.4248010e+02   4.6200000e+05
   7.4223946e+02   4.6100000e+05
   7.4199813e+02   4.6000000e+05
   7.4175687e+02   4.5900000e+05
   7.4151422e+02   4.5800000e+05
   7.4127392e+02   4.5700000e+05
   7.4103118e+02   4.5600000e+05
   7.4078833e+02   4.5500000e+05
   7.4054544e+02   4.5400000e+05
   7.4030252e+02   4.5300000e+05
   7.4005956e+02   4.5200000e+05
   7.4000000e+02   4.5174052e+05
   7.3983100e+02   4.5100000e+05
   7.3957935e+02   4.5000000e+05
   7.3934251e+02   4.4900000e+05
   7.3910421e+02   4.4800000e+05
   7.3886652e+02   4.4700000e+05
   7.3862697e+02   4.4600000e+05
   7.3838617e+02   4.4500000e+05
   7.3814347e+02   4.4400000e+05
   7.3790729e+02   4.4300000e+05
   7.3766795e+02   4.4200000e+05
   7.3742542e+02   4.4100000e+05
   7.3718574e+02   4.4000000e+05
   7.3694334e+02   4.3900000e+05
   7.3667242e+02   4.3800000e+05
   7.3644746e+02   4.3700000e+05
   7.3619755e+02   4.3600000e+05
   7.3594738e+02   4.3500000e+05
   7.3569658e+02   4.3400000e+05
   7.3544647e+02   4.3300000e+05
   7.3519729e+02   4.3200000e+05
   7.3495393e+02   4.3100000e+05
   7.3470986e+02   4.3000000e+05
   7.3446673e+02   4.2900000e+05
   7.3421405e+02   4.2800000e+05
   7.3397072e+02   4.2700000e+05
   7.3372790e+02   4.2600000e+05
   7.3348007e+02   4.2500000e+05
   7.3322888e+02   4.2400000e+05
   7.3297627e+02   4.2300000e+05
   7.3273925e+02   4.2200000e+05
   7.3248643e+02   4.2100000e+05
   7.3223253e+02   4.2000000e+05
   7.3197839e+02   4.1900000e+05
   7.3172974e+02   4.1800000e+05
   7.3147812e+02   4.1700000e+05
   7.3131331e+02   4.1600000e+05
   7.3093164e+02   4.1500000e+05
   7.3067940e+02   4.1400000e+05
   7.3042889e+02   4.1300000e+05
   7.3017904e+02   4.1200000e+05
   7.3000000e+02   4.1128496e+05
   7.2992953e+02   4.1100000e+05
   7.2968163e+02   4.1000000e+05
   7.2943820e+02   4.0900000e+05
   7.2919551e+02   4.0800000e+05
   7.2893635e+02   4.0700000e+05
   7.2867423e+02   4.0600000e+05
   7.2851394e+02   4.0500000e+05
   7.2828310e+02   4.0400000e+05
   7.2812455e+02   4.0300000e+05
   7.2788374e+02   4.0200000e+05
   7.2770395e+02   4.0100000e+05
   7.2750033e+02   4.0000000e+05
   7.2728181e+02   3.9900000e+05
   7.2706317e+02   3.9800000e+05
   7.2684410e+02   3.9700000e+05
   7.2662141e+02   3.9600000e+05
   7.2640050e+02   3.9500000e+05
   7.2617273e+02   3.9400000e+05
   7.2594515e+02   3.9300000e+05
   7.2571261e+02   3.9200000e+05
   7.2548511e+02   3.9100000e+05
   7.2525264e+02   3.9000000e+05
   7.2502648e+02   3.8900000e+05
   7.2484320e+02   3.8800000e+05
   7.2461153e+02   3.8700000e+05
   7.2437431e+02   3.8600000e+05
   7.2413867e+02   3.8500000e+05
   7.2390306e+02   3.8400000e+05
   7.2366506e+02   3.8300000e+05
   7.2342705e+02   3.8200000e+05
   7.2318723e+02   3.8100000e+05
   7.2294504e+02   3.8000000e+05
   7.2270286e+02   3.7900000e+05
   7.2246115e+02   3.7800000e+05
   7.2222172e+02   3.7700000e+05
   7.2197464e+02   3.7600000e+05
   7.2173297e+02   3.7500000e+05
   7.2148521e+02   3.7400000e+05
   7.2123317e+02   3.7300000e+05
   7.2099246e+02   3.7200000e+05
   7.2074517e+02   3.7100000e+05
   7.2049610e+02   3.7000000e+05
   7.2024967e+02   3.6900000e+05
   7.2003826e+02   3.6800000e+05
   7.2000000e+02   3.6786019e+05
   7.1976581e+02   3.6700000e+05
   7.1953676e+02   3.6600000e+05
   7.1929183e+02   3.6500000e+05
   7.1909319e+02   3.6400000e+05
   7.1880424e+02   3.6300000e+05
   7.1852504e+02   3.6200000e+05
   7.1826455e+02   3.6100000e+05
   7.1803680e+02   3.6000000e+05
   7.1777557e+02   3.5900000e+05
   7.1751961e+02   3.5800000e+05
   7.1726712e+02   3.5700000e+05
   7.1701299e+02   3.5600000e+05
   7.1676397e+02   3.5500000e+05
   7.1651151e+02   3.5400000e+05
   7.1625402e+02   3.5300000e+05
   7.1600270e+02   3.5200000e+05
   7.1575092e+02   3.5100000e+05
   7.1549714e+02   3.5000000e+05
   7.1523907e+02   3.4900000e+05
   7.1498264e+02   3.4800000e+05
   7.1472612e+02   3.4700000e+05
   7.1447088e+02   3.4600000e+05
   7.1424519e+02   3.4500000e+05
   7.1399070e+02   3.4400000e+05
   7.1374028e+02   3.4300000e+05
   7.1348279e+02   3.4200000e+05
   7.1325065e+02   3.4100000e+05
   7.1302562e+02   3.4000000e+05
   7.1277000e+02   3.3900000e+05
   7.1250225e+02   3.3800000e+05
   7.1222081e+02   3.3700000e+05
   7.1197561e+02   3.3600000e+05
   7.1171880e+02   3.3500000e+05
   7.1145643e+02   3.3400000e+05
   7.1120084e+02   3.3300000e+05
   7.1093844e+02   3.3200000e+05
   7.1067617e+02   3.3100000e+05
   7.1041475e+02   3.3000000e+05
   7.1015585e+02   3.2900000e+05
   7.1000000e+02   3.2841063e+05
   7.0989186e+02   3.2800000e+05
   7.0963175e+02   3.2700000e+05
   7.0937381e+02   3.2600000e+05
   7.0910432e+02   3.2500000e+05
   7.0883909e+02   3.2400000e+05
   7.0857461e+02   3.2300000e+05
   7.0831089e+02   3.2200000e+05
   7.0805059e+02   3.2100000e+05
   7.0778561e+02   3.2000000e+05
   7.0752239e+02   3.1900000e+05
   7.0726787e+02   3.1800000e+05
   7.0700025e+02   3.1700000e+05
   7.0673556e+02   3.1600000e+05
   7.0647167e+02   3.1500000e+05
   7.0620431e+02   3.1400000e+05
   7.0594024e+02   3.1300000e+05
   7.0567315e+02   3.1200000e+05
   7.0540613e+02   3.1100000e+05
   7.0514012e+02   3.1000000e+05
   7.0487227e+02   3.0900000e+05
   7.0460439e+02   3.0800000e+05
   7.0433431e+02   3.0700000e+05
   7.0406675e+02   3.0600000e+05
   7.0379823e+02   3.0500000e+05
   7.0353072e+02   3.0400000e+05
   7.0326155e+02   3.0300000e+05
   7.0299149e+02   3.0200000e+05
   7.0272231e+02   3.0100000e+05
   7.0246273e+02   3.0000000e+05
   7.0223253e+02   2.9900000e+05
   7.0196456e+02   2.9800000e+05
   7.0169359e+02   2.9700000e+05
   7.0142388e+02   2.9600000e+05
   7.0115693e+02   2.9500000e+05
   7.0088265e+02   2.9400000e+05
   7.0061661e+02   2.9300000e+05
   7.0034420e+02   2.9200000e+05
   7.0007249e+02   2.9100000e+05
   7.0000000e+02   2.9073193e+05
   6.9980396e+02   2.9000000e+05
   6.9953805e+02   2.8900000e+05
   6.9926849e+02   2.8800000e+05
   6.9900587e+02   2.8700000e+05
   6.9883677e+02   2.8600000e+05
   7.0000000e+02   2.8513656e+05
   7.0015717e+02   2.8500000e+05
   7.0576090e+02   2.8400000e+05
   7.0827103e+02   2.8300000e+05
   7.0802005e+02   2.8200000e+05
   7.0776968e+02   2.8100000e+05
   7.0751936e+02   2.8000000e+05
   7.0726894e+02   2.7900000e+05
   7.0701672e+02   2.7800000e+05
   7.0676230e+02   2.7700000e+05
   7.0650881e+02   2.7600000e+05
   7.0625626e+02   2.7500000e+05
   7.0600403e+02   2.7400000e+05
   7.0575033e+02   2.7300000e+05
   7.0549597e+02   2.7200000e+05
   7.0524011e+02   2.7100000e+05
   7.0498472e+02   2.7000000e+05
   7.0473116e+02   2.6900000e+05
   7.0447680e+02   2.6800000e+05
   7.0422147e+02   2.6700000e+05
   7.0396439e+02   2.6600000e+05
   7.0370907e+02   2.6500000e+05
   7.0345199e+02   2.6400000e+05
   7.0319499e+02   2.6300000e+05
   7.0293739e+02   2.6200000e+05
   7.0267875e+02   2.6100000e+05
   7.0241950e+02   2.6000000e+05
   7.0216121e+02   2.5900000e+05
   7.0190266e+02   2.5800000e+05
   7.0164288e+02   2.5700000e+05
   7.0138437e+02   2.5600000e+05
   7.0112430e+02   2.5500000e+05
   7.0086183e+02   2.5400000e+05
   7.0059953e+02   2.5300000e+05
   7.0033792e+02   2.5200000e+05
   7.0007716e+02   2.5100000e+05
   7.0000000e+02   2.5070545e+05
   6.9981728e+02   2.5000000e+05
   6.9955772e+02   2.4900000e+05
   6.9930243e+02   2.4800000e+05
   6.9904072e+02   2.4700000e+05
   6.9877933e+02   2.4600000e+05
   6.9851515e+02   2.4500000e+05
   6.9825466e+02   2.4400000e+05
   6.9799449e+02   2.4300000e+05
   6.9773132e+02   2.4200000e+05
   6.9746703e+02   2.4100000e+05
   6.9720394e+02   2.4000000e+05
   6.9694188e+02   2.3900000e+05
   6.9668010e+02   2.3800000e+05
   6.9641477e+02   2.3700000e+05
   6.9614779e+02   2.3600000e+05
   6.9588318e+02   2.3500000e+05
   6.9562024e+02   2.3400000e+05
   6.9535376e+02   2.3300000e+05
   6.9509177e+02   2.3200000e+05
   6.9481905e+02   2.3100000e+05
   6.9455086e+02   2.3000000e+05
   6.9233753e+02   2.2900000e+05
   6.9000000e+02   2.2849295e+05
   6.8601763e+02   2.2800000e+05
   6.8573341e+02   2.2700000e+05
   6.8544509e+02   2.2600000e+05
   6.8535162e+02   2.2500000e+05
   6.8000000e+02   2.2424556e+05
   6.7824834e+02   2.2400000e+05
   6.7800148e+02   2.2300000e+05
   6.7625519e+02   2.2200000e+05
   6.7524234e+02   2.2100000e+05
   6.7474119e+02   2.2000000e+05
   6.7404162e+02   2.1900000e+05
   6.7278944e+02   2.1800000e+05
   6.7232614e+02   2.1700000e+05
   6.7098942e+02   2.1600000e+05
   6.7000000e+02   2.1524733e+05
   6.6968306e+02   2.1500000e+05
   6.6739452e+02   2.1400000e+05
   6.6456338e+02   2.1300000e+05
   6.6368418e+02   2.1200000e+05
   6.6260975e+02   2.1100000e+05
   6.6177592e+02   2.1000000e+05
   6.6101927e+02   2.0900000e+05
   6.6077768e+02   2.0800000e+05
   6.6053630e+02   2.0700000e+05
   6.6032589e+02   2.0600000e+05
   6.6005388e+02   2.0500000e+05
   6.6000000e+02   2.0477778e+05
   6.5981369e+02   2.0400000e+05
   6.5957421e+02   2.0300000e+05
   6.5935965e+02   2.0200000e+05
   6.5909349e+02   2.0100000e+05
   6.5885227e+02   2.0000000e+05
   6.5861220e+02   1.9900000e+05
   6.5839447e+02   1.9800000e+05
   6.5812791e+02   1.9700000e+05
   6.5788503e+02   1.9600000e+05
   6.5764236e+02   1.9500000e+05
   6.5741683e+02   1.9400000e+05
   6.5715365e+02   1.9300000e+05
   6.5690941e+02   1.9200000e+05
   6.5666385e+02   1.9100000e+05
   6.5641813e+02   1.9000000e+05
   6.5617137e+02   1.8900000e+05
   6.5592628e+02   1.8800000e+05
   6.5567942e+02   1.8700000e+05
   6.5543137e+02   1.8600000e+05
   6.5518277e+02   1.8500000e+05
   6.5493446e+02   1.8400000e+05
   6.5468559e+02   1.8300000e+05
   6.5443585e+02   1.8200000e+05
   6.5418640e+02   1.8100000e+05
   6.5393586e+02   1.8000000e+05
   6.5368440e+02   1.7900000e+05
   6.5343218e+02   1.7800000e+05
   6.5318097e+02   1.7700000e+05
   6.5292882e+02   1.7600000e+05
   6.5267584e+02   1.7500000e+05
   6.5242166e+02   1.7400000e+05
   6.5216769e+02   1.7300000e+05
   6.5191247e+02   1.7200000e+05
   6.5165741e+02   1.7100000e+05
   6.5140202e+02   1.7000000e+05
   6.5114605e+02   1.6900000e+05
   6.5088961e+02   1.6800000e+05
   6.5063235e+02   1.6700000e+05
   6.5037410e+02   1.6600000e+05
   6.5011584e+02   1.6500000e+05
   6.5000000e+02   1.6455349e+05
   6.4985818e+02   1.6400000e+05
   6.4960257e+02   1.6300000e+05
   6.4934692e+02   1.6200000e+05
   6.4908907e+02   1.6100000e+05
   6.4883117e+02   1.6000000e+05
   6.4857271e+02   1.5900000e+05
   6.4831368e+02   1.5800000e+05
   6.4805422e+02   1.5700000e+05
   6.4779426e+02   1.5600000e+05
   6.4753380e+02   1.5500000e+05
   6.4727208e+02   1.5400000e+05
   6.4701167e+02   1.5300000e+05
   6.4675428e+02   1.5200000e+05
   6.4651652e+02   1.5100000e+05
   6.4628127e+02   1.5000000e+05
   6.4604444e+02   1.4900000e+05
   6.4580551e+02   1.4800000e+05
   6.4556460e+02   1.4700000e+05
   6.4532165e+02   1.4600000e+05
   6.4507658e+02   1.4500000e+05
   6.4483084e+02   1.4400000e+05
   6.4458398e+02   1.4300000e+05
   6.4433446e+02   1.4200000e+05
   6.4408025e+02   1.4100000e+05
   6.4382789e+02   1.4000000e+05
   6.4357423e+02   1.3900000e+05
   6.4331911e+02   1.3800000e+05
   6.4305895e+02   1.3700000e+05
   6.4279682e+02   1.3600000e+05
   6.4253261e+02   1.3500000e+05
   6.4226615e+02   1.3400000e+05
   6.4199478e+02   1.3300000e+05
   6.4172187e+02   1.3200000e+05
   6.4144685e+02   1.3100000e+05
   6.4111804e+02   1.3000000e+05
   6.4081416e+02   1.2900000e+05
   6.4000000e+02   1.2865102e+05
   6.3871337e+02   1.2800000e+05
   6.3731357e+02   1.2700000e+05
   6.3548539e+02   1.2600000e+05
   6.3405458e+02   1.2500000e+05
   6.3279829e+02   1.2400000e+05
   6.3091639e+02   1.2300000e+05
   6.3000000e+02   1.2280178e+05
   6.2331053e+02   1.2200000e+05
   6.2301448e+02   1.2100000e+05
   6.2239268e+02   1.2000000e+05
   6.2144008e+02   1.1900000e+05
   6.2015839e+02   1.1800000e+05
   6.2000000e+02   1.1784129e+05
   6.1916772e+02   1.1700000e+05
   6.1824843e+02   1.1600000e+05
   6.1741507e+02   1.1500000e+05
   6.1664310e+02   1.1400000e+05
   6.1591812e+02   1.1300000e+05
   6.1523522e+02   1.1200000e+05
   6.1458728e+02   1.1100000e+05
   6.1396500e+02   1.1000000e+05
   6.1000000e+02   1.0929095e+05
   6.0841694e+02   1.0900000e+05
   6.0716975e+02   1.0800000e+05
   6.0606377e+02   1.0700000e+05
   6.0517615e+02   1.0600000e+05
   6.0442784e+02   1.0500000e+05
   6.0375696e+02   1.0400000e+05
   6.0314521e+02   1.0300000e+05
   6.0257463e+02   1.0200000e+05
   6.0202380e+02   1.0100000e+05
   6.0148800e+02   1.0000000e+05
   6.0098283e+02   9.9000000e+04
   6.0046280e+02   9.8000000e+04
   6.0000000e+02   9.7118435e+04
   5.9993861e+02   9.7000000e+04
   5.9942163e+02   9.6000000e+04
   5.9892029e+02   9.5000000e+04
   5.9839471e+02   9.4000000e+04
   5.9785145e+02   9.3000000e+04
   5.9730155e+02   9.2000000e+04
   5.9675623e+02   9.1000000e+04
   5.9620031e+02   9.0000000e+04
   5.9562582e+02   8.9000000e+04
   5.9505150e+02   8.8000000e+04
   5.9445109e+02   8.7000000e+04
   5.9385398e+02   8.6000000e+04
   5.9323089e+02   8.5000000e+04
   5.9261839e+02   8.4000000e+04
   5.9192852e+02   8.3000000e+04
   5.9127706e+02   8.2000000e+04
   5.9076553e+02   8.1000000e+04
   5.9031465e+02   8.0000000e+04
   5.9000000e+02   7.9218833e+04
   5.8991395e+02   7.9000000e+04
   5.8951095e+02   7.8000000e+04
   5.8915151e+02   7.7000000e+04
   5.8883705e+02   7.6000000e+04
   5.8852575e+02   7.5000000e+04
   5.8819059e+02   7.4000000e+04
   5.8779025e+02   7.3000000e+04
   5.8743057e+02   7.2000000e+04
   5.8702300e+02   7.1000000e+04
   5.8667556e+02   7.0000000e+04
   5.8630682e+02   6.9000000e+04
   5.8596855e+02   6.8000000e+04
   5.8559067e+02   6.7000000e+04
   5.8521496e+02   6.6000000e+04
   5.8484659e+02   6.5000000e+04
   5.8450357e+02   6.4000000e+04
   5.8408347e+02   6.3000000e+04
   5.8372849e+02   6.2000000e+04
   5.8335910e+02   6.1000000e+04
   5.8301029e+02   6.0000000e+04
   5.8261168e+02   5.9000000e+04
   5.8224807e+02   5.8000000e+04
   5.8184640e+02   5.7000000e+04
   5.8149244e+02   5.6000000e+04
   5.8110235e+02   5.5000000e+04
   5.8071794e+02   5.4000000e+04
   5.8032150e+02   5.3000000e+04
   5.8000000e+02   5.2107246e+04
   5.7996192e+02   5.2000000e+04
   5.7951212e+02   5.1000000e+04
   5.7924099e+02   5.0000000e+04
   5.7741824e+02   4.9000000e+04
   5.7698525e+02   4.8000000e+04
   5.7661062e+02   4.7000000e+04
   5.7619424e+02   4.6000000e+04
   5.7580174e+02   4.5000000e+04
   5.7545366e+02   4.4000000e+04
   5.7505869e+02   4.3000000e+04
   5.7462583e+02   4.2000000e+04
   5.7424530e+02   4.1000000e+04
   5.7389239e+02   4.0000000e+04
   5.7348401e+02   3.9000000e+04
   5.7306064e+02   3.8000000e+04
   5.7270154e+02   3.7000000e+04
   5.7228294e+02   3.6000000e+04
   5.7186894e+02   3.5000000e+04
   5.7145138e+02   3.4000000e+04
   5.7108567e+02   3.3000000e+04
   5.7065415e+02   3.2000000e+04
   5.7024005e+02   3.1000000e+04
   5.7000000e+02   3.0434099e+04
   5.6981870e+02   3.0000000e+04
   5.6945168e+02   2.9000000e+04
   5.6902416e+02   2.8000000e+04
   5.6860404e+02   2.7000000e+04
   5.6817131e+02   2.6000000e+04
   5.6779597e+02   2.5000000e+04
   5.6737438e+02   2.4000000e+04
   5.6693830e+02   2.3000000e+04
   5.6650045e+02   2.2000000e+04
   5.6611918e+02   2.1000000e+04
   5.6567881e+02   2.0000000e+04
   5.6524339e+02   1.9000000e+04
   5.6479915e+02   1.8000000e+04
   5.6440948e+02   1.7000000e+04
   5.6397060e+02   1.6000000e+04
   5.6352221e+02   1.5000000e+04
   5.6318633e+02   1.4000000e+04
   5.6318345e+02   1.3000000e+04
   5.6305400e+02   1.2000000e+04
   5.6272367e+02   1.1000000e+04
   5.6225661e+02   1.0000000e+04
   5.6185587e+02   9.0000000e+03
   5.6142724e+02   8.0000000e+03
   5.6099644e+02   7.0000000e+03
   5.6056355e+02   6.0000000e+03
   5.6009755e+02   5.0000000e+03
   5.6000000e+02   4.7945652e+03
   5.5962679e+02   4.0000000e+03
   5.5924432e+02   3.0000000e+03
   5.5097377e+02   2.0000000e+03
   5.5057730e+02   1.0000000e+03
   5.5000000e+02   0.0000000e+00
   5.5000000e+02   0.0000000e+00
