   4.1542534e+03   1.3500000e+06
   4.1527070e+03   1.3490000e+06
   4.1511909e+03   1.3480000e+06
   4.1500000e+03   1.3472276e+06
   4.1496496e+03   1.3470000e+06
   4.1481106e+03   1.3460000e+06
   4.1465703e+03   1.3450000e+06
   4.1450258e+03   1.3440000e+06
   4.1435303e+03   1.3430000e+06
   4.1420690e+03   1.3420000e+06
   4.1405975e+03   1.3410000e+06
   4.1400000e+03   1.3405791e+06
   4.1391805e+03   1.3400000e+06
   4.1377186e+03   1.3390000e+06
   4.1362654e+03   1.3380000e+06
   4.1348225e+03   1.3370000e+06
   4.1334295e+03   1.3360000e+06
   4.1320632e+03   1.3350000e+06
   4.1306893e+03   1.3340000e+06
   4.1300000e+03   1.3334976e+06
   4.1293152e+03   1.3330000e+06
   4.1279364e+03   1.3320000e+06
   4.1265415e+03   1.3310000e+06
   4.1252173e+03   1.3300000e+06
   4.1238879e+03   1.3290000e+06
   4.1225616e+03   1.3280000e+06
   4.1212391e+03   1.3270000e+06
   4.1200000e+03   1.3260636e+06
   4.1199149e+03   1.3260000e+06
   4.1185843e+03   1.3250000e+06
   4.1172872e+03   1.3240000e+06
   4.1160031e+03   1.3230000e+06
   4.1147436e+03   1.3220000e+06
   4.1134600e+03   1.3210000e+06
   4.1121722e+03   1.3200000e+06
   4.1108844e+03   1.3190000e+06
   4.1100000e+03   1.3183115e+06
   4.1096013e+03   1.3180000e+06
   4.1083854e+03   1.3170000e+06
   4.1071618e+03   1.3160000e+06
   4.1059457e+03   1.3150000e+06
   4.1047636e+03   1.3140000e+06
   4.1035479e+03   1.3130000e+06
   4.1023292e+03   1.3120000e+06
   4.1011452e+03   1.3110000e+06
   4.1000000e+03   1.3100201e+06
   4.0999766e+03   1.3100000e+06
   4.0988142e+03   1.3090000e+06
   4.0976584e+03   1.3080000e+06
   4.0965121e+03   1.3070000e+06
   4.0953569e+03   1.3060000e+06
   4.0942592e+03   1.3050000e+06
   4.0930929e+03   1.3040000e+06
   4.0919733e+03   1.3030000e+06
   4.0908606e+03   1.3020000e+06
   4.0900000e+03   1.3012269e+06
   4.0897479e+03   1.3010000e+06
   4.0886395e+03   1.3000000e+06
   4.0877818e+03   1.2990000e+06
   4.0865297e+03   1.2980000e+06
   4.0855263e+03   1.2970000e+06
   4.0845268e+03   1.2960000e+06
   4.0835311e+03   1.2950000e+06
   4.0825392e+03   1.2940000e+06
   4.0815522e+03   1.2930000e+06
   4.0805477e+03   1.2920000e+06
   4.0800000e+03   1.2914607e+06
   4.0795293e+03   1.2910000e+06
   4.0785071e+03   1.2900000e+06
   4.0774883e+03   1.2890000e+06
   4.0764715e+03   1.2880000e+06
   4.0754573e+03   1.2870000e+06
   4.0744452e+03   1.2860000e+06
   4.0734216e+03   1.2850000e+06
   4.0724043e+03   1.2840000e+06
   4.0713875e+03   1.2830000e+06
   4.0703701e+03   1.2820000e+06
   4.0700000e+03   1.2816319e+06
   4.0693653e+03   1.2810000e+06
   4.0683603e+03   1.2800000e+06
   4.0673642e+03   1.2790000e+06
   4.0663707e+03   1.2780000e+06
   4.0653798e+03   1.2770000e+06
   4.0643961e+03   1.2760000e+06
   4.0634132e+03   1.2750000e+06
   4.0624329e+03   1.2740000e+06
   4.0614460e+03   1.2730000e+06
   4.0604577e+03   1.2720000e+06
   4.0600000e+03   1.2715371e+06
   4.0594710e+03   1.2710000e+06
   4.0584688e+03   1.2700000e+06
   4.0573975e+03   1.2690000e+06
   4.0564736e+03   1.2680000e+06
   4.0554919e+03   1.2670000e+06
   4.0545880e+03   1.2660000e+06
   4.0536730e+03   1.2650000e+06
   4.0529130e+03   1.2640000e+06
   4.0521276e+03   1.2630000e+06
   4.0513585e+03   1.2620000e+06
   4.0505835e+03   1.2610000e+06
   4.0500000e+03   1.2602381e+06
   4.0498179e+03   1.2600000e+06
   4.0490429e+03   1.2590000e+06
   4.0482461e+03   1.2580000e+06
   4.0474777e+03   1.2570000e+06
   4.0466986e+03   1.2560000e+06
   4.0459200e+03   1.2550000e+06
   4.0451404e+03   1.2540000e+06
   4.0443608e+03   1.2530000e+06
   4.0435823e+03   1.2520000e+06
   4.0428024e+03   1.2510000e+06
   4.0420251e+03   1.2500000e+06
   4.0412422e+03   1.2490000e+06
   4.0404620e+03   1.2480000e+06
   4.0400000e+03   1.2474091e+06
   4.0396804e+03   1.2470000e+06
   4.0388993e+03   1.2460000e+06
   4.0381156e+03   1.2450000e+06
   4.0373348e+03   1.2440000e+06
   4.0365518e+03   1.2430000e+06
   4.0357703e+03   1.2420000e+06
   4.0349874e+03   1.2410000e+06
   4.0342004e+03   1.2400000e+06
   4.0334177e+03   1.2390000e+06
   4.0326312e+03   1.2380000e+06
   4.0318463e+03   1.2370000e+06
   4.0310591e+03   1.2360000e+06
   4.0302718e+03   1.2350000e+06
   4.0300000e+03   1.2346548e+06
   4.0294857e+03   1.2340000e+06
   4.0287034e+03   1.2330000e+06
   4.0279179e+03   1.2320000e+06
   4.0271301e+03   1.2310000e+06
   4.0263448e+03   1.2300000e+06
   4.0255578e+03   1.2290000e+06
   4.0247696e+03   1.2280000e+06
   4.0239781e+03   1.2270000e+06
   4.0231899e+03   1.2260000e+06
   4.0223985e+03   1.2250000e+06
   4.0216071e+03   1.2240000e+06
   4.0208157e+03   1.2230000e+06
   4.0200307e+03   1.2220000e+06
   4.0200000e+03   1.2219612e+06
   4.0192410e+03   1.2210000e+06
   4.0184513e+03   1.2200000e+06
   4.0176585e+03   1.2190000e+06
   4.0168679e+03   1.2180000e+06
   4.0160760e+03   1.2170000e+06
   4.0152879e+03   1.2160000e+06
   4.0144907e+03   1.2150000e+06
   4.0136972e+03   1.2140000e+06
   4.0129060e+03   1.2130000e+06
   4.0121137e+03   1.2120000e+06
   4.0113209e+03   1.2110000e+06
   4.0105253e+03   1.2100000e+06
   4.0100000e+03   1.2093390e+06
   4.0097308e+03   1.2090000e+06
   4.0089365e+03   1.2080000e+06
   4.0081390e+03   1.2070000e+06
   4.0073426e+03   1.2060000e+06
   4.0065464e+03   1.2050000e+06
   4.0057471e+03   1.2040000e+06
   4.0049509e+03   1.2030000e+06
   4.0041566e+03   1.2020000e+06
   4.0033606e+03   1.2010000e+06
   4.0025544e+03   1.2000000e+06
   4.0017577e+03   1.1990000e+06
   4.0009611e+03   1.1980000e+06
   4.0001612e+03   1.1970000e+06
   4.0000000e+03   1.1967985e+06
   3.9993629e+03   1.1960000e+06
   3.9985655e+03   1.1950000e+06
   3.9977704e+03   1.1940000e+06
   3.9969704e+03   1.1930000e+06
   3.9961708e+03   1.1920000e+06
   3.9953625e+03   1.1910000e+06
   3.9945681e+03   1.1900000e+06
   3.9937661e+03   1.1890000e+06
   3.9929624e+03   1.1880000e+06
   3.9921549e+03   1.1870000e+06
   3.9913515e+03   1.1860000e+06
   3.9905420e+03   1.1850000e+06
   3.9900000e+03   1.1843258e+06
   3.9897388e+03   1.1840000e+06
   3.9889325e+03   1.1830000e+06
   3.9881316e+03   1.1820000e+06
   3.9873293e+03   1.1810000e+06
   3.9865270e+03   1.1800000e+06
   3.9857247e+03   1.1790000e+06
   3.9849162e+03   1.1780000e+06
   3.9841090e+03   1.1770000e+06
   3.9833024e+03   1.1760000e+06
   3.9824955e+03   1.1750000e+06
   3.9816870e+03   1.1740000e+06
   3.9808819e+03   1.1730000e+06
   3.9800746e+03   1.1720000e+06
   3.9800000e+03   1.1719079e+06
   3.9792654e+03   1.1710000e+06
   3.9784568e+03   1.1700000e+06
   3.9776463e+03   1.1690000e+06
   3.9768368e+03   1.1680000e+06
   3.9760233e+03   1.1670000e+06
   3.9752133e+03   1.1660000e+06
   3.9744076e+03   1.1650000e+06
   3.9735920e+03   1.1640000e+06
   3.9727805e+03   1.1630000e+06
   3.9719747e+03   1.1620000e+06
   3.9711607e+03   1.1610000e+06
   3.9703461e+03   1.1600000e+06
   3.9700000e+03   1.1595753e+06
   3.9695322e+03   1.1590000e+06
   3.9687191e+03   1.1580000e+06
   3.9679078e+03   1.1570000e+06
   3.9670907e+03   1.1560000e+06
   3.9662778e+03   1.1550000e+06
   3.9654678e+03   1.1540000e+06
   3.9646538e+03   1.1530000e+06
   3.9638337e+03   1.1520000e+06
   3.9630213e+03   1.1510000e+06
   3.9622052e+03   1.1500000e+06
   3.9613872e+03   1.1490000e+06
   3.9605656e+03   1.1480000e+06
   3.9600000e+03   1.1473146e+06
   3.9597413e+03   1.1470000e+06
   3.9589284e+03   1.1460000e+06
   3.9581092e+03   1.1450000e+06
   3.9572900e+03   1.1440000e+06
   3.9564728e+03   1.1430000e+06
   3.9556533e+03   1.1420000e+06
   3.9548368e+03   1.1410000e+06
   3.9540131e+03   1.1400000e+06
   3.9532012e+03   1.1390000e+06
   3.9523793e+03   1.1380000e+06
   3.9515565e+03   1.1370000e+06
   3.9507365e+03   1.1360000e+06
   3.9500000e+03   1.1351047e+06
   3.9499140e+03   1.1350000e+06
   3.9490927e+03   1.1340000e+06
   3.9482694e+03   1.1330000e+06
   3.9474446e+03   1.1320000e+06
   3.9466173e+03   1.1310000e+06
   3.9457913e+03   1.1300000e+06
   3.9449674e+03   1.1290000e+06
   3.9441427e+03   1.1280000e+06
   3.9433257e+03   1.1270000e+06
   3.9424948e+03   1.1260000e+06
   3.9416721e+03   1.1250000e+06
   3.9408492e+03   1.1240000e+06
   3.9400268e+03   1.1230000e+06
   3.9400000e+03   1.1229674e+06
   3.9392052e+03   1.1220000e+06
   3.9383804e+03   1.1210000e+06
   3.9375533e+03   1.1200000e+06
   3.9367247e+03   1.1190000e+06
   3.9359001e+03   1.1180000e+06
   3.9350704e+03   1.1170000e+06
   3.9342255e+03   1.1160000e+06
   3.9333965e+03   1.1150000e+06
   3.9325681e+03   1.1140000e+06
   3.9317355e+03   1.1130000e+06
   3.9309001e+03   1.1120000e+06
   3.9300642e+03   1.1110000e+06
   3.9300000e+03   1.1109223e+06
   3.9292388e+03   1.1100000e+06
   3.9284042e+03   1.1090000e+06
   3.9275679e+03   1.1080000e+06
   3.9267338e+03   1.1070000e+06
   3.9258979e+03   1.1060000e+06
   3.9250625e+03   1.1050000e+06
   3.9242310e+03   1.1040000e+06
   3.9233933e+03   1.1030000e+06
   3.9225555e+03   1.1020000e+06
   3.9217178e+03   1.1010000e+06
   3.9208831e+03   1.1000000e+06
   3.9200485e+03   1.0990000e+06
   3.9200000e+03   1.0989421e+06
   3.9192127e+03   1.0980000e+06
   3.9183766e+03   1.0970000e+06
   3.9175375e+03   1.0960000e+06
   3.9166974e+03   1.0950000e+06
   3.9158626e+03   1.0940000e+06
   3.9150235e+03   1.0930000e+06
   3.9141850e+03   1.0920000e+06
   3.9133455e+03   1.0910000e+06
   3.9125065e+03   1.0900000e+06
   3.9116674e+03   1.0890000e+06
   3.9108266e+03   1.0880000e+06
   3.9100000e+03   1.0870199e+06
   3.9099832e+03   1.0870000e+06
   3.9091411e+03   1.0860000e+06
   3.9082980e+03   1.0850000e+06
   3.9074577e+03   1.0840000e+06
   3.9066138e+03   1.0830000e+06
   3.9057722e+03   1.0820000e+06
   3.9049275e+03   1.0810000e+06
   3.9040805e+03   1.0800000e+06
   3.9032350e+03   1.0790000e+06
   3.9023895e+03   1.0780000e+06
   3.9015441e+03   1.0770000e+06
   3.9006957e+03   1.0760000e+06
   3.9000000e+03   1.0751804e+06
   3.8998474e+03   1.0750000e+06
   3.8990012e+03   1.0740000e+06
   3.8981530e+03   1.0730000e+06
   3.8973141e+03   1.0720000e+06
   3.8964678e+03   1.0710000e+06
   3.8956191e+03   1.0700000e+06
   3.8947703e+03   1.0690000e+06
   3.8939234e+03   1.0680000e+06
   3.8930699e+03   1.0670000e+06
   3.8922209e+03   1.0660000e+06
   3.8913678e+03   1.0650000e+06
   3.8905110e+03   1.0640000e+06
   3.8900000e+03   1.0634001e+06
   3.8896605e+03   1.0630000e+06
   3.8888087e+03   1.0620000e+06
   3.8879593e+03   1.0610000e+06
   3.8871064e+03   1.0600000e+06
   3.8862541e+03   1.0590000e+06
   3.8854037e+03   1.0580000e+06
   3.8845475e+03   1.0570000e+06
   3.8836933e+03   1.0560000e+06
   3.8828405e+03   1.0550000e+06
   3.8819839e+03   1.0540000e+06
   3.8811283e+03   1.0530000e+06
   3.8802725e+03   1.0520000e+06
   3.8800000e+03   1.0516814e+06
   3.8794182e+03   1.0510000e+06
   3.8785622e+03   1.0500000e+06
   3.8777052e+03   1.0490000e+06
   3.8768476e+03   1.0480000e+06
   3.8759889e+03   1.0470000e+06
   3.8751323e+03   1.0460000e+06
   3.8742743e+03   1.0450000e+06
   3.8734139e+03   1.0440000e+06
   3.8725547e+03   1.0430000e+06
   3.8716899e+03   1.0420000e+06
   3.8708274e+03   1.0410000e+06
   3.8700000e+03   1.0400440e+06
   3.8699620e+03   1.0400000e+06
   3.8691024e+03   1.0390000e+06
   3.8682398e+03   1.0380000e+06
   3.8673771e+03   1.0370000e+06
   3.8665175e+03   1.0360000e+06
   3.8656549e+03   1.0350000e+06
   3.8647890e+03   1.0340000e+06
   3.8639259e+03   1.0330000e+06
   3.8630627e+03   1.0320000e+06
   3.8621964e+03   1.0310000e+06
   3.8613333e+03   1.0300000e+06
   3.8604666e+03   1.0290000e+06
   3.8600000e+03   1.0284609e+06
   3.8596018e+03   1.0280000e+06
   3.8587350e+03   1.0270000e+06
   3.8578705e+03   1.0260000e+06
   3.8569957e+03   1.0250000e+06
   3.8561354e+03   1.0240000e+06
   3.8552641e+03   1.0230000e+06
   3.8543960e+03   1.0220000e+06
   3.8535253e+03   1.0210000e+06
   3.8526550e+03   1.0200000e+06
   3.8517828e+03   1.0190000e+06
   3.8509106e+03   1.0180000e+06
   3.8500384e+03   1.0170000e+06
   3.8500000e+03   1.0169560e+06
   3.8491682e+03   1.0160000e+06
   3.8482956e+03   1.0150000e+06
   3.8474235e+03   1.0140000e+06
   3.8465509e+03   1.0130000e+06
   3.8456783e+03   1.0120000e+06
   3.8448026e+03   1.0110000e+06
   3.8439318e+03   1.0100000e+06
   3.8430574e+03   1.0090000e+06
   3.8421824e+03   1.0080000e+06
   3.8413039e+03   1.0070000e+06
   3.8404277e+03   1.0060000e+06
   3.8400000e+03   1.0055136e+06
   3.8395498e+03   1.0050000e+06
   3.8386706e+03   1.0040000e+06
   3.8377967e+03   1.0030000e+06
   3.8369211e+03   1.0020000e+06
   3.8360448e+03   1.0010000e+06
   3.8351671e+03   1.0000000e+06
   3.8342875e+03   9.9900000e+05
   3.8334058e+03   9.9800000e+05
   3.8325260e+03   9.9700000e+05
   3.8316462e+03   9.9600000e+05
   3.8307563e+03   9.9500000e+05
   3.8300000e+03   9.9414234e+05
   3.8298748e+03   9.9400000e+05
   3.8289999e+03   9.9300000e+05
   3.8281135e+03   9.9200000e+05
   3.8272292e+03   9.9100000e+05
   3.8263519e+03   9.9000000e+05
   3.8254659e+03   9.8900000e+05
   3.8245766e+03   9.8800000e+05
   3.8236909e+03   9.8700000e+05
   3.8228049e+03   9.8600000e+05
   3.8219164e+03   9.8500000e+05
   3.8210356e+03   9.8400000e+05
   3.8201497e+03   9.8300000e+05
   3.8200000e+03   9.8283251e+05
   3.8192571e+03   9.8200000e+05
   3.8183753e+03   9.8100000e+05
   3.8174837e+03   9.8000000e+05
   3.8165980e+03   9.7900000e+05
   3.8157091e+03   9.7800000e+05
   3.8148193e+03   9.7700000e+05
   3.8139300e+03   9.7600000e+05
   3.8130388e+03   9.7500000e+05
   3.8121493e+03   9.7400000e+05
   3.8112548e+03   9.7300000e+05
   3.8103602e+03   9.7200000e+05
   3.8100000e+03   9.7159738e+05
   3.8094664e+03   9.7100000e+05
   3.8085710e+03   9.7000000e+05
   3.8076781e+03   9.6900000e+05
   3.8067835e+03   9.6800000e+05
   3.8058889e+03   9.6700000e+05
   3.8049972e+03   9.6600000e+05
   3.8041026e+03   9.6500000e+05
   3.8032059e+03   9.6400000e+05
   3.8023041e+03   9.6300000e+05
   3.8014058e+03   9.6200000e+05
   3.8005097e+03   9.6100000e+05
   3.8000000e+03   9.6043285e+05
   3.7996122e+03   9.6000000e+05
   3.7987158e+03   9.5900000e+05
   3.7978188e+03   9.5800000e+05
   3.7969230e+03   9.5700000e+05
   3.7960233e+03   9.5600000e+05
   3.7951246e+03   9.5500000e+05
   3.7942211e+03   9.5400000e+05
   3.7933211e+03   9.5300000e+05
   3.7924193e+03   9.5200000e+05
   3.7915202e+03   9.5100000e+05
   3.7906189e+03   9.5000000e+05
   3.7900000e+03   9.4931597e+05
   3.7897147e+03   9.4900000e+05
   3.7888149e+03   9.4800000e+05
   3.7879120e+03   9.4700000e+05
   3.7870071e+03   9.4600000e+05
   3.7861027e+03   9.4500000e+05
   3.7851928e+03   9.4400000e+05
   3.7842883e+03   9.4300000e+05
   3.7833838e+03   9.4200000e+05
   3.7824756e+03   9.4100000e+05
   3.7815654e+03   9.4000000e+05
   3.7806560e+03   9.3900000e+05
   3.7800000e+03   9.3828007e+05
   3.7797455e+03   9.3800000e+05
   3.7788370e+03   9.3700000e+05
   3.7779255e+03   9.3600000e+05
   3.7770148e+03   9.3500000e+05
   3.7761065e+03   9.3400000e+05
   3.7751968e+03   9.3300000e+05
   3.7742853e+03   9.3200000e+05
   3.7733738e+03   9.3100000e+05
   3.7724623e+03   9.3000000e+05
   3.7715477e+03   9.2900000e+05
   3.7706332e+03   9.2800000e+05
   3.7700000e+03   9.2730756e+05
   3.7697195e+03   9.2700000e+05
   3.7688074e+03   9.2600000e+05
   3.7678954e+03   9.2500000e+05
   3.7669783e+03   9.2400000e+05
   3.7660641e+03   9.2300000e+05
   3.7651472e+03   9.2200000e+05
   3.7642327e+03   9.2100000e+05
   3.7633143e+03   9.2000000e+05
   3.7623896e+03   9.1900000e+05
   3.7614710e+03   9.1800000e+05
   3.7605536e+03   9.1700000e+05
   3.7600000e+03   9.1640007e+05
   3.7596319e+03   9.1600000e+05
   3.7587122e+03   9.1500000e+05
   3.7577917e+03   9.1400000e+05
   3.7568756e+03   9.1300000e+05
   3.7559502e+03   9.1200000e+05
   3.7550239e+03   9.1100000e+05
   3.7541006e+03   9.1000000e+05
   3.7531781e+03   9.0900000e+05
   3.7522545e+03   9.0800000e+05
   3.7513279e+03   9.0700000e+05
   3.7504042e+03   9.0600000e+05
   3.7500000e+03   9.0556084e+05
   3.7494850e+03   9.0500000e+05
   3.7485584e+03   9.0400000e+05
   3.7476316e+03   9.0300000e+05
   3.7467077e+03   9.0200000e+05
   3.7457792e+03   9.0100000e+05
   3.7448527e+03   9.0000000e+05
   3.7439250e+03   8.9900000e+05
   3.7429979e+03   8.9800000e+05
   3.7420643e+03   8.9700000e+05
   3.7411371e+03   8.9600000e+05
   3.7402052e+03   8.9500000e+05
   3.7400000e+03   8.9477982e+05
   3.7392744e+03   8.9400000e+05
   3.7383419e+03   8.9300000e+05
   3.7374098e+03   8.9200000e+05
   3.7364782e+03   8.9100000e+05
   3.7355458e+03   8.9000000e+05
   3.7346121e+03   8.8900000e+05
   3.7336752e+03   8.8800000e+05
   3.7327391e+03   8.8700000e+05
   3.7318036e+03   8.8600000e+05
   3.7308686e+03   8.8500000e+05
   3.7300000e+03   8.8407342e+05
   3.7299313e+03   8.8400000e+05
   3.7289932e+03   8.8300000e+05
   3.7280556e+03   8.8200000e+05
   3.7271169e+03   8.8100000e+05
   3.7261824e+03   8.8000000e+05
   3.7252422e+03   8.7900000e+05
   3.7243071e+03   8.7800000e+05
   3.7233605e+03   8.7700000e+05
   3.7224188e+03   8.7600000e+05
   3.7214759e+03   8.7500000e+05
   3.7205351e+03   8.7400000e+05
   3.7200000e+03   8.7342944e+05
   3.7195979e+03   8.7300000e+05
   3.7186541e+03   8.7200000e+05
   3.7177129e+03   8.7100000e+05
   3.7167707e+03   8.7000000e+05
   3.7158199e+03   8.6900000e+05
   3.7148819e+03   8.6800000e+05
   3.7139328e+03   8.6700000e+05
   3.7129885e+03   8.6600000e+05
   3.7120426e+03   8.6500000e+05
   3.7110933e+03   8.6400000e+05
   3.7101418e+03   8.6300000e+05
   3.7100000e+03   8.6285053e+05
   3.7091941e+03   8.6200000e+05
   3.7082447e+03   8.6100000e+05
   3.7072943e+03   8.6000000e+05
   3.7063508e+03   8.5900000e+05
   3.7053962e+03   8.5800000e+05
   3.7044455e+03   8.5700000e+05
   3.7034932e+03   8.5600000e+05
   3.7025410e+03   8.5500000e+05
   3.7015814e+03   8.5400000e+05
   3.7006287e+03   8.5300000e+05
   3.7000000e+03   8.5234074e+05
   3.6996763e+03   8.5200000e+05
   3.6987230e+03   8.5100000e+05
   3.6977698e+03   8.5000000e+05
   3.6968164e+03   8.4900000e+05
   3.6958616e+03   8.4800000e+05
   3.6949029e+03   8.4700000e+05
   3.6939442e+03   8.4600000e+05
   3.6929892e+03   8.4500000e+05
   3.6920302e+03   8.4400000e+05
   3.6910711e+03   8.4300000e+05
   3.6901121e+03   8.4200000e+05
   3.6900000e+03   8.4188345e+05
   3.6891529e+03   8.4100000e+05
   3.6881874e+03   8.4000000e+05
   3.6872344e+03   8.3900000e+05
   3.6862752e+03   8.3800000e+05
   3.6853132e+03   8.3700000e+05
   3.6843448e+03   8.3600000e+05
   3.6833842e+03   8.3500000e+05
   3.6824207e+03   8.3400000e+05
   3.6814567e+03   8.3300000e+05
   3.6804904e+03   8.3200000e+05
   3.6800000e+03   8.3149228e+05
   3.6795251e+03   8.3100000e+05
   3.6785554e+03   8.3000000e+05
   3.6775890e+03   8.2900000e+05
   3.6766193e+03   8.2800000e+05
   3.6756533e+03   8.2700000e+05
   3.6746831e+03   8.2600000e+05
   3.6737149e+03   8.2500000e+05
   3.6727442e+03   8.2400000e+05
   3.6717713e+03   8.2300000e+05
   3.6707955e+03   8.2200000e+05
   3.6700000e+03   8.2118226e+05
   3.6698233e+03   8.2100000e+05
   3.6688538e+03   8.2000000e+05
   3.6678837e+03   8.1900000e+05
   3.6669137e+03   8.1800000e+05
   3.6659407e+03   8.1700000e+05
   3.6649657e+03   8.1600000e+05
   3.6639902e+03   8.1500000e+05
   3.6630126e+03   8.1400000e+05
   3.6620368e+03   8.1300000e+05
   3.6610607e+03   8.1200000e+05
   3.6600822e+03   8.1100000e+05
   3.6600000e+03   8.1091595e+05
   3.6591067e+03   8.1000000e+05
   3.6581308e+03   8.0900000e+05
   3.6571531e+03   8.0800000e+05
   3.6561727e+03   8.0700000e+05
   3.6551925e+03   8.0600000e+05
   3.6542092e+03   8.0500000e+05
   3.6532289e+03   8.0400000e+05
   3.6522459e+03   8.0300000e+05
   3.6512656e+03   8.0200000e+05
   3.6502824e+03   8.0100000e+05
   3.6500000e+03   8.0071343e+05
   3.6492974e+03   8.0000000e+05
   3.6483054e+03   7.9900000e+05
   3.6473217e+03   7.9800000e+05
   3.6463370e+03   7.9700000e+05
   3.6453529e+03   7.9600000e+05
   3.6443702e+03   7.9500000e+05
   3.6433788e+03   7.9400000e+05
   3.6423889e+03   7.9300000e+05
   3.6413984e+03   7.9200000e+05
   3.6404045e+03   7.9100000e+05
   3.6400000e+03   7.9059199e+05
   3.6394148e+03   7.9000000e+05
   3.6384214e+03   7.8900000e+05
   3.6374411e+03   7.8800000e+05
   3.6364506e+03   7.8700000e+05
   3.6354567e+03   7.8600000e+05
   3.6344584e+03   7.8500000e+05
   3.6334652e+03   7.8400000e+05
   3.6324674e+03   7.8300000e+05
   3.6314722e+03   7.8200000e+05
   3.6304749e+03   7.8100000e+05
   3.6300000e+03   7.8052406e+05
   3.6294791e+03   7.8000000e+05
   3.6284842e+03   7.7900000e+05
   3.6274889e+03   7.7800000e+05
   3.6264921e+03   7.7700000e+05
   3.6254947e+03   7.7600000e+05
   3.6244960e+03   7.7500000e+05
   3.6234940e+03   7.7400000e+05
   3.6224924e+03   7.7300000e+05
   3.6214923e+03   7.7200000e+05
   3.6204900e+03   7.7100000e+05
   3.6200000e+03   7.7051111e+05
   3.6194889e+03   7.7000000e+05
   3.6184861e+03   7.6900000e+05
   3.6174797e+03   7.6800000e+05
   3.6164832e+03   7.6700000e+05
   3.6154760e+03   7.6600000e+05
   3.6144697e+03   7.6500000e+05
   3.6134642e+03   7.6400000e+05
   3.6124564e+03   7.6300000e+05
   3.6114472e+03   7.6200000e+05
   3.6104374e+03   7.6100000e+05
   3.6100000e+03   7.6056701e+05
   3.6094285e+03   7.6000000e+05
   3.6084182e+03   7.5900000e+05
   3.6074064e+03   7.5800000e+05
   3.6063976e+03   7.5700000e+05
   3.6053852e+03   7.5600000e+05
   3.6043740e+03   7.5500000e+05
   3.6033613e+03   7.5400000e+05
   3.6023479e+03   7.5300000e+05
   3.6013331e+03   7.5200000e+05
   3.6003176e+03   7.5100000e+05
   3.6000000e+03   7.5068815e+05
   3.5993012e+03   7.5000000e+05
   3.5982881e+03   7.4900000e+05
   3.5972703e+03   7.4800000e+05
   3.5962548e+03   7.4700000e+05
   3.5952350e+03   7.4600000e+05
   3.5942154e+03   7.4500000e+05
   3.5931962e+03   7.4400000e+05
   3.5921754e+03   7.4300000e+05
   3.5911521e+03   7.4200000e+05
   3.5901310e+03   7.4100000e+05
   3.5900000e+03   7.4087168e+05
   3.5891124e+03   7.4000000e+05
   3.5880914e+03   7.3900000e+05
   3.5870652e+03   7.3800000e+05
   3.5860437e+03   7.3700000e+05
   3.5850199e+03   7.3600000e+05
   3.5839910e+03   7.3500000e+05
   3.5829669e+03   7.3400000e+05
   3.5819433e+03   7.3300000e+05
   3.5809150e+03   7.3200000e+05
   3.5800000e+03   7.3111014e+05
   3.5798869e+03   7.3100000e+05
   3.5788579e+03   7.3000000e+05
   3.5778272e+03   7.2900000e+05
   3.5767968e+03   7.2800000e+05
   3.5757686e+03   7.2700000e+05
   3.5747363e+03   7.2600000e+05
   3.5737045e+03   7.2500000e+05
   3.5726713e+03   7.2400000e+05
   3.5716376e+03   7.2300000e+05
   3.5706020e+03   7.2200000e+05
   3.5700000e+03   7.2142049e+05
   3.5695643e+03   7.2100000e+05
   3.5685309e+03   7.2000000e+05
   3.5674926e+03   7.1900000e+05
   3.5664576e+03   7.1800000e+05
   3.5654233e+03   7.1700000e+05
   3.5643836e+03   7.1600000e+05
   3.5633461e+03   7.1500000e+05
   3.5623076e+03   7.1400000e+05
   3.5612673e+03   7.1300000e+05
   3.5602269e+03   7.1200000e+05
   3.5600000e+03   7.1178304e+05
   3.5591831e+03   7.1100000e+05
   3.5581403e+03   7.1000000e+05
   3.5570949e+03   7.0900000e+05
   3.5560504e+03   7.0800000e+05
   3.5550085e+03   7.0700000e+05
   3.5539666e+03   7.0600000e+05
   3.5529158e+03   7.0500000e+05
   3.5518672e+03   7.0400000e+05
   3.5508178e+03   7.0300000e+05
   3.5500000e+03   7.0221446e+05
   3.5497773e+03   7.0200000e+05
   3.5487281e+03   7.0100000e+05
   3.5476767e+03   7.0000000e+05
   3.5466267e+03   6.9900000e+05
   3.5455771e+03   6.9800000e+05
   3.5445269e+03   6.9700000e+05
   3.5434742e+03   6.9600000e+05
   3.5424221e+03   6.9500000e+05
   3.5413681e+03   6.9400000e+05
   3.5403112e+03   6.9300000e+05
   3.5400000e+03   6.9270529e+05
   3.5392568e+03   6.9200000e+05
   3.5382030e+03   6.9100000e+05
   3.5371472e+03   6.9000000e+05
   3.5360909e+03   6.8900000e+05
   3.5350347e+03   6.8800000e+05
   3.5339757e+03   6.8700000e+05
   3.5329158e+03   6.8600000e+05
   3.5318561e+03   6.8500000e+05
   3.5307950e+03   6.8400000e+05
   3.5300000e+03   6.8325045e+05
   3.5297347e+03   6.8300000e+05
   3.5286732e+03   6.8200000e+05
   3.5276095e+03   6.8100000e+05
   3.5265464e+03   6.8000000e+05
   3.5254814e+03   6.7900000e+05
   3.5244134e+03   6.7800000e+05
   3.5233523e+03   6.7700000e+05
   3.5222833e+03   6.7600000e+05
   3.5212152e+03   6.7500000e+05
   3.5201444e+03   6.7400000e+05
   3.5200000e+03   6.7386518e+05
   3.5190758e+03   6.7300000e+05
   3.5180049e+03   6.7200000e+05
   3.5169339e+03   6.7100000e+05
   3.5158614e+03   6.7000000e+05
   3.5147907e+03   6.6900000e+05
   3.5137201e+03   6.6800000e+05
   3.5126453e+03   6.6700000e+05
   3.5115702e+03   6.6600000e+05
   3.5104945e+03   6.6500000e+05
   3.5100000e+03   6.6454051e+05
   3.5094204e+03   6.6400000e+05
   3.5083458e+03   6.6300000e+05
   3.5072711e+03   6.6200000e+05
   3.5061947e+03   6.6100000e+05
   3.5051147e+03   6.6000000e+05
   3.5040348e+03   6.5900000e+05
   3.5029530e+03   6.5800000e+05
   3.5018706e+03   6.5700000e+05
   3.5007878e+03   6.5600000e+05
   3.5000000e+03   6.5527493e+05
   3.4997024e+03   6.5500000e+05
   3.4986224e+03   6.5400000e+05
   3.4975397e+03   6.5300000e+05
   3.4964560e+03   6.5200000e+05
   3.4953690e+03   6.5100000e+05
   3.4942861e+03   6.5000000e+05
   3.4931961e+03   6.4900000e+05
   3.4921077e+03   6.4800000e+05
   3.4910190e+03   6.4700000e+05
   3.4900000e+03   6.4606589e+05
   3.4899283e+03   6.4600000e+05
   3.4888407e+03   6.4500000e+05
   3.4877510e+03   6.4400000e+05
   3.4866610e+03   6.4300000e+05
   3.4855695e+03   6.4200000e+05
   3.4844770e+03   6.4100000e+05
   3.4833846e+03   6.4000000e+05
   3.4822895e+03   6.3900000e+05
   3.4811909e+03   6.3800000e+05
   3.4800937e+03   6.3700000e+05
   3.4800000e+03   6.3691504e+05
   3.4789937e+03   6.3600000e+05
   3.4779010e+03   6.3500000e+05
   3.4768024e+03   6.3400000e+05
   3.4757043e+03   6.3300000e+05
   3.4746045e+03   6.3200000e+05
   3.4735024e+03   6.3100000e+05
   3.4724017e+03   6.3000000e+05
   3.4712998e+03   6.2900000e+05
   3.4701905e+03   6.2800000e+05
   3.4700000e+03   6.2782786e+05
   3.4690861e+03   6.2700000e+05
   3.4679827e+03   6.2600000e+05
   3.4668772e+03   6.2500000e+05
   3.4657685e+03   6.2400000e+05
   3.4646627e+03   6.2300000e+05
   3.4635545e+03   6.2200000e+05
   3.4624464e+03   6.2100000e+05
   3.4613356e+03   6.2000000e+05
   3.4602247e+03   6.1900000e+05
   3.4600000e+03   6.1879763e+05
   3.4591156e+03   6.1800000e+05
   3.4580026e+03   6.1700000e+05
   3.4568900e+03   6.1600000e+05
   3.4557763e+03   6.1500000e+05
   3.4546625e+03   6.1400000e+05
   3.4535414e+03   6.1300000e+05
   3.4524251e+03   6.1200000e+05
   3.4513095e+03   6.1100000e+05
   3.4501892e+03   6.1000000e+05
   3.4500000e+03   6.0983115e+05
   3.4490716e+03   6.0900000e+05
   3.4479524e+03   6.0800000e+05
   3.4468358e+03   6.0700000e+05
   3.4457139e+03   6.0600000e+05
   3.4445883e+03   6.0500000e+05
   3.4434659e+03   6.0400000e+05
   3.4423405e+03   6.0300000e+05
   3.4412125e+03   6.0200000e+05
   3.4400871e+03   6.0100000e+05
   3.4400000e+03   6.0092280e+05
   3.4389624e+03   6.0000000e+05
   3.4378353e+03   5.9900000e+05
   3.4367073e+03   5.9800000e+05
   3.4355784e+03   5.9700000e+05
   3.4344487e+03   5.9600000e+05
   3.4333189e+03   5.9500000e+05
   3.4321865e+03   5.9400000e+05
   3.4310514e+03   5.9300000e+05
   3.4300000e+03   5.9207376e+05
   3.4299166e+03   5.9200000e+05
   3.4287874e+03   5.9100000e+05
   3.4276528e+03   5.9000000e+05
   3.4265177e+03   5.8900000e+05
   3.4253837e+03   5.8800000e+05
   3.4242421e+03   5.8700000e+05
   3.4231056e+03   5.8600000e+05
   3.4219660e+03   5.8500000e+05
   3.4208245e+03   5.8400000e+05
   3.4200000e+03   5.8327940e+05
   3.4196813e+03   5.8300000e+05
   3.4185439e+03   5.8200000e+05
   3.4174023e+03   5.8100000e+05
   3.4162608e+03   5.8000000e+05
   3.4151153e+03   5.7900000e+05
   3.4139687e+03   5.7800000e+05
   3.4128228e+03   5.7700000e+05
   3.4116748e+03   5.7600000e+05
   3.4105276e+03   5.7500000e+05
   3.4100000e+03   5.7454120e+05
   3.4093788e+03   5.7400000e+05
   3.4082311e+03   5.7300000e+05
   3.4070815e+03   5.7200000e+05
   3.4059287e+03   5.7100000e+05
   3.4047760e+03   5.7000000e+05
   3.4036228e+03   5.6900000e+05
   3.4024706e+03   5.6800000e+05
   3.4013131e+03   5.6700000e+05
   3.4001569e+03   5.6600000e+05
   3.4000000e+03   5.6586429e+05
   3.3990023e+03   5.6500000e+05
   3.3978433e+03   5.6400000e+05
   3.3966866e+03   5.6300000e+05
   3.3955229e+03   5.6200000e+05
   3.3943645e+03   5.6100000e+05
   3.3932035e+03   5.6000000e+05
   3.3920420e+03   5.5900000e+05
   3.3908758e+03   5.5800000e+05
   3.3900000e+03   5.5724700e+05
   3.3897134e+03   5.5700000e+05
   3.3885483e+03   5.5600000e+05
   3.3873830e+03   5.5500000e+05
   3.3862145e+03   5.5400000e+05
   3.3850447e+03   5.5300000e+05
   3.3838791e+03   5.5200000e+05
   3.3827114e+03   5.5100000e+05
   3.3815440e+03   5.5000000e+05
   3.3803626e+03   5.4900000e+05
   3.3800000e+03   5.4869067e+05
   3.3791930e+03   5.4800000e+05
   3.3780224e+03   5.4700000e+05
   3.3768472e+03   5.4600000e+05
   3.3756726e+03   5.4500000e+05
   3.3744960e+03   5.4400000e+05
   3.3733183e+03   5.4300000e+05
   3.3721392e+03   5.4200000e+05
   3.3709556e+03   5.4100000e+05
   3.3700000e+03   5.4019078e+05
   3.3697755e+03   5.4000000e+05
   3.3685963e+03   5.3900000e+05
   3.3674171e+03   5.3800000e+05
   3.3662353e+03   5.3700000e+05
   3.3650521e+03   5.3600000e+05
   3.3638680e+03   5.3500000e+05
   3.3626832e+03   5.3400000e+05
   3.3614964e+03   5.3300000e+05
   3.3603078e+03   5.3200000e+05
   3.3600000e+03   5.3174166e+05
   3.3591181e+03   5.3100000e+05
   3.3579295e+03   5.3000000e+05
   3.3567398e+03   5.2900000e+05
   3.3555476e+03   5.2800000e+05
   3.3543560e+03   5.2700000e+05
   3.3531614e+03   5.2600000e+05
   3.3519658e+03   5.2500000e+05
   3.3507749e+03   5.2400000e+05
   3.3500000e+03   5.2335436e+05
   3.3495755e+03   5.2300000e+05
   3.3483783e+03   5.2200000e+05
   3.3471790e+03   5.2100000e+05
   3.3459819e+03   5.2000000e+05
   3.3447810e+03   5.1900000e+05
   3.3435816e+03   5.1800000e+05
   3.3423796e+03   5.1700000e+05
   3.3411748e+03   5.1600000e+05
   3.3400000e+03   5.1502446e+05
   3.3399706e+03   5.1500000e+05
   3.3387656e+03   5.1400000e+05
   3.3375606e+03   5.1300000e+05
   3.3363546e+03   5.1200000e+05
   3.3351467e+03   5.1100000e+05
   3.3339403e+03   5.1000000e+05
   3.3327260e+03   5.0900000e+05
   3.3315134e+03   5.0800000e+05
   3.3303072e+03   5.0700000e+05
   3.3300000e+03   5.0674772e+05
   3.3290919e+03   5.0600000e+05
   3.3278815e+03   5.0500000e+05
   3.3266639e+03   5.0400000e+05
   3.3254460e+03   5.0300000e+05
   3.3242326e+03   5.0200000e+05
   3.3230081e+03   5.0100000e+05
   3.3217901e+03   5.0000000e+05
   3.3205694e+03   4.9900000e+05
   3.3200000e+03   4.9853435e+05
   3.3193482e+03   4.9800000e+05
   3.3181285e+03   4.9700000e+05
   3.3169063e+03   4.9600000e+05
   3.3156815e+03   4.9500000e+05
   3.3144567e+03   4.9400000e+05
   3.3132260e+03   4.9300000e+05
   3.3120050e+03   4.9200000e+05
   3.3107742e+03   4.9100000e+05
   3.3100000e+03   4.9037147e+05
   3.3095435e+03   4.9000000e+05
   3.3083123e+03   4.8900000e+05
   3.3070829e+03   4.8800000e+05
   3.3058524e+03   4.8700000e+05
   3.3046188e+03   4.8600000e+05
   3.3033814e+03   4.8500000e+05
   3.3021472e+03   4.8400000e+05
   3.3009129e+03   4.8300000e+05
   3.3000000e+03   4.8226316e+05
   3.2996744e+03   4.8200000e+05
   3.2984349e+03   4.8100000e+05
   3.2971954e+03   4.8000000e+05
   3.2959543e+03   4.7900000e+05
   3.2947114e+03   4.7800000e+05
   3.2934674e+03   4.7700000e+05
   3.2922223e+03   4.7600000e+05
   3.2909741e+03   4.7500000e+05
   3.2900000e+03   4.7421992e+05
   3.2897263e+03   4.7400000e+05
   3.2884828e+03   4.7300000e+05
   3.2872384e+03   4.7200000e+05
   3.2859883e+03   4.7100000e+05
   3.2847376e+03   4.7000000e+05
   3.2834862e+03   4.6900000e+05
   3.2822329e+03   4.6800000e+05
   3.2809679e+03   4.6700000e+05
   3.2800000e+03   4.6622976e+05
   3.2797124e+03   4.6600000e+05
   3.2784613e+03   4.6500000e+05
   3.2772068e+03   4.6400000e+05
   3.2759487e+03   4.6300000e+05
   3.2746899e+03   4.6200000e+05
   3.2734294e+03   4.6100000e+05
   3.2721667e+03   4.6000000e+05
   3.2709030e+03   4.5900000e+05
   3.2700000e+03   4.5828655e+05
   3.2696380e+03   4.5800000e+05
   3.2683749e+03   4.5700000e+05
   3.2671092e+03   4.5600000e+05
   3.2658377e+03   4.5500000e+05
   3.2645697e+03   4.5400000e+05
   3.2633006e+03   4.5300000e+05
   3.2620300e+03   4.5200000e+05
   3.2607589e+03   4.5100000e+05
   3.2600000e+03   4.5040475e+05
   3.2594846e+03   4.5000000e+05
   3.2582096e+03   4.4900000e+05
   3.2569333e+03   4.4800000e+05
   3.2556559e+03   4.4700000e+05
   3.2543755e+03   4.4600000e+05
   3.2530972e+03   4.4500000e+05
   3.2518180e+03   4.4400000e+05
   3.2505371e+03   4.4300000e+05
   3.2500000e+03   4.4258140e+05
   3.2492555e+03   4.4200000e+05
   3.2479756e+03   4.4100000e+05
   3.2466913e+03   4.4000000e+05
   3.2454065e+03   4.3900000e+05
   3.2441132e+03   4.3800000e+05
   3.2428288e+03   4.3700000e+05
   3.2415365e+03   4.3600000e+05
   3.2402423e+03   4.3500000e+05
   3.2400000e+03   4.3481162e+05
   3.2389588e+03   4.3400000e+05
   3.2376648e+03   4.3300000e+05
   3.2363702e+03   4.3200000e+05
   3.2350781e+03   4.3100000e+05
   3.2337817e+03   4.3000000e+05
   3.2324823e+03   4.2900000e+05
   3.2311834e+03   4.2800000e+05
   3.2300000e+03   4.2709016e+05
   3.2298830e+03   4.2700000e+05
   3.2285827e+03   4.2600000e+05
   3.2272807e+03   4.2500000e+05
   3.2259768e+03   4.2400000e+05
   3.2246722e+03   4.2300000e+05
   3.2233660e+03   4.2200000e+05
   3.2220586e+03   4.2100000e+05
   3.2207525e+03   4.2000000e+05
   3.2200000e+03   4.1942560e+05
   3.2194433e+03   4.1900000e+05
   3.2181316e+03   4.1800000e+05
   3.2168204e+03   4.1700000e+05
   3.2155040e+03   4.1600000e+05
   3.2141896e+03   4.1500000e+05
   3.2128740e+03   4.1400000e+05
   3.2115531e+03   4.1300000e+05
   3.2102394e+03   4.1200000e+05
   3.2100000e+03   4.1181863e+05
   3.2089221e+03   4.1100000e+05
   3.2076011e+03   4.1000000e+05
   3.2062808e+03   4.0900000e+05
   3.2049574e+03   4.0800000e+05
   3.2036331e+03   4.0700000e+05
   3.2023070e+03   4.0600000e+05
   3.2009811e+03   4.0500000e+05
   3.2000000e+03   4.0426316e+05
   3.1996501e+03   4.0400000e+05
   3.1983189e+03   4.0300000e+05
   3.1969882e+03   4.0200000e+05
   3.1956541e+03   4.0100000e+05
   3.1943233e+03   4.0000000e+05
   3.1930881e+03   3.9900000e+05
   3.1917541e+03   3.9800000e+05
   3.1904246e+03   3.9700000e+05
   3.1900000e+03   3.9668258e+05
   3.1890881e+03   3.9600000e+05
   3.1877398e+03   3.9500000e+05
   3.1863997e+03   3.9400000e+05
   3.1850608e+03   3.9300000e+05
   3.1837180e+03   3.9200000e+05
   3.1823710e+03   3.9100000e+05
   3.1810264e+03   3.9000000e+05
   3.1800000e+03   3.8923954e+05
   3.1796774e+03   3.8900000e+05
   3.1783291e+03   3.8800000e+05
   3.1769813e+03   3.8700000e+05
   3.1756321e+03   3.8600000e+05
   3.1742802e+03   3.8500000e+05
   3.1729265e+03   3.8400000e+05
   3.1715666e+03   3.8300000e+05
   3.1702067e+03   3.8200000e+05
   3.1700000e+03   3.8184827e+05
   3.1688483e+03   3.8100000e+05
   3.1674839e+03   3.8000000e+05
   3.1661260e+03   3.7900000e+05
   3.1647729e+03   3.7800000e+05
   3.1634100e+03   3.7700000e+05
   3.1620447e+03   3.7600000e+05
   3.1606791e+03   3.7500000e+05
   3.1600000e+03   3.7450425e+05
   3.1593101e+03   3.7400000e+05
   3.1579385e+03   3.7300000e+05
   3.1565697e+03   3.7200000e+05
   3.1551992e+03   3.7100000e+05
   3.1538251e+03   3.7000000e+05
   3.1524475e+03   3.6900000e+05
   3.1510608e+03   3.6800000e+05
   3.1500000e+03   3.6722491e+05
   3.1496933e+03   3.6700000e+05
   3.1483200e+03   3.6600000e+05
   3.1469443e+03   3.6500000e+05
   3.1455625e+03   3.6400000e+05
   3.1441718e+03   3.6300000e+05
   3.1427883e+03   3.6200000e+05
   3.1414044e+03   3.6100000e+05
   3.1400157e+03   3.6000000e+05
   3.1400000e+03   3.5998872e+05
   3.1386292e+03   3.5900000e+05
   3.1372410e+03   3.5800000e+05
   3.1358525e+03   3.5700000e+05
   3.1344595e+03   3.5600000e+05
   3.1330604e+03   3.5500000e+05
   3.1316609e+03   3.5400000e+05
   3.1302745e+03   3.5300000e+05
   3.1300000e+03   3.5280477e+05
   3.1288713e+03   3.5200000e+05
   3.1274724e+03   3.5100000e+05
   3.1260729e+03   3.5000000e+05
   3.1246688e+03   3.4900000e+05
   3.1232661e+03   3.4800000e+05
   3.1218542e+03   3.4700000e+05
   3.1204418e+03   3.4600000e+05
   3.1200000e+03   3.4568323e+05
   3.1190491e+03   3.4500000e+05
   3.1176401e+03   3.4400000e+05
   3.1162269e+03   3.4300000e+05
   3.1148103e+03   3.4200000e+05
   3.1133960e+03   3.4100000e+05
   3.1119783e+03   3.4000000e+05
   3.1105573e+03   3.3900000e+05
   3.1100000e+03   3.3860701e+05
   3.1091412e+03   3.3800000e+05
   3.1077222e+03   3.3700000e+05
   3.1063016e+03   3.3600000e+05
   3.1048804e+03   3.3500000e+05
   3.1034576e+03   3.3400000e+05
   3.1020300e+03   3.3300000e+05
   3.1005997e+03   3.3200000e+05
   3.1000000e+03   3.3158170e+05
   3.0991682e+03   3.3100000e+05
   3.0977401e+03   3.3000000e+05
   3.0963063e+03   3.2900000e+05
   3.0948622e+03   3.2800000e+05
   3.0934306e+03   3.2700000e+05
   3.0920032e+03   3.2600000e+05
   3.0905665e+03   3.2500000e+05
   3.0900000e+03   3.2460684e+05
   3.0891264e+03   3.2400000e+05
   3.0876827e+03   3.2300000e+05
   3.0862339e+03   3.2200000e+05
   3.0847905e+03   3.2100000e+05
   3.0833463e+03   3.2000000e+05
   3.0818909e+03   3.1900000e+05
   3.0804323e+03   3.1800000e+05
   3.0800000e+03   3.1770068e+05
   3.0789918e+03   3.1700000e+05
   3.0775449e+03   3.1600000e+05
   3.0760909e+03   3.1500000e+05
   3.0746371e+03   3.1400000e+05
   3.0731793e+03   3.1300000e+05
   3.0717156e+03   3.1200000e+05
   3.0702540e+03   3.1100000e+05
   3.0700000e+03   3.1082662e+05
   3.0687924e+03   3.1000000e+05
   3.0673270e+03   3.0900000e+05
   3.0658628e+03   3.0800000e+05
   3.0643916e+03   3.0700000e+05
   3.0629291e+03   3.0600000e+05
   3.0614553e+03   3.0500000e+05
   3.0600000e+03   3.0401163e+05
   3.0599829e+03   3.0400000e+05
   3.0581427e+03   3.0300000e+05
   3.0542504e+03   3.0200000e+05
   3.0503095e+03   3.0100000e+05
   3.0500000e+03   3.0088076e+05
   3.0476394e+03   3.0000000e+05
   3.0460717e+03   2.9900000e+05
   3.0440603e+03   2.9800000e+05
   3.0422829e+03   2.9700000e+05
   3.0402507e+03   2.9600000e+05
   3.0400000e+03   2.9586637e+05
   3.0384000e+03   2.9500000e+05
   3.0363590e+03   2.9400000e+05
   3.0343776e+03   2.9300000e+05
   3.0323310e+03   2.9200000e+05
   3.0302027e+03   2.9100000e+05
   3.0300000e+03   2.9090748e+05
   3.0279986e+03   2.9000000e+05
   3.0257825e+03   2.8900000e+05
   3.0235313e+03   2.8800000e+05
   3.0211316e+03   2.8700000e+05
   3.0200000e+03   2.8656710e+05
   3.0185136e+03   2.8600000e+05
   3.0161092e+03   2.8500000e+05
   3.0135970e+03   2.8400000e+05
   3.0109413e+03   2.8300000e+05
   3.0100000e+03   2.8266206e+05
   3.0081502e+03   2.8200000e+05
   3.0052171e+03   2.8100000e+05
   3.0022448e+03   2.8000000e+05
   3.0000000e+03   2.7928463e+05
   2.9991051e+03   2.7900000e+05
   2.9958008e+03   2.7800000e+05
   2.9913459e+03   2.7700000e+05
   2.9900000e+03   2.7663607e+05
   2.9879273e+03   2.7600000e+05
   2.9847618e+03   2.7500000e+05
   2.9811672e+03   2.7400000e+05
   2.9800000e+03   2.7374111e+05
   2.9765895e+03   2.7300000e+05
   2.9722158e+03   2.7200000e+05
   2.9700000e+03   2.7143821e+05
   2.9682716e+03   2.7100000e+05
   2.9627288e+03   2.7000000e+05
   2.9600000e+03   2.6942324e+05
   2.9581185e+03   2.6900000e+05
   2.9521260e+03   2.6800000e+05
   2.9500000e+03   2.6774332e+05
   2.9456194e+03   2.6700000e+05
   2.9415980e+03   2.6600000e+05
   2.9400000e+03   2.6571729e+05
   2.9359933e+03   2.6500000e+05
   2.9300000e+03   2.6408724e+05
   2.9294369e+03   2.6400000e+05
   2.9219313e+03   2.6300000e+05
   2.9200000e+03   2.6272922e+05
   2.9138046e+03   2.6200000e+05
   2.9100000e+03   2.6140177e+05
   2.9072626e+03   2.6100000e+05
   2.9000000e+03   2.6053338e+05
   2.8914637e+03   2.6000000e+05
   2.8900000e+03   2.5914755e+05
   2.8894777e+03   2.5900000e+05
   2.8805680e+03   2.5800000e+05
   2.8800000e+03   2.5793000e+05
   2.8709988e+03   2.5700000e+05
   2.8700000e+03   2.5687391e+05
   2.8638540e+03   2.5600000e+05
   2.8600000e+03   2.5532707e+05
   2.8577554e+03   2.5500000e+05
   2.8563983e+03   2.5400000e+05
   2.8552156e+03   2.5300000e+05
   2.8540307e+03   2.5200000e+05
   2.8528428e+03   2.5100000e+05
   2.8516554e+03   2.5000000e+05
   2.8504640e+03   2.4900000e+05
   2.8500000e+03   2.4861117e+05
   2.8492732e+03   2.4800000e+05
   2.8480753e+03   2.4700000e+05
   2.8468772e+03   2.4600000e+05
   2.8456778e+03   2.4500000e+05
   2.8444790e+03   2.4400000e+05
   2.8432731e+03   2.4300000e+05
   2.8420661e+03   2.4200000e+05
   2.8408523e+03   2.4100000e+05
   2.8400000e+03   2.4029779e+05
   2.8396400e+03   2.4000000e+05
   2.8384289e+03   2.3900000e+05
   2.8372162e+03   2.3800000e+05
   2.8359963e+03   2.3700000e+05
   2.8347731e+03   2.3600000e+05
   2.8335481e+03   2.3500000e+05
   2.8323237e+03   2.3400000e+05
   2.8310935e+03   2.3300000e+05
   2.8300000e+03   2.3211312e+05
   2.8298610e+03   2.3200000e+05
   2.8286306e+03   2.3100000e+05
   2.8273962e+03   2.3000000e+05
   2.8261578e+03   2.2900000e+05
   2.8249176e+03   2.2800000e+05
   2.8236775e+03   2.2700000e+05
   2.8224284e+03   2.2600000e+05
   2.8211784e+03   2.2500000e+05
   2.8200000e+03   2.2405852e+05
   2.8199270e+03   2.2400000e+05
   2.8186792e+03   2.2300000e+05
   2.8174208e+03   2.2200000e+05
   2.8161629e+03   2.2100000e+05
   2.8149045e+03   2.2000000e+05
   2.8136428e+03   2.1900000e+05
   2.8123742e+03   2.1800000e+05
   2.8111034e+03   2.1700000e+05
   2.8100000e+03   2.1613172e+05
   2.8098332e+03   2.1600000e+05
   2.8085602e+03   2.1500000e+05
   2.8072879e+03   2.1400000e+05
   2.8060098e+03   2.1300000e+05
   2.8047269e+03   2.1200000e+05
   2.8034391e+03   2.1100000e+05
   2.8021549e+03   2.1000000e+05
   2.8008654e+03   2.0900000e+05
   2.8000000e+03   2.0833349e+05
   2.7995685e+03   2.0800000e+05
   2.7982748e+03   2.0700000e+05
   2.7969779e+03   2.0600000e+05
   2.7956812e+03   2.0500000e+05
   2.7943816e+03   2.0400000e+05
   2.7930708e+03   2.0300000e+05
   2.7917597e+03   2.0200000e+05
   2.7904491e+03   2.0100000e+05
   2.7900000e+03   2.0065834e+05
   2.7891376e+03   2.0000000e+05
   2.7878166e+03   1.9900000e+05
   2.7865007e+03   1.9800000e+05
   2.7851799e+03   1.9700000e+05
   2.7838558e+03   1.9600000e+05
   2.7825235e+03   1.9500000e+05
   2.7811922e+03   1.9400000e+05
   2.7800000e+03   1.9310849e+05
   2.7798555e+03   1.9300000e+05
   2.7785232e+03   1.9200000e+05
   2.7771842e+03   1.9100000e+05
   2.7758440e+03   1.9000000e+05
   2.7744945e+03   1.8900000e+05
   2.7731470e+03   1.8800000e+05
   2.7717942e+03   1.8700000e+05
   2.7704427e+03   1.8600000e+05
   2.7700000e+03   1.8567649e+05
   2.7690778e+03   1.8500000e+05
   2.7677216e+03   1.8400000e+05
   2.7663609e+03   1.8300000e+05
   2.7649980e+03   1.8200000e+05
   2.7636218e+03   1.8100000e+05
   2.7622496e+03   1.8000000e+05
   2.7608756e+03   1.7900000e+05
   2.7600000e+03   1.7836532e+05
   2.7594978e+03   1.7800000e+05
   2.7581164e+03   1.7700000e+05
   2.7567329e+03   1.7600000e+05
   2.7553460e+03   1.7500000e+05
   2.7539575e+03   1.7400000e+05
   2.7525631e+03   1.7300000e+05
   2.7511649e+03   1.7200000e+05
   2.7500000e+03   1.7116785e+05
   2.7497658e+03   1.7100000e+05
   2.7483626e+03   1.7000000e+05
   2.7469583e+03   1.6900000e+05
   2.7455488e+03   1.6800000e+05
   2.7441371e+03   1.6700000e+05
   2.7427178e+03   1.6600000e+05
   2.7412975e+03   1.6500000e+05
   2.7400000e+03   1.6408919e+05
   2.7398734e+03   1.6400000e+05
   2.7384491e+03   1.6300000e+05
   2.7370182e+03   1.6200000e+05
   2.7355838e+03   1.6100000e+05
   2.7341481e+03   1.6000000e+05
   2.7327069e+03   1.5900000e+05
   2.7312586e+03   1.5800000e+05
   2.7300000e+03   1.5713068e+05
   2.7298115e+03   1.5700000e+05
   2.7283666e+03   1.5600000e+05
   2.7297345e+03   1.5500000e+05
   2.7300000e+03   1.5489424e+05
   2.7322618e+03   1.5400000e+05
   2.7346049e+03   1.5300000e+05
   2.7370733e+03   1.5200000e+05
   2.7389119e+03   1.5100000e+05
   2.7400000e+03   1.5020827e+05
   2.7403008e+03   1.5000000e+05
   2.7419627e+03   1.4900000e+05
   2.7433332e+03   1.4800000e+05
   2.7445998e+03   1.4700000e+05
   2.7457989e+03   1.4600000e+05
   2.7468495e+03   1.4500000e+05
   2.7476073e+03   1.4400000e+05
   2.7482573e+03   1.4300000e+05
   2.7486952e+03   1.4200000e+05
   2.7488416e+03   1.4100000e+05
   2.7490388e+03   1.4000000e+05
   2.7491750e+03   1.3900000e+05
   2.7491597e+03   1.3800000e+05
   2.7490912e+03   1.3700000e+05
   2.7489309e+03   1.3600000e+05
   2.7486655e+03   1.3500000e+05
   2.7483169e+03   1.3400000e+05
   2.7480426e+03   1.3300000e+05
   2.7467496e+03   1.3200000e+05
   2.7450749e+03   1.3100000e+05
   2.7433657e+03   1.3000000e+05
   2.7416951e+03   1.2900000e+05
   2.7400099e+03   1.2800000e+05
   2.7400000e+03   1.2799429e+05
   2.7382818e+03   1.2700000e+05
   2.7365817e+03   1.2600000e+05
   2.7348911e+03   1.2500000e+05
   2.7332138e+03   1.2400000e+05
   2.7314918e+03   1.2300000e+05
   2.7300000e+03   1.2215455e+05
   2.7297284e+03   1.2200000e+05
   2.7279699e+03   1.2100000e+05
   2.7262241e+03   1.2000000e+05
   2.7244512e+03   1.1900000e+05
   2.7226540e+03   1.1800000e+05
   2.7208942e+03   1.1700000e+05
   2.7200000e+03   1.1650110e+05
   2.7191051e+03   1.1600000e+05
   2.7173003e+03   1.1500000e+05
   2.7154862e+03   1.1400000e+05
   2.7136494e+03   1.1300000e+05
   2.7118502e+03   1.1200000e+05
   2.7100000e+03   1.1100278e+05
   2.7099949e+03   1.1100000e+05
   2.7081195e+03   1.1000000e+05
   2.7062684e+03   1.0900000e+05
   2.7043847e+03   1.0800000e+05
   2.7025801e+03   1.0700000e+05
   2.7005498e+03   1.0600000e+05
   2.7000000e+03   1.0571381e+05
   2.6986379e+03   1.0500000e+05
   2.6967310e+03   1.0400000e+05
   2.6948005e+03   1.0300000e+05
   2.6928461e+03   1.0200000e+05
   2.6908798e+03   1.0100000e+05
   2.6900000e+03   1.0055364e+05
   2.6889133e+03   1.0000000e+05
   2.6869126e+03   9.9000000e+04
   2.6849043e+03   9.8000000e+04
   2.6828786e+03   9.7000000e+04
   2.6808345e+03   9.6000000e+04
   2.6800000e+03   9.5593321e+04
   2.6787862e+03   9.5000000e+04
   2.6766747e+03   9.4000000e+04
   2.6746120e+03   9.3000000e+04
   2.6725441e+03   9.2000000e+04
   2.6704228e+03   9.1000000e+04
   2.6700000e+03   9.0801765e+04
   2.6682957e+03   9.0000000e+04
   2.6661436e+03   8.9000000e+04
   2.6639749e+03   8.8000000e+04
   2.6617979e+03   8.7000000e+04
   2.6600000e+03   8.6187775e+04
   2.6595860e+03   8.6000000e+04
   2.6573736e+03   8.5000000e+04
   2.6551338e+03   8.4000000e+04
   2.6528729e+03   8.3000000e+04
   2.6505839e+03   8.2000000e+04
   2.6500000e+03   8.1748174e+04
   2.6482737e+03   8.1000000e+04
   2.6459494e+03   8.0000000e+04
   2.6436057e+03   7.9000000e+04
   2.6412363e+03   7.8000000e+04
   2.6400000e+03   7.7483900e+04
   2.6388451e+03   7.7000000e+04
   2.6364158e+03   7.6000000e+04
   2.6339739e+03   7.5000000e+04
   2.6314868e+03   7.4000000e+04
   2.6300000e+03   7.3419154e+04
   2.6289324e+03   7.3000000e+04
   2.6264733e+03   7.2000000e+04
   2.6239076e+03   7.1000000e+04
   2.6213117e+03   7.0000000e+04
   2.6200000e+03   6.9498041e+04
   2.6187024e+03   6.9000000e+04
   2.6160442e+03   6.8000000e+04
   2.6133496e+03   6.7000000e+04
   2.6106200e+03   6.6000000e+04
   2.6100000e+03   6.5776186e+04
   2.6078608e+03   6.5000000e+04
   2.6050548e+03   6.4000000e+04
   2.6022164e+03   6.3000000e+04
   2.6000000e+03   6.2234826e+04
   2.5993223e+03   6.2000000e+04
   2.5963943e+03   6.1000000e+04
   2.5934168e+03   6.0000000e+04
   2.5903438e+03   5.9000000e+04
   2.5900000e+03   5.8889219e+04
   2.5872665e+03   5.8000000e+04
   2.5841310e+03   5.7000000e+04
   2.5809024e+03   5.6000000e+04
   2.5800000e+03   5.5721588e+04
   2.5776797e+03   5.5000000e+04
   2.5743421e+03   5.4000000e+04
   2.5710222e+03   5.3000000e+04
   2.5700000e+03   5.2735853e+04
   2.5674365e+03   5.2000000e+04
   2.5673830e+03   5.1000000e+04