   3.1295424e+03   1.3500000e+06
   3.1288872e+03   1.3490000e+06
   3.1282300e+03   1.3480000e+06
   3.1275750e+03   1.3470000e+06
   3.1269175e+03   1.3460000e+06
   3.1262616e+03   1.3450000e+06
   3.1256039e+03   1.3440000e+06
   3.1249475e+03   1.3430000e+06
   3.1243182e+03   1.3420000e+06
   3.1236751e+03   1.3410000e+06
   3.1230363e+03   1.3400000e+06
   3.1224001e+03   1.3390000e+06
   3.1217653e+03   1.3380000e+06
   3.1211290e+03   1.3370000e+06
   3.1204792e+03   1.3360000e+06
   3.1200000e+03   1.3352652e+06
   3.1198258e+03   1.3350000e+06
   3.1191687e+03   1.3340000e+06
   3.1185113e+03   1.3330000e+06
   3.1178522e+03   1.3320000e+06
   3.1171933e+03   1.3310000e+06
   3.1165454e+03   1.3300000e+06
   3.1158824e+03   1.3290000e+06
   3.1152218e+03   1.3280000e+06
   3.1145588e+03   1.3270000e+06
   3.1138958e+03   1.3260000e+06
   3.1132272e+03   1.3250000e+06
   3.1125692e+03   1.3240000e+06
   3.1119043e+03   1.3230000e+06
   3.1112410e+03   1.3220000e+06
   3.1105756e+03   1.3210000e+06
   3.1100000e+03   1.3201348e+06
   3.1099106e+03   1.3200000e+06
   3.1092499e+03   1.3190000e+06
   3.1085846e+03   1.3180000e+06
   3.1079210e+03   1.3170000e+06
   3.1072589e+03   1.3160000e+06
   3.1065938e+03   1.3150000e+06
   3.1059304e+03   1.3140000e+06
   3.1052669e+03   1.3130000e+06
   3.1046001e+03   1.3120000e+06
   3.1039344e+03   1.3110000e+06
   3.1032679e+03   1.3100000e+06
   3.1026000e+03   1.3090000e+06
   3.1019324e+03   1.3080000e+06
   3.1012640e+03   1.3070000e+06
   3.1005960e+03   1.3060000e+06
   3.1000000e+03   1.3051078e+06
   3.0999282e+03   1.3050000e+06
   3.0992624e+03   1.3040000e+06
   3.0985941e+03   1.3030000e+06
   3.0979257e+03   1.3020000e+06
   3.0972574e+03   1.3010000e+06
   3.0965891e+03   1.3000000e+06
   3.0959228e+03   1.2990000e+06
   3.0952525e+03   1.2980000e+06
   3.0945817e+03   1.2970000e+06
   3.0939124e+03   1.2960000e+06
   3.0932418e+03   1.2950000e+06
   3.0925730e+03   1.2940000e+06
   3.0919021e+03   1.2930000e+06
   3.0912296e+03   1.2920000e+06
   3.0905591e+03   1.2910000e+06
   3.0900000e+03   1.2901661e+06
   3.0898890e+03   1.2900000e+06
   3.0892181e+03   1.2890000e+06
   3.0885471e+03   1.2880000e+06
   3.0878762e+03   1.2870000e+06
   3.0872052e+03   1.2860000e+06
   3.0865302e+03   1.2850000e+06
   3.0858584e+03   1.2840000e+06
   3.0851837e+03   1.2830000e+06
   3.0845116e+03   1.2820000e+06
   3.0838382e+03   1.2810000e+06
   3.0831624e+03   1.2800000e+06
   3.0824889e+03   1.2790000e+06
   3.0818130e+03   1.2780000e+06
   3.0811369e+03   1.2770000e+06
   3.0804612e+03   1.2760000e+06
   3.0800000e+03   1.2753175e+06
   3.0797861e+03   1.2750000e+06
   3.0791126e+03   1.2740000e+06
   3.0784370e+03   1.2730000e+06
   3.0777636e+03   1.2720000e+06
   3.0770867e+03   1.2710000e+06
   3.0764128e+03   1.2700000e+06
   3.0757371e+03   1.2690000e+06
   3.0750602e+03   1.2680000e+06
   3.0743847e+03   1.2670000e+06
   3.0737067e+03   1.2660000e+06
   3.0730287e+03   1.2650000e+06
   3.0723508e+03   1.2640000e+06
   3.0716749e+03   1.2630000e+06
   3.0709946e+03   1.2620000e+06
   3.0703144e+03   1.2610000e+06
   3.0700000e+03   1.2605206e+06
   3.0696596e+03   1.2600000e+06
   3.0690130e+03   1.2590000e+06
   3.0683668e+03   1.2580000e+06
   3.0677053e+03   1.2570000e+06
   3.0670601e+03   1.2560000e+06
   3.0664150e+03   1.2550000e+06
   3.0657220e+03   1.2540000e+06
   3.0650782e+03   1.2530000e+06
   3.0643978e+03   1.2520000e+06
   3.0637411e+03   1.2510000e+06
   3.0630764e+03   1.2500000e+06
   3.0623944e+03   1.2490000e+06
   3.0617288e+03   1.2480000e+06
   3.0610194e+03   1.2470000e+06
   3.0603555e+03   1.2460000e+06
   3.0600000e+03   1.2454689e+06
   3.0596871e+03   1.2450000e+06
   3.0589998e+03   1.2440000e+06
   3.0583350e+03   1.2430000e+06
   3.0564702e+03   1.2420000e+06
   3.0552941e+03   1.2410000e+06
   3.0525810e+03   1.2400000e+06
   3.0500000e+03   1.2391608e+06
   3.0495438e+03   1.2390000e+06
   3.0476926e+03   1.2380000e+06
   3.0443222e+03   1.2370000e+06
   3.0413855e+03   1.2360000e+06
   3.0400773e+03   1.2350000e+06
   3.0400000e+03   1.2349723e+06
   3.0372060e+03   1.2340000e+06
   3.0347236e+03   1.2330000e+06
   3.0324575e+03   1.2320000e+06
   3.0300640e+03   1.2310000e+06
   3.0300000e+03   1.2309787e+06
   3.0268895e+03   1.2300000e+06
   3.0263910e+03   1.2290000e+06
   3.0224113e+03   1.2280000e+06
   3.0206619e+03   1.2270000e+06
   3.0200000e+03   1.2266809e+06
   3.0186840e+03   1.2260000e+06
   3.0156924e+03   1.2250000e+06
   3.0135631e+03   1.2240000e+06
   3.0125043e+03   1.2230000e+06
   3.0100000e+03   1.2221267e+06
   3.0096721e+03   1.2220000e+06
   3.0091539e+03   1.2210000e+06
   3.0077517e+03   1.2200000e+06
   3.0069976e+03   1.2190000e+06
   3.0064069e+03   1.2180000e+06
   3.0058950e+03   1.2170000e+06
   3.0053127e+03   1.2160000e+06
   3.0046968e+03   1.2150000e+06
   3.0040778e+03   1.2140000e+06
   3.0034513e+03   1.2130000e+06
   3.0029014e+03   1.2120000e+06
   3.0023325e+03   1.2110000e+06
   3.0017763e+03   1.2100000e+06
   3.0011775e+03   1.2090000e+06
   3.0006047e+03   1.2080000e+06
   3.0000339e+03   1.2070000e+06
   3.0000000e+03   1.2069402e+06
   2.9994710e+03   1.2060000e+06
   2.9989012e+03   1.2050000e+06
   2.9983317e+03   1.2040000e+06
   2.9977522e+03   1.2030000e+06
   2.9971524e+03   1.2020000e+06
   2.9965500e+03   1.2010000e+06
   2.9959596e+03   1.2000000e+06
   2.9954023e+03   1.1990000e+06
   2.9947927e+03   1.1980000e+06
   2.9941818e+03   1.1970000e+06
   2.9936040e+03   1.1960000e+06
   2.9930247e+03   1.1950000e+06
   2.9924425e+03   1.1940000e+06
   2.9918629e+03   1.1930000e+06
   2.9912839e+03   1.1920000e+06
   2.9907025e+03   1.1910000e+06
   2.9901211e+03   1.1900000e+06
   2.9900000e+03   1.1897917e+06
   2.9895462e+03   1.1890000e+06
   2.9889709e+03   1.1880000e+06
   2.9883954e+03   1.1870000e+06
   2.9878200e+03   1.1860000e+06
   2.9872445e+03   1.1850000e+06
   2.9866619e+03   1.1840000e+06
   2.9860758e+03   1.1830000e+06
   2.9854889e+03   1.1820000e+06
   2.9848957e+03   1.1810000e+06
   2.9843008e+03   1.1800000e+06
   2.9836996e+03   1.1790000e+06
   2.9830974e+03   1.1780000e+06
   2.9825091e+03   1.1770000e+06
   2.9819220e+03   1.1760000e+06
   2.9813372e+03   1.1750000e+06
   2.9807530e+03   1.1740000e+06
   2.9801670e+03   1.1730000e+06
   2.9800000e+03   1.1727137e+06
   2.9795895e+03   1.1720000e+06
   2.9790084e+03   1.1710000e+06
   2.9784204e+03   1.1700000e+06
   2.9778293e+03   1.1690000e+06
   2.9772341e+03   1.1680000e+06
   2.9766643e+03   1.1670000e+06
   2.9760669e+03   1.1660000e+06
   2.9754736e+03   1.1650000e+06
   2.9748793e+03   1.1640000e+06
   2.9742881e+03   1.1630000e+06
   2.9736993e+03   1.1620000e+06
   2.9731081e+03   1.1610000e+06
   2.9725169e+03   1.1600000e+06
   2.9719257e+03   1.1590000e+06
   2.9713366e+03   1.1580000e+06
   2.9707455e+03   1.1570000e+06
   2.9701568e+03   1.1560000e+06
   2.9700000e+03   1.1557347e+06
   2.9695695e+03   1.1550000e+06
   2.9689835e+03   1.1540000e+06
   2.9683975e+03   1.1530000e+06
   2.9678105e+03   1.1520000e+06
   2.9672232e+03   1.1510000e+06
   2.9666170e+03   1.1500000e+06
   2.9660216e+03   1.1490000e+06
   2.9654290e+03   1.1480000e+06
   2.9648365e+03   1.1470000e+06
   2.9642717e+03   1.1460000e+06
   2.9636482e+03   1.1450000e+06
   2.9630538e+03   1.1440000e+06
   2.9624591e+03   1.1430000e+06
   2.9618630e+03   1.1420000e+06
   2.9612644e+03   1.1410000e+06
   2.9606683e+03   1.1400000e+06
   2.9600721e+03   1.1390000e+06
   2.9600000e+03   1.1388790e+06
   2.9594778e+03   1.1380000e+06
   2.9588857e+03   1.1370000e+06
   2.9582910e+03   1.1360000e+06
   2.9576923e+03   1.1350000e+06
   2.9570956e+03   1.1340000e+06
   2.9565012e+03   1.1330000e+06
   2.9559046e+03   1.1320000e+06
   2.9553092e+03   1.1310000e+06
   2.9547125e+03   1.1300000e+06
   2.9541160e+03   1.1290000e+06
   2.9535186e+03   1.1280000e+06
   2.9529204e+03   1.1270000e+06
   2.9523222e+03   1.1260000e+06
   2.9517213e+03   1.1250000e+06
   2.9511204e+03   1.1240000e+06
   2.9505171e+03   1.1230000e+06
   2.9500000e+03   1.1221394e+06
   2.9499165e+03   1.1220000e+06
   2.9493152e+03   1.1210000e+06
   2.9487163e+03   1.1200000e+06
   2.9481174e+03   1.1190000e+06
   2.9475161e+03   1.1180000e+06
   2.9469165e+03   1.1170000e+06
   2.9463133e+03   1.1160000e+06
   2.9457126e+03   1.1150000e+06
   2.9451086e+03   1.1140000e+06
   2.9445094e+03   1.1130000e+06
   2.9439064e+03   1.1120000e+06
   2.9433039e+03   1.1110000e+06
   2.9427006e+03   1.1100000e+06
   2.9420965e+03   1.1090000e+06
   2.9414944e+03   1.1080000e+06
   2.9408880e+03   1.1070000e+06
   2.9402817e+03   1.1060000e+06
   2.9400000e+03   1.1055354e+06
   2.9396767e+03   1.1050000e+06
   2.9390730e+03   1.1040000e+06
   2.9384729e+03   1.1030000e+06
   2.9378673e+03   1.1020000e+06
   2.9372634e+03   1.1010000e+06
   2.9366572e+03   1.1000000e+06
   2.9360480e+03   1.0990000e+06
   2.9354386e+03   1.0980000e+06
   2.9348300e+03   1.0970000e+06
   2.9342239e+03   1.0960000e+06
   2.9336275e+03   1.0950000e+06
   2.9330076e+03   1.0940000e+06
   2.9323990e+03   1.0930000e+06
   2.9317931e+03   1.0920000e+06
   2.9311995e+03   1.0910000e+06
   2.9305920e+03   1.0900000e+06
   2.9300000e+03   1.0890311e+06
   2.9299810e+03   1.0890000e+06
   2.9293713e+03   1.0880000e+06
   2.9287636e+03   1.0870000e+06
   2.9281518e+03   1.0860000e+06
   2.9275385e+03   1.0850000e+06
   2.9269209e+03   1.0840000e+06
   2.9263122e+03   1.0830000e+06
   2.9257011e+03   1.0820000e+06
   2.9250876e+03   1.0810000e+06
   2.9244755e+03   1.0800000e+06
   2.9238649e+03   1.0790000e+06
   2.9232512e+03   1.0780000e+06
   2.9226368e+03   1.0770000e+06
   2.9220298e+03   1.0760000e+06
   2.9214076e+03   1.0750000e+06
   2.9207940e+03   1.0740000e+06
   2.9201825e+03   1.0730000e+06
   2.9200000e+03   1.0727027e+06
   2.9195702e+03   1.0720000e+06
   2.9189582e+03   1.0710000e+06
   2.9183479e+03   1.0700000e+06
   2.9177334e+03   1.0690000e+06
   2.9171165e+03   1.0680000e+06
   2.9165005e+03   1.0670000e+06
   2.9158857e+03   1.0660000e+06
   2.9152691e+03   1.0650000e+06
   2.9146542e+03   1.0640000e+06
   2.9140387e+03   1.0630000e+06
   2.9134206e+03   1.0620000e+06
   2.9128002e+03   1.0610000e+06
   2.9121816e+03   1.0600000e+06
   2.9115613e+03   1.0590000e+06
   2.9109410e+03   1.0580000e+06
   2.9103208e+03   1.0570000e+06
   2.9100000e+03   1.0564829e+06
   2.9097015e+03   1.0560000e+06
   2.9090851e+03   1.0550000e+06
   2.9084666e+03   1.0540000e+06
   2.9078467e+03   1.0530000e+06
   2.9072278e+03   1.0520000e+06
   2.9066102e+03   1.0510000e+06
   2.9059920e+03   1.0500000e+06
   2.9053680e+03   1.0490000e+06
   2.9047496e+03   1.0480000e+06
   2.9041275e+03   1.0470000e+06
   2.9035073e+03   1.0460000e+06
   2.9028867e+03   1.0450000e+06
   2.9022661e+03   1.0440000e+06
   2.9016428e+03   1.0430000e+06
   2.9010176e+03   1.0420000e+06
   2.9003924e+03   1.0410000e+06
   2.9000000e+03   1.0403745e+06
   2.8997656e+03   1.0400000e+06
   2.8991423e+03   1.0390000e+06
   2.8985172e+03   1.0380000e+06
   2.8978941e+03   1.0370000e+06
   2.8972710e+03   1.0360000e+06
   2.8966456e+03   1.0350000e+06
   2.8960267e+03   1.0340000e+06
   2.8954008e+03   1.0330000e+06
   2.8947750e+03   1.0320000e+06
   2.8941491e+03   1.0310000e+06
   2.8935224e+03   1.0300000e+06
   2.8928966e+03   1.0290000e+06
   2.8922664e+03   1.0280000e+06
   2.8916390e+03   1.0270000e+06
   2.8910094e+03   1.0260000e+06
   2.8903840e+03   1.0250000e+06
   2.8900000e+03   1.0243903e+06
   2.8897549e+03   1.0240000e+06
   2.8891249e+03   1.0230000e+06
   2.8884971e+03   1.0220000e+06
   2.8878670e+03   1.0210000e+06
   2.8872369e+03   1.0200000e+06
   2.8866068e+03   1.0190000e+06
   2.8859767e+03   1.0180000e+06
   2.8853453e+03   1.0170000e+06
   2.8847165e+03   1.0160000e+06
   2.8840873e+03   1.0150000e+06
   2.8834555e+03   1.0140000e+06
   2.8828241e+03   1.0130000e+06
   2.8821911e+03   1.0120000e+06
   2.8815580e+03   1.0110000e+06
   2.8809248e+03   1.0100000e+06
   2.8802919e+03   1.0090000e+06
   2.8800000e+03   1.0085387e+06
   2.8796604e+03   1.0080000e+06
   2.8790279e+03   1.0070000e+06
   2.8783996e+03   1.0060000e+06
   2.8777633e+03   1.0050000e+06
   2.8771286e+03   1.0040000e+06
   2.8764930e+03   1.0030000e+06
   2.8758568e+03   1.0020000e+06
   2.8752197e+03   1.0010000e+06
   2.8745839e+03   1.0000000e+06
   2.8739470e+03   9.9900000e+05
   2.8733109e+03   9.9800000e+05
   2.8726721e+03   9.9700000e+05
   2.8720330e+03   9.9600000e+05
   2.8713997e+03   9.9500000e+05
   2.8707605e+03   9.9400000e+05
   2.8701164e+03   9.9300000e+05
   2.8700000e+03   9.9281685e+05
   2.8694831e+03   9.9200000e+05
   2.8688456e+03   9.9100000e+05
   2.8682048e+03   9.9000000e+05
   2.8675660e+03   9.8900000e+05
   2.8669291e+03   9.8800000e+05
   2.8662899e+03   9.8700000e+05
   2.8656508e+03   9.8600000e+05
   2.8650081e+03   9.8500000e+05
   2.8643668e+03   9.8400000e+05
   2.8637231e+03   9.8300000e+05
   2.8630824e+03   9.8200000e+05
   2.8624386e+03   9.8100000e+05
   2.8618032e+03   9.8000000e+05
   2.8611533e+03   9.7900000e+05
   2.8605117e+03   9.7800000e+05
   2.8600000e+03   9.7721071e+05
   2.8598639e+03   9.7700000e+05
   2.8592246e+03   9.7600000e+05
   2.8585830e+03   9.7500000e+05
   2.8579372e+03   9.7400000e+05
   2.8572952e+03   9.7300000e+05
   2.8566497e+03   9.7200000e+05
   2.8560074e+03   9.7100000e+05
   2.8553599e+03   9.7000000e+05
   2.8547128e+03   9.6900000e+05
   2.8540660e+03   9.6800000e+05
   2.8534202e+03   9.6700000e+05
   2.8527728e+03   9.6600000e+05
   2.8521236e+03   9.6500000e+05
   2.8514740e+03   9.6400000e+05
   2.8508258e+03   9.6300000e+05
   2.8501754e+03   9.6200000e+05
   2.8500000e+03   9.6172760e+05
   2.8495331e+03   9.6100000e+05
   2.8488784e+03   9.6000000e+05
   2.8482326e+03   9.5900000e+05
   2.8475845e+03   9.5800000e+05
   2.8469363e+03   9.5700000e+05
   2.8462874e+03   9.5600000e+05
   2.8456339e+03   9.5500000e+05
   2.8449874e+03   9.5400000e+05
   2.8443346e+03   9.5300000e+05
   2.8436819e+03   9.5200000e+05
   2.8430285e+03   9.5100000e+05
   2.8423754e+03   9.5000000e+05
   2.8417207e+03   9.4900000e+05
   2.8410713e+03   9.4800000e+05
   2.8404113e+03   9.4700000e+05
   2.8400000e+03   9.4636749e+05
   2.8397618e+03   9.4600000e+05
   2.8391090e+03   9.4500000e+05
   2.8384540e+03   9.4400000e+05
   2.8377953e+03   9.4300000e+05
   2.8371432e+03   9.4200000e+05
   2.8364858e+03   9.4100000e+05
   2.8358364e+03   9.4000000e+05
   2.8351811e+03   9.3900000e+05
   2.8345315e+03   9.3800000e+05
   2.8338749e+03   9.3700000e+05
   2.8332165e+03   9.3600000e+05
   2.8325584e+03   9.3500000e+05
   2.8318992e+03   9.3400000e+05
   2.8312408e+03   9.3300000e+05
   2.8305683e+03   9.3200000e+05
   2.8300000e+03   9.3113889e+05
   2.8299088e+03   9.3100000e+05
   2.8292497e+03   9.3000000e+05
   2.8285929e+03   9.2900000e+05
   2.8279370e+03   9.2800000e+05
   2.8272823e+03   9.2700000e+05
   2.8266431e+03   9.2600000e+05
   2.8259668e+03   9.2500000e+05
   2.8253109e+03   9.2400000e+05
   2.8246306e+03   9.2300000e+05
   2.8239900e+03   9.2200000e+05
   2.8233257e+03   9.2100000e+05
   2.8226588e+03   9.2000000e+05
   2.8219941e+03   9.1900000e+05
   2.8213260e+03   9.1800000e+05
   2.8206519e+03   9.1700000e+05
   2.8200000e+03   9.1601718e+05
   2.8199887e+03   9.1600000e+05
   2.8193217e+03   9.1500000e+05
   2.8186586e+03   9.1400000e+05
   2.8179950e+03   9.1300000e+05
   2.8173291e+03   9.1200000e+05
   2.8166659e+03   9.1100000e+05
   2.8159955e+03   9.1000000e+05
   2.8153308e+03   9.0900000e+05
   2.8146648e+03   9.0800000e+05
   2.8139982e+03   9.0700000e+05
   2.8133318e+03   9.0600000e+05
   2.8126635e+03   9.0500000e+05
   2.8119955e+03   9.0400000e+05
   2.8113258e+03   9.0300000e+05
   2.8106538e+03   9.0200000e+05
   2.8100000e+03   9.0102703e+05
   2.8099819e+03   9.0100000e+05
   2.8093125e+03   9.0000000e+05
   2.8086403e+03   8.9900000e+05
   2.8079692e+03   8.9800000e+05
   2.8073069e+03   8.9700000e+05
   2.8066290e+03   8.9600000e+05
   2.8059574e+03   8.9500000e+05
   2.8052907e+03   8.9400000e+05
   2.8046176e+03   8.9300000e+05
   2.8039430e+03   8.9200000e+05
   2.8032692e+03   8.9100000e+05
   2.8025945e+03   8.9000000e+05
   2.8019212e+03   8.8900000e+05
   2.8012407e+03   8.8800000e+05
   2.8005657e+03   8.8700000e+05
   2.8000000e+03   8.8616107e+05
   2.7998918e+03   8.8600000e+05
   2.7992181e+03   8.8500000e+05
   2.7985444e+03   8.8400000e+05
   2.7978671e+03   8.8300000e+05
   2.7971898e+03   8.8200000e+05
   2.7965097e+03   8.8100000e+05
   2.7958377e+03   8.8000000e+05
   2.7951589e+03   8.7900000e+05
   2.7944897e+03   8.7800000e+05
   2.7938016e+03   8.7700000e+05
   2.7931220e+03   8.7600000e+05
   2.7924420e+03   8.7500000e+05
   2.7917639e+03   8.7400000e+05
   2.7910919e+03   8.7300000e+05
   2.7904099e+03   8.7200000e+05
   2.7900000e+03   8.7139934e+05
   2.7897283e+03   8.7100000e+05
   2.7890478e+03   8.7000000e+05
   2.7883655e+03   8.6900000e+05
   2.7876825e+03   8.6800000e+05
   2.7869998e+03   8.6700000e+05
   2.7863171e+03   8.6600000e+05
   2.7856344e+03   8.6500000e+05
   2.7849506e+03   8.6400000e+05
   2.7842681e+03   8.6300000e+05
   2.7835833e+03   8.6200000e+05
   2.7828979e+03   8.6100000e+05
   2.7822132e+03   8.6000000e+05
   2.7815286e+03   8.5900000e+05
   2.7808416e+03   8.5800000e+05
   2.7801526e+03   8.5700000e+05
   2.7800000e+03   8.5677850e+05
   2.7794660e+03   8.5600000e+05
   2.7787799e+03   8.5500000e+05
   2.7780930e+03   8.5400000e+05
   2.7774050e+03   8.5300000e+05
   2.7767173e+03   8.5200000e+05
   2.7760326e+03   8.5100000e+05
   2.7753432e+03   8.5000000e+05
   2.7746556e+03   8.4900000e+05
   2.7739656e+03   8.4800000e+05
   2.7732722e+03   8.4700000e+05
   2.7725778e+03   8.4600000e+05
   2.7718887e+03   8.4500000e+05
   2.7712000e+03   8.4400000e+05
   2.7705093e+03   8.4300000e+05
   2.7700000e+03   8.4226452e+05
   2.7698175e+03   8.4200000e+05
   2.7691277e+03   8.4100000e+05
   2.7684350e+03   8.4000000e+05
   2.7677442e+03   8.3900000e+05
   2.7670516e+03   8.3800000e+05
   2.7663549e+03   8.3700000e+05
   2.7656570e+03   8.3600000e+05
   2.7649577e+03   8.3500000e+05
   2.7642641e+03   8.3400000e+05
   2.7635671e+03   8.3300000e+05
   2.7628731e+03   8.3200000e+05
   2.7621767e+03   8.3100000e+05
   2.7614820e+03   8.3000000e+05
   2.7607855e+03   8.2900000e+05
   2.7600890e+03   8.2800000e+05
   2.7600000e+03   8.2787302e+05
   2.7593900e+03   8.2700000e+05
   2.7586968e+03   8.2600000e+05
   2.7579978e+03   8.2500000e+05
   2.7572987e+03   8.2400000e+05
   2.7565965e+03   8.2300000e+05
   2.7558976e+03   8.2200000e+05
   2.7552039e+03   8.2100000e+05
   2.7544981e+03   8.2000000e+05
   2.7537910e+03   8.1900000e+05
   2.7530923e+03   8.1800000e+05
   2.7523908e+03   8.1700000e+05
   2.7516877e+03   8.1600000e+05
   2.7509867e+03   8.1500000e+05
   2.7502816e+03   8.1400000e+05
   2.7500000e+03   8.1360063e+05
   2.7495776e+03   8.1300000e+05
   2.7488707e+03   8.1200000e+05
   2.7481666e+03   8.1100000e+05
   2.7474625e+03   8.1000000e+05
   2.7467587e+03   8.0900000e+05
   2.7460557e+03   8.0800000e+05
   2.7453478e+03   8.0700000e+05
   2.7446412e+03   8.0600000e+05
   2.7439355e+03   8.0500000e+05
   2.7432273e+03   8.0400000e+05
   2.7425204e+03   8.0300000e+05
   2.7418095e+03   8.0200000e+05
   2.7411003e+03   8.0100000e+05
   2.7403909e+03   8.0000000e+05
   2.7400000e+03   7.9945031e+05
   2.7396809e+03   7.9900000e+05
   2.7389725e+03   7.9800000e+05
   2.7382636e+03   7.9700000e+05
   2.7375550e+03   7.9600000e+05
   2.7368443e+03   7.9500000e+05
   2.7361320e+03   7.9400000e+05
   2.7354203e+03   7.9300000e+05
   2.7347118e+03   7.9200000e+05
   2.7339978e+03   7.9100000e+05
   2.7332835e+03   7.9000000e+05
   2.7325688e+03   7.8900000e+05
   2.7318530e+03   7.8800000e+05
   2.7311395e+03   7.8700000e+05
   2.7304244e+03   7.8600000e+05
   2.7300000e+03   7.8541337e+05
   2.7297021e+03   7.8500000e+05
   2.7289901e+03   7.8400000e+05
   2.7282756e+03   7.8300000e+05
   2.7275597e+03   7.8200000e+05
   2.7268419e+03   7.8100000e+05
   2.7261235e+03   7.8000000e+05
   2.7254099e+03   7.7900000e+05
   2.7246864e+03   7.7800000e+05
   2.7239662e+03   7.7700000e+05
   2.7232464e+03   7.7600000e+05
   2.7225268e+03   7.7500000e+05
   2.7218058e+03   7.7400000e+05
   2.7210861e+03   7.7300000e+05
   2.7203635e+03   7.7200000e+05
   2.7200000e+03   7.7149544e+05
   2.7196443e+03   7.7100000e+05
   2.7189245e+03   7.7000000e+05
   2.7182021e+03   7.6900000e+05
   2.7174776e+03   7.6800000e+05
   2.7167562e+03   7.6700000e+05
   2.7160328e+03   7.6600000e+05
   2.7153077e+03   7.6500000e+05
   2.7145832e+03   7.6400000e+05
   2.7138577e+03   7.6300000e+05
   2.7131333e+03   7.6200000e+05
   2.7124084e+03   7.6100000e+05
   2.7116838e+03   7.6000000e+05
   2.7109575e+03   7.5900000e+05
   2.7102311e+03   7.5800000e+05
   2.7100000e+03   7.5768168e+05
   2.7095062e+03   7.5700000e+05
   2.7087758e+03   7.5600000e+05
   2.7080457e+03   7.5500000e+05
   2.7073142e+03   7.5400000e+05
   2.7065834e+03   7.5300000e+05
   2.7058505e+03   7.5200000e+05
   2.7051216e+03   7.5100000e+05
   2.7043909e+03   7.5000000e+05
   2.7036612e+03   7.4900000e+05
   2.7029316e+03   7.4800000e+05
   2.7022020e+03   7.4700000e+05
   2.7014701e+03   7.4600000e+05
   2.7007383e+03   7.4500000e+05
   2.7000043e+03   7.4400000e+05
   2.7000000e+03   7.4399410e+05
   2.6992704e+03   7.4300000e+05
   2.6985349e+03   7.4200000e+05
   2.6977977e+03   7.4100000e+05
   2.6970621e+03   7.4000000e+05
   2.6963268e+03   7.3900000e+05
   2.6955931e+03   7.3800000e+05
   2.6948539e+03   7.3700000e+05
   2.6941160e+03   7.3600000e+05
   2.6933788e+03   7.3500000e+05
   2.6926455e+03   7.3400000e+05
   2.6919061e+03   7.3300000e+05
   2.6911662e+03   7.3200000e+05
   2.6904241e+03   7.3100000e+05
   2.6900000e+03   7.3042690e+05
   2.6896850e+03   7.3000000e+05
   2.6889452e+03   7.2900000e+05
   2.6881997e+03   7.2800000e+05
   2.6874585e+03   7.2700000e+05
   2.6867177e+03   7.2600000e+05
   2.6859776e+03   7.2500000e+05
   2.6852328e+03   7.2400000e+05
   2.6844892e+03   7.2300000e+05
   2.6837457e+03   7.2200000e+05
   2.6830022e+03   7.2100000e+05
   2.6822586e+03   7.2000000e+05
   2.6815101e+03   7.1900000e+05
   2.6807649e+03   7.1800000e+05
   2.6800194e+03   7.1700000e+05
   2.6800000e+03   7.1697414e+05
   2.6792719e+03   7.1600000e+05
   2.6785251e+03   7.1500000e+05
   2.6777780e+03   7.1400000e+05
   2.6770307e+03   7.1300000e+05
   2.6762819e+03   7.1200000e+05
   2.6755334e+03   7.1100000e+05
   2.6747843e+03   7.1000000e+05
   2.6740339e+03   7.0900000e+05
   2.6732818e+03   7.0800000e+05
   2.6725295e+03   7.0700000e+05
   2.6717804e+03   7.0600000e+05
   2.6710223e+03   7.0500000e+05
   2.6702705e+03   7.0400000e+05
   2.6700000e+03   7.0364103e+05
   2.6695189e+03   7.0300000e+05
   2.6687671e+03   7.0200000e+05
   2.6680150e+03   7.0100000e+05
   2.6672644e+03   7.0000000e+05
   2.6665107e+03   6.9900000e+05
   2.6657573e+03   6.9800000e+05
   2.6650032e+03   6.9700000e+05
   2.6642420e+03   6.9600000e+05
   2.6634873e+03   6.9500000e+05
   2.6627298e+03   6.9400000e+05
   2.6619684e+03   6.9300000e+05
   2.6612080e+03   6.9200000e+05
   2.6604447e+03   6.9100000e+05
   2.6600000e+03   6.9041573e+05
   2.6596851e+03   6.9000000e+05
   2.6589334e+03   6.8900000e+05
   2.6581720e+03   6.8800000e+05
   2.6574091e+03   6.8700000e+05
   2.6566518e+03   6.8600000e+05
   2.6558906e+03   6.8500000e+05
   2.6551286e+03   6.8400000e+05
   2.6543662e+03   6.8300000e+05
   2.6536021e+03   6.8200000e+05
   2.6528383e+03   6.8100000e+05
   2.6520728e+03   6.8000000e+05
   2.6513064e+03   6.7900000e+05
   2.6505423e+03   6.7800000e+05
   2.6500000e+03   6.7729558e+05
   2.6497732e+03   6.7700000e+05
   2.6490081e+03   6.7600000e+05
   2.6482394e+03   6.7500000e+05
   2.6474772e+03   6.7400000e+05
   2.6467083e+03   6.7300000e+05
   2.6459415e+03   6.7200000e+05
   2.6451737e+03   6.7100000e+05
   2.6444058e+03   6.7000000e+05
   2.6436362e+03   6.6900000e+05
   2.6428650e+03   6.6800000e+05
   2.6420945e+03   6.6700000e+05
   2.6413194e+03   6.6600000e+05
   2.6405463e+03   6.6500000e+05
   2.6400000e+03   6.6429508e+05
   2.6397720e+03   6.6400000e+05
   2.6389977e+03   6.6300000e+05
   2.6382240e+03   6.6200000e+05
   2.6374499e+03   6.6100000e+05
   2.6366772e+03   6.6000000e+05
   2.6359047e+03   6.5900000e+05
   2.6351297e+03   6.5800000e+05
   2.6343544e+03   6.5700000e+05
   2.6335767e+03   6.5600000e+05
   2.6327957e+03   6.5500000e+05
   2.6320190e+03   6.5400000e+05
   2.6312402e+03   6.5300000e+05
   2.6304597e+03   6.5200000e+05
   2.6300000e+03   6.5141081e+05
   2.6296805e+03   6.5100000e+05
   2.6288992e+03   6.5000000e+05
   2.6281201e+03   6.4900000e+05
   2.6273409e+03   6.4800000e+05
   2.6265602e+03   6.4700000e+05
   2.6257785e+03   6.4600000e+05
   2.6249968e+03   6.4500000e+05
   2.6242179e+03   6.4400000e+05
   2.6234334e+03   6.4300000e+05
   2.6226486e+03   6.4200000e+05
   2.6218627e+03   6.4100000e+05
   2.6210768e+03   6.4000000e+05
   2.6202835e+03   6.3900000e+05
   2.6200000e+03   6.3864000e+05
   2.6194979e+03   6.3800000e+05
   2.6187116e+03   6.3700000e+05
   2.6179260e+03   6.3600000e+05
   2.6171402e+03   6.3500000e+05
   2.6163530e+03   6.3400000e+05
   2.6155658e+03   6.3300000e+05
   2.6147763e+03   6.3200000e+05
   2.6139870e+03   6.3100000e+05
   2.6131982e+03   6.3000000e+05
   2.6124075e+03   6.2900000e+05
   2.6116116e+03   6.2800000e+05
   2.6108171e+03   6.2700000e+05
   2.6100209e+03   6.2600000e+05
   2.6100000e+03   6.2597375e+05
   2.6092274e+03   6.2500000e+05
   2.6084337e+03   6.2400000e+05
   2.6076447e+03   6.2300000e+05
   2.6068471e+03   6.2200000e+05
   2.6060525e+03   6.2100000e+05
   2.6052571e+03   6.2000000e+05
   2.6044609e+03   6.1900000e+05
   2.6036649e+03   6.1800000e+05
   2.6028678e+03   6.1700000e+05
   2.6020682e+03   6.1600000e+05
   2.6012674e+03   6.1500000e+05
   2.6004662e+03   6.1400000e+05
   2.6000000e+03   6.1341969e+05
   2.5996639e+03   6.1300000e+05
   2.5988615e+03   6.1200000e+05
   2.5980610e+03   6.1100000e+05
   2.5972610e+03   6.1000000e+05
   2.5964580e+03   6.0900000e+05
   2.5956560e+03   6.0800000e+05
   2.5948539e+03   6.0700000e+05
   2.5940497e+03   6.0600000e+05
   2.5932470e+03   6.0500000e+05
   2.5924409e+03   6.0400000e+05
   2.5916328e+03   6.0300000e+05
   2.5908249e+03   6.0200000e+05
   2.5900145e+03   6.0100000e+05
   2.5900000e+03   6.0098201e+05
   2.5892112e+03   6.0000000e+05
   2.5884036e+03   5.9900000e+05
   2.5875934e+03   5.9800000e+05
   2.5867836e+03   5.9700000e+05
   2.5859752e+03   5.9600000e+05
   2.5851652e+03   5.9500000e+05
   2.5843520e+03   5.9400000e+05
   2.5835424e+03   5.9300000e+05
   2.5827295e+03   5.9200000e+05
   2.5819191e+03   5.9100000e+05
   2.5811035e+03   5.9000000e+05
   2.5802868e+03   5.8900000e+05
   2.5800000e+03   5.8864810e+05
   2.5794737e+03   5.8800000e+05
   2.5786595e+03   5.8700000e+05
   2.5778450e+03   5.8600000e+05
   2.5770300e+03   5.8500000e+05
   2.5762114e+03   5.8400000e+05
   2.5753938e+03   5.8300000e+05
   2.5745735e+03   5.8200000e+05
   2.5737546e+03   5.8100000e+05
   2.5729346e+03   5.8000000e+05
   2.5721142e+03   5.7900000e+05
   2.5712921e+03   5.7800000e+05
   2.5704704e+03   5.7700000e+05
   2.5700000e+03   5.7642750e+05
   2.5696502e+03   5.7600000e+05
   2.5688298e+03   5.7500000e+05
   2.5680082e+03   5.7400000e+05
   2.5671853e+03   5.7300000e+05
   2.5663616e+03   5.7200000e+05
   2.5655362e+03   5.7100000e+05
   2.5647105e+03   5.7000000e+05
   2.5638830e+03   5.6900000e+05
   2.5630558e+03   5.6800000e+05
   2.5622254e+03   5.6700000e+05
   2.5613985e+03   5.6600000e+05
   2.5605665e+03   5.6500000e+05
   2.5600000e+03   5.6431773e+05
   2.5597372e+03   5.6400000e+05
   2.5589102e+03   5.6300000e+05
   2.5580811e+03   5.6200000e+05
   2.5572520e+03   5.6100000e+05
   2.5564216e+03   5.6000000e+05
   2.5555909e+03   5.5900000e+05
   2.5547586e+03   5.5800000e+05
   2.5539226e+03   5.5700000e+05
   2.5530890e+03   5.5600000e+05
   2.5522505e+03   5.5500000e+05
   2.5514155e+03   5.5400000e+05
   2.5505781e+03   5.5300000e+05
   2.5500000e+03   5.5231235e+05
   2.5497383e+03   5.5200000e+05
   2.5489024e+03   5.5100000e+05
   2.5480669e+03   5.5000000e+05
   2.5472292e+03   5.4900000e+05
   2.5463902e+03   5.4800000e+05
   2.5455526e+03   5.4700000e+05
   2.5447111e+03   5.4600000e+05
   2.5438706e+03   5.4500000e+05
   2.5430280e+03   5.4400000e+05
   2.5421853e+03   5.4300000e+05
   2.5413420e+03   5.4200000e+05
   2.5404968e+03   5.4100000e+05
   2.5400000e+03   5.4041247e+05
   2.5396525e+03   5.4000000e+05
   2.5388065e+03   5.3900000e+05
   2.5379608e+03   5.3800000e+05
   2.5371149e+03   5.3700000e+05
   2.5362677e+03   5.3600000e+05
   2.5354188e+03   5.3500000e+05
   2.5345713e+03   5.3400000e+05
   2.5337220e+03   5.3300000e+05
   2.5328727e+03   5.3200000e+05
   2.5320234e+03   5.3100000e+05
   2.5311721e+03   5.3000000e+05
   2.5303187e+03   5.2900000e+05
   2.5300000e+03   5.2862648e+05
   2.5294672e+03   5.2800000e+05
   2.5286148e+03   5.2700000e+05
   2.5277624e+03   5.2600000e+05
   2.5269085e+03   5.2500000e+05
   2.5260515e+03   5.2400000e+05
   2.5251949e+03   5.2300000e+05
   2.5243388e+03   5.2200000e+05
   2.5234800e+03   5.2100000e+05
   2.5226235e+03   5.2000000e+05
   2.5217651e+03   5.1900000e+05
   2.5209184e+03   5.1800000e+05
   2.5200442e+03   5.1700000e+05
   2.5200000e+03   5.1694860e+05
   2.5191880e+03   5.1600000e+05
   2.5183297e+03   5.1500000e+05
   2.5174680e+03   5.1400000e+05
   2.5166060e+03   5.1300000e+05
   2.5157429e+03   5.1200000e+05
   2.5148820e+03   5.1100000e+05
   2.5140156e+03   5.1000000e+05
   2.5131506e+03   5.0900000e+05
   2.5122825e+03   5.0800000e+05
   2.5114160e+03   5.0700000e+05
   2.5105460e+03   5.0600000e+05
   2.5100000e+03   5.0537241e+05
   2.5096773e+03   5.0500000e+05
   2.5088110e+03   5.0400000e+05
   2.5079411e+03   5.0300000e+05
   2.5070723e+03   5.0200000e+05
   2.5062035e+03   5.0100000e+05
   2.5053325e+03   5.0000000e+05
   2.5044615e+03   4.9900000e+05
   2.5035882e+03   4.9800000e+05
   2.5027141e+03   4.9700000e+05
   2.5018395e+03   4.9600000e+05
   2.5009634e+03   4.9500000e+05
   2.5000856e+03   4.9400000e+05
   2.5000000e+03   4.9390271e+05
   2.4992086e+03   4.9300000e+05
   2.4983323e+03   4.9200000e+05
   2.4974549e+03   4.9100000e+05
   2.4965755e+03   4.9000000e+05
   2.4956973e+03   4.8900000e+05
   2.4948177e+03   4.8800000e+05
   2.4939382e+03   4.8700000e+05
   2.4930586e+03   4.8600000e+05
   2.4921755e+03   4.8500000e+05
   2.4912936e+03   4.8400000e+05
   2.4904101e+03   4.8300000e+05
   2.4900000e+03   4.8253691e+05
   2.4895263e+03   4.8200000e+05
   2.4886422e+03   4.8100000e+05
   2.4877580e+03   4.8000000e+05
   2.4868706e+03   4.7900000e+05
   2.4859834e+03   4.7800000e+05
   2.4850947e+03   4.7700000e+05
   2.4842060e+03   4.7600000e+05
   2.4833149e+03   4.7500000e+05
   2.4824231e+03   4.7400000e+05
   2.4815316e+03   4.7300000e+05
   2.4806388e+03   4.7200000e+05
   2.4800000e+03   4.7128634e+05
   2.4797447e+03   4.7100000e+05
   2.4788553e+03   4.7000000e+05
   2.4779615e+03   4.6900000e+05
   2.4770693e+03   4.6800000e+05
   2.4761744e+03   4.6700000e+05
   2.4752789e+03   4.6600000e+05
   2.4743825e+03   4.6500000e+05
   2.4734812e+03   4.6400000e+05
   2.4725883e+03   4.6300000e+05
   2.4716860e+03   4.6200000e+05
   2.4707830e+03   4.6100000e+05
   2.4700000e+03   4.6013261e+05
   2.4698807e+03   4.6000000e+05
   2.4689797e+03   4.5900000e+05
   2.4680786e+03   4.5800000e+05
   2.4671789e+03   4.5700000e+05
   2.4662732e+03   4.5600000e+05
   2.4653693e+03   4.5500000e+05
   2.4644655e+03   4.5400000e+05
   2.4635600e+03   4.5300000e+05
   2.4626534e+03   4.5200000e+05
   2.4617429e+03   4.5100000e+05
   2.4608358e+03   4.5000000e+05
   2.4600000e+03   4.4908155e+05
   2.4599261e+03   4.4900000e+05
   2.4590177e+03   4.4800000e+05
   2.4581082e+03   4.4700000e+05
   2.4571965e+03   4.4600000e+05
   2.4562867e+03   4.4500000e+05
   2.4553716e+03   4.4400000e+05
   2.4544572e+03   4.4300000e+05
   2.4535414e+03   4.4200000e+05
   2.4526264e+03   4.4100000e+05
   2.4517088e+03   4.4000000e+05
   2.4507893e+03   4.3900000e+05
   2.4500000e+03   4.3814165e+05
   2.4498703e+03   4.3800000e+05
   2.4489545e+03   4.3700000e+05
   2.4480372e+03   4.3600000e+05
   2.4471279e+03   4.3500000e+05
   2.4461990e+03   4.3400000e+05
   2.4452786e+03   4.3300000e+05
   2.4443567e+03   4.3200000e+05
   2.4434327e+03   4.3100000e+05
   2.4425077e+03   4.3000000e+05
   2.4415822e+03   4.2900000e+05
   2.4406557e+03   4.2800000e+05
   2.4400000e+03   4.2729375e+05
   2.4397282e+03   4.2700000e+05
   2.4388011e+03   4.2600000e+05
   2.4378739e+03   4.2500000e+05
   2.4369449e+03   4.2400000e+05
   2.4360135e+03   4.2300000e+05
   2.4350819e+03   4.2200000e+05
   2.4341498e+03   4.2100000e+05
   2.4332166e+03   4.2000000e+05
   2.4322830e+03   4.1900000e+05
   2.4313491e+03   4.1800000e+05
   2.4304139e+03   4.1700000e+05
   2.4300000e+03   4.1655761e+05
   2.4294803e+03   4.1600000e+05
   2.4285465e+03   4.1500000e+05
   2.4276107e+03   4.1400000e+05
   2.4266737e+03   4.1300000e+05
   2.4257354e+03   4.1200000e+05
   2.4247949e+03   4.1100000e+05
   2.4238547e+03   4.1000000e+05
   2.4229130e+03   4.0900000e+05
   2.4219686e+03   4.0800000e+05
   2.4210236e+03   4.0700000e+05
   2.4200767e+03   4.0600000e+05
   2.4200000e+03   4.0591903e+05
   2.4191333e+03   4.0500000e+05
   2.4181886e+03   4.0400000e+05
   2.4172396e+03   4.0300000e+05
   2.4162922e+03   4.0200000e+05
   2.4153443e+03   4.0100000e+05
   2.4143955e+03   4.0000000e+05
   2.4139463e+03   3.9900000e+05
   2.4129899e+03   3.9800000e+05
   2.4120179e+03   3.9700000e+05
   2.4110644e+03   3.9600000e+05
   2.4101119e+03   3.9500000e+05
   2.4100000e+03   3.9488224e+05
   2.4091421e+03   3.9400000e+05
   2.4081677e+03   3.9300000e+05
   2.4071908e+03   3.9200000e+05
   2.4062136e+03   3.9100000e+05
   2.4052349e+03   3.9000000e+05
   2.4042538e+03   3.8900000e+05
   2.4032726e+03   3.8800000e+05
   2.4022841e+03   3.8700000e+05
   2.4012983e+03   3.8600000e+05
   2.4003124e+03   3.8500000e+05
   2.4000000e+03   3.8468493e+05
   2.3993386e+03   3.8400000e+05
   2.3983755e+03   3.8300000e+05
   2.3974122e+03   3.8200000e+05
   2.3964488e+03   3.8100000e+05
   2.3954836e+03   3.8000000e+05
   2.3945164e+03   3.7900000e+05
   2.3935486e+03   3.7800000e+05
   2.3925798e+03   3.7700000e+05
   2.3916088e+03   3.7600000e+05
   2.3906380e+03   3.7500000e+05
   2.3900000e+03   3.7434623e+05
   2.3896634e+03   3.7400000e+05
   2.3886896e+03   3.7300000e+05
   2.3877176e+03   3.7200000e+05
   2.3867437e+03   3.7100000e+05
   2.3857672e+03   3.7000000e+05
   2.3847885e+03   3.6900000e+05
   2.3838033e+03   3.6800000e+05
   2.3828241e+03   3.6700000e+05
   2.3818414e+03   3.6600000e+05
   2.3808604e+03   3.6500000e+05
   2.3800000e+03   3.6412595e+05
   2.3798765e+03   3.6400000e+05
   2.3788962e+03   3.6300000e+05
   2.3779158e+03   3.6200000e+05
   2.3769323e+03   3.6100000e+05
   2.3759502e+03   3.6000000e+05
   2.3749635e+03   3.5900000e+05
   2.3739772e+03   3.5800000e+05
   2.3729888e+03   3.5700000e+05
   2.3720000e+03   3.5600000e+05
   2.3710093e+03   3.5500000e+05
   2.3700168e+03   3.5400000e+05
   2.3700000e+03   3.5398318e+05
   2.3690208e+03   3.5300000e+05
   2.3680290e+03   3.5200000e+05
   2.3670346e+03   3.5100000e+05
   2.3660391e+03   3.5000000e+05
   2.3650428e+03   3.4900000e+05
   2.3640428e+03   3.4800000e+05
   2.3630419e+03   3.4700000e+05
   2.3620409e+03   3.4600000e+05
   2.3610398e+03   3.4500000e+05
   2.3600372e+03   3.4400000e+05
   2.3600000e+03   3.4396289e+05
   2.3590387e+03   3.4300000e+05
   2.3580370e+03   3.4200000e+05
   2.3570352e+03   3.4100000e+05
   2.3560322e+03   3.4000000e+05
   2.3550278e+03   3.3900000e+05
   2.3540215e+03   3.3800000e+05
   2.3530113e+03   3.3700000e+05
   2.3520022e+03   3.3600000e+05
   2.3509919e+03   3.3500000e+05
   2.3500000e+03   3.3402190e+05
   2.3499779e+03   3.3400000e+05
   2.3489677e+03   3.3300000e+05
   2.3479558e+03   3.3200000e+05
   2.3469412e+03   3.3100000e+05
   2.3459270e+03   3.3000000e+05
   2.3449051e+03   3.2900000e+05
   2.3438880e+03   3.2800000e+05
   2.3428661e+03   3.2700000e+05
   2.3418450e+03   3.2600000e+05
   2.3408231e+03   3.2500000e+05
   2.3400000e+03   3.2419459e+05
   2.3398019e+03   3.2400000e+05
   2.3387823e+03   3.2300000e+05
   2.3377613e+03   3.2200000e+05
   2.3367369e+03   3.2100000e+05
   2.3357119e+03   3.2000000e+05
   2.3346867e+03   3.1900000e+05
   2.3336600e+03   3.1800000e+05
   2.3326305e+03   3.1700000e+05
   2.3316010e+03   3.1600000e+05
   2.3305678e+03   3.1500000e+05
   2.3300000e+03   3.1445230e+05
   2.3295330e+03   3.1400000e+05
   2.3285024e+03   3.1300000e+05
   2.3274704e+03   3.1200000e+05
   2.3264356e+03   3.1100000e+05
   2.3253967e+03   3.1000000e+05
   2.3243563e+03   3.0900000e+05
   2.3233163e+03   3.0800000e+05
   2.3222739e+03   3.0700000e+05
   2.3212325e+03   3.0600000e+05
   2.3201877e+03   3.0500000e+05
   2.3200000e+03   3.0482024e+05
   2.3191472e+03   3.0400000e+05
   2.3181045e+03   3.0300000e+05
   2.3170633e+03   3.0200000e+05
   2.3160174e+03   3.0100000e+05
   2.3149710e+03   3.0000000e+05
   2.3139238e+03   2.9900000e+05
   2.3128753e+03   2.9800000e+05
   2.3118238e+03   2.9700000e+05
   2.3107705e+03   2.9600000e+05
   2.3100000e+03   2.9526850e+05
   2.3097183e+03   2.9500000e+05
   2.3086658e+03   2.9400000e+05
   2.3076101e+03   2.9300000e+05
   2.3065536e+03   2.9200000e+05
   2.3053703e+03   2.9100000e+05
   2.3036074e+03   2.9000000e+05
   2.3018243e+03   2.8900000e+05
   2.3000000e+03   2.8800000e+05
   2.3000000e+03   2.8800000e+05
   2.2981574e+03   2.8700000e+05
   2.2963884e+03   2.8600000e+05
   2.2951736e+03   2.8500000e+05
   2.2939774e+03   2.8400000e+05
   2.2927773e+03   2.8300000e+05
   2.2915470e+03   2.8200000e+05
   2.2903323e+03   2.8100000e+05
   2.2900000e+03   2.8072404e+05
   2.2891314e+03   2.8000000e+05
   2.2879044e+03   2.7900000e+05
   2.2866330e+03   2.7800000e+05
   2.2853381e+03   2.7700000e+05
   2.2840395e+03   2.7600000e+05
   2.2827409e+03   2.7500000e+05
   2.2813961e+03   2.7400000e+05
   2.2800510e+03   2.7300000e+05
   2.2800000e+03   2.7296292e+05
   2.2786783e+03   2.7200000e+05
   2.2772923e+03   2.7100000e+05
   2.2758733e+03   2.7000000e+05
   2.2744274e+03   2.6900000e+05
   2.2729602e+03   2.6800000e+05
   2.2714654e+03   2.6700000e+05
   2.2700000e+03   2.6604864e+05
   2.2699255e+03   2.6600000e+05
   2.2683558e+03   2.6500000e+05
   2.2667615e+03   2.6400000e+05
   2.2651085e+03   2.6300000e+05
   2.2634244e+03   2.6200000e+05
   2.2616798e+03   2.6100000e+05
   2.2600000e+03   2.6005956e+05
   2.2598943e+03   2.6000000e+05
   2.2580752e+03   2.5900000e+05
   2.2562342e+03   2.5800000e+05
   2.2541827e+03   2.5700000e+05
   2.2521310e+03   2.5600000e+05
   2.2500418e+03   2.5500000e+05
   2.2500000e+03   2.5498347e+05
   2.2475150e+03   2.5400000e+05
   2.2449984e+03   2.5300000e+05
   2.2430483e+03   2.5200000e+05
   2.2407562e+03   2.5100000e+05
   2.2400000e+03   2.5071700e+05
   2.2381033e+03   2.5000000e+05
   2.2354089e+03   2.4900000e+05
   2.2325410e+03   2.4800000e+05
   2.2300000e+03   2.4715680e+05
   2.2295334e+03   2.4700000e+05
   2.2263167e+03   2.4600000e+05
   2.2229144e+03   2.4500000e+05
   2.2200000e+03   2.4416986e+05
   2.2194135e+03   2.4400000e+05
   2.2153865e+03   2.4300000e+05
   2.2114784e+03   2.4200000e+05
   2.2100000e+03   2.4165187e+05
   2.2072689e+03   2.4100000e+05
   2.2027035e+03   2.4000000e+05
   2.2000000e+03   2.3945447e+05
   2.1977844e+03   2.3900000e+05
   2.1923129e+03   2.3800000e+05
   2.1900000e+03   2.3761371e+05
   2.1865383e+03   2.3700000e+05
   2.1805583e+03   2.3600000e+05
   2.1800000e+03   2.3591135e+05
   2.1742371e+03   2.3500000e+05
   2.1700000e+03   2.3439589e+05
   2.1672814e+03   2.3400000e+05
   2.1600000e+03   2.3303172e+05
   2.1597657e+03   2.3300000e+05
   2.1516699e+03   2.3200000e+05
   2.1500000e+03   2.3181410e+05
   2.1431751e+03   2.3100000e+05
   2.1411618e+03   2.3000000e+05
   2.1400000e+03   2.2913168e+05
   2.1398267e+03   2.2900000e+05
   2.1400000e+03   2.2852644e+05
   2.1402328e+03   2.2800000e+05
   2.1400000e+03   2.2786918e+05
   2.1385362e+03   2.2700000e+05
   2.1381180e+03   2.2600000e+05
   2.1379445e+03   2.2500000e+05
   2.1370267e+03   2.2400000e+05
   2.1365062e+03   2.2300000e+05
   2.1359764e+03   2.2200000e+05
   2.1354686e+03   2.2100000e+05
   2.1349678e+03   2.2000000e+05
   2.1344272e+03   2.1900000e+05
   2.1338446e+03   2.1800000e+05
   2.1332911e+03   2.1700000e+05
   2.1327553e+03   2.1600000e+05
   2.1322382e+03   2.1500000e+05
   2.1317026e+03   2.1400000e+05
   2.1311693e+03   2.1300000e+05
   2.1306317e+03   2.1200000e+05
   2.1300526e+03   2.1100000e+05
   2.1300000e+03   2.1090731e+05
   2.1294725e+03   2.1000000e+05
   2.1288381e+03   2.0900000e+05
   2.1282899e+03   2.0800000e+05
   2.1283203e+03   2.0700000e+05
   2.1238709e+03   2.0600000e+05
   2.1200000e+03   2.0516224e+05
   2.1192085e+03   2.0500000e+05
   2.1182679e+03   2.0400000e+05
   2.1185337e+03   2.0300000e+05
   2.1192143e+03   2.0200000e+05
   2.1198668e+03   2.0100000e+05
   2.1200000e+03   2.0079212e+05
   2.1205057e+03   2.0000000e+05
   2.1210557e+03   1.9900000e+05
   2.1216209e+03   1.9800000e+05
   2.1221615e+03   1.9700000e+05
   2.1225921e+03   1.9600000e+05
   2.1230796e+03   1.9500000e+05
   2.1234593e+03   1.9400000e+05
   2.1237695e+03   1.9300000e+05
   2.1240677e+03   1.9200000e+05
   2.1242665e+03   1.9100000e+05
   2.1245228e+03   1.9000000e+05
   2.1248952e+03   1.8900000e+05
   2.1254227e+03   1.8800000e+05
   2.1257723e+03   1.8700000e+05
   2.1260399e+03   1.8600000e+05
   2.1262918e+03   1.8500000e+05
   2.1269829e+03   1.8400000e+05
   2.1270125e+03   1.8300000e+05
   2.1269723e+03   1.8200000e+05
   2.1269940e+03   1.8100000e+05
   2.1268234e+03   1.8000000e+05
   2.1268646e+03   1.7900000e+05
   2.1269108e+03   1.7800000e+05
   2.1269565e+03   1.7700000e+05
   2.1269337e+03   1.7600000e+05
   2.1269737e+03   1.7500000e+05
   2.1269391e+03   1.7400000e+05
   2.1267891e+03   1.7300000e+05
   2.1267080e+03   1.7200000e+05
   2.1266157e+03   1.7100000e+05
   2.1264983e+03   1.7000000e+05
   2.1263978e+03   1.6900000e+05
   2.1265645e+03   1.6800000e+05
   2.1263181e+03   1.6700000e+05
   2.1261287e+03   1.6600000e+05
   2.1257674e+03   1.6500000e+05
   2.1251893e+03   1.6400000e+05
   2.1244406e+03   1.6300000e+05
   2.1233631e+03   1.6200000e+05
   2.1222818e+03   1.6100000e+05
   2.1211991e+03   1.6000000e+05
   2.1201168e+03   1.5900000e+05
   2.1200000e+03   1.5889241e+05
   2.1190357e+03   1.5800000e+05
   2.1179497e+03   1.5700000e+05
   2.1168563e+03   1.5600000e+05
   2.1158182e+03   1.5500000e+05
   2.1147934e+03   1.5400000e+05
   2.1137637e+03   1.5300000e+05
   2.1127411e+03   1.5200000e+05
   2.1117051e+03   1.5100000e+05
   2.1106704e+03   1.5000000e+05
   2.1100000e+03   1.4935149e+05
   2.1096382e+03   1.4900000e+05
   2.1085785e+03   1.4800000e+05
   2.1075360e+03   1.4700000e+05
   2.1064930e+03   1.4600000e+05
   2.1000000e+03   1.4573070e+05
   2.0902241e+03   1.4500000e+05
   2.0900000e+03   1.4498034e+05
   2.0800000e+03   1.4437550e+05
   2.0732705e+03   1.4400000e+05
   2.0700000e+03   1.4317717e+05
   2.0689500e+03   1.4300000e+05
   2.0678668e+03   1.4200000e+05
   2.0668272e+03   1.4100000e+05
   2.0658008e+03   1.4000000e+05
   2.0647388e+03   1.3900000e+05
   2.0636633e+03   1.3800000e+05
   2.0627025e+03   1.3700000e+05
   2.0616275e+03   1.3600000e+05
   2.0605202e+03   1.3500000e+05
   2.0600000e+03   1.3452381e+05
   2.0594301e+03   1.3400000e+05
   2.0583870e+03   1.3300000e+05
   2.0573283e+03   1.3200000e+05
   2.0562137e+03   1.3100000e+05
   2.0550673e+03   1.3000000e+05
   2.0538873e+03   1.2900000e+05
   2.0529178e+03   1.2800000e+05
   2.0518593e+03   1.2700000e+05
   2.0507423e+03   1.2600000e+05
   2.0500000e+03   1.2532632e+05
   2.0496408e+03   1.2500000e+05
   2.0485031e+03   1.2400000e+05
   2.0473636e+03   1.2300000e+05
   2.0462203e+03   1.2200000e+05
   2.0450888e+03   1.2100000e+05
   2.0439730e+03   1.2000000e+05
   2.0428979e+03   1.1900000e+05
   2.0419231e+03   1.1800000e+05
   2.0408951e+03   1.1700000e+05
   2.0400000e+03   1.1616283e+05
   2.0398270e+03   1.1600000e+05
   2.0387904e+03   1.1500000e+05
   2.0377547e+03   1.1400000e+05
   2.0366869e+03   1.1300000e+05
   2.0356165e+03   1.1200000e+05
   2.0345517e+03   1.1100000e+05
   2.0334636e+03   1.1000000e+05
   2.0323950e+03   1.0900000e+05
   2.0312978e+03   1.0800000e+05
   2.0302010e+03   1.0700000e+05
   2.0300000e+03   1.0682553e+05
   2.0290553e+03   1.0600000e+05
   2.0279415e+03   1.0500000e+05
   2.0268011e+03   1.0400000e+05
   2.0256624e+03   1.0300000e+05
   2.0245281e+03   1.0200000e+05
   2.0234047e+03   1.0100000e+05
   2.0222480e+03   1.0000000e+05
   2.0210839e+03   9.9000000e+04
   2.0200000e+03   9.8060734e+04
   2.0199300e+03   9.8000000e+04
   2.0187253e+03   9.7000000e+04
   2.0174145e+03   9.6000000e+04
   2.0161153e+03   9.5000000e+04
   2.0148592e+03   9.4000000e+04
   2.0136691e+03   9.3000000e+04
   2.0124076e+03   9.2000000e+04
   2.0111949e+03   9.1000000e+04
   2.0100000e+03   9.0106587e+04
   2.0098577e+03   9.0000000e+04
   2.0085227e+03   8.9000000e+04
   2.0071810e+03   8.8000000e+04
   2.0059117e+03   8.7000000e+04
   2.0045933e+03   8.6000000e+04
   2.0032539e+03   8.5000000e+04
   2.0019235e+03   8.4000000e+04
   2.0006051e+03   8.3000000e+04
   2.0000000e+03   8.2557243e+04
   1.9992421e+03   8.2000000e+04
   1.9978832e+03   8.1000000e+04
   1.9965230e+03   8.0000000e+04
   1.9951432e+03   7.9000000e+04
   1.9937474e+03   7.8000000e+04
   1.9923275e+03   7.7000000e+04
   1.9909084e+03   7.6000000e+04
   1.9900000e+03   7.5359060e+04
   1.9894954e+03   7.5000000e+04
   1.9880640e+03   7.4000000e+04
   1.9866268e+03   7.3000000e+04
   1.9851841e+03   7.2000000e+04
   1.9837278e+03   7.1000000e+04
   1.9822600e+03   7.0000000e+04
   1.9807623e+03   6.9000000e+04
   1.9800000e+03   6.8492678e+04
   1.9792641e+03   6.8000000e+04
   1.9777802e+03   6.7000000e+04
   1.9762369e+03   6.6000000e+04
   1.9746879e+03   6.5000000e+04
   1.9731316e+03   6.4000000e+04
   1.9715826e+03   6.3000000e+04
   1.9700000e+03   6.2000000e+04
   1.9700000e+03   6.2000000e+04
   1.9683951e+03   6.1000000e+04
   1.9668086e+03   6.0000000e+04
   1.9652123e+03   5.9000000e+04
   1.9635751e+03   5.8000000e+04
   1.9619265e+03   5.7000000e+04
   1.9602779e+03   5.6000000e+04
   1.9600000e+03   5.5835005e+04
   1.9585983e+03   5.5000000e+04
   1.9568914e+03   5.4000000e+04
   1.9551779e+03   5.3000000e+04
   1.9534457e+03   5.2000000e+04
   1.9516840e+03   5.1000000e+04
   1.9500000e+03   5.0047578e+04
   1.9499166e+03   5.0000000e+04
   1.9481320e+03   4.9000000e+04
   1.9463246e+03   4.8000000e+04
   1.9444848e+03   4.7000000e+04
   1.9426025e+03   4.6000000e+04
   1.9406929e+03   4.5000000e+04
   1.9400000e+03   4.4637084e+04
   1.9387932e+03   4.4000000e+04
   1.9368315e+03   4.3000000e+04
   1.9348565e+03   4.2000000e+04
   1.9328261e+03   4.1000000e+04
   1.9307310e+03   4.0000000e+04
   1.9300000e+03   3.9658078e+04
   1.9286002e+03   3.9000000e+04
   1.9264125e+03   3.8000000e+04
   1.9241837e+03   3.7000000e+04
   1.9218457e+03   3.6000000e+04
   1.9200000e+03   3.5214286e+04
   1.9194973e+03   3.5000000e+04
   1.9170180e+03   3.4000000e+04
   1.9144407e+03   3.3000000e+04
   1.9117724e+03   3.2000000e+04
   1.9100000e+03   3.1370712e+04
   1.9089642e+03   3.1000000e+04
   1.9059376e+03   3.0000000e+04
   1.9026823e+03   2.9000000e+04
   1.9000000e+03   2.8372070e+04
   1.8985618e+03   2.8000000e+04
   1.8953422e+03   2.7000000e+04
   1.8929126e+03   2.6000000e+04
   1.8910116e+03   2.5000000e+04
   1.8900000e+03   2.4471220e+04
   1.8891033e+03   2.4000000e+04
   1.8871866e+03   2.3000000e+04
   1.8852516e+03   2.2000000e+04
   1.8833037e+03   2.1000000e+04
   1.8813454e+03   2.0000000e+04
   1.8800000e+03   1.9322084e+04
   1.8793643e+03   1.9000000e+04
   1.8773437e+03   1.8000000e+04
   1.8753834e+03   1.7000000e+04
   1.8733792e+03   1.6000000e+04
   1.8713408e+03   1.5000000e+04
   1.8700000e+03   1.4341655e+04
   1.8693101e+03   1.4000000e+04
   1.8673375e+03   1.3000000e+04
   1.8652276e+03   1.2000000e+04
   1.8631258e+03   1.1000000e+04
   1.8610289e+03   1.0000000e+04
   1.8600000e+03   9.5159106e+03
   1.8589105e+03   9.0000000e+03
   1.8567720e+03   8.0000000e+03
   1.8546143e+03   7.0000000e+03
   1.8524269e+03   6.0000000e+03
   1.8502138e+03   5.0000000e+03
   1.8500000e+03   4.9045194e+03
   1.8479861e+03   4.0000000e+03
   1.8473911e+03   3.0000000e+03
   1.8491933e+03   2.0000000e+03
   1.8500000e+03   1.2493606e+03
   1.8502941e+03   1.0000000e+03
   1.8500000e+03   0.0000000e+00
   1.8500000e+03   0.0000000e+00
