   4.5000000e+03   1.1531743e+06
   4.4998362e+03   1.1530000e+06
   4.4988931e+03   1.1520000e+06
   4.4979499e+03   1.1510000e+06
   4.4970033e+03   1.1500000e+06
   4.4960580e+03   1.1490000e+06
   4.4951099e+03   1.1480000e+06
   4.4941659e+03   1.1470000e+06
   4.4932191e+03   1.1460000e+06
   4.4922711e+03   1.1450000e+06
   4.4913285e+03   1.1440000e+06
   4.4903796e+03   1.1430000e+06
   4.4900000e+03   1.1426014e+06
   4.4894283e+03   1.1420000e+06
   4.4884811e+03   1.1410000e+06
   4.4875312e+03   1.1400000e+06
   4.4865832e+03   1.1390000e+06
   4.4856345e+03   1.1380000e+06
   4.4846851e+03   1.1370000e+06
   4.4837359e+03   1.1360000e+06
   4.4827900e+03   1.1350000e+06
   4.4818367e+03   1.1340000e+06
   4.4808783e+03   1.1330000e+06
   4.4800000e+03   1.1320720e+06
   4.4799319e+03   1.1320000e+06
   4.4789829e+03   1.1310000e+06
   4.4780275e+03   1.1300000e+06
   4.4770689e+03   1.1290000e+06
   4.4761180e+03   1.1280000e+06
   4.4751603e+03   1.1270000e+06
   4.4742112e+03   1.1260000e+06
   4.4732537e+03   1.1250000e+06
   4.4722961e+03   1.1240000e+06
   4.4713400e+03   1.1230000e+06
   4.4703814e+03   1.1220000e+06
   4.4700000e+03   1.1216036e+06
   4.4694210e+03   1.1210000e+06
   4.4684616e+03   1.1200000e+06
   4.4675066e+03   1.1190000e+06
   4.4665498e+03   1.1180000e+06
   4.4655904e+03   1.1170000e+06
   4.4646327e+03   1.1160000e+06
   4.4636707e+03   1.1150000e+06
   4.4627107e+03   1.1140000e+06
   4.4617500e+03   1.1130000e+06
   4.4607868e+03   1.1120000e+06
   4.4600000e+03   1.1111802e+06
   4.4598274e+03   1.1110000e+06
   4.4588658e+03   1.1100000e+06
   4.4579050e+03   1.1090000e+06
   4.4569438e+03   1.1080000e+06
   4.4559791e+03   1.1070000e+06
   4.4550144e+03   1.1060000e+06
   4.4540483e+03   1.1050000e+06
   4.4530888e+03   1.1040000e+06
   4.4521216e+03   1.1030000e+06
   4.4511544e+03   1.1020000e+06
   4.4501872e+03   1.1010000e+06
   4.4500000e+03   1.1008064e+06
   4.4492217e+03   1.1000000e+06
   4.4482518e+03   1.0990000e+06
   4.4472774e+03   1.0980000e+06
   4.4463075e+03   1.0970000e+06
   4.4453385e+03   1.0960000e+06
   4.4443754e+03   1.0950000e+06
   4.4433994e+03   1.0940000e+06
   4.4424281e+03   1.0930000e+06
   4.4414556e+03   1.0920000e+06
   4.4404865e+03   1.0910000e+06
   4.4400000e+03   1.0904959e+06
   4.4395222e+03   1.0900000e+06
   4.4385453e+03   1.0890000e+06
   4.4375717e+03   1.0880000e+06
   4.4366016e+03   1.0870000e+06
   4.4356280e+03   1.0860000e+06
   4.4346529e+03   1.0850000e+06
   4.4336783e+03   1.0840000e+06
   4.4327045e+03   1.0830000e+06
   4.4317285e+03   1.0820000e+06
   4.4307522e+03   1.0810000e+06
   4.4300000e+03   1.0802318e+06
   4.4297734e+03   1.0800000e+06
   4.4287994e+03   1.0790000e+06
   4.4278227e+03   1.0780000e+06
   4.4268421e+03   1.0770000e+06
   4.4258650e+03   1.0760000e+06
   4.4248844e+03   1.0750000e+06
   4.4239038e+03   1.0740000e+06
   4.4229232e+03   1.0730000e+06
   4.4219426e+03   1.0720000e+06
   4.4209585e+03   1.0710000e+06
   4.4200000e+03   1.0700294e+06
   4.4199711e+03   1.0700000e+06
   4.4189894e+03   1.0690000e+06
   4.4180105e+03   1.0680000e+06
   4.4170274e+03   1.0670000e+06
   4.4160451e+03   1.0660000e+06
   4.4150661e+03   1.0650000e+06
   4.4140810e+03   1.0640000e+06
   4.4130934e+03   1.0630000e+06
   4.4121080e+03   1.0620000e+06
   4.4111217e+03   1.0610000e+06
   4.4101369e+03   1.0600000e+06
   4.4100000e+03   1.0598615e+06
   4.4091501e+03   1.0590000e+06
   4.4081664e+03   1.0580000e+06
   4.4071805e+03   1.0570000e+06
   4.4061905e+03   1.0560000e+06
   4.4052005e+03   1.0550000e+06
   4.4042091e+03   1.0540000e+06
   4.4032159e+03   1.0530000e+06
   4.4022248e+03   1.0520000e+06
   4.4012323e+03   1.0510000e+06
   4.4002401e+03   1.0500000e+06
   4.4000000e+03   1.0497582e+06
   4.3992493e+03   1.0490000e+06
   4.3982558e+03   1.0480000e+06
   4.3972633e+03   1.0470000e+06
   4.3962723e+03   1.0460000e+06
   4.3952754e+03   1.0450000e+06
   4.3942820e+03   1.0440000e+06
   4.3932874e+03   1.0430000e+06
   4.3922916e+03   1.0420000e+06
   4.3912951e+03   1.0410000e+06
   4.3902979e+03   1.0400000e+06
   4.3900000e+03   1.0397023e+06
   4.3892989e+03   1.0390000e+06
   4.3883034e+03   1.0380000e+06
   4.3873048e+03   1.0370000e+06
   4.3863075e+03   1.0360000e+06
   4.3853092e+03   1.0350000e+06
   4.3843094e+03   1.0340000e+06
   4.3833115e+03   1.0330000e+06
   4.3823101e+03   1.0320000e+06
   4.3813087e+03   1.0310000e+06
   4.3803071e+03   1.0300000e+06
   4.3800000e+03   1.0296931e+06
   4.3793074e+03   1.0290000e+06
   4.3782962e+03   1.0280000e+06
   4.3772954e+03   1.0270000e+06
   4.3762940e+03   1.0260000e+06
   4.3752926e+03   1.0250000e+06
   4.3742864e+03   1.0240000e+06
   4.3732796e+03   1.0230000e+06
   4.3722714e+03   1.0220000e+06
   4.3712645e+03   1.0210000e+06
   4.3702552e+03   1.0200000e+06
   4.3700000e+03   1.0197479e+06
   4.3692447e+03   1.0190000e+06
   4.3682382e+03   1.0180000e+06
   4.3672293e+03   1.0170000e+06
   4.3662219e+03   1.0160000e+06
   4.3652120e+03   1.0150000e+06
   4.3642021e+03   1.0140000e+06
   4.3631933e+03   1.0130000e+06
   4.3621823e+03   1.0120000e+06
   4.3611690e+03   1.0110000e+06
   4.3601557e+03   1.0100000e+06
   4.3600000e+03   1.0098464e+06
   4.3591447e+03   1.0090000e+06
   4.3581341e+03   1.0080000e+06
   4.3571226e+03   1.0070000e+06
   4.3561083e+03   1.0060000e+06
   4.3550940e+03   1.0050000e+06
   4.3540783e+03   1.0040000e+06
   4.3530576e+03   1.0030000e+06
   4.3520429e+03   1.0020000e+06
   4.3510256e+03   1.0010000e+06
   4.3500089e+03   1.0000000e+06
   4.3500000e+03   9.9999125e+05
   4.3489913e+03   9.9900000e+05
   4.3479709e+03   9.9800000e+05
   4.3469513e+03   9.9700000e+05
   4.3459282e+03   9.9600000e+05
   4.3449088e+03   9.9500000e+05
   4.3438861e+03   9.9400000e+05
   4.3428641e+03   9.9300000e+05
   4.3418407e+03   9.9200000e+05
   4.3408165e+03   9.9100000e+05
   4.3400000e+03   9.9020323e+05
   4.3397924e+03   9.9000000e+05
   4.3387707e+03   9.8900000e+05
   4.3377543e+03   9.8800000e+05
   4.3367252e+03   9.8700000e+05
   4.3357029e+03   9.8600000e+05
   4.3346771e+03   9.8500000e+05
   4.3336536e+03   9.8400000e+05
   4.3326273e+03   9.8300000e+05
   4.3316017e+03   9.8200000e+05
   4.3305736e+03   9.8100000e+05
   4.3300000e+03   9.8044567e+05
   4.3295397e+03   9.8000000e+05
   4.3285161e+03   9.7900000e+05
   4.3274861e+03   9.7800000e+05
   4.3264560e+03   9.7700000e+05
   4.3254257e+03   9.7600000e+05
   4.3243929e+03   9.7500000e+05
   4.3233624e+03   9.7400000e+05
   4.3223293e+03   9.7300000e+05
   4.3212938e+03   9.7200000e+05
   4.3202584e+03   9.7100000e+05
   4.3200000e+03   9.7075122e+05
   4.3192210e+03   9.7000000e+05
   4.3181851e+03   9.6900000e+05
   4.3171498e+03   9.6800000e+05
   4.3161138e+03   9.6700000e+05
   4.3150795e+03   9.6600000e+05
   4.3140411e+03   9.6500000e+05
   4.3130092e+03   9.6400000e+05
   4.3119698e+03   9.6300000e+05
   4.3109274e+03   9.6200000e+05
   4.3100000e+03   9.6110801e+05
   4.3098880e+03   9.6100000e+05
   4.3088503e+03   9.6000000e+05
   4.3078101e+03   9.5900000e+05
   4.3067695e+03   9.5800000e+05
   4.3057308e+03   9.5700000e+05
   4.3046882e+03   9.5600000e+05
   4.3036476e+03   9.5500000e+05
   4.3026036e+03   9.5400000e+05
   4.3015597e+03   9.5300000e+05
   4.3005157e+03   9.5200000e+05
   4.3000000e+03   9.5150603e+05
   4.2994728e+03   9.5100000e+05
   4.2984281e+03   9.5000000e+05
   4.2973832e+03   9.4900000e+05
   4.2963383e+03   9.4800000e+05
   4.2952901e+03   9.4700000e+05
   4.2942405e+03   9.4600000e+05
   4.2931915e+03   9.4500000e+05
   4.2921426e+03   9.4400000e+05
   4.2910920e+03   9.4300000e+05
   4.2900422e+03   9.4200000e+05
   4.2900000e+03   9.4195992e+05
   4.2889907e+03   9.4100000e+05
   4.2879400e+03   9.4000000e+05
   4.2868867e+03   9.3900000e+05
   4.2858312e+03   9.3800000e+05
   4.2847786e+03   9.3700000e+05
   4.2837246e+03   9.3600000e+05
   4.2826705e+03   9.3500000e+05
   4.2816165e+03   9.3400000e+05
   4.2805656e+03   9.3300000e+05
   4.2800000e+03   9.3246659e+05
   4.2795061e+03   9.3200000e+05
   4.2784503e+03   9.3100000e+05
   4.2773922e+03   9.3000000e+05
   4.2763349e+03   9.2900000e+05
   4.2752768e+03   9.2800000e+05
   4.2742179e+03   9.2700000e+05
   4.2731635e+03   9.2600000e+05
   4.2720986e+03   9.2500000e+05
   4.2710400e+03   9.2400000e+05
   4.2700000e+03   9.2301998e+05
   4.2699788e+03   9.2300000e+05
   4.2689161e+03   9.2200000e+05
   4.2678566e+03   9.2100000e+05
   4.2667938e+03   9.2000000e+05
   4.2657306e+03   9.1900000e+05
   4.2646652e+03   9.1800000e+05
   4.2636019e+03   9.1700000e+05
   4.2625369e+03   9.1600000e+05
   4.2614714e+03   9.1500000e+05
   4.2604034e+03   9.1400000e+05
   4.2600000e+03   9.1362228e+05
   4.2593365e+03   9.1300000e+05
   4.2582675e+03   9.1200000e+05
   4.2572017e+03   9.1100000e+05
   4.2561325e+03   9.1000000e+05
   4.2550616e+03   9.0900000e+05
   4.2539895e+03   9.0800000e+05
   4.2529174e+03   9.0700000e+05
   4.2518425e+03   9.0600000e+05
   4.2507667e+03   9.0500000e+05
   4.2500000e+03   9.0428731e+05
   4.2496919e+03   9.0400000e+05
   4.2486197e+03   9.0300000e+05
   4.2475491e+03   9.0200000e+05
   4.2464750e+03   9.0100000e+05
   4.2454044e+03   9.0000000e+05
   4.2443274e+03   8.9900000e+05
   4.2432496e+03   8.9800000e+05
   4.2421788e+03   8.9700000e+05
   4.2410945e+03   8.9600000e+05
   4.2400160e+03   8.9500000e+05
   4.2400000e+03   8.9498586e+05
   4.2389382e+03   8.9400000e+05
   4.2378611e+03   8.9300000e+05
   4.2367818e+03   8.9200000e+05
   4.2357018e+03   8.9100000e+05
   4.2346217e+03   8.9000000e+05
   4.2335384e+03   8.8900000e+05
   4.2324576e+03   8.8800000e+05
   4.2313729e+03   8.8700000e+05
   4.2303004e+03   8.8600000e+05
   4.2300000e+03   8.8573144e+05
   4.2292070e+03   8.8500000e+05
   4.2281236e+03   8.8400000e+05
   4.2270352e+03   8.8300000e+05
   4.2259469e+03   8.8200000e+05
   4.2248611e+03   8.8100000e+05
   4.2237733e+03   8.8000000e+05
   4.2226855e+03   8.7900000e+05
   4.2215910e+03   8.7800000e+05
   4.2205178e+03   8.7700000e+05
   4.2200000e+03   8.7653406e+05
   4.2194161e+03   8.7600000e+05
   4.2183223e+03   8.7500000e+05
   4.2172295e+03   8.7400000e+05
   4.2161363e+03   8.7300000e+05
   4.2150413e+03   8.7200000e+05
   4.2139484e+03   8.7100000e+05
   4.2128531e+03   8.7000000e+05
   4.2117565e+03   8.6900000e+05
   4.2106661e+03   8.6800000e+05
   4.2100000e+03   8.6739397e+05
   4.2095678e+03   8.6700000e+05
   4.2084709e+03   8.6600000e+05
   4.2073739e+03   8.6500000e+05
   4.2062769e+03   8.6400000e+05
   4.2051800e+03   8.6300000e+05
   4.2040830e+03   8.6200000e+05
   4.2029828e+03   8.6100000e+05
   4.2018826e+03   8.6000000e+05
   4.2007821e+03   8.5900000e+05
   4.2000000e+03   8.5829105e+05
   4.1996796e+03   8.5800000e+05
   4.1985786e+03   8.5700000e+05
   4.1974752e+03   8.5600000e+05
   4.1963746e+03   8.5500000e+05
   4.1952690e+03   8.5400000e+05
   4.1941654e+03   8.5300000e+05
   4.1930587e+03   8.5200000e+05
   4.1919513e+03   8.5100000e+05
   4.1908416e+03   8.5000000e+05
   4.1900000e+03   8.4924157e+05
   4.1897325e+03   8.4900000e+05
   4.1886259e+03   8.4800000e+05
   4.1875166e+03   8.4700000e+05
   4.1864102e+03   8.4600000e+05
   4.1852973e+03   8.4500000e+05
   4.1841863e+03   8.4400000e+05
   4.1830737e+03   8.4300000e+05
   4.1819605e+03   8.4200000e+05
   4.1808454e+03   8.4100000e+05
   4.1800000e+03   8.4024016e+05
   4.1797334e+03   8.4000000e+05
   4.1786174e+03   8.3900000e+05
   4.1775069e+03   8.3800000e+05
   4.1763904e+03   8.3700000e+05
   4.1752739e+03   8.3600000e+05
   4.1741560e+03   8.3500000e+05
   4.1730366e+03   8.3400000e+05
   4.1719173e+03   8.3300000e+05
   4.1707979e+03   8.3200000e+05
   4.1700000e+03   8.3128926e+05
   4.1696761e+03   8.3100000e+05
   4.1685592e+03   8.3000000e+05
   4.1674415e+03   8.2900000e+05
   4.1663190e+03   8.2800000e+05
   4.1651957e+03   8.2700000e+05
   4.1640724e+03   8.2600000e+05
   4.1629491e+03   8.2500000e+05
   4.1618240e+03   8.2400000e+05
   4.1606983e+03   8.2300000e+05
   4.1600000e+03   8.2237930e+05
   4.1595738e+03   8.2200000e+05
   4.1584415e+03   8.2100000e+05
   4.1573233e+03   8.2000000e+05
   4.1561933e+03   8.1900000e+05
   4.1550648e+03   8.1800000e+05
   4.1539358e+03   8.1700000e+05
   4.1528059e+03   8.1600000e+05
   4.1516735e+03   8.1500000e+05
   4.1505420e+03   8.1400000e+05
   4.1500000e+03   8.1352231e+05
   4.1494085e+03   8.1300000e+05
   4.1482765e+03   8.1200000e+05
   4.1471444e+03   8.1100000e+05
   4.1460078e+03   8.1000000e+05
   4.1448737e+03   8.0900000e+05
   4.1437384e+03   8.0800000e+05
   4.1426022e+03   8.0700000e+05
   4.1414640e+03   8.0600000e+05
   4.1403258e+03   8.0500000e+05
   4.1400000e+03   8.0471454e+05
   4.1391863e+03   8.0400000e+05
   4.1380474e+03   8.0300000e+05
   4.1369086e+03   8.0200000e+05
   4.1357666e+03   8.0100000e+05
   4.1346245e+03   8.0000000e+05
   4.1334835e+03   7.9900000e+05
   4.1323429e+03   7.9800000e+05
   4.1311952e+03   7.9700000e+05
   4.1300500e+03   7.9600000e+05
   4.1300000e+03   7.9595635e+05
   4.1289068e+03   7.9500000e+05
   4.1277613e+03   7.9400000e+05
   4.1266155e+03   7.9300000e+05
   4.1254679e+03   7.9200000e+05
   4.1243224e+03   7.9100000e+05
   4.1231726e+03   7.9000000e+05
   4.1220243e+03   7.8900000e+05
   4.1208728e+03   7.8800000e+05
   4.1200000e+03   7.8724204e+05
   4.1197220e+03   7.8700000e+05
   4.1185734e+03   7.8600000e+05
   4.1174217e+03   7.8500000e+05
   4.1162699e+03   7.8400000e+05
   4.1151181e+03   7.8300000e+05
   4.1139638e+03   7.8200000e+05
   4.1128087e+03   7.8100000e+05
   4.1116464e+03   7.8000000e+05
   4.1104915e+03   7.7900000e+05
   4.1100000e+03   7.7857521e+05
   4.1093360e+03   7.7800000e+05
   4.1081789e+03   7.7700000e+05
   4.1070216e+03   7.7600000e+05
   4.1058625e+03   7.7500000e+05
   4.1047041e+03   7.7400000e+05
   4.1035413e+03   7.7300000e+05
   4.1023736e+03   7.7200000e+05
   4.1012124e+03   7.7100000e+05
   4.1000495e+03   7.7000000e+05
   4.1000000e+03   7.6995754e+05
   4.0988863e+03   7.6900000e+05
   4.0977208e+03   7.6800000e+05
   4.0965570e+03   7.6700000e+05
   4.0953890e+03   7.6600000e+05
   4.0942227e+03   7.6500000e+05
   4.0930541e+03   7.6400000e+05
   4.0918851e+03   7.6300000e+05
   4.0907131e+03   7.6200000e+05
   4.0900000e+03   7.6139185e+05
   4.0895418e+03   7.6100000e+05
   4.0883726e+03   7.6000000e+05
   4.0872025e+03   7.5900000e+05
   4.0860285e+03   7.5800000e+05
   4.0848553e+03   7.5700000e+05
   4.0836822e+03   7.5600000e+05
   4.0825083e+03   7.5500000e+05
   4.0813324e+03   7.5400000e+05
   4.0801564e+03   7.5300000e+05
   4.0800000e+03   7.5286731e+05
   4.0789803e+03   7.5200000e+05
   4.0778059e+03   7.5100000e+05
   4.0766257e+03   7.5000000e+05
   4.0754468e+03   7.4900000e+05
   4.0742666e+03   7.4800000e+05
   4.0730881e+03   7.4700000e+05
   4.0719064e+03   7.4600000e+05
   4.0707248e+03   7.4500000e+05
   4.0700000e+03   7.4438826e+05
   4.0695410e+03   7.4400000e+05
   4.0683593e+03   7.4300000e+05
   4.0671766e+03   7.4200000e+05
   4.0659869e+03   7.4100000e+05
   4.0648031e+03   7.4000000e+05
   4.0636161e+03   7.3900000e+05
   4.0624228e+03   7.3800000e+05
   4.0612414e+03   7.3700000e+05
   4.0600520e+03   7.3600000e+05
   4.0600000e+03   7.3595636e+05
   4.0588613e+03   7.3500000e+05
   4.0576683e+03   7.3400000e+05
   4.0564792e+03   7.3300000e+05
   4.0552860e+03   7.3200000e+05
   4.0540924e+03   7.3100000e+05
   4.0528974e+03   7.3000000e+05
   4.0517004e+03   7.2900000e+05
   4.0505046e+03   7.2800000e+05
   4.0500000e+03   7.2757910e+05
   4.0493072e+03   7.2700000e+05
   4.0481090e+03   7.2600000e+05
   4.0469147e+03   7.2500000e+05
   4.0457149e+03   7.2400000e+05
   4.0445132e+03   7.2300000e+05
   4.0433166e+03   7.2200000e+05
   4.0421128e+03   7.2100000e+05
   4.0409079e+03   7.2000000e+05
   4.0400000e+03   7.1924253e+05
   4.0397098e+03   7.1900000e+05
   4.0385019e+03   7.1800000e+05
   4.0372970e+03   7.1700000e+05
   4.0360939e+03   7.1600000e+05
   4.0348886e+03   7.1500000e+05
   4.0336840e+03   7.1400000e+05
   4.0324740e+03   7.1300000e+05
   4.0312628e+03   7.1200000e+05
   4.0300547e+03   7.1100000e+05
   4.0300000e+03   7.1095492e+05
   4.0288448e+03   7.1000000e+05
   4.0276366e+03   7.0900000e+05
   4.0264250e+03   7.0800000e+05
   4.0252141e+03   7.0700000e+05
   4.0240026e+03   7.0600000e+05
   4.0227852e+03   7.0500000e+05
   4.0215685e+03   7.0400000e+05
   4.0203518e+03   7.0300000e+05
   4.0200000e+03   7.0271088e+05
   4.0191372e+03   7.0200000e+05
   4.0179204e+03   7.0100000e+05
   4.0167036e+03   7.0000000e+05
   4.0154803e+03   6.9900000e+05
   4.0142630e+03   6.9800000e+05
   4.0130402e+03   6.9700000e+05
   4.0118193e+03   6.9600000e+05
   4.0105972e+03   6.9500000e+05
   4.0100000e+03   6.9451228e+05
   4.0093738e+03   6.9400000e+05
   4.0081485e+03   6.9300000e+05
   4.0069262e+03   6.9200000e+05
   4.0056991e+03   6.9100000e+05
   4.0044744e+03   6.9000000e+05
   4.0032461e+03   6.8900000e+05
   4.0020161e+03   6.8800000e+05
   4.0007804e+03   6.8700000e+05
   4.0000000e+03   6.8636435e+05
   3.9995539e+03   6.8600000e+05
   3.9983235e+03   6.8500000e+05
   3.9970931e+03   6.8400000e+05
   3.9958608e+03   6.8300000e+05
   3.9946263e+03   6.8200000e+05
   3.9933904e+03   6.8100000e+05
   3.9921570e+03   6.8000000e+05
   3.9909188e+03   6.7900000e+05
   3.9900000e+03   6.7825835e+05
   3.9896807e+03   6.7800000e+05
   3.9884423e+03   6.7700000e+05
   3.9872037e+03   6.7600000e+05
   3.9859634e+03   6.7500000e+05
   3.9847238e+03   6.7400000e+05
   3.9834810e+03   6.7300000e+05
   3.9822374e+03   6.7200000e+05
   3.9809927e+03   6.7100000e+05
   3.9800000e+03   6.7020435e+05
   3.9797458e+03   6.7000000e+05
   3.9785019e+03   6.6900000e+05
   3.9772566e+03   6.6800000e+05
   3.9760111e+03   6.6700000e+05
   3.9747641e+03   6.6600000e+05
   3.9735181e+03   6.6500000e+05
   3.9722688e+03   6.6400000e+05
   3.9710165e+03   6.6300000e+05
   3.9700000e+03   6.6219023e+05
   3.9697617e+03   6.6200000e+05
   3.9685121e+03   6.6100000e+05
   3.9672594e+03   6.6000000e+05
   3.9660068e+03   6.5900000e+05
   3.9647511e+03   6.5800000e+05
   3.9634973e+03   6.5700000e+05
   3.9622390e+03   6.5600000e+05
   3.9609806e+03   6.5500000e+05
   3.9600000e+03   6.5422071e+05
   3.9597230e+03   6.5400000e+05
   3.9584655e+03   6.5300000e+05
   3.9572058e+03   6.5200000e+05
   3.9559473e+03   6.5100000e+05
   3.9546837e+03   6.5000000e+05
   3.9534170e+03   6.4900000e+05
   3.9521564e+03   6.4800000e+05
   3.9508925e+03   6.4700000e+05
   3.9500000e+03   6.4629684e+05
   3.9496240e+03   6.4600000e+05
   3.9483604e+03   6.4500000e+05
   3.9470938e+03   6.4400000e+05
   3.9458254e+03   6.4300000e+05
   3.9445548e+03   6.4200000e+05
   3.9432819e+03   6.4100000e+05
   3.9420115e+03   6.4000000e+05
   3.9407379e+03   6.3900000e+05
   3.9400000e+03   6.3841894e+05
   3.9394684e+03   6.3800000e+05
   3.9381892e+03   6.3700000e+05
   3.9369127e+03   6.3600000e+05
   3.9356414e+03   6.3500000e+05
   3.9343667e+03   6.3400000e+05
   3.9330885e+03   6.3300000e+05
   3.9318020e+03   6.3200000e+05
   3.9305196e+03   6.3100000e+05
   3.9300000e+03   6.3059382e+05
   3.9292426e+03   6.3000000e+05
   3.9279617e+03   6.2900000e+05
   3.9266775e+03   6.2800000e+05
   3.9253934e+03   6.2700000e+05
   3.9241081e+03   6.2600000e+05
   3.9228239e+03   6.2500000e+05
   3.9215329e+03   6.2400000e+05
   3.9202510e+03   6.2300000e+05
   3.9200000e+03   6.2280687e+05
   3.9189555e+03   6.2200000e+05
   3.9176693e+03   6.2100000e+05
   3.9163805e+03   6.2000000e+05
   3.9150901e+03   6.1900000e+05
   3.9137979e+03   6.1800000e+05
   3.9125034e+03   6.1700000e+05
   3.9112077e+03   6.1600000e+05
   3.9100000e+03   6.1506784e+05
   3.9099124e+03   6.1500000e+05
   3.9086172e+03   6.1400000e+05
   3.9073213e+03   6.1300000e+05
   3.9060239e+03   6.1200000e+05
   3.9047258e+03   6.1100000e+05
   3.9034267e+03   6.1000000e+05
   3.9021253e+03   6.0900000e+05
   3.9008220e+03   6.0800000e+05
   3.9000000e+03   6.0736928e+05
   3.8995197e+03   6.0700000e+05
   3.8982167e+03   6.0600000e+05
   3.8969144e+03   6.0500000e+05
   3.8956057e+03   6.0400000e+05
   3.8942999e+03   6.0300000e+05
   3.8929941e+03   6.0200000e+05
   3.8916839e+03   6.0100000e+05
   3.8903736e+03   6.0000000e+05
   3.8900000e+03   5.9971514e+05
   3.8890644e+03   5.9900000e+05
   3.8877533e+03   5.9800000e+05
   3.8864421e+03   5.9700000e+05
   3.8851263e+03   5.9600000e+05
   3.8838122e+03   5.9500000e+05
   3.8824959e+03   5.9400000e+05
   3.8811804e+03   5.9300000e+05
   3.8800000e+03   5.9210421e+05
   3.8798629e+03   5.9200000e+05
   3.8785446e+03   5.9100000e+05
   3.8772262e+03   5.9000000e+05
   3.8759049e+03   5.8900000e+05
   3.8745836e+03   5.8800000e+05
   3.8732613e+03   5.8700000e+05
   3.8719369e+03   5.8600000e+05
   3.8706104e+03   5.8500000e+05
   3.8700000e+03   5.8453981e+05
   3.8692857e+03   5.8400000e+05
   3.8679600e+03   5.8300000e+05
   3.8666341e+03   5.8200000e+05
   3.8653053e+03   5.8100000e+05
   3.8639730e+03   5.8000000e+05
   3.8626416e+03   5.7900000e+05
   3.8613085e+03   5.7800000e+05
   3.8600000e+03   5.7702065e+05
   3.8599725e+03   5.7700000e+05
   3.8586370e+03   5.7600000e+05
   3.8573066e+03   5.7500000e+05
   3.8559690e+03   5.7400000e+05
   3.8546321e+03   5.7300000e+05
   3.8532970e+03   5.7200000e+05
   3.8519549e+03   5.7100000e+05
   3.8506091e+03   5.7000000e+05
   3.8500000e+03   5.6954766e+05
   3.8492648e+03   5.6900000e+05
   3.8479229e+03   5.6800000e+05
   3.8465799e+03   5.6700000e+05
   3.8452356e+03   5.6600000e+05
   3.8438884e+03   5.6500000e+05
   3.8425442e+03   5.6400000e+05
   3.8411941e+03   5.6300000e+05
   3.8400000e+03   5.6211553e+05
   3.8398442e+03   5.6200000e+05
   3.8384912e+03   5.6100000e+05
   3.8371409e+03   5.6000000e+05
   3.8357873e+03   5.5900000e+05
   3.8344333e+03   5.5800000e+05
   3.8330785e+03   5.5700000e+05
   3.8317200e+03   5.5600000e+05
   3.8303691e+03   5.5500000e+05
   3.8300000e+03   5.5472885e+05
   3.8290100e+03   5.5400000e+05
   3.8276508e+03   5.5300000e+05
   3.8262896e+03   5.5200000e+05
   3.8249291e+03   5.5100000e+05
   3.8235687e+03   5.5000000e+05
   3.8222047e+03   5.4900000e+05
   3.8208414e+03   5.4800000e+05
   3.8200000e+03   5.4738378e+05
   3.8194773e+03   5.4700000e+05
   3.8181102e+03   5.4600000e+05
   3.8167428e+03   5.4500000e+05
   3.8153755e+03   5.4400000e+05
   3.8140053e+03   5.4300000e+05
   3.8126322e+03   5.4200000e+05
   3.8112594e+03   5.4100000e+05
   3.8100000e+03   5.4008500e+05
   3.8098834e+03   5.4000000e+05
   3.8085118e+03   5.3900000e+05
   3.8071385e+03   5.3800000e+05
   3.8057615e+03   5.3700000e+05
   3.8043837e+03   5.3600000e+05
   3.8030059e+03   5.3500000e+05
   3.8016247e+03   5.3400000e+05
   3.8002415e+03   5.3300000e+05
   3.8000000e+03   5.3282542e+05
   3.7988612e+03   5.3200000e+05
   3.7974788e+03   5.3100000e+05
   3.7960945e+03   5.3000000e+05
   3.7947111e+03   5.2900000e+05
   3.7933236e+03   5.2800000e+05
   3.7919333e+03   5.2700000e+05
   3.7905454e+03   5.2600000e+05
   3.7900000e+03   5.2560821e+05
   3.7891548e+03   5.2500000e+05
   3.7877652e+03   5.2400000e+05
   3.7863738e+03   5.2300000e+05
   3.7849788e+03   5.2200000e+05
   3.7835857e+03   5.2100000e+05
   3.7821877e+03   5.2000000e+05
   3.7807907e+03   5.1900000e+05
   3.7800000e+03   5.1843519e+05
   3.7793922e+03   5.1800000e+05
   3.7779932e+03   5.1700000e+05
   3.7765941e+03   5.1600000e+05
   3.7751906e+03   5.1500000e+05
   3.7737879e+03   5.1400000e+05
   3.7723810e+03   5.1300000e+05
   3.7709743e+03   5.1200000e+05
   3.7700000e+03   5.1130908e+05
   3.7695656e+03   5.1100000e+05
   3.7681603e+03   5.1000000e+05
   3.7667530e+03   5.0900000e+05
   3.7653437e+03   5.0800000e+05
   3.7639323e+03   5.0700000e+05
   3.7625189e+03   5.0600000e+05
   3.7612763e+03   5.0500000e+05
   3.7600000e+03   5.0422208e+05
   3.7596863e+03   5.0400000e+05
   3.7582717e+03   5.0300000e+05
   3.7568549e+03   5.0200000e+05
   3.7554362e+03   5.0100000e+05
   3.7540165e+03   5.0000000e+05
   3.7529780e+03   4.9900000e+05
   3.7516587e+03   4.9800000e+05
   3.7500000e+03   4.9718003e+05
   3.7497442e+03   4.9700000e+05
   3.7483205e+03   4.9600000e+05
   3.7468968e+03   4.9500000e+05
   3.7454687e+03   4.9400000e+05
   3.7446567e+03   4.9300000e+05
   3.7437389e+03   4.9200000e+05
   3.7422281e+03   4.9100000e+05
   3.7400000e+03   4.9018023e+05
   3.7397422e+03   4.9000000e+05
   3.7383097e+03   4.8900000e+05
   3.7368771e+03   4.8800000e+05
   3.7364323e+03   4.8700000e+05
   3.7359263e+03   4.8600000e+05
   3.7350928e+03   4.8500000e+05
   3.7334043e+03   4.8400000e+05
   3.7300000e+03   4.8321795e+05
   3.7296869e+03   4.8300000e+05
   3.7283760e+03   4.8200000e+05
