   2.6009491e+03   1.3500000e+06
   2.6004142e+03   1.3490000e+06
   2.6000000e+03   1.3482283e+06
   2.5998778e+03   1.3480000e+06
   2.5993427e+03   1.3470000e+06
   2.5988105e+03   1.3460000e+06
   2.5982754e+03   1.3450000e+06
   2.5977396e+03   1.3440000e+06
   2.5972030e+03   1.3430000e+06
   2.5966695e+03   1.3420000e+06
   2.5961331e+03   1.3410000e+06
   2.5955930e+03   1.3400000e+06
   2.5950569e+03   1.3390000e+06
   2.5945198e+03   1.3380000e+06
   2.5939832e+03   1.3370000e+06
   2.5934442e+03   1.3360000e+06
   2.5929074e+03   1.3350000e+06
   2.5923684e+03   1.3340000e+06
   2.5918295e+03   1.3330000e+06
   2.5912903e+03   1.3320000e+06
   2.5907514e+03   1.3310000e+06
   2.5902372e+03   1.3300000e+06
   2.5900000e+03   1.3295350e+06
   2.5897263e+03   1.3290000e+06
   2.5892146e+03   1.3280000e+06
   2.5886302e+03   1.3270000e+06
   2.5881228e+03   1.3260000e+06
   2.5876154e+03   1.3250000e+06
   2.5870960e+03   1.3240000e+06
   2.5865608e+03   1.3230000e+06
   2.5860293e+03   1.3220000e+06
   2.5855308e+03   1.3210000e+06
   2.5849947e+03   1.3200000e+06
   2.5844587e+03   1.3190000e+06
   2.5839163e+03   1.3180000e+06
   2.5833382e+03   1.3170000e+06
   2.5827995e+03   1.3160000e+06
   2.5822533e+03   1.3150000e+06
   2.5816688e+03   1.3140000e+06
   2.5810862e+03   1.3130000e+06
   2.5805578e+03   1.3120000e+06
   2.5800000e+03   1.3110862e+06
   2.5799478e+03   1.3110000e+06
   2.5794034e+03   1.3100000e+06
   2.5788650e+03   1.3090000e+06
   2.5783243e+03   1.3080000e+06
   2.5777829e+03   1.3070000e+06
   2.5772416e+03   1.3060000e+06
   2.5767008e+03   1.3050000e+06
   2.5761579e+03   1.3040000e+06
   2.5756150e+03   1.3030000e+06
   2.5750731e+03   1.3020000e+06
   2.5745303e+03   1.3010000e+06
   2.5739875e+03   1.3000000e+06
   2.5734897e+03   1.2990000e+06
   2.5729226e+03   1.2980000e+06
   2.5723726e+03   1.2970000e+06
   2.5718348e+03   1.2960000e+06
   2.5712945e+03   1.2950000e+06
   2.5707461e+03   1.2940000e+06
   2.5701831e+03   1.2930000e+06
   2.5700000e+03   1.2926574e+06
   2.5696632e+03   1.2920000e+06
   2.5691713e+03   1.2910000e+06
   2.5686757e+03   1.2900000e+06
   2.5681757e+03   1.2890000e+06
   2.5676526e+03   1.2880000e+06
   2.5671509e+03   1.2870000e+06
   2.5666222e+03   1.2860000e+06
   2.5660926e+03   1.2850000e+06
   2.5655449e+03   1.2840000e+06
   2.5649979e+03   1.2830000e+06
   2.5644498e+03   1.2820000e+06
   2.5639016e+03   1.2810000e+06
   2.5633548e+03   1.2800000e+06
   2.5628073e+03   1.2790000e+06
   2.5622612e+03   1.2780000e+06
   2.5617130e+03   1.2770000e+06
   2.5611649e+03   1.2760000e+06
   2.5606186e+03   1.2750000e+06
   2.5600706e+03   1.2740000e+06
   2.5600000e+03   1.2738712e+06
   2.5595244e+03   1.2730000e+06
   2.5589787e+03   1.2720000e+06
   2.5584326e+03   1.2710000e+06
   2.5578867e+03   1.2700000e+06
   2.5573408e+03   1.2690000e+06
   2.5567949e+03   1.2680000e+06
   2.5562469e+03   1.2670000e+06
   2.5556998e+03   1.2660000e+06
   2.5551530e+03   1.2650000e+06
   2.5546031e+03   1.2640000e+06
   2.5540554e+03   1.2630000e+06
   2.5535084e+03   1.2620000e+06
   2.5529482e+03   1.2610000e+06
   2.5524060e+03   1.2600000e+06
   2.5518520e+03   1.2590000e+06
   2.5513906e+03   1.2580000e+06
   2.5508405e+03   1.2570000e+06
   2.5502903e+03   1.2560000e+06
   2.5500000e+03   1.2554721e+06
   2.5497427e+03   1.2550000e+06
   2.5492189e+03   1.2540000e+06
   2.5486679e+03   1.2530000e+06
   2.5481179e+03   1.2520000e+06
   2.5475936e+03   1.2510000e+06
   2.5470441e+03   1.2500000e+06
   2.5465062e+03   1.2490000e+06
   2.5460439e+03   1.2480000e+06
   2.5454460e+03   1.2470000e+06
   2.5449214e+03   1.2460000e+06
   2.5443515e+03   1.2450000e+06
   2.5438231e+03   1.2440000e+06
   2.5432883e+03   1.2430000e+06
   2.5427427e+03   1.2420000e+06
   2.5422016e+03   1.2410000e+06
   2.5416481e+03   1.2400000e+06
   2.5410947e+03   1.2390000e+06
   2.5405412e+03   1.2380000e+06
   2.5400000e+03   1.2370223e+06
   2.5399877e+03   1.2370000e+06
   2.5394343e+03   1.2360000e+06
   2.5388830e+03   1.2350000e+06
   2.5383296e+03   1.2340000e+06
   2.5377741e+03   1.2330000e+06
   2.5372198e+03   1.2320000e+06
   2.5366653e+03   1.2310000e+06
   2.5361110e+03   1.2300000e+06
   2.5355560e+03   1.2290000e+06
   2.5350020e+03   1.2280000e+06
   2.5344472e+03   1.2270000e+06
   2.5338923e+03   1.2260000e+06
   2.5333381e+03   1.2250000e+06
   2.5327835e+03   1.2240000e+06
   2.5322268e+03   1.2230000e+06
   2.5316721e+03   1.2220000e+06
   2.5311175e+03   1.2210000e+06
   2.5305628e+03   1.2200000e+06
   2.5300082e+03   1.2190000e+06
   2.5300000e+03   1.2189852e+06
   2.5294538e+03   1.2180000e+06
   2.5288966e+03   1.2170000e+06
   2.5283122e+03   1.2160000e+06
   2.5277719e+03   1.2150000e+06
   2.5272057e+03   1.2140000e+06
   2.5266339e+03   1.2130000e+06
   2.5260708e+03   1.2120000e+06
   2.5255080e+03   1.2110000e+06
   2.5249416e+03   1.2100000e+06
   2.5243927e+03   1.2090000e+06
   2.5238585e+03   1.2080000e+06
   2.5233273e+03   1.2070000e+06
   2.5226907e+03   1.2060000e+06
   2.5221596e+03   1.2050000e+06
   2.5216349e+03   1.2040000e+06
   2.5210988e+03   1.2030000e+06
   2.5205993e+03   1.2020000e+06
   2.5200847e+03   1.2010000e+06
   2.5200000e+03   1.2008366e+06
   2.5195610e+03   1.2000000e+06
   2.5190283e+03   1.1990000e+06
   2.5183012e+03   1.1980000e+06
   2.5178499e+03   1.1970000e+06
   2.5174742e+03   1.1960000e+06
   2.5169501e+03   1.1950000e+06
   2.5165209e+03   1.1940000e+06
   2.5158279e+03   1.1930000e+06
   2.5133770e+03   1.1920000e+06
   2.5100000e+03   1.1913895e+06
   2.5077117e+03   1.1910000e+06
   2.5024419e+03   1.1900000e+06
   2.5000000e+03   1.1896126e+06
   2.4961236e+03   1.1890000e+06
   2.4904388e+03   1.1880000e+06
   2.4900000e+03   1.1879335e+06
   2.4843008e+03   1.1870000e+06
   2.4800000e+03   1.1861338e+06
   2.4792097e+03   1.1860000e+06
   2.4782915e+03   1.1850000e+06
   2.4778272e+03   1.1840000e+06
   2.4773993e+03   1.1830000e+06
   2.4768839e+03   1.1820000e+06
   2.4763912e+03   1.1810000e+06
   2.4759035e+03   1.1800000e+06
   2.4754268e+03   1.1790000e+06
   2.4749686e+03   1.1780000e+06
   2.4744820e+03   1.1770000e+06
   2.4739996e+03   1.1760000e+06
   2.4735270e+03   1.1750000e+06
   2.4730488e+03   1.1740000e+06
   2.4725652e+03   1.1730000e+06
   2.4720797e+03   1.1720000e+06
   2.4715962e+03   1.1710000e+06
   2.4711125e+03   1.1700000e+06
   2.4706297e+03   1.1690000e+06
   2.4701516e+03   1.1680000e+06
   2.4700000e+03   1.1676862e+06
   2.4696678e+03   1.1670000e+06
   2.4691856e+03   1.1660000e+06
   2.4687038e+03   1.1650000e+06
   2.4682142e+03   1.1640000e+06
   2.4677276e+03   1.1630000e+06
   2.4672413e+03   1.1620000e+06
   2.4667548e+03   1.1610000e+06
   2.4662752e+03   1.1600000e+06
   2.4658002e+03   1.1590000e+06
   2.4653168e+03   1.1580000e+06
   2.4648316e+03   1.1570000e+06
   2.4643488e+03   1.1560000e+06
   2.4638561e+03   1.1550000e+06
   2.4633566e+03   1.1540000e+06
   2.4628640e+03   1.1530000e+06
   2.4624140e+03   1.1520000e+06
   2.4619277e+03   1.1510000e+06
   2.4614343e+03   1.1500000e+06
   2.4609382e+03   1.1490000e+06
   2.4604574e+03   1.1480000e+06
   2.4600000e+03   1.1470415e+06
   2.4599799e+03   1.1470000e+06
   2.4594888e+03   1.1460000e+06
   2.4590125e+03   1.1450000e+06
   2.4585306e+03   1.1440000e+06
   2.4580501e+03   1.1430000e+06
   2.4575563e+03   1.1420000e+06
   2.4570552e+03   1.1410000e+06
   2.4565743e+03   1.1400000e+06
   2.4560649e+03   1.1390000e+06
   2.4555977e+03   1.1380000e+06
   2.4551065e+03   1.1370000e+06
   2.4546174e+03   1.1360000e+06
   2.4541265e+03   1.1350000e+06
   2.4536149e+03   1.1340000e+06
   2.4531760e+03   1.1330000e+06
   2.4526371e+03   1.1320000e+06
   2.4521576e+03   1.1310000e+06
   2.4516944e+03   1.1300000e+06
   2.4511856e+03   1.1290000e+06
   2.4507069e+03   1.1280000e+06
   2.4502210e+03   1.1270000e+06
   2.4500000e+03   1.1265394e+06
   2.4497397e+03   1.1260000e+06
   2.4492471e+03   1.1250000e+06
   2.4487565e+03   1.1240000e+06
   2.4482639e+03   1.1230000e+06
   2.4477713e+03   1.1220000e+06
   2.4472773e+03   1.1210000e+06
   2.4467638e+03   1.1200000e+06
   2.4462334e+03   1.1190000e+06
   2.4457084e+03   1.1180000e+06
   2.4452985e+03   1.1170000e+06
   2.4447541e+03   1.1160000e+06
   2.4442359e+03   1.1150000e+06
   2.4437666e+03   1.1140000e+06
   2.4432438e+03   1.1130000e+06
   2.4427645e+03   1.1120000e+06
   2.4423379e+03   1.1110000e+06
   2.4418032e+03   1.1100000e+06
   2.4413205e+03   1.1090000e+06
   2.4408353e+03   1.1080000e+06
   2.4403506e+03   1.1070000e+06
   2.4400000e+03   1.1062869e+06
   2.4398565e+03   1.1060000e+06
   2.4393547e+03   1.1050000e+06
   2.4388535e+03   1.1040000e+06
   2.4383529e+03   1.1030000e+06
   2.4378498e+03   1.1020000e+06
   2.4373570e+03   1.1010000e+06
   2.4368126e+03   1.1000000e+06
   2.4362907e+03   1.0990000e+06
   2.4357725e+03   1.0980000e+06
   2.4352610e+03   1.0970000e+06
   2.4347807e+03   1.0960000e+06
   2.4343114e+03   1.0950000e+06
   2.4337633e+03   1.0940000e+06
   2.4332745e+03   1.0930000e+06
   2.4327848e+03   1.0920000e+06
   2.4322936e+03   1.0910000e+06
   2.4318021e+03   1.0900000e+06
   2.4313082e+03   1.0890000e+06
   2.4308174e+03   1.0880000e+06
   2.4303251e+03   1.0870000e+06
   2.4300000e+03   1.0863320e+06
   2.4298366e+03   1.0860000e+06
   2.4293416e+03   1.0850000e+06
   2.4288462e+03   1.0840000e+06
   2.4283537e+03   1.0830000e+06
   2.4278504e+03   1.0820000e+06
   2.4273169e+03   1.0810000e+06
   2.4267871e+03   1.0800000e+06
   2.4262621e+03   1.0790000e+06
   2.4256834e+03   1.0780000e+06
   2.4251639e+03   1.0770000e+06
   2.4246667e+03   1.0760000e+06
   2.4241670e+03   1.0750000e+06
   2.4236688e+03   1.0740000e+06
   2.4231882e+03   1.0730000e+06
   2.4226894e+03   1.0720000e+06
   2.4221897e+03   1.0710000e+06
   2.4216890e+03   1.0700000e+06
   2.4211888e+03   1.0690000e+06
   2.4206918e+03   1.0680000e+06
   2.4201943e+03   1.0670000e+06
   2.4200000e+03   1.0666094e+06
   2.4196969e+03   1.0660000e+06
   2.4191995e+03   1.0650000e+06
   2.4187002e+03   1.0640000e+06
   2.4181977e+03   1.0630000e+06
   2.4176595e+03   1.0620000e+06
   2.4171239e+03   1.0610000e+06
   2.4166673e+03   1.0600000e+06
   2.4161148e+03   1.0590000e+06
   2.4155361e+03   1.0580000e+06
   2.4150029e+03   1.0570000e+06
   2.4144933e+03   1.0560000e+06
   2.4139898e+03   1.0550000e+06
   2.4134928e+03   1.0540000e+06
   2.4129912e+03   1.0530000e+06
   2.4124883e+03   1.0520000e+06
   2.4119836e+03   1.0510000e+06
   2.4114760e+03   1.0500000e+06
   2.4109760e+03   1.0490000e+06
   2.4104722e+03   1.0480000e+06
   2.4100000e+03   1.0470656e+06
   2.4099693e+03   1.0470000e+06
   2.4094994e+03   1.0460000e+06
   2.4090280e+03   1.0450000e+06
   2.4085601e+03   1.0440000e+06
   2.4080533e+03   1.0430000e+06
   2.4075538e+03   1.0420000e+06
   2.4071470e+03   1.0410000e+06
   2.4066745e+03   1.0400000e+06
   2.4061895e+03   1.0390000e+06
   2.4056902e+03   1.0380000e+06
   2.4052099e+03   1.0370000e+06
   2.4047406e+03   1.0360000e+06
   2.4042680e+03   1.0350000e+06
   2.4037935e+03   1.0340000e+06
   2.4033137e+03   1.0330000e+06
   2.4028431e+03   1.0320000e+06
   2.4023743e+03   1.0310000e+06
   2.4019124e+03   1.0300000e+06
   2.4014518e+03   1.0290000e+06
   2.4009925e+03   1.0280000e+06
   2.4005335e+03   1.0270000e+06
   2.4000732e+03   1.0260000e+06
   2.4000000e+03   1.0258405e+06
   2.3995786e+03   1.0250000e+06
   2.3990601e+03   1.0240000e+06
   2.3985383e+03   1.0230000e+06
   2.3980172e+03   1.0220000e+06
   2.3974956e+03   1.0210000e+06
   2.3969751e+03   1.0200000e+06
   2.3964539e+03   1.0190000e+06
   2.3959350e+03   1.0180000e+06
   2.3954192e+03   1.0170000e+06
   2.3949008e+03   1.0160000e+06
   2.3943824e+03   1.0150000e+06
   2.3938662e+03   1.0140000e+06
   2.3933495e+03   1.0130000e+06
   2.3928319e+03   1.0120000e+06
   2.3923140e+03   1.0110000e+06
   2.3917897e+03   1.0100000e+06
   2.3912706e+03   1.0090000e+06
   2.3907534e+03   1.0080000e+06
   2.3902349e+03   1.0070000e+06
   2.3900000e+03   1.0065485e+06
   2.3897153e+03   1.0060000e+06
   2.3891928e+03   1.0050000e+06
   2.3886690e+03   1.0040000e+06
   2.3881549e+03   1.0030000e+06
   2.3876274e+03   1.0020000e+06
   2.3871013e+03   1.0010000e+06
   2.3865763e+03   1.0000000e+06
   2.3860542e+03   9.9900000e+05
   2.3855355e+03   9.9800000e+05
   2.3850155e+03   9.9700000e+05
   2.3845006e+03   9.9600000e+05
   2.3839806e+03   9.9500000e+05
   2.3834619e+03   9.9400000e+05
   2.3829253e+03   9.9300000e+05
   2.3824177e+03   9.9200000e+05
   2.3818951e+03   9.9100000e+05
   2.3813716e+03   9.9000000e+05
   2.3808275e+03   9.8900000e+05
   2.3803040e+03   9.8800000e+05
   2.3800000e+03   9.8741636e+05
   2.3797845e+03   9.8700000e+05
   2.3792595e+03   9.8600000e+05
   2.3787281e+03   9.8500000e+05
   2.3781970e+03   9.8400000e+05
   2.3777020e+03   9.8300000e+05
   2.3771680e+03   9.8200000e+05
   2.3766344e+03   9.8100000e+05
   2.3761280e+03   9.8000000e+05
   2.3755798e+03   9.7900000e+05
   2.3750580e+03   9.7800000e+05
   2.3745344e+03   9.7700000e+05
   2.3740039e+03   9.7600000e+05
   2.3734812e+03   9.7500000e+05
   2.3729593e+03   9.7400000e+05
   2.3724315e+03   9.7300000e+05
   2.3719048e+03   9.7200000e+05
   2.3713768e+03   9.7100000e+05
   2.3708488e+03   9.7000000e+05
   2.3703202e+03   9.6900000e+05
   2.3700000e+03   9.6839636e+05
   2.3697907e+03   9.6800000e+05
   2.3692646e+03   9.6700000e+05
   2.3687385e+03   9.6600000e+05
   2.3682124e+03   9.6500000e+05
   2.3676863e+03   9.6400000e+05
   2.3671588e+03   9.6300000e+05
   2.3666315e+03   9.6200000e+05
   2.3661036e+03   9.6100000e+05
   2.3655690e+03   9.6000000e+05
   2.3650345e+03   9.5900000e+05
   2.3644980e+03   9.5800000e+05
   2.3639620e+03   9.5700000e+05
   2.3634249e+03   9.5600000e+05
   2.3628876e+03   9.5500000e+05
   2.3623516e+03   9.5400000e+05
   2.3618175e+03   9.5300000e+05
   2.3612834e+03   9.5200000e+05
   2.3607474e+03   9.5100000e+05
   2.3602113e+03   9.5000000e+05
   2.3600000e+03   9.4960573e+05
   2.3596769e+03   9.4900000e+05
   2.3591458e+03   9.4800000e+05
   2.3586127e+03   9.4700000e+05
   2.3580814e+03   9.4600000e+05
   2.3575506e+03   9.4500000e+05
   2.3570206e+03   9.4400000e+05
   2.3564897e+03   9.4300000e+05
   2.3559568e+03   9.4200000e+05
   2.3554183e+03   9.4100000e+05
   2.3548797e+03   9.4000000e+05
   2.3543294e+03   9.3900000e+05
   2.3537856e+03   9.3800000e+05
   2.3532440e+03   9.3700000e+05
   2.3527034e+03   9.3600000e+05
   2.3521639e+03   9.3500000e+05
   2.3516268e+03   9.3400000e+05
   2.3510907e+03   9.3300000e+05
   2.3505585e+03   9.3200000e+05
   2.3500210e+03   9.3100000e+05
   2.3500000e+03   9.3096085e+05
   2.3494861e+03   9.3000000e+05
   2.3489458e+03   9.2900000e+05
   2.3484104e+03   9.2800000e+05
   2.3478733e+03   9.2700000e+05
   2.3473425e+03   9.2600000e+05
   2.3468030e+03   9.2500000e+05
   2.3462633e+03   9.2400000e+05
   2.3457159e+03   9.2300000e+05
   2.3451780e+03   9.2200000e+05
   2.3446341e+03   9.2100000e+05
   2.3440818e+03   9.2000000e+05
   2.3435344e+03   9.1900000e+05
   2.3429912e+03   9.1800000e+05
   2.3424428e+03   9.1700000e+05
   2.3418979e+03   9.1600000e+05
   2.3413576e+03   9.1500000e+05
   2.3408164e+03   9.1400000e+05
   2.3402758e+03   9.1300000e+05
   2.3400000e+03   9.1249123e+05
   2.3397346e+03   9.1200000e+05
   2.3391913e+03   9.1100000e+05
   2.3386534e+03   9.1000000e+05
   2.3381098e+03   9.0900000e+05
   2.3375663e+03   9.0800000e+05
   2.3370241e+03   9.0700000e+05
   2.3364810e+03   9.0600000e+05
   2.3359386e+03   9.0500000e+05
   2.3353934e+03   9.0400000e+05
   2.3348436e+03   9.0300000e+05
   2.3342928e+03   9.0200000e+05
   2.3337436e+03   9.0100000e+05
   2.3331923e+03   9.0000000e+05
   2.3326418e+03   8.9900000e+05
   2.3320888e+03   8.9800000e+05
   2.3315651e+03   8.9700000e+05
   2.3309960e+03   8.9600000e+05
   2.3304532e+03   8.9500000e+05
   2.3300000e+03   8.9416725e+05
   2.3299094e+03   8.9400000e+05
   2.3293676e+03   8.9300000e+05
   2.3288258e+03   8.9200000e+05
   2.3282886e+03   8.9100000e+05
   2.3277325e+03   8.9000000e+05
   2.3271806e+03   8.8900000e+05
   2.3266233e+03   8.8800000e+05
   2.3260705e+03   8.8700000e+05
   2.3255198e+03   8.8600000e+05
   2.3249690e+03   8.8500000e+05
   2.3244169e+03   8.8400000e+05
   2.3238634e+03   8.8300000e+05
   2.3233095e+03   8.8200000e+05
   2.3227538e+03   8.8100000e+05
   2.3222049e+03   8.8000000e+05
   2.3216481e+03   8.7900000e+05
   2.3210919e+03   8.7800000e+05
   2.3205369e+03   8.7700000e+05
   2.3200000e+03   8.7603716e+05
   2.3199794e+03   8.7600000e+05
   2.3194258e+03   8.7500000e+05
   2.3188716e+03   8.7400000e+05
   2.3183164e+03   8.7300000e+05
   2.3177632e+03   8.7200000e+05
   2.3172059e+03   8.7100000e+05
   2.3166479e+03   8.7000000e+05
   2.3160908e+03   8.6900000e+05
   2.3155303e+03   8.6800000e+05
   2.3149719e+03   8.6700000e+05
   2.3144101e+03   8.6600000e+05
   2.3138529e+03   8.6500000e+05
   2.3132977e+03   8.6400000e+05
   2.3127445e+03   8.6300000e+05
   2.3121874e+03   8.6200000e+05
   2.3116297e+03   8.6100000e+05
   2.3110719e+03   8.6000000e+05
   2.3105143e+03   8.5900000e+05
   2.3100000e+03   8.5808361e+05
   2.3099533e+03   8.5800000e+05
   2.3093943e+03   8.5700000e+05
   2.3088336e+03   8.5600000e+05
   2.3082640e+03   8.5500000e+05
   2.3077054e+03   8.5400000e+05
   2.3071453e+03   8.5300000e+05
   2.3065845e+03   8.5200000e+05
   2.3060209e+03   8.5100000e+05
   2.3054581e+03   8.5000000e+05
   2.3048955e+03   8.4900000e+05
   2.3043332e+03   8.4800000e+05
   2.3037684e+03   8.4700000e+05
   2.3032019e+03   8.4600000e+05
   2.3026410e+03   8.4500000e+05
   2.3020784e+03   8.4400000e+05
   2.3015162e+03   8.4300000e+05
   2.3009534e+03   8.4200000e+05
   2.3003835e+03   8.4100000e+05
   2.3000000e+03   8.4032787e+05
   2.2998136e+03   8.4000000e+05
   2.2992546e+03   8.3900000e+05
   2.2986878e+03   8.3800000e+05
   2.2981203e+03   8.3700000e+05
   2.2975535e+03   8.3600000e+05
   2.2969873e+03   8.3500000e+05
   2.2964187e+03   8.3400000e+05
   2.2958535e+03   8.3300000e+05
   2.2952854e+03   8.3200000e+05
   2.2947165e+03   8.3100000e+05
   2.2941487e+03   8.3000000e+05
   2.2935793e+03   8.2900000e+05
   2.2930106e+03   8.2800000e+05
   2.2924410e+03   8.2700000e+05
   2.2918714e+03   8.2600000e+05
   2.2913002e+03   8.2500000e+05
   2.2907277e+03   8.2400000e+05
   2.2901545e+03   8.2300000e+05
   2.2900000e+03   8.2272697e+05
   2.2895912e+03   8.2200000e+05
   2.2890188e+03   8.2100000e+05
   2.2884511e+03   8.2000000e+05
   2.2878796e+03   8.1900000e+05
   2.2873086e+03   8.1800000e+05
   2.2867462e+03   8.1700000e+05
   2.2861736e+03   8.1600000e+05
   2.2855996e+03   8.1500000e+05
   2.2850250e+03   8.1400000e+05
   2.2844504e+03   8.1300000e+05
   2.2838769e+03   8.1200000e+05
   2.2832981e+03   8.1100000e+05
   2.2827242e+03   8.1000000e+05
   2.2821489e+03   8.0900000e+05
   2.2815774e+03   8.0800000e+05
   2.2809967e+03   8.0700000e+05
   2.2804195e+03   8.0600000e+05
   2.2800000e+03   8.0527244e+05
   2.2798433e+03   8.0500000e+05
   2.2792733e+03   8.0400000e+05
   2.2786979e+03   8.0300000e+05
   2.2781214e+03   8.0200000e+05
   2.2775452e+03   8.0100000e+05
   2.2769627e+03   8.0000000e+05
   2.2763876e+03   7.9900000e+05
   2.2758032e+03   7.9800000e+05
   2.2752186e+03   7.9700000e+05
   2.2746385e+03   7.9600000e+05
   2.2740671e+03   7.9500000e+05
   2.2734759e+03   7.9400000e+05
   2.2729003e+03   7.9300000e+05
   2.2723186e+03   7.9200000e+05
   2.2717351e+03   7.9100000e+05
   2.2711529e+03   7.9000000e+05
   2.2705795e+03   7.8900000e+05
   2.2700000e+03   7.8801563e+05
   2.2699908e+03   7.8800000e+05
   2.2694096e+03   7.8700000e+05
   2.2688383e+03   7.8600000e+05
   2.2682611e+03   7.8500000e+05
   2.2676776e+03   7.8400000e+05
   2.2670983e+03   7.8300000e+05
   2.2665142e+03   7.8200000e+05
   2.2659284e+03   7.8100000e+05
   2.2653397e+03   7.8000000e+05
   2.2647512e+03   7.7900000e+05
   2.2641630e+03   7.7800000e+05
   2.2635750e+03   7.7700000e+05
   2.2629870e+03   7.7600000e+05
   2.2623996e+03   7.7500000e+05
   2.2618128e+03   7.7400000e+05
   2.2612252e+03   7.7300000e+05
   2.2606382e+03   7.7200000e+05
   2.2600513e+03   7.7100000e+05
   2.2600000e+03   7.7091250e+05
   2.2594665e+03   7.7000000e+05
   2.2588781e+03   7.6900000e+05
   2.2582913e+03   7.6800000e+05
   2.2577043e+03   7.6700000e+05
   2.2571152e+03   7.6600000e+05
   2.2565278e+03   7.6500000e+05
   2.2559368e+03   7.6400000e+05
   2.2553395e+03   7.6300000e+05
   2.2547499e+03   7.6200000e+05
   2.2541556e+03   7.6100000e+05
   2.2535633e+03   7.6000000e+05
   2.2529708e+03   7.5900000e+05
   2.2523787e+03   7.5800000e+05
   2.2517855e+03   7.5700000e+05
   2.2511907e+03   7.5600000e+05
   2.2505962e+03   7.5500000e+05
   2.2500000e+03   7.5400000e+05
   2.2500000e+03   7.5400000e+05
   2.2494061e+03   7.5300000e+05
   2.2488093e+03   7.5200000e+05
   2.2481983e+03   7.5100000e+05
   2.2476226e+03   7.5000000e+05
   2.2470289e+03   7.4900000e+05
   2.2463963e+03   7.4800000e+05
   2.2458074e+03   7.4700000e+05
   2.2452211e+03   7.4600000e+05
   2.2446280e+03   7.4500000e+05
   2.2440339e+03   7.4400000e+05
   2.2434392e+03   7.4300000e+05
   2.2428453e+03   7.4200000e+05
   2.2422323e+03   7.4100000e+05
   2.2416324e+03   7.4000000e+05
   2.2410387e+03   7.3900000e+05
   2.2404425e+03   7.3800000e+05
   2.2400000e+03   7.3725982e+05
   2.2398447e+03   7.3700000e+05
   2.2392455e+03   7.3600000e+05
   2.2386478e+03   7.3500000e+05
   2.2380498e+03   7.3400000e+05
   2.2374539e+03   7.3300000e+05
   2.2368522e+03   7.3200000e+05
   2.2362486e+03   7.3100000e+05
   2.2356423e+03   7.3000000e+05
   2.2350370e+03   7.2900000e+05
   2.2344324e+03   7.2800000e+05
   2.2338250e+03   7.2700000e+05
   2.2332158e+03   7.2600000e+05
   2.2326201e+03   7.2500000e+05
   2.2320058e+03   7.2400000e+05
   2.2314004e+03   7.2300000e+05
   2.2307916e+03   7.2200000e+05
   2.2301861e+03   7.2100000e+05
   2.2300000e+03   7.2069048e+05
   2.2295830e+03   7.2000000e+05
   2.2289792e+03   7.1900000e+05
   2.2283753e+03   7.1800000e+05
   2.2277700e+03   7.1700000e+05
   2.2271657e+03   7.1600000e+05
   2.2265606e+03   7.1500000e+05
   2.2259543e+03   7.1400000e+05
   2.2253477e+03   7.1300000e+05
   2.2247395e+03   7.1200000e+05
   2.2241279e+03   7.1100000e+05
   2.2235165e+03   7.1000000e+05
   2.2229041e+03   7.0900000e+05
   2.2222913e+03   7.0800000e+05
   2.2216771e+03   7.0700000e+05
   2.2210604e+03   7.0600000e+05
   2.2204500e+03   7.0500000e+05
   2.2200000e+03   7.0430471e+05
   2.2198039e+03   7.0400000e+05
   2.2191947e+03   7.0300000e+05
   2.2185837e+03   7.0200000e+05
   2.2179729e+03   7.0100000e+05
   2.2173628e+03   7.0000000e+05
   2.2167522e+03   6.9900000e+05
   2.2161418e+03   6.9800000e+05
   2.2155308e+03   6.9700000e+05
   2.2149190e+03   6.9600000e+05
   2.2143063e+03   6.9500000e+05
   2.2136970e+03   6.9400000e+05
   2.2130773e+03   6.9300000e+05
   2.2124675e+03   6.9200000e+05
   2.2118516e+03   6.9100000e+05
   2.2112828e+03   6.9000000e+05
   2.2106207e+03   6.8900000e+05
   2.2100018e+03   6.8800000e+05
   2.2100000e+03   6.8799712e+05
   2.2093838e+03   6.8700000e+05
   2.2087611e+03   6.8600000e+05
   2.2081385e+03   6.8500000e+05
   2.2075142e+03   6.8400000e+05
   2.2068369e+03   6.8300000e+05
   2.2062187e+03   6.8200000e+05
   2.2055980e+03   6.8100000e+05
   2.2049806e+03   6.8000000e+05
   2.2043677e+03   6.7900000e+05
   2.2037549e+03   6.7800000e+05
   2.2031402e+03   6.7700000e+05
   2.2025256e+03   6.7600000e+05
   2.2019124e+03   6.7500000e+05
   2.2012944e+03   6.7400000e+05
   2.2006711e+03   6.7300000e+05
   2.2000512e+03   6.7200000e+05
   2.2000000e+03   6.7191785e+05
   2.1994259e+03   6.7100000e+05
   2.1988003e+03   6.7000000e+05
   2.1981715e+03   6.6900000e+05
   2.1974842e+03   6.6800000e+05
   2.1969128e+03   6.6700000e+05
   2.1962761e+03   6.6600000e+05
   2.1956335e+03   6.6500000e+05
   2.1949947e+03   6.6400000e+05
   2.1943587e+03   6.6300000e+05
   2.1937181e+03   6.6200000e+05
   2.1930972e+03   6.6100000e+05
   2.1924755e+03   6.6000000e+05
   2.1918524e+03   6.5900000e+05
   2.1912268e+03   6.5800000e+05
   2.1906007e+03   6.5700000e+05
   2.1900000e+03   6.5604457e+05
   2.1899719e+03   6.5600000e+05
   2.1893406e+03   6.5500000e+05
   2.1887144e+03   6.5400000e+05
   2.1880873e+03   6.5300000e+05
   2.1874586e+03   6.5200000e+05
   2.1868308e+03   6.5100000e+05
   2.1862010e+03   6.5000000e+05
   2.1855661e+03   6.4900000e+05
   2.1849340e+03   6.4800000e+05
   2.1842975e+03   6.4700000e+05
   2.1836636e+03   6.4600000e+05
   2.1830253e+03   6.4500000e+05
   2.1823856e+03   6.4400000e+05
   2.1817465e+03   6.4300000e+05
   2.1811051e+03   6.4200000e+05
   2.1804652e+03   6.4100000e+05
   2.1800000e+03   6.4027198e+05
   2.1798264e+03   6.4000000e+05
   2.1791883e+03   6.3900000e+05
   2.1785007e+03   6.3800000e+05
   2.1778647e+03   6.3700000e+05
   2.1772591e+03   6.3600000e+05
   2.1765946e+03   6.3500000e+05
   2.1759602e+03   6.3400000e+05
   2.1753271e+03   6.3300000e+05
   2.1746931e+03   6.3200000e+05
   2.1740624e+03   6.3100000e+05
   2.1734246e+03   6.3000000e+05
   2.1727851e+03   6.2900000e+05
   2.1721424e+03   6.2800000e+05
   2.1715003e+03   6.2700000e+05
   2.1708630e+03   6.2600000e+05
   2.1702210e+03   6.2500000e+05
   2.1700000e+03   6.2465768e+05
   2.1695737e+03   6.2400000e+05
   2.1688564e+03   6.2300000e+05
   2.1682798e+03   6.2200000e+05
   2.1676309e+03   6.2100000e+05
   2.1669667e+03   6.2000000e+05
   2.1663043e+03   6.1900000e+05
   2.1656279e+03   6.1800000e+05
   2.1649862e+03   6.1700000e+05
   2.1643041e+03   6.1600000e+05
   2.1636542e+03   6.1500000e+05
   2.1630007e+03   6.1400000e+05
   2.1624024e+03   6.1300000e+05
   2.1617654e+03   6.1200000e+05
   2.1611339e+03   6.1100000e+05
   2.1604953e+03   6.1000000e+05
   2.1600000e+03   6.0923200e+05
   2.1598490e+03   6.0900000e+05
   2.1591985e+03   6.0800000e+05
   2.1585461e+03   6.0700000e+05
   2.1578935e+03   6.0600000e+05
   2.1572388e+03   6.0500000e+05
   2.1565212e+03   6.0400000e+05
   2.1559055e+03   6.0300000e+05
   2.1552272e+03   6.0200000e+05
   2.1545598e+03   6.0100000e+05
   2.1538951e+03   6.0000000e+05
   2.1532596e+03   5.9900000e+05
   2.1525840e+03   5.9800000e+05
   2.1519370e+03   5.9700000e+05
   2.1512809e+03   5.9600000e+05
   2.1506200e+03   5.9500000e+05
   2.1500000e+03   5.9406283e+05
   2.1499588e+03   5.9400000e+05
   2.1493008e+03   5.9300000e+05
   2.1486403e+03   5.9200000e+05
   2.1480031e+03   5.9100000e+05
   2.1473284e+03   5.9000000e+05
   2.1466764e+03   5.8900000e+05
   2.1460508e+03   5.8800000e+05
   2.1453681e+03   5.8700000e+05
   2.1447100e+03   5.8600000e+05
   2.1440535e+03   5.8500000e+05
   2.1433946e+03   5.8400000e+05
   2.1427340e+03   5.8300000e+05
   2.1421205e+03   5.8200000e+05
   2.1414195e+03   5.8100000e+05
   2.1407571e+03   5.8000000e+05
   2.1400927e+03   5.7900000e+05
   2.1400000e+03   5.7886082e+05
   2.1394260e+03   5.7800000e+05
   2.1387577e+03   5.7700000e+05
   2.1380880e+03   5.7600000e+05
   2.1373261e+03   5.7500000e+05
   2.1366633e+03   5.7400000e+05
   2.1359986e+03   5.7300000e+05
   2.1353367e+03   5.7200000e+05
   2.1346785e+03   5.7100000e+05
   2.1340214e+03   5.7000000e+05
   2.1334272e+03   5.6900000e+05
   2.1327040e+03   5.6800000e+05
   2.1320441e+03   5.6700000e+05
   2.1313804e+03   5.6600000e+05
   2.1307160e+03   5.6500000e+05
   2.1300509e+03   5.6400000e+05
   2.1300000e+03   5.6392347e+05
   2.1293813e+03   5.6300000e+05
   2.1287096e+03   5.6200000e+05
   2.1280376e+03   5.6100000e+05
   2.1273649e+03   5.6000000e+05
   2.1266883e+03   5.5900000e+05
   2.1259776e+03   5.5800000e+05
   2.1252811e+03   5.5700000e+05
   2.1245910e+03   5.5600000e+05
   2.1239039e+03   5.5500000e+05
   2.1232229e+03   5.5400000e+05
   2.1225619e+03   5.5300000e+05
   2.1218664e+03   5.5200000e+05
   2.1211988e+03   5.5100000e+05
   2.1205291e+03   5.5000000e+05
   2.1200000e+03   5.4921053e+05
   2.1198578e+03   5.4900000e+05
   2.1191823e+03   5.4800000e+05
   2.1185054e+03   5.4700000e+05
   2.1178297e+03   5.4600000e+05
   2.1171525e+03   5.4500000e+05
   2.1164759e+03   5.4400000e+05
   2.1158013e+03   5.4300000e+05
   2.1151227e+03   5.4200000e+05
   2.1144437e+03   5.4100000e+05
   2.1137608e+03   5.4000000e+05
   2.1130756e+03   5.3900000e+05
   2.1123889e+03   5.3800000e+05
   2.1116995e+03   5.3700000e+05
   2.1110275e+03   5.3600000e+05
   2.1103359e+03   5.3500000e+05
   2.1100000e+03   5.3455605e+05
   2.1095825e+03   5.3400000e+05
   2.1089549e+03   5.3300000e+05
   2.1082662e+03   5.3200000e+05
   2.1074883e+03   5.3100000e+05
   2.1068044e+03   5.3000000e+05
   2.1061199e+03   5.2900000e+05
   2.1054367e+03   5.2800000e+05
   2.1047549e+03   5.2700000e+05
   2.1040720e+03   5.2600000e+05
   2.1033891e+03   5.2500000e+05
   2.1027054e+03   5.2400000e+05
   2.1020224e+03   5.2300000e+05
   2.1013411e+03   5.2200000e+05
   2.1006540e+03   5.2100000e+05
   2.1000000e+03   5.2005783e+05
   2.0999597e+03   5.2000000e+05
   2.0992635e+03   5.1900000e+05
   2.0985700e+03   5.1800000e+05
   2.0978731e+03   5.1700000e+05
   2.0971804e+03   5.1600000e+05
   2.0964780e+03   5.1500000e+05
   2.0957797e+03   5.1400000e+05
   2.0950792e+03   5.1300000e+05
   2.0943817e+03   5.1200000e+05
   2.0936822e+03   5.1100000e+05
   2.0929825e+03   5.1000000e+05
   2.0922790e+03   5.0900000e+05
   2.0915923e+03   5.0800000e+05
   2.0908669e+03   5.0700000e+05
   2.0901585e+03   5.0600000e+05
   2.0900000e+03   5.0577327e+05
   2.0894585e+03   5.0500000e+05
   2.0887556e+03   5.0400000e+05
   2.0880541e+03   5.0300000e+05
   2.0873839e+03   5.0200000e+05
   2.0866505e+03   5.0100000e+05
   2.0859486e+03   5.0000000e+05
   2.0852464e+03   4.9900000e+05
   2.0845432e+03   4.9800000e+05
   2.0838400e+03   4.9700000e+05
   2.0831351e+03   4.9600000e+05
   2.0824286e+03   4.9500000e+05
   2.0817146e+03   4.9400000e+05
   2.0810089e+03   4.9300000e+05
   2.0802941e+03   4.9200000e+05
   2.0800000e+03   4.9159353e+05
   2.0795715e+03   4.9100000e+05
   2.0788613e+03   4.9000000e+05
   2.0781108e+03   4.8900000e+05
   2.0774379e+03   4.8800000e+05
   2.0766694e+03   4.8700000e+05
   2.0759624e+03   4.8600000e+05
   2.0752495e+03   4.8500000e+05
   2.0745636e+03   4.8400000e+05
   2.0738348e+03   4.8300000e+05
   2.0731238e+03   4.8200000e+05
   2.0724154e+03   4.8100000e+05
   2.0717041e+03   4.8000000e+05
   2.0709853e+03   4.7900000e+05
   2.0702738e+03   4.7800000e+05
   2.0700000e+03   4.7761574e+05
   2.0695596e+03   4.7700000e+05
   2.0688446e+03   4.7600000e+05
   2.0681278e+03   4.7500000e+05
   2.0674102e+03   4.7400000e+05
   2.0666920e+03   4.7300000e+05
   2.0659729e+03   4.7200000e+05
   2.0652531e+03   4.7100000e+05
   2.0645327e+03   4.7000000e+05
   2.0638079e+03   4.6900000e+05
   2.0630798e+03   4.6800000e+05
   2.0623516e+03   4.6700000e+05
   2.0616244e+03   4.6600000e+05
   2.0608925e+03   4.6500000e+05
   2.0601590e+03   4.6400000e+05
   2.0600000e+03   4.6378132e+05
   2.0594341e+03   4.6300000e+05
   2.0587034e+03   4.6200000e+05
   2.0579749e+03   4.6100000e+05
   2.0572446e+03   4.6000000e+05
   2.0565146e+03   4.5900000e+05
   2.0557827e+03   4.5800000e+05
   2.0550543e+03   4.5700000e+05
   2.0543271e+03   4.5600000e+05
   2.0535987e+03   4.5500000e+05
   2.0528708e+03   4.5400000e+05
   2.0521417e+03   4.5300000e+05
   2.0514105e+03   4.5200000e+05
   2.0506695e+03   4.5100000e+05
   2.0500000e+03   4.5007710e+05
   2.0499441e+03   4.5000000e+05
   2.0492079e+03   4.4900000e+05
   2.0484722e+03   4.4800000e+05
   2.0477349e+03   4.4700000e+05
   2.0469962e+03   4.4600000e+05
   2.0462572e+03   4.4500000e+05
   2.0455149e+03   4.4400000e+05
   2.0447710e+03   4.4300000e+05
   2.0440256e+03   4.4200000e+05
   2.0432891e+03   4.4100000e+05
   2.0425426e+03   4.4000000e+05
   2.0417976e+03   4.3900000e+05
   2.0410718e+03   4.3800000e+05
   2.0403034e+03   4.3700000e+05
   2.0400000e+03   4.3659430e+05
   2.0395578e+03   4.3600000e+05
   2.0388303e+03   4.3500000e+05
   2.0380849e+03   4.3400000e+05
   2.0373396e+03   4.3300000e+05
   2.0365954e+03   4.3200000e+05
   2.0358473e+03   4.3100000e+05
   2.0351027e+03   4.3000000e+05
   2.0343575e+03   4.2900000e+05
   2.0336100e+03   4.2800000e+05
   2.0328616e+03   4.2700000e+05
   2.0321128e+03   4.2600000e+05
   2.0313625e+03   4.2500000e+05
   2.0306109e+03   4.2400000e+05
   2.0300000e+03   4.2318831e+05
   2.0298584e+03   4.2300000e+05
   2.0291063e+03   4.2200000e+05
   2.0283529e+03   4.2100000e+05
   2.0275980e+03   4.2000000e+05
   2.0268430e+03   4.1900000e+05
   2.0260862e+03   4.1800000e+05
   2.0253262e+03   4.1700000e+05
   2.0245659e+03   4.1600000e+05
   2.0238050e+03   4.1500000e+05
   2.0230423e+03   4.1400000e+05
   2.0222855e+03   4.1300000e+05
   2.0215236e+03   4.1200000e+05
   2.0207641e+03   4.1100000e+05
   2.0200032e+03   4.1000000e+05
   2.0200000e+03   4.0999574e+05
   2.0192445e+03   4.0900000e+05
   2.0184841e+03   4.0800000e+05
   2.0177233e+03   4.0700000e+05
   2.0169595e+03   4.0600000e+05
   2.0161964e+03   4.0500000e+05
   2.0154312e+03   4.0400000e+05
   2.0146668e+03   4.0300000e+05
   2.0139000e+03   4.0200000e+05
   2.0131328e+03   4.0100000e+05
   2.0123653e+03   4.0000000e+05
   2.0115400e+03   3.9900000e+05
   2.0107895e+03   3.9800000e+05
   2.0100379e+03   3.9700000e+05
   2.0100000e+03   3.9694969e+05
   2.0092812e+03   3.9600000e+05
   2.0085200e+03   3.9500000e+05
   2.0075948e+03   3.9400000e+05
   2.0067670e+03   3.9300000e+05
   2.0060041e+03   3.9200000e+05
   2.0052416e+03   3.9100000e+05
   2.0044765e+03   3.9000000e+05
   2.0037134e+03   3.8900000e+05
   2.0029476e+03   3.8800000e+05
   2.0021853e+03   3.8700000e+05
   2.0014200e+03   3.8600000e+05
   2.0006428e+03   3.8500000e+05
   2.0000000e+03   3.8416289e+05
   1.9998768e+03   3.8400000e+05
   1.9991159e+03   3.8300000e+05
   1.9983474e+03   3.8200000e+05
   1.9975863e+03   3.8100000e+05
   1.9968238e+03   3.8000000e+05
   1.9960593e+03   3.7900000e+05
   1.9952935e+03   3.7800000e+05
   1.9945280e+03   3.7700000e+05
   1.9937477e+03   3.7600000e+05
   1.9929780e+03   3.7500000e+05
   1.9922092e+03   3.7400000e+05
   1.9914411e+03   3.7300000e+05
   1.9906660e+03   3.7200000e+05
   1.9900000e+03   3.7114113e+05
   1.9898892e+03   3.7100000e+05
   1.9891070e+03   3.7000000e+05
   1.9883236e+03   3.6900000e+05
   1.9875392e+03   3.6800000e+05
   1.9866145e+03   3.6700000e+05
   1.9857483e+03   3.6600000e+05
   1.9849760e+03   3.6500000e+05
   1.9842009e+03   3.6400000e+05
   1.9834286e+03   3.6300000e+05
   1.9826556e+03   3.6200000e+05
   1.9818792e+03   3.6100000e+05
   1.9811032e+03   3.6000000e+05
   1.9803275e+03   3.5900000e+05
   1.9800000e+03   3.5857853e+05
   1.9795440e+03   3.5800000e+05
   1.9787473e+03   3.5700000e+05
   1.9779530e+03   3.5600000e+05
   1.9771610e+03   3.5500000e+05
   1.9763692e+03   3.5400000e+05
   1.9755665e+03   3.5300000e+05
   1.9747715e+03   3.5200000e+05
   1.9739678e+03   3.5100000e+05
   1.9731687e+03   3.5000000e+05
   1.9723695e+03   3.4900000e+05
   1.9715721e+03   3.4800000e+05
   1.9707719e+03   3.4700000e+05
   1.9700000e+03   3.4604078e+05
   1.9699671e+03   3.4600000e+05
   1.9691652e+03   3.4500000e+05
   1.9683592e+03   3.4400000e+05
   1.9675575e+03   3.4300000e+05
   1.9667496e+03   3.4200000e+05
   1.9659402e+03   3.4100000e+05
   1.9650408e+03   3.4000000e+05
   1.9642428e+03   3.3900000e+05
   1.9634477e+03   3.3800000e+05
   1.9626408e+03   3.3700000e+05
   1.9618418e+03   3.3600000e+05
   1.9610398e+03   3.3500000e+05
   1.9602309e+03   3.3400000e+05
   1.9600000e+03   3.3371264e+05
   1.9594196e+03   3.3300000e+05
   1.9586037e+03   3.3200000e+05
   1.9577871e+03   3.3100000e+05
   1.9569680e+03   3.3000000e+05
   1.9561403e+03   3.2900000e+05
   1.9553226e+03   3.2800000e+05
   1.9545044e+03   3.2700000e+05
   1.9536820e+03   3.2600000e+05
   1.9528507e+03   3.2500000e+05
   1.9520283e+03   3.2400000e+05
   1.9512068e+03   3.2300000e+05
   1.9503841e+03   3.2200000e+05
   1.9500000e+03   3.2153308e+05
   1.9495620e+03   3.2100000e+05
   1.9487360e+03   3.2000000e+05
   1.9479112e+03   3.1900000e+05
   1.9470856e+03   3.1800000e+05
   1.9462500e+03   3.1700000e+05
   1.9454207e+03   3.1600000e+05
   1.9445902e+03   3.1500000e+05
   1.9437581e+03   3.1400000e+05
   1.9429164e+03   3.1300000e+05
   1.9420836e+03   3.1200000e+05
   1.9412504e+03   3.1100000e+05
   1.9404129e+03   3.1000000e+05
   1.9400000e+03   3.0951009e+05
   1.9395768e+03   3.0900000e+05
   1.9387433e+03   3.0800000e+05
   1.9379145e+03   3.0700000e+05
   1.9370855e+03   3.0600000e+05
   1.9362571e+03   3.0500000e+05
   1.9354282e+03   3.0400000e+05
   1.9345397e+03   3.0300000e+05
   1.9336926e+03   3.0200000e+05
   1.9328409e+03   3.0100000e+05
   1.9319960e+03   3.0000000e+05
   1.9311534e+03   2.9900000e+05
   1.9303091e+03   2.9800000e+05
   1.9300000e+03   2.9763653e+05
   1.9294613e+03   2.9700000e+05
   1.9286182e+03   2.9600000e+05
   1.9278129e+03   2.9500000e+05
   1.9269793e+03   2.9400000e+05
   1.9260762e+03   2.9300000e+05
   1.9253110e+03   2.9200000e+05
   1.9243768e+03   2.9100000e+05
   1.9235226e+03   2.9000000e+05
   1.9227060e+03   2.8900000e+05
   1.9218148e+03   2.8800000e+05
   1.9209581e+03   2.8700000e+05
   1.9200827e+03   2.8600000e+05
   1.9200000e+03   2.8590625e+05
   1.9192173e+03   2.8500000e+05
   1.9177147e+03   2.8400000e+05
   1.9157211e+03   2.8300000e+05
   1.9137702e+03   2.8200000e+05
   1.9121484e+03   2.8100000e+05
   1.9106002e+03   2.8000000e+05
   1.9100000e+03   2.7953450e+05
   1.9093058e+03   2.7900000e+05
   1.9084460e+03   2.7800000e+05
   1.9075755e+03   2.7700000e+05
   1.9066985e+03   2.7600000e+05
   1.9058252e+03   2.7500000e+05
   1.9049462e+03   2.7400000e+05
   1.9040588e+03   2.7300000e+05
   1.9031607e+03   2.7200000e+05
   1.9022612e+03   2.7100000e+05
   1.9013583e+03   2.7000000e+05
   1.9004320e+03   2.6900000e+05
   1.9000000e+03   2.6853420e+05
   1.8995066e+03   2.6800000e+05
   1.8985991e+03   2.6700000e+05
   1.8976601e+03   2.6600000e+05
   1.8967127e+03   2.6500000e+05
   1.8957548e+03   2.6400000e+05
   1.8947884e+03   2.6300000e+05
   1.8937918e+03   2.6200000e+05
   1.8928076e+03   2.6100000e+05
   1.8917930e+03   2.6000000e+05
   1.8908316e+03   2.5900000e+05
   1.8900000e+03   2.5821459e+05
   1.8897716e+03   2.5800000e+05
   1.8886771e+03   2.5700000e+05
   1.8875741e+03   2.5600000e+05
   1.8864885e+03   2.5500000e+05
   1.8853723e+03   2.5400000e+05
   1.8842364e+03   2.5300000e+05
   1.8830758e+03   2.5200000e+05
   1.8818900e+03   2.5100000e+05
   1.8806620e+03   2.5000000e+05
   1.8800000e+03   2.4946879e+05
   1.8794189e+03   2.4900000e+05
   1.8781499e+03   2.4800000e+05
   1.8768069e+03   2.4700000e+05
   1.8754681e+03   2.4600000e+05
   1.8741023e+03   2.4500000e+05
   1.8726951e+03   2.4400000e+05
   1.8712103e+03   2.4300000e+05
   1.8700000e+03   2.4224843e+05
   1.8695995e+03   2.4200000e+05
   1.8679472e+03   2.4100000e+05
   1.8663213e+03   2.4000000e+05
   1.8646141e+03   2.3900000e+05
   1.8628037e+03   2.3800000e+05
   1.8610420e+03   2.3700000e+05
   1.8600000e+03   2.3643182e+05
   1.8592062e+03   2.3600000e+05
   1.8570729e+03   2.3500000e+05
   1.8587430e+03   2.3400000e+05
   1.8600000e+03   2.3386047e+05
   1.8684824e+03   2.3300000e+05
   1.8660618e+03   2.3200000e+05
   1.8633148e+03   2.3100000e+05
   1.8605045e+03   2.3000000e+05
   1.8600000e+03   2.2982875e+05
   1.8574135e+03   2.2900000e+05
   1.8540555e+03   2.2800000e+05
   1.8511283e+03   2.2700000e+05
   1.8500000e+03   2.2643432e+05
   1.8492126e+03   2.2600000e+05
   1.8467858e+03   2.2500000e+05
   1.8438297e+03   2.2400000e+05
   1.8410138e+03   2.2300000e+05
   1.8400000e+03   2.2244789e+05
   1.8392074e+03   2.2200000e+05
   1.8382017e+03   2.2100000e+05
   1.8373586e+03   2.2000000e+05
   1.8364294e+03   2.1900000e+05
   1.8355360e+03   2.1800000e+05
   1.8346366e+03   2.1700000e+05
   1.8337319e+03   2.1600000e+05
   1.8328281e+03   2.1500000e+05
   1.8319201e+03   2.1400000e+05
   1.8310121e+03   2.1300000e+05
   1.8300920e+03   2.1200000e+05
   1.8300000e+03   2.1189967e+05
   1.8291788e+03   2.1100000e+05
   1.8282106e+03   2.1000000e+05
   1.8273450e+03   2.0900000e+05
   1.8264150e+03   2.0800000e+05
   1.8254940e+03   2.0700000e+05
   1.8245255e+03   2.0600000e+05
   1.8236312e+03   2.0500000e+05
   1.8226978e+03   2.0400000e+05
   1.8217598e+03   2.0300000e+05
   1.8208171e+03   2.0200000e+05
   1.8200000e+03   2.0113514e+05
   1.8198730e+03   2.0100000e+05
   1.8191014e+03   2.0000000e+05
   1.8183716e+03   1.9900000e+05
   1.8176389e+03   1.9800000e+05
   1.8169045e+03   1.9700000e+05
   1.8161676e+03   1.9600000e+05
   1.8154279e+03   1.9500000e+05
   1.8146885e+03   1.9400000e+05
   1.8139478e+03   1.9300000e+05
   1.8132017e+03   1.9200000e+05
   1.8124580e+03   1.9100000e+05
   1.8117112e+03   1.9000000e+05
   1.8109634e+03   1.8900000e+05
   1.8101979e+03   1.8800000e+05
   1.8100000e+03   1.8788583e+05
   1.8085280e+03   1.8700000e+05
   1.8056080e+03   1.8600000e+05
   1.8000000e+03   1.8528528e+05
   1.7974053e+03   1.8500000e+05
   1.7929206e+03   1.8400000e+05
   1.7900000e+03   1.8330317e+05
   1.7887096e+03   1.8300000e+05
   1.7845948e+03   1.8200000e+05
   1.7807098e+03   1.8100000e+05
   1.7800000e+03   1.8080486e+05
   1.7770746e+03   1.8000000e+05
   1.7750744e+03   1.7900000e+05
   1.7742587e+03   1.7800000e+05
   1.7734314e+03   1.7700000e+05
   1.7725959e+03   1.7600000e+05
   1.7717673e+03   1.7500000e+05
   1.7709345e+03   1.7400000e+05
   1.7701020e+03   1.7300000e+05
   1.7700000e+03   1.7287826e+05
   1.7692679e+03   1.7200000e+05
   1.7684329e+03   1.7100000e+05
   1.7675946e+03   1.7000000e+05
   1.7667570e+03   1.6900000e+05
   1.7659165e+03   1.6800000e+05
   1.7650724e+03   1.6700000e+05
   1.7642278e+03   1.6600000e+05
   1.7633782e+03   1.6500000e+05
   1.7625315e+03   1.6400000e+05
   1.7616792e+03   1.6300000e+05
   1.7608229e+03   1.6200000e+05
   1.7600000e+03   1.6104054e+05
   1.7599654e+03   1.6100000e+05
   1.7591088e+03   1.6000000e+05
   1.7582532e+03   1.5900000e+05
   1.7574439e+03   1.5800000e+05
   1.7566993e+03   1.5700000e+05
   1.7559736e+03   1.5600000e+05
   1.7552425e+03   1.5500000e+05
   1.7544866e+03   1.5400000e+05
   1.7536952e+03   1.5300000e+05
   1.7529055e+03   1.5200000e+05
   1.7521387e+03   1.5100000e+05
   1.7513780e+03   1.5000000e+05
   1.7506065e+03   1.4900000e+05
   1.7500000e+03   1.4821667e+05
   1.7498333e+03   1.4800000e+05
   1.7490554e+03   1.4700000e+05
   1.7482723e+03   1.4600000e+05
   1.7474940e+03   1.4500000e+05
   1.7467075e+03   1.4400000e+05
   1.7459217e+03   1.4300000e+05
   1.7451208e+03   1.4200000e+05
   1.7442739e+03   1.4100000e+05
   1.7434619e+03   1.4000000e+05
   1.7426478e+03   1.3900000e+05
   1.7418611e+03   1.3800000e+05
   1.7410215e+03   1.3700000e+05
   1.7400000e+03   1.3689353e+05
   1.7339112e+03   1.3600000e+05
   1.7300000e+03   1.3576467e+05
   1.7200000e+03   1.3517366e+05
   1.7178503e+03   1.3500000e+05
   1.7100000e+03   1.3416012e+05
   1.7079000e+03   1.3400000e+05
   1.7068094e+03   1.3300000e+05
   1.7060330e+03   1.3200000e+05
   1.7056398e+03   1.3100000e+05
   1.7051702e+03   1.3000000e+05
   1.7047675e+03   1.2900000e+05
   1.7043472e+03   1.2800000e+05
   1.7038441e+03   1.2700000e+05
   1.7032616e+03   1.2600000e+05
   1.7027459e+03   1.2500000e+05
   1.7021250e+03   1.2400000e+05
   1.7015148e+03   1.2300000e+05
   1.7009450e+03   1.2200000e+05
   1.7002550e+03   1.2100000e+05
   1.7000000e+03   1.2062651e+05
   1.6995736e+03   1.2000000e+05
   1.6989012e+03   1.1900000e+05
   1.6981749e+03   1.1800000e+05
   1.6974416e+03   1.1700000e+05
   1.6966735e+03   1.1600000e+05
   1.6959051e+03   1.1500000e+05
   1.6951406e+03   1.1400000e+05
   1.6943072e+03   1.1300000e+05
   1.6934638e+03   1.1200000e+05
   1.6926690e+03   1.1100000e+05
   1.6918438e+03   1.1000000e+05
   1.6909815e+03   1.0900000e+05
   1.6901298e+03   1.0800000e+05
   1.6900000e+03   1.0784800e+05
   1.6892780e+03   1.0700000e+05
   1.6884093e+03   1.0600000e+05
   1.6874997e+03   1.0500000e+05
   1.6866045e+03   1.0400000e+05
   1.6856785e+03   1.0300000e+05
   1.6847586e+03   1.0200000e+05
   1.6829505e+03   1.0100000e+05
   1.6801074e+03   1.0000000e+05
   1.6800000e+03   9.9879205e+04
   1.6792191e+03   9.9000000e+04
   1.6783233e+03   9.8000000e+04
   1.6773696e+03   9.7000000e+04
   1.6764372e+03   9.6000000e+04
   1.6755152e+03   9.5000000e+04
   1.6745882e+03   9.4000000e+04
   1.6736216e+03   9.3000000e+04
   1.6726426e+03   9.2000000e+04
   1.6716592e+03   9.1000000e+04
   1.6707023e+03   9.0000000e+04
   1.6700000e+03   8.9324254e+04
   1.6696647e+03   8.9000000e+04
   1.6686544e+03   8.8000000e+04
   1.6676714e+03   8.7000000e+04
   1.6666613e+03   8.6000000e+04
   1.6656370e+03   8.5000000e+04
   1.6646242e+03   8.4000000e+04
   1.6636170e+03   8.3000000e+04
   1.6625872e+03   8.2000000e+04
   1.6615446e+03   8.1000000e+04
   1.6605052e+03   8.0000000e+04
   1.6600000e+03   7.9513583e+04
   1.6594689e+03   7.9000000e+04
   1.6584254e+03   7.8000000e+04
   1.6573663e+03   7.7000000e+04
   1.6562983e+03   7.6000000e+04
   1.6552080e+03   7.5000000e+04
   1.6541530e+03   7.4000000e+04
   1.6530577e+03   7.3000000e+04
   1.6519538e+03   7.2000000e+04
   1.6508399e+03   7.1000000e+04
   1.6500000e+03   7.0232927e+04
   1.6497463e+03   7.0000000e+04
   1.6486205e+03   6.9000000e+04
   1.6474947e+03   6.8000000e+04
   1.6463850e+03   6.7000000e+04
   1.6452484e+03   6.6000000e+04
   1.6440980e+03   6.5000000e+04
   1.6429390e+03   6.4000000e+04
   1.6417726e+03   6.3000000e+04
   1.6406045e+03   6.2000000e+04
   1.6400000e+03   6.1488242e+04
   1.6394262e+03   6.1000000e+04
   1.6382473e+03   6.0000000e+04
   1.6370571e+03   5.9000000e+04
   1.6358518e+03   5.8000000e+04
   1.6346344e+03   5.7000000e+04
   1.6334173e+03   5.6000000e+04
   1.6321903e+03   5.5000000e+04
   1.6309480e+03   5.4000000e+04
   1.6300000e+03   5.3245047e+04
   1.6296942e+03   5.3000000e+04
   1.6284365e+03   5.2000000e+04
   1.6271718e+03   5.1000000e+04
   1.6259041e+03   5.0000000e+04
   1.6246105e+03   4.9000000e+04
   1.6232948e+03   4.8000000e+04
   1.6219778e+03   4.7000000e+04
   1.6206095e+03   4.6000000e+04
   1.6200000e+03   4.5551625e+04
   1.6192591e+03   4.5000000e+04
   1.6179180e+03   4.4000000e+04
   1.6165963e+03   4.3000000e+04
   1.6152130e+03   4.2000000e+04
   1.6138211e+03   4.1000000e+04
   1.6124123e+03   4.0000000e+04
   1.6109815e+03   3.9000000e+04
   1.6100000e+03   3.8324205e+04
   1.6095316e+03   3.8000000e+04
   1.6080617e+03   3.7000000e+04
   1.6065726e+03   3.6000000e+04
   1.6050604e+03   3.5000000e+04
   1.6035103e+03   3.4000000e+04
   1.6019297e+03   3.3000000e+04
   1.6003205e+03   3.2000000e+04
   1.6000000e+03   3.1805085e+04
   1.5986857e+03   3.1000000e+04
   1.5970153e+03   3.0000000e+04
   1.5952935e+03   2.9000000e+04
   1.5935146e+03   2.8000000e+04
   1.5916702e+03   2.7000000e+04
   1.5900000e+03   2.6126061e+04
   1.5897614e+03   2.6000000e+04
   1.5878269e+03   2.5000000e+04
   1.5857649e+03   2.4000000e+04
   1.5836291e+03   2.3000000e+04
   1.5813531e+03   2.2000000e+04
   1.5800000e+03   2.1435180e+04
   1.5789609e+03   2.1000000e+04
   1.5763383e+03   2.0000000e+04
   1.5705965e+03   1.9000000e+04
   1.5700000e+03   1.8603306e+04
   1.5690980e+03   1.8000000e+04
   1.5675771e+03   1.7000000e+04
   1.5660365e+03   1.6000000e+04
   1.5644921e+03   1.5000000e+04
   1.5629384e+03   1.4000000e+04
   1.5613670e+03   1.3000000e+04
   1.5600000e+03   1.2167539e+04
   1.5597275e+03   1.2000000e+04
   1.5581905e+03   1.1000000e+04
   1.5565454e+03   1.0000000e+04
   1.5549213e+03   9.0000000e+03
   1.5533297e+03   8.0000000e+03
   1.5517098e+03   7.0000000e+03
   1.5543273e+03   6.0000000e+03
   1.5544442e+03   5.0000000e+03
   1.5542125e+03   4.0000000e+03
   1.5534665e+03   3.0000000e+03
   1.5524786e+03   2.0000000e+03
   1.5513207e+03   1.0000000e+03
   1.5500000e+03   0.0000000e+00
   1.5500000e+03   0.0000000e+00
