   5.9554199e+02   1.3500000e+06
   5.9541166e+02   1.3490000e+06
   5.9528149e+02   1.3480000e+06
   5.9515211e+02   1.3470000e+06
   5.9502309e+02   1.3460000e+06
   5.9489485e+02   1.3450000e+06
   5.9476465e+02   1.3440000e+06
   5.9463411e+02   1.3430000e+06
   5.9450344e+02   1.3420000e+06
   5.9437282e+02   1.3410000e+06
   5.9424149e+02   1.3400000e+06
   5.9410884e+02   1.3390000e+06
   5.9397830e+02   1.3380000e+06
   5.9384719e+02   1.3370000e+06
   5.9371628e+02   1.3360000e+06
   5.9358500e+02   1.3350000e+06
   5.9345375e+02   1.3340000e+06
   5.9332250e+02   1.3330000e+06
   5.9319107e+02   1.3320000e+06
   5.9305959e+02   1.3310000e+06
   5.9292747e+02   1.3300000e+06
   5.9279531e+02   1.3290000e+06
   5.9266318e+02   1.3280000e+06
   5.9252884e+02   1.3270000e+06
   5.9239701e+02   1.3260000e+06
   5.9226498e+02   1.3250000e+06
   5.9213274e+02   1.3240000e+06
   5.9200060e+02   1.3230000e+06
   5.9186812e+02   1.3220000e+06
   5.9173565e+02   1.3210000e+06
   5.9160256e+02   1.3200000e+06
   5.9147055e+02   1.3190000e+06
   5.9133816e+02   1.3180000e+06
   5.9120470e+02   1.3170000e+06
   5.9107124e+02   1.3160000e+06
   5.9093746e+02   1.3150000e+06
   5.9080105e+02   1.3140000e+06
   5.9066765e+02   1.3130000e+06
   5.9053438e+02   1.3120000e+06
   5.9040073e+02   1.3110000e+06
   5.9026705e+02   1.3100000e+06
   5.9013333e+02   1.3090000e+06
   5.9000000e+02   1.3080079e+06
   5.8999894e+02   1.3080000e+06
   5.8986653e+02   1.3070000e+06
   5.8973414e+02   1.3060000e+06
   5.8960088e+02   1.3050000e+06
   5.8946685e+02   1.3040000e+06
   5.8933264e+02   1.3030000e+06
   5.8920074e+02   1.3020000e+06
   5.8906675e+02   1.3010000e+06
   5.8893273e+02   1.3000000e+06
   5.8879465e+02   1.2990000e+06
   5.8866512e+02   1.2980000e+06
   5.8853161e+02   1.2970000e+06
   5.8839769e+02   1.2960000e+06
   5.8825915e+02   1.2950000e+06
   5.8812588e+02   1.2940000e+06
   5.8799239e+02   1.2930000e+06
   5.8785855e+02   1.2920000e+06
   5.8772411e+02   1.2910000e+06
   5.8758967e+02   1.2900000e+06
   5.8745524e+02   1.2890000e+06
   5.8732084e+02   1.2880000e+06
   5.8718655e+02   1.2870000e+06
   5.8705146e+02   1.2860000e+06
   5.8691706e+02   1.2850000e+06
   5.8678209e+02   1.2840000e+06
   5.8664769e+02   1.2830000e+06
   5.8651284e+02   1.2820000e+06
   5.8637787e+02   1.2810000e+06
   5.8624262e+02   1.2800000e+06
   5.8610789e+02   1.2790000e+06
   5.8597264e+02   1.2780000e+06
   5.8583742e+02   1.2770000e+06
   5.8570142e+02   1.2760000e+06
   5.8556633e+02   1.2750000e+06
   5.8543131e+02   1.2740000e+06
   5.8529567e+02   1.2730000e+06
   5.8515997e+02   1.2720000e+06
   5.8502373e+02   1.2710000e+06
   5.8488748e+02   1.2700000e+06
   5.8475105e+02   1.2690000e+06
   5.8461502e+02   1.2680000e+06
   5.8447904e+02   1.2670000e+06
   5.8434272e+02   1.2660000e+06
   5.8420662e+02   1.2650000e+06
   5.8407056e+02   1.2640000e+06
   5.8393457e+02   1.2630000e+06
   5.8379861e+02   1.2620000e+06
   5.8366342e+02   1.2610000e+06
   5.8352709e+02   1.2600000e+06
   5.8339100e+02   1.2590000e+06
   5.8325558e+02   1.2580000e+06
   5.8311985e+02   1.2570000e+06
   5.8298451e+02   1.2560000e+06
   5.8284927e+02   1.2550000e+06
   5.8270805e+02   1.2540000e+06
   5.8257530e+02   1.2530000e+06
   5.8243757e+02   1.2520000e+06
   5.8230053e+02   1.2510000e+06
   5.8216297e+02   1.2500000e+06
   5.8202661e+02   1.2490000e+06
   5.8188966e+02   1.2480000e+06
   5.8175216e+02   1.2470000e+06
   5.8161554e+02   1.2460000e+06
   5.8147898e+02   1.2450000e+06
   5.8134273e+02   1.2440000e+06
   5.8120631e+02   1.2430000e+06
   5.8107051e+02   1.2420000e+06
   5.8093372e+02   1.2410000e+06
   5.8079727e+02   1.2400000e+06
   5.8066135e+02   1.2390000e+06
   5.8052539e+02   1.2380000e+06
   5.8038952e+02   1.2370000e+06
   5.8025383e+02   1.2360000e+06
   5.8011797e+02   1.2350000e+06
   5.8000000e+02   1.2341390e+06
   5.7998112e+02   1.2340000e+06
   5.7984573e+02   1.2330000e+06
   5.7971035e+02   1.2320000e+06
   5.7957503e+02   1.2310000e+06
   5.7943966e+02   1.2300000e+06
   5.7930433e+02   1.2290000e+06
   5.7916962e+02   1.2280000e+06
   5.7903411e+02   1.2270000e+06
   5.7889860e+02   1.2260000e+06
   5.7876014e+02   1.2250000e+06
   5.7862700e+02   1.2240000e+06
   5.7849409e+02   1.2230000e+06
   5.7835752e+02   1.2220000e+06
   5.7822257e+02   1.2210000e+06
   5.7808753e+02   1.2200000e+06
   5.7795305e+02   1.2190000e+06
   5.7781733e+02   1.2180000e+06
   5.7768414e+02   1.2170000e+06
   5.7755426e+02   1.2160000e+06
   5.7741286e+02   1.2150000e+06
   5.7727941e+02   1.2140000e+06
   5.7716757e+02   1.2130000e+06
   5.7702234e+02   1.2120000e+06
   5.7687615e+02   1.2110000e+06
   5.7676241e+02   1.2100000e+06
   5.7663455e+02   1.2090000e+06
   5.7651793e+02   1.2080000e+06
   5.7638227e+02   1.2070000e+06
   5.7621920e+02   1.2060000e+06
   5.7609265e+02   1.2050000e+06
   5.7596607e+02   1.2040000e+06
   5.7589258e+02   1.2030000e+06
   5.7582302e+02   1.2020000e+06
   5.7570480e+02   1.2010000e+06
   5.7566394e+02   1.2000000e+06
   5.7554390e+02   1.1990000e+06
   5.7542382e+02   1.1980000e+06
   5.7534296e+02   1.1970000e+06
   5.7522821e+02   1.1960000e+06
   5.7511339e+02   1.1950000e+06
   5.7509068e+02   1.1940000e+06
   5.7497587e+02   1.1930000e+06
   5.7486099e+02   1.1920000e+06
   5.7474605e+02   1.1910000e+06
   5.7463104e+02   1.1900000e+06
   5.7451596e+02   1.1890000e+06
   5.7440083e+02   1.1880000e+06
   5.7437547e+02   1.1870000e+06
   5.7426013e+02   1.1860000e+06
   5.7414475e+02   1.1850000e+06
   5.7402928e+02   1.1840000e+06
   5.7391381e+02   1.1830000e+06
   5.7379824e+02   1.1820000e+06
   5.7377353e+02   1.1810000e+06
   5.7365788e+02   1.1800000e+06
   5.7354219e+02   1.1790000e+06
   5.7342641e+02   1.1780000e+06
   5.7331057e+02   1.1770000e+06
   5.7319468e+02   1.1760000e+06
   5.7316652e+02   1.1750000e+06
   5.7305053e+02   1.1740000e+06
   5.7293450e+02   1.1730000e+06
   5.7281842e+02   1.1720000e+06
   5.7270226e+02   1.1710000e+06
   5.7258605e+02   1.1700000e+06
   5.7246976e+02   1.1690000e+06
   5.7244215e+02   1.1680000e+06
   5.7232585e+02   1.1670000e+06
   5.7220952e+02   1.1660000e+06
   5.7209311e+02   1.1650000e+06
   5.7197665e+02   1.1640000e+06
   5.7186010e+02   1.1630000e+06
   5.7182975e+02   1.1620000e+06
   5.7171317e+02   1.1610000e+06
   5.7159646e+02   1.1600000e+06
   5.7147975e+02   1.1590000e+06
   5.7136295e+02   1.1580000e+06
   5.7124607e+02   1.1570000e+06
   5.7112914e+02   1.1560000e+06
   5.7109426e+02   1.1550000e+06
   5.7097709e+02   1.1540000e+06
   5.7085994e+02   1.1530000e+06
   5.7074263e+02   1.1520000e+06
   5.7062535e+02   1.1510000e+06
   5.7050793e+02   1.1500000e+06
   5.7047352e+02   1.1490000e+06
   5.7035606e+02   1.1480000e+06
   5.7023852e+02   1.1470000e+06
   5.7012088e+02   1.1460000e+06
   5.7000327e+02   1.1450000e+06
   5.7000000e+02   1.1449723e+06
   5.6988643e+02   1.1440000e+06
   5.6984564e+02   1.1430000e+06
   5.6972881e+02   1.1420000e+06
   5.6961189e+02   1.1410000e+06
   5.6949494e+02   1.1400000e+06
   5.6937790e+02   1.1390000e+06
   5.6926076e+02   1.1380000e+06
   5.6914360e+02   1.1370000e+06
   5.6910617e+02   1.1360000e+06
   5.6898889e+02   1.1350000e+06
   5.6887153e+02   1.1340000e+06
   5.6875413e+02   1.1330000e+06
   5.6863664e+02   1.1320000e+06
   5.6851912e+02   1.1310000e+06
   5.6847166e+02   1.1300000e+06
   5.6835406e+02   1.1290000e+06
   5.6823636e+02   1.1280000e+06
   5.6811859e+02   1.1270000e+06
   5.6800077e+02   1.1260000e+06
   5.6788286e+02   1.1250000e+06
   5.6783865e+02   1.1240000e+06
   5.6772066e+02   1.1230000e+06
   5.6760265e+02   1.1220000e+06
   5.6748454e+02   1.1210000e+06
   5.6736635e+02   1.1200000e+06
   5.6724812e+02   1.1190000e+06
   5.6712981e+02   1.1180000e+06
   5.6707417e+02   1.1170000e+06
   5.6695579e+02   1.1160000e+06
   5.6683733e+02   1.1150000e+06
   5.6671879e+02   1.1140000e+06
   5.6660021e+02   1.1130000e+06
   5.6648152e+02   1.1120000e+06
   5.6642868e+02   1.1110000e+06
   5.6630991e+02   1.1100000e+06
   5.6619110e+02   1.1090000e+06
   5.6607221e+02   1.1080000e+06
   5.6595327e+02   1.1070000e+06
   5.6583427e+02   1.1060000e+06
   5.6571520e+02   1.1050000e+06
   5.6565708e+02   1.1040000e+06
   5.6553775e+02   1.1030000e+06
   5.6541836e+02   1.1020000e+06
   5.6529891e+02   1.1010000e+06
   5.6517936e+02   1.1000000e+06
   5.6505976e+02   1.0990000e+06
   5.6499667e+02   1.0980000e+06
   5.6487698e+02   1.0970000e+06
   5.6475721e+02   1.0960000e+06
   5.6463738e+02   1.0950000e+06
   5.6451745e+02   1.0940000e+06
   5.6439747e+02   1.0930000e+06
   5.6433455e+02   1.0920000e+06
   5.6421449e+02   1.0910000e+06
   5.6409433e+02   1.0900000e+06
   5.6397414e+02   1.0890000e+06
   5.6385384e+02   1.0880000e+06
   5.6373351e+02   1.0870000e+06
   5.6361310e+02   1.0860000e+06
   5.6353828e+02   1.0850000e+06
   5.6341777e+02   1.0840000e+06
   5.6329719e+02   1.0830000e+06
   5.6317655e+02   1.0820000e+06
   5.6305580e+02   1.0810000e+06
   5.6293501e+02   1.0800000e+06
   5.6285987e+02   1.0790000e+06
   5.6273899e+02   1.0780000e+06
   5.6261801e+02   1.0770000e+06
   5.6249701e+02   1.0760000e+06
   5.6237587e+02   1.0750000e+06
   5.6225469e+02   1.0740000e+06
   5.6218157e+02   1.0730000e+06
   5.6206031e+02   1.0720000e+06
   5.6193897e+02   1.0710000e+06
   5.6181753e+02   1.0700000e+06
   5.6169606e+02   1.0690000e+06
   5.6157450e+02   1.0680000e+06
   5.6145286e+02   1.0670000e+06
   5.6137967e+02   1.0660000e+06
   5.6125794e+02   1.0650000e+06
   5.6113613e+02   1.0640000e+06
   5.6101428e+02   1.0630000e+06
   5.6089229e+02   1.0620000e+06
   5.6077032e+02   1.0610000e+06
   5.6068334e+02   1.0600000e+06
   5.6056124e+02   1.0590000e+06
   5.6043905e+02   1.0580000e+06
   5.6031677e+02   1.0570000e+06
   5.6019446e+02   1.0560000e+06
   5.6007200e+02   1.0550000e+06
   5.6000000e+02   1.0544122e+06
   5.5994735e+02   1.0540000e+06
   5.5985604e+02   1.0530000e+06
   5.5972818e+02   1.0520000e+06
   5.5960017e+02   1.0510000e+06
   5.5947219e+02   1.0500000e+06
   5.5934406e+02   1.0490000e+06
   5.5921590e+02   1.0480000e+06
   5.5912601e+02   1.0470000e+06
   5.5899766e+02   1.0460000e+06
   5.5886930e+02   1.0450000e+06
   5.5874083e+02   1.0440000e+06
   5.5861224e+02   1.0430000e+06
   5.5848365e+02   1.0420000e+06
   5.5837318e+02   1.0410000e+06
   5.5824443e+02   1.0400000e+06
   5.5811558e+02   1.0390000e+06
   5.5798665e+02   1.0380000e+06
   5.5785763e+02   1.0370000e+06
   5.5772859e+02   1.0360000e+06
   5.5759940e+02   1.0350000e+06
   5.5751015e+02   1.0340000e+06
   5.5738084e+02   1.0330000e+06
   5.5725148e+02   1.0320000e+06
   5.5712205e+02   1.0310000e+06
   5.5699247e+02   1.0300000e+06
   5.5686291e+02   1.0290000e+06
   5.5675253e+02   1.0280000e+06
   5.5662276e+02   1.0270000e+06
   5.5649293e+02   1.0260000e+06
   5.5636303e+02   1.0250000e+06
   5.5623305e+02   1.0240000e+06
   5.5610301e+02   1.0230000e+06
   5.5599372e+02   1.0220000e+06
   5.5586350e+02   1.0210000e+06
   5.5573322e+02   1.0200000e+06
   5.5560285e+02   1.0190000e+06
   5.5534434e+02   1.0180000e+06
   5.5521689e+02   1.0170000e+06
   5.5508936e+02   1.0160000e+06
   5.5497259e+02   1.0150000e+06
   5.5484519e+02   1.0140000e+06
   5.5471770e+02   1.0130000e+06
   5.5459026e+02   1.0120000e+06
   5.5395561e+02   1.0110000e+06
   5.5385256e+02   1.0100000e+06
   5.5374200e+02   1.0090000e+06
   5.5363354e+02   1.0080000e+06
   5.5352947e+02   1.0070000e+06
   5.5336933e+02   1.0060000e+06
   5.5319394e+02   1.0050000e+06
   5.5309642e+02   1.0040000e+06
   5.5301692e+02   1.0030000e+06
   5.5288371e+02   1.0020000e+06
   5.5275010e+02   1.0010000e+06
   5.5261609e+02   1.0000000e+06
   5.5247549e+02   9.9900000e+05
   5.5230980e+02   9.9800000e+05
   5.5214920e+02   9.9700000e+05
   5.5198888e+02   9.9600000e+05
   5.5182606e+02   9.9500000e+05
   5.5166873e+02   9.9400000e+05
   5.5136638e+02   9.9300000e+05
   5.5131567e+02   9.9200000e+05
   5.5111808e+02   9.9100000e+05
   5.5091728e+02   9.9000000e+05
   5.5071945e+02   9.8900000e+05
   5.5051490e+02   9.8800000e+05
   5.5032704e+02   9.8700000e+05
   5.5011232e+02   9.8600000e+05
   5.5000000e+02   9.8551865e+05
   5.4987997e+02   9.8500000e+05
   5.4962127e+02   9.8400000e+05
   5.4938430e+02   9.8300000e+05
   5.4916747e+02   9.8200000e+05
   5.4892743e+02   9.8100000e+05
   5.4846560e+02   9.8000000e+05
   5.4841211e+02   9.7900000e+05
   5.4812457e+02   9.7800000e+05
   5.4783345e+02   9.7700000e+05
   5.4754629e+02   9.7600000e+05
   5.4724742e+02   9.7500000e+05
   5.4697933e+02   9.7400000e+05
   5.4664267e+02   9.7300000e+05
   5.4629132e+02   9.7200000e+05
   5.4592989e+02   9.7100000e+05
   5.4557418e+02   9.7000000e+05
   5.4520232e+02   9.6900000e+05
   5.4487167e+02   9.6800000e+05
   5.4448112e+02   9.6700000e+05
   5.4402892e+02   9.6600000e+05
   5.4356865e+02   9.6500000e+05
   5.4311356e+02   9.6400000e+05
   5.4266737e+02   9.6300000e+05
   5.4222048e+02   9.6200000e+05
   5.4178820e+02   9.6100000e+05
   5.4114310e+02   9.6000000e+05
   5.4048031e+02   9.5900000e+05
   5.4000000e+02   9.5821556e+05
   5.3987015e+02   9.5800000e+05
   5.3923944e+02   9.5700000e+05
   5.3870042e+02   9.5600000e+05
   5.3812393e+02   9.5500000e+05
   5.3736817e+02   9.5400000e+05
   5.3626634e+02   9.5300000e+05
   5.3567405e+02   9.5200000e+05
   5.3499356e+02   9.5100000e+05
   5.3442992e+02   9.5000000e+05
   5.3397586e+02   9.4900000e+05
   5.3386900e+02   9.4800000e+05
   5.3372433e+02   9.4700000e+05
   5.3367689e+02   9.4600000e+05
   5.3350063e+02   9.4500000e+05
   5.3337997e+02   9.4400000e+05
   5.3325920e+02   9.4300000e+05
   5.3314101e+02   9.4200000e+05
   5.3302243e+02   9.4100000e+05
   5.3290723e+02   9.4000000e+05
   5.3276655e+02   9.3900000e+05
   5.3264402e+02   9.3800000e+05
   5.3252343e+02   9.3700000e+05
   5.3240548e+02   9.3600000e+05
   5.3228384e+02   9.3500000e+05
   5.3215937e+02   9.3400000e+05
   5.3203911e+02   9.3300000e+05
   5.3192259e+02   9.3200000e+05
   5.3182094e+02   9.3100000e+05
   5.3169674e+02   9.3000000e+05
   5.3157412e+02   9.2900000e+05
   5.3145742e+02   9.2800000e+05
   5.3133800e+02   9.2700000e+05
   5.3122001e+02   9.2600000e+05
   5.3110185e+02   9.2500000e+05
   5.3098478e+02   9.2400000e+05
   5.3086497e+02   9.2300000e+05
   5.3074763e+02   9.2200000e+05
   5.3062684e+02   9.2100000e+05
   5.3050250e+02   9.2000000e+05
   5.3037704e+02   9.1900000e+05
   5.3024434e+02   9.1800000e+05
   5.3012312e+02   9.1700000e+05
   5.3000203e+02   9.1600000e+05
   5.3000000e+02   9.1598322e+05
   5.2988244e+02   9.1500000e+05
   5.2976498e+02   9.1400000e+05
   5.2965051e+02   9.1300000e+05
   5.2954609e+02   9.1200000e+05
   5.2942628e+02   9.1100000e+05
   5.2930664e+02   9.1000000e+05
   5.2918621e+02   9.0900000e+05
   5.2906574e+02   9.0800000e+05
   5.2894538e+02   9.0700000e+05
   5.2882702e+02   9.0600000e+05
   5.2870598e+02   9.0500000e+05
   5.2858499e+02   9.0400000e+05
   5.2846318e+02   9.0300000e+05
   5.2834121e+02   9.0200000e+05
   5.2822152e+02   9.0100000e+05
   5.2809913e+02   9.0000000e+05
   5.2797357e+02   8.9900000e+05
   5.2785187e+02   8.9800000e+05
   5.2773443e+02   8.9700000e+05
   5.2761053e+02   8.9600000e+05
   5.2748996e+02   8.9500000e+05
   5.2736928e+02   8.9400000e+05
   5.2725000e+02   8.9300000e+05
   5.2712798e+02   8.9200000e+05
   5.2700718e+02   8.9100000e+05
   5.2688628e+02   8.9000000e+05
   5.2676532e+02   8.8900000e+05
   5.2664434e+02   8.8800000e+05
   5.2652342e+02   8.8700000e+05
   5.2640230e+02   8.8600000e+05
   5.2628110e+02   8.8500000e+05
   5.2615902e+02   8.8400000e+05
   5.2603632e+02   8.8300000e+05
   5.2591695e+02   8.8200000e+05
   5.2579527e+02   8.8100000e+05
   5.2567342e+02   8.8000000e+05
   5.2555059e+02   8.7900000e+05
   5.2542285e+02   8.7800000e+05
   5.2530640e+02   8.7700000e+05
   5.2518456e+02   8.7600000e+05
   5.2506074e+02   8.7500000e+05
   5.2493415e+02   8.7400000e+05
   5.2480951e+02   8.7300000e+05
   5.2468760e+02   8.7200000e+05
   5.2456548e+02   8.7100000e+05
   5.2444327e+02   8.7000000e+05
   5.2432117e+02   8.6900000e+05
   5.2419872e+02   8.6800000e+05
   5.2407650e+02   8.6700000e+05
   5.2395407e+02   8.6600000e+05
   5.2383129e+02   8.6500000e+05
   5.2370817e+02   8.6400000e+05
   5.2358542e+02   8.6300000e+05
   5.2346347e+02   8.6200000e+05
   5.2334375e+02   8.6100000e+05
   5.2322046e+02   8.6000000e+05
   5.2309722e+02   8.5900000e+05
   5.2297431e+02   8.5800000e+05
   5.2285128e+02   8.5700000e+05
   5.2272567e+02   8.5600000e+05
   5.2259259e+02   8.5500000e+05
   5.2246721e+02   8.5400000e+05
   5.2234398e+02   8.5300000e+05
   5.2221908e+02   8.5200000e+05
   5.2209338e+02   8.5100000e+05
   5.2196852e+02   8.5000000e+05
   5.2184610e+02   8.4900000e+05
   5.2172940e+02   8.4800000e+05
   5.2160337e+02   8.4700000e+05
   5.2147834e+02   8.4600000e+05
   5.2135439e+02   8.4500000e+05
   5.2123067e+02   8.4400000e+05
   5.2110707e+02   8.4300000e+05
   5.2098324e+02   8.4200000e+05
   5.2085933e+02   8.4100000e+05
   5.2073060e+02   8.4000000e+05
   5.2061103e+02   8.3900000e+05
   5.2048671e+02   8.3800000e+05
   5.2036188e+02   8.3700000e+05
   5.2023268e+02   8.3600000e+05
   5.2010836e+02   8.3500000e+05
   5.2000000e+02   8.3412883e+05
   5.1998414e+02   8.3400000e+05
   5.1986101e+02   8.3300000e+05
   5.1973797e+02   8.3200000e+05
   5.1961480e+02   8.3100000e+05
   5.1949055e+02   8.3000000e+05
   5.1936441e+02   8.2900000e+05
   5.1924114e+02   8.2800000e+05
   5.1911745e+02   8.2700000e+05
   5.1899335e+02   8.2600000e+05
   5.1886901e+02   8.2500000e+05
   5.1874773e+02   8.2400000e+05
   5.1862389e+02   8.2300000e+05
   5.1849928e+02   8.2200000e+05
   5.1837247e+02   8.2100000e+05
   5.1824836e+02   8.2000000e+05
   5.1812139e+02   8.1900000e+05
   5.1799487e+02   8.1800000e+05
   5.1786940e+02   8.1700000e+05
   5.1774630e+02   8.1600000e+05
   5.1761897e+02   8.1500000e+05
   5.1749323e+02   8.1400000e+05
   5.1736955e+02   8.1300000e+05
   5.1724580e+02   8.1200000e+05
   5.1711668e+02   8.1100000e+05
   5.1699221e+02   8.1000000e+05
   5.1686728e+02   8.0900000e+05
   5.1674261e+02   8.0800000e+05
   5.1661859e+02   8.0700000e+05
   5.1649321e+02   8.0600000e+05
   5.1636798e+02   8.0500000e+05
   5.1624385e+02   8.0400000e+05
   5.1611819e+02   8.0300000e+05
   5.1599251e+02   8.0200000e+05
   5.1586733e+02   8.0100000e+05
   5.1574301e+02   8.0000000e+05
   5.1561783e+02   7.9900000e+05
   5.1549035e+02   7.9800000e+05
   5.1535834e+02   7.9700000e+05
   5.1523345e+02   7.9600000e+05
   5.1510219e+02   7.9500000e+05
   5.1497755e+02   7.9400000e+05
   5.1484645e+02   7.9300000e+05
   5.1471819e+02   7.9200000e+05
   5.1459750e+02   7.9100000e+05
   5.1446585e+02   7.9000000e+05
   5.1433415e+02   7.8900000e+05
   5.1420759e+02   7.8800000e+05
   5.1408733e+02   7.8700000e+05
   5.1396070e+02   7.8600000e+05
   5.1383642e+02   7.8500000e+05
   5.1371314e+02   7.8400000e+05
   5.1358667e+02   7.8300000e+05
   5.1346154e+02   7.8200000e+05
   5.1333636e+02   7.8100000e+05
   5.1320970e+02   7.8000000e+05
   5.1308239e+02   7.7900000e+05
   5.1295387e+02   7.7800000e+05
   5.1282717e+02   7.7700000e+05
   5.1270038e+02   7.7600000e+05
   5.1257396e+02   7.7500000e+05
   5.1244708e+02   7.7400000e+05
   5.1232009e+02   7.7300000e+05
   5.1219298e+02   7.7200000e+05
   5.1206584e+02   7.7100000e+05
   5.1193864e+02   7.7000000e+05
   5.1180896e+02   7.6900000e+05
   5.1167970e+02   7.6800000e+05
   5.1154933e+02   7.6700000e+05
   5.1141975e+02   7.6600000e+05
   5.1128938e+02   7.6500000e+05
   5.1115889e+02   7.6400000e+05
   5.1102884e+02   7.6300000e+05
   5.1090049e+02   7.6200000e+05
   5.1077036e+02   7.6100000e+05
   5.1064037e+02   7.6000000e+05
   5.1051065e+02   7.5900000e+05
   5.1038013e+02   7.5800000e+05
   5.1024979e+02   7.5700000e+05
   5.1012039e+02   7.5600000e+05
   5.1000000e+02   7.5502032e+05
   5.0999753e+02   7.5500000e+05
   5.0987245e+02   7.5400000e+05
   5.0974716e+02   7.5300000e+05
   5.0962160e+02   7.5200000e+05
   5.0948636e+02   7.5100000e+05
   5.0936753e+02   7.5000000e+05
   5.0923868e+02   7.4900000e+05
   5.0910999e+02   7.4800000e+05
   5.0898127e+02   7.4700000e+05
   5.0885263e+02   7.4600000e+05
   5.0872436e+02   7.4500000e+05
   5.0859529e+02   7.4400000e+05
   5.0846653e+02   7.4300000e+05
   5.0833766e+02   7.4200000e+05
   5.0820881e+02   7.4100000e+05
   5.0807984e+02   7.4000000e+05
   5.0795135e+02   7.3900000e+05
   5.0782422e+02   7.3800000e+05
   5.0769349e+02   7.3700000e+05
   5.0756506e+02   7.3600000e+05
   5.0743652e+02   7.3500000e+05
   5.0730791e+02   7.3400000e+05
   5.0717920e+02   7.3300000e+05
   5.0705039e+02   7.3200000e+05
   5.0692159e+02   7.3100000e+05
   5.0679278e+02   7.3000000e+05
   5.0666385e+02   7.2900000e+05
   5.0653486e+02   7.2800000e+05
   5.0640581e+02   7.2700000e+05
   5.0627669e+02   7.2600000e+05
   5.0614299e+02   7.2500000e+05
   5.0601671e+02   7.2400000e+05
   5.0588599e+02   7.2300000e+05
   5.0575506e+02   7.2200000e+05
   5.0562400e+02   7.2100000e+05
   5.0549154e+02   7.2000000e+05
   5.0535963e+02   7.1900000e+05
   5.0523054e+02   7.1800000e+05
   5.0509937e+02   7.1700000e+05
   5.0496859e+02   7.1600000e+05
   5.0483778e+02   7.1500000e+05
   5.0470692e+02   7.1400000e+05
   5.0457670e+02   7.1300000e+05
   5.0444538e+02   7.1200000e+05
   5.0431496e+02   7.1100000e+05
   5.0418444e+02   7.1000000e+05
   5.0405387e+02   7.0900000e+05
   5.0392319e+02   7.0800000e+05
   5.0379244e+02   7.0700000e+05
   5.0366184e+02   7.0600000e+05
   5.0353082e+02   7.0500000e+05
   5.0339989e+02   7.0400000e+05
   5.0326885e+02   7.0300000e+05
   5.0313779e+02   7.0200000e+05
   5.0300657e+02   7.0100000e+05
   5.0287530e+02   7.0000000e+05
   5.0274300e+02   6.9900000e+05
   5.0261164e+02   6.9800000e+05
   5.0247971e+02   6.9700000e+05
   5.0234770e+02   6.9600000e+05
   5.0221566e+02   6.9500000e+05
   5.0208308e+02   6.9400000e+05
   5.0195264e+02   6.9300000e+05
   5.0181788e+02   6.9200000e+05
   5.0168594e+02   6.9100000e+05
   5.0155392e+02   6.9000000e+05
   5.0142178e+02   6.8900000e+05
   5.0128976e+02   6.8800000e+05
   5.0115730e+02   6.8700000e+05
   5.0102502e+02   6.8600000e+05
   5.0089253e+02   6.8500000e+05
   5.0076000e+02   6.8400000e+05
   5.0062740e+02   6.8300000e+05
   5.0049472e+02   6.8200000e+05
   5.0036201e+02   6.8100000e+05
   5.0022928e+02   6.8000000e+05
   5.0009620e+02   6.7900000e+05
   5.0000000e+02   6.7828232e+05
   4.9996253e+02   6.7800000e+05
   4.9982975e+02   6.7700000e+05
   4.9969687e+02   6.7600000e+05
   4.9956297e+02   6.7500000e+05
   4.9943083e+02   6.7400000e+05
   4.9929710e+02   6.7300000e+05
   4.9916446e+02   6.7200000e+05
   4.9903121e+02   6.7100000e+05
   4.9889733e+02   6.7000000e+05
   4.9876390e+02   6.6900000e+05
   4.9863081e+02   6.6800000e+05
   4.9849676e+02   6.6700000e+05
   4.9836395e+02   6.6600000e+05
   4.9823120e+02   6.6500000e+05
   4.9809838e+02   6.6400000e+05
   4.9796548e+02   6.6300000e+05
   4.9783266e+02   6.6200000e+05
   4.9769936e+02   6.6100000e+05
   4.9756625e+02   6.6000000e+05
   4.9743302e+02   6.5900000e+05
   4.9729987e+02   6.5800000e+05
   4.9716645e+02   6.5700000e+05
   4.9703298e+02   6.5600000e+05
   4.9689935e+02   6.5500000e+05
   4.9676567e+02   6.5400000e+05
   4.9663180e+02   6.5300000e+05
   4.9649788e+02   6.5200000e+05
   4.9636394e+02   6.5100000e+05
   4.9622983e+02   6.5000000e+05
   4.9609570e+02   6.4900000e+05
   4.9596145e+02   6.4800000e+05
   4.9582710e+02   6.4700000e+05
   4.9569262e+02   6.4600000e+05
   4.9555804e+02   6.4500000e+05
   4.9542336e+02   6.4400000e+05
   4.9528856e+02   6.4300000e+05
   4.9515344e+02   6.4200000e+05
   4.9501888e+02   6.4100000e+05
   4.9488388e+02   6.4000000e+05
   4.9474885e+02   6.3900000e+05
   4.9461380e+02   6.3800000e+05
   4.9447845e+02   6.3700000e+05
   4.9434265e+02   6.3600000e+05
   4.9420668e+02   6.3500000e+05
   4.9407122e+02   6.3400000e+05
   4.9393564e+02   6.3300000e+05
   4.9379995e+02   6.3200000e+05
   4.9366421e+02   6.3100000e+05
   4.9352831e+02   6.3000000e+05
   4.9339236e+02   6.2900000e+05
   4.9325621e+02   6.2800000e+05
   4.9311999e+02   6.2700000e+05
   4.9298401e+02   6.2600000e+05
   4.9284760e+02   6.2500000e+05
   4.9271109e+02   6.2400000e+05
   4.9257447e+02   6.2300000e+05
   4.9243795e+02   6.2200000e+05
   4.9230120e+02   6.2100000e+05
   4.9216438e+02   6.2000000e+05
   4.9202743e+02   6.1900000e+05
   4.9189042e+02   6.1800000e+05
   4.9175331e+02   6.1700000e+05
   4.9161609e+02   6.1600000e+05
   4.9147878e+02   6.1500000e+05
   4.9134133e+02   6.1400000e+05
   4.9120372e+02   6.1300000e+05
   4.9106607e+02   6.1200000e+05
   4.9092836e+02   6.1100000e+05
   4.9079048e+02   6.1000000e+05
   4.9065258e+02   6.0900000e+05
   4.9051457e+02   6.0800000e+05
   4.9037663e+02   6.0700000e+05
   4.9023838e+02   6.0600000e+05
   4.9010005e+02   6.0500000e+05
   4.9000000e+02   6.0427738e+05
   4.8996199e+02   6.0400000e+05
   4.8982482e+02   6.0300000e+05
   4.8968760e+02   6.0200000e+05
   4.8955025e+02   6.0100000e+05
   4.8941308e+02   6.0000000e+05
   4.8927549e+02   5.9900000e+05
   4.8913782e+02   5.9800000e+05
   4.8900023e+02   5.9700000e+05
   4.8886251e+02   5.9600000e+05
   4.8872428e+02   5.9500000e+05
   4.8858612e+02   5.9400000e+05
   4.8844832e+02   5.9300000e+05
   4.8830989e+02   5.9200000e+05
   4.8817150e+02   5.9100000e+05
   4.8803335e+02   5.9000000e+05
   4.8789483e+02   5.8900000e+05
   4.8775628e+02   5.8800000e+05
   4.8761753e+02   5.8700000e+05
   4.8747872e+02   5.8600000e+05
   4.8733977e+02   5.8500000e+05
   4.8720076e+02   5.8400000e+05
   4.8706168e+02   5.8300000e+05
   4.8692252e+02   5.8200000e+05
   4.8678316e+02   5.8100000e+05
   4.8664371e+02   5.8000000e+05
   4.8650424e+02   5.7900000e+05
   4.8636526e+02   5.7800000e+05
   4.8622679e+02   5.7700000e+05
   4.8608896e+02   5.7600000e+05
   4.8594728e+02   5.7500000e+05
   4.8580928e+02   5.7400000e+05
   4.8567202e+02   5.7300000e+05
   4.8553289e+02   5.7200000e+05
   4.8539352e+02   5.7100000e+05
   4.8525193e+02   5.7000000e+05
   4.8511140e+02   5.6900000e+05
   4.8497074e+02   5.6800000e+05
   4.8483019e+02   5.6700000e+05
   4.8468903e+02   5.6600000e+05
   4.8454973e+02   5.6500000e+05
   4.8440864e+02   5.6400000e+05
   4.8426744e+02   5.6300000e+05
   4.8412616e+02   5.6200000e+05
   4.8398472e+02   5.6100000e+05
   4.8384321e+02   5.6000000e+05
   4.8370158e+02   5.5900000e+05
   4.8355980e+02   5.5800000e+05
   4.8341797e+02   5.5700000e+05
   4.8327598e+02   5.5600000e+05
   4.8313389e+02   5.5500000e+05
   4.8299174e+02   5.5400000e+05
   4.8284944e+02   5.5300000e+05
   4.8270696e+02   5.5200000e+05
   4.8256441e+02   5.5100000e+05
   4.8242179e+02   5.5000000e+05
   4.8227903e+02   5.4900000e+05
   4.8213614e+02   5.4800000e+05
   4.8199314e+02   5.4700000e+05
   4.8185140e+02   5.4600000e+05
   4.8171031e+02   5.4500000e+05
   4.8156915e+02   5.4400000e+05
   4.8142692e+02   5.4300000e+05
   4.8128558e+02   5.4200000e+05
   4.8114418e+02   5.4100000e+05
   4.8100201e+02   5.4000000e+05
   4.8085819e+02   5.3900000e+05
   4.8071425e+02   5.3800000e+05
   4.8057016e+02   5.3700000e+05
   4.8042628e+02   5.3600000e+05
   4.8028187e+02   5.3500000e+05
   4.8013735e+02   5.3400000e+05
   4.8000000e+02   5.3305044e+05
   4.7999278e+02   5.3300000e+05
   4.7984956e+02   5.3200000e+05
   4.7970618e+02   5.3100000e+05
   4.7956268e+02   5.3000000e+05
   4.7941904e+02   5.2900000e+05
   4.7927532e+02   5.2800000e+05
   4.7913250e+02   5.2700000e+05
   4.7899049e+02   5.2600000e+05
   4.7884664e+02   5.2500000e+05
   4.7870274e+02   5.2400000e+05
   4.7855875e+02   5.2300000e+05
   4.7841323e+02   5.2200000e+05
   4.7827056e+02   5.2100000e+05
   4.7812619e+02   5.2000000e+05
   4.7798272e+02   5.1900000e+05
   4.7783956e+02   5.1800000e+05
   4.7769622e+02   5.1700000e+05
   4.7755470e+02   5.1600000e+05
   4.7741189e+02   5.1500000e+05
   4.7726435e+02   5.1400000e+05
   4.7711927e+02   5.1300000e+05
   4.7697380e+02   5.1200000e+05
   4.7682819e+02   5.1100000e+05
   4.7668249e+02   5.1000000e+05
   4.7653646e+02   5.0900000e+05
   4.7639122e+02   5.0800000e+05
   4.7624659e+02   5.0700000e+05
   4.7609955e+02   5.0600000e+05
   4.7595371e+02   5.0500000e+05
   4.7580910e+02   5.0400000e+05
   4.7566225e+02   5.0300000e+05
   4.7551634e+02   5.0200000e+05
   4.7536985e+02   5.0100000e+05
   4.7522503e+02   5.0000000e+05
   4.7507887e+02   4.9900000e+05
   4.7493253e+02   4.9800000e+05
   4.7478591e+02   4.9700000e+05
   4.7464372e+02   4.9600000e+05
   4.7449179e+02   4.9500000e+05
   4.7434580e+02   4.9400000e+05
   4.7419900e+02   4.9300000e+05
   4.7405212e+02   4.9200000e+05
   4.7390518e+02   4.9100000e+05
   4.7375756e+02   4.9000000e+05
   4.7361035e+02   4.8900000e+05
   4.7346215e+02   4.8800000e+05
   4.7331344e+02   4.8700000e+05
   4.7316462e+02   4.8600000e+05
   4.7301567e+02   4.8500000e+05
   4.7286659e+02   4.8400000e+05
   4.7272515e+02   4.8300000e+05
   4.7256989e+02   4.8200000e+05
   4.7242254e+02   4.8100000e+05
   4.7227504e+02   4.8000000e+05
   4.7212743e+02   4.7900000e+05
   4.7197966e+02   4.7800000e+05
   4.7183174e+02   4.7700000e+05
   4.7168266e+02   4.7600000e+05
   4.7153235e+02   4.7500000e+05
   4.7138192e+02   4.7400000e+05
   4.7123138e+02   4.7300000e+05
   4.7108070e+02   4.7200000e+05
   4.7092986e+02   4.7100000e+05
   4.7077893e+02   4.7000000e+05
   4.7063021e+02   4.6900000e+05
   4.7048110e+02   4.6800000e+05
   4.7033184e+02   4.6700000e+05
   4.7018243e+02   4.6600000e+05
   4.7003291e+02   4.6500000e+05
   4.7000000e+02   4.6476278e+05
   4.6989515e+02   4.6400000e+05
   4.6973457e+02   4.6300000e+05
   4.6958406e+02   4.6200000e+05
   4.6943339e+02   4.6100000e+05
   4.6928263e+02   4.6000000e+05
   4.6913167e+02   4.5900000e+05
   4.6898061e+02   4.5800000e+05
   4.6882954e+02   4.5700000e+05
   4.6868101e+02   4.5600000e+05
   4.6853168e+02   4.5500000e+05
   4.6838215e+02   4.5400000e+05
   4.6823253e+02   4.5300000e+05
   4.6808275e+02   4.5200000e+05
   4.6792788e+02   4.5100000e+05
   4.6778110e+02   4.5000000e+05
   4.6762934e+02   4.4900000e+05
   4.6747748e+02   4.4800000e+05
   4.6732556e+02   4.4700000e+05
   4.6717220e+02   4.4600000e+05
   4.6702709e+02   4.4500000e+05
   4.6686832e+02   4.4400000e+05
   4.6671667e+02   4.4300000e+05
   4.6656483e+02   4.4200000e+05
   4.6641276e+02   4.4100000e+05
   4.6626227e+02   4.4000000e+05
   4.6610987e+02   4.3900000e+05
   4.6595451e+02   4.3800000e+05
   4.6580555e+02   4.3700000e+05
   4.6565348e+02   4.3600000e+05
   4.6550126e+02   4.3500000e+05
   4.6534888e+02   4.3400000e+05
   4.6519634e+02   4.3300000e+05
   4.6504803e+02   4.3200000e+05
   4.6489002e+02   4.3100000e+05
   4.6473613e+02   4.3000000e+05
   4.6457975e+02   4.2900000e+05
   4.6442275e+02   4.2800000e+05
   4.6427389e+02   4.2700000e+05
   4.6411928e+02   4.2600000e+05
   4.6396119e+02   4.2500000e+05
   4.6378677e+02   4.2400000e+05
   4.6365779e+02   4.2300000e+05
   4.6349324e+02   4.2200000e+05
   4.6334146e+02   4.2100000e+05
   4.6319033e+02   4.2000000e+05
   4.6307343e+02   4.1900000e+05
   4.6298446e+02   4.1800000e+05
   4.6287886e+02   4.1700000e+05
   4.6281747e+02   4.1600000e+05
   4.6271398e+02   4.1500000e+05
   4.6262776e+02   4.1400000e+05
   4.6251011e+02   4.1300000e+05
   4.6242069e+02   4.1200000e+05
   4.6229813e+02   4.1100000e+05
   4.6217800e+02   4.1000000e+05
   4.6205555e+02   4.0900000e+05
   4.6193205e+02   4.0800000e+05
   4.6180938e+02   4.0700000e+05
   4.6168084e+02   4.0600000e+05
   4.6154228e+02   4.0500000e+05
   4.6140847e+02   4.0400000e+05
   4.6127041e+02   4.0300000e+05
   4.6113264e+02   4.0200000e+05
   4.6099516e+02   4.0100000e+05
   4.6085939e+02   4.0000000e+05
   4.6071658e+02   3.9900000e+05
   4.6057375e+02   3.9800000e+05
   4.6042946e+02   3.9700000e+05
   4.6028466e+02   3.9600000e+05
   4.6013898e+02   3.9500000e+05
   4.6000000e+02   3.9405153e+05
   4.5999254e+02   3.9400000e+05
   4.5984682e+02   3.9300000e+05
   4.5970033e+02   3.9200000e+05
   4.5955256e+02   3.9100000e+05
   4.5940386e+02   3.9000000e+05
   4.5925045e+02   3.8900000e+05
   4.5910233e+02   3.8800000e+05
   4.5895348e+02   3.8700000e+05
   4.5880458e+02   3.8600000e+05
   4.5865336e+02   3.8500000e+05
   4.5850232e+02   3.8400000e+05
   4.5835020e+02   3.8300000e+05
   4.5819725e+02   3.8200000e+05
   4.5804038e+02   3.8100000e+05
   4.5788869e+02   3.8000000e+05
   4.5773429e+02   3.7900000e+05
   4.5758168e+02   3.7800000e+05
   4.5742637e+02   3.7700000e+05
   4.5727096e+02   3.7600000e+05
   4.5711477e+02   3.7500000e+05
   4.5695853e+02   3.7400000e+05
   4.5680182e+02   3.7300000e+05
   4.5664470e+02   3.7200000e+05
   4.5648690e+02   3.7100000e+05
   4.5632885e+02   3.7000000e+05
   4.5617037e+02   3.6900000e+05
   4.5601196e+02   3.6800000e+05
   4.5585255e+02   3.6700000e+05
   4.5569323e+02   3.6600000e+05
   4.5553380e+02   3.6500000e+05
   4.5537344e+02   3.6400000e+05
   4.5521280e+02   3.6300000e+05
   4.5505189e+02   3.6200000e+05
   4.5489087e+02   3.6100000e+05
   4.5472933e+02   3.6000000e+05
   4.5456755e+02   3.5900000e+05
   4.5440656e+02   3.5800000e+05
   4.5425029e+02   3.5700000e+05
   4.5408901e+02   3.5600000e+05
   4.5392605e+02   3.5500000e+05
   4.5376272e+02   3.5400000e+05
   4.5359930e+02   3.5300000e+05
   4.5343521e+02   3.5200000e+05
   4.5327090e+02   3.5100000e+05
   4.5310621e+02   3.5000000e+05
   4.5294114e+02   3.4900000e+05
   4.5277717e+02   3.4800000e+05
   4.5261169e+02   3.4700000e+05
   4.5244595e+02   3.4600000e+05
   4.5227949e+02   3.4500000e+05
   4.5211322e+02   3.4400000e+05
   4.5194629e+02   3.4300000e+05
   4.5178290e+02   3.4200000e+05
   4.5161649e+02   3.4100000e+05
   4.5144902e+02   3.4000000e+05
   4.5128112e+02   3.3900000e+05
   4.5111318e+02   3.3800000e+05
   4.5094704e+02   3.3700000e+05
   4.5078515e+02   3.3600000e+05
   4.5061661e+02   3.3500000e+05
   4.5044755e+02   3.3400000e+05
   4.5027784e+02   3.3300000e+05
   4.5010846e+02   3.3200000e+05
   4.5000000e+02   3.3136356e+05
   4.4993873e+02   3.3100000e+05
   4.4976983e+02   3.3000000e+05
   4.4960167e+02   3.2900000e+05
   4.4943242e+02   3.2800000e+05
   4.4926302e+02   3.2700000e+05
   4.4909361e+02   3.2600000e+05
   4.4892411e+02   3.2500000e+05
   4.4875914e+02   3.2400000e+05
   4.4858976e+02   3.2300000e+05
   4.4841939e+02   3.2200000e+05
   4.4825653e+02   3.2100000e+05
   4.4808548e+02   3.2000000e+05
   4.4791410e+02   3.1900000e+05
   4.4774212e+02   3.1800000e+05
   4.4757062e+02   3.1700000e+05
   4.4739855e+02   3.1600000e+05
   4.4722631e+02   3.1500000e+05
   4.4705379e+02   3.1400000e+05
   4.4688050e+02   3.1300000e+05
   4.4670761e+02   3.1200000e+05
   4.4653537e+02   3.1100000e+05
   4.4636477e+02   3.1000000e+05
   4.4619948e+02   3.0900000e+05
   4.4602746e+02   3.0800000e+05
   4.4585323e+02   3.0700000e+05
   4.4567865e+02   3.0600000e+05
   4.4550408e+02   3.0500000e+05
   4.4532916e+02   3.0400000e+05
   4.4515407e+02   3.0300000e+05
   4.4497909e+02   3.0200000e+05
   4.4506397e+02   3.0100000e+05
   4.4573630e+02   3.0000000e+05
   4.4625198e+02   2.9900000e+05
   4.4689169e+02   2.9800000e+05
   4.4733772e+02   2.9700000e+05
   4.4763164e+02   2.9600000e+05
   4.4788916e+02   2.9500000e+05
   4.4801115e+02   2.9400000e+05
   4.4815905e+02   2.9300000e+05
   4.4816572e+02   2.9200000e+05
   4.4817202e+02   2.9100000e+05
   4.4839743e+02   2.9000000e+05
   4.4999235e+02   2.8900000e+05
   4.4952047e+02   2.8800000e+05
   4.4937008e+02   2.8700000e+05
   4.4921909e+02   2.8600000e+05
   4.4906789e+02   2.8500000e+05
   4.4891687e+02   2.8400000e+05
   4.4876501e+02   2.8300000e+05
   4.4861318e+02   2.8200000e+05
   4.4846125e+02   2.8100000e+05
   4.4830930e+02   2.8000000e+05
   4.4815680e+02   2.7900000e+05
   4.4800436e+02   2.7800000e+05
   4.4785154e+02   2.7700000e+05
   4.4769874e+02   2.7600000e+05
   4.4754546e+02   2.7500000e+05
   4.4739205e+02   2.7400000e+05
   4.4723860e+02   2.7300000e+05
   4.4708488e+02   2.7200000e+05
   4.4693093e+02   2.7100000e+05
   4.4677680e+02   2.7000000e+05
   4.4662248e+02   2.6900000e+05
   4.4646783e+02   2.6800000e+05
   4.4631317e+02   2.6700000e+05
   4.4615835e+02   2.6600000e+05
   4.4600323e+02   2.6500000e+05
   4.4584767e+02   2.6400000e+05
   4.4569238e+02   2.6300000e+05
   4.4553689e+02   2.6200000e+05
   4.4538117e+02   2.6100000e+05
   4.4522467e+02   2.6000000e+05
   4.4506867e+02   2.5900000e+05
   4.4491246e+02   2.5800000e+05
   4.4475606e+02   2.5700000e+05
   4.4459860e+02   2.5600000e+05
   4.4444192e+02   2.5500000e+05
   4.4428495e+02   2.5400000e+05
   4.4412797e+02   2.5300000e+05
   4.4396954e+02   2.5200000e+05
   4.4381226e+02   2.5100000e+05
   4.4365482e+02   2.5000000e+05
   4.4349713e+02   2.4900000e+05
   4.4333773e+02   2.4800000e+05
   4.4317983e+02   2.4700000e+05
   4.4302184e+02   2.4600000e+05
   4.4286363e+02   2.4500000e+05
   4.4270323e+02   2.4400000e+05
   4.4254483e+02   2.4300000e+05
   4.4238622e+02   2.4200000e+05
   4.4222753e+02   2.4100000e+05
   4.4206618e+02   2.4000000e+05
   4.4190715e+02   2.3900000e+05
   4.4174807e+02   2.3800000e+05
   4.4158599e+02   2.3700000e+05
   4.4142652e+02   2.3600000e+05
   4.4126710e+02   2.3500000e+05
   4.4110754e+02   2.3400000e+05
   4.4094443e+02   2.3300000e+05
   4.4078452e+02   2.3200000e+05
   4.4062477e+02   2.3100000e+05
   4.4046497e+02   2.3000000e+05
   4.4030082e+02   2.2900000e+05
   4.4014059e+02   2.2800000e+05
   4.4000000e+02   2.2712231e+05
   4.3998057e+02   2.2700000e+05
   4.3982179e+02   2.2600000e+05
   4.3703575e+02   2.2500000e+05
   4.3335336e+02   2.2400000e+05
   4.3293772e+02   2.2300000e+05
   4.3276538e+02   2.2200000e+05
   4.3261611e+02   2.2100000e+05
   4.3240267e+02   2.2000000e+05
   4.3000000e+02   2.1961908e+05
   4.2618072e+02   2.1900000e+05
   4.2602279e+02   2.1800000e+05
   4.2588211e+02   2.1700000e+05
   4.2566688e+02   2.1600000e+05
   4.2544844e+02   2.1500000e+05
   4.2523240e+02   2.1400000e+05
   4.2495218e+02   2.1300000e+05
   4.2402681e+02   2.1200000e+05
   4.2242220e+02   2.1100000e+05
   4.2164391e+02   2.1000000e+05
   4.2117570e+02   2.0900000e+05
   4.2031503e+02   2.0800000e+05
   4.2000000e+02   2.0768214e+05
   4.1933156e+02   2.0700000e+05
   4.1898836e+02   2.0600000e+05
   4.1878672e+02   2.0500000e+05
   4.1858564e+02   2.0400000e+05
   4.1838396e+02   2.0300000e+05
   4.1821098e+02   2.0200000e+05
   4.1797987e+02   2.0100000e+05
   4.1777411e+02   2.0000000e+05
   4.1756578e+02   1.9900000e+05
   4.1738272e+02   1.9800000e+05
   4.1714617e+02   1.9700000e+05
   4.1693018e+02   1.9600000e+05
   4.1671007e+02   1.9500000e+05
   4.1649109e+02   1.9400000e+05
   4.1626323e+02   1.9300000e+05
   4.1602891e+02   1.9200000e+05
   4.1578728e+02   1.9100000e+05
   4.1554748e+02   1.9000000e+05
   4.1529223e+02   1.8900000e+05
   4.1502094e+02   1.8800000e+05
   4.1473558e+02   1.8700000e+05
   4.1445165e+02   1.8600000e+05
   4.1413581e+02   1.8500000e+05
   4.1377543e+02   1.8400000e+05
   4.1339497e+02   1.8300000e+05
   4.1286615e+02   1.8200000e+05
   4.1240762e+02   1.8100000e+05
   4.1174822e+02   1.8000000e+05
   4.1092171e+02   1.7900000e+05
   4.1059534e+02   1.7800000e+05
   4.1000000e+02   1.7734076e+05
   4.0967392e+02   1.7700000e+05
   4.0950602e+02   1.7600000e+05
   4.0933970e+02   1.7500000e+05
   4.0917232e+02   1.7400000e+05
   4.0900507e+02   1.7300000e+05
   4.0885423e+02   1.7200000e+05
   4.0871815e+02   1.7100000e+05
   4.0859210e+02   1.7000000e+05
   4.0846321e+02   1.6900000e+05
   4.0833441e+02   1.6800000e+05
   4.0819850e+02   1.6700000e+05
   4.0808414e+02   1.6600000e+05
   4.0793542e+02   1.6500000e+05
   4.0779270e+02   1.6400000e+05
   4.0771687e+02   1.6300000e+05
   4.0750460e+02   1.6200000e+05
   4.0736768e+02   1.6100000e+05
   4.0723088e+02   1.6000000e+05
   4.0710390e+02   1.5900000e+05
   4.0695348e+02   1.5800000e+05
   4.0682167e+02   1.5700000e+05
   4.0669209e+02   1.5600000e+05
   4.0655529e+02   1.5500000e+05
   4.0640345e+02   1.5400000e+05
   4.0626713e+02   1.5300000e+05
   4.0614111e+02   1.5200000e+05
   4.0599310e+02   1.5100000e+05
   4.0583939e+02   1.5000000e+05
   4.0570166e+02   1.4900000e+05
   4.0555774e+02   1.4800000e+05
   4.0545597e+02   1.4700000e+05
   4.0530118e+02   1.4600000e+05
   4.0514282e+02   1.4500000e+05
   4.0498471e+02   1.4400000e+05
   4.0482551e+02   1.4300000e+05
   4.0466911e+02   1.4200000e+05
   4.0450170e+02   1.4100000e+05
   4.0434565e+02   1.4000000e+05
   4.0418752e+02   1.3900000e+05
   4.0402948e+02   1.3800000e+05
   4.0387041e+02   1.3700000e+05
   4.0372065e+02   1.3600000e+05
   4.0356086e+02   1.3500000e+05
   4.0340858e+02   1.3400000e+05
   4.0325252e+02   1.3300000e+05
   4.0308396e+02   1.3200000e+05
   4.0292348e+02   1.3100000e+05
   4.0275541e+02   1.3000000e+05
   4.0256767e+02   1.2900000e+05
   4.0240220e+02   1.2800000e+05
   4.0223976e+02   1.2700000e+05
   4.0206923e+02   1.2600000e+05
   4.0189887e+02   1.2500000e+05
   4.0172480e+02   1.2400000e+05
   4.0156067e+02   1.2300000e+05
   4.0138994e+02   1.2200000e+05
   4.0121246e+02   1.2100000e+05
   4.0103601e+02   1.2000000e+05
   4.0087032e+02   1.1900000e+05
   4.0068606e+02   1.1800000e+05
   4.0050695e+02   1.1700000e+05
   4.0032293e+02   1.1600000e+05
   4.0007661e+02   1.1500000e+05
   4.0000000e+02   1.1498403e+05
   3.9238042e+02   1.1400000e+05
   3.9219208e+02   1.1300000e+05
   3.9192371e+02   1.1200000e+05
   3.9168479e+02   1.1100000e+05
   3.9091300e+02   1.1000000e+05
   3.9013422e+02   1.0900000e+05
   3.9000000e+02   1.0876417e+05
   3.8955693e+02   1.0800000e+05
   3.8936365e+02   1.0700000e+05
   3.8890117e+02   1.0600000e+05
   3.8603274e+02   1.0500000e+05
   3.8360199e+02   1.0400000e+05
   3.8313957e+02   1.0300000e+05
   3.8147156e+02   1.0200000e+05
   3.8117520e+02   1.0100000e+05
   3.8098951e+02   1.0000000e+05
   3.8079041e+02   9.9000000e+04
   3.8064580e+02   9.8000000e+04
   3.8049875e+02   9.7000000e+04
   3.8030875e+02   9.6000000e+04
   3.8010719e+02   9.5000000e+04
   3.8000000e+02   9.4366177e+04
   3.7994042e+02   9.4000000e+04
   3.7973723e+02   9.3000000e+04
   3.7955831e+02   9.2000000e+04
   3.7936226e+02   9.1000000e+04
   3.7914757e+02   9.0000000e+04
   3.7893244e+02   8.9000000e+04
   3.7871113e+02   8.8000000e+04
   3.7851305e+02   8.7000000e+04
   3.7828911e+02   8.6000000e+04
   3.7804097e+02   8.5000000e+04
   3.7784137e+02   8.4000000e+04
   3.7761249e+02   8.3000000e+04
   3.7735627e+02   8.2000000e+04
   3.7709390e+02   8.1000000e+04
   3.7689222e+02   8.0000000e+04
   3.7660892e+02   7.9000000e+04
   3.7634368e+02   7.8000000e+04
   3.7605718e+02   7.7000000e+04
   3.7585400e+02   7.6000000e+04
   3.7557132e+02   7.5000000e+04
   3.7526614e+02   7.4000000e+04
   3.7494156e+02   7.3000000e+04
   3.7473682e+02   7.2000000e+04
   3.7442392e+02   7.1000000e+04
   3.7408951e+02   7.0000000e+04
   3.7373771e+02   6.9000000e+04
   3.7353093e+02   6.8000000e+04
   3.7317132e+02   6.7000000e+04
   3.7280042e+02   6.6000000e+04
   3.7241878e+02   6.5000000e+04
   3.7221105e+02   6.4000000e+04
   3.7180006e+02   6.3000000e+04
   3.7138681e+02   6.2000000e+04
   3.7109776e+02   6.1000000e+04
   3.7076452e+02   6.0000000e+04
   3.7050886e+02   5.9000000e+04
   3.7025547e+02   5.8000000e+04
   3.7000000e+02   5.7009853e+04
   3.6999750e+02   5.7000000e+04
   3.6978467e+02   5.6000000e+04
   3.6952398e+02   5.5000000e+04
   3.6927011e+02   5.4000000e+04
   3.6902164e+02   5.3000000e+04
   3.6880574e+02   5.2000000e+04
   3.6853916e+02   5.1000000e+04
   3.6828858e+02   5.0000000e+04
   3.6801282e+02   4.9000000e+04
   3.6779389e+02   4.8000000e+04
   3.6738557e+02   4.7000000e+04
   3.6716099e+02   4.6000000e+04
   3.6693560e+02   4.5000000e+04
   3.6667303e+02   4.4000000e+04
   3.6569615e+02   4.3000000e+04
   3.6544053e+02   4.2000000e+04
   3.6517452e+02   4.1000000e+04
   3.6496070e+02   4.0000000e+04
   3.6454789e+02   3.9000000e+04
   3.6430108e+02   3.8000000e+04
   3.6407925e+02   3.7000000e+04
   3.6382931e+02   3.6000000e+04
   3.6357573e+02   3.5000000e+04
   3.6336793e+02   3.4000000e+04
   3.6314670e+02   3.3000000e+04
   3.6288204e+02   3.2000000e+04
   3.6258989e+02   3.1000000e+04
   3.6230244e+02   3.0000000e+04
   3.6207773e+02   2.9000000e+04
   3.6178943e+02   2.8000000e+04
   3.6150520e+02   2.7000000e+04
   3.6121132e+02   2.6000000e+04
   3.6098225e+02   2.5000000e+04
   3.6070470e+02   2.4000000e+04
   3.6040230e+02   2.3000000e+04
   3.6011560e+02   2.2000000e+04
   3.6000000e+02   2.1506646e+04
   3.5988380e+02   2.1000000e+04
   3.5953865e+02   2.0000000e+04
   3.5929787e+02   1.9000000e+04
   3.5900490e+02   1.8000000e+04
   3.5851087e+02   1.7000000e+04
   3.5818003e+02   1.6000000e+04
   3.5794410e+02   1.5000000e+04
   3.5761148e+02   1.4000000e+04
   3.5737316e+02   1.3000000e+04
   3.5680820e+02   1.2000000e+04
   3.5613533e+02   1.1000000e+04
   3.5534725e+02   1.0000000e+04
   3.5510393e+02   9.0000000e+03
   3.5417985e+02   8.0000000e+03
   3.5309213e+02   7.0000000e+03
   3.5215804e+02   6.0000000e+03
   3.5171749e+02   5.0000000e+03
   3.5145926e+02   4.0000000e+03
   3.5119662e+02   3.0000000e+03
   3.5062667e+02   2.0000000e+03
   3.5040868e+02   1.0000000e+03
   3.5000000e+02   0.0000000e+00
   3.5000000e+02   0.0000000e+00
