   1.6036467e+03   1.3500000e+06
   1.6033601e+03   1.3490000e+06
   1.6030726e+03   1.3480000e+06
   1.6027852e+03   1.3470000e+06
   1.6024977e+03   1.3460000e+06
   1.6022103e+03   1.3450000e+06
   1.6019223e+03   1.3440000e+06
   1.6016338e+03   1.3430000e+06
   1.6013818e+03   1.3420000e+06
   1.6010937e+03   1.3410000e+06
   1.6008039e+03   1.3400000e+06
   1.6005126e+03   1.3390000e+06
   1.6002197e+03   1.3380000e+06
   1.6000000e+03   1.3372533e+06
   1.5999258e+03   1.3370000e+06
   1.5996326e+03   1.3360000e+06
   1.5993417e+03   1.3350000e+06
   1.5990872e+03   1.3340000e+06
   1.5987529e+03   1.3330000e+06
   1.5984656e+03   1.3320000e+06
   1.5981761e+03   1.3310000e+06
   1.5979004e+03   1.3300000e+06
   1.5976004e+03   1.3290000e+06
   1.5973256e+03   1.3280000e+06
   1.5970733e+03   1.3270000e+06
   1.5967978e+03   1.3260000e+06
   1.5965205e+03   1.3250000e+06
   1.5962346e+03   1.3240000e+06
   1.5959421e+03   1.3230000e+06
   1.5956683e+03   1.3220000e+06
   1.5953715e+03   1.3210000e+06
   1.5950762e+03   1.3200000e+06
   1.5947818e+03   1.3190000e+06
   1.5944867e+03   1.3180000e+06
   1.5941917e+03   1.3170000e+06
   1.5938974e+03   1.3160000e+06
   1.5938036e+03   1.3150000e+06
   1.5933233e+03   1.3140000e+06
   1.5930262e+03   1.3130000e+06
   1.5927282e+03   1.3120000e+06
   1.5924363e+03   1.3110000e+06
   1.5921472e+03   1.3100000e+06
   1.5918576e+03   1.3090000e+06
   1.5915506e+03   1.3080000e+06
   1.5912611e+03   1.3070000e+06
   1.5909718e+03   1.3060000e+06
   1.5906832e+03   1.3050000e+06
   1.5903960e+03   1.3040000e+06
   1.5901094e+03   1.3030000e+06
   1.5901758e+03   1.3020000e+06
   1.5900000e+03   1.3017271e+06
   1.5895182e+03   1.3010000e+06
   1.5892339e+03   1.3000000e+06
   1.5889434e+03   1.2990000e+06
   1.5886564e+03   1.2980000e+06
   1.5883654e+03   1.2970000e+06
   1.5880745e+03   1.2960000e+06
   1.5877926e+03   1.2950000e+06
   1.5875003e+03   1.2940000e+06
   1.5872094e+03   1.2930000e+06
   1.5869069e+03   1.2920000e+06
   1.5865977e+03   1.2910000e+06
   1.5862865e+03   1.2900000e+06
   1.5860276e+03   1.2890000e+06
   1.5857139e+03   1.2880000e+06
   1.5853980e+03   1.2870000e+06
   1.5850906e+03   1.2860000e+06
   1.5847908e+03   1.2850000e+06
   1.5844909e+03   1.2840000e+06
   1.5843033e+03   1.2830000e+06
   1.5839004e+03   1.2820000e+06
   1.5835999e+03   1.2810000e+06
   1.5832972e+03   1.2800000e+06
   1.5829940e+03   1.2790000e+06
   1.5826904e+03   1.2780000e+06
   1.5823873e+03   1.2770000e+06
   1.5820926e+03   1.2760000e+06
   1.5817880e+03   1.2750000e+06
   1.5814824e+03   1.2740000e+06
   1.5811786e+03   1.2730000e+06
   1.5808801e+03   1.2720000e+06
   1.5805885e+03   1.2710000e+06
   1.5802927e+03   1.2700000e+06
   1.5800052e+03   1.2690000e+06
   1.5800000e+03   1.2689813e+06
   1.5797284e+03   1.2680000e+06
   1.5794283e+03   1.2670000e+06
   1.5791246e+03   1.2660000e+06
   1.5788232e+03   1.2650000e+06
   1.5785215e+03   1.2640000e+06
   1.5782199e+03   1.2630000e+06
   1.5779180e+03   1.2620000e+06
   1.5776168e+03   1.2610000e+06
   1.5773149e+03   1.2600000e+06
   1.5770140e+03   1.2590000e+06
   1.5767115e+03   1.2580000e+06
   1.5764089e+03   1.2570000e+06
   1.5761070e+03   1.2560000e+06
   1.5758034e+03   1.2550000e+06
   1.5755037e+03   1.2540000e+06
   1.5751947e+03   1.2530000e+06
   1.5748886e+03   1.2520000e+06
   1.5745834e+03   1.2510000e+06
   1.5742784e+03   1.2500000e+06
   1.5739754e+03   1.2490000e+06
   1.5736709e+03   1.2480000e+06
   1.5733688e+03   1.2470000e+06
   1.5730664e+03   1.2460000e+06
   1.5727629e+03   1.2450000e+06
   1.5724602e+03   1.2440000e+06
   1.5721564e+03   1.2430000e+06
   1.5718595e+03   1.2420000e+06
   1.5715506e+03   1.2410000e+06
   1.5712548e+03   1.2400000e+06
   1.5709550e+03   1.2390000e+06
   1.5706535e+03   1.2380000e+06
   1.5703515e+03   1.2370000e+06
   1.5700477e+03   1.2360000e+06
   1.5700000e+03   1.2358426e+06
   1.5697448e+03   1.2350000e+06
   1.5694319e+03   1.2340000e+06
   1.5691263e+03   1.2330000e+06
   1.5688216e+03   1.2320000e+06
   1.5685147e+03   1.2310000e+06
   1.5682088e+03   1.2300000e+06
   1.5679025e+03   1.2290000e+06
   1.5675960e+03   1.2280000e+06
   1.5672877e+03   1.2270000e+06
   1.5669773e+03   1.2260000e+06
   1.5666701e+03   1.2250000e+06
   1.5663618e+03   1.2240000e+06
   1.5660533e+03   1.2230000e+06
   1.5657481e+03   1.2220000e+06
   1.5654444e+03   1.2210000e+06
   1.5651404e+03   1.2200000e+06
   1.5648357e+03   1.2190000e+06
   1.5645356e+03   1.2180000e+06
   1.5642309e+03   1.2170000e+06
   1.5638827e+03   1.2160000e+06
   1.5636074e+03   1.2150000e+06
   1.5632932e+03   1.2140000e+06
   1.5629793e+03   1.2130000e+06
   1.5626190e+03   1.2120000e+06
   1.5623074e+03   1.2110000e+06
   1.5620273e+03   1.2100000e+06
   1.5616935e+03   1.2090000e+06
   1.5613879e+03   1.2080000e+06
   1.5610824e+03   1.2070000e+06
   1.5607757e+03   1.2060000e+06
   1.5604702e+03   1.2050000e+06
   1.5601648e+03   1.2040000e+06
   1.5600000e+03   1.2034777e+06
   1.5598497e+03   1.2030000e+06
   1.5595187e+03   1.2020000e+06
   1.5591898e+03   1.2010000e+06
   1.5589200e+03   1.2000000e+06
   1.5585869e+03   1.1990000e+06
   1.5582491e+03   1.1980000e+06
   1.5579206e+03   1.1970000e+06
   1.5576108e+03   1.1960000e+06
   1.5573002e+03   1.1950000e+06
   1.5569985e+03   1.1940000e+06
   1.5566935e+03   1.1930000e+06
   1.5563831e+03   1.1920000e+06
   1.5560708e+03   1.1910000e+06
   1.5557573e+03   1.1900000e+06
   1.5554404e+03   1.1890000e+06
   1.5551257e+03   1.1880000e+06
   1.5548160e+03   1.1870000e+06
   1.5545212e+03   1.1860000e+06
   1.5542028e+03   1.1850000e+06
   1.5538859e+03   1.1840000e+06
   1.5535756e+03   1.1830000e+06
   1.5532650e+03   1.1820000e+06
   1.5529538e+03   1.1810000e+06
   1.5526433e+03   1.1800000e+06
   1.5523318e+03   1.1790000e+06
   1.5520203e+03   1.1780000e+06
   1.5517085e+03   1.1770000e+06
   1.5513960e+03   1.1760000e+06
   1.5510772e+03   1.1750000e+06
   1.5507677e+03   1.1740000e+06
   1.5504582e+03   1.1730000e+06
   1.5501477e+03   1.1720000e+06
   1.5500000e+03   1.1715433e+06
   1.5498242e+03   1.1710000e+06
   1.5494867e+03   1.1700000e+06
   1.5491503e+03   1.1690000e+06
   1.5488127e+03   1.1680000e+06
   1.5484762e+03   1.1670000e+06
   1.5481376e+03   1.1660000e+06
   1.5478864e+03   1.1650000e+06
   1.5474904e+03   1.1640000e+06
   1.5471787e+03   1.1630000e+06
   1.5468666e+03   1.1620000e+06
   1.5465546e+03   1.1610000e+06
   1.5462425e+03   1.1600000e+06
   1.5459305e+03   1.1590000e+06
   1.5456177e+03   1.1580000e+06
   1.5453051e+03   1.1570000e+06
   1.5449924e+03   1.1560000e+06
   1.5446797e+03   1.1550000e+06
   1.5443665e+03   1.1540000e+06
   1.5440540e+03   1.1530000e+06
   1.5437306e+03   1.1520000e+06
   1.5433902e+03   1.1510000e+06
   1.5430494e+03   1.1500000e+06
   1.5427088e+03   1.1490000e+06
   1.5423676e+03   1.1480000e+06
   1.5420265e+03   1.1470000e+06
   1.5416862e+03   1.1460000e+06
   1.5413695e+03   1.1450000e+06
   1.5410550e+03   1.1440000e+06
   1.5407395e+03   1.1430000e+06
   1.5404238e+03   1.1420000e+06
   1.5401095e+03   1.1410000e+06
   1.5400000e+03   1.1406532e+06
   1.5397950e+03   1.1400000e+06
   1.5394813e+03   1.1390000e+06
   1.5391675e+03   1.1380000e+06
   1.5388526e+03   1.1370000e+06
   1.5385389e+03   1.1360000e+06
   1.5382252e+03   1.1350000e+06
   1.5379104e+03   1.1340000e+06
   1.5374975e+03   1.1330000e+06
   1.5372460e+03   1.1320000e+06
   1.5369049e+03   1.1310000e+06
   1.5365612e+03   1.1300000e+06
   1.5362174e+03   1.1290000e+06
   1.5358729e+03   1.1280000e+06
   1.5355863e+03   1.1270000e+06
   1.5352095e+03   1.1260000e+06
   1.5348924e+03   1.1250000e+06
   1.5345772e+03   1.1240000e+06
   1.5342629e+03   1.1230000e+06
   1.5339481e+03   1.1220000e+06
   1.5336330e+03   1.1210000e+06
   1.5333127e+03   1.1200000e+06
   1.5329863e+03   1.1190000e+06
   1.5326759e+03   1.1180000e+06
   1.5323476e+03   1.1170000e+06
   1.5320193e+03   1.1160000e+06
   1.5316893e+03   1.1150000e+06
   1.5313568e+03   1.1140000e+06
   1.5310043e+03   1.1130000e+06
   1.5306586e+03   1.1120000e+06
   1.5303116e+03   1.1110000e+06
   1.5300000e+03   1.1101022e+06
   1.5299647e+03   1.1100000e+06
   1.5296209e+03   1.1090000e+06
   1.5292809e+03   1.1080000e+06
   1.5289498e+03   1.1070000e+06
   1.5286313e+03   1.1060000e+06
   1.5283138e+03   1.1050000e+06
   1.5279952e+03   1.1040000e+06
   1.5276766e+03   1.1030000e+06
   1.5273580e+03   1.1020000e+06
   1.5270385e+03   1.1010000e+06
   1.5267014e+03   1.1000000e+06
   1.5263773e+03   1.0990000e+06
   1.5260866e+03   1.0980000e+06
   1.5256828e+03   1.0970000e+06
   1.5252506e+03   1.0960000e+06
   1.5251953e+03   1.0950000e+06
   1.5247645e+03   1.0940000e+06
   1.5244104e+03   1.0930000e+06
   1.5241030e+03   1.0920000e+06
   1.5236320e+03   1.0910000e+06
   1.5222953e+03   1.0900000e+06
   1.5212421e+03   1.0890000e+06
   1.5200000e+03   1.0887816e+06
   1.5170647e+03   1.0880000e+06
   1.5150018e+03   1.0870000e+06
   1.5137864e+03   1.0860000e+06
   1.5113098e+03   1.0850000e+06
   1.5100000e+03   1.0844782e+06
   1.5088451e+03   1.0840000e+06
   1.5065867e+03   1.0830000e+06
   1.5033831e+03   1.0820000e+06
   1.5025048e+03   1.0810000e+06
   1.5000000e+03   1.0802697e+06
   1.4994596e+03   1.0800000e+06
   1.4973809e+03   1.0790000e+06
   1.4949775e+03   1.0780000e+06
   1.4900000e+03   1.0772591e+06
   1.4887473e+03   1.0770000e+06
   1.4883820e+03   1.0760000e+06
   1.4873718e+03   1.0750000e+06
   1.4861178e+03   1.0740000e+06
   1.4842132e+03   1.0730000e+06
   1.4839006e+03   1.0720000e+06
   1.4837577e+03   1.0710000e+06
   1.4834880e+03   1.0700000e+06
   1.4833427e+03   1.0690000e+06
   1.4828795e+03   1.0680000e+06
   1.4825785e+03   1.0670000e+06
   1.4821532e+03   1.0660000e+06
   1.4818944e+03   1.0650000e+06
   1.4815708e+03   1.0640000e+06
   1.4812930e+03   1.0630000e+06
   1.4809811e+03   1.0620000e+06
   1.4806609e+03   1.0610000e+06
   1.4803260e+03   1.0600000e+06
   1.4800000e+03   1.0590502e+06
   1.4799829e+03   1.0590000e+06
   1.4796066e+03   1.0580000e+06
   1.4792992e+03   1.0570000e+06
   1.4789805e+03   1.0560000e+06
   1.4786571e+03   1.0550000e+06
   1.4784025e+03   1.0540000e+06
   1.4781010e+03   1.0530000e+06
   1.4777946e+03   1.0520000e+06
   1.4774653e+03   1.0510000e+06
   1.4771318e+03   1.0500000e+06
   1.4768288e+03   1.0490000e+06
   1.4765144e+03   1.0480000e+06
   1.4761997e+03   1.0470000e+06
   1.4758846e+03   1.0460000e+06
   1.4755682e+03   1.0450000e+06
   1.4752558e+03   1.0440000e+06
   1.4749509e+03   1.0430000e+06
   1.4746490e+03   1.0420000e+06
   1.4743480e+03   1.0410000e+06
   1.4740457e+03   1.0400000e+06
   1.4737428e+03   1.0390000e+06
   1.4734394e+03   1.0380000e+06
   1.4731335e+03   1.0370000e+06
   1.4728261e+03   1.0360000e+06
   1.4725163e+03   1.0350000e+06
   1.4722075e+03   1.0340000e+06
   1.4718983e+03   1.0330000e+06
   1.4715884e+03   1.0320000e+06
   1.4712800e+03   1.0310000e+06
   1.4709666e+03   1.0300000e+06
   1.4706535e+03   1.0290000e+06
   1.4703393e+03   1.0280000e+06
   1.4700257e+03   1.0270000e+06
   1.4700000e+03   1.0269183e+06
   1.4697125e+03   1.0260000e+06
   1.4694004e+03   1.0250000e+06
   1.4690971e+03   1.0240000e+06
   1.4687963e+03   1.0230000e+06
   1.4684966e+03   1.0220000e+06
   1.4681969e+03   1.0210000e+06
   1.4678962e+03   1.0200000e+06
   1.4675956e+03   1.0190000e+06
   1.4672892e+03   1.0180000e+06
   1.4669772e+03   1.0170000e+06
   1.4666691e+03   1.0160000e+06
   1.4663553e+03   1.0150000e+06
   1.4660415e+03   1.0140000e+06
   1.4657260e+03   1.0130000e+06
   1.4654106e+03   1.0120000e+06
   1.4651020e+03   1.0110000e+06
   1.4647898e+03   1.0100000e+06
   1.4644807e+03   1.0090000e+06
   1.4641698e+03   1.0080000e+06
   1.4638598e+03   1.0070000e+06
   1.4635503e+03   1.0060000e+06
   1.4632336e+03   1.0050000e+06
   1.4629165e+03   1.0040000e+06
   1.4626020e+03   1.0030000e+06
   1.4622838e+03   1.0020000e+06
   1.4619656e+03   1.0010000e+06
   1.4616459e+03   1.0000000e+06
   1.4613300e+03   9.9900000e+05
   1.4610199e+03   9.9800000e+05
   1.4607114e+03   9.9700000e+05
   1.4604027e+03   9.9600000e+05
   1.4600936e+03   9.9500000e+05
   1.4600000e+03   9.9471898e+05
   1.4597621e+03   9.9400000e+05
   1.4594589e+03   9.9300000e+05
   1.4591366e+03   9.9200000e+05
   1.4588225e+03   9.9100000e+05
   1.4585018e+03   9.9000000e+05
   1.4581815e+03   9.8900000e+05
   1.4578606e+03   9.8800000e+05
   1.4575399e+03   9.8700000e+05
   1.4572359e+03   9.8600000e+05
   1.4569449e+03   9.8500000e+05
   1.4566529e+03   9.8400000e+05
   1.4563811e+03   9.8300000e+05
   1.4560914e+03   9.8200000e+05
   1.4557970e+03   9.8100000e+05
   1.4553938e+03   9.8000000e+05
   1.4551772e+03   9.7900000e+05
   1.4548382e+03   9.7800000e+05
   1.4545156e+03   9.7700000e+05
   1.4541723e+03   9.7600000e+05
   1.4538545e+03   9.7500000e+05
   1.4535369e+03   9.7400000e+05
   1.4532236e+03   9.7300000e+05
   1.4529119e+03   9.7200000e+05
   1.4526044e+03   9.7100000e+05
   1.4522778e+03   9.7000000e+05
   1.4519647e+03   9.6900000e+05
   1.4516512e+03   9.6800000e+05
   1.4513336e+03   9.6700000e+05
   1.4510102e+03   9.6600000e+05
   1.4506883e+03   9.6500000e+05
   1.4503556e+03   9.6400000e+05
   1.4500012e+03   9.6300000e+05
   1.4500000e+03   9.6299627e+05
   1.4496804e+03   9.6200000e+05
   1.4493585e+03   9.6100000e+05
   1.4490354e+03   9.6000000e+05
   1.4487123e+03   9.5900000e+05
   1.4484000e+03   9.5800000e+05
   1.4481517e+03   9.5700000e+05
   1.4478239e+03   9.5600000e+05
   1.4474961e+03   9.5500000e+05
   1.4471762e+03   9.5400000e+05
   1.4468612e+03   9.5300000e+05
   1.4465433e+03   9.5200000e+05
   1.4462076e+03   9.5100000e+05
   1.4458415e+03   9.5000000e+05
   1.4455322e+03   9.4900000e+05
   1.4452127e+03   9.4800000e+05
   1.4448841e+03   9.4700000e+05
   1.4445544e+03   9.4600000e+05
   1.4442345e+03   9.4500000e+05
   1.4439450e+03   9.4400000e+05
   1.4436097e+03   9.4300000e+05
   1.4432744e+03   9.4200000e+05
   1.4429616e+03   9.4100000e+05
   1.4426555e+03   9.4000000e+05
   1.4423263e+03   9.3900000e+05
   1.4420141e+03   9.3800000e+05
   1.4417076e+03   9.3700000e+05
   1.4414000e+03   9.3600000e+05
   1.4410770e+03   9.3500000e+05
   1.4407606e+03   9.3400000e+05
   1.4404475e+03   9.3300000e+05
   1.4401326e+03   9.3200000e+05
   1.4400000e+03   9.3157471e+05
   1.4398192e+03   9.3100000e+05
   1.4395023e+03   9.3000000e+05
   1.4391855e+03   9.2900000e+05
   1.4388584e+03   9.2800000e+05
   1.4384934e+03   9.2700000e+05
   1.4381543e+03   9.2600000e+05
   1.4378176e+03   9.2500000e+05
   1.4375030e+03   9.2400000e+05
   1.4372124e+03   9.2300000e+05
   1.4368405e+03   9.2200000e+05
   1.4365262e+03   9.2100000e+05
   1.4362119e+03   9.2000000e+05
   1.4358976e+03   9.1900000e+05
   1.4355827e+03   9.1800000e+05
   1.4352679e+03   9.1700000e+05
   1.4349333e+03   9.1600000e+05
   1.4345695e+03   9.1500000e+05
   1.4342092e+03   9.1400000e+05
   1.4338494e+03   9.1300000e+05
   1.4334914e+03   9.1200000e+05
   1.4331342e+03   9.1100000e+05
   1.4327798e+03   9.1000000e+05
   1.4324650e+03   9.0900000e+05
   1.4321631e+03   9.0800000e+05
   1.4318488e+03   9.0700000e+05
   1.4315333e+03   9.0600000e+05
   1.4312171e+03   9.0500000e+05
   1.4308993e+03   9.0400000e+05
   1.4305720e+03   9.0300000e+05
   1.4302390e+03   9.0200000e+05
   1.4300000e+03   9.0128058e+05
   1.4299071e+03   9.0100000e+05
   1.4295769e+03   9.0000000e+05
   1.4292463e+03   8.9900000e+05
   1.4289188e+03   8.9800000e+05
   1.4286156e+03   8.9700000e+05
   1.4282301e+03   8.9600000e+05
   1.4279094e+03   8.9500000e+05
   1.4275885e+03   8.9400000e+05
   1.4272673e+03   8.9300000e+05
   1.4269451e+03   8.9200000e+05
   1.4266242e+03   8.9100000e+05
   1.4262903e+03   8.9000000e+05
   1.4259740e+03   8.8900000e+05
   1.4256471e+03   8.8800000e+05
   1.4253134e+03   8.8700000e+05
   1.4249782e+03   8.8600000e+05
   1.4246424e+03   8.8500000e+05
   1.4243183e+03   8.8400000e+05
   1.4240026e+03   8.8300000e+05
   1.4236863e+03   8.8200000e+05
   1.4233226e+03   8.8100000e+05
   1.4230040e+03   8.8000000e+05
   1.4226784e+03   8.7900000e+05
   1.4223531e+03   8.7800000e+05
   1.4220243e+03   8.7700000e+05
   1.4216823e+03   8.7600000e+05
   1.4213436e+03   8.7500000e+05
   1.4210658e+03   8.7400000e+05
   1.4207255e+03   8.7300000e+05
   1.4203852e+03   8.7200000e+05
   1.4200508e+03   8.7100000e+05
   1.4200000e+03   8.7084806e+05
   1.4197185e+03   8.7000000e+05
   1.4193711e+03   8.6900000e+05
   1.4190365e+03   8.6800000e+05
   1.4187041e+03   8.6700000e+05
   1.4183707e+03   8.6600000e+05
   1.4180310e+03   8.6500000e+05
   1.4176833e+03   8.6400000e+05
   1.4173397e+03   8.6300000e+05
   1.4170531e+03   8.6200000e+05
   1.4167097e+03   8.6100000e+05
   1.4163735e+03   8.6000000e+05
   1.4160281e+03   8.5900000e+05
   1.4157086e+03   8.5800000e+05
   1.4153874e+03   8.5700000e+05
   1.4150615e+03   8.5600000e+05
   1.4147132e+03   8.5500000e+05
   1.4143799e+03   8.5400000e+05
   1.4140581e+03   8.5300000e+05
   1.4137330e+03   8.5200000e+05
   1.4134060e+03   8.5100000e+05
   1.4130764e+03   8.5000000e+05
   1.4127398e+03   8.4900000e+05
   1.4124098e+03   8.4800000e+05
   1.4120777e+03   8.4700000e+05
   1.4117466e+03   8.4600000e+05
   1.4114147e+03   8.4500000e+05
   1.4110815e+03   8.4400000e+05
   1.4107463e+03   8.4300000e+05
   1.4104120e+03   8.4200000e+05
   1.4100775e+03   8.4100000e+05
   1.4100000e+03   8.4076842e+05
   1.4097450e+03   8.4000000e+05
   1.4093969e+03   8.3900000e+05
   1.4090469e+03   8.3800000e+05
   1.4086940e+03   8.3700000e+05
   1.4083423e+03   8.3600000e+05
   1.4079853e+03   8.3500000e+05
   1.4076360e+03   8.3400000e+05
   1.4072954e+03   8.3300000e+05
   1.4069612e+03   8.3200000e+05
   1.4066317e+03   8.3100000e+05
   1.4063017e+03   8.3000000e+05
   1.4059701e+03   8.2900000e+05
   1.4056420e+03   8.2800000e+05
   1.4053055e+03   8.2700000e+05
   1.4049638e+03   8.2600000e+05
   1.4046163e+03   8.2500000e+05
   1.4042732e+03   8.2400000e+05
   1.4039297e+03   8.2300000e+05
   1.4035871e+03   8.2200000e+05
   1.4032554e+03   8.2100000e+05
   1.4029042e+03   8.2000000e+05
   1.4025605e+03   8.1900000e+05
   1.4022190e+03   8.1800000e+05
   1.4018762e+03   8.1700000e+05
   1.4015318e+03   8.1600000e+05
   1.4011880e+03   8.1500000e+05
   1.4008448e+03   8.1400000e+05
   1.4005073e+03   8.1300000e+05
   1.4001699e+03   8.1200000e+05
   1.4000000e+03   8.1149653e+05
   1.3998348e+03   8.1100000e+05
   1.3995025e+03   8.1000000e+05
   1.3991682e+03   8.0900000e+05
   1.3988291e+03   8.0800000e+05
   1.3984832e+03   8.0700000e+05
   1.3981341e+03   8.0600000e+05
   1.3977850e+03   8.0500000e+05
   1.3974358e+03   8.0400000e+05
   1.3970855e+03   8.0300000e+05
   1.3967411e+03   8.0200000e+05
   1.3963965e+03   8.0100000e+05
   1.3960631e+03   8.0000000e+05
   1.3957290e+03   7.9900000e+05
   1.3953949e+03   7.9800000e+05
   1.3950619e+03   7.9700000e+05
   1.3947266e+03   7.9600000e+05
   1.3943613e+03   7.9500000e+05
   1.3940351e+03   7.9400000e+05
   1.3936848e+03   7.9300000e+05
   1.3933333e+03   7.9200000e+05
   1.3929815e+03   7.9100000e+05
   1.3926292e+03   7.9000000e+05
   1.3922806e+03   7.8900000e+05
   1.3919289e+03   7.8800000e+05
   1.3915805e+03   7.8700000e+05
   1.3912300e+03   7.8600000e+05
   1.3908772e+03   7.8500000e+05
   1.3905573e+03   7.8400000e+05
   1.3902035e+03   7.8300000e+05
   1.3900000e+03   7.8241275e+05
   1.3898586e+03   7.8200000e+05
   1.3895222e+03   7.8100000e+05
   1.3891494e+03   7.8000000e+05
   1.3888131e+03   7.7900000e+05
   1.3884801e+03   7.7800000e+05
   1.3881413e+03   7.7700000e+05
   1.3877996e+03   7.7600000e+05
   1.3874432e+03   7.7500000e+05
   1.3871087e+03   7.7400000e+05
   1.3867507e+03   7.7300000e+05
   1.3863915e+03   7.7200000e+05
   1.3860332e+03   7.7100000e+05
   1.3856745e+03   7.7000000e+05
   1.3853303e+03   7.6900000e+05
   1.3849896e+03   7.6800000e+05
   1.3846490e+03   7.6700000e+05
   1.3843072e+03   7.6600000e+05
   1.3839653e+03   7.6500000e+05
   1.3836236e+03   7.6400000e+05
   1.3832743e+03   7.6300000e+05
   1.3829153e+03   7.6200000e+05
   1.3825579e+03   7.6100000e+05
   1.3821997e+03   7.6000000e+05
   1.3818432e+03   7.5900000e+05
   1.3814828e+03   7.5800000e+05
   1.3811217e+03   7.5700000e+05
   1.3807675e+03   7.5600000e+05
   1.3804107e+03   7.5500000e+05
   1.3800794e+03   7.5400000e+05
   1.3800000e+03   7.5377152e+05
   1.3797334e+03   7.5300000e+05
   1.3793788e+03   7.5200000e+05
   1.3790113e+03   7.5100000e+05
   1.3786741e+03   7.5000000e+05
   1.3783274e+03   7.4900000e+05
   1.3779769e+03   7.4800000e+05
   1.3776208e+03   7.4700000e+05
   1.3772512e+03   7.4600000e+05
   1.3769050e+03   7.4500000e+05
   1.3765543e+03   7.4400000e+05
   1.3761926e+03   7.4300000e+05
   1.3758312e+03   7.4200000e+05
   1.3754841e+03   7.4100000e+05
   1.3751251e+03   7.4000000e+05
   1.3747613e+03   7.3900000e+05
   1.3744100e+03   7.3800000e+05
   1.3740441e+03   7.3700000e+05
   1.3736894e+03   7.3600000e+05
   1.3733322e+03   7.3500000e+05
   1.3729742e+03   7.3400000e+05
   1.3726130e+03   7.3300000e+05
   1.3722583e+03   7.3200000e+05
   1.3719011e+03   7.3100000e+05
   1.3715619e+03   7.3000000e+05
   1.3712124e+03   7.2900000e+05
   1.3708629e+03   7.2800000e+05
   1.3705138e+03   7.2700000e+05
   1.3701547e+03   7.2600000e+05
   1.3700000e+03   7.2560807e+05
   1.3697617e+03   7.2500000e+05
   1.3694446e+03   7.2400000e+05
   1.3690766e+03   7.2300000e+05
   1.3687112e+03   7.2200000e+05
   1.3683471e+03   7.2100000e+05
   1.3679835e+03   7.2000000e+05
   1.3676163e+03   7.1900000e+05
   1.3672565e+03   7.1800000e+05
   1.3668941e+03   7.1700000e+05
   1.3665292e+03   7.1600000e+05
   1.3661639e+03   7.1500000e+05
   1.3657978e+03   7.1400000e+05
   1.3654310e+03   7.1300000e+05
   1.3650707e+03   7.1200000e+05
   1.3647189e+03   7.1100000e+05
   1.3643670e+03   7.1000000e+05
   1.3640147e+03   7.0900000e+05
   1.3636618e+03   7.0800000e+05
   1.3633088e+03   7.0700000e+05
   1.3629205e+03   7.0600000e+05
   1.3625883e+03   7.0500000e+05
   1.3622342e+03   7.0400000e+05
   1.3618675e+03   7.0300000e+05
   1.3614998e+03   7.0200000e+05
   1.3611314e+03   7.0100000e+05
   1.3607625e+03   7.0000000e+05
   1.3604000e+03   6.9900000e+05
   1.3600431e+03   6.9800000e+05
   1.3600000e+03   6.9787937e+05
   1.3596871e+03   6.9700000e+05
   1.3593335e+03   6.9600000e+05
   1.3589762e+03   6.9500000e+05
   1.3586035e+03   6.9400000e+05
   1.3582144e+03   6.9300000e+05
   1.3578717e+03   6.9200000e+05
   1.3575062e+03   6.9100000e+05
   1.3571214e+03   6.9000000e+05
   1.3567523e+03   6.8900000e+05
   1.3563849e+03   6.8800000e+05
   1.3560182e+03   6.8700000e+05
   1.3556554e+03   6.8600000e+05
   1.3552907e+03   6.8500000e+05
   1.3549257e+03   6.8400000e+05
   1.3545829e+03   6.8300000e+05
   1.3542163e+03   6.8200000e+05
   1.3538494e+03   6.8100000e+05
   1.3534838e+03   6.8000000e+05
   1.3531238e+03   6.7900000e+05
   1.3527616e+03   6.7800000e+05
   1.3523594e+03   6.7700000e+05
   1.3519975e+03   6.7600000e+05
   1.3516371e+03   6.7500000e+05
   1.3512740e+03   6.7400000e+05
   1.3508963e+03   6.7300000e+05
   1.3505164e+03   6.7200000e+05
   1.3501352e+03   6.7100000e+05
   1.3500000e+03   6.7059184e+05
   1.3498053e+03   6.7000000e+05
   1.3494262e+03   6.6900000e+05
   1.3490617e+03   6.6800000e+05
   1.3486793e+03   6.6700000e+05
   1.3483151e+03   6.6600000e+05
   1.3479508e+03   6.6500000e+05
   1.3475568e+03   6.6400000e+05
   1.3471938e+03   6.6300000e+05
   1.3468321e+03   6.6200000e+05
   1.3464603e+03   6.6100000e+05
   1.3460819e+03   6.6000000e+05
   1.3457024e+03   6.5900000e+05
   1.3453424e+03   6.5800000e+05
   1.3449609e+03   6.5700000e+05
   1.3445776e+03   6.5600000e+05
   1.3441973e+03   6.5500000e+05
   1.3438320e+03   6.5400000e+05
   1.3434674e+03   6.5300000e+05
   1.3431021e+03   6.5200000e+05
   1.3427283e+03   6.5100000e+05
   1.3423622e+03   6.5000000e+05
   1.3419542e+03   6.4900000e+05
   1.3416249e+03   6.4800000e+05
   1.3412481e+03   6.4700000e+05
   1.3408654e+03   6.4600000e+05
   1.3404849e+03   6.4500000e+05
   1.3401014e+03   6.4400000e+05
   1.3400000e+03   6.4374000e+05
   1.3397147e+03   6.4300000e+05
   1.3393434e+03   6.4200000e+05
   1.3389711e+03   6.4100000e+05
   1.3386122e+03   6.4000000e+05
   1.3382448e+03   6.3900000e+05
   1.3378761e+03   6.3800000e+05
   1.3375058e+03   6.3700000e+05
   1.3371045e+03   6.3600000e+05
   1.3367502e+03   6.3500000e+05
   1.3363674e+03   6.3400000e+05
   1.3359841e+03   6.3300000e+05
   1.3356013e+03   6.3200000e+05
   1.3352170e+03   6.3100000e+05
   1.3348327e+03   6.3000000e+05
   1.3344501e+03   6.2900000e+05
   1.3340691e+03   6.2800000e+05
   1.3336924e+03   6.2700000e+05
   1.3333108e+03   6.2600000e+05
   1.3329270e+03   6.2500000e+05
   1.3325451e+03   6.2400000e+05
   1.3321822e+03   6.2300000e+05
   1.3317875e+03   6.2200000e+05
   1.3314094e+03   6.2100000e+05
   1.3310302e+03   6.2000000e+05
   1.3306495e+03   6.1900000e+05
   1.3302697e+03   6.1800000e+05
   1.3300000e+03   6.1729360e+05
   1.3298896e+03   6.1700000e+05
   1.3295048e+03   6.1600000e+05
   1.3291177e+03   6.1500000e+05
   1.3287264e+03   6.1400000e+05
   1.3283359e+03   6.1300000e+05
   1.3279460e+03   6.1200000e+05
   1.3275565e+03   6.1100000e+05
   1.3271717e+03   6.1000000e+05
   1.3267979e+03   6.0900000e+05
   1.3264239e+03   6.0800000e+05
   1.3260494e+03   6.0700000e+05
   1.3256723e+03   6.0600000e+05
   1.3252963e+03   6.0500000e+05
   1.3249188e+03   6.0400000e+05
   1.3245418e+03   6.0300000e+05
   1.3241513e+03   6.0200000e+05
   1.3237762e+03   6.0100000e+05
   1.3233759e+03   6.0000000e+05
   1.3229935e+03   5.9900000e+05
   1.3226093e+03   5.9800000e+05
   1.3222206e+03   5.9700000e+05
   1.3218285e+03   5.9600000e+05
   1.3214543e+03   5.9500000e+05
   1.3210700e+03   5.9400000e+05
   1.3206802e+03   5.9300000e+05
   1.3202874e+03   5.9200000e+05
   1.3200000e+03   5.9129570e+05
   1.3198804e+03   5.9100000e+05
   1.3195128e+03   5.9000000e+05
   1.3191082e+03   5.8900000e+05
   1.3187331e+03   5.8800000e+05
   1.3183226e+03   5.8700000e+05
   1.3179348e+03   5.8600000e+05
   1.3175453e+03   5.8500000e+05
   1.3171630e+03   5.8400000e+05
   1.3167819e+03   5.8300000e+05
   1.3163969e+03   5.8200000e+05
   1.3160161e+03   5.8100000e+05
   1.3156309e+03   5.8000000e+05
   1.3152486e+03   5.7900000e+05
   1.3148556e+03   5.7800000e+05
   1.3144549e+03   5.7700000e+05
   1.3140543e+03   5.7600000e+05
   1.3136542e+03   5.7500000e+05
   1.3132578e+03   5.7400000e+05
   1.3128556e+03   5.7300000e+05
   1.3124591e+03   5.7200000e+05
   1.3120702e+03   5.7100000e+05
   1.3116852e+03   5.7000000e+05
   1.3112936e+03   5.6900000e+05
   1.3109106e+03   5.6800000e+05
   1.3105197e+03   5.6700000e+05
   1.3101329e+03   5.6600000e+05
   1.3100000e+03   5.6565341e+05
   1.3097517e+03   5.6500000e+05
   1.3093707e+03   5.6400000e+05
   1.3089859e+03   5.6300000e+05
   1.3085976e+03   5.6200000e+05
   1.3081994e+03   5.6100000e+05
   1.3078189e+03   5.6000000e+05
   1.3074277e+03   5.5900000e+05
   1.3070212e+03   5.5800000e+05
   1.3066157e+03   5.5700000e+05
   1.3062245e+03   5.5600000e+05
   1.3058196e+03   5.5500000e+05
   1.3054095e+03   5.5400000e+05
   1.3050070e+03   5.5300000e+05
   1.3045944e+03   5.5200000e+05
   1.3041873e+03   5.5100000e+05
   1.3037832e+03   5.5000000e+05
   1.3033787e+03   5.4900000e+05
   1.3029779e+03   5.4800000e+05
   1.3025704e+03   5.4700000e+05
   1.3021649e+03   5.4600000e+05
   1.3017649e+03   5.4500000e+05
   1.3013656e+03   5.4400000e+05
   1.3009652e+03   5.4300000e+05
   1.3005649e+03   5.4200000e+05
   1.3001629e+03   5.4100000e+05
   1.3000000e+03   5.4059786e+05
   1.2997617e+03   5.4000000e+05
   1.2993607e+03   5.3900000e+05
   1.2989583e+03   5.3800000e+05
   1.2985546e+03   5.3700000e+05
   1.2981507e+03   5.3600000e+05
   1.2977469e+03   5.3500000e+05
   1.2973438e+03   5.3400000e+05
   1.2969435e+03   5.3300000e+05
   1.2965468e+03   5.3200000e+05
   1.2961498e+03   5.3100000e+05
   1.2957522e+03   5.3000000e+05
   1.2953542e+03   5.2900000e+05
   1.2949561e+03   5.2800000e+05
   1.2945523e+03   5.2700000e+05
   1.2941427e+03   5.2600000e+05
   1.2937313e+03   5.2500000e+05
   1.2933216e+03   5.2400000e+05
   1.2929114e+03   5.2300000e+05
   1.2925011e+03   5.2200000e+05
   1.2920910e+03   5.2100000e+05
   1.2916807e+03   5.2000000e+05
   1.2912803e+03   5.1900000e+05
   1.2908684e+03   5.1800000e+05
   1.2904560e+03   5.1700000e+05
   1.2900418e+03   5.1600000e+05
   1.2900000e+03   5.1589922e+05
   1.2896305e+03   5.1500000e+05
   1.2892222e+03   5.1400000e+05
   1.2888242e+03   5.1300000e+05
   1.2884164e+03   5.1200000e+05
   1.2880268e+03   5.1100000e+05
   1.2876219e+03   5.1000000e+05
   1.2872167e+03   5.0900000e+05
   1.2868036e+03   5.0800000e+05
   1.2863938e+03   5.0700000e+05
   1.2859791e+03   5.0600000e+05
   1.2856111e+03   5.0500000e+05
   1.2851189e+03   5.0400000e+05
   1.2847027e+03   5.0300000e+05
   1.2843582e+03   5.0200000e+05
   1.2838773e+03   5.0100000e+05
   1.2834706e+03   5.0000000e+05
   1.2831760e+03   4.9900000e+05
   1.2826412e+03   4.9800000e+05
   1.2822301e+03   4.9700000e+05
   1.2818348e+03   4.9600000e+05
   1.2814108e+03   4.9500000e+05
   1.2809985e+03   4.9400000e+05
   1.2805889e+03   4.9300000e+05
   1.2801480e+03   4.9200000e+05
   1.2800000e+03   4.9164175e+05
   1.2797376e+03   4.9100000e+05
   1.2793276e+03   4.9000000e+05
   1.2789210e+03   4.8900000e+05
   1.2785103e+03   4.8800000e+05
   1.2781007e+03   4.8700000e+05
   1.2778065e+03   4.8600000e+05
   1.2772789e+03   4.8500000e+05
   1.2768697e+03   4.8400000e+05
   1.2764301e+03   4.8300000e+05
   1.2760348e+03   4.8200000e+05
   1.2756135e+03   4.8100000e+05
   1.2752201e+03   4.8000000e+05
   1.2748003e+03   4.7900000e+05
   1.2743813e+03   4.7800000e+05
   1.2739676e+03   4.7700000e+05
   1.2735487e+03   4.7600000e+05
   1.2731363e+03   4.7500000e+05
   1.2727239e+03   4.7400000e+05
   1.2723130e+03   4.7300000e+05
   1.2718991e+03   4.7200000e+05
   1.2714852e+03   4.7100000e+05
   1.2710708e+03   4.7000000e+05
   1.2706517e+03   4.6900000e+05
   1.2702313e+03   4.6800000e+05
   1.2700000e+03   4.6745000e+05
   1.2698115e+03   4.6700000e+05
   1.2693915e+03   4.6600000e+05
   1.2689707e+03   4.6500000e+05
   1.2685499e+03   4.6400000e+05
   1.2681232e+03   4.6300000e+05
   1.2676916e+03   4.6200000e+05
   1.2672593e+03   4.6100000e+05
   1.2668271e+03   4.6000000e+05
   1.2663944e+03   4.5900000e+05
   1.2659599e+03   4.5800000e+05
   1.2655319e+03   4.5700000e+05
   1.2651077e+03   4.5600000e+05
   1.2646828e+03   4.5500000e+05
   1.2642578e+03   4.5400000e+05
   1.2638317e+03   4.5300000e+05
   1.2634051e+03   4.5200000e+05
   1.2629721e+03   4.5100000e+05
   1.2625476e+03   4.5000000e+05
   1.2621155e+03   4.4900000e+05
   1.2616844e+03   4.4800000e+05
   1.2612527e+03   4.4700000e+05
   1.2608203e+03   4.4600000e+05
   1.2603861e+03   4.4500000e+05
   1.2600000e+03   4.4409756e+05
   1.2599585e+03   4.4400000e+05
   1.2595348e+03   4.4300000e+05
   1.2591112e+03   4.4200000e+05
   1.2586876e+03   4.4100000e+05
   1.2582627e+03   4.4000000e+05
   1.2578374e+03   4.3900000e+05
   1.2573751e+03   4.3800000e+05
   1.2569719e+03   4.3700000e+05
   1.2565340e+03   4.3600000e+05
   1.2560956e+03   4.3500000e+05
   1.2556594e+03   4.3400000e+05
   1.2552191e+03   4.3300000e+05
   1.2547898e+03   4.3200000e+05
   1.2543482e+03   4.3100000e+05
   1.2539196e+03   4.3000000e+05
   1.2534936e+03   4.2900000e+05
   1.2530639e+03   4.2800000e+05
   1.2526339e+03   4.2700000e+05
   1.2522031e+03   4.2600000e+05
   1.2517688e+03   4.2500000e+05
   1.2513333e+03   4.2400000e+05
   1.2508972e+03   4.2300000e+05
   1.2504268e+03   4.2200000e+05
   1.2500000e+03   4.2102370e+05
   1.2499898e+03   4.2100000e+05
   1.2495576e+03   4.2000000e+05
   1.2491246e+03   4.1900000e+05
   1.2486860e+03   4.1800000e+05
   1.2482463e+03   4.1700000e+05
   1.2478271e+03   4.1600000e+05
   1.2473855e+03   4.1500000e+05
   1.2469452e+03   4.1400000e+05
   1.2464835e+03   4.1300000e+05
   1.2460524e+03   4.1200000e+05
   1.2456006e+03   4.1100000e+05
   1.2451483e+03   4.1000000e+05
   1.2446951e+03   4.0900000e+05
   1.2442414e+03   4.0800000e+05
   1.2437877e+03   4.0700000e+05
   1.2433409e+03   4.0600000e+05
   1.2429056e+03   4.0500000e+05
   1.2424710e+03   4.0400000e+05
   1.2420357e+03   4.0300000e+05
   1.2416039e+03   4.0200000e+05
   1.2411793e+03   4.0100000e+05
   1.2407403e+03   4.0000000e+05
   1.2401976e+03   3.9900000e+05
   1.2400000e+03   3.9856236e+05
   1.2397482e+03   3.9800000e+05
   1.2392939e+03   3.9700000e+05
   1.2388450e+03   3.9600000e+05
   1.2384073e+03   3.9500000e+05
   1.2379595e+03   3.9400000e+05
   1.2375304e+03   3.9300000e+05
   1.2370900e+03   3.9200000e+05
   1.2366348e+03   3.9100000e+05
   1.2361809e+03   3.9000000e+05
   1.2357344e+03   3.8900000e+05
   1.2352921e+03   3.8800000e+05
   1.2348489e+03   3.8700000e+05
   1.2344039e+03   3.8600000e+05
   1.2339173e+03   3.8500000e+05
   1.2334580e+03   3.8400000e+05
   1.2329966e+03   3.8300000e+05
   1.2325234e+03   3.8200000e+05
   1.2320917e+03   3.8100000e+05
   1.2317700e+03   3.8000000e+05
   1.2313141e+03   3.7900000e+05
   1.2309404e+03   3.7800000e+05
   1.2305767e+03   3.7700000e+05
   1.2301382e+03   3.7600000e+05
   1.2300000e+03   3.7567773e+05
   1.2297137e+03   3.7500000e+05
   1.2293235e+03   3.7400000e+05
   1.2289073e+03   3.7300000e+05
   1.2285063e+03   3.7200000e+05
   1.2280831e+03   3.7100000e+05
   1.2276728e+03   3.7000000e+05
   1.2272348e+03   3.6900000e+05
   1.2268656e+03   3.6800000e+05
   1.2264256e+03   3.6700000e+05
   1.2260044e+03   3.6600000e+05
   1.2256146e+03   3.6500000e+05
   1.2252249e+03   3.6400000e+05
   1.2248126e+03   3.6300000e+05
   1.2243959e+03   3.6200000e+05
   1.2239824e+03   3.6100000e+05
   1.2236088e+03   3.6000000e+05
   1.2231918e+03   3.5900000e+05
   1.2227466e+03   3.5800000e+05
   1.2223768e+03   3.5700000e+05
   1.2219569e+03   3.5600000e+05
   1.2215428e+03   3.5500000e+05
   1.2211338e+03   3.5400000e+05
   1.2206838e+03   3.5300000e+05
   1.2203330e+03   3.5200000e+05
   1.2200000e+03   3.5118735e+05
   1.2199230e+03   3.5100000e+05
   1.2194950e+03   3.5000000e+05
   1.2190875e+03   3.4900000e+05
   1.2186521e+03   3.4800000e+05
   1.2182134e+03   3.4700000e+05
   1.2177700e+03   3.4600000e+05
   1.2173499e+03   3.4500000e+05
   1.2169543e+03   3.4400000e+05
   1.2165446e+03   3.4300000e+05
   1.2161022e+03   3.4200000e+05
   1.2156705e+03   3.4100000e+05
   1.2152863e+03   3.4000000e+05
   1.2148662e+03   3.3900000e+05
   1.2144210e+03   3.3800000e+05
   1.2139771e+03   3.3700000e+05
   1.2135305e+03   3.3600000e+05
   1.2131121e+03   3.3500000e+05
   1.2127320e+03   3.3400000e+05
   1.2122870e+03   3.3300000e+05
   1.2118316e+03   3.3200000e+05
   1.2113697e+03   3.3100000e+05
   1.2109341e+03   3.3000000e+05
   1.2105523e+03   3.2900000e+05
   1.2101115e+03   3.2800000e+05
   1.2100000e+03   3.2775758e+05
   1.2096541e+03   3.2700000e+05
   1.2091986e+03   3.2600000e+05
   1.2087440e+03   3.2500000e+05
   1.2083497e+03   3.2400000e+05
   1.2079326e+03   3.2300000e+05
   1.2074756e+03   3.2200000e+05
   1.2070197e+03   3.2100000e+05
   1.2065694e+03   3.2000000e+05
   1.2061446e+03   3.1900000e+05
   1.2057489e+03   3.1800000e+05
   1.2052866e+03   3.1700000e+05
   1.2048206e+03   3.1600000e+05
   1.2043592e+03   3.1500000e+05
   1.2039081e+03   3.1400000e+05
   1.2035066e+03   3.1300000e+05
   1.2030579e+03   3.1200000e+05
   1.2026022e+03   3.1100000e+05
   1.2021371e+03   3.1000000e+05
   1.2016835e+03   3.0900000e+05
   1.2012545e+03   3.0800000e+05
   1.2008260e+03   3.0700000e+05
   1.2003575e+03   3.0600000e+05
   1.2000000e+03   3.0521304e+05
   1.1999039e+03   3.0500000e+05
   1.1994381e+03   3.0400000e+05
   1.1989683e+03   3.0300000e+05
   1.1984972e+03   3.0200000e+05
   1.1980955e+03   3.0100000e+05
   1.1976515e+03   3.0000000e+05
   1.1971901e+03   2.9900000e+05
   1.1967191e+03   2.9800000e+05
   1.1962498e+03   2.9700000e+05
   1.1958044e+03   2.9600000e+05
   1.1953557e+03   2.9500000e+05
   1.1948763e+03   2.9400000e+05
   1.1944402e+03   2.9300000e+05
   1.1939820e+03   2.9200000e+05
   1.1935156e+03   2.9100000e+05
   1.1930560e+03   2.9000000e+05
   1.1925819e+03   2.8900000e+05
   1.1921276e+03   2.8800000e+05
   1.1916909e+03   2.8700000e+05
   1.1912128e+03   2.8600000e+05
   1.1907510e+03   2.8500000e+05
   1.1902706e+03   2.8400000e+05
   1.1900000e+03   2.8344106e+05
   1.1897888e+03   2.8300000e+05
   1.1893045e+03   2.8200000e+05
   1.1888725e+03   2.8100000e+05
   1.1884193e+03   2.8000000e+05
   1.1879478e+03   2.7900000e+05
   1.1874567e+03   2.7800000e+05
   1.1869766e+03   2.7700000e+05
   1.1865260e+03   2.7600000e+05
   1.1860978e+03   2.7500000e+05
   1.1856070e+03   2.7400000e+05
   1.1851292e+03   2.7300000e+05
   1.1846614e+03   2.7200000e+05
   1.1841836e+03   2.7100000e+05
   1.1836923e+03   2.7000000e+05
   1.1832477e+03   2.6900000e+05
   1.1827707e+03   2.6800000e+05
   1.1822810e+03   2.6700000e+05
   1.1817804e+03   2.6600000e+05
   1.1812969e+03   2.6500000e+05
   1.1808469e+03   2.6400000e+05
   1.1804047e+03   2.6300000e+05
   1.1800000e+03   2.6218908e+05
   1.1799062e+03   2.6200000e+05
   1.1794109e+03   2.6100000e+05
   1.1789187e+03   2.6000000e+05
   1.1784203e+03   2.5900000e+05
   1.1779728e+03   2.5800000e+05
   1.1775220e+03   2.5700000e+05
   1.1770255e+03   2.5600000e+05
   1.1765447e+03   2.5500000e+05
   1.1700000e+03   2.5431785e+05
   1.1684148e+03   2.5400000e+05
   1.1646455e+03   2.5300000e+05
   1.1613552e+03   2.5200000e+05
   1.1600000e+03   2.5162466e+05
   1.1586536e+03   2.5100000e+05
   1.1600000e+03   2.5045258e+05
   1.1616670e+03   2.5000000e+05
   1.1677215e+03   2.4900000e+05
   1.1700000e+03   2.4820167e+05
   1.1706639e+03   2.4800000e+05
   1.1750690e+03   2.4700000e+05
   1.1776556e+03   2.4600000e+05
   1.1792057e+03   2.4500000e+05
   1.1767824e+03   2.4400000e+05
   1.1722354e+03   2.4300000e+05
   1.1700000e+03   2.4249786e+05
   1.1680556e+03   2.4200000e+05
   1.1644947e+03   2.4100000e+05
   1.1638539e+03   2.4000000e+05
   1.1633861e+03   2.3900000e+05
   1.1629500e+03   2.3800000e+05
   1.1624933e+03   2.3700000e+05
   1.1620273e+03   2.3600000e+05
   1.1615756e+03   2.3500000e+05
   1.1611261e+03   2.3400000e+05
   1.1606807e+03   2.3300000e+05
   1.1602366e+03   2.3200000e+05
   1.1600000e+03   2.3197358e+05
   1.1516687e+03   2.3100000e+05
   1.1509026e+03   2.3000000e+05
   1.1504847e+03   2.2900000e+05
   1.1500709e+03   2.2800000e+05
   1.1500000e+03   2.2782979e+05
   1.1496571e+03   2.2700000e+05
   1.1492468e+03   2.2600000e+05
   1.1488376e+03   2.2500000e+05
   1.1484272e+03   2.2400000e+05
   1.1480174e+03   2.2300000e+05
   1.1476236e+03   2.2200000e+05
   1.1471966e+03   2.2100000e+05
   1.1467360e+03   2.2000000e+05
   1.1463267e+03   2.1900000e+05
   1.1459323e+03   2.1800000e+05
   1.1455394e+03   2.1700000e+05
   1.1451335e+03   2.1600000e+05
   1.1447389e+03   2.1500000e+05
   1.1443483e+03   2.1400000e+05
   1.1439589e+03   2.1300000e+05
   1.1435721e+03   2.1200000e+05
   1.1431905e+03   2.1100000e+05
   1.1428073e+03   2.1000000e+05
   1.1424306e+03   2.0900000e+05
   1.1420585e+03   2.0800000e+05
   1.1416922e+03   2.0700000e+05
   1.1413294e+03   2.0600000e+05
   1.1409661e+03   2.0500000e+05
   1.1406284e+03   2.0400000e+05
   1.1402907e+03   2.0300000e+05
   1.1400000e+03   2.0216389e+05
   1.1399434e+03   2.0200000e+05
   1.1395675e+03   2.0100000e+05
   1.1392360e+03   2.0000000e+05
   1.1389059e+03   1.9900000e+05
   1.1385900e+03   1.9800000e+05
   1.1382679e+03   1.9700000e+05
   1.1379457e+03   1.9600000e+05
   1.1376367e+03   1.9500000e+05
   1.1373318e+03   1.9400000e+05
   1.1370225e+03   1.9300000e+05
   1.1367184e+03   1.9200000e+05
   1.1364179e+03   1.9100000e+05
   1.1361095e+03   1.9000000e+05
   1.1356774e+03   1.8900000e+05
   1.1351483e+03   1.8800000e+05
   1.1346503e+03   1.8700000e+05
   1.1341416e+03   1.8600000e+05
   1.1336243e+03   1.8500000e+05
   1.1331049e+03   1.8400000e+05
   1.1325880e+03   1.8300000e+05
   1.1320651e+03   1.8200000e+05
   1.1315350e+03   1.8100000e+05
   1.1310021e+03   1.8000000e+05
   1.1304665e+03   1.7900000e+05
   1.1300000e+03   1.7813509e+05
   1.1299276e+03   1.7800000e+05
   1.1293829e+03   1.7700000e+05
   1.1288381e+03   1.7600000e+05
   1.1282828e+03   1.7500000e+05
   1.1277253e+03   1.7400000e+05
   1.1271667e+03   1.7300000e+05
   1.1266000e+03   1.7200000e+05
   1.1260274e+03   1.7100000e+05
   1.1254505e+03   1.7000000e+05
   1.1248696e+03   1.6900000e+05
   1.1242787e+03   1.6800000e+05
   1.1236830e+03   1.6700000e+05
   1.1230787e+03   1.6600000e+05
   1.1224754e+03   1.6500000e+05
   1.1218576e+03   1.6400000e+05
   1.1212308e+03   1.6300000e+05
   1.1205976e+03   1.6200000e+05
   1.1200000e+03   1.6107296e+05
   1.1199534e+03   1.6100000e+05
   1.1193807e+03   1.6000000e+05
   1.1183759e+03   1.5900000e+05
   1.1177255e+03   1.5800000e+05
   1.1158254e+03   1.5700000e+05
   1.1144804e+03   1.5600000e+05
   1.1131647e+03   1.5500000e+05
   1.1118306e+03   1.5400000e+05
   1.1105024e+03   1.5300000e+05
   1.1100000e+03   1.5260692e+05
   1.1092297e+03   1.5200000e+05
   1.1079527e+03   1.5100000e+05
   1.1067180e+03   1.5000000e+05
   1.1055335e+03   1.4900000e+05
   1.1040883e+03   1.4800000e+05
   1.1031155e+03   1.4700000e+05
   1.1006551e+03   1.4600000e+05
   1.1000000e+03   1.4581719e+05
   1.0975897e+03   1.4500000e+05
   1.0945011e+03   1.4400000e+05
   1.0917800e+03   1.4300000e+05
   1.0900000e+03   1.4230536e+05
   1.0892158e+03   1.4200000e+05
   1.0867966e+03   1.4100000e+05
   1.0800000e+03   1.4031717e+05
   1.0782060e+03   1.4000000e+05
   1.0750279e+03   1.3900000e+05
   1.0733372e+03   1.3800000e+05
   1.0716779e+03   1.3700000e+05
   1.0701841e+03   1.3600000e+05
   1.0700000e+03   1.3587661e+05
   1.0686939e+03   1.3500000e+05
   1.0672996e+03   1.3400000e+05
   1.0658649e+03   1.3300000e+05
   1.0646410e+03   1.3200000e+05
   1.0634448e+03   1.3100000e+05
   1.0627431e+03   1.3000000e+05
   1.0622578e+03   1.2900000e+05
   1.0617703e+03   1.2800000e+05
   1.0612814e+03   1.2700000e+05
   1.0607947e+03   1.2600000e+05
   1.0602969e+03   1.2500000e+05
   1.0600000e+03   1.2440468e+05
   1.0597998e+03   1.2400000e+05
   1.0593006e+03   1.2300000e+05
   1.0587956e+03   1.2200000e+05
   1.0582817e+03   1.2100000e+05
   1.0577649e+03   1.2000000e+05
   1.0572576e+03   1.1900000e+05
   1.0533670e+03   1.1800000e+05
   1.0500000e+03   1.1741902e+05
   1.0473418e+03   1.1700000e+05
   1.0419176e+03   1.1600000e+05
   1.0400000e+03   1.1525903e+05
   1.0392215e+03   1.1500000e+05
   1.0365662e+03   1.1400000e+05
   1.0349237e+03   1.1300000e+05
   1.0333259e+03   1.1200000e+05
   1.0318798e+03   1.1100000e+05
   1.0312313e+03   1.1000000e+05
   1.0306562e+03   1.0900000e+05
   1.0301353e+03   1.0800000e+05
   1.0300000e+03   1.0774507e+05
   1.0296074e+03   1.0700000e+05
   1.0290566e+03   1.0600000e+05
   1.0285073e+03   1.0500000e+05
   1.0279555e+03   1.0400000e+05
   1.0274007e+03   1.0300000e+05
   1.0268411e+03   1.0200000e+05
   1.0262823e+03   1.0100000e+05
   1.0257184e+03   1.0000000e+05
   1.0251502e+03   9.9000000e+04
   1.0245741e+03   9.8000000e+04
   1.0240029e+03   9.7000000e+04
   1.0234158e+03   9.6000000e+04
   1.0228278e+03   9.5000000e+04
   1.0222631e+03   9.4000000e+04
   1.0216786e+03   9.3000000e+04
   1.0210915e+03   9.2000000e+04
   1.0205017e+03   9.1000000e+04
   1.0200000e+03   9.0150805e+04
   1.0199118e+03   9.0000000e+04
   1.0193195e+03   8.9000000e+04
   1.0187214e+03   8.8000000e+04
   1.0181213e+03   8.7000000e+04
   1.0175208e+03   8.6000000e+04
   1.0169177e+03   8.5000000e+04
   1.0163166e+03   8.4000000e+04
   1.0157153e+03   8.3000000e+04
   1.0150912e+03   8.2000000e+04
   1.0144781e+03   8.1000000e+04
   1.0138642e+03   8.0000000e+04
   1.0132468e+03   7.9000000e+04
   1.0126122e+03   7.8000000e+04
   1.0119003e+03   7.7000000e+04
   1.0112291e+03   7.6000000e+04
   1.0106148e+03   7.5000000e+04
   1.0100000e+03   7.4011034e+04
   1.0099932e+03   7.4000000e+04
   1.0093746e+03   7.3000000e+04
   1.0087564e+03   7.2000000e+04
   1.0081453e+03   7.1000000e+04
   1.0075060e+03   7.0000000e+04
   1.0068746e+03   6.9000000e+04
   1.0062445e+03   6.8000000e+04
   1.0055931e+03   6.7000000e+04
   1.0049308e+03   6.6000000e+04
   1.0024162e+03   6.5000000e+04
   1.0012716e+03   6.4000000e+04
   1.0006304e+03   6.3000000e+04
   1.0000017e+03   6.2000000e+04
   1.0000000e+03   6.1997315e+04
   9.9937521e+02   6.1000000e+04
   9.9875032e+02   6.0000000e+04
   9.9811592e+02   5.9000000e+04
   9.9748026e+02   5.8000000e+04
   9.9683777e+02   5.7000000e+04
   9.9620536e+02   5.6000000e+04
   9.9555154e+02   5.5000000e+04
   9.9492771e+02   5.4000000e+04
   9.9426611e+02   5.3000000e+04
   9.9360054e+02   5.2000000e+04
   9.9292824e+02   5.1000000e+04
   9.9225576e+02   5.0000000e+04
   9.9158483e+02   4.9000000e+04
   9.9091735e+02   4.8000000e+04
   9.9025955e+02   4.7000000e+04
   9.9000000e+02   4.6616625e+04
   9.8958680e+02   4.6000000e+04
   9.8892031e+02   4.5000000e+04
   9.8824488e+02   4.4000000e+04
   9.8756514e+02   4.3000000e+04
   9.8688298e+02   4.2000000e+04
   9.8619298e+02   4.1000000e+04
   9.8549106e+02   4.0000000e+04
   9.8478893e+02   3.9000000e+04
   9.8406151e+02   3.8000000e+04
   9.8335106e+02   3.7000000e+04
   9.8267795e+02   3.6000000e+04
   9.8195173e+02   3.5000000e+04
   9.8123248e+02   3.4000000e+04
   9.8050427e+02   3.3000000e+04
   9.8000000e+02   3.2306727e+04
   9.7977938e+02   3.2000000e+04
   9.7905281e+02   3.1000000e+04
   9.7832144e+02   3.0000000e+04
   9.7758182e+02   2.9000000e+04
   9.7684552e+02   2.8000000e+04
   9.7610026e+02   2.7000000e+04
   9.7534225e+02   2.6000000e+04
   9.7457805e+02   2.5000000e+04
   9.7381377e+02   2.4000000e+04
   9.7300041e+02   2.3000000e+04
   9.7220985e+02   2.2000000e+04
   9.7141886e+02   2.1000000e+04
   9.7062111e+02   2.0000000e+04
   9.7000000e+02   1.9229675e+04
   9.6981650e+02   1.9000000e+04
   9.6900803e+02   1.8000000e+04
   9.6821035e+02   1.7000000e+04
   9.6740495e+02   1.6000000e+04
   9.6654977e+02   1.5000000e+04
   9.6569779e+02   1.4000000e+04
   9.6483449e+02   1.3000000e+04
   9.6395354e+02   1.2000000e+04
   9.6304463e+02   1.1000000e+04
   9.6210971e+02   1.0000000e+04
   9.6118127e+02   9.0000000e+03
   9.6000000e+02   8.7973121e+03
   9.5559011e+02   8.0000000e+03
   9.5421418e+02   7.0000000e+03
   9.5354649e+02   6.0000000e+03
   9.5286299e+02   5.0000000e+03
   9.5225366e+02   4.0000000e+03
   9.5159656e+02   3.0000000e+03
   9.5089924e+02   2.0000000e+03
   9.5008911e+02   1.0000000e+03
   9.5000000e+02   0.0000000e+00
   9.5000000e+02   0.0000000e+00
