   2.1755929e+03   1.3500000e+06
   2.1751776e+03   1.3490000e+06
   2.1747609e+03   1.3480000e+06
   2.1743458e+03   1.3470000e+06
   2.1739272e+03   1.3460000e+06
   2.1735052e+03   1.3450000e+06
   2.1730888e+03   1.3440000e+06
   2.1726772e+03   1.3430000e+06
   2.1722664e+03   1.3420000e+06
   2.1718565e+03   1.3410000e+06
   2.1714502e+03   1.3400000e+06
   2.1710488e+03   1.3390000e+06
   2.1706396e+03   1.3380000e+06
   2.1702250e+03   1.3370000e+06
   2.1700000e+03   1.3364667e+06
   2.1698039e+03   1.3360000e+06
   2.1693842e+03   1.3350000e+06
   2.1689900e+03   1.3340000e+06
   2.1685584e+03   1.3330000e+06
   2.1681535e+03   1.3320000e+06
   2.1677317e+03   1.3310000e+06
   2.1673131e+03   1.3300000e+06
   2.1668954e+03   1.3290000e+06
   2.1664748e+03   1.3280000e+06
   2.1660554e+03   1.3270000e+06
   2.1656359e+03   1.3260000e+06
   2.1652166e+03   1.3250000e+06
   2.1648044e+03   1.3240000e+06
   2.1644027e+03   1.3230000e+06
   2.1639968e+03   1.3220000e+06
   2.1635857e+03   1.3210000e+06
   2.1631632e+03   1.3200000e+06
   2.1627656e+03   1.3190000e+06
   2.1623593e+03   1.3180000e+06
   2.1619563e+03   1.3170000e+06
   2.1615469e+03   1.3160000e+06
   2.1611385e+03   1.3150000e+06
   2.1607293e+03   1.3140000e+06
   2.1603178e+03   1.3130000e+06
   2.1600000e+03   1.3122288e+06
   2.1599065e+03   1.3120000e+06
   2.1594963e+03   1.3110000e+06
   2.1590845e+03   1.3100000e+06
   2.1586735e+03   1.3090000e+06
   2.1582627e+03   1.3080000e+06
   2.1578550e+03   1.3070000e+06
   2.1574426e+03   1.3060000e+06
   2.1570468e+03   1.3050000e+06
   2.1566309e+03   1.3040000e+06
   2.1562106e+03   1.3030000e+06
   2.1558011e+03   1.3020000e+06
   2.1553822e+03   1.3010000e+06
   2.1549670e+03   1.3000000e+06
   2.1545625e+03   1.2990000e+06
   2.1541434e+03   1.2980000e+06
   2.1537320e+03   1.2970000e+06
   2.1533177e+03   1.2960000e+06
   2.1529023e+03   1.2950000e+06
   2.1524800e+03   1.2940000e+06
   2.1520679e+03   1.2930000e+06
   2.1516536e+03   1.2920000e+06
   2.1512513e+03   1.2910000e+06
   2.1508294e+03   1.2900000e+06
   2.1504238e+03   1.2890000e+06
   2.1500174e+03   1.2880000e+06
   2.1500000e+03   1.2879565e+06
   2.1496154e+03   1.2870000e+06
   2.1491900e+03   1.2860000e+06
   2.1487496e+03   1.2850000e+06
   2.1483179e+03   1.2840000e+06
   2.1479441e+03   1.2830000e+06
   2.1473994e+03   1.2820000e+06
   2.1469855e+03   1.2810000e+06
   2.1465491e+03   1.2800000e+06
   2.1461870e+03   1.2790000e+06
   2.1457894e+03   1.2780000e+06
   2.1456076e+03   1.2770000e+06
   2.1449751e+03   1.2760000e+06
   2.1445810e+03   1.2750000e+06
   2.1441865e+03   1.2740000e+06
   2.1437773e+03   1.2730000e+06
   2.1433952e+03   1.2720000e+06
   2.1429550e+03   1.2710000e+06
   2.1428749e+03   1.2700000e+06
   2.1422421e+03   1.2690000e+06
   2.1418572e+03   1.2680000e+06
   2.1414439e+03   1.2670000e+06
   2.1410429e+03   1.2660000e+06
   2.1406412e+03   1.2650000e+06
   2.1405820e+03   1.2640000e+06
   2.1400000e+03   1.2632463e+06
   2.1398031e+03   1.2630000e+06
   2.1394026e+03   1.2620000e+06
   2.1390002e+03   1.2610000e+06
   2.1385945e+03   1.2600000e+06
   2.1381871e+03   1.2590000e+06
   2.1377814e+03   1.2580000e+06
   2.1373752e+03   1.2570000e+06
   2.1369677e+03   1.2560000e+06
   2.1365614e+03   1.2550000e+06
   2.1361616e+03   1.2540000e+06
   2.1358055e+03   1.2530000e+06
   2.1354413e+03   1.2520000e+06
   2.1353497e+03   1.2510000e+06
   2.1346322e+03   1.2500000e+06
   2.1342457e+03   1.2490000e+06
   2.1338618e+03   1.2480000e+06
   2.1334708e+03   1.2470000e+06
   2.1330322e+03   1.2460000e+06
   2.1327120e+03   1.2450000e+06
   2.1321971e+03   1.2440000e+06
   2.1317495e+03   1.2430000e+06
   2.1313134e+03   1.2420000e+06
   2.1308650e+03   1.2410000e+06
   2.1304412e+03   1.2400000e+06
   2.1300204e+03   1.2390000e+06
   2.1300000e+03   1.2389514e+06
   2.1296012e+03   1.2380000e+06
   2.1291795e+03   1.2370000e+06
   2.1287649e+03   1.2360000e+06
   2.1283433e+03   1.2350000e+06
   2.1279390e+03   1.2340000e+06
   2.1275212e+03   1.2330000e+06
   2.1271051e+03   1.2320000e+06
   2.1266914e+03   1.2310000e+06
   2.1262811e+03   1.2300000e+06
   2.1258700e+03   1.2290000e+06
   2.1254638e+03   1.2280000e+06
   2.1250536e+03   1.2270000e+06
   2.1246441e+03   1.2260000e+06
   2.1242355e+03   1.2250000e+06
   2.1238286e+03   1.2240000e+06
   2.1234201e+03   1.2230000e+06
   2.1230149e+03   1.2220000e+06
   2.1226168e+03   1.2210000e+06
   2.1222088e+03   1.2200000e+06
   2.1217977e+03   1.2190000e+06
   2.1213827e+03   1.2180000e+06
   2.1209622e+03   1.2170000e+06
   2.1204920e+03   1.2160000e+06
   2.1201336e+03   1.2150000e+06
   2.1200000e+03   1.2146950e+06
   2.1196960e+03   1.2140000e+06
   2.1192636e+03   1.2130000e+06
   2.1188109e+03   1.2120000e+06
   2.1183836e+03   1.2110000e+06
   2.1180047e+03   1.2100000e+06
   2.1175727e+03   1.2090000e+06
   2.1171503e+03   1.2080000e+06
   2.1167318e+03   1.2070000e+06
   2.1163145e+03   1.2060000e+06
   2.1158955e+03   1.2050000e+06
   2.1154765e+03   1.2040000e+06
   2.1150650e+03   1.2030000e+06
   2.1146649e+03   1.2020000e+06
   2.1142716e+03   1.2010000e+06
   2.1138097e+03   1.2000000e+06
   2.1134173e+03   1.1990000e+06
   2.1130282e+03   1.1980000e+06
   2.1126408e+03   1.1970000e+06
   2.1122548e+03   1.1960000e+06
   2.1118641e+03   1.1950000e+06
   2.1114732e+03   1.1940000e+06
   2.1111376e+03   1.1930000e+06
   2.1107443e+03   1.1920000e+06
   2.1103481e+03   1.1910000e+06
   2.1100000e+03   1.1901560e+06
   2.1099356e+03   1.1900000e+06
   2.1095142e+03   1.1890000e+06
   2.1090917e+03   1.1880000e+06
   2.1087569e+03   1.1870000e+06
   2.1083222e+03   1.1860000e+06
   2.1078971e+03   1.1850000e+06
   2.1074747e+03   1.1840000e+06
   2.1070518e+03   1.1830000e+06
   2.1066285e+03   1.1820000e+06
   2.1062435e+03   1.1810000e+06
   2.1058159e+03   1.1800000e+06
   2.1053828e+03   1.1790000e+06
   2.1049574e+03   1.1780000e+06
   2.1045506e+03   1.1770000e+06
   2.1041450e+03   1.1760000e+06
   2.1037197e+03   1.1750000e+06
   2.1033317e+03   1.1740000e+06
   2.1029730e+03   1.1730000e+06
   2.1025664e+03   1.1720000e+06
   2.1021427e+03   1.1710000e+06
   2.1016989e+03   1.1700000e+06
   2.1012980e+03   1.1690000e+06
   2.1008724e+03   1.1680000e+06
   2.1004096e+03   1.1670000e+06
   2.1000000e+03   1.1660000e+06
   2.1000000e+03   1.1660000e+06
   2.0996566e+03   1.1650000e+06
   2.0991230e+03   1.1640000e+06
   2.0987645e+03   1.1630000e+06
   2.0983638e+03   1.1620000e+06
   2.0979104e+03   1.1610000e+06
   2.0974822e+03   1.1600000e+06
   2.0971357e+03   1.1590000e+06
   2.0967251e+03   1.1580000e+06
   2.0963590e+03   1.1570000e+06
   2.0944734e+03   1.1560000e+06
   2.0911229e+03   1.1550000e+06
   2.0900000e+03   1.1547827e+06
   2.0859537e+03   1.1540000e+06
   2.0808785e+03   1.1530000e+06
   2.0800000e+03   1.1528190e+06
   2.0759698e+03   1.1520000e+06
   2.0710295e+03   1.1510000e+06
   2.0700000e+03   1.1507921e+06
   2.0662250e+03   1.1500000e+06
   2.0617904e+03   1.1490000e+06
   2.0600000e+03   1.1484809e+06
   2.0584196e+03   1.1480000e+06
   2.0571149e+03   1.1470000e+06
   2.0566628e+03   1.1460000e+06
   2.0563290e+03   1.1450000e+06
   2.0559803e+03   1.1440000e+06
   2.0554854e+03   1.1430000e+06
   2.0550766e+03   1.1420000e+06
   2.0546470e+03   1.1410000e+06
   2.0542557e+03   1.1400000e+06
   2.0538871e+03   1.1390000e+06
   2.0534940e+03   1.1380000e+06
   2.0530183e+03   1.1370000e+06
   2.0526075e+03   1.1360000e+06
   2.0521972e+03   1.1350000e+06
   2.0517841e+03   1.1340000e+06
   2.0513471e+03   1.1330000e+06
   2.0509746e+03   1.1320000e+06
   2.0505536e+03   1.1310000e+06
   2.0501304e+03   1.1300000e+06
   2.0500000e+03   1.1296941e+06
   2.0497079e+03   1.1290000e+06
   2.0492871e+03   1.1280000e+06
   2.0488613e+03   1.1270000e+06
   2.0484653e+03   1.1260000e+06
   2.0480610e+03   1.1250000e+06
   2.0476528e+03   1.1240000e+06
   2.0472497e+03   1.1230000e+06
   2.0468501e+03   1.1220000e+06
   2.0464489e+03   1.1210000e+06
   2.0460511e+03   1.1200000e+06
   2.0456511e+03   1.1190000e+06
   2.0452551e+03   1.1180000e+06
   2.0448318e+03   1.1170000e+06
   2.0444330e+03   1.1160000e+06
   2.0440333e+03   1.1150000e+06
   2.0436177e+03   1.1140000e+06
   2.0432157e+03   1.1130000e+06
   2.0427993e+03   1.1120000e+06
   2.0424041e+03   1.1110000e+06
   2.0419914e+03   1.1100000e+06
   2.0415748e+03   1.1090000e+06
   2.0411583e+03   1.1080000e+06
   2.0407534e+03   1.1070000e+06
   2.0403550e+03   1.1060000e+06
   2.0400000e+03   1.1051120e+06
   2.0399553e+03   1.1050000e+06
   2.0394944e+03   1.1040000e+06
   2.0390957e+03   1.1030000e+06
   2.0386946e+03   1.1020000e+06
   2.0382686e+03   1.1010000e+06
   2.0378680e+03   1.1000000e+06
   2.0374545e+03   1.0990000e+06
   2.0370391e+03   1.0980000e+06
   2.0366209e+03   1.0970000e+06
   2.0362007e+03   1.0960000e+06
   2.0358011e+03   1.0950000e+06
   2.0353586e+03   1.0940000e+06
   2.0349413e+03   1.0930000e+06
   2.0345292e+03   1.0920000e+06
   2.0341423e+03   1.0910000e+06
   2.0337390e+03   1.0900000e+06
   2.0333212e+03   1.0890000e+06
   2.0329048e+03   1.0880000e+06
   2.0324884e+03   1.0870000e+06
   2.0320724e+03   1.0860000e+06
   2.0316540e+03   1.0850000e+06
   2.0312380e+03   1.0840000e+06
   2.0308233e+03   1.0830000e+06
   2.0304038e+03   1.0820000e+06
   2.0300000e+03   1.0810431e+06
   2.0299818e+03   1.0810000e+06
   2.0295595e+03   1.0800000e+06
   2.0291371e+03   1.0790000e+06
   2.0287149e+03   1.0780000e+06
   2.0282926e+03   1.0770000e+06
   2.0278737e+03   1.0760000e+06
   2.0274563e+03   1.0750000e+06
   2.0270422e+03   1.0740000e+06
   2.0266244e+03   1.0730000e+06
   2.0262066e+03   1.0720000e+06
   2.0257836e+03   1.0710000e+06
   2.0253708e+03   1.0700000e+06
   2.0249548e+03   1.0690000e+06
   2.0245348e+03   1.0680000e+06
   2.0241181e+03   1.0670000e+06
   2.0237006e+03   1.0660000e+06
   2.0232811e+03   1.0650000e+06
   2.0228647e+03   1.0640000e+06
   2.0224418e+03   1.0630000e+06
   2.0220278e+03   1.0620000e+06
   2.0216149e+03   1.0610000e+06
   2.0212003e+03   1.0600000e+06
   2.0207885e+03   1.0590000e+06
   2.0203757e+03   1.0580000e+06
   2.0200000e+03   1.0570537e+06
   2.0199785e+03   1.0570000e+06
   2.0195412e+03   1.0560000e+06
   2.0191131e+03   1.0550000e+06
   2.0186860e+03   1.0540000e+06
   2.0182596e+03   1.0530000e+06
   2.0178281e+03   1.0520000e+06
   2.0174025e+03   1.0510000e+06
   2.0169902e+03   1.0500000e+06
   2.0165551e+03   1.0490000e+06
   2.0161206e+03   1.0480000e+06
   2.0156988e+03   1.0470000e+06
   2.0152776e+03   1.0460000e+06
   2.0148585e+03   1.0450000e+06
   2.0144457e+03   1.0440000e+06
   2.0140134e+03   1.0430000e+06
   2.0135861e+03   1.0420000e+06
   2.0131594e+03   1.0410000e+06
   2.0127307e+03   1.0400000e+06
   2.0123107e+03   1.0390000e+06
   2.0118815e+03   1.0380000e+06
   2.0114533e+03   1.0370000e+06
   2.0110291e+03   1.0360000e+06
   2.0105918e+03   1.0350000e+06
   2.0101666e+03   1.0340000e+06
   2.0100000e+03   1.0336077e+06
   2.0097420e+03   1.0330000e+06
   2.0093182e+03   1.0320000e+06
   2.0088936e+03   1.0310000e+06
   2.0084635e+03   1.0300000e+06
   2.0080263e+03   1.0290000e+06
   2.0075950e+03   1.0280000e+06
   2.0071561e+03   1.0270000e+06
   2.0067252e+03   1.0260000e+06
   2.0062969e+03   1.0250000e+06
   2.0058704e+03   1.0240000e+06
   2.0054449e+03   1.0230000e+06
   2.0049791e+03   1.0220000e+06
   2.0045554e+03   1.0210000e+06
   2.0041334e+03   1.0200000e+06
   2.0037097e+03   1.0190000e+06
   2.0032774e+03   1.0180000e+06
   2.0028320e+03   1.0170000e+06
   2.0023919e+03   1.0160000e+06
   2.0019642e+03   1.0150000e+06
   2.0015801e+03   1.0140000e+06
   2.0011288e+03   1.0130000e+06
   2.0006763e+03   1.0120000e+06
   2.0002593e+03   1.0110000e+06
   2.0000000e+03   1.0103774e+06
   1.9998407e+03   1.0100000e+06
   1.9994004e+03   1.0090000e+06
   1.9988862e+03   1.0080000e+06
   1.9984695e+03   1.0070000e+06
   1.9980563e+03   1.0060000e+06
   1.9976321e+03   1.0050000e+06
   1.9972079e+03   1.0040000e+06
   1.9967757e+03   1.0030000e+06
   1.9963245e+03   1.0020000e+06
   1.9958337e+03   1.0010000e+06
   1.9954165e+03   1.0000000e+06
   1.9949984e+03   9.9900000e+05
   1.9945717e+03   9.9800000e+05
   1.9941465e+03   9.9700000e+05
   1.9937362e+03   9.9600000e+05
   1.9933115e+03   9.9500000e+05
   1.9928884e+03   9.9400000e+05
   1.9924132e+03   9.9300000e+05
   1.9920278e+03   9.9200000e+05
   1.9915810e+03   9.9100000e+05
   1.9911345e+03   9.9000000e+05
   1.9906919e+03   9.8900000e+05
   1.9902376e+03   9.8800000e+05
   1.9900000e+03   9.8749310e+05
   1.9897701e+03   9.8700000e+05
   1.9893505e+03   9.8600000e+05
   1.9889309e+03   9.8500000e+05
   1.9885115e+03   9.8400000e+05
   1.9880919e+03   9.8300000e+05
   1.9876712e+03   9.8200000e+05
   1.9872512e+03   9.8100000e+05
   1.9867079e+03   9.8000000e+05
   1.9863824e+03   9.7900000e+05
   1.9859060e+03   9.7800000e+05
   1.9854529e+03   9.7700000e+05
   1.9850048e+03   9.7600000e+05
   1.9845588e+03   9.7500000e+05
   1.9841144e+03   9.7400000e+05
   1.9836875e+03   9.7300000e+05
   1.9832745e+03   9.7200000e+05
   1.9828484e+03   9.7100000e+05
   1.9824194e+03   9.7000000e+05
   1.9819908e+03   9.6900000e+05
   1.9815607e+03   9.6800000e+05
   1.9811197e+03   9.6700000e+05
   1.9806755e+03   9.6600000e+05
   1.9802268e+03   9.6500000e+05
   1.9800000e+03   9.6449648e+05
   1.9797732e+03   9.6400000e+05
   1.9793184e+03   9.6300000e+05
   1.9788661e+03   9.6200000e+05
   1.9784179e+03   9.6100000e+05
   1.9779923e+03   9.6000000e+05
   1.9775522e+03   9.5900000e+05
   1.9771265e+03   9.5800000e+05
   1.9767044e+03   9.5700000e+05
   1.9762773e+03   9.5600000e+05
   1.9758498e+03   9.5500000e+05
   1.9754036e+03   9.5400000e+05
   1.9749849e+03   9.5300000e+05
   1.9745364e+03   9.5200000e+05
   1.9739962e+03   9.5100000e+05
   1.9735493e+03   9.5000000e+05
   1.9731080e+03   9.4900000e+05
   1.9726705e+03   9.4800000e+05
   1.9722331e+03   9.4700000e+05
   1.9717963e+03   9.4600000e+05
   1.9713939e+03   9.4500000e+05
   1.9709567e+03   9.4400000e+05
   1.9705170e+03   9.4300000e+05
   1.9700760e+03   9.4200000e+05
   1.9700000e+03   9.4183391e+05
   1.9696198e+03   9.4100000e+05
   1.9691651e+03   9.4000000e+05
   1.9687039e+03   9.3900000e+05
   1.9683070e+03   9.3800000e+05
   1.9678543e+03   9.3700000e+05
   1.9673908e+03   9.3600000e+05
   1.9669338e+03   9.3500000e+05
   1.9664735e+03   9.3400000e+05
   1.9660044e+03   9.3300000e+05
   1.9655759e+03   9.3200000e+05
   1.9651026e+03   9.3100000e+05
   1.9646148e+03   9.3000000e+05
   1.9641636e+03   9.2900000e+05
   1.9637267e+03   9.2800000e+05
   1.9633153e+03   9.2700000e+05
   1.9628906e+03   9.2600000e+05
   1.9624436e+03   9.2500000e+05
   1.9620183e+03   9.2400000e+05
   1.9615399e+03   9.2300000e+05
   1.9611411e+03   9.2200000e+05
   1.9607014e+03   9.2100000e+05
   1.9602559e+03   9.2000000e+05
   1.9600000e+03   9.1942349e+05
   1.9598132e+03   9.1900000e+05
   1.9593709e+03   9.1800000e+05
   1.9589251e+03   9.1700000e+05
   1.9584707e+03   9.1600000e+05
   1.9579941e+03   9.1500000e+05
   1.9575385e+03   9.1400000e+05
   1.9570799e+03   9.1300000e+05
   1.9566166e+03   9.1200000e+05
   1.9561705e+03   9.1100000e+05
   1.9556854e+03   9.1000000e+05
   1.9552522e+03   9.0900000e+05
   1.9548164e+03   9.0800000e+05
   1.9543801e+03   9.0700000e+05
   1.9539442e+03   9.0600000e+05
   1.9535024e+03   9.0500000e+05
   1.9530736e+03   9.0400000e+05
   1.9526253e+03   9.0300000e+05
   1.9521701e+03   9.0200000e+05
   1.9517155e+03   9.0100000e+05
   1.9512575e+03   9.0000000e+05
   1.9507996e+03   8.9900000e+05
   1.9503407e+03   8.9800000e+05
   1.9500000e+03   8.9712955e+05
   1.9499495e+03   8.9700000e+05
   1.9494475e+03   8.9600000e+05
   1.9490144e+03   8.9500000e+05
   1.9485768e+03   8.9400000e+05
   1.9481383e+03   8.9300000e+05
   1.9476967e+03   8.9200000e+05
   1.9472554e+03   8.9100000e+05
   1.9468023e+03   8.9000000e+05
   1.9463434e+03   8.8900000e+05
   1.9458837e+03   8.8800000e+05
   1.9454233e+03   8.8700000e+05
   1.9449629e+03   8.8600000e+05
   1.9445017e+03   8.8500000e+05
   1.9440404e+03   8.8400000e+05
   1.9435789e+03   8.8300000e+05
   1.9431156e+03   8.8200000e+05
   1.9426534e+03   8.8100000e+05
   1.9421924e+03   8.8000000e+05
   1.9417290e+03   8.7900000e+05
   1.9412752e+03   8.7800000e+05
   1.9408061e+03   8.7700000e+05
   1.9403453e+03   8.7600000e+05
   1.9400000e+03   8.7527000e+05
   1.9398731e+03   8.7500000e+05
   1.9394162e+03   8.7400000e+05
   1.9389587e+03   8.7300000e+05
   1.9384996e+03   8.7200000e+05
   1.9380461e+03   8.7100000e+05
   1.9375916e+03   8.7000000e+05
   1.9371538e+03   8.6900000e+05
   1.9366877e+03   8.6800000e+05
   1.9362192e+03   8.6700000e+05
   1.9357612e+03   8.6600000e+05
   1.9353002e+03   8.6500000e+05
   1.9348389e+03   8.6400000e+05
   1.9344149e+03   8.6300000e+05
   1.9339299e+03   8.6200000e+05
   1.9333865e+03   8.6100000e+05
   1.9329285e+03   8.6000000e+05
   1.9324734e+03   8.5900000e+05
   1.9320094e+03   8.5800000e+05
   1.9315435e+03   8.5700000e+05
   1.9310818e+03   8.5600000e+05
   1.9306177e+03   8.5500000e+05
   1.9301567e+03   8.5400000e+05
   1.9300000e+03   8.5366443e+05
   1.9296935e+03   8.5300000e+05
   1.9292297e+03   8.5200000e+05
   1.9287657e+03   8.5100000e+05
   1.9283016e+03   8.5000000e+05
   1.9278385e+03   8.4900000e+05
   1.9273777e+03   8.4800000e+05
   1.9269118e+03   8.4700000e+05
   1.9264464e+03   8.4600000e+05
   1.9259690e+03   8.4500000e+05
   1.9255068e+03   8.4400000e+05
   1.9250553e+03   8.4300000e+05
   1.9245929e+03   8.4200000e+05
   1.9241263e+03   8.4100000e+05
   1.9236707e+03   8.4000000e+05
   1.9231909e+03   8.3900000e+05
   1.9227199e+03   8.3800000e+05
   1.9222511e+03   8.3700000e+05
   1.9217807e+03   8.3600000e+05
   1.9213111e+03   8.3500000e+05
   1.9208361e+03   8.3400000e+05
   1.9203643e+03   8.3300000e+05
   1.9200000e+03   8.3220748e+05
   1.9199062e+03   8.3200000e+05
   1.9194515e+03   8.3100000e+05
   1.9189955e+03   8.3000000e+05
   1.9185379e+03   8.2900000e+05
   1.9180789e+03   8.2800000e+05
   1.9176159e+03   8.2700000e+05
   1.9171575e+03   8.2600000e+05
   1.9166916e+03   8.2500000e+05
   1.9161979e+03   8.2400000e+05
   1.9157234e+03   8.2300000e+05
   1.9152481e+03   8.2200000e+05
   1.9147773e+03   8.2100000e+05
   1.9143001e+03   8.2000000e+05
   1.9138217e+03   8.1900000e+05
   1.9133473e+03   8.1800000e+05
   1.9128733e+03   8.1700000e+05
   1.9123986e+03   8.1600000e+05
   1.9119239e+03   8.1500000e+05
   1.9114626e+03   8.1400000e+05
   1.9109955e+03   8.1300000e+05
   1.9105282e+03   8.1200000e+05
   1.9100589e+03   8.1100000e+05
   1.9100000e+03   8.1087375e+05
   1.9095929e+03   8.1000000e+05
   1.9091199e+03   8.0900000e+05
   1.9086252e+03   8.0800000e+05
   1.9081720e+03   8.0700000e+05
   1.9077005e+03   8.0600000e+05
   1.9072659e+03   8.0500000e+05
   1.9067519e+03   8.0400000e+05
   1.9062722e+03   8.0300000e+05
   1.9057722e+03   8.0200000e+05
   1.9053112e+03   8.0100000e+05
   1.9048305e+03   8.0000000e+05
   1.9043498e+03   7.9900000e+05
   1.9038690e+03   7.9800000e+05
   1.9033878e+03   7.9700000e+05
   1.9029114e+03   7.9600000e+05
   1.9024773e+03   7.9500000e+05
   1.9019667e+03   7.9400000e+05
   1.9014955e+03   7.9300000e+05
   1.9010904e+03   7.9200000e+05
   1.9005109e+03   7.9100000e+05
   1.9000403e+03   7.9000000e+05
   1.9000000e+03   7.8991447e+05
   1.8995717e+03   7.8900000e+05
   1.8990861e+03   7.8800000e+05
   1.8986029e+03   7.8700000e+05
   1.8981328e+03   7.8600000e+05
   1.8976474e+03   7.8500000e+05
   1.8971615e+03   7.8400000e+05
   1.8966733e+03   7.8300000e+05
   1.8961885e+03   7.8200000e+05
   1.8957077e+03   7.8100000e+05
   1.8952247e+03   7.8000000e+05
   1.8947588e+03   7.7900000e+05
   1.8942763e+03   7.7800000e+05
   1.8937910e+03   7.7700000e+05
   1.8933165e+03   7.7600000e+05
   1.8928280e+03   7.7500000e+05
   1.8923279e+03   7.7400000e+05
   1.8918242e+03   7.7300000e+05
   1.8913103e+03   7.7200000e+05
   1.8908050e+03   7.7100000e+05
   1.8902943e+03   7.7000000e+05
   1.8900000e+03   7.6941590e+05
   1.8897944e+03   7.6900000e+05
   1.8893491e+03   7.6800000e+05
   1.8888772e+03   7.6700000e+05
   1.8884007e+03   7.6600000e+05
   1.8879208e+03   7.6500000e+05
   1.8874275e+03   7.6400000e+05
   1.8869336e+03   7.6300000e+05
   1.8864524e+03   7.6200000e+05
   1.8859687e+03   7.6100000e+05
   1.8854846e+03   7.6000000e+05
   1.8850031e+03   7.5900000e+05
   1.8845162e+03   7.5800000e+05
   1.8840385e+03   7.5700000e+05
   1.8835379e+03   7.5600000e+05
   1.8830456e+03   7.5500000e+05
   1.8825467e+03   7.5400000e+05
   1.8820466e+03   7.5300000e+05
   1.8815440e+03   7.5200000e+05
   1.8810607e+03   7.5100000e+05
   1.8805572e+03   7.5000000e+05
   1.8800737e+03   7.4900000e+05
   1.8800000e+03   7.4884762e+05
   1.8795972e+03   7.4800000e+05
   1.8791165e+03   7.4700000e+05
   1.8786317e+03   7.4600000e+05
   1.8781425e+03   7.4500000e+05
   1.8776460e+03   7.4400000e+05
   1.8771420e+03   7.4300000e+05
   1.8766397e+03   7.4200000e+05
   1.8761408e+03   7.4100000e+05
   1.8756142e+03   7.4000000e+05
   1.8751157e+03   7.3900000e+05
   1.8746463e+03   7.3800000e+05
   1.8741279e+03   7.3700000e+05
   1.8736355e+03   7.3600000e+05
   1.8731653e+03   7.3500000e+05
   1.8726710e+03   7.3400000e+05
   1.8721738e+03   7.3300000e+05
   1.8716766e+03   7.3200000e+05
   1.8711816e+03   7.3100000e+05
   1.8706901e+03   7.3000000e+05
   1.8701995e+03   7.2900000e+05
   1.8700000e+03   7.2859317e+05
   1.8697116e+03   7.2800000e+05
   1.8692086e+03   7.2700000e+05
   1.8687219e+03   7.2600000e+05
   1.8681561e+03   7.2500000e+05
   1.8677109e+03   7.2400000e+05
   1.8671903e+03   7.2300000e+05
   1.8667097e+03   7.2200000e+05
   1.8661877e+03   7.2100000e+05
   1.8656733e+03   7.2000000e+05
   1.8651862e+03   7.1900000e+05
   1.8646462e+03   7.1800000e+05
   1.8641545e+03   7.1700000e+05
   1.8636623e+03   7.1600000e+05
   1.8631688e+03   7.1500000e+05
   1.8626716e+03   7.1400000e+05
   1.8621777e+03   7.1300000e+05
   1.8616776e+03   7.1200000e+05
   1.8611663e+03   7.1100000e+05
   1.8606615e+03   7.1000000e+05
   1.8602049e+03   7.0900000e+05
   1.8600000e+03   7.0858589e+05
   1.8597113e+03   7.0800000e+05
   1.8591988e+03   7.0700000e+05
   1.8586819e+03   7.0600000e+05
   1.8581629e+03   7.0500000e+05
   1.8576386e+03   7.0400000e+05
   1.8571273e+03   7.0300000e+05
   1.8566131e+03   7.0200000e+05
   1.8561120e+03   7.0100000e+05
   1.8555809e+03   7.0000000e+05
   1.8551829e+03   6.9900000e+05
   1.8546898e+03   6.9800000e+05
   1.8541935e+03   6.9700000e+05
   1.8536190e+03   6.9600000e+05
   1.8530903e+03   6.9500000e+05
   1.8525610e+03   6.9400000e+05
   1.8521244e+03   6.9300000e+05
   1.8515332e+03   6.9200000e+05
   1.8510286e+03   6.9100000e+05
   1.8505240e+03   6.9000000e+05
   1.8500197e+03   6.8900000e+05
   1.8500000e+03   6.8896096e+05
   1.8495225e+03   6.8800000e+05
   1.8490245e+03   6.8700000e+05
   1.8485858e+03   6.8600000e+05
   1.8480683e+03   6.8500000e+05
   1.8475504e+03   6.8400000e+05
   1.8470408e+03   6.8300000e+05
   1.8465344e+03   6.8200000e+05
   1.8460177e+03   6.8100000e+05
   1.8454950e+03   6.8000000e+05
   1.8449691e+03   6.7900000e+05
   1.8444582e+03   6.7800000e+05
   1.8439294e+03   6.7700000e+05
   1.8433983e+03   6.7600000e+05
   1.8428654e+03   6.7500000e+05
   1.8423250e+03   6.7400000e+05
   1.8418123e+03   6.7300000e+05
   1.8413011e+03   6.7200000e+05
   1.8407972e+03   6.7100000e+05
   1.8402846e+03   6.7000000e+05
   1.8400000e+03   6.6944214e+05
   1.8397787e+03   6.6900000e+05
   1.8392719e+03   6.6800000e+05
   1.8387655e+03   6.6700000e+05
   1.8382420e+03   6.6600000e+05
   1.8377362e+03   6.6500000e+05
   1.8372312e+03   6.6400000e+05
   1.8367233e+03   6.6300000e+05
   1.8362157e+03   6.6200000e+05
   1.8357043e+03   6.6100000e+05
   1.8351873e+03   6.6000000e+05
   1.8346635e+03   6.5900000e+05
   1.8342189e+03   6.5800000e+05
   1.8336506e+03   6.5700000e+05
   1.8331300e+03   6.5600000e+05
   1.8326067e+03   6.5500000e+05
   1.8320679e+03   6.5400000e+05
   1.8315265e+03   6.5300000e+05
   1.8310016e+03   6.5200000e+05
   1.8305110e+03   6.5100000e+05
   1.8300000e+03   6.5006557e+05
   1.8299642e+03   6.5000000e+05
   1.8294953e+03   6.4900000e+05
   1.8288929e+03   6.4800000e+05
   1.8283744e+03   6.4700000e+05
   1.8278578e+03   6.4600000e+05
   1.8273354e+03   6.4500000e+05
   1.8268185e+03   6.4400000e+05
   1.8263116e+03   6.4300000e+05
   1.8257821e+03   6.4200000e+05
   1.8252612e+03   6.4100000e+05
   1.8247411e+03   6.4000000e+05
   1.8242418e+03   6.3900000e+05
   1.8236886e+03   6.3800000e+05
   1.8231696e+03   6.3700000e+05
   1.8226445e+03   6.3600000e+05
   1.8221159e+03   6.3500000e+05
   1.8215929e+03   6.3400000e+05
   1.8210797e+03   6.3300000e+05
   1.8205470e+03   6.3200000e+05
   1.8200238e+03   6.3100000e+05
   1.8200000e+03   6.3095389e+05
   1.8195113e+03   6.3000000e+05
   1.8189694e+03   6.2900000e+05
   1.8184504e+03   6.2800000e+05
   1.8179172e+03   6.2700000e+05
   1.8173813e+03   6.2600000e+05
   1.8168421e+03   6.2500000e+05
   1.8163068e+03   6.2400000e+05
   1.8157973e+03   6.2300000e+05
   1.8152229e+03   6.2200000e+05
   1.8146914e+03   6.2100000e+05
   1.8141595e+03   6.2000000e+05
   1.8136269e+03   6.1900000e+05
   1.8130945e+03   6.1800000e+05
   1.8125607e+03   6.1700000e+05
   1.8120301e+03   6.1600000e+05
   1.8114948e+03   6.1500000e+05
   1.8109629e+03   6.1400000e+05
   1.8104326e+03   6.1300000e+05
   1.8100000e+03   6.1218436e+05
   1.8099035e+03   6.1200000e+05
   1.8093690e+03   6.1100000e+05
   1.8088447e+03   6.1000000e+05
   1.8083190e+03   6.0900000e+05
   1.8077927e+03   6.0800000e+05
   1.8072668e+03   6.0700000e+05
   1.8067411e+03   6.0600000e+05
   1.8062128e+03   6.0500000e+05
   1.8056864e+03   6.0400000e+05
   1.8051493e+03   6.0300000e+05
   1.8045729e+03   6.0200000e+05
   1.8040893e+03   6.0100000e+05
   1.8034602e+03   6.0000000e+05
   1.8029240e+03   5.9900000e+05
   1.8023863e+03   5.9800000e+05
   1.8018409e+03   5.9700000e+05
   1.8012900e+03   5.9600000e+05
   1.8007678e+03   5.9500000e+05
   1.8002300e+03   5.9400000e+05
   1.8000000e+03   5.9358177e+05
   1.7996821e+03   5.9300000e+05
   1.7991389e+03   5.9200000e+05
   1.7986186e+03   5.9100000e+05
   1.7980539e+03   5.9000000e+05
   1.7975205e+03   5.8900000e+05
   1.7969707e+03   5.8800000e+05
   1.7964436e+03   5.8700000e+05
   1.7959209e+03   5.8600000e+05
   1.7953624e+03   5.8500000e+05
   1.7948199e+03   5.8400000e+05
   1.7942803e+03   5.8300000e+05
   1.7937462e+03   5.8200000e+05
   1.7932069e+03   5.8100000e+05
   1.7926654e+03   5.8000000e+05
   1.7921247e+03   5.7900000e+05
   1.7915631e+03   5.7800000e+05
   1.7909789e+03   5.7700000e+05
   1.7904240e+03   5.7600000e+05
   1.7900000e+03   5.7522520e+05
   1.7898782e+03   5.7500000e+05
   1.7893341e+03   5.7400000e+05
   1.7888174e+03   5.7300000e+05
   1.7882324e+03   5.7200000e+05
   1.7876836e+03   5.7100000e+05
   1.7871190e+03   5.7000000e+05
   1.7865647e+03   5.6900000e+05
   1.7860117e+03   5.6800000e+05
   1.7854617e+03   5.6700000e+05
   1.7849153e+03   5.6600000e+05
   1.7843644e+03   5.6500000e+05
   1.7838136e+03   5.6400000e+05
   1.7832593e+03   5.6300000e+05
   1.7827058e+03   5.6200000e+05
   1.7821507e+03   5.6100000e+05
   1.7815997e+03   5.6000000e+05
   1.7810565e+03   5.5900000e+05
   1.7804938e+03   5.5800000e+05
   1.7800000e+03   5.5710789e+05
   1.7799413e+03   5.5700000e+05
   1.7793962e+03   5.5600000e+05
   1.7788512e+03   5.5500000e+05
   1.7783062e+03   5.5400000e+05
   1.7777291e+03   5.5300000e+05
   1.7772022e+03   5.5200000e+05
   1.7766686e+03   5.5100000e+05
   1.7761055e+03   5.5000000e+05
   1.7755365e+03   5.4900000e+05
   1.7749616e+03   5.4800000e+05
   1.7743823e+03   5.4700000e+05
   1.7738113e+03   5.4600000e+05
   1.7732488e+03   5.4500000e+05
   1.7726776e+03   5.4400000e+05
   1.7721149e+03   5.4300000e+05
   1.7715526e+03   5.4200000e+05
   1.7709897e+03   5.4100000e+05
   1.7704259e+03   5.4000000e+05
   1.7700000e+03   5.3924289e+05
   1.7698653e+03   5.3900000e+05
   1.7693111e+03   5.3800000e+05
   1.7687547e+03   5.3700000e+05
   1.7681989e+03   5.3600000e+05
   1.7676381e+03   5.3500000e+05
   1.7670764e+03   5.3400000e+05
   1.7665250e+03   5.3300000e+05
   1.7659668e+03   5.3200000e+05
   1.7653979e+03   5.3100000e+05
   1.7648422e+03   5.3000000e+05
   1.7642831e+03   5.2900000e+05
   1.7637232e+03   5.2800000e+05
   1.7631560e+03   5.2700000e+05
   1.7625785e+03   5.2600000e+05
   1.7619957e+03   5.2500000e+05
   1.7614308e+03   5.2400000e+05
   1.7609058e+03   5.2300000e+05
   1.7603222e+03   5.2200000e+05
   1.7600000e+03   5.2145122e+05
   1.7597368e+03   5.2100000e+05
   1.7591586e+03   5.2000000e+05
   1.7585787e+03   5.1900000e+05
   1.7580057e+03   5.1800000e+05
   1.7574646e+03   5.1700000e+05
   1.7568797e+03   5.1600000e+05
   1.7562929e+03   5.1500000e+05
   1.7557067e+03   5.1400000e+05
   1.7551304e+03   5.1300000e+05
   1.7545542e+03   5.1200000e+05
   1.7539734e+03   5.1100000e+05
   1.7533963e+03   5.1000000e+05
   1.7528343e+03   5.0900000e+05
   1.7522419e+03   5.0800000e+05
   1.7516691e+03   5.0700000e+05
   1.7510950e+03   5.0600000e+05
   1.7505201e+03   5.0500000e+05
   1.7500000e+03   5.0409453e+05
   1.7499466e+03   5.0400000e+05
   1.7493793e+03   5.0300000e+05
   1.7488091e+03   5.0200000e+05
   1.7482296e+03   5.0100000e+05
   1.7476707e+03   5.0000000e+05
   1.7470946e+03   4.9900000e+05
   1.7465155e+03   4.9800000e+05
   1.7459324e+03   4.9700000e+05
   1.7453532e+03   4.9600000e+05
   1.7447688e+03   4.9500000e+05
   1.7441923e+03   4.9400000e+05
   1.7436137e+03   4.9300000e+05
   1.7430360e+03   4.9200000e+05
   1.7424560e+03   4.9100000e+05
   1.7418772e+03   4.9000000e+05
   1.7412931e+03   4.8900000e+05
   1.7407085e+03   4.8800000e+05
   1.7401135e+03   4.8700000e+05
   1.7400000e+03   4.8680952e+05
   1.7395265e+03   4.8600000e+05
   1.7389373e+03   4.8500000e+05
   1.7383445e+03   4.8400000e+05
   1.7377472e+03   4.8300000e+05
   1.7371617e+03   4.8200000e+05
   1.7365802e+03   4.8100000e+05
   1.7359978e+03   4.8000000e+05
   1.7354015e+03   4.7900000e+05
   1.7348177e+03   4.7800000e+05
   1.7342343e+03   4.7700000e+05
   1.7336548e+03   4.7600000e+05
   1.7330760e+03   4.7500000e+05
   1.7325014e+03   4.7400000e+05
   1.7319061e+03   4.7300000e+05
   1.7313306e+03   4.7200000e+05
   1.7307560e+03   4.7100000e+05
   1.7301784e+03   4.7000000e+05
   1.7300000e+03   4.6970302e+05
   1.7295816e+03   4.6900000e+05
   1.7289860e+03   4.6800000e+05
   1.7284303e+03   4.6700000e+05
   1.7278293e+03   4.6600000e+05
   1.7272314e+03   4.6500000e+05
   1.7266274e+03   4.6400000e+05
   1.7260313e+03   4.6300000e+05
   1.7254368e+03   4.6200000e+05
   1.7248380e+03   4.6100000e+05
   1.7242498e+03   4.6000000e+05
   1.7236475e+03   4.5900000e+05
   1.7230379e+03   4.5800000e+05
   1.7224347e+03   4.5700000e+05
   1.7218119e+03   4.5600000e+05
   1.7212294e+03   4.5500000e+05
   1.7206216e+03   4.5400000e+05
   1.7200153e+03   4.5300000e+05
   1.7200000e+03   4.5297539e+05
   1.7193993e+03   4.5200000e+05
   1.7188548e+03   4.5100000e+05
   1.7181773e+03   4.5000000e+05
   1.7175900e+03   4.4900000e+05
   1.7169954e+03   4.4800000e+05
   1.7163984e+03   4.4700000e+05
   1.7157997e+03   4.4600000e+05
   1.7152021e+03   4.4500000e+05
   1.7146044e+03   4.4400000e+05
   1.7140168e+03   4.4300000e+05
   1.7134353e+03   4.4200000e+05
   1.7128475e+03   4.4100000e+05
   1.7122540e+03   4.4000000e+05
   1.7116653e+03   4.3900000e+05
   1.7110374e+03   4.3800000e+05
   1.7104556e+03   4.3700000e+05
   1.7100000e+03   4.3625901e+05
   1.7098427e+03   4.3600000e+05
   1.7092365e+03   4.3500000e+05
   1.7086279e+03   4.3400000e+05
   1.7080192e+03   4.3300000e+05
   1.7074172e+03   4.3200000e+05
   1.7068016e+03   4.3100000e+05
   1.7061969e+03   4.3000000e+05
   1.7055893e+03   4.2900000e+05
   1.7049836e+03   4.2800000e+05
   1.7043769e+03   4.2700000e+05
   1.7037705e+03   4.2600000e+05
   1.7031575e+03   4.2500000e+05
   1.7025376e+03   4.2400000e+05
   1.7019208e+03   4.2300000e+05
   1.7012994e+03   4.2200000e+05
   1.7006764e+03   4.2100000e+05
   1.7000519e+03   4.2000000e+05
   1.7000000e+03   4.1991667e+05
   1.6994321e+03   4.1900000e+05
   1.6988142e+03   4.1800000e+05
   1.6981872e+03   4.1700000e+05
   1.6975699e+03   4.1600000e+05
   1.6969516e+03   4.1500000e+05
   1.6963321e+03   4.1400000e+05
   1.6957431e+03   4.1300000e+05
   1.6950992e+03   4.1200000e+05
   1.6944843e+03   4.1100000e+05
   1.6938635e+03   4.1000000e+05
   1.6932602e+03   4.0900000e+05
   1.6926875e+03   4.0800000e+05
   1.6920650e+03   4.0700000e+05
   1.6914412e+03   4.0600000e+05
   1.6908211e+03   4.0500000e+05
   1.6902023e+03   4.0400000e+05
   1.6900000e+03   4.0367957e+05
   1.6895700e+03   4.0300000e+05
   1.6889192e+03   4.0200000e+05
   1.6882983e+03   4.0100000e+05
   1.6876773e+03   4.0000000e+05
   1.6871113e+03   3.9900000e+05
   1.6864766e+03   3.9800000e+05
   1.6858042e+03   3.9700000e+05
   1.6851919e+03   3.9600000e+05
   1.6845265e+03   3.9500000e+05
   1.6839038e+03   3.9400000e+05
   1.6832707e+03   3.9300000e+05
   1.6826143e+03   3.9200000e+05
   1.6819914e+03   3.9100000e+05
   1.6813703e+03   3.9000000e+05
   1.6807477e+03   3.8900000e+05
   1.6801226e+03   3.8800000e+05
   1.6800000e+03   3.8780346e+05
   1.6795057e+03   3.8700000e+05
   1.6788831e+03   3.8600000e+05
   1.6782576e+03   3.8500000e+05
   1.6776336e+03   3.8400000e+05
   1.6770057e+03   3.8300000e+05
   1.6763803e+03   3.8200000e+05
   1.6757532e+03   3.8100000e+05
   1.6751195e+03   3.8000000e+05
   1.6744873e+03   3.7900000e+05
   1.6738545e+03   3.7800000e+05
   1.6732212e+03   3.7700000e+05
   1.6725895e+03   3.7600000e+05
   1.6719483e+03   3.7500000e+05
   1.6713077e+03   3.7400000e+05
   1.6706516e+03   3.7300000e+05
   1.6700000e+03   3.7200000e+05
   1.6700000e+03   3.7200000e+05
   1.6693570e+03   3.7100000e+05
   1.6687194e+03   3.7000000e+05
   1.6680791e+03   3.6900000e+05
   1.6674443e+03   3.6800000e+05
   1.6668117e+03   3.6700000e+05
   1.6661440e+03   3.6600000e+05
   1.6654811e+03   3.6500000e+05
   1.6648329e+03   3.6400000e+05
   1.6641691e+03   3.6300000e+05
   1.6635479e+03   3.6200000e+05
   1.6629462e+03   3.6100000e+05
   1.6623060e+03   3.6000000e+05
   1.6616656e+03   3.5900000e+05
   1.6609669e+03   3.5800000e+05
   1.6603688e+03   3.5700000e+05
   1.6600000e+03   3.5648624e+05
   1.6596514e+03   3.5600000e+05
   1.6590134e+03   3.5500000e+05
   1.6583763e+03   3.5400000e+05
   1.6577385e+03   3.5300000e+05
   1.6570799e+03   3.5200000e+05
   1.6564219e+03   3.5100000e+05
   1.6557655e+03   3.5000000e+05
   1.6550943e+03   3.4900000e+05
   1.6544440e+03   3.4800000e+05
   1.6537858e+03   3.4700000e+05
   1.6531238e+03   3.4600000e+05
   1.6524828e+03   3.4500000e+05
   1.6518275e+03   3.4400000e+05
   1.6511881e+03   3.4300000e+05
   1.6505324e+03   3.4200000e+05
   1.6500000e+03   3.4123529e+05
   1.6498373e+03   3.4100000e+05
   1.6491844e+03   3.4000000e+05
   1.6485326e+03   3.3900000e+05
   1.6478768e+03   3.3800000e+05
   1.6472067e+03   3.3700000e+05
   1.6465493e+03   3.3600000e+05
   1.6458907e+03   3.3500000e+05
   1.6452316e+03   3.3400000e+05
   1.6445789e+03   3.3300000e+05
   1.6439253e+03   3.3200000e+05
   1.6432574e+03   3.3100000e+05
   1.6425872e+03   3.3000000e+05
   1.6419299e+03   3.2900000e+05
   1.6412510e+03   3.2800000e+05
   1.6405813e+03   3.2700000e+05
   1.6400000e+03   3.2614559e+05
   1.6399010e+03   3.2600000e+05
   1.6392231e+03   3.2500000e+05
   1.6385612e+03   3.2400000e+05
   1.6378860e+03   3.2300000e+05
   1.6372179e+03   3.2200000e+05
   1.6365521e+03   3.2100000e+05
   1.6359299e+03   3.2000000e+05
   1.6351733e+03   3.1900000e+05
   1.6345460e+03   3.1800000e+05
   1.6338866e+03   3.1700000e+05
   1.6332083e+03   3.1600000e+05
   1.6325442e+03   3.1500000e+05
   1.6319449e+03   3.1400000e+05
   1.6312260e+03   3.1300000e+05
   1.6307061e+03   3.1200000e+05
   1.6300528e+03   3.1100000e+05
   1.6300000e+03   3.1090562e+05
   1.6294894e+03   3.1000000e+05
   1.6289456e+03   3.0900000e+05
   1.6283509e+03   3.0800000e+05
   1.6277522e+03   3.0700000e+05
   1.6271563e+03   3.0600000e+05
   1.6265961e+03   3.0500000e+05
   1.6260146e+03   3.0400000e+05
   1.6253863e+03   3.0300000e+05
   1.6247316e+03   3.0200000e+05
   1.6241577e+03   3.0100000e+05
   1.6235668e+03   3.0000000e+05
   1.6229614e+03   2.9900000e+05
   1.6223165e+03   2.9800000e+05
   1.6217222e+03   2.9700000e+05
   1.6212139e+03   2.9600000e+05
   1.6205743e+03   2.9500000e+05
   1.6200288e+03   2.9400000e+05
   1.6200000e+03   2.9395972e+05
   1.6193076e+03   2.9300000e+05
   1.6186743e+03   2.9200000e+05
   1.6180323e+03   2.9100000e+05
   1.6174508e+03   2.9000000e+05
   1.6168680e+03   2.8900000e+05
   1.6162554e+03   2.8800000e+05
   1.6157324e+03   2.8700000e+05
   1.6150965e+03   2.8600000e+05
   1.6144554e+03   2.8500000e+05
   1.6138075e+03   2.8400000e+05
   1.6131217e+03   2.8300000e+05
   1.6125189e+03   2.8200000e+05
   1.6118760e+03   2.8100000e+05
   1.6112346e+03   2.8000000e+05
   1.6106185e+03   2.7900000e+05
   1.6100252e+03   2.7800000e+05
   1.6100000e+03   2.7796269e+05
   1.6093531e+03   2.7700000e+05
   1.6087323e+03   2.7600000e+05
   1.6043380e+03   2.7500000e+05
   1.6000000e+03   2.7423806e+05
   1.5974722e+03   2.7400000e+05
   1.5957155e+03   2.7300000e+05
   1.5942525e+03   2.7200000e+05
   1.5936055e+03   2.7100000e+05
   1.5929641e+03   2.7000000e+05
   1.5923102e+03   2.6900000e+05
   1.5916619e+03   2.6800000e+05
   1.5910069e+03   2.6700000e+05
   1.5903519e+03   2.6600000e+05
   1.5900000e+03   2.6547082e+05
   1.5896889e+03   2.6500000e+05
   1.5890321e+03   2.6400000e+05
   1.5883704e+03   2.6300000e+05
   1.5877020e+03   2.6200000e+05
   1.5870164e+03   2.6100000e+05
   1.5863499e+03   2.6000000e+05
   1.5856663e+03   2.5900000e+05
   1.5849718e+03   2.5800000e+05
   1.5842656e+03   2.5700000e+05
   1.5835505e+03   2.5600000e+05
   1.5828489e+03   2.5500000e+05
   1.5821233e+03   2.5400000e+05
   1.5814079e+03   2.5300000e+05
   1.5806579e+03   2.5200000e+05
   1.5800000e+03   2.5114286e+05
   1.5798908e+03   2.5100000e+05
   1.5791270e+03   2.5000000e+05
   1.5783626e+03   2.4900000e+05
   1.5775875e+03   2.4800000e+05
   1.5767944e+03   2.4700000e+05
   1.5759884e+03   2.4600000e+05
   1.5751698e+03   2.4500000e+05
   1.5743425e+03   2.4400000e+05
   1.5735031e+03   2.4300000e+05
   1.5726468e+03   2.4200000e+05
   1.5717760e+03   2.4100000e+05
   1.5708937e+03   2.4000000e+05
   1.5700000e+03   2.3901113e+05
   1.5699900e+03   2.3900000e+05
   1.5690029e+03   2.3800000e+05
   1.5680765e+03   2.3700000e+05
   1.5693524e+03   2.3600000e+05
   1.5700000e+03   2.3587364e+05
   1.5800000e+03   2.3517417e+05
   1.5828006e+03   2.3500000e+05
   1.5819406e+03   2.3400000e+05
   1.5811162e+03   2.3300000e+05
   1.5802768e+03   2.3200000e+05
   1.5800000e+03   2.3167608e+05
   1.5794248e+03   2.3100000e+05
   1.5785574e+03   2.3000000e+05
   1.5776742e+03   2.2900000e+05
   1.5767858e+03   2.2800000e+05
   1.5758777e+03   2.2700000e+05
   1.5749643e+03   2.2600000e+05
   1.5740334e+03   2.2500000e+05
   1.5730923e+03   2.2400000e+05
   1.5721299e+03   2.2300000e+05
   1.5711667e+03   2.2200000e+05
   1.5704401e+03   2.2100000e+05
   1.5700000e+03   2.2065511e+05
   1.5691412e+03   2.2000000e+05
   1.5681910e+03   2.1900000e+05
   1.5672251e+03   2.1800000e+05
   1.5662628e+03   2.1700000e+05
   1.5652953e+03   2.1600000e+05
   1.5642996e+03   2.1500000e+05
   1.5632850e+03   2.1400000e+05
   1.5622767e+03   2.1300000e+05
   1.5612446e+03   2.1200000e+05
   1.5601612e+03   2.1100000e+05
   1.5600000e+03   2.1085099e+05
   1.5590815e+03   2.1000000e+05
   1.5579627e+03   2.0900000e+05
   1.5567998e+03   2.0800000e+05
   1.5556286e+03   2.0700000e+05
   1.5544357e+03   2.0600000e+05
   1.5532230e+03   2.0500000e+05
   1.5519418e+03   2.0400000e+05
   1.5506112e+03   2.0300000e+05
   1.5500000e+03   2.0253444e+05
   1.5493030e+03   2.0200000e+05
   1.5479150e+03   2.0100000e+05
   1.5464628e+03   2.0000000e+05
   1.5448092e+03   1.9900000e+05
   1.5434061e+03   1.9800000e+05
   1.5418149e+03   1.9700000e+05
   1.5401586e+03   1.9600000e+05
   1.5400000e+03   1.9591079e+05
   1.5383770e+03   1.9500000e+05
   1.5365180e+03   1.9400000e+05
   1.5346227e+03   1.9300000e+05
   1.5325812e+03   1.9200000e+05
   1.5303890e+03   1.9100000e+05
   1.5300000e+03   1.9085452e+05
   1.5277465e+03   1.9000000e+05
   1.5264319e+03   1.8900000e+05
   1.5244526e+03   1.8800000e+05
   1.5226694e+03   1.8700000e+05
   1.5208587e+03   1.8600000e+05
   1.5200000e+03   1.8552854e+05
   1.5190464e+03   1.8500000e+05
   1.5171707e+03   1.8400000e+05
   1.5151830e+03   1.8300000e+05
   1.5131394e+03   1.8200000e+05
   1.5112319e+03   1.8100000e+05
   1.5100000e+03   1.8056069e+05
   1.5085198e+03   1.8000000e+05
   1.5061284e+03   1.7900000e+05
   1.5047920e+03   1.7800000e+05
   1.5026970e+03   1.7700000e+05
   1.5004403e+03   1.7600000e+05
   1.5000000e+03   1.7563503e+05
   1.4993162e+03   1.7500000e+05
   1.4985759e+03   1.7400000e+05
   1.4979505e+03   1.7300000e+05
   1.4973223e+03   1.7200000e+05
   1.4966933e+03   1.7100000e+05
   1.4960663e+03   1.7000000e+05
   1.4933473e+03   1.6900000e+05
   1.4900000e+03   1.6825626e+05
   1.4889337e+03   1.6800000e+05
   1.4854139e+03   1.6700000e+05
   1.4817277e+03   1.6600000e+05
   1.4800000e+03   1.6549114e+05
   1.4783414e+03   1.6500000e+05
   1.4747495e+03   1.6400000e+05
   1.4720850e+03   1.6300000e+05
   1.4700000e+03   1.6212293e+05
   1.4697135e+03   1.6200000e+05
   1.4678011e+03   1.6100000e+05
   1.4670378e+03   1.6000000e+05
   1.4664639e+03   1.5900000e+05
   1.4658866e+03   1.5800000e+05
   1.4653390e+03   1.5700000e+05
   1.4648040e+03   1.5600000e+05
   1.4642386e+03   1.5500000e+05
   1.4636709e+03   1.5400000e+05
   1.4630986e+03   1.5300000e+05
   1.4625345e+03   1.5200000e+05
   1.4619544e+03   1.5100000e+05
   1.4613597e+03   1.5000000e+05
   1.4607404e+03   1.4900000e+05
   1.4601756e+03   1.4800000e+05
   1.4600000e+03   1.4770408e+05
   1.4595846e+03   1.4700000e+05
   1.4589782e+03   1.4600000e+05
   1.4585284e+03   1.4500000e+05
   1.4584813e+03   1.4400000e+05
   1.4585151e+03   1.4300000e+05
   1.4585112e+03   1.4200000e+05
   1.4584094e+03   1.4100000e+05
   1.4582819e+03   1.4000000e+05
   1.4581146e+03   1.3900000e+05
   1.4579120e+03   1.3800000e+05
   1.4576465e+03   1.3700000e+05
   1.4573574e+03   1.3600000e+05
   1.4570115e+03   1.3500000e+05
   1.4566313e+03   1.3400000e+05
   1.4562516e+03   1.3300000e+05
   1.4557918e+03   1.3200000e+05
   1.4553249e+03   1.3100000e+05
   1.4549243e+03   1.3000000e+05
   1.4533324e+03   1.2900000e+05
   1.4500000e+03   1.2865307e+05
   1.4436686e+03   1.2800000e+05
   1.4400000e+03   1.2757784e+05
   1.4351427e+03   1.2700000e+05
   1.4300000e+03   1.2632615e+05
   1.4267418e+03   1.2600000e+05
   1.4240695e+03   1.2500000e+05
   1.4235158e+03   1.2400000e+05
   1.4229788e+03   1.2300000e+05
   1.4223837e+03   1.2200000e+05
   1.4217766e+03   1.2100000e+05
   1.4211661e+03   1.2000000e+05
   1.4205487e+03   1.1900000e+05
   1.4200000e+03   1.1813603e+05
   1.4199141e+03   1.1800000e+05
   1.4192740e+03   1.1700000e+05
   1.4186195e+03   1.1600000e+05
   1.4179587e+03   1.1500000e+05
   1.4172901e+03   1.1400000e+05
   1.4166198e+03   1.1300000e+05
   1.4159326e+03   1.1200000e+05
   1.4152259e+03   1.1100000e+05
   1.4145579e+03   1.1000000e+05
   1.4138355e+03   1.0900000e+05
   1.4130893e+03   1.0800000e+05
   1.4123432e+03   1.0700000e+05
   1.4116470e+03   1.0600000e+05
   1.4108803e+03   1.0500000e+05
   1.4101160e+03   1.0400000e+05
   1.4100000e+03   1.0384802e+05
   1.4093564e+03   1.0300000e+05
   1.4085997e+03   1.0200000e+05
   1.4078286e+03   1.0100000e+05
   1.4070534e+03   1.0000000e+05
   1.4062748e+03   9.9000000e+04
   1.4054992e+03   9.8000000e+04
   1.4047314e+03   9.7000000e+04
   1.4039426e+03   9.6000000e+04
   1.4031300e+03   9.5000000e+04
   1.4023104e+03   9.4000000e+04
   1.4015061e+03   9.3000000e+04
   1.4006824e+03   9.2000000e+04
   1.4000000e+03   9.1203481e+04
   1.3998263e+03   9.1000000e+04
   1.3989739e+03   9.0000000e+04
   1.3981560e+03   8.9000000e+04
   1.3973103e+03   8.8000000e+04
   1.3964477e+03   8.7000000e+04
   1.3956032e+03   8.6000000e+04
   1.3947397e+03   8.5000000e+04
   1.3938680e+03   8.4000000e+04
   1.3929995e+03   8.3000000e+04
   1.3900000e+03   8.2208019e+04
   1.3893928e+03   8.2000000e+04
   1.3883854e+03   8.1000000e+04
   1.3875627e+03   8.0000000e+04
   1.3867415e+03   7.9000000e+04
   1.3859141e+03   7.8000000e+04
   1.3850769e+03   7.7000000e+04
   1.3842340e+03   7.6000000e+04
   1.3833895e+03   7.5000000e+04
   1.3825433e+03   7.4000000e+04
   1.3816830e+03   7.3000000e+04
   1.3808199e+03   7.2000000e+04
   1.3800000e+03   7.1050066e+04
   1.3799571e+03   7.1000000e+04
   1.3790868e+03   7.0000000e+04
   1.3782180e+03   6.9000000e+04
   1.3773460e+03   6.8000000e+04
   1.3764670e+03   6.7000000e+04
   1.3755751e+03   6.6000000e+04
   1.3746765e+03   6.5000000e+04
   1.3737751e+03   6.4000000e+04
   1.3728755e+03   6.3000000e+04
   1.3719651e+03   6.2000000e+04
   1.3710455e+03   6.1000000e+04
   1.3701194e+03   6.0000000e+04
   1.3700000e+03   5.9872135e+04
   1.3691917e+03   5.9000000e+04
   1.3683062e+03   5.8000000e+04
   1.3673566e+03   5.7000000e+04
   1.3663936e+03   5.6000000e+04
   1.3654654e+03   5.5000000e+04
   1.3644965e+03   5.4000000e+04
   1.3635244e+03   5.3000000e+04
   1.3625495e+03   5.2000000e+04
   1.3615876e+03   5.1000000e+04
   1.3606059e+03   5.0000000e+04
   1.3600000e+03   4.9396226e+04
   1.3596054e+03   4.9000000e+04
   1.3586065e+03   4.8000000e+04
   1.3576164e+03   4.7000000e+04
   1.3566007e+03   4.6000000e+04
   1.3555971e+03   4.5000000e+04
   1.3546241e+03   4.4000000e+04
   1.3536099e+03   4.3000000e+04
   1.3525852e+03   4.2000000e+04
   1.3515414e+03   4.1000000e+04
   1.3504972e+03   4.0000000e+04
   1.3500000e+03   3.9520299e+04
   1.3494635e+03   3.9000000e+04
   1.3483313e+03   3.8000000e+04
   1.3472541e+03   3.7000000e+04
   1.3461796e+03   3.6000000e+04
   1.3450809e+03   3.5000000e+04
   1.3439577e+03   3.4000000e+04
   1.3428408e+03   3.3000000e+04
   1.3417005e+03   3.2000000e+04
   1.3405037e+03   3.1000000e+04
   1.3400000e+03   3.0576147e+04
   1.3393210e+03   3.0000000e+04
   1.3381348e+03   2.9000000e+04
   1.3369482e+03   2.8000000e+04
   1.3357393e+03   2.7000000e+04
   1.3344962e+03   2.6000000e+04
   1.3332254e+03   2.5000000e+04
   1.3319267e+03   2.4000000e+04
   1.3306177e+03   2.3000000e+04
   1.3300000e+03   2.2541101e+04
   1.3292767e+03   2.2000000e+04
   1.3278952e+03   2.1000000e+04
   1.3264615e+03   2.0000000e+04
   1.3250149e+03   1.9000000e+04
   1.3234494e+03   1.8000000e+04
   1.3218497e+03   1.7000000e+04
   1.3201554e+03   1.6000000e+04
   1.3200000e+03   1.5921193e+04
   1.3181553e+03   1.5000000e+04
   1.3120478e+03   1.4000000e+04
   1.3108421e+03   1.3000000e+04
   1.3100000e+03   1.2324162e+04
   1.3096057e+03   1.2000000e+04
   1.3083643e+03   1.1000000e+04
   1.3071191e+03   1.0000000e+04
   1.3058893e+03   9.0000000e+03
   1.3064979e+03   8.0000000e+03
   1.3061369e+03   7.0000000e+03
   1.3055725e+03   6.0000000e+03
   1.3048760e+03   5.0000000e+03
   1.3040621e+03   4.0000000e+03
   1.3031288e+03   3.0000000e+03
   1.3021398e+03   2.0000000e+03
   1.3010974e+03   1.0000000e+03
   1.3000000e+03   0.0000000e+00
   1.3000000e+03   0.0000000e+00
