   2.6875478e+03   1.3500000e+06
   2.6869920e+03   1.3490000e+06
   2.6864356e+03   1.3480000e+06
   2.6858779e+03   1.3470000e+06
   2.6853229e+03   1.3460000e+06
   2.6847641e+03   1.3450000e+06
   2.6842116e+03   1.3440000e+06
   2.6836486e+03   1.3430000e+06
   2.6831085e+03   1.3420000e+06
   2.6825553e+03   1.3410000e+06
   2.6820000e+03   1.3400000e+06
   2.6814465e+03   1.3390000e+06
   2.6808913e+03   1.3380000e+06
   2.6803320e+03   1.3370000e+06
   2.6800000e+03   1.3364000e+06
   2.6797818e+03   1.3360000e+06
   2.6792322e+03   1.3350000e+06
   2.6786811e+03   1.3340000e+06
   2.6781321e+03   1.3330000e+06
   2.6775828e+03   1.3320000e+06
   2.6770988e+03   1.3310000e+06
   2.6764850e+03   1.3300000e+06
   2.6759649e+03   1.3290000e+06
   2.6754327e+03   1.3280000e+06
   2.6748958e+03   1.3270000e+06
   2.6743571e+03   1.3260000e+06
   2.6738067e+03   1.3250000e+06
   2.6732635e+03   1.3240000e+06
   2.6727011e+03   1.3230000e+06
   2.6721418e+03   1.3220000e+06
   2.6715850e+03   1.3210000e+06
   2.6710253e+03   1.3200000e+06
   2.6704741e+03   1.3190000e+06
   2.6700000e+03   1.3181571e+06
   2.6699116e+03   1.3180000e+06
   2.6693592e+03   1.3170000e+06
   2.6687985e+03   1.3160000e+06
   2.6682377e+03   1.3150000e+06
   2.6676779e+03   1.3140000e+06
   2.6671167e+03   1.3130000e+06
   2.6665545e+03   1.3120000e+06
   2.6659940e+03   1.3110000e+06
   2.6654324e+03   1.3100000e+06
   2.6648695e+03   1.3090000e+06
   2.6643082e+03   1.3080000e+06
   2.6637443e+03   1.3070000e+06
   2.6631803e+03   1.3060000e+06
   2.6626180e+03   1.3050000e+06
   2.6620539e+03   1.3040000e+06
   2.6614911e+03   1.3030000e+06
   2.6609226e+03   1.3020000e+06
   2.6603578e+03   1.3010000e+06
   2.6600000e+03   1.3003664e+06
   2.6597939e+03   1.3000000e+06
   2.6592313e+03   1.2990000e+06
   2.6586665e+03   1.2980000e+06
   2.6581039e+03   1.2970000e+06
   2.6575397e+03   1.2960000e+06
   2.6569751e+03   1.2950000e+06
   2.6564105e+03   1.2940000e+06
   2.6558459e+03   1.2930000e+06
   2.6552812e+03   1.2920000e+06
   2.6547156e+03   1.2910000e+06
   2.6541477e+03   1.2900000e+06
   2.6535817e+03   1.2890000e+06
   2.6530148e+03   1.2880000e+06
   2.6524479e+03   1.2870000e+06
   2.6518806e+03   1.2860000e+06
   2.6513136e+03   1.2850000e+06
   2.6507448e+03   1.2840000e+06
   2.6501760e+03   1.2830000e+06
   2.6500000e+03   1.2826906e+06
   2.6496152e+03   1.2820000e+06
   2.6491210e+03   1.2810000e+06
   2.6486160e+03   1.2800000e+06
   2.6480383e+03   1.2790000e+06
   2.6474638e+03   1.2780000e+06
   2.6469336e+03   1.2770000e+06
   2.6463981e+03   1.2760000e+06
   2.6458599e+03   1.2750000e+06
   2.6453164e+03   1.2740000e+06
   2.6447609e+03   1.2730000e+06
   2.6441948e+03   1.2720000e+06
   2.6436237e+03   1.2710000e+06
   2.6430549e+03   1.2700000e+06
   2.6424866e+03   1.2690000e+06
   2.6419171e+03   1.2680000e+06
   2.6413467e+03   1.2670000e+06
   2.6407758e+03   1.2660000e+06
   2.6402052e+03   1.2650000e+06
   2.6400000e+03   1.2646418e+06
   2.6396339e+03   1.2640000e+06
   2.6390656e+03   1.2630000e+06
   2.6384972e+03   1.2620000e+06
   2.6379272e+03   1.2610000e+06
   2.6373569e+03   1.2600000e+06
   2.6367844e+03   1.2590000e+06
   2.6362141e+03   1.2580000e+06
   2.6356416e+03   1.2570000e+06
   2.6350692e+03   1.2560000e+06
   2.6344967e+03   1.2550000e+06
   2.6339251e+03   1.2540000e+06
   2.6333511e+03   1.2530000e+06
   2.6327781e+03   1.2520000e+06
   2.6322038e+03   1.2510000e+06
   2.6316294e+03   1.2500000e+06
   2.6310551e+03   1.2490000e+06
   2.6304807e+03   1.2480000e+06
   2.6300000e+03   1.2471630e+06
   2.6299067e+03   1.2470000e+06
   2.6293345e+03   1.2460000e+06
   2.6287619e+03   1.2450000e+06
   2.6281886e+03   1.2440000e+06
   2.6276139e+03   1.2430000e+06
   2.6270415e+03   1.2420000e+06
   2.6264667e+03   1.2410000e+06
   2.6258923e+03   1.2400000e+06
   2.6253178e+03   1.2390000e+06
   2.6247436e+03   1.2380000e+06
   2.6241695e+03   1.2370000e+06
   2.6235932e+03   1.2360000e+06
   2.6230184e+03   1.2350000e+06
   2.6224402e+03   1.2340000e+06
   2.6218640e+03   1.2330000e+06
   2.6212855e+03   1.2320000e+06
   2.6207013e+03   1.2310000e+06
   2.6201229e+03   1.2300000e+06
   2.6200000e+03   1.2297875e+06
   2.6195463e+03   1.2290000e+06
   2.6189684e+03   1.2280000e+06
   2.6183921e+03   1.2270000e+06
   2.6178122e+03   1.2260000e+06
   2.6172342e+03   1.2250000e+06
   2.6166533e+03   1.2240000e+06
   2.6160742e+03   1.2230000e+06
   2.6154977e+03   1.2220000e+06
   2.6149220e+03   1.2210000e+06
   2.6143475e+03   1.2200000e+06
   2.6137719e+03   1.2190000e+06
   2.6131942e+03   1.2180000e+06
   2.6126186e+03   1.2170000e+06
   2.6120241e+03   1.2160000e+06
   2.6114838e+03   1.2150000e+06
   2.6108746e+03   1.2140000e+06
   2.6102892e+03   1.2130000e+06
   2.6100000e+03   1.2125054e+06
   2.6097116e+03   1.2120000e+06
   2.6091450e+03   1.2110000e+06
   2.6087015e+03   1.2100000e+06
   2.6080362e+03   1.2090000e+06
   2.6075128e+03   1.2080000e+06
   2.6069615e+03   1.2070000e+06
   2.6064733e+03   1.2060000e+06
   2.6059442e+03   1.2050000e+06
   2.6053596e+03   1.2040000e+06
   2.6047870e+03   1.2030000e+06
   2.6042782e+03   1.2020000e+06
   2.6037693e+03   1.2010000e+06
   2.6023027e+03   1.2000000e+06
   2.6000000e+03   1.1994713e+06
   2.5981927e+03   1.1990000e+06
   2.5932997e+03   1.1980000e+06
   2.5900000e+03   1.1973143e+06
   2.5885446e+03   1.1970000e+06
   2.5836221e+03   1.1960000e+06
   2.5800000e+03   1.1952676e+06
   2.5788545e+03   1.1950000e+06
   2.5732128e+03   1.1940000e+06
   2.5700000e+03   1.1933410e+06
   2.5684494e+03   1.1930000e+06
   2.5656942e+03   1.1920000e+06
   2.5643274e+03   1.1910000e+06
   2.5638420e+03   1.1900000e+06
   2.5633818e+03   1.1890000e+06
   2.5628969e+03   1.1880000e+06
   2.5623425e+03   1.1870000e+06
   2.5618423e+03   1.1860000e+06
   2.5613438e+03   1.1850000e+06
   2.5608478e+03   1.1840000e+06
   2.5603489e+03   1.1830000e+06
   2.5600000e+03   1.1822983e+06
   2.5598521e+03   1.1820000e+06
   2.5593432e+03   1.1810000e+06
   2.5588722e+03   1.1800000e+06
   2.5583673e+03   1.1790000e+06
   2.5578687e+03   1.1780000e+06
   2.5573786e+03   1.1770000e+06
   2.5568827e+03   1.1760000e+06
   2.5563780e+03   1.1750000e+06
   2.5558863e+03   1.1740000e+06
   2.5553851e+03   1.1730000e+06
   2.5548906e+03   1.1720000e+06
   2.5543908e+03   1.1710000e+06
   2.5538925e+03   1.1700000e+06
   2.5533993e+03   1.1690000e+06
   2.5528779e+03   1.1680000e+06
   2.5523954e+03   1.1670000e+06
   2.5518797e+03   1.1660000e+06
   2.5513925e+03   1.1650000e+06
   2.5508932e+03   1.1640000e+06
   2.5503968e+03   1.1630000e+06
   2.5500000e+03   1.1622510e+06
   2.5498674e+03   1.1620000e+06
   2.5493737e+03   1.1610000e+06
   2.5488751e+03   1.1600000e+06
   2.5483254e+03   1.1590000e+06
   2.5478761e+03   1.1580000e+06
   2.5473741e+03   1.1570000e+06
   2.5468437e+03   1.1560000e+06
   2.5463644e+03   1.1550000e+06
   2.5458495e+03   1.1540000e+06
   2.5453260e+03   1.1530000e+06
   2.5448828e+03   1.1520000e+06
   2.5443346e+03   1.1510000e+06
   2.5438373e+03   1.1500000e+06
   2.5433368e+03   1.1490000e+06
   2.5428354e+03   1.1480000e+06
   2.5423231e+03   1.1470000e+06
   2.5418243e+03   1.1460000e+06
   2.5413236e+03   1.1450000e+06
   2.5408722e+03   1.1440000e+06
   2.5403657e+03   1.1430000e+06
   2.5400000e+03   1.1423605e+06
   2.5398073e+03   1.1420000e+06
   2.5393105e+03   1.1410000e+06
   2.5388108e+03   1.1400000e+06
   2.5382966e+03   1.1390000e+06
   2.5377898e+03   1.1380000e+06
   2.5372863e+03   1.1370000e+06
   2.5367865e+03   1.1360000e+06
   2.5362887e+03   1.1350000e+06
   2.5357640e+03   1.1340000e+06
   2.5352630e+03   1.1330000e+06
   2.5350887e+03   1.1320000e+06
   2.5345485e+03   1.1310000e+06
   2.5340053e+03   1.1300000e+06
   2.5334634e+03   1.1290000e+06
   2.5329243e+03   1.1280000e+06
   2.5323429e+03   1.1270000e+06
   2.5318148e+03   1.1260000e+06
   2.5312736e+03   1.1250000e+06
   2.5307672e+03   1.1240000e+06
   2.5302219e+03   1.1230000e+06
   2.5300000e+03   1.1225984e+06
   2.5296920e+03   1.1220000e+06
   2.5291725e+03   1.1210000e+06
   2.5292651e+03   1.1200000e+06
   2.5287282e+03   1.1190000e+06
   2.5281914e+03   1.1180000e+06
   2.5275305e+03   1.1170000e+06
   2.5269998e+03   1.1160000e+06
   2.5264678e+03   1.1150000e+06
   2.5258464e+03   1.1140000e+06
   2.5253214e+03   1.1130000e+06
   2.5247923e+03   1.1120000e+06
   2.5242639e+03   1.1110000e+06
   2.5237320e+03   1.1100000e+06
   2.5231953e+03   1.1090000e+06
   2.5225902e+03   1.1080000e+06
   2.5220747e+03   1.1070000e+06
   2.5220756e+03   1.1060000e+06
   2.5214960e+03   1.1050000e+06
   2.5211087e+03   1.1040000e+06
   2.5206243e+03   1.1030000e+06
   2.5201398e+03   1.1020000e+06
   2.5200000e+03   1.1017717e+06
   2.5194769e+03   1.1010000e+06
   2.5188065e+03   1.1000000e+06
   2.5182750e+03   1.0990000e+06
   2.5177446e+03   1.0980000e+06
   2.5172131e+03   1.0970000e+06
   2.5166774e+03   1.0960000e+06
   2.5160551e+03   1.0950000e+06
   2.5155313e+03   1.0940000e+06
   2.5153237e+03   1.0930000e+06
   2.5148271e+03   1.0920000e+06
   2.5142601e+03   1.0910000e+06
   2.5137608e+03   1.0900000e+06
   2.5132602e+03   1.0890000e+06
   2.5127246e+03   1.0880000e+06
   2.5122297e+03   1.0870000e+06
   2.5117365e+03   1.0860000e+06
   2.5112418e+03   1.0850000e+06
   2.5107471e+03   1.0840000e+06
   2.5102503e+03   1.0830000e+06
   2.5100000e+03   1.0826050e+06
   2.5096135e+03   1.0820000e+06
   2.5091018e+03   1.0810000e+06
   2.5085941e+03   1.0800000e+06
   2.5080625e+03   1.0790000e+06
   2.5075483e+03   1.0780000e+06
   2.5070321e+03   1.0770000e+06
   2.5064641e+03   1.0760000e+06
   2.5057790e+03   1.0750000e+06
   2.5052691e+03   1.0740000e+06
   2.5045699e+03   1.0730000e+06
   2.5041612e+03   1.0720000e+06
   2.5036687e+03   1.0710000e+06
   2.5027353e+03   1.0700000e+06
   2.5022608e+03   1.0690000e+06
   2.5017008e+03   1.0680000e+06
   2.5011839e+03   1.0670000e+06
   2.5006732e+03   1.0660000e+06
   2.5001271e+03   1.0650000e+06
   2.5000000e+03   1.0647569e+06
   2.4996105e+03   1.0640000e+06
   2.4990960e+03   1.0630000e+06
   2.4985832e+03   1.0620000e+06
   2.4980557e+03   1.0610000e+06
   2.4975495e+03   1.0600000e+06
   2.4970025e+03   1.0590000e+06
   2.4964814e+03   1.0580000e+06
   2.4959595e+03   1.0570000e+06
   2.4954373e+03   1.0560000e+06
   2.4949162e+03   1.0550000e+06
   2.4943952e+03   1.0540000e+06
   2.4938733e+03   1.0530000e+06
   2.4933510e+03   1.0520000e+06
   2.4928280e+03   1.0510000e+06
   2.4922967e+03   1.0500000e+06
   2.4917794e+03   1.0490000e+06
   2.4912526e+03   1.0480000e+06
   2.4907273e+03   1.0470000e+06
   2.4901982e+03   1.0460000e+06
   2.4900000e+03   1.0456240e+06
   2.4896724e+03   1.0450000e+06
   2.4891472e+03   1.0440000e+06
   2.4886220e+03   1.0430000e+06
   2.4880952e+03   1.0420000e+06
   2.4875702e+03   1.0410000e+06
   2.4870437e+03   1.0400000e+06
   2.4865168e+03   1.0390000e+06
   2.4859898e+03   1.0380000e+06
   2.4854629e+03   1.0370000e+06
   2.4849359e+03   1.0360000e+06
   2.4844090e+03   1.0350000e+06
   2.4838812e+03   1.0340000e+06
   2.4833544e+03   1.0330000e+06
   2.4828255e+03   1.0320000e+06
   2.4822966e+03   1.0310000e+06
   2.4817677e+03   1.0300000e+06
   2.4812370e+03   1.0290000e+06
   2.4807079e+03   1.0280000e+06
   2.4801770e+03   1.0270000e+06
   2.4800000e+03   1.0266667e+06
   2.4796474e+03   1.0260000e+06
   2.4791128e+03   1.0250000e+06
   2.4785874e+03   1.0240000e+06
   2.4780563e+03   1.0230000e+06
   2.4775253e+03   1.0220000e+06
   2.4769929e+03   1.0210000e+06
   2.4764600e+03   1.0200000e+06
   2.4759259e+03   1.0190000e+06
   2.4753940e+03   1.0180000e+06
   2.4748633e+03   1.0170000e+06
   2.4743306e+03   1.0160000e+06
   2.4737979e+03   1.0150000e+06
   2.4732651e+03   1.0140000e+06
   2.4727324e+03   1.0130000e+06
   2.4721952e+03   1.0120000e+06
   2.4716643e+03   1.0110000e+06
   2.4711300e+03   1.0100000e+06
   2.4705951e+03   1.0090000e+06
   2.4700587e+03   1.0080000e+06
   2.4700000e+03   1.0078906e+06
   2.4695241e+03   1.0070000e+06
   2.4689861e+03   1.0060000e+06
   2.4684570e+03   1.0050000e+06
   2.4679189e+03   1.0040000e+06
   2.4673796e+03   1.0030000e+06
   2.4668414e+03   1.0020000e+06
   2.4663026e+03   1.0010000e+06
   2.4657623e+03   1.0000000e+06
   2.4652319e+03   9.9900000e+05
   2.4646850e+03   9.9800000e+05
   2.4641481e+03   9.9700000e+05
   2.4636153e+03   9.9600000e+05
   2.4630789e+03   9.9500000e+05
   2.4625398e+03   9.9400000e+05
   2.4619992e+03   9.9300000e+05
   2.4614602e+03   9.9200000e+05
   2.4609199e+03   9.9100000e+05
   2.4603803e+03   9.9000000e+05
   2.4600000e+03   9.8929478e+05
   2.4598414e+03   9.8900000e+05
   2.4593054e+03   9.8800000e+05
   2.4587653e+03   9.8700000e+05
   2.4582220e+03   9.8600000e+05
   2.4576796e+03   9.8500000e+05
   2.4571377e+03   9.8400000e+05
   2.4565945e+03   9.8300000e+05
   2.4560502e+03   9.8200000e+05
   2.4555043e+03   9.8100000e+05
   2.4549629e+03   9.8000000e+05
   2.4544157e+03   9.7900000e+05
   2.4538682e+03   9.7800000e+05
   2.4533387e+03   9.7700000e+05
   2.4527848e+03   9.7600000e+05
   2.4522416e+03   9.7500000e+05
   2.4516897e+03   9.7400000e+05
   2.4511496e+03   9.7300000e+05
   2.4506028e+03   9.7200000e+05
   2.4500620e+03   9.7100000e+05
   2.4500000e+03   9.7088686e+05
   2.4495150e+03   9.7000000e+05
   2.4489703e+03   9.6900000e+05
   2.4484235e+03   9.6800000e+05
   2.4478759e+03   9.6700000e+05
   2.4473280e+03   9.6600000e+05
   2.4467783e+03   9.6500000e+05
   2.4462321e+03   9.6400000e+05
   2.4456849e+03   9.6300000e+05
   2.4451346e+03   9.6200000e+05
   2.4445853e+03   9.6100000e+05
   2.4440351e+03   9.6000000e+05
   2.4434848e+03   9.5900000e+05
   2.4429343e+03   9.5800000e+05
   2.4423834e+03   9.5700000e+05
   2.4418303e+03   9.5600000e+05
   2.4412789e+03   9.5500000e+05
   2.4407288e+03   9.5400000e+05
   2.4401753e+03   9.5300000e+05
   2.4400000e+03   9.5268459e+05
   2.4396210e+03   9.5200000e+05
   2.4390680e+03   9.5100000e+05
   2.4385137e+03   9.5000000e+05
   2.4379415e+03   9.4900000e+05
   2.4374143e+03   9.4800000e+05
   2.4368553e+03   9.4700000e+05
   2.4363057e+03   9.4600000e+05
   2.4357548e+03   9.4500000e+05
   2.4352021e+03   9.4400000e+05
   2.4346379e+03   9.4300000e+05
   2.4340863e+03   9.4200000e+05
   2.4335350e+03   9.4100000e+05
   2.4329774e+03   9.4000000e+05
   2.4324186e+03   9.3900000e+05
   2.4318577e+03   9.3800000e+05
   2.4312956e+03   9.3700000e+05
   2.4307404e+03   9.3600000e+05
   2.4301787e+03   9.3500000e+05
   2.4300000e+03   9.3467857e+05
   2.4296252e+03   9.3400000e+05
   2.4290726e+03   9.3300000e+05
   2.4285213e+03   9.3200000e+05
   2.4279680e+03   9.3100000e+05
   2.4274161e+03   9.3000000e+05
   2.4268569e+03   9.2900000e+05
   2.4262959e+03   9.2800000e+05
   2.4257332e+03   9.2700000e+05
   2.4251701e+03   9.2600000e+05
   2.4246148e+03   9.2500000e+05
   2.4240502e+03   9.2400000e+05
   2.4234890e+03   9.2300000e+05
   2.4229252e+03   9.2200000e+05
   2.4223685e+03   9.2100000e+05
   2.4218006e+03   9.2000000e+05
   2.4212418e+03   9.1900000e+05
   2.4206839e+03   9.1800000e+05
   2.4201245e+03   9.1700000e+05
   2.4200000e+03   9.1677660e+05
   2.4195693e+03   9.1600000e+05
   2.4190088e+03   9.1500000e+05
   2.4184464e+03   9.1400000e+05
   2.4178840e+03   9.1300000e+05
   2.4173244e+03   9.1200000e+05
   2.4167597e+03   9.1100000e+05
   2.4161916e+03   9.1000000e+05
   2.4156318e+03   9.0900000e+05
   2.4150610e+03   9.0800000e+05
   2.4144931e+03   9.0700000e+05
   2.4139296e+03   9.0600000e+05
   2.4133654e+03   9.0500000e+05
   2.4128072e+03   9.0400000e+05
   2.4122272e+03   9.0300000e+05
   2.4116627e+03   9.0200000e+05
   2.4110913e+03   9.0100000e+05
   2.4105272e+03   9.0000000e+05
   2.4100000e+03   8.9909153e+05
   2.4099503e+03   8.9900000e+05
   2.4094215e+03   8.9800000e+05
   2.4088956e+03   8.9700000e+05
   2.4083607e+03   8.9600000e+05
   2.4078245e+03   8.9500000e+05
   2.4072920e+03   8.9400000e+05
   2.4067254e+03   8.9300000e+05
   2.4061951e+03   8.9200000e+05
   2.4056628e+03   8.9100000e+05
   2.4051458e+03   8.9000000e+05
   2.4046096e+03   8.8900000e+05
   2.4040705e+03   8.8800000e+05
   2.4035303e+03   8.8700000e+05
   2.4029911e+03   8.8600000e+05
   2.4024501e+03   8.8500000e+05
   2.4019069e+03   8.8400000e+05
   2.4013607e+03   8.8300000e+05
   2.4008124e+03   8.8200000e+05
   2.4002630e+03   8.8100000e+05
   2.4000000e+03   8.8052189e+05
   2.3996991e+03   8.8000000e+05
   2.3991225e+03   8.7900000e+05
   2.3985789e+03   8.7800000e+05
   2.3979786e+03   8.7700000e+05
   2.3974102e+03   8.7600000e+05
   2.3968414e+03   8.7500000e+05
   2.3962726e+03   8.7400000e+05
   2.3957018e+03   8.7300000e+05
   2.3951330e+03   8.7200000e+05
   2.3945564e+03   8.7100000e+05
   2.3939790e+03   8.7000000e+05
   2.3934013e+03   8.6900000e+05
   2.3928228e+03   8.6800000e+05
   2.3922438e+03   8.6700000e+05
   2.3916654e+03   8.6600000e+05
   2.3910833e+03   8.6500000e+05
   2.3905027e+03   8.6400000e+05
   2.3900000e+03   8.6313667e+05
   2.3899208e+03   8.6300000e+05
   2.3893414e+03   8.6200000e+05
   2.3887592e+03   8.6100000e+05
   2.3881785e+03   8.6000000e+05
   2.3875980e+03   8.5900000e+05
   2.3870201e+03   8.5800000e+05
   2.3864054e+03   8.5700000e+05
   2.3858290e+03   8.5600000e+05
   2.3852563e+03   8.5500000e+05
   2.3846783e+03   8.5400000e+05
   2.3841010e+03   8.5300000e+05
   2.3835229e+03   8.5200000e+05
   2.3829447e+03   8.5100000e+05
   2.3823665e+03   8.5000000e+05
   2.3817883e+03   8.4900000e+05
   2.3812082e+03   8.4800000e+05
   2.3806281e+03   8.4700000e+05
   2.3800480e+03   8.4600000e+05
   2.3800000e+03   8.4591722e+05
   2.3794673e+03   8.4500000e+05
   2.3788865e+03   8.4400000e+05
   2.3783038e+03   8.4300000e+05
   2.3777216e+03   8.4200000e+05
   2.3771390e+03   8.4100000e+05
   2.3764716e+03   8.4000000e+05
   2.3759650e+03   8.3900000e+05
   2.3753719e+03   8.3800000e+05
   2.3747763e+03   8.3700000e+05
   2.3741438e+03   8.3600000e+05
   2.3735559e+03   8.3500000e+05
   2.3729661e+03   8.3400000e+05
   2.3723839e+03   8.3300000e+05
   2.3718056e+03   8.3200000e+05
   2.3712291e+03   8.3100000e+05
   2.3706506e+03   8.3000000e+05
   2.3700723e+03   8.2900000e+05
   2.3700000e+03   8.2887500e+05
   2.3694905e+03   8.2800000e+05
   2.3689046e+03   8.2700000e+05
   2.3683167e+03   8.2600000e+05
   2.3677229e+03   8.2500000e+05
   2.3671327e+03   8.2400000e+05
   2.3665424e+03   8.2300000e+05
   2.3659530e+03   8.2200000e+05
   2.3652994e+03   8.2100000e+05
   2.3647677e+03   8.2000000e+05
   2.3641415e+03   8.1900000e+05
   2.3635366e+03   8.1800000e+05
   2.3629358e+03   8.1700000e+05
   2.3623372e+03   8.1600000e+05
   2.3617398e+03   8.1500000e+05
   2.3611540e+03   8.1400000e+05
   2.3605671e+03   8.1300000e+05
   2.3600000e+03   8.1203526e+05
   2.3599791e+03   8.1200000e+05
   2.3593867e+03   8.1100000e+05
   2.3587944e+03   8.1000000e+05
   2.3582048e+03   8.0900000e+05
   2.3575995e+03   8.0800000e+05
   2.3570163e+03   8.0700000e+05
   2.3564177e+03   8.0600000e+05
   2.3558191e+03   8.0500000e+05
   2.3552258e+03   8.0400000e+05
   2.3546262e+03   8.0300000e+05
   2.3540266e+03   8.0200000e+05
   2.3534061e+03   8.0100000e+05
   2.3527780e+03   8.0000000e+05
   2.3521476e+03   7.9900000e+05
   2.3516164e+03   7.9800000e+05
   2.3509921e+03   7.9700000e+05
   2.3503707e+03   7.9600000e+05
   2.3500000e+03   7.9530389e+05
   2.3498369e+03   7.9500000e+05
   2.3491607e+03   7.9400000e+05
   2.3485669e+03   7.9300000e+05
   2.3479711e+03   7.9200000e+05
   2.3473681e+03   7.9100000e+05
   2.3467724e+03   7.9000000e+05
   2.3461746e+03   7.8900000e+05
   2.3455831e+03   7.8800000e+05
   2.3449887e+03   7.8700000e+05
   2.3443756e+03   7.8600000e+05
   2.3437761e+03   7.8500000e+05
   2.3431780e+03   7.8400000e+05
   2.3425822e+03   7.8300000e+05
   2.3419827e+03   7.8200000e+05
   2.3413767e+03   7.8100000e+05
   2.3407435e+03   7.8000000e+05
   2.3401010e+03   7.7900000e+05
   2.3400000e+03   7.7884118e+05
   2.3394661e+03   7.7800000e+05
   2.3388122e+03   7.7700000e+05
   2.3382114e+03   7.7600000e+05
   2.3376188e+03   7.7500000e+05
   2.3370243e+03   7.7400000e+05
   2.3364291e+03   7.7300000e+05
   2.3358333e+03   7.7200000e+05
   2.3352385e+03   7.7100000e+05
   2.3346478e+03   7.7000000e+05
   2.3340405e+03   7.6900000e+05
   2.3334373e+03   7.6800000e+05
   2.3328359e+03   7.6700000e+05
   2.3322328e+03   7.6600000e+05
   2.3316273e+03   7.6500000e+05
   2.3310210e+03   7.6400000e+05
   2.3304087e+03   7.6300000e+05
   2.3300000e+03   7.6236416e+05
   2.3297645e+03   7.6200000e+05
   2.3291143e+03   7.6100000e+05
   2.3284710e+03   7.6000000e+05
   2.3278324e+03   7.5900000e+05
   2.3271967e+03   7.5800000e+05
   2.3265699e+03   7.5700000e+05
   2.3259641e+03   7.5600000e+05
   2.3253597e+03   7.5500000e+05
   2.3247549e+03   7.5400000e+05
   2.3241483e+03   7.5300000e+05
   2.3235436e+03   7.5200000e+05
   2.3229448e+03   7.5100000e+05
   2.3223307e+03   7.5000000e+05
   2.3217243e+03   7.4900000e+05
   2.3211226e+03   7.4800000e+05
   2.3205143e+03   7.4700000e+05
   2.3200000e+03   7.4615244e+05
   2.3199071e+03   7.4600000e+05
   2.3192942e+03   7.4500000e+05
   2.3186716e+03   7.4400000e+05
   2.3180240e+03   7.4300000e+05
   2.3173805e+03   7.4200000e+05
   2.3166939e+03   7.4100000e+05
   2.3160423e+03   7.4000000e+05
   2.3154507e+03   7.3900000e+05
   2.3148826e+03   7.3800000e+05
   2.3141965e+03   7.3700000e+05
   2.3135806e+03   7.3600000e+05
   2.3129661e+03   7.3500000e+05
   2.3123606e+03   7.3400000e+05
   2.3117424e+03   7.3300000e+05
   2.3111237e+03   7.3200000e+05
   2.3105026e+03   7.3100000e+05
   2.3100000e+03   7.3019585e+05
   2.3098791e+03   7.3000000e+05
   2.3092616e+03   7.2900000e+05
   2.3086553e+03   7.2800000e+05
   2.3080382e+03   7.2700000e+05
   2.3074183e+03   7.2600000e+05
   2.3067741e+03   7.2500000e+05
   2.3061434e+03   7.2400000e+05
   2.3054866e+03   7.2300000e+05
   2.3048440e+03   7.2200000e+05
   2.3042447e+03   7.2100000e+05
   2.3035742e+03   7.2000000e+05
   2.3029230e+03   7.1900000e+05
   2.3022634e+03   7.1800000e+05
   2.3016316e+03   7.1700000e+05
   2.3010002e+03   7.1600000e+05
   2.3003670e+03   7.1500000e+05
   2.3000000e+03   7.1441888e+05
   2.2997420e+03   7.1400000e+05
   2.2991255e+03   7.1300000e+05
   2.2985039e+03   7.1200000e+05
   2.2978898e+03   7.1100000e+05
   2.2972726e+03   7.1000000e+05
   2.2966545e+03   7.0900000e+05
   2.2960353e+03   7.0800000e+05
   2.2954160e+03   7.0700000e+05
   2.2947146e+03   7.0600000e+05
   2.2941343e+03   7.0500000e+05
   2.2935174e+03   7.0400000e+05
   2.2928603e+03   7.0300000e+05
   2.2921979e+03   7.0200000e+05
   2.2915281e+03   7.0100000e+05
   2.2908533e+03   7.0000000e+05
   2.2901989e+03   6.9900000e+05
   2.2900000e+03   6.9868805e+05
   2.2895706e+03   6.9800000e+05
   2.2889445e+03   6.9700000e+05
   2.2883194e+03   6.9600000e+05
   2.2876933e+03   6.9500000e+05
   2.2870664e+03   6.9400000e+05
   2.2864266e+03   6.9300000e+05
   2.2858051e+03   6.9200000e+05
   2.2851722e+03   6.9100000e+05
   2.2845478e+03   6.9000000e+05
   2.2839119e+03   6.8900000e+05
   2.2832756e+03   6.8800000e+05
   2.2826381e+03   6.8700000e+05
   2.2819714e+03   6.8600000e+05
   2.2812948e+03   6.8500000e+05
   2.2806116e+03   6.8400000e+05
   2.2800659e+03   6.8300000e+05
   2.2800000e+03   6.8290374e+05
   2.2793821e+03   6.8200000e+05
   2.2786984e+03   6.8100000e+05
   2.2780399e+03   6.8000000e+05
   2.2774008e+03   6.7900000e+05
   2.2767611e+03   6.7800000e+05
   2.2761236e+03   6.7700000e+05
   2.2754836e+03   6.7600000e+05
   2.2748418e+03   6.7500000e+05
   2.2741982e+03   6.7400000e+05
   2.2735558e+03   6.7300000e+05
   2.2729117e+03   6.7200000e+05
   2.2722665e+03   6.7100000e+05
   2.2716216e+03   6.7000000e+05
   2.2709628e+03   6.6900000e+05
   2.2703344e+03   6.6800000e+05
   2.2700000e+03   6.6749725e+05
   2.2696750e+03   6.6700000e+05
   2.2690397e+03   6.6600000e+05
   2.2684042e+03   6.6500000e+05
   2.2677684e+03   6.6400000e+05
   2.2671311e+03   6.6300000e+05
   2.2664937e+03   6.6200000e+05
   2.2658474e+03   6.6100000e+05
   2.2651930e+03   6.6000000e+05
   2.2644932e+03   6.5900000e+05
   2.2638224e+03   6.5800000e+05
   2.2631425e+03   6.5700000e+05
   2.2624580e+03   6.5600000e+05
   2.2617660e+03   6.5500000e+05
   2.2611097e+03   6.5400000e+05
   2.2604512e+03   6.5300000e+05
   2.2600000e+03   6.5231285e+05
   2.2597996e+03   6.5200000e+05
   2.2591565e+03   6.5100000e+05
   2.2585139e+03   6.5000000e+05
   2.2578675e+03   6.4900000e+05
   2.2572229e+03   6.4800000e+05
   2.2565765e+03   6.4700000e+05
   2.2559309e+03   6.4600000e+05
   2.2552828e+03   6.4500000e+05
   2.2546348e+03   6.4400000e+05
   2.2539868e+03   6.4300000e+05
   2.2533286e+03   6.4200000e+05
   2.2526454e+03   6.4100000e+05
   2.2519544e+03   6.4000000e+05
   2.2512564e+03   6.3900000e+05
   2.2505586e+03   6.3800000e+05
   2.2500000e+03   6.3708383e+05
   2.2499495e+03   6.3700000e+05
   2.2492415e+03   6.3600000e+05
   2.2485883e+03   6.3500000e+05
   2.2479315e+03   6.3400000e+05
   2.2472731e+03   6.3300000e+05
   2.2466141e+03   6.3200000e+05
   2.2459566e+03   6.3100000e+05
   2.2452959e+03   6.3000000e+05
   2.2446348e+03   6.2900000e+05
   2.2439720e+03   6.2800000e+05
   2.2433094e+03   6.2700000e+05
   2.2426627e+03   6.2600000e+05
   2.2420014e+03   6.2500000e+05
   2.2413335e+03   6.2400000e+05
   2.2406171e+03   6.2300000e+05
   2.2400000e+03   6.2208065e+05
   2.2399469e+03   6.2200000e+05
   2.2392449e+03   6.2100000e+05
   2.2385793e+03   6.2000000e+05
   2.2379946e+03   6.1900000e+05
   2.2372768e+03   6.1800000e+05
   2.2365553e+03   6.1700000e+05
   2.2358763e+03   6.1600000e+05
   2.2352056e+03   6.1500000e+05
   2.2345322e+03   6.1400000e+05
   2.2338597e+03   6.1300000e+05
   2.2331849e+03   6.1200000e+05
   2.2325108e+03   6.1100000e+05
   2.2318349e+03   6.1000000e+05
   2.2311590e+03   6.0900000e+05
   2.2304813e+03   6.0800000e+05
   2.2300000e+03   6.0728800e+05
   2.2298106e+03   6.0700000e+05
   2.2291497e+03   6.0600000e+05
   2.2284903e+03   6.0500000e+05
   2.2278275e+03   6.0400000e+05
   2.2271358e+03   6.0300000e+05
   2.2264801e+03   6.0200000e+05
   2.2257939e+03   6.0100000e+05
   2.2250985e+03   6.0000000e+05
   2.2243963e+03   5.9900000e+05
   2.2236927e+03   5.9800000e+05
   2.2229914e+03   5.9700000e+05
   2.2223091e+03   5.9600000e+05
   2.2216262e+03   5.9500000e+05
   2.2209418e+03   5.9400000e+05
   2.2202588e+03   5.9300000e+05
   2.2200000e+03   5.9262205e+05
   2.2195832e+03   5.9200000e+05
   2.2189082e+03   5.9100000e+05
   2.2182381e+03   5.9000000e+05
   2.2175650e+03   5.8900000e+05
   2.2169537e+03   5.8800000e+05
   2.2162148e+03   5.8700000e+05
   2.2155397e+03   5.8600000e+05
   2.2148647e+03   5.8500000e+05
   2.2141860e+03   5.8400000e+05
   2.2135051e+03   5.8300000e+05
   2.2128237e+03   5.8200000e+05
   2.2121511e+03   5.8100000e+05
   2.2114680e+03   5.8000000e+05
   2.2107844e+03   5.7900000e+05
   2.2100741e+03   5.7800000e+05
   2.2100000e+03   5.7789952e+05
   2.2093468e+03   5.7700000e+05
   2.2086223e+03   5.7600000e+05
   2.2080343e+03   5.7500000e+05
   2.2072949e+03   5.7400000e+05
   2.2065394e+03   5.7300000e+05
   2.2058211e+03   5.7200000e+05
   2.2051316e+03   5.7100000e+05
   2.2044387e+03   5.7000000e+05
   2.2037522e+03   5.6900000e+05
   2.2030546e+03   5.6800000e+05
   2.2023626e+03   5.6700000e+05
   2.2016684e+03   5.6600000e+05
   2.2009719e+03   5.6500000e+05
   2.2002757e+03   5.6400000e+05
   2.2000000e+03   5.6360406e+05
   2.1995892e+03   5.6300000e+05
   2.1989088e+03   5.6200000e+05
   2.1982266e+03   5.6100000e+05
   2.1975453e+03   5.6000000e+05
   2.1968400e+03   5.5900000e+05
   2.1961093e+03   5.5800000e+05
   2.1954358e+03   5.5700000e+05
   2.1947141e+03   5.5600000e+05
   2.1939568e+03   5.5500000e+05
   2.1932404e+03   5.5400000e+05
   2.1927527e+03   5.5300000e+05
   2.1918380e+03   5.5200000e+05
   2.1911748e+03   5.5100000e+05
   2.1905138e+03   5.5000000e+05
   2.1900000e+03   5.4922193e+05
   2.1898561e+03   5.4900000e+05
   2.1892044e+03   5.4800000e+05
   2.1885469e+03   5.4700000e+05
   2.1878591e+03   5.4600000e+05
   2.1871481e+03   5.4500000e+05
   2.1864307e+03   5.4400000e+05
   2.1857188e+03   5.4300000e+05
   2.1850061e+03   5.4200000e+05
   2.1842955e+03   5.4100000e+05
   2.1835844e+03   5.4000000e+05
   2.1828721e+03   5.3900000e+05
   2.1821572e+03   5.3800000e+05
   2.1814406e+03   5.3700000e+05
   2.1807437e+03   5.3600000e+05
   2.1800245e+03   5.3500000e+05
   2.1800000e+03   5.3496667e+05
   2.1792931e+03   5.3400000e+05
   2.1785951e+03   5.3300000e+05
   2.1778852e+03   5.3200000e+05
   2.1771533e+03   5.3100000e+05
   2.1764422e+03   5.3000000e+05
   2.1757307e+03   5.2900000e+05
   2.1750183e+03   5.2800000e+05
   2.1743029e+03   5.2700000e+05
   2.1735852e+03   5.2600000e+05
   2.1728736e+03   5.2500000e+05
   2.1721470e+03   5.2400000e+05
   2.1714057e+03   5.2300000e+05
   2.1706848e+03   5.2200000e+05
   2.1700000e+03   5.2104843e+05
   2.1699653e+03   5.2100000e+05
   2.1692511e+03   5.2000000e+05
   2.1685368e+03   5.1900000e+05
   2.1678226e+03   5.1800000e+05
   2.1671070e+03   5.1700000e+05
   2.1663900e+03   5.1600000e+05
   2.1656725e+03   5.1500000e+05
   2.1649482e+03   5.1400000e+05
   2.1642188e+03   5.1300000e+05
   2.1634913e+03   5.1200000e+05
   2.1627622e+03   5.1100000e+05
   2.1620350e+03   5.1000000e+05
   2.1612994e+03   5.0900000e+05
   2.1605672e+03   5.0800000e+05
   2.1600000e+03   5.0723059e+05
   2.1598309e+03   5.0700000e+05
   2.1590986e+03   5.0600000e+05
   2.1583889e+03   5.0500000e+05
   2.1576619e+03   5.0400000e+05
   2.1569337e+03   5.0300000e+05
   2.1561887e+03   5.0200000e+05
   2.1554585e+03   5.0100000e+05
   2.1547348e+03   5.0000000e+05
   2.1540062e+03   4.9900000e+05
   2.1532680e+03   4.9800000e+05
   2.1525352e+03   4.9700000e+05
   2.1517985e+03   4.9600000e+05
   2.1510651e+03   4.9500000e+05
   2.1503200e+03   4.9400000e+05
   2.1500000e+03   4.9355924e+05
   2.1495944e+03   4.9300000e+05
   2.1488495e+03   4.9200000e+05
   2.1481070e+03   4.9100000e+05
   2.1473596e+03   4.9000000e+05
   2.1466232e+03   4.8900000e+05
   2.1458863e+03   4.8800000e+05
   2.1451485e+03   4.8700000e+05
   2.1444380e+03   4.8600000e+05
   2.1436671e+03   4.8500000e+05
   2.1429258e+03   4.8400000e+05
   2.1421854e+03   4.8300000e+05
   2.1414425e+03   4.8200000e+05
   2.1406995e+03   4.8100000e+05
   2.1400136e+03   4.8000000e+05
   2.1400000e+03   4.7998272e+05
   2.1392214e+03   4.7900000e+05
   2.1384788e+03   4.7800000e+05
   2.1377348e+03   4.7700000e+05
   2.1369906e+03   4.7600000e+05
   2.1362481e+03   4.7500000e+05
   2.1355029e+03   4.7400000e+05
   2.1347841e+03   4.7300000e+05
   2.1339969e+03   4.7200000e+05
   2.1332532e+03   4.7100000e+05
   2.1325064e+03   4.7000000e+05
   2.1317549e+03   4.6900000e+05
   2.1309957e+03   4.6800000e+05
   2.1302361e+03   4.6700000e+05
   2.1300000e+03   4.6669128e+05
   2.1294736e+03   4.6600000e+05
   2.1287134e+03   4.6500000e+05
   2.1279507e+03   4.6400000e+05
   2.1271997e+03   4.6300000e+05
   2.1264475e+03   4.6200000e+05
   2.1256958e+03   4.6100000e+05
   2.1249431e+03   4.6000000e+05
   2.1241886e+03   4.5900000e+05
   2.1234330e+03   4.5800000e+05
   2.1226768e+03   4.5700000e+05
   2.1219201e+03   4.5600000e+05
   2.1211638e+03   4.5500000e+05
   2.1204060e+03   4.5400000e+05
   2.1200000e+03   4.5346532e+05
   2.1196494e+03   4.5300000e+05
   2.1188956e+03   4.5200000e+05
   2.1181362e+03   4.5100000e+05
   2.1173815e+03   4.5000000e+05
   2.1166216e+03   4.4900000e+05
   2.1158608e+03   4.4800000e+05
   2.1151071e+03   4.4700000e+05
   2.1143424e+03   4.4600000e+05
   2.1135730e+03   4.4500000e+05
   2.1128005e+03   4.4400000e+05
   2.1120236e+03   4.4300000e+05
   2.1112470e+03   4.4200000e+05
   2.1104691e+03   4.4100000e+05
   2.1100000e+03   4.4039827e+05
   2.1096909e+03   4.4000000e+05
   2.1089141e+03   4.3900000e+05
   2.1081743e+03   4.3800000e+05
   2.1073750e+03   4.3700000e+05
   2.1066080e+03   4.3600000e+05
   2.1058403e+03   4.3500000e+05
   2.1050738e+03   4.3400000e+05
   2.1043027e+03   4.3300000e+05
   2.1035351e+03   4.3200000e+05
   2.1027576e+03   4.3100000e+05
   2.1019829e+03   4.3000000e+05
   2.1012103e+03   4.2900000e+05
   2.1004364e+03   4.2800000e+05
   2.1000000e+03   4.2743355e+05
   2.0996682e+03   4.2700000e+05
   2.0988946e+03   4.2600000e+05
   2.0981180e+03   4.2500000e+05
   2.0973391e+03   4.2400000e+05
   2.0965605e+03   4.2300000e+05
   2.0957824e+03   4.2200000e+05
   2.0950025e+03   4.2100000e+05
   2.0942225e+03   4.2000000e+05
   2.0934369e+03   4.1900000e+05
   2.0926424e+03   4.1800000e+05
   2.0918480e+03   4.1700000e+05
   2.0910539e+03   4.1600000e+05
   2.0902562e+03   4.1500000e+05
   2.0900000e+03   4.1467992e+05
   2.0894626e+03   4.1400000e+05
   2.0886693e+03   4.1300000e+05
   2.0878889e+03   4.1200000e+05
   2.0871077e+03   4.1100000e+05
   2.0863277e+03   4.1000000e+05
   2.0855449e+03   4.0900000e+05
   2.0847584e+03   4.0800000e+05
   2.0839735e+03   4.0700000e+05
   2.0831894e+03   4.0600000e+05
   2.0823982e+03   4.0500000e+05
   2.0816146e+03   4.0400000e+05
   2.0808224e+03   4.0300000e+05
   2.0800298e+03   4.0200000e+05
   2.0800000e+03   4.0196273e+05
   2.0792324e+03   4.0100000e+05
   2.0784421e+03   4.0000000e+05
   2.0773342e+03   3.9900000e+05
   2.0765381e+03   3.9800000e+05
   2.0757411e+03   3.9700000e+05
   2.0749427e+03   3.9600000e+05
   2.0741452e+03   3.9500000e+05
   2.0733433e+03   3.9400000e+05
   2.0725423e+03   3.9300000e+05
   2.0717400e+03   3.9200000e+05
   2.0709328e+03   3.9100000e+05
   2.0701294e+03   3.9000000e+05
   2.0700000e+03   3.8984016e+05
   2.0693224e+03   3.8900000e+05
   2.0685190e+03   3.8800000e+05
   2.0677093e+03   3.8700000e+05
   2.0669011e+03   3.8600000e+05
   2.0660951e+03   3.8500000e+05
   2.0652882e+03   3.8400000e+05
   2.0644764e+03   3.8300000e+05
   2.0636647e+03   3.8200000e+05
   2.0628545e+03   3.8100000e+05
   2.0620380e+03   3.8000000e+05
   2.0612221e+03   3.7900000e+05
   2.0604063e+03   3.7800000e+05
   2.0600000e+03   3.7750101e+05
   2.0595941e+03   3.7700000e+05
   2.0587839e+03   3.7600000e+05
   2.0579701e+03   3.7500000e+05
   2.0571553e+03   3.7400000e+05
   2.0563418e+03   3.7300000e+05
   2.0555249e+03   3.7200000e+05
   2.0547085e+03   3.7100000e+05
   2.0538896e+03   3.7000000e+05
   2.0530672e+03   3.6900000e+05
   2.0522470e+03   3.6800000e+05
   2.0514211e+03   3.6700000e+05
   2.0505964e+03   3.6600000e+05
   2.0500000e+03   3.6527545e+05
   2.0497744e+03   3.6500000e+05
   2.0489537e+03   3.6400000e+05
   2.0481331e+03   3.6300000e+05
   2.0473079e+03   3.6200000e+05
   2.0464793e+03   3.6100000e+05
   2.0456552e+03   3.6000000e+05
   2.0448269e+03   3.5900000e+05
   2.0439990e+03   3.5800000e+05
   2.0431689e+03   3.5700000e+05
   2.0423404e+03   3.5600000e+05
   2.0415095e+03   3.5500000e+05
   2.0406738e+03   3.5400000e+05
   2.0400000e+03   3.5319020e+05
   2.0398439e+03   3.5300000e+05
   2.0390212e+03   3.5200000e+05
   2.0381947e+03   3.5100000e+05
   2.0373709e+03   3.5000000e+05
   2.0365352e+03   3.4900000e+05
   2.0357088e+03   3.4800000e+05
   2.0348785e+03   3.4700000e+05
   2.0340457e+03   3.4600000e+05
   2.0332127e+03   3.4500000e+05
   2.0323785e+03   3.4400000e+05
   2.0315463e+03   3.4300000e+05
   2.0307127e+03   3.4200000e+05
   2.0300000e+03   3.4114971e+05
   2.0298774e+03   3.4100000e+05
   2.0289501e+03   3.4000000e+05
   2.0280982e+03   3.3900000e+05
   2.0272553e+03   3.3800000e+05
   2.0264114e+03   3.3700000e+05
   2.0255679e+03   3.3600000e+05
   2.0247230e+03   3.3500000e+05
   2.0238766e+03   3.3400000e+05
   2.0230292e+03   3.3300000e+05
   2.0221795e+03   3.3200000e+05
   2.0213301e+03   3.3100000e+05
   2.0204778e+03   3.3000000e+05
   2.0200000e+03   3.2944361e+05
   2.0196299e+03   3.2900000e+05
   2.0188002e+03   3.2800000e+05
   2.0179677e+03   3.2700000e+05
   2.0171321e+03   3.2600000e+05
   2.0162984e+03   3.2500000e+05
   2.0154647e+03   3.2400000e+05
   2.0146294e+03   3.2300000e+05
   2.0137935e+03   3.2200000e+05
   2.0129556e+03   3.2100000e+05
   2.0121096e+03   3.2000000e+05
   2.0112692e+03   3.1900000e+05
   2.0104273e+03   3.1800000e+05
   2.0100000e+03   3.1749444e+05
   2.0095788e+03   3.1700000e+05
   2.0087287e+03   3.1600000e+05
   2.0078761e+03   3.1500000e+05
   2.0070053e+03   3.1400000e+05
   2.0059721e+03   3.1300000e+05
   2.0050779e+03   3.1200000e+05
   2.0042232e+03   3.1100000e+05
   2.0033648e+03   3.1000000e+05
   2.0025087e+03   3.0900000e+05
   2.0016491e+03   3.0800000e+05
   2.0007823e+03   3.0700000e+05
   2.0000000e+03   3.0608640e+05
   1.9999270e+03   3.0600000e+05
   1.9990730e+03   3.0500000e+05
   1.9982179e+03   3.0400000e+05
   1.9973630e+03   3.0300000e+05
   1.9965084e+03   3.0200000e+05
   1.9956526e+03   3.0100000e+05
   1.9947959e+03   3.0000000e+05
   1.9939370e+03   2.9900000e+05
   1.9930758e+03   2.9800000e+05
   1.9922150e+03   2.9700000e+05
   1.9913526e+03   2.9600000e+05
   1.9904901e+03   2.9500000e+05
   1.9900000e+03   2.9443369e+05
   1.9896180e+03   2.9400000e+05
   1.9887358e+03   2.9300000e+05
   1.9878532e+03   2.9200000e+05
   1.9869697e+03   2.9100000e+05
   1.9860859e+03   2.9000000e+05
   1.9851997e+03   2.8900000e+05
   1.9842483e+03   2.8800000e+05
   1.9833302e+03   2.8700000e+05
   1.9823899e+03   2.8600000e+05
   1.9805643e+03   2.8500000e+05
   1.9800000e+03   2.8466606e+05
   1.9788798e+03   2.8400000e+05
   1.9771248e+03   2.8300000e+05
   1.9755340e+03   2.8200000e+05
   1.9739665e+03   2.8100000e+05
   1.9727616e+03   2.8000000e+05
   1.9718485e+03   2.7900000e+05
   1.9709121e+03   2.7800000e+05
   1.9700000e+03   2.7701523e+05
   1.9699860e+03   2.7700000e+05
   1.9690679e+03   2.7600000e+05
   1.9681323e+03   2.7500000e+05
   1.9671915e+03   2.7400000e+05
   1.9662409e+03   2.7300000e+05
   1.9652886e+03   2.7200000e+05
   1.9643292e+03   2.7100000e+05
   1.9633618e+03   2.7000000e+05
   1.9623766e+03   2.6900000e+05
   1.9613880e+03   2.6800000e+05
   1.9604024e+03   2.6700000e+05
   1.9600000e+03   2.6661652e+05
   1.9593569e+03   2.6600000e+05
   1.9583415e+03   2.6500000e+05
   1.9573104e+03   2.6400000e+05
   1.9562590e+03   2.6300000e+05
   1.9551921e+03   2.6200000e+05
   1.9541042e+03   2.6100000e+05
   1.9530021e+03   2.6000000e+05
   1.9518987e+03   2.5900000e+05
   1.9508275e+03   2.5800000e+05
   1.9500000e+03   2.5734375e+05
   1.9495660e+03   2.5700000e+05
   1.9482967e+03   2.5600000e+05
   1.9471971e+03   2.5500000e+05
   1.9459434e+03   2.5400000e+05
   1.9447105e+03   2.5300000e+05
   1.9434365e+03   2.5200000e+05
   1.9421179e+03   2.5100000e+05
   1.9407399e+03   2.5000000e+05
   1.9400000e+03   2.4947430e+05
   1.9393395e+03   2.4900000e+05
   1.9379514e+03   2.4800000e+05
   1.9364818e+03   2.4700000e+05
   1.9349525e+03   2.4600000e+05
   1.9333869e+03   2.4500000e+05
   1.9317591e+03   2.4400000e+05
   1.9300000e+03   2.4301486e+05
   1.9299730e+03   2.4300000e+05
   1.9283091e+03   2.4200000e+05
   1.9265061e+03   2.4100000e+05
   1.9245885e+03   2.4000000e+05
   1.9225989e+03   2.3900000e+05
   1.9204289e+03   2.3800000e+05
   1.9200000e+03   2.3781242e+05
   1.9181845e+03   2.3700000e+05
   1.9159401e+03   2.3600000e+05
   1.9134615e+03   2.3500000e+05
   1.9109307e+03   2.3400000e+05
   1.9192582e+03   2.3300000e+05
   1.9200000e+03   2.3261556e+05
   1.9219346e+03   2.3200000e+05
   1.9200000e+03   2.3131874e+05
   1.9190595e+03   2.3100000e+05
   1.9155755e+03   2.3000000e+05
   1.9118992e+03   2.2900000e+05
   1.9100000e+03   2.2851964e+05
   1.9077841e+03   2.2800000e+05
   1.9057761e+03   2.2700000e+05
   1.9048805e+03   2.2600000e+05
   1.9039781e+03   2.2500000e+05
   1.9030740e+03   2.2400000e+05
   1.9021672e+03   2.2300000e+05
   1.9012580e+03   2.2200000e+05
   1.9003422e+03   2.2100000e+05
   1.9000000e+03   2.2062755e+05
   1.8994263e+03   2.2000000e+05
   1.8985128e+03   2.1900000e+05
   1.8975925e+03   2.1800000e+05
   1.8966718e+03   2.1700000e+05
   1.8957447e+03   2.1600000e+05
   1.8948126e+03   2.1500000e+05
   1.8938821e+03   2.1400000e+05
   1.8929476e+03   2.1300000e+05
   1.8920078e+03   2.1200000e+05
   1.8910658e+03   2.1100000e+05
   1.8901245e+03   2.1000000e+05
   1.8900000e+03   2.0986820e+05
   1.8891840e+03   2.0900000e+05
   1.8882370e+03   2.0800000e+05
   1.8872837e+03   2.0700000e+05
   1.8863338e+03   2.0600000e+05
   1.8853809e+03   2.0500000e+05
   1.8844260e+03   2.0400000e+05
   1.8834279e+03   2.0300000e+05
   1.8825786e+03   2.0200000e+05
   1.8818204e+03   2.0100000e+05
   1.8810553e+03   2.0000000e+05
   1.8802958e+03   1.9900000e+05
   1.8800000e+03   1.9861460e+05
   1.8795307e+03   1.9800000e+05
   1.8787659e+03   1.9700000e+05
   1.8780009e+03   1.9600000e+05
   1.8772307e+03   1.9500000e+05
   1.8764624e+03   1.9400000e+05
   1.8756950e+03   1.9300000e+05
   1.8749187e+03   1.9200000e+05
   1.8729933e+03   1.9100000e+05
   1.8700000e+03   1.9039295e+05
   1.8680439e+03   1.9000000e+05
   1.8628470e+03   1.8900000e+05
   1.8600000e+03   1.8839491e+05
   1.8581243e+03   1.8800000e+05
   1.8536360e+03   1.8700000e+05
   1.8500000e+03   1.8615338e+05
   1.8493423e+03   1.8600000e+05
   1.8453189e+03   1.8500000e+05
   1.8414520e+03   1.8400000e+05
   1.8400000e+03   1.8346129e+05
   1.8386018e+03   1.8300000e+05
   1.8376620e+03   1.8200000e+05
   1.8367976e+03   1.8100000e+05
   1.8359444e+03   1.8000000e+05
   1.8350902e+03   1.7900000e+05
   1.8342316e+03   1.7800000e+05
   1.8333719e+03   1.7700000e+05
   1.8325090e+03   1.7600000e+05
   1.8316474e+03   1.7500000e+05
   1.8307774e+03   1.7400000e+05
   1.8300000e+03   1.7310554e+05
   1.8299088e+03   1.7300000e+05
   1.8290419e+03   1.7200000e+05
   1.8281734e+03   1.7100000e+05
   1.8273004e+03   1.7000000e+05
   1.8264294e+03   1.6900000e+05
   1.8255537e+03   1.6800000e+05
   1.8246765e+03   1.6700000e+05
   1.8237959e+03   1.6600000e+05
   1.8229116e+03   1.6500000e+05
   1.8220263e+03   1.6400000e+05
   1.8211413e+03   1.6300000e+05
   1.8202524e+03   1.6200000e+05
   1.8200000e+03   1.6171739e+05
   1.8193626e+03   1.6100000e+05
   1.8184698e+03   1.6000000e+05
   1.8175769e+03   1.5900000e+05
   1.8166825e+03   1.5800000e+05
   1.8158716e+03   1.5700000e+05
   1.8151045e+03   1.5600000e+05
   1.8143367e+03   1.5500000e+05
   1.8135660e+03   1.5400000e+05
   1.8127115e+03   1.5300000e+05
   1.8119037e+03   1.5200000e+05
   1.8110705e+03   1.5100000e+05
   1.8102603e+03   1.5000000e+05
   1.8100000e+03   1.4968116e+05
   1.8094467e+03   1.4900000e+05
   1.8086360e+03   1.4800000e+05
   1.8078192e+03   1.4700000e+05
   1.8069994e+03   1.4600000e+05
   1.8061737e+03   1.4500000e+05
   1.8053339e+03   1.4400000e+05
   1.8044650e+03   1.4300000e+05
   1.8036192e+03   1.4200000e+05
   1.8027928e+03   1.4100000e+05
   1.8019653e+03   1.4000000e+05
   1.8011305e+03   1.3900000e+05
   1.8000000e+03   1.3880721e+05
   1.7965651e+03   1.3800000e+05
   1.7900000e+03   1.3752114e+05
   1.7833020e+03   1.3700000e+05
   1.7800000e+03   1.3673155e+05
   1.7700000e+03   1.3602037e+05
   1.7697248e+03   1.3600000e+05
   1.7660995e+03   1.3500000e+05
   1.7652478e+03   1.3400000e+05
   1.7643542e+03   1.3300000e+05
   1.7634719e+03   1.3200000e+05
   1.7625833e+03   1.3100000e+05
   1.7616385e+03   1.3000000e+05
   1.7610565e+03   1.2900000e+05
   1.7605636e+03   1.2800000e+05
   1.7600694e+03   1.2700000e+05
   1.7600000e+03   1.2686898e+05
   1.7595417e+03   1.2600000e+05
   1.7589949e+03   1.2500000e+05
   1.7584265e+03   1.2400000e+05
   1.7578195e+03   1.2300000e+05
   1.7572060e+03   1.2200000e+05
   1.7565291e+03   1.2100000e+05
   1.7558401e+03   1.2000000e+05
   1.7551049e+03   1.1900000e+05
   1.7543553e+03   1.1800000e+05
   1.7536344e+03   1.1700000e+05
   1.7528654e+03   1.1600000e+05
   1.7520782e+03   1.1500000e+05
   1.7512582e+03   1.1400000e+05
   1.7504196e+03   1.1300000e+05
   1.7500000e+03   1.1247811e+05
   1.7496167e+03   1.1200000e+05
   1.7488061e+03   1.1100000e+05
   1.7478992e+03   1.1000000e+05
   1.7470245e+03   1.0900000e+05
   1.7461434e+03   1.0800000e+05
   1.7452275e+03   1.0700000e+05
   1.7434314e+03   1.0600000e+05
   1.7408636e+03   1.0500000e+05
   1.7400000e+03   1.0405116e+05
   1.7399529e+03   1.0400000e+05
   1.7390195e+03   1.0300000e+05
   1.7380633e+03   1.0200000e+05
   1.7371364e+03   1.0100000e+05
   1.7361873e+03   1.0000000e+05
   1.7352362e+03   9.9000000e+04
   1.7342990e+03   9.8000000e+04
   1.7332687e+03   9.7000000e+04
   1.7322899e+03   9.6000000e+04
   1.7313247e+03   9.5000000e+04
   1.7303445e+03   9.4000000e+04
   1.7300000e+03   9.3658333e+04
   1.7293375e+03   9.3000000e+04
   1.7283224e+03   9.2000000e+04
   1.7272988e+03   9.1000000e+04
   1.7262915e+03   9.0000000e+04
   1.7252835e+03   8.9000000e+04
   1.7242486e+03   8.8000000e+04
   1.7231867e+03   8.7000000e+04
   1.7221263e+03   8.6000000e+04
   1.7210798e+03   8.5000000e+04
   1.7200237e+03   8.4000000e+04
   1.7200000e+03   8.3978008e+04
   1.7189504e+03   8.3000000e+04
   1.7178832e+03   8.2000000e+04
   1.7168077e+03   8.1000000e+04
   1.7157268e+03   8.0000000e+04
   1.7146239e+03   7.9000000e+04
   1.7135041e+03   7.8000000e+04
   1.7124141e+03   7.7000000e+04
   1.7112959e+03   7.6000000e+04
   1.7101464e+03   7.5000000e+04
   1.7100000e+03   7.4874852e+04
   1.7089877e+03   7.4000000e+04
   1.7078803e+03   7.3000000e+04
   1.7067474e+03   7.2000000e+04
   1.7056077e+03   7.1000000e+04
   1.7044380e+03   7.0000000e+04
   1.7032680e+03   6.9000000e+04
   1.7020852e+03   6.8000000e+04
   1.7008894e+03   6.7000000e+04
   1.7000000e+03   6.6254587e+04
   1.6996980e+03   6.6000000e+04
   1.6984888e+03   6.5000000e+04
   1.6972773e+03   6.4000000e+04
   1.6960696e+03   6.3000000e+04
   1.6948377e+03   6.2000000e+04
   1.6935986e+03   6.1000000e+04
   1.6923555e+03   6.0000000e+04
   1.6910954e+03   5.9000000e+04
   1.6900000e+03   5.8139659e+04
   1.6898233e+03   5.8000000e+04
   1.6885493e+03   5.7000000e+04
   1.6872753e+03   5.6000000e+04
   1.6859908e+03   5.5000000e+04
   1.6846850e+03   5.4000000e+04
   1.6833666e+03   5.3000000e+04
   1.6820416e+03   5.2000000e+04
   1.6807136e+03   5.1000000e+04
   1.6800000e+03   5.0450980e+04
   1.6794135e+03   5.0000000e+04
   1.6780327e+03   4.9000000e+04
   1.6766230e+03   4.8000000e+04
   1.6752312e+03   4.7000000e+04
   1.6738226e+03   4.6000000e+04
   1.6724028e+03   4.5000000e+04
   1.6709634e+03   4.4000000e+04
   1.6700000e+03   4.3330250e+04
   1.6695282e+03   4.3000000e+04
   1.6680873e+03   4.2000000e+04
   1.6665675e+03   4.1000000e+04
   1.6649777e+03   4.0000000e+04
   1.6635062e+03   3.9000000e+04
   1.6619517e+03   3.8000000e+04
   1.6603979e+03   3.7000000e+04
   1.6600000e+03   3.6745791e+04
   1.6588436e+03   3.6000000e+04
   1.6572410e+03   3.5000000e+04
   1.6555752e+03   3.4000000e+04
   1.6538776e+03   3.3000000e+04
   1.6521553e+03   3.2000000e+04
   1.6502431e+03   3.1000000e+04
   1.6500000e+03   3.0864394e+04
   1.6484685e+03   3.0000000e+04
   1.6466412e+03   2.9000000e+04
   1.6447296e+03   2.8000000e+04
   1.6427319e+03   2.7000000e+04
   1.6406347e+03   2.6000000e+04
   1.6400000e+03   2.5707189e+04
   1.6384674e+03   2.5000000e+04
   1.6361566e+03   2.4000000e+04
   1.6337536e+03   2.3000000e+04
   1.6310885e+03   2.2000000e+04
   1.6300000e+03   2.1638912e+04
   1.6281644e+03   2.1000000e+04
   1.6232245e+03   2.0000000e+04
   1.6215311e+03   1.9000000e+04
   1.6200000e+03   1.8040800e+04
   1.6199351e+03   1.8000000e+04
   1.6183561e+03   1.7000000e+04
   1.6167386e+03   1.6000000e+04
   1.6151327e+03   1.5000000e+04
   1.6134948e+03   1.4000000e+04
   1.6118577e+03   1.3000000e+04
   1.6102346e+03   1.2000000e+04
   1.6100000e+03   1.1858555e+04
   1.6085747e+03   1.1000000e+04
   1.6068426e+03   1.0000000e+04
   1.6051455e+03   9.0000000e+03
   1.6034529e+03   8.0000000e+03
   1.6017974e+03   7.0000000e+03
   1.6028524e+03   6.0000000e+03
   1.6033770e+03   5.0000000e+03
   1.6038787e+03   4.0000000e+03
   1.6033549e+03   3.0000000e+03
   1.6024916e+03   2.0000000e+03
   1.6013547e+03   1.0000000e+03
   1.6000000e+03   0.0000000e+00
   1.6000000e+03   0.0000000e+00
