   2.4288935e+03   1.3500000e+06
   2.4283992e+03   1.3490000e+06
   2.4279032e+03   1.3480000e+06
   2.4274057e+03   1.3470000e+06
   2.4269097e+03   1.3460000e+06
   2.4264138e+03   1.3450000e+06
   2.4259166e+03   1.3440000e+06
   2.4254334e+03   1.3430000e+06
   2.4249608e+03   1.3420000e+06
   2.4244945e+03   1.3410000e+06
   2.4239587e+03   1.3400000e+06
   2.4234945e+03   1.3390000e+06
   2.4230339e+03   1.3380000e+06
   2.4225694e+03   1.3370000e+06
   2.4220800e+03   1.3360000e+06
   2.4215893e+03   1.3350000e+06
   2.4210979e+03   1.3340000e+06
   2.4206138e+03   1.3330000e+06
   2.4201224e+03   1.3320000e+06
   2.4200000e+03   1.3317510e+06
   2.4196303e+03   1.3310000e+06
   2.4191376e+03   1.3300000e+06
   2.4186465e+03   1.3290000e+06
   2.4182502e+03   1.3280000e+06
   2.4177517e+03   1.3270000e+06
   2.4172548e+03   1.3260000e+06
   2.4167553e+03   1.3250000e+06
   2.4162522e+03   1.3240000e+06
   2.4157467e+03   1.3230000e+06
   2.4152423e+03   1.3220000e+06
   2.4147454e+03   1.3210000e+06
   2.4142392e+03   1.3200000e+06
   2.4137320e+03   1.3190000e+06
   2.4132248e+03   1.3180000e+06
   2.4127181e+03   1.3170000e+06
   2.4122108e+03   1.3160000e+06
   2.4117062e+03   1.3150000e+06
   2.4111987e+03   1.3140000e+06
   2.4106948e+03   1.3130000e+06
   2.4101856e+03   1.3120000e+06
   2.4100000e+03   1.3116342e+06
   2.4096938e+03   1.3110000e+06
   2.4092097e+03   1.3100000e+06
   2.4087263e+03   1.3090000e+06
   2.4082418e+03   1.3080000e+06
   2.4077584e+03   1.3070000e+06
   2.4072768e+03   1.3060000e+06
   2.4067945e+03   1.3050000e+06
   2.4063135e+03   1.3040000e+06
   2.4058349e+03   1.3030000e+06
   2.4053555e+03   1.3020000e+06
   2.4048760e+03   1.3010000e+06
   2.4043972e+03   1.3000000e+06
   2.4039177e+03   1.2990000e+06
   2.4034676e+03   1.2980000e+06
   2.4030136e+03   1.2970000e+06
   2.4025475e+03   1.2960000e+06
   2.4020857e+03   1.2950000e+06
   2.4016152e+03   1.2940000e+06
   2.4011643e+03   1.2930000e+06
   2.4007035e+03   1.2920000e+06
   2.4002354e+03   1.2910000e+06
   2.4000000e+03   1.2904941e+06
   2.3997578e+03   1.2900000e+06
   2.3992659e+03   1.2890000e+06
   2.3987742e+03   1.2880000e+06
   2.3982827e+03   1.2870000e+06
   2.3977913e+03   1.2860000e+06
   2.3972988e+03   1.2850000e+06
   2.3968046e+03   1.2840000e+06
   2.3963128e+03   1.2830000e+06
   2.3958214e+03   1.2820000e+06
   2.3953257e+03   1.2810000e+06
   2.3948329e+03   1.2800000e+06
   2.3943387e+03   1.2790000e+06
   2.3938524e+03   1.2780000e+06
   2.3933565e+03   1.2770000e+06
   2.3928599e+03   1.2760000e+06
   2.3923606e+03   1.2750000e+06
   2.3918624e+03   1.2740000e+06
   2.3913713e+03   1.2730000e+06
   2.3908928e+03   1.2720000e+06
   2.3903775e+03   1.2710000e+06
   2.3900000e+03   1.2702137e+06
   2.3898981e+03   1.2700000e+06
   2.3894255e+03   1.2690000e+06
   2.3889501e+03   1.2680000e+06
   2.3884695e+03   1.2670000e+06
   2.3879766e+03   1.2660000e+06
   2.3874899e+03   1.2650000e+06
   2.3869965e+03   1.2640000e+06
   2.3864961e+03   1.2630000e+06
   2.3860008e+03   1.2620000e+06
   2.3855073e+03   1.2610000e+06
   2.3850106e+03   1.2600000e+06
   2.3845140e+03   1.2590000e+06
   2.3840266e+03   1.2580000e+06
   2.3835259e+03   1.2570000e+06
   2.3830272e+03   1.2560000e+06
   2.3825265e+03   1.2550000e+06
   2.3820369e+03   1.2540000e+06
   2.3815650e+03   1.2530000e+06
   2.3810958e+03   1.2520000e+06
   2.3805409e+03   1.2510000e+06
   2.3800615e+03   1.2500000e+06
   2.3800000e+03   1.2498683e+06
   2.3795995e+03   1.2490000e+06
   2.3791363e+03   1.2480000e+06
   2.3786332e+03   1.2470000e+06
   2.3781274e+03   1.2460000e+06
   2.3776362e+03   1.2450000e+06
   2.3772631e+03   1.2440000e+06
   2.3767466e+03   1.2430000e+06
   2.3762152e+03   1.2420000e+06
   2.3757251e+03   1.2410000e+06
   2.3752243e+03   1.2400000e+06
   2.3747245e+03   1.2390000e+06
   2.3742165e+03   1.2380000e+06
   2.3736955e+03   1.2370000e+06
   2.3731970e+03   1.2360000e+06
   2.3727011e+03   1.2350000e+06
   2.3722086e+03   1.2340000e+06
   2.3717185e+03   1.2330000e+06
   2.3712258e+03   1.2320000e+06
   2.3707304e+03   1.2310000e+06
   2.3702422e+03   1.2300000e+06
   2.3700000e+03   1.2295020e+06
   2.3697561e+03   1.2290000e+06
   2.3692571e+03   1.2280000e+06
   2.3687543e+03   1.2270000e+06
   2.3682505e+03   1.2260000e+06
   2.3677488e+03   1.2250000e+06
   2.3672456e+03   1.2240000e+06
   2.3667408e+03   1.2230000e+06
   2.3662422e+03   1.2220000e+06
   2.3657442e+03   1.2210000e+06
   2.3652462e+03   1.2200000e+06
   2.3647472e+03   1.2190000e+06
   2.3642482e+03   1.2180000e+06
   2.3637495e+03   1.2170000e+06
   2.3633164e+03   1.2160000e+06
   2.3627801e+03   1.2150000e+06
   2.3622988e+03   1.2140000e+06
   2.3618271e+03   1.2130000e+06
   2.3613561e+03   1.2120000e+06
   2.3608895e+03   1.2110000e+06
   2.3604071e+03   1.2100000e+06
   2.3600000e+03   1.2091903e+06
   2.3599040e+03   1.2090000e+06
   2.3594171e+03   1.2080000e+06
   2.3589098e+03   1.2070000e+06
   2.3584122e+03   1.2060000e+06
   2.3579077e+03   1.2050000e+06
   2.3574029e+03   1.2040000e+06
   2.3569043e+03   1.2030000e+06
   2.3564153e+03   1.2020000e+06
   2.3559268e+03   1.2010000e+06
   2.3554414e+03   1.2000000e+06
   2.3549776e+03   1.1990000e+06
   2.3544909e+03   1.1980000e+06
   2.3540041e+03   1.1970000e+06
   2.3535130e+03   1.1960000e+06
   2.3530226e+03   1.1950000e+06
   2.3525497e+03   1.1940000e+06
   2.3520632e+03   1.1930000e+06
   2.3515725e+03   1.1920000e+06
   2.3510818e+03   1.1910000e+06
   2.3505891e+03   1.1900000e+06
   2.3500911e+03   1.1890000e+06
   2.3500000e+03   1.1888165e+06
   2.3495935e+03   1.1880000e+06
   2.3490364e+03   1.1870000e+06
   2.3486124e+03   1.1860000e+06
   2.3480910e+03   1.1850000e+06
   2.3475482e+03   1.1840000e+06
   2.3470457e+03   1.1830000e+06
   2.3465320e+03   1.1820000e+06
   2.3460223e+03   1.1810000e+06
   2.3455712e+03   1.1800000e+06
   2.3450724e+03   1.1790000e+06
   2.3425509e+03   1.1780000e+06
   2.3400000e+03   1.1774525e+06
   2.3378793e+03   1.1770000e+06
   2.3316759e+03   1.1760000e+06
   2.3300000e+03   1.1757528e+06
   2.3231183e+03   1.1750000e+06
   2.3200000e+03   1.1744775e+06
   2.3178955e+03   1.1740000e+06
   2.3119048e+03   1.1730000e+06
   2.3100000e+03   1.1723527e+06
   2.3091478e+03   1.1720000e+06
   2.3083362e+03   1.1710000e+06
   2.3079288e+03   1.1700000e+06
   2.3075278e+03   1.1690000e+06
   2.3071553e+03   1.1680000e+06
   2.3067043e+03   1.1670000e+06
   2.3063001e+03   1.1660000e+06
   2.3058025e+03   1.1650000e+06
   2.3054372e+03   1.1640000e+06
   2.3049906e+03   1.1630000e+06
   2.3045422e+03   1.1620000e+06
   2.3040860e+03   1.1610000e+06
   2.3036408e+03   1.1600000e+06
   2.3031968e+03   1.1590000e+06
   2.3027469e+03   1.1580000e+06
   2.3022925e+03   1.1570000e+06
   2.3018335e+03   1.1560000e+06
   2.3013719e+03   1.1550000e+06
   2.3009056e+03   1.1540000e+06
   2.3004610e+03   1.1530000e+06
   2.3000147e+03   1.1520000e+06
   2.3000000e+03   1.1519669e+06
   2.2995616e+03   1.1510000e+06
   2.2991117e+03   1.1500000e+06
   2.2986595e+03   1.1490000e+06
   2.2982055e+03   1.1480000e+06
   2.2977523e+03   1.1470000e+06
   2.2972978e+03   1.1460000e+06
   2.2968443e+03   1.1450000e+06
   2.2963858e+03   1.1440000e+06
   2.2959291e+03   1.1430000e+06
   2.2954723e+03   1.1420000e+06
   2.2950169e+03   1.1410000e+06
   2.2945603e+03   1.1400000e+06
   2.2941055e+03   1.1390000e+06
   2.2936171e+03   1.1380000e+06
   2.2931470e+03   1.1370000e+06
   2.2926826e+03   1.1360000e+06
   2.2922226e+03   1.1350000e+06
   2.2917177e+03   1.1340000e+06
   2.2913434e+03   1.1330000e+06
   2.2908195e+03   1.1320000e+06
   2.2903687e+03   1.1310000e+06
   2.2900000e+03   1.1301721e+06
   2.2899222e+03   1.1300000e+06
   2.2894704e+03   1.1290000e+06
   2.2890174e+03   1.1280000e+06
   2.2885569e+03   1.1270000e+06
   2.2880960e+03   1.1260000e+06
   2.2876342e+03   1.1250000e+06
   2.2871647e+03   1.1240000e+06
   2.2866771e+03   1.1230000e+06
   2.2862071e+03   1.1220000e+06
   2.2857388e+03   1.1210000e+06
   2.2852693e+03   1.1200000e+06
   2.2848259e+03   1.1190000e+06
   2.2843565e+03   1.1180000e+06
   2.2838274e+03   1.1170000e+06
   2.2833585e+03   1.1160000e+06
   2.2828926e+03   1.1150000e+06
   2.2824286e+03   1.1140000e+06
   2.2819494e+03   1.1130000e+06
   2.2814718e+03   1.1120000e+06
   2.2809921e+03   1.1110000e+06
   2.2805240e+03   1.1100000e+06
   2.2800440e+03   1.1090000e+06
   2.2800000e+03   1.1089084e+06
   2.2795695e+03   1.1080000e+06
   2.2791146e+03   1.1070000e+06
   2.2786700e+03   1.1060000e+06
   2.2782266e+03   1.1050000e+06
   2.2777780e+03   1.1040000e+06
   2.2773345e+03   1.1030000e+06
   2.2768903e+03   1.1020000e+06
   2.2763895e+03   1.1010000e+06
   2.2759369e+03   1.1000000e+06
   2.2754439e+03   1.0990000e+06
   2.2750222e+03   1.0980000e+06
   2.2745219e+03   1.0970000e+06
   2.2740515e+03   1.0960000e+06
   2.2735484e+03   1.0950000e+06
   2.2730764e+03   1.0940000e+06
   2.2725912e+03   1.0930000e+06
   2.2721142e+03   1.0920000e+06
   2.2716327e+03   1.0910000e+06
   2.2711546e+03   1.0900000e+06
   2.2706766e+03   1.0890000e+06
   2.2702132e+03   1.0880000e+06
   2.2700000e+03   1.0875304e+06
   2.2697630e+03   1.0870000e+06
   2.2693162e+03   1.0860000e+06
   2.2688678e+03   1.0850000e+06
   2.2684211e+03   1.0840000e+06
   2.2679729e+03   1.0830000e+06
   2.2674641e+03   1.0820000e+06
   2.2670247e+03   1.0810000e+06
   2.2665292e+03   1.0800000e+06
   2.2660290e+03   1.0790000e+06
   2.2655235e+03   1.0780000e+06
   2.2649862e+03   1.0770000e+06
   2.2645906e+03   1.0760000e+06
   2.2640336e+03   1.0750000e+06
   2.2635697e+03   1.0740000e+06
   2.2631191e+03   1.0730000e+06
   2.2626648e+03   1.0720000e+06
   2.2622090e+03   1.0710000e+06
   2.2617498e+03   1.0700000e+06
   2.2612749e+03   1.0690000e+06
   2.2608099e+03   1.0680000e+06
   2.2603425e+03   1.0670000e+06
   2.2600000e+03   1.0662640e+06
   2.2598810e+03   1.0660000e+06
   2.2594286e+03   1.0650000e+06
   2.2589780e+03   1.0640000e+06
   2.2585279e+03   1.0630000e+06
   2.2580456e+03   1.0620000e+06
   2.2575567e+03   1.0610000e+06
   2.2570819e+03   1.0600000e+06
   2.2565899e+03   1.0590000e+06
   2.2560960e+03   1.0580000e+06
   2.2555944e+03   1.0570000e+06
   2.2551205e+03   1.0560000e+06
   2.2546498e+03   1.0550000e+06
   2.2541777e+03   1.0540000e+06
   2.2537028e+03   1.0530000e+06
   2.2532534e+03   1.0520000e+06
   2.2527765e+03   1.0510000e+06
   2.2522389e+03   1.0500000e+06
   2.2518058e+03   1.0490000e+06
   2.2513711e+03   1.0480000e+06
   2.2508781e+03   1.0470000e+06
   2.2503822e+03   1.0460000e+06
   2.2500000e+03   1.0452333e+06
   2.2498857e+03   1.0450000e+06
   2.2493977e+03   1.0440000e+06
   2.2489328e+03   1.0430000e+06
   2.2484663e+03   1.0420000e+06
   2.2480181e+03   1.0410000e+06
   2.2475378e+03   1.0400000e+06
   2.2470874e+03   1.0390000e+06
   2.2466127e+03   1.0380000e+06
   2.2461345e+03   1.0370000e+06
   2.2456519e+03   1.0360000e+06
   2.2451680e+03   1.0350000e+06
   2.2446979e+03   1.0340000e+06
   2.2442656e+03   1.0330000e+06
   2.2437752e+03   1.0320000e+06
   2.2432856e+03   1.0310000e+06
   2.2428118e+03   1.0300000e+06
   2.2423398e+03   1.0290000e+06
   2.2418649e+03   1.0280000e+06
   2.2413929e+03   1.0270000e+06
   2.2409194e+03   1.0260000e+06
   2.2404441e+03   1.0250000e+06
   2.2400000e+03   1.0241037e+06
   2.2399491e+03   1.0240000e+06
   2.2394542e+03   1.0230000e+06
   2.2389725e+03   1.0220000e+06
   2.2384968e+03   1.0210000e+06
   2.2380530e+03   1.0200000e+06
   2.2375510e+03   1.0190000e+06
   2.2370601e+03   1.0180000e+06
   2.2365839e+03   1.0170000e+06
   2.2361066e+03   1.0160000e+06
   2.2356264e+03   1.0150000e+06
   2.2351412e+03   1.0140000e+06
   2.2346643e+03   1.0130000e+06
   2.2341864e+03   1.0120000e+06
   2.2337030e+03   1.0110000e+06
   2.2332244e+03   1.0100000e+06
   2.2327401e+03   1.0090000e+06
   2.2322568e+03   1.0080000e+06
   2.2317707e+03   1.0070000e+06
   2.2313052e+03   1.0060000e+06
   2.2308288e+03   1.0050000e+06
   2.2303490e+03   1.0040000e+06
   2.2300000e+03   1.0032727e+06
   2.2298684e+03   1.0030000e+06
   2.2293878e+03   1.0020000e+06
   2.2289103e+03   1.0010000e+06
   2.2284341e+03   1.0000000e+06
   2.2279516e+03   9.9900000e+05
   2.2274760e+03   9.9800000e+05
   2.2269891e+03   9.9700000e+05
   2.2264995e+03   9.9600000e+05
   2.2260066e+03   9.9500000e+05
   2.2255286e+03   9.9400000e+05
   2.2250220e+03   9.9300000e+05
   2.2245396e+03   9.9200000e+05
   2.2240282e+03   9.9100000e+05
   2.2235389e+03   9.9000000e+05
   2.2230513e+03   9.8900000e+05
   2.2225649e+03   9.8800000e+05
   2.2220822e+03   9.8700000e+05
   2.2215994e+03   9.8600000e+05
   2.2211181e+03   9.8500000e+05
   2.2206353e+03   9.8400000e+05
   2.2201503e+03   9.8300000e+05
   2.2200000e+03   9.8268914e+05
   2.2196655e+03   9.8200000e+05
   2.2191836e+03   9.8100000e+05
   2.2187052e+03   9.8000000e+05
   2.2182152e+03   9.7900000e+05
   2.2177265e+03   9.7800000e+05
   2.2172470e+03   9.7700000e+05
   2.2167587e+03   9.7600000e+05
   2.2162745e+03   9.7500000e+05
   2.2157916e+03   9.7400000e+05
   2.2152944e+03   9.7300000e+05
   2.2148002e+03   9.7200000e+05
   2.2143056e+03   9.7100000e+05
   2.2137609e+03   9.7000000e+05
   2.2132658e+03   9.6900000e+05
   2.2127726e+03   9.6800000e+05
   2.2122837e+03   9.6700000e+05
   2.2117988e+03   9.6600000e+05
   2.2113135e+03   9.6500000e+05
   2.2108270e+03   9.6400000e+05
   2.2103405e+03   9.6300000e+05
   2.2100000e+03   9.6230000e+05
   2.2098545e+03   9.6200000e+05
   2.2093665e+03   9.6100000e+05
   2.2088791e+03   9.6000000e+05
   2.2083915e+03   9.5900000e+05
   2.2079710e+03   9.5800000e+05
   2.2074012e+03   9.5700000e+05
   2.2069127e+03   9.5600000e+05
   2.2064242e+03   9.5500000e+05
   2.2059269e+03   9.5400000e+05
   2.2054226e+03   9.5300000e+05
   2.2049140e+03   9.5200000e+05
   2.2044116e+03   9.5100000e+05
   2.2039013e+03   9.5000000e+05
   2.2033806e+03   9.4900000e+05
   2.2028856e+03   9.4800000e+05
   2.2023960e+03   9.4700000e+05
   2.2019046e+03   9.4600000e+05
   2.2014127e+03   9.4500000e+05
   2.2009213e+03   9.4400000e+05
   2.2004285e+03   9.4300000e+05
   2.2000000e+03   9.4212774e+05
   2.1999375e+03   9.4200000e+05
   2.1994447e+03   9.4100000e+05
   2.1989486e+03   9.4000000e+05
   2.1984466e+03   9.3900000e+05
   2.1979487e+03   9.3800000e+05
   2.1974545e+03   9.3700000e+05
   2.1969553e+03   9.3600000e+05
   2.1964522e+03   9.3500000e+05
   2.1959416e+03   9.3400000e+05
   2.1954322e+03   9.3300000e+05
   2.1949216e+03   9.3200000e+05
   2.1944108e+03   9.3100000e+05
   2.1938994e+03   9.3000000e+05
   2.1933892e+03   9.2900000e+05
   2.1928933e+03   9.2800000e+05
   2.1923969e+03   9.2700000e+05
   2.1918997e+03   9.2600000e+05
   2.1914018e+03   9.2500000e+05
   2.1909021e+03   9.2400000e+05
   2.1904036e+03   9.2300000e+05
   2.1900000e+03   9.2218996e+05
   2.1899059e+03   9.2200000e+05
   2.1894038e+03   9.2100000e+05
   2.1888993e+03   9.2000000e+05
   2.1883975e+03   9.1900000e+05
   2.1878943e+03   9.1800000e+05
   2.1873914e+03   9.1700000e+05
   2.1868842e+03   9.1600000e+05
   2.1863777e+03   9.1500000e+05
   2.1858631e+03   9.1400000e+05
   2.1853569e+03   9.1300000e+05
   2.1848409e+03   9.1200000e+05
   2.1843251e+03   9.1100000e+05
   2.1838074e+03   9.1000000e+05
   2.1833067e+03   9.0900000e+05
   2.1828063e+03   9.0800000e+05
   2.1823035e+03   9.0700000e+05
   2.1818033e+03   9.0600000e+05
   2.1813033e+03   9.0500000e+05
   2.1808018e+03   9.0400000e+05
   2.1803004e+03   9.0300000e+05
   2.1800000e+03   9.0240071e+05
   2.1798002e+03   9.0200000e+05
   2.1793015e+03   9.0100000e+05
   2.1788028e+03   9.0000000e+05
   2.1783015e+03   8.9900000e+05
   2.1778027e+03   8.9800000e+05
   2.1772158e+03   8.9700000e+05
   2.1767765e+03   8.9600000e+05
   2.1762562e+03   8.9500000e+05
   2.1757664e+03   8.9400000e+05
   2.1752381e+03   8.9300000e+05
   2.1746966e+03   8.9200000e+05
   2.1741788e+03   8.9100000e+05
   2.1736602e+03   8.9000000e+05
   2.1731384e+03   8.8900000e+05
   2.1726256e+03   8.8800000e+05
   2.1721179e+03   8.8700000e+05
   2.1716351e+03   8.8600000e+05
   2.1711085e+03   8.8500000e+05
   2.1705912e+03   8.8400000e+05
   2.1700817e+03   8.8300000e+05
   2.1700000e+03   8.8283972e+05
   2.1695761e+03   8.8200000e+05
   2.1690730e+03   8.8100000e+05
   2.1685667e+03   8.8000000e+05
   2.1680605e+03   8.7900000e+05
   2.1675524e+03   8.7800000e+05
   2.1670193e+03   8.7700000e+05
   2.1664891e+03   8.7600000e+05
   2.1659721e+03   8.7500000e+05
   2.1654515e+03   8.7400000e+05
   2.1649431e+03   8.7300000e+05
   2.1644038e+03   8.7200000e+05
   2.1639699e+03   8.7100000e+05
   2.1634584e+03   8.7000000e+05
   2.1629405e+03   8.6900000e+05
   2.1623773e+03   8.6800000e+05
   2.1618424e+03   8.6700000e+05
   2.1613084e+03   8.6600000e+05
   2.1607801e+03   8.6500000e+05
   2.1602659e+03   8.6400000e+05
   2.1600000e+03   8.6348454e+05
   2.1597533e+03   8.6300000e+05
   2.1592440e+03   8.6200000e+05
   2.1587329e+03   8.6100000e+05
   2.1582216e+03   8.6000000e+05
   2.1577345e+03   8.5900000e+05
   2.1571951e+03   8.5800000e+05
   2.1566795e+03   8.5700000e+05
   2.1561570e+03   8.5600000e+05
   2.1556318e+03   8.5500000e+05
   2.1550867e+03   8.5400000e+05
   2.1545673e+03   8.5300000e+05
   2.1540442e+03   8.5200000e+05
   2.1535204e+03   8.5100000e+05
   2.1529984e+03   8.5000000e+05
   2.1524770e+03   8.4900000e+05
   2.1519548e+03   8.4800000e+05
   2.1514344e+03   8.4700000e+05
   2.1509053e+03   8.4600000e+05
   2.1503839e+03   8.4500000e+05
   2.1500000e+03   8.4426014e+05
   2.1498669e+03   8.4400000e+05
   2.1493705e+03   8.4300000e+05
   2.1488414e+03   8.4200000e+05
   2.1483270e+03   8.4100000e+05
   2.1478079e+03   8.4000000e+05
   2.1472839e+03   8.3900000e+05
   2.1467530e+03   8.3800000e+05
   2.1462614e+03   8.3700000e+05
   2.1457454e+03   8.3600000e+05
   2.1452170e+03   8.3500000e+05
   2.1446751e+03   8.3400000e+05
   2.1441412e+03   8.3300000e+05
   2.1436181e+03   8.3200000e+05
   2.1430906e+03   8.3100000e+05
   2.1425619e+03   8.3000000e+05
   2.1420369e+03   8.2900000e+05
   2.1415125e+03   8.2800000e+05
   2.1409852e+03   8.2700000e+05
   2.1404576e+03   8.2600000e+05
   2.1400000e+03   8.2513487e+05
   2.1399291e+03   8.2500000e+05
   2.1394871e+03   8.2400000e+05
   2.1388779e+03   8.2300000e+05
   2.1383518e+03   8.2200000e+05
   2.1378356e+03   8.2100000e+05
   2.1372975e+03   8.2000000e+05
   2.1367674e+03   8.1900000e+05
   2.1362373e+03   8.1800000e+05
   2.1357210e+03   8.1700000e+05
   2.1351878e+03   8.1600000e+05
   2.1346528e+03   8.1500000e+05
   2.1341171e+03   8.1400000e+05
   2.1335953e+03   8.1300000e+05
   2.1330668e+03   8.1200000e+05
   2.1325558e+03   8.1100000e+05
   2.1320017e+03   8.1000000e+05
   2.1314737e+03   8.0900000e+05
   2.1309289e+03   8.0800000e+05
   2.1303838e+03   8.0700000e+05
   2.1300000e+03   8.0629299e+05
   2.1298415e+03   8.0600000e+05
   2.1293007e+03   8.0500000e+05
   2.1287605e+03   8.0400000e+05
   2.1282192e+03   8.0300000e+05
   2.1276775e+03   8.0200000e+05
   2.1271377e+03   8.0100000e+05
   2.1266019e+03   8.0000000e+05
   2.1260630e+03   7.9900000e+05
   2.1255228e+03   7.9800000e+05
   2.1249810e+03   7.9700000e+05
   2.1244408e+03   7.9600000e+05
   2.1239227e+03   7.9500000e+05
   2.1233661e+03   7.9400000e+05
   2.1228325e+03   7.9300000e+05
   2.1222980e+03   7.9200000e+05
   2.1217651e+03   7.9100000e+05
   2.1212311e+03   7.9000000e+05
   2.1206955e+03   7.8900000e+05
   2.1201532e+03   7.8800000e+05
   2.1200000e+03   7.8771746e+05
   2.1196129e+03   7.8700000e+05
   2.1190719e+03   7.8600000e+05
   2.1185301e+03   7.8500000e+05
   2.1179894e+03   7.8400000e+05
   2.1174503e+03   7.8300000e+05
   2.1169104e+03   7.8200000e+05
   2.1163653e+03   7.8100000e+05
   2.1158249e+03   7.8000000e+05
   2.1152951e+03   7.7900000e+05
   2.1147543e+03   7.7800000e+05
   2.1142118e+03   7.7700000e+05
   2.1136688e+03   7.7600000e+05
   2.1131241e+03   7.7500000e+05
   2.1125767e+03   7.7400000e+05
   2.1120285e+03   7.7300000e+05
   2.1114812e+03   7.7200000e+05
   2.1109342e+03   7.7100000e+05
   2.1103856e+03   7.7000000e+05
   2.1100000e+03   7.6929467e+05
   2.1098396e+03   7.6900000e+05
   2.1092967e+03   7.6800000e+05
   2.1087532e+03   7.6700000e+05
   2.1081965e+03   7.6600000e+05
   2.1076533e+03   7.6500000e+05
   2.1071068e+03   7.6400000e+05
   2.1065599e+03   7.6300000e+05
   2.1060109e+03   7.6200000e+05
   2.1054598e+03   7.6100000e+05
   2.1049097e+03   7.6000000e+05
   2.1043580e+03   7.5900000e+05
   2.1038041e+03   7.5800000e+05
   2.1032533e+03   7.5700000e+05
   2.1027028e+03   7.5600000e+05
   2.1021628e+03   7.5500000e+05
   2.1016159e+03   7.5400000e+05
   2.1010666e+03   7.5300000e+05
   2.1005181e+03   7.5200000e+05
   2.1000000e+03   7.5109226e+05
   2.0999474e+03   7.5100000e+05
   2.0994134e+03   7.5000000e+05
   2.0988641e+03   7.4900000e+05
   2.0983093e+03   7.4800000e+05
   2.0977534e+03   7.4700000e+05
   2.0971891e+03   7.4600000e+05
   2.0966396e+03   7.4500000e+05
   2.0960878e+03   7.4400000e+05
   2.0955328e+03   7.4300000e+05
   2.0949780e+03   7.4200000e+05
   2.0944222e+03   7.4100000e+05
   2.0938654e+03   7.4000000e+05
   2.0933079e+03   7.3900000e+05
   2.0927467e+03   7.3800000e+05
   2.0921942e+03   7.3700000e+05
   2.0916367e+03   7.3600000e+05
   2.0910786e+03   7.3500000e+05
   2.0905212e+03   7.3400000e+05
   2.0900000e+03   7.3306667e+05
   2.0899629e+03   7.3300000e+05
   2.0894057e+03   7.3200000e+05
   2.0888469e+03   7.3100000e+05
   2.0882883e+03   7.3000000e+05
   2.0877287e+03   7.2900000e+05
   2.0871677e+03   7.2800000e+05
   2.0866076e+03   7.2700000e+05
   2.0860466e+03   7.2600000e+05
   2.0854824e+03   7.2500000e+05
   2.0849233e+03   7.2400000e+05
   2.0843626e+03   7.2300000e+05
   2.0838010e+03   7.2200000e+05
   2.0832401e+03   7.2100000e+05
   2.0826795e+03   7.2000000e+05
   2.0821163e+03   7.1900000e+05
   2.0815535e+03   7.1800000e+05
   2.0809831e+03   7.1700000e+05
   2.0804231e+03   7.1600000e+05
   2.0800000e+03   7.1525519e+05
   2.0798555e+03   7.1500000e+05
   2.0792815e+03   7.1400000e+05
   2.0787192e+03   7.1300000e+05
   2.0781551e+03   7.1200000e+05
   2.0775932e+03   7.1100000e+05
   2.0770291e+03   7.1000000e+05
   2.0764709e+03   7.0900000e+05
   2.0759057e+03   7.0800000e+05
   2.0753384e+03   7.0700000e+05
   2.0747672e+03   7.0600000e+05
   2.0742058e+03   7.0500000e+05
   2.0736411e+03   7.0400000e+05
   2.0730721e+03   7.0300000e+05
   2.0724845e+03   7.0200000e+05
   2.0719158e+03   7.0100000e+05
   2.0713488e+03   7.0000000e+05
   2.0707783e+03   6.9900000e+05
   2.0702048e+03   6.9800000e+05
   2.0700000e+03   6.9764431e+05
   2.0696317e+03   6.9700000e+05
   2.0690645e+03   6.9600000e+05
   2.0685039e+03   6.9500000e+05
   2.0679295e+03   6.9400000e+05
   2.0673588e+03   6.9300000e+05
   2.0667847e+03   6.9200000e+05
   2.0662124e+03   6.9100000e+05
   2.0656387e+03   6.9000000e+05
   2.0650600e+03   6.8900000e+05
   2.0644882e+03   6.8800000e+05
   2.0639146e+03   6.8700000e+05
   2.0633422e+03   6.8600000e+05
   2.0627671e+03   6.8500000e+05
   2.0621942e+03   6.8400000e+05
   2.0616191e+03   6.8300000e+05
   2.0610431e+03   6.8200000e+05
   2.0604656e+03   6.8100000e+05
   2.0600000e+03   6.8018895e+05
   2.0598919e+03   6.8000000e+05
   2.0593146e+03   6.7900000e+05
   2.0587338e+03   6.7800000e+05
   2.0581541e+03   6.7700000e+05
   2.0575742e+03   6.7600000e+05
   2.0569969e+03   6.7500000e+05
   2.0564173e+03   6.7400000e+05
   2.0558351e+03   6.7300000e+05
   2.0552569e+03   6.7200000e+05
   2.0546742e+03   6.7100000e+05
   2.0540899e+03   6.7000000e+05
   2.0535049e+03   6.6900000e+05
   2.0529376e+03   6.6800000e+05
   2.0523415e+03   6.6700000e+05
   2.0517737e+03   6.6600000e+05
   2.0511944e+03   6.6500000e+05
   2.0506151e+03   6.6400000e+05
   2.0500333e+03   6.6300000e+05
   2.0500000e+03   6.6294286e+05
   2.0494532e+03   6.6200000e+05
   2.0488716e+03   6.6100000e+05
   2.0482894e+03   6.6000000e+05
   2.0477026e+03   6.5900000e+05
   2.0471183e+03   6.5800000e+05
   2.0465492e+03   6.5700000e+05
   2.0459651e+03   6.5600000e+05
   2.0453812e+03   6.5500000e+05
   2.0447974e+03   6.5400000e+05
   2.0442128e+03   6.5300000e+05
   2.0436328e+03   6.5200000e+05
   2.0430482e+03   6.5100000e+05
   2.0424626e+03   6.5000000e+05
   2.0418791e+03   6.4900000e+05
   2.0412930e+03   6.4800000e+05
   2.0407096e+03   6.4700000e+05
   2.0401265e+03   6.4600000e+05
   2.0400000e+03   6.4578788e+05
   2.0395311e+03   6.4500000e+05
   2.0389472e+03   6.4400000e+05
   2.0383621e+03   6.4300000e+05
   2.0377756e+03   6.4200000e+05
   2.0371911e+03   6.4100000e+05
   2.0366032e+03   6.4000000e+05
   2.0360131e+03   6.3900000e+05
   2.0354249e+03   6.3800000e+05
   2.0348360e+03   6.3700000e+05
   2.0342464e+03   6.3600000e+05
   2.0336559e+03   6.3500000e+05
   2.0330592e+03   6.3400000e+05
   2.0324306e+03   6.3300000e+05
   2.0318168e+03   6.3200000e+05
   2.0311714e+03   6.3100000e+05
   2.0305758e+03   6.3000000e+05
   2.0300000e+03   6.2903581e+05
   2.0299789e+03   6.2900000e+05
   2.0293894e+03   6.2800000e+05
   2.0288069e+03   6.2700000e+05
   2.0282179e+03   6.2600000e+05
   2.0276235e+03   6.2500000e+05
   2.0270353e+03   6.2400000e+05
   2.0264405e+03   6.2300000e+05
   2.0258481e+03   6.2200000e+05
   2.0252520e+03   6.2100000e+05
   2.0246549e+03   6.2000000e+05
   2.0240571e+03   6.1900000e+05
   2.0234576e+03   6.1800000e+05
   2.0228722e+03   6.1700000e+05
   2.0222708e+03   6.1600000e+05
   2.0216780e+03   6.1500000e+05
   2.0210829e+03   6.1400000e+05
   2.0204887e+03   6.1300000e+05
   2.0200000e+03   6.1217935e+05
   2.0198922e+03   6.1200000e+05
   2.0192911e+03   6.1100000e+05
   2.0186883e+03   6.1000000e+05
   2.0180879e+03   6.0900000e+05
   2.0174877e+03   6.0800000e+05
   2.0168840e+03   6.0700000e+05
   2.0162798e+03   6.0600000e+05
   2.0156753e+03   6.0500000e+05
   2.0150687e+03   6.0400000e+05
   2.0144532e+03   6.0300000e+05
   2.0138356e+03   6.0200000e+05
   2.0131771e+03   6.0100000e+05
   2.0125618e+03   6.0000000e+05
   2.0119503e+03   5.9900000e+05
   2.0113399e+03   5.9800000e+05
   2.0107353e+03   5.9700000e+05
   2.0101293e+03   5.9600000e+05
   2.0100000e+03   5.9578610e+05
   2.0095247e+03   5.9500000e+05
   2.0089169e+03   5.9400000e+05
   2.0083132e+03   5.9300000e+05
   2.0077044e+03   5.9200000e+05
   2.0071097e+03   5.9100000e+05
   2.0064866e+03   5.9000000e+05
   2.0058745e+03   5.8900000e+05
   2.0052661e+03   5.8800000e+05
   2.0046647e+03   5.8700000e+05
   2.0040527e+03   5.8600000e+05
   2.0034390e+03   5.8500000e+05
   2.0028271e+03   5.8400000e+05
   2.0022154e+03   5.8300000e+05
   2.0015995e+03   5.8200000e+05
   2.0009879e+03   5.8100000e+05
   2.0003704e+03   5.8000000e+05
   2.0000000e+03   5.7939578e+05
   1.9997574e+03   5.7900000e+05
   1.9991392e+03   5.7800000e+05
   1.9985210e+03   5.7700000e+05
   1.9979013e+03   5.7600000e+05
   1.9972816e+03   5.7500000e+05
   1.9966634e+03   5.7400000e+05
   1.9960424e+03   5.7300000e+05
   1.9954192e+03   5.7200000e+05
   1.9947992e+03   5.7100000e+05
   1.9941810e+03   5.7000000e+05
   1.9935256e+03   5.6900000e+05
   1.9929039e+03   5.6800000e+05
   1.9922902e+03   5.6700000e+05
   1.9916725e+03   5.6600000e+05
   1.9910537e+03   5.6500000e+05
   1.9904349e+03   5.6400000e+05
   1.9900000e+03   5.6329716e+05
   1.9898150e+03   5.6300000e+05
   1.9891907e+03   5.6200000e+05
   1.9885664e+03   5.6100000e+05
   1.9879401e+03   5.6000000e+05
   1.9873146e+03   5.5900000e+05
   1.9866881e+03   5.5800000e+05
   1.9860614e+03   5.5700000e+05
   1.9854350e+03   5.5600000e+05
   1.9848079e+03   5.5500000e+05
   1.9841794e+03   5.5400000e+05
   1.9835502e+03   5.5300000e+05
   1.9829208e+03   5.5200000e+05
   1.9822947e+03   5.5100000e+05
   1.9816640e+03   5.5000000e+05
   1.9810309e+03   5.4900000e+05
   1.9803959e+03   5.4800000e+05
   1.9800000e+03   5.4737722e+05
   1.9797620e+03   5.4700000e+05
   1.9791324e+03   5.4600000e+05
   1.9784835e+03   5.4500000e+05
   1.9778529e+03   5.4400000e+05
   1.9772251e+03   5.4300000e+05
   1.9765928e+03   5.4200000e+05
   1.9759601e+03   5.4100000e+05
   1.9753262e+03   5.4000000e+05
   1.9746912e+03   5.3900000e+05
   1.9740552e+03   5.3800000e+05
   1.9734242e+03   5.3700000e+05
   1.9727867e+03   5.3600000e+05
   1.9721474e+03   5.3500000e+05
   1.9715095e+03   5.3400000e+05
   1.9708727e+03   5.3300000e+05
   1.9702376e+03   5.3200000e+05
   1.9700000e+03   5.3162657e+05
   1.9696028e+03   5.3100000e+05
   1.9689617e+03   5.3000000e+05
   1.9683270e+03   5.2900000e+05
   1.9676932e+03   5.2800000e+05
   1.9670513e+03   5.2700000e+05
   1.9664065e+03   5.2600000e+05
   1.9657592e+03   5.2500000e+05
   1.9651216e+03   5.2400000e+05
   1.9644732e+03   5.2300000e+05
   1.9638223e+03   5.2200000e+05
   1.9631734e+03   5.2100000e+05
   1.9625246e+03   5.2000000e+05
   1.9618776e+03   5.1900000e+05
   1.9612263e+03   5.1800000e+05
   1.9605823e+03   5.1700000e+05
   1.9600000e+03   5.1608685e+05
   1.9599447e+03   5.1600000e+05
   1.9592944e+03   5.1500000e+05
   1.9586504e+03   5.1400000e+05
   1.9580063e+03   5.1300000e+05
   1.9573623e+03   5.1200000e+05
   1.9567172e+03   5.1100000e+05
   1.9560717e+03   5.1000000e+05
   1.9554246e+03   5.0900000e+05
   1.9547767e+03   5.0800000e+05
   1.9541297e+03   5.0700000e+05
   1.9534789e+03   5.0600000e+05
   1.9528283e+03   5.0500000e+05
   1.9521788e+03   5.0400000e+05
   1.9515283e+03   5.0300000e+05
   1.9508529e+03   5.0200000e+05
   1.9502159e+03   5.0100000e+05
   1.9500000e+03   5.0067303e+05
   1.9495583e+03   5.0000000e+05
   1.9489007e+03   4.9900000e+05
   1.9482433e+03   4.9800000e+05
   1.9475842e+03   4.9700000e+05
   1.9469277e+03   4.9600000e+05
   1.9462625e+03   4.9500000e+05
   1.9456054e+03   4.9400000e+05
   1.9449492e+03   4.9300000e+05
   1.9442906e+03   4.9200000e+05
   1.9436311e+03   4.9100000e+05
   1.9429698e+03   4.9000000e+05
   1.9423099e+03   4.8900000e+05
   1.9416495e+03   4.8800000e+05
   1.9409878e+03   4.8700000e+05
   1.9403333e+03   4.8600000e+05
   1.9400000e+03   4.8549764e+05
   1.9396713e+03   4.8500000e+05
   1.9390111e+03   4.8400000e+05
   1.9383497e+03   4.8300000e+05
   1.9376916e+03   4.8200000e+05
   1.9370324e+03   4.8100000e+05
   1.9363672e+03   4.8000000e+05
   1.9357085e+03   4.7900000e+05
   1.9350544e+03   4.7800000e+05
   1.9343915e+03   4.7700000e+05
   1.9337245e+03   4.7600000e+05
   1.9330548e+03   4.7500000e+05
   1.9323867e+03   4.7400000e+05
   1.9317137e+03   4.7300000e+05
   1.9310348e+03   4.7200000e+05
   1.9303614e+03   4.7100000e+05
   1.9300000e+03   4.7046296e+05
   1.9296904e+03   4.7000000e+05
   1.9290186e+03   4.6900000e+05
   1.9283470e+03   4.6800000e+05
   1.9276737e+03   4.6700000e+05
   1.9270015e+03   4.6600000e+05
   1.9263282e+03   4.6500000e+05
   1.9256526e+03   4.6400000e+05
   1.9249814e+03   4.6300000e+05
   1.9243120e+03   4.6200000e+05
   1.9236413e+03   4.6100000e+05
   1.9229687e+03   4.6000000e+05
   1.9222959e+03   4.5900000e+05
   1.9216234e+03   4.5800000e+05
   1.9209437e+03   4.5700000e+05
   1.9202661e+03   4.5600000e+05
   1.9200000e+03   4.5560731e+05
   1.9195908e+03   4.5500000e+05
   1.9189238e+03   4.5400000e+05
   1.9182494e+03   4.5300000e+05
   1.9175751e+03   4.5200000e+05
   1.9168754e+03   4.5100000e+05
   1.9162108e+03   4.5000000e+05
   1.9155302e+03   4.4900000e+05
   1.9148416e+03   4.4800000e+05
   1.9141565e+03   4.4700000e+05
   1.9134702e+03   4.4600000e+05
   1.9127859e+03   4.4500000e+05
   1.9120988e+03   4.4400000e+05
   1.9114121e+03   4.4300000e+05
   1.9107258e+03   4.4200000e+05
   1.9100400e+03   4.4100000e+05
   1.9100000e+03   4.4094183e+05
   1.9093570e+03   4.4000000e+05
   1.9086702e+03   4.3900000e+05
   1.9079887e+03   4.3800000e+05
   1.9073012e+03   4.3700000e+05
   1.9066163e+03   4.3600000e+05
   1.9059658e+03   4.3500000e+05
   1.9052427e+03   4.3400000e+05
   1.9045543e+03   4.3300000e+05
   1.9038610e+03   4.3200000e+05
   1.9031741e+03   4.3100000e+05
   1.9024817e+03   4.3000000e+05
   1.9017790e+03   4.2900000e+05
   1.9010821e+03   4.2800000e+05
   1.9003836e+03   4.2700000e+05
   1.9000000e+03   4.2645077e+05
   1.8996865e+03   4.2600000e+05
   1.8989933e+03   4.2500000e+05
   1.8983019e+03   4.2400000e+05
   1.8976087e+03   4.2300000e+05
   1.8969119e+03   4.2200000e+05
   1.8962158e+03   4.2100000e+05
   1.8955177e+03   4.2000000e+05
   1.8948237e+03   4.1900000e+05
   1.8941288e+03   4.1800000e+05
   1.8934310e+03   4.1700000e+05
   1.8927541e+03   4.1600000e+05
   1.8920334e+03   4.1500000e+05
   1.8913333e+03   4.1400000e+05
   1.8906303e+03   4.1300000e+05
   1.8900000e+03   4.1210151e+05
   1.8899290e+03   4.1200000e+05
   1.8892271e+03   4.1100000e+05
   1.8885240e+03   4.1000000e+05
   1.8878199e+03   4.0900000e+05
   1.8871157e+03   4.0800000e+05
   1.8864098e+03   4.0700000e+05
   1.8857072e+03   4.0600000e+05
   1.8850068e+03   4.0500000e+05
   1.8843051e+03   4.0400000e+05
   1.8836031e+03   4.0300000e+05
   1.8829000e+03   4.0200000e+05
   1.8821970e+03   4.0100000e+05
   1.8814935e+03   4.0000000e+05
   1.8807882e+03   3.9900000e+05
   1.8800692e+03   3.9800000e+05
   1.8800000e+03   3.9790437e+05
   1.8793473e+03   3.9700000e+05
   1.8786289e+03   3.9600000e+05
   1.8779106e+03   3.9500000e+05
   1.8771934e+03   3.9400000e+05
   1.8764802e+03   3.9300000e+05
   1.8757674e+03   3.9200000e+05
   1.8750539e+03   3.9100000e+05
   1.8743469e+03   3.9000000e+05
   1.8736375e+03   3.8900000e+05
   1.8729283e+03   3.8800000e+05
   1.8722134e+03   3.8700000e+05
   1.8714933e+03   3.8600000e+05
   1.8707699e+03   3.8500000e+05
   1.8700493e+03   3.8400000e+05
   1.8700000e+03   3.8393182e+05
   1.8693291e+03   3.8300000e+05
   1.8686120e+03   3.8200000e+05
   1.8678923e+03   3.8100000e+05
   1.8671734e+03   3.8000000e+05
   1.8664563e+03   3.7900000e+05
   1.8657219e+03   3.7800000e+05
   1.8649993e+03   3.7700000e+05
   1.8642842e+03   3.7600000e+05
   1.8635638e+03   3.7500000e+05
   1.8628393e+03   3.7400000e+05
   1.8621187e+03   3.7300000e+05
   1.8613886e+03   3.7200000e+05
   1.8606577e+03   3.7100000e+05
   1.8600000e+03   3.7010163e+05
   1.8599258e+03   3.7000000e+05
   1.8591890e+03   3.6900000e+05
   1.8584558e+03   3.6800000e+05
   1.8577241e+03   3.6700000e+05
   1.8569890e+03   3.6600000e+05
   1.8562544e+03   3.6500000e+05
   1.8555217e+03   3.6400000e+05
   1.8547951e+03   3.6300000e+05
   1.8540674e+03   3.6200000e+05
   1.8533392e+03   3.6100000e+05
   1.8526086e+03   3.6000000e+05
   1.8518782e+03   3.5900000e+05
   1.8511413e+03   3.5800000e+05
   1.8504044e+03   3.5700000e+05
   1.8500000e+03   3.5644309e+05
   1.8496792e+03   3.5600000e+05
   1.8489353e+03   3.5500000e+05
   1.8482111e+03   3.5400000e+05
   1.8474728e+03   3.5300000e+05
   1.8467122e+03   3.5200000e+05
   1.8459683e+03   3.5100000e+05
   1.8452264e+03   3.5000000e+05
   1.8444829e+03   3.4900000e+05
   1.8437399e+03   3.4800000e+05
   1.8430006e+03   3.4700000e+05
   1.8422542e+03   3.4600000e+05
   1.8415107e+03   3.4500000e+05
   1.8407609e+03   3.4400000e+05
   1.8400059e+03   3.4300000e+05
   1.8400000e+03   3.4299220e+05
   1.8392569e+03   3.4200000e+05
   1.8385070e+03   3.4100000e+05
   1.8377544e+03   3.4000000e+05
   1.8370376e+03   3.3900000e+05
   1.8362471e+03   3.3800000e+05
   1.8355038e+03   3.3700000e+05
   1.8347547e+03   3.3600000e+05
   1.8340032e+03   3.3500000e+05
   1.8332520e+03   3.3400000e+05
   1.8325029e+03   3.3300000e+05
   1.8317535e+03   3.3200000e+05
   1.8310001e+03   3.3100000e+05
   1.8302438e+03   3.3000000e+05
   1.8300000e+03   3.2967761e+05
   1.8294897e+03   3.2900000e+05
   1.8287315e+03   3.2800000e+05
   1.8279770e+03   3.2700000e+05
   1.8272217e+03   3.2600000e+05
   1.8264661e+03   3.2500000e+05
   1.8257056e+03   3.2400000e+05
   1.8249412e+03   3.2300000e+05
   1.8241730e+03   3.2200000e+05
   1.8234093e+03   3.2100000e+05
   1.8226445e+03   3.2000000e+05
   1.8218775e+03   3.1900000e+05
   1.8211142e+03   3.1800000e+05
   1.8203526e+03   3.1700000e+05
   1.8200000e+03   3.1654151e+05
   1.8195859e+03   3.1600000e+05
   1.8188214e+03   3.1500000e+05
   1.8180504e+03   3.1400000e+05
   1.8172846e+03   3.1300000e+05
   1.8165145e+03   3.1200000e+05
   1.8157428e+03   3.1100000e+05
   1.8149713e+03   3.1000000e+05
   1.8141870e+03   3.0900000e+05
   1.8134150e+03   3.0800000e+05
   1.8126413e+03   3.0700000e+05
   1.8118653e+03   3.0600000e+05
   1.8110840e+03   3.0500000e+05
   1.8103075e+03   3.0400000e+05
   1.8100000e+03   3.0360409e+05
   1.8095352e+03   3.0300000e+05
   1.8087627e+03   3.0200000e+05
   1.8079810e+03   3.0100000e+05
   1.8072045e+03   3.0000000e+05
   1.8064265e+03   2.9900000e+05
   1.8056490e+03   2.9800000e+05
   1.8048686e+03   2.9700000e+05
   1.8040871e+03   2.9600000e+05
   1.8033075e+03   2.9500000e+05
   1.8025259e+03   2.9400000e+05
   1.8017406e+03   2.9300000e+05
   1.8009557e+03   2.9200000e+05
   1.8001664e+03   2.9100000e+05
   1.8000000e+03   2.9078871e+05
   1.7993823e+03   2.9000000e+05
   1.7986012e+03   2.8900000e+05
   1.7978172e+03   2.8800000e+05
   1.7970321e+03   2.8700000e+05
   1.7962438e+03   2.8600000e+05
   1.7954525e+03   2.8500000e+05
   1.7946431e+03   2.8400000e+05
   1.7938789e+03   2.8300000e+05
   1.7926912e+03   2.8200000e+05
   1.7902369e+03   2.8100000e+05
   1.7900000e+03   2.8087918e+05
   1.7882716e+03   2.8000000e+05
   1.7863913e+03   2.7900000e+05
   1.7847629e+03   2.7800000e+05
   1.7832896e+03   2.7700000e+05
   1.7823477e+03   2.7600000e+05
   1.7815732e+03   2.7500000e+05
   1.7807950e+03   2.7400000e+05
   1.7800158e+03   2.7300000e+05
   1.7800000e+03   2.7297996e+05
   1.7792337e+03   2.7200000e+05
   1.7784483e+03   2.7100000e+05
   1.7776651e+03   2.7000000e+05
   1.7768782e+03   2.6900000e+05
   1.7760822e+03   2.6800000e+05
   1.7752751e+03   2.6700000e+05
   1.7744647e+03   2.6600000e+05
   1.7736464e+03   2.6500000e+05
   1.7728186e+03   2.6400000e+05
   1.7719932e+03   2.6300000e+05
   1.7711678e+03   2.6200000e+05
   1.7702894e+03   2.6100000e+05
   1.7700000e+03   2.6066502e+05
   1.7694303e+03   2.6000000e+05
   1.7685698e+03   2.5900000e+05
   1.7676897e+03   2.5800000e+05
   1.7667995e+03   2.5700000e+05
   1.7658970e+03   2.5600000e+05
   1.7649776e+03   2.5500000e+05
   1.7640378e+03   2.5400000e+05
   1.7630856e+03   2.5300000e+05
   1.7620826e+03   2.5200000e+05
   1.7611592e+03   2.5100000e+05
   1.7601312e+03   2.5000000e+05
   1.7600000e+03   2.4986926e+05
   1.7591352e+03   2.4900000e+05
   1.7581274e+03   2.4800000e+05
   1.7570756e+03   2.4700000e+05
   1.7559920e+03   2.4600000e+05
   1.7548880e+03   2.4500000e+05
   1.7537607e+03   2.4400000e+05
   1.7524698e+03   2.4300000e+05
   1.7512699e+03   2.4200000e+05
   1.7500612e+03   2.4100000e+05
   1.7500000e+03   2.4094437e+05
   1.7489677e+03   2.4000000e+05
   1.7476637e+03   2.3900000e+05
   1.7461856e+03   2.3800000e+05
   1.7448306e+03   2.3700000e+05
   1.7435670e+03   2.3600000e+05
   1.7461535e+03   2.3500000e+05
   1.7500000e+03   2.3448805e+05
   1.7539735e+03   2.3400000e+05
   1.7522263e+03   2.3300000e+05
   1.7506043e+03   2.3200000e+05
   1.7500000e+03   2.3169926e+05
   1.7486402e+03   2.3100000e+05
   1.7500000e+03   2.3072566e+05
   1.7521926e+03   2.3000000e+05
   1.7523219e+03   2.2900000e+05
   1.7505149e+03   2.2800000e+05
   1.7500000e+03   2.2768923e+05
   1.7488641e+03   2.2700000e+05
   1.7472047e+03   2.2600000e+05
   1.7454752e+03   2.2500000e+05
   1.7437077e+03   2.2400000e+05
   1.7420012e+03   2.2300000e+05
   1.7400669e+03   2.2200000e+05
   1.7400000e+03   2.2196953e+05
   1.7381732e+03   2.2100000e+05
   1.7361642e+03   2.2000000e+05
   1.7343342e+03   2.1900000e+05
   1.7324886e+03   2.1800000e+05
   1.7307064e+03   2.1700000e+05
   1.7300000e+03   2.1663139e+05
   1.7287835e+03   2.1600000e+05
   1.7267507e+03   2.1500000e+05
   1.7247042e+03   2.1400000e+05
   1.7225760e+03   2.1300000e+05
   1.7202105e+03   2.1200000e+05
   1.7200000e+03   2.1190413e+05
   1.7180697e+03   2.1100000e+05
   1.7155624e+03   2.1000000e+05
   1.7133362e+03   2.0900000e+05
   1.7108365e+03   2.0800000e+05
   1.7100000e+03   2.0770905e+05
   1.7079950e+03   2.0700000e+05
   1.7053881e+03   2.0600000e+05
   1.7029647e+03   2.0500000e+05
   1.7003580e+03   2.0400000e+05
   1.7000000e+03   2.0359746e+05
   1.6994721e+03   2.0300000e+05
   1.6985858e+03   2.0200000e+05
   1.6976809e+03   2.0100000e+05
   1.6967791e+03   2.0000000e+05
   1.6958763e+03   1.9900000e+05
   1.6949574e+03   1.9800000e+05
   1.6942031e+03   1.9700000e+05
   1.6935202e+03   1.9600000e+05
   1.6928408e+03   1.9500000e+05
   1.6921574e+03   1.9400000e+05
   1.6914716e+03   1.9300000e+05
   1.6907872e+03   1.9200000e+05
   1.6900972e+03   1.9100000e+05
   1.6900000e+03   1.9085890e+05
   1.6894120e+03   1.9000000e+05
   1.6887260e+03   1.8900000e+05
   1.6880347e+03   1.8800000e+05
   1.6873457e+03   1.8700000e+05
   1.6866531e+03   1.8600000e+05
   1.6859580e+03   1.8500000e+05
   1.6852645e+03   1.8400000e+05
   1.6845656e+03   1.8300000e+05
   1.6838674e+03   1.8200000e+05
   1.6831678e+03   1.8100000e+05
   1.6817902e+03   1.8000000e+05
   1.6800000e+03   1.7969900e+05
   1.6771518e+03   1.7900000e+05
   1.6738955e+03   1.7800000e+05
   1.6700000e+03   1.7728362e+05
   1.6680834e+03   1.7700000e+05
   1.6640989e+03   1.7600000e+05
   1.6605235e+03   1.7500000e+05
   1.6600000e+03   1.7484467e+05
   1.6571425e+03   1.7400000e+05
   1.6534524e+03   1.7300000e+05
   1.6505864e+03   1.7200000e+05
   1.6500000e+03   1.7124071e+05
   1.6498152e+03   1.7100000e+05
   1.6490435e+03   1.7000000e+05
   1.6482738e+03   1.6900000e+05
   1.6474983e+03   1.6800000e+05
   1.6467196e+03   1.6700000e+05
   1.6459414e+03   1.6600000e+05
   1.6451612e+03   1.6500000e+05
   1.6443796e+03   1.6400000e+05
   1.6435988e+03   1.6300000e+05
   1.6428142e+03   1.6200000e+05
   1.6420233e+03   1.6100000e+05
   1.6413359e+03   1.6000000e+05
   1.6406659e+03   1.5900000e+05
   1.6400000e+03   1.5802564e+05
   1.6399825e+03   1.5800000e+05
   1.6393060e+03   1.5700000e+05
   1.6386594e+03   1.5600000e+05
   1.6379462e+03   1.5500000e+05
   1.6372362e+03   1.5400000e+05
   1.6365561e+03   1.5300000e+05
   1.6358846e+03   1.5200000e+05
   1.6352087e+03   1.5100000e+05
   1.6345269e+03   1.5000000e+05
   1.6338272e+03   1.4900000e+05
   1.6331267e+03   1.4800000e+05
   1.6324262e+03   1.4700000e+05
   1.6317395e+03   1.4600000e+05
   1.6310725e+03   1.4500000e+05
   1.6303456e+03   1.4400000e+05
   1.6300000e+03   1.4354174e+05
   1.6295944e+03   1.4300000e+05
   1.6288598e+03   1.4200000e+05
   1.6281243e+03   1.4100000e+05
   1.6273904e+03   1.4000000e+05
   1.6266508e+03   1.3900000e+05
   1.6259137e+03   1.3800000e+05
   1.6255401e+03   1.3700000e+05
   1.6253935e+03   1.3600000e+05
   1.6251702e+03   1.3500000e+05
   1.6250205e+03   1.3400000e+05
   1.6200000e+03   1.3343382e+05
   1.6172337e+03   1.3300000e+05
   1.6100000e+03   1.3239634e+05
   1.6061364e+03   1.3200000e+05
   1.6000000e+03   1.3130645e+05
   1.5964664e+03   1.3100000e+05
   1.5932402e+03   1.3000000e+05
   1.5930030e+03   1.2900000e+05
   1.5923910e+03   1.2800000e+05
   1.5918402e+03   1.2700000e+05
   1.5914453e+03   1.2600000e+05
   1.5907641e+03   1.2500000e+05
   1.5901574e+03   1.2400000e+05
   1.5900000e+03   1.2374741e+05
   1.5895358e+03   1.2300000e+05
   1.5889681e+03   1.2200000e+05
   1.5883023e+03   1.2100000e+05
   1.5876715e+03   1.2000000e+05
   1.5870133e+03   1.1900000e+05
   1.5863146e+03   1.1800000e+05
   1.5856240e+03   1.1700000e+05
   1.5849113e+03   1.1600000e+05
   1.5841908e+03   1.1500000e+05
   1.5834512e+03   1.1400000e+05
   1.5827034e+03   1.1300000e+05
   1.5819330e+03   1.1200000e+05
   1.5811620e+03   1.1100000e+05
   1.5803878e+03   1.1000000e+05
   1.5800000e+03   1.0951911e+05
   1.5795834e+03   1.0900000e+05
   1.5787755e+03   1.0800000e+05
   1.5779643e+03   1.0700000e+05
   1.5771582e+03   1.0600000e+05
   1.5763181e+03   1.0500000e+05
   1.5754706e+03   1.0400000e+05
   1.5746199e+03   1.0300000e+05
   1.5737676e+03   1.0200000e+05
   1.5729078e+03   1.0100000e+05
   1.5720245e+03   1.0000000e+05
   1.5711232e+03   9.9000000e+04
   1.5702256e+03   9.8000000e+04
   1.5700000e+03   9.7749292e+04
   1.5693282e+03   9.7000000e+04
   1.5684127e+03   9.6000000e+04
   1.5675057e+03   9.5000000e+04
   1.5666394e+03   9.4000000e+04
   1.5657073e+03   9.3000000e+04
   1.5616865e+03   9.2000000e+04
   1.5608831e+03   9.1000000e+04
   1.5600000e+03   9.0065772e+04
   1.5599378e+03   9.0000000e+04
   1.5590477e+03   8.9000000e+04
   1.5581544e+03   8.8000000e+04
   1.5572475e+03   8.7000000e+04
   1.5563429e+03   8.6000000e+04
   1.5554199e+03   8.5000000e+04
   1.5545042e+03   8.4000000e+04
   1.5535917e+03   8.3000000e+04
   1.5526414e+03   8.2000000e+04
   1.5517011e+03   8.1000000e+04
   1.5507413e+03   8.0000000e+04
   1.5500000e+03   7.9221485e+04
   1.5497898e+03   7.9000000e+04
   1.5488406e+03   7.8000000e+04
   1.5478330e+03   7.7000000e+04
   1.5468436e+03   7.6000000e+04
   1.5458492e+03   7.5000000e+04
   1.5448622e+03   7.4000000e+04
   1.5438772e+03   7.3000000e+04
   1.5428967e+03   7.2000000e+04
   1.5419677e+03   7.1000000e+04
   1.5409285e+03   7.0000000e+04
   1.5400000e+03   6.9076155e+04
   1.5399238e+03   6.9000000e+04
   1.5389196e+03   6.8000000e+04
   1.5378912e+03   6.7000000e+04
   1.5368400e+03   6.6000000e+04
   1.5358155e+03   6.5000000e+04
   1.5347687e+03   6.4000000e+04
   1.5336853e+03   6.3000000e+04
   1.5326497e+03   6.2000000e+04
   1.5315952e+03   6.1000000e+04
   1.5305336e+03   6.0000000e+04
   1.5300000e+03   5.9504619e+04
   1.5294593e+03   5.9000000e+04
   1.5283607e+03   5.8000000e+04
   1.5273049e+03   5.7000000e+04
   1.5261970e+03   5.6000000e+04
   1.5251164e+03   5.5000000e+04
   1.5239929e+03   5.4000000e+04
   1.5228652e+03   5.3000000e+04
   1.5216509e+03   5.2000000e+04
   1.5205320e+03   5.1000000e+04
   1.5200000e+03   5.0544979e+04
   1.5193653e+03   5.0000000e+04
   1.5183029e+03   4.9000000e+04
   1.5170567e+03   4.8000000e+04
   1.5158884e+03   4.7000000e+04
   1.5147126e+03   4.6000000e+04
   1.5135130e+03   4.5000000e+04
   1.5122710e+03   4.4000000e+04
   1.5110510e+03   4.3000000e+04
   1.5100000e+03   4.2129293e+04
   1.5098455e+03   4.2000000e+04
   1.5086221e+03   4.1000000e+04
   1.5073743e+03   4.0000000e+04
   1.5060841e+03   3.9000000e+04
   1.5047965e+03   3.8000000e+04
   1.5034975e+03   3.7000000e+04
   1.5021917e+03   3.6000000e+04
   1.5008647e+03   3.5000000e+04
   1.5000000e+03   3.4365961e+04
   1.4995040e+03   3.4000000e+04
   1.4981379e+03   3.3000000e+04
   1.4967586e+03   3.2000000e+04
   1.4953460e+03   3.1000000e+04
   1.4938921e+03   3.0000000e+04
   1.4924219e+03   2.9000000e+04
   1.4909174e+03   2.8000000e+04
   1.4900000e+03   2.7409473e+04
   1.4893682e+03   2.7000000e+04
   1.4877872e+03   2.6000000e+04
   1.4861697e+03   2.5000000e+04
   1.4844912e+03   2.4000000e+04
   1.4827530e+03   2.3000000e+04
   1.4809431e+03   2.2000000e+04
   1.4800000e+03   2.1498144e+04
   1.4790686e+03   2.1000000e+04
   1.4770936e+03   2.0000000e+04
   1.4748297e+03   1.9000000e+04
   1.4723023e+03   1.8000000e+04
   1.4700000e+03   1.7617759e+04
   1.4670998e+03   1.7000000e+04
   1.4650932e+03   1.6000000e+04
   1.4636276e+03   1.5000000e+04
   1.4622167e+03   1.4000000e+04
   1.4607928e+03   1.3000000e+04
   1.4600000e+03   1.2447858e+04
   1.4593615e+03   1.2000000e+04
   1.4579187e+03   1.1000000e+04
   1.4564690e+03   1.0000000e+04
   1.4550098e+03   9.0000000e+03
   1.4535335e+03   8.0000000e+03
   1.4554240e+03   7.0000000e+03
   1.4553169e+03   6.0000000e+03
   1.4549429e+03   5.0000000e+03
   1.4543108e+03   4.0000000e+03
   1.4534092e+03   3.0000000e+03
   1.4523671e+03   2.0000000e+03
   1.4512239e+03   1.0000000e+03
   1.4500000e+03   0.0000000e+00
   1.4500000e+03   0.0000000e+00
