   3.3152732e+03   1.3500000e+06
   3.3145723e+03   1.3490000e+06
   3.3138728e+03   1.3480000e+06
   3.3131705e+03   1.3470000e+06
   3.3124729e+03   1.3460000e+06
   3.3117709e+03   1.3450000e+06
   3.3110665e+03   1.3440000e+06
   3.3103643e+03   1.3430000e+06
   3.3100000e+03   1.3424812e+06
   3.3096630e+03   1.3420000e+06
   3.3089603e+03   1.3410000e+06
   3.3082618e+03   1.3400000e+06
   3.3075592e+03   1.3390000e+06
   3.3068562e+03   1.3380000e+06
   3.3061516e+03   1.3370000e+06
   3.3054488e+03   1.3360000e+06
   3.3047446e+03   1.3350000e+06
   3.3040395e+03   1.3340000e+06
   3.3033342e+03   1.3330000e+06
   3.3026309e+03   1.3320000e+06
   3.3019258e+03   1.3310000e+06
   3.3012184e+03   1.3300000e+06
   3.3005132e+03   1.3290000e+06
   3.3000000e+03   1.3282724e+06
   3.2998085e+03   1.3280000e+06
   3.2991028e+03   1.3270000e+06
   3.2983994e+03   1.3260000e+06
   3.2976941e+03   1.3250000e+06
   3.2969877e+03   1.3240000e+06
   3.2962802e+03   1.3230000e+06
   3.2955733e+03   1.3220000e+06
   3.2948662e+03   1.3210000e+06
   3.2941579e+03   1.3200000e+06
   3.2934479e+03   1.3190000e+06
   3.2927394e+03   1.3180000e+06
   3.2920304e+03   1.3170000e+06
   3.2913195e+03   1.3160000e+06
   3.2906111e+03   1.3150000e+06
   3.2900000e+03   1.3141402e+06
   3.2899007e+03   1.3140000e+06
   3.2891922e+03   1.3130000e+06
   3.2884837e+03   1.3120000e+06
   3.2877752e+03   1.3110000e+06
   3.2870648e+03   1.3100000e+06
   3.2863556e+03   1.3090000e+06
   3.2856456e+03   1.3080000e+06
   3.2849347e+03   1.3070000e+06
   3.2842237e+03   1.3060000e+06
   3.2835111e+03   1.3050000e+06
   3.2827993e+03   1.3040000e+06
   3.2820857e+03   1.3030000e+06
   3.2813725e+03   1.3020000e+06
   3.2806611e+03   1.3010000e+06
   3.2800000e+03   1.3000766e+06
   3.2799453e+03   1.3000000e+06
   3.2792322e+03   1.2990000e+06
   3.2785227e+03   1.2980000e+06
   3.2778108e+03   1.2970000e+06
   3.2770945e+03   1.2960000e+06
   3.2763838e+03   1.2950000e+06
   3.2756741e+03   1.2940000e+06
   3.2749610e+03   1.2930000e+06
   3.2742463e+03   1.2920000e+06
   3.2735303e+03   1.2910000e+06
   3.2728144e+03   1.2900000e+06
   3.2720984e+03   1.2890000e+06
   3.2713825e+03   1.2880000e+06
   3.2706665e+03   1.2870000e+06
   3.2700000e+03   1.2860725e+06
   3.2699480e+03   1.2860000e+06
   3.2692308e+03   1.2850000e+06
   3.2685135e+03   1.2840000e+06
   3.2677942e+03   1.2830000e+06
   3.2670764e+03   1.2820000e+06
   3.2663575e+03   1.2810000e+06
   3.2656378e+03   1.2800000e+06
   3.2649415e+03   1.2790000e+06
   3.2642479e+03   1.2780000e+06
   3.2635523e+03   1.2770000e+06
   3.2628583e+03   1.2760000e+06
   3.2621629e+03   1.2750000e+06
   3.2614704e+03   1.2740000e+06
   3.2607650e+03   1.2730000e+06
   3.2600467e+03   1.2720000e+06
   3.2600000e+03   1.2719353e+06
   3.2593275e+03   1.2710000e+06
   3.2586084e+03   1.2700000e+06
   3.2578873e+03   1.2690000e+06
   3.2571683e+03   1.2680000e+06
   3.2564511e+03   1.2670000e+06
   3.2557320e+03   1.2660000e+06
   3.2550103e+03   1.2650000e+06
   3.2542887e+03   1.2640000e+06
   3.2535729e+03   1.2630000e+06
   3.2528516e+03   1.2620000e+06
   3.2518908e+03   1.2610000e+06
   3.2500000e+03   1.2600407e+06
   3.2499215e+03   1.2600000e+06
   3.2479170e+03   1.2590000e+06
   3.2453066e+03   1.2580000e+06
   3.2436786e+03   1.2570000e+06
   3.2427304e+03   1.2560000e+06
   3.2400000e+03   1.2553397e+06
   3.2382190e+03   1.2550000e+06
   3.2362081e+03   1.2540000e+06
   3.2346346e+03   1.2530000e+06
   3.2323261e+03   1.2520000e+06
   3.2300000e+03   1.2510832e+06
   3.2297995e+03   1.2510000e+06
   3.2276611e+03   1.2500000e+06
   3.2254729e+03   1.2490000e+06
   3.2237789e+03   1.2480000e+06
   3.2214668e+03   1.2470000e+06
   3.2200000e+03   1.2461207e+06
   3.2197941e+03   1.2460000e+06
   3.2179687e+03   1.2450000e+06
   3.2162480e+03   1.2440000e+06
   3.2144149e+03   1.2430000e+06
   3.2133923e+03   1.2420000e+06
   3.2108604e+03   1.2410000e+06
   3.2100000e+03   1.2404492e+06
   3.2092935e+03   1.2400000e+06
   3.2077326e+03   1.2390000e+06
   3.2065233e+03   1.2380000e+06
   3.2051974e+03   1.2370000e+06
   3.2037593e+03   1.2360000e+06
   3.2021180e+03   1.2350000e+06
   3.2000000e+03   1.2342999e+06
   3.1991586e+03   1.2340000e+06
   3.1989496e+03   1.2330000e+06
   3.1976207e+03   1.2320000e+06
   3.1963468e+03   1.2310000e+06
   3.1950867e+03   1.2300000e+06
   3.1939669e+03   1.2290000e+06
   3.1934025e+03   1.2280000e+06
   3.1927428e+03   1.2270000e+06
   3.1921957e+03   1.2260000e+06
   3.1915911e+03   1.2250000e+06
   3.1909171e+03   1.2240000e+06
   3.1902898e+03   1.2230000e+06
   3.1900000e+03   1.2225234e+06
   3.1896866e+03   1.2220000e+06
   3.1890799e+03   1.2210000e+06
   3.1884667e+03   1.2200000e+06
   3.1878524e+03   1.2190000e+06
   3.1872527e+03   1.2180000e+06
   3.1866333e+03   1.2170000e+06
   3.1860308e+03   1.2160000e+06
   3.1854007e+03   1.2150000e+06
   3.1847888e+03   1.2140000e+06
   3.1841757e+03   1.2130000e+06
   3.1835643e+03   1.2120000e+06
   3.1829495e+03   1.2110000e+06
   3.1823344e+03   1.2100000e+06
   3.1817203e+03   1.2090000e+06
   3.1811048e+03   1.2080000e+06
   3.1804867e+03   1.2070000e+06
   3.1800000e+03   1.2062092e+06
   3.1798716e+03   1.2060000e+06
   3.1792585e+03   1.2050000e+06
   3.1786417e+03   1.2040000e+06
   3.1780231e+03   1.2030000e+06
   3.1774050e+03   1.2020000e+06
   3.1767934e+03   1.2010000e+06
   3.1761742e+03   1.2000000e+06
   3.1755550e+03   1.1990000e+06
   3.1749345e+03   1.1980000e+06
   3.1743154e+03   1.1970000e+06
   3.1736973e+03   1.1960000e+06
   3.1730763e+03   1.1950000e+06
   3.1724634e+03   1.1940000e+06
   3.1718401e+03   1.1930000e+06
   3.1712224e+03   1.1920000e+06
   3.1706009e+03   1.1910000e+06
   3.1700000e+03   1.1900290e+06
   3.1699821e+03   1.1900000e+06
   3.1693648e+03   1.1890000e+06
   3.1687474e+03   1.1880000e+06
   3.1681280e+03   1.1870000e+06
   3.1675032e+03   1.1860000e+06
   3.1668849e+03   1.1850000e+06
   3.1662602e+03   1.1840000e+06
   3.1656431e+03   1.1830000e+06
   3.1650192e+03   1.1820000e+06
   3.1643964e+03   1.1810000e+06
   3.1637737e+03   1.1800000e+06
   3.1631482e+03   1.1790000e+06
   3.1625211e+03   1.1780000e+06
   3.1618966e+03   1.1770000e+06
   3.1612724e+03   1.1760000e+06
   3.1606476e+03   1.1750000e+06
   3.1600230e+03   1.1740000e+06
   3.1600000e+03   1.1739631e+06
   3.1594005e+03   1.1730000e+06
   3.1587749e+03   1.1720000e+06
   3.1581521e+03   1.1710000e+06
   3.1575268e+03   1.1700000e+06
   3.1569040e+03   1.1690000e+06
   3.1562787e+03   1.1680000e+06
   3.1556534e+03   1.1670000e+06
   3.1550268e+03   1.1660000e+06
   3.1543957e+03   1.1650000e+06
   3.1537714e+03   1.1640000e+06
   3.1531437e+03   1.1630000e+06
   3.1525147e+03   1.1620000e+06
   3.1518847e+03   1.1610000e+06
   3.1512592e+03   1.1600000e+06
   3.1506295e+03   1.1590000e+06
   3.1500000e+03   1.1580000e+06
   3.1500000e+03   1.1580000e+06
   3.1493721e+03   1.1570000e+06
   3.1487417e+03   1.1560000e+06
   3.1481144e+03   1.1550000e+06
   3.1474841e+03   1.1540000e+06
   3.1468539e+03   1.1530000e+06
   3.1462236e+03   1.1520000e+06
   3.1455934e+03   1.1510000e+06
   3.1449632e+03   1.1500000e+06
   3.1443304e+03   1.1490000e+06
   3.1436976e+03   1.1480000e+06
   3.1430666e+03   1.1470000e+06
   3.1424339e+03   1.1460000e+06
   3.1418013e+03   1.1450000e+06
   3.1411706e+03   1.1440000e+06
   3.1405382e+03   1.1430000e+06
   3.1400000e+03   1.1421587e+06
   3.1398987e+03   1.1420000e+06
   3.1392684e+03   1.1410000e+06
   3.1386376e+03   1.1400000e+06
   3.1380025e+03   1.1390000e+06
   3.1373659e+03   1.1380000e+06
   3.1367291e+03   1.1370000e+06
   3.1361004e+03   1.1360000e+06
   3.1354638e+03   1.1350000e+06
   3.1348251e+03   1.1340000e+06
   3.1341949e+03   1.1330000e+06
   3.1335530e+03   1.1320000e+06
   3.1329115e+03   1.1310000e+06
   3.1322740e+03   1.1300000e+06
   3.1316384e+03   1.1290000e+06
   3.1310028e+03   1.1280000e+06
   3.1303596e+03   1.1270000e+06
   3.1300000e+03   1.1264320e+06
   3.1297270e+03   1.1260000e+06
   3.1290946e+03   1.1250000e+06
   3.1284534e+03   1.1240000e+06
   3.1278126e+03   1.1230000e+06
   3.1271724e+03   1.1220000e+06
   3.1265338e+03   1.1210000e+06
   3.1258941e+03   1.1200000e+06
   3.1252535e+03   1.1190000e+06
   3.1246129e+03   1.1180000e+06
   3.1239723e+03   1.1170000e+06
   3.1233317e+03   1.1160000e+06
   3.1226910e+03   1.1150000e+06
   3.1220510e+03   1.1140000e+06
   3.1214077e+03   1.1130000e+06
   3.1207646e+03   1.1120000e+06
   3.1201211e+03   1.1110000e+06
   3.1200000e+03   1.1108125e+06
   3.1194769e+03   1.1100000e+06
   3.1188355e+03   1.1090000e+06
   3.1181916e+03   1.1080000e+06
   3.1175503e+03   1.1070000e+06
   3.1169072e+03   1.1060000e+06
   3.1162651e+03   1.1050000e+06
   3.1156212e+03   1.1040000e+06
   3.1149748e+03   1.1030000e+06
   3.1143296e+03   1.1020000e+06
   3.1136839e+03   1.1010000e+06
   3.1130382e+03   1.1000000e+06
   3.1123919e+03   1.0990000e+06
   3.1117450e+03   1.0980000e+06
   3.1110985e+03   1.0970000e+06
   3.1104500e+03   1.0960000e+06
   3.1100000e+03   1.0953035e+06
   3.1098043e+03   1.0950000e+06
   3.1091552e+03   1.0940000e+06
   3.1085105e+03   1.0930000e+06
   3.1078631e+03   1.0920000e+06
   3.1072134e+03   1.0910000e+06
   3.1065614e+03   1.0900000e+06
   3.1059127e+03   1.0890000e+06
   3.1052633e+03   1.0880000e+06
   3.1046127e+03   1.0870000e+06
   3.1039624e+03   1.0860000e+06
   3.1033133e+03   1.0850000e+06
   3.1026673e+03   1.0840000e+06
   3.1020150e+03   1.0830000e+06
   3.1013638e+03   1.0820000e+06
   3.1007141e+03   1.0810000e+06
   3.1000626e+03   1.0800000e+06
   3.1000000e+03   1.0799057e+06
   3.0994007e+03   1.0790000e+06
   3.0987559e+03   1.0780000e+06
   3.0980983e+03   1.0770000e+06
   3.0974495e+03   1.0760000e+06
   3.0967956e+03   1.0750000e+06
   3.0961402e+03   1.0740000e+06
   3.0954868e+03   1.0730000e+06
   3.0948327e+03   1.0720000e+06
   3.0941800e+03   1.0710000e+06
   3.0935225e+03   1.0700000e+06
   3.0928650e+03   1.0690000e+06
   3.0922100e+03   1.0680000e+06
   3.0915546e+03   1.0670000e+06
   3.0908993e+03   1.0660000e+06
   3.0902445e+03   1.0650000e+06
   3.0900000e+03   1.0646274e+06
   3.0895890e+03   1.0640000e+06
   3.0889335e+03   1.0630000e+06
   3.0882765e+03   1.0620000e+06
   3.0876158e+03   1.0610000e+06
   3.0869572e+03   1.0600000e+06
   3.0862967e+03   1.0590000e+06
   3.0856382e+03   1.0580000e+06
   3.0849801e+03   1.0570000e+06
   3.0843230e+03   1.0560000e+06
   3.0836619e+03   1.0550000e+06
   3.0829998e+03   1.0540000e+06
   3.0823376e+03   1.0530000e+06
   3.0816733e+03   1.0520000e+06
   3.0810154e+03   1.0510000e+06
   3.0803581e+03   1.0500000e+06
   3.0800000e+03   1.0494627e+06
   3.0796924e+03   1.0490000e+06
   3.0790275e+03   1.0480000e+06
   3.0783677e+03   1.0470000e+06
   3.0777095e+03   1.0460000e+06
   3.0770469e+03   1.0450000e+06
   3.0763855e+03   1.0440000e+06
   3.0757217e+03   1.0430000e+06
   3.0750570e+03   1.0420000e+06
   3.0743944e+03   1.0410000e+06
   3.0737218e+03   1.0400000e+06
   3.0730573e+03   1.0390000e+06
   3.0723941e+03   1.0380000e+06
   3.0717274e+03   1.0370000e+06
   3.0710585e+03   1.0360000e+06
   3.0703893e+03   1.0350000e+06
   3.0700000e+03   1.0344120e+06
   3.0697282e+03   1.0340000e+06
   3.0690610e+03   1.0330000e+06
   3.0683914e+03   1.0320000e+06
   3.0677242e+03   1.0310000e+06
   3.0670581e+03   1.0300000e+06
   3.0663915e+03   1.0290000e+06
   3.0657298e+03   1.0280000e+06
   3.0650556e+03   1.0270000e+06
   3.0643887e+03   1.0260000e+06
   3.0637148e+03   1.0250000e+06
   3.0630494e+03   1.0240000e+06
   3.0623797e+03   1.0230000e+06
   3.0617082e+03   1.0220000e+06
   3.0610348e+03   1.0210000e+06
   3.0603606e+03   1.0200000e+06
   3.0600000e+03   1.0194652e+06
   3.0596875e+03   1.0190000e+06
   3.0590180e+03   1.0180000e+06
   3.0583444e+03   1.0170000e+06
   3.0576741e+03   1.0160000e+06
   3.0570022e+03   1.0150000e+06
   3.0563310e+03   1.0140000e+06
   3.0556566e+03   1.0130000e+06
   3.0549778e+03   1.0120000e+06
   3.0543065e+03   1.0110000e+06
   3.0536330e+03   1.0100000e+06
   3.0529574e+03   1.0090000e+06
   3.0522821e+03   1.0080000e+06
   3.0516072e+03   1.0070000e+06
   3.0509346e+03   1.0060000e+06
   3.0502558e+03   1.0050000e+06
   3.0500000e+03   1.0046232e+06
   3.0495779e+03   1.0040000e+06
   3.0489001e+03   1.0030000e+06
   3.0482209e+03   1.0020000e+06
   3.0475442e+03   1.0010000e+06
   3.0468644e+03   1.0000000e+06
   3.0461878e+03   9.9900000e+05
   3.0455101e+03   9.9800000e+05
   3.0448307e+03   9.9700000e+05
   3.0441507e+03   9.9600000e+05
   3.0434756e+03   9.9500000e+05
   3.0427944e+03   9.9400000e+05
   3.0421090e+03   9.9300000e+05
   3.0414328e+03   9.9200000e+05
   3.0407506e+03   9.9100000e+05
   3.0400613e+03   9.9000000e+05
   3.0400000e+03   9.8991007e+05
   3.0393816e+03   9.8900000e+05
   3.0387020e+03   9.8800000e+05
   3.0380225e+03   9.8700000e+05
   3.0373405e+03   9.8600000e+05
   3.0366561e+03   9.8500000e+05
   3.0359702e+03   9.8400000e+05
   3.0352848e+03   9.8300000e+05
   3.0346077e+03   9.8200000e+05
   3.0339208e+03   9.8100000e+05
   3.0332405e+03   9.8000000e+05
   3.0325513e+03   9.7900000e+05
   3.0318591e+03   9.7800000e+05
   3.0311733e+03   9.7700000e+05
   3.0304888e+03   9.7600000e+05
   3.0300000e+03   9.7528571e+05
   3.0298052e+03   9.7500000e+05
   3.0291230e+03   9.7400000e+05
   3.0284325e+03   9.7300000e+05
   3.0277442e+03   9.7200000e+05
   3.0270614e+03   9.7100000e+05
   3.0263712e+03   9.7000000e+05
   3.0256819e+03   9.6900000e+05
   3.0249903e+03   9.6800000e+05
   3.0243028e+03   9.6700000e+05
   3.0236133e+03   9.6600000e+05
   3.0229204e+03   9.6500000e+05
   3.0222298e+03   9.6400000e+05
   3.0215385e+03   9.6300000e+05
   3.0208496e+03   9.6200000e+05
   3.0201509e+03   9.6100000e+05
   3.0200000e+03   9.6078246e+05
   3.0194589e+03   9.6000000e+05
   3.0187703e+03   9.5900000e+05
   3.0180806e+03   9.5800000e+05
   3.0173872e+03   9.5700000e+05
   3.0166934e+03   9.5600000e+05
   3.0160024e+03   9.5500000e+05
   3.0153095e+03   9.5400000e+05
   3.0146130e+03   9.5300000e+05
   3.0139156e+03   9.5200000e+05
   3.0132210e+03   9.5100000e+05
   3.0125249e+03   9.5000000e+05
   3.0118288e+03   9.4900000e+05
   3.0111321e+03   9.4800000e+05
   3.0104341e+03   9.4700000e+05
   3.0100000e+03   9.4637631e+05
   3.0097388e+03   9.4600000e+05
   3.0090423e+03   9.4500000e+05
   3.0083434e+03   9.4400000e+05
   3.0076451e+03   9.4300000e+05
   3.0069471e+03   9.4200000e+05
   3.0062476e+03   9.4100000e+05
   3.0055488e+03   9.4000000e+05
   3.0048501e+03   9.3900000e+05
   3.0041504e+03   9.3800000e+05
   3.0034477e+03   9.3700000e+05
   3.0027453e+03   9.3600000e+05
   3.0020440e+03   9.3500000e+05
   3.0013430e+03   9.3400000e+05
   3.0006427e+03   9.3300000e+05
   3.0000000e+03   9.3208591e+05
   2.9999398e+03   9.3200000e+05
   2.9992321e+03   9.3100000e+05
   2.9985319e+03   9.3000000e+05
   2.9978310e+03   9.2900000e+05
   2.9971264e+03   9.2800000e+05
   2.9964236e+03   9.2700000e+05
   2.9957212e+03   9.2600000e+05
   2.9950157e+03   9.2500000e+05
   2.9943101e+03   9.2400000e+05
   2.9936013e+03   9.2300000e+05
   2.9928977e+03   9.2200000e+05
   2.9921901e+03   9.2100000e+05
   2.9914826e+03   9.2000000e+05
   2.9907726e+03   9.1900000e+05
   2.9900650e+03   9.1800000e+05
   2.9900000e+03   9.1790878e+05
   2.9893551e+03   9.1700000e+05
   2.9886478e+03   9.1600000e+05
   2.9879405e+03   9.1500000e+05
   2.9872309e+03   9.1400000e+05
   2.9865228e+03   9.1300000e+05
   2.9858119e+03   9.1200000e+05
   2.9851008e+03   9.1100000e+05
   2.9843882e+03   9.1000000e+05
   2.9836765e+03   9.0900000e+05
   2.9829655e+03   9.0800000e+05
   2.9822547e+03   9.0700000e+05
   2.9815444e+03   9.0600000e+05
   2.9808319e+03   9.0500000e+05
   2.9801198e+03   9.0400000e+05
   2.9800000e+03   9.0383221e+05
   2.9794070e+03   9.0300000e+05
   2.9786923e+03   9.0200000e+05
   2.9779766e+03   9.0100000e+05
   2.9772597e+03   9.0000000e+05
   2.9765440e+03   8.9900000e+05
   2.9758303e+03   8.9800000e+05
   2.9751196e+03   8.9700000e+05
   2.9743967e+03   8.9600000e+05
   2.9736807e+03   8.9500000e+05
   2.9729687e+03   8.9400000e+05
   2.9722504e+03   8.9300000e+05
   2.9715317e+03   8.9200000e+05
   2.9708104e+03   8.9100000e+05
   2.9700908e+03   8.9000000e+05
   2.9700000e+03   8.8987333e+05
   2.9693754e+03   8.8900000e+05
   2.9686476e+03   8.8800000e+05
   2.9679310e+03   8.8700000e+05
   2.9672119e+03   8.8600000e+05
   2.9664944e+03   8.8500000e+05
   2.9657738e+03   8.8400000e+05
   2.9650500e+03   8.8300000e+05
   2.9643275e+03   8.8200000e+05
   2.9636073e+03   8.8100000e+05
   2.9628840e+03   8.8000000e+05
   2.9621600e+03   8.7900000e+05
   2.9614378e+03   8.7800000e+05
   2.9607097e+03   8.7700000e+05
   2.9600000e+03   8.7601974e+05
   2.9599858e+03   8.7600000e+05
   2.9592623e+03   8.7500000e+05
   2.9585389e+03   8.7400000e+05
   2.9578149e+03   8.7300000e+05
   2.9570913e+03   8.7200000e+05
   2.9563654e+03   8.7100000e+05
   2.9556394e+03   8.7000000e+05
   2.9549110e+03   8.6900000e+05
   2.9541841e+03   8.6800000e+05
   2.9534551e+03   8.6700000e+05
   2.9527253e+03   8.6600000e+05
   2.9519967e+03   8.6500000e+05
   2.9512663e+03   8.6400000e+05
   2.9505359e+03   8.6300000e+05
   2.9500000e+03   8.6226623e+05
   2.9498062e+03   8.6200000e+05
   2.9490757e+03   8.6100000e+05
   2.9483471e+03   8.6000000e+05
   2.9476170e+03   8.5900000e+05
   2.9468842e+03   8.5800000e+05
   2.9461522e+03   8.5700000e+05
   2.9454206e+03   8.5600000e+05
   2.9446881e+03   8.5500000e+05
   2.9439575e+03   8.5400000e+05
   2.9432231e+03   8.5300000e+05
   2.9424911e+03   8.5200000e+05
   2.9417568e+03   8.5100000e+05
   2.9410227e+03   8.5000000e+05
   2.9402836e+03   8.4900000e+05
   2.9400000e+03   8.4861905e+05
   2.9395407e+03   8.4800000e+05
   2.9388083e+03   8.4700000e+05
   2.9380697e+03   8.4600000e+05
   2.9373346e+03   8.4500000e+05
   2.9366007e+03   8.4400000e+05
   2.9358677e+03   8.4300000e+05
   2.9351307e+03   8.4200000e+05
   2.9343890e+03   8.4100000e+05
   2.9336481e+03   8.4000000e+05
   2.9329096e+03   8.3900000e+05
   2.9321686e+03   8.3800000e+05
   2.9314266e+03   8.3700000e+05
   2.9306805e+03   8.3600000e+05
   2.9300000e+03   8.3508254e+05
   2.9299390e+03   8.3500000e+05
   2.9291981e+03   8.3400000e+05
   2.9284572e+03   8.3300000e+05
   2.9277163e+03   8.3200000e+05
   2.9269754e+03   8.3100000e+05
   2.9262336e+03   8.3000000e+05
   2.9254938e+03   8.2900000e+05
   2.9247502e+03   8.2800000e+05
   2.9240066e+03   8.2700000e+05
   2.9232606e+03   8.2600000e+05
   2.9225123e+03   8.2500000e+05
   2.9217651e+03   8.2400000e+05
   2.9210173e+03   8.2300000e+05
   2.9202695e+03   8.2200000e+05
   2.9200000e+03   8.2163950e+05
   2.9195234e+03   8.2100000e+05
   2.9187757e+03   8.2000000e+05
   2.9180285e+03   8.1900000e+05
   2.9172804e+03   8.1800000e+05
   2.9165319e+03   8.1700000e+05
   2.9157817e+03   8.1600000e+05
   2.9150327e+03   8.1500000e+05
   2.9142824e+03   8.1400000e+05
   2.9135295e+03   8.1300000e+05
   2.9127791e+03   8.1200000e+05
   2.9120280e+03   8.1100000e+05
   2.9112783e+03   8.1000000e+05
   2.9105228e+03   8.0900000e+05
   2.9100000e+03   8.0831077e+05
   2.9097649e+03   8.0800000e+05
   2.9090177e+03   8.0700000e+05
   2.9082678e+03   8.0600000e+05
   2.9075105e+03   8.0500000e+05
   2.9067544e+03   8.0400000e+05
   2.9059986e+03   8.0300000e+05
   2.9052409e+03   8.0200000e+05
   2.9044858e+03   8.0100000e+05
   2.9037311e+03   8.0000000e+05
   2.9029761e+03   7.9900000e+05
   2.9022145e+03   7.9800000e+05
   2.9014581e+03   7.9700000e+05
   2.9007018e+03   7.9600000e+05
   2.9000000e+03   7.9509036e+05
   2.8999306e+03   7.9500000e+05
   2.8991802e+03   7.9400000e+05
   2.8984206e+03   7.9300000e+05
   2.8976675e+03   7.9200000e+05
   2.8969024e+03   7.9100000e+05
   2.8961355e+03   7.9000000e+05
   2.8953732e+03   7.8900000e+05
   2.8946104e+03   7.8800000e+05
   2.8938469e+03   7.8700000e+05
   2.8930899e+03   7.8600000e+05
   2.8923246e+03   7.8500000e+05
   2.8915629e+03   7.8400000e+05
   2.8907967e+03   7.8300000e+05
   2.8900301e+03   7.8200000e+05
   2.8900000e+03   7.8196061e+05
   2.8892669e+03   7.8100000e+05
   2.8884998e+03   7.8000000e+05
   2.8877328e+03   7.7900000e+05
   2.8869663e+03   7.7800000e+05
   2.8861972e+03   7.7700000e+05
   2.8854306e+03   7.7600000e+05
   2.8846630e+03   7.7500000e+05
   2.8838943e+03   7.7400000e+05
   2.8831256e+03   7.7300000e+05
   2.8823546e+03   7.7200000e+05
   2.8815836e+03   7.7100000e+05
   2.8808147e+03   7.7000000e+05
   2.8800392e+03   7.6900000e+05
   2.8800000e+03   7.6894925e+05
   2.8792685e+03   7.6800000e+05
   2.8784982e+03   7.6700000e+05
   2.8777264e+03   7.6600000e+05
   2.8769526e+03   7.6500000e+05
   2.8761793e+03   7.6400000e+05
   2.8754069e+03   7.6300000e+05
   2.8746332e+03   7.6200000e+05
   2.8738612e+03   7.6100000e+05
   2.8730851e+03   7.6000000e+05
   2.8723086e+03   7.5900000e+05
   2.8715314e+03   7.5800000e+05
   2.8707521e+03   7.5700000e+05
   2.8700000e+03   7.5603254e+05
   2.8699748e+03   7.5600000e+05
   2.8691980e+03   7.5500000e+05
   2.8684212e+03   7.5400000e+05
   2.8676444e+03   7.5300000e+05
   2.8668637e+03   7.5200000e+05
   2.8660871e+03   7.5100000e+05
   2.8653046e+03   7.5000000e+05
   2.8645259e+03   7.4900000e+05
   2.8637457e+03   7.4800000e+05
   2.8629645e+03   7.4700000e+05
   2.8621828e+03   7.4600000e+05
   2.8613998e+03   7.4500000e+05
   2.8606161e+03   7.4400000e+05
   2.8600000e+03   7.4321574e+05
   2.8598311e+03   7.4300000e+05
   2.8590482e+03   7.4200000e+05
   2.8582634e+03   7.4100000e+05
   2.8574800e+03   7.4000000e+05
   2.8566933e+03   7.3900000e+05
   2.8559073e+03   7.3800000e+05
   2.8551209e+03   7.3700000e+05
   2.8543336e+03   7.3600000e+05
   2.8535432e+03   7.3500000e+05
   2.8527538e+03   7.3400000e+05
   2.8519626e+03   7.3300000e+05
   2.8511730e+03   7.3200000e+05
   2.8503811e+03   7.3100000e+05
   2.8500000e+03   7.3051734e+05
   2.8495932e+03   7.3000000e+05
   2.8488065e+03   7.2900000e+05
   2.8480177e+03   7.2800000e+05
   2.8472289e+03   7.2700000e+05
   2.8464393e+03   7.2600000e+05
   2.8456409e+03   7.2500000e+05
   2.8448545e+03   7.2400000e+05
   2.8440600e+03   7.2300000e+05
   2.8432644e+03   7.2200000e+05
   2.8424682e+03   7.2100000e+05
   2.8416708e+03   7.2000000e+05
   2.8408748e+03   7.1900000e+05
   2.8400750e+03   7.1800000e+05
   2.8400000e+03   7.1790598e+05
   2.8392801e+03   7.1700000e+05
   2.8384870e+03   7.1600000e+05
   2.8376918e+03   7.1500000e+05
   2.8368968e+03   7.1400000e+05
   2.8361005e+03   7.1300000e+05
   2.8353012e+03   7.1200000e+05
   2.8344998e+03   7.1100000e+05
   2.8336991e+03   7.1000000e+05
   2.8328911e+03   7.0900000e+05
   2.8320887e+03   7.0800000e+05
   2.8312873e+03   7.0700000e+05
   2.8304844e+03   7.0600000e+05
   2.8300000e+03   7.0539718e+05
   2.8296821e+03   7.0500000e+05
   2.8288814e+03   7.0400000e+05
   2.8280789e+03   7.0300000e+05
   2.8272740e+03   7.0200000e+05
   2.8264713e+03   7.0100000e+05
   2.8256663e+03   7.0000000e+05
   2.8248602e+03   6.9900000e+05
   2.8240536e+03   6.9800000e+05
   2.8232417e+03   6.9700000e+05
   2.8224340e+03   6.9600000e+05
   2.8216280e+03   6.9500000e+05
   2.8208142e+03   6.9400000e+05
   2.8200023e+03   6.9300000e+05
   2.8200000e+03   6.9299722e+05
   2.8191945e+03   6.9200000e+05
   2.8183864e+03   6.9100000e+05
   2.8175780e+03   6.9000000e+05
   2.8167685e+03   6.8900000e+05
   2.8159596e+03   6.8800000e+05
   2.8151449e+03   6.8700000e+05
   2.8143316e+03   6.8600000e+05
   2.8135175e+03   6.8500000e+05
   2.8127015e+03   6.8400000e+05
   2.8118859e+03   6.8300000e+05
   2.8110709e+03   6.8200000e+05
   2.8102536e+03   6.8100000e+05
   2.8100000e+03   6.8068956e+05
   2.8094389e+03   6.8000000e+05
   2.8086245e+03   6.7900000e+05
   2.8078123e+03   6.7800000e+05
   2.8069953e+03   6.7700000e+05
   2.8061776e+03   6.7600000e+05
   2.8053591e+03   6.7500000e+05
   2.8045389e+03   6.7400000e+05
   2.8037167e+03   6.7300000e+05
   2.8028964e+03   6.7200000e+05
   2.8020747e+03   6.7100000e+05
   2.8012478e+03   6.7000000e+05
   2.8004248e+03   6.6900000e+05
   2.8000000e+03   6.6848509e+05
   2.7996014e+03   6.6800000e+05
   2.7987815e+03   6.6700000e+05
   2.7979590e+03   6.6600000e+05
   2.7971352e+03   6.6500000e+05
   2.7963124e+03   6.6400000e+05
   2.7954888e+03   6.6300000e+05
   2.7946637e+03   6.6200000e+05
   2.7938366e+03   6.6100000e+05
   2.7930098e+03   6.6000000e+05
   2.7921812e+03   6.5900000e+05
   2.7913516e+03   6.5800000e+05
   2.7905125e+03   6.5700000e+05
   2.7900000e+03   6.5638172e+05
   2.7896851e+03   6.5600000e+05
   2.7888578e+03   6.5500000e+05
   2.7880288e+03   6.5400000e+05
   2.7871996e+03   6.5300000e+05
   2.7863717e+03   6.5200000e+05
   2.7855400e+03   6.5100000e+05
   2.7847095e+03   6.5000000e+05
   2.7838709e+03   6.4900000e+05
   2.7830421e+03   6.4800000e+05
   2.7822057e+03   6.4700000e+05
   2.7813678e+03   6.4600000e+05
   2.7805299e+03   6.4500000e+05
   2.7800000e+03   6.4436939e+05
   2.7796907e+03   6.4400000e+05
   2.7788541e+03   6.4300000e+05
   2.7780155e+03   6.4200000e+05
   2.7771798e+03   6.4100000e+05
   2.7763442e+03   6.4000000e+05
   2.7755072e+03   6.3900000e+05
   2.7746662e+03   6.3800000e+05
   2.7738254e+03   6.3700000e+05
   2.7729821e+03   6.3600000e+05
   2.7721405e+03   6.3500000e+05
   2.7712967e+03   6.3400000e+05
   2.7704526e+03   6.3300000e+05
   2.7700000e+03   6.3246475e+05
   2.7696084e+03   6.3200000e+05
   2.7687681e+03   6.3100000e+05
   2.7679234e+03   6.3000000e+05
   2.7670794e+03   6.2900000e+05
   2.7662357e+03   6.2800000e+05
   2.7653914e+03   6.2700000e+05
   2.7645425e+03   6.2600000e+05
   2.7636956e+03   6.2500000e+05
   2.7628480e+03   6.2400000e+05
   2.7619956e+03   6.2300000e+05
   2.7611483e+03   6.2200000e+05
   2.7602948e+03   6.2100000e+05
   2.7600000e+03   6.2065285e+05
   2.7594476e+03   6.2000000e+05
   2.7585952e+03   6.1900000e+05
   2.7577432e+03   6.1800000e+05
   2.7568909e+03   6.1700000e+05
   2.7560381e+03   6.1600000e+05
   2.7551862e+03   6.1500000e+05
   2.7543333e+03   6.1400000e+05
   2.7534793e+03   6.1300000e+05
   2.7526232e+03   6.1200000e+05
   2.7517652e+03   6.1100000e+05
   2.7509087e+03   6.1000000e+05
   2.7500504e+03   6.0900000e+05
   2.7500000e+03   6.0894148e+05
   2.7491920e+03   6.0800000e+05
   2.7483322e+03   6.0700000e+05
   2.7474733e+03   6.0600000e+05
   2.7466129e+03   6.0500000e+05
   2.7457582e+03   6.0400000e+05
   2.7448932e+03   6.0300000e+05
   2.7440331e+03   6.0200000e+05
   2.7431720e+03   6.0100000e+05
   2.7423092e+03   6.0000000e+05
   2.7414457e+03   5.9900000e+05
   2.7405800e+03   5.9800000e+05
   2.7400000e+03   5.9732997e+05
   2.7397152e+03   5.9700000e+05
   2.7388505e+03   5.9600000e+05
   2.7379844e+03   5.9500000e+05
   2.7371183e+03   5.9400000e+05
   2.7362489e+03   5.9300000e+05
   2.7353811e+03   5.9200000e+05
   2.7345178e+03   5.9100000e+05
   2.7336445e+03   5.9000000e+05
   2.7327746e+03   5.8900000e+05
   2.7319076e+03   5.8800000e+05
   2.7310373e+03   5.8700000e+05
   2.7301628e+03   5.8600000e+05
   2.7300000e+03   5.8581343e+05
   2.7292922e+03   5.8500000e+05
   2.7284184e+03   5.8400000e+05
   2.7275454e+03   5.8300000e+05
   2.7266696e+03   5.8200000e+05
   2.7257965e+03   5.8100000e+05
   2.7249188e+03   5.8000000e+05
   2.7240428e+03   5.7900000e+05
   2.7231668e+03   5.7800000e+05
   2.7222886e+03   5.7700000e+05
   2.7214103e+03   5.7600000e+05
   2.7205296e+03   5.7500000e+05
   2.7200000e+03   5.7439506e+05
   2.7196552e+03   5.7400000e+05
   2.7187761e+03   5.7300000e+05
   2.7178953e+03   5.7200000e+05
   2.7170142e+03   5.7100000e+05
   2.7161323e+03   5.7000000e+05
   2.7152500e+03   5.6900000e+05
   2.7143642e+03   5.6800000e+05
   2.7134784e+03   5.6700000e+05
   2.7125921e+03   5.6600000e+05
   2.7117062e+03   5.6500000e+05
   2.7108188e+03   5.6400000e+05
   2.7100000e+03   5.6307767e+05
   2.7099320e+03   5.6300000e+05
   2.7090543e+03   5.6200000e+05
   2.7081700e+03   5.6100000e+05
   2.7072805e+03   5.6000000e+05
   2.7063878e+03   5.5900000e+05
   2.7054976e+03   5.5800000e+05
   2.7046053e+03   5.5700000e+05
   2.7037130e+03   5.5600000e+05
   2.7028191e+03   5.5500000e+05
   2.7019262e+03   5.5400000e+05
   2.7010354e+03   5.5300000e+05
   2.7001351e+03   5.5200000e+05
   2.7000000e+03   5.5184964e+05
   2.6992453e+03   5.5100000e+05
   2.6983574e+03   5.5000000e+05
   2.6974714e+03   5.4900000e+05
   2.6965833e+03   5.4800000e+05
   2.6956940e+03   5.4700000e+05
   2.6947941e+03   5.4600000e+05
   2.6938820e+03   5.4500000e+05
   2.6929645e+03   5.4400000e+05
   2.6920632e+03   5.4300000e+05
   2.6912067e+03   5.4200000e+05
   2.6902812e+03   5.4100000e+05
   2.6900000e+03   5.4069585e+05
   2.6893638e+03   5.4000000e+05
   2.6884604e+03   5.3900000e+05
   2.6875600e+03   5.3800000e+05
   2.6866525e+03   5.3700000e+05
   2.6857497e+03   5.3600000e+05
   2.6848484e+03   5.3500000e+05
   2.6839449e+03   5.3400000e+05
   2.6830392e+03   5.3300000e+05
   2.6821336e+03   5.3200000e+05
   2.6812277e+03   5.3100000e+05
   2.6803201e+03   5.3000000e+05
   2.6800000e+03   5.2964802e+05
   2.6794184e+03   5.2900000e+05
   2.6785206e+03   5.2800000e+05
   2.6776174e+03   5.2700000e+05
   2.6766994e+03   5.2600000e+05
   2.6757858e+03   5.2500000e+05
   2.6748666e+03   5.2400000e+05
   2.6739414e+03   5.2300000e+05
   2.6729962e+03   5.2200000e+05
   2.6720809e+03   5.2100000e+05
   2.6711617e+03   5.2000000e+05
   2.6702433e+03   5.1900000e+05
   2.6700000e+03   5.1873502e+05
   2.6693340e+03   5.1800000e+05
   2.6684249e+03   5.1700000e+05
   2.6675162e+03   5.1600000e+05
   2.6666061e+03   5.1500000e+05
   2.6656934e+03   5.1400000e+05
   2.6647796e+03   5.1300000e+05
   2.6638638e+03   5.1200000e+05
   2.6628830e+03   5.1100000e+05
   2.6619557e+03   5.1000000e+05
   2.6610282e+03   5.0900000e+05
   2.6601032e+03   5.0800000e+05
   2.6600000e+03   5.0788889e+05
   2.6591809e+03   5.0700000e+05
   2.6582599e+03   5.0600000e+05
   2.6573402e+03   5.0500000e+05
   2.6564174e+03   5.0400000e+05
   2.6554929e+03   5.0300000e+05
   2.6545677e+03   5.0200000e+05
   2.6536424e+03   5.0100000e+05
   2.6527151e+03   5.0000000e+05
   2.6517871e+03   4.9900000e+05
   2.6508580e+03   4.9800000e+05
   2.6500000e+03   4.9708259e+05
   2.6499236e+03   4.9700000e+05
   2.6490029e+03   4.9600000e+05
   2.6480769e+03   4.9500000e+05
   2.6471434e+03   4.9400000e+05
   2.6461776e+03   4.9300000e+05
   2.6452365e+03   4.9200000e+05
   2.6442899e+03   4.9100000e+05
   2.6433368e+03   4.9000000e+05
   2.6424472e+03   4.8900000e+05
   2.6414429e+03   4.8800000e+05
   2.6405010e+03   4.8700000e+05
   2.6400000e+03   4.8646903e+05
   2.6395640e+03   4.8600000e+05
   2.6386340e+03   4.8500000e+05
   2.6377021e+03   4.8400000e+05
   2.6367682e+03   4.8300000e+05
   2.6358330e+03   4.8200000e+05
   2.6348982e+03   4.8100000e+05
   2.6339585e+03   4.8000000e+05
   2.6330216e+03   4.7900000e+05
   2.6320838e+03   4.7800000e+05
   2.6311463e+03   4.7700000e+05
   2.6301933e+03   4.7600000e+05
   2.6300000e+03   4.7580042e+05
   2.6292267e+03   4.7500000e+05
   2.6283107e+03   4.7400000e+05
   2.6273374e+03   4.7300000e+05
   2.6263490e+03   4.7200000e+05
   2.6253814e+03   4.7100000e+05
   2.6244209e+03   4.7000000e+05
   2.6234718e+03   4.6900000e+05
   2.6225206e+03   4.6800000e+05
   2.6215676e+03   4.6700000e+05
   2.6206091e+03   4.6600000e+05
   2.6200000e+03   4.6536207e+05
   2.6196573e+03   4.6500000e+05
   2.6187105e+03   4.6400000e+05
   2.6177621e+03   4.6300000e+05
   2.6168122e+03   4.6200000e+05
   2.6158626e+03   4.6100000e+05
   2.6149103e+03   4.6000000e+05
   2.6139592e+03   4.5900000e+05
   2.6130051e+03   4.5800000e+05
   2.6120468e+03   4.5700000e+05
   2.6110558e+03   4.5600000e+05
   2.6100693e+03   4.5500000e+05
   2.6100000e+03   4.5492975e+05
   2.6090842e+03   4.5400000e+05
   2.6081039e+03   4.5300000e+05
   2.6071298e+03   4.5200000e+05
   2.6061661e+03   4.5100000e+05
   2.6051917e+03   4.5000000e+05
   2.6042304e+03   4.4900000e+05
   2.6032685e+03   4.4800000e+05
   2.6023064e+03   4.4700000e+05
   2.6013432e+03   4.4600000e+05
   2.6003768e+03   4.4500000e+05
   2.6000000e+03   4.4461649e+05
   2.5993922e+03   4.4400000e+05
   2.5984002e+03   4.4300000e+05
   2.5974110e+03   4.4200000e+05
   2.5963997e+03   4.4100000e+05
   2.5954107e+03   4.4000000e+05
   2.5944399e+03   4.3900000e+05
   2.5935230e+03   4.3800000e+05
   2.5924823e+03   4.3700000e+05
   2.5915061e+03   4.3600000e+05
   2.5905303e+03   4.3500000e+05
   2.5900000e+03   4.3445979e+05
   2.5895499e+03   4.3400000e+05
   2.5885737e+03   4.3300000e+05
   2.5875978e+03   4.3200000e+05
   2.5866183e+03   4.3100000e+05
   2.5856394e+03   4.3000000e+05
   2.5846602e+03   4.2900000e+05
   2.5836780e+03   4.2800000e+05
   2.5826965e+03   4.2700000e+05
   2.5817130e+03   4.2600000e+05
   2.5807153e+03   4.2500000e+05
   2.5800000e+03   4.2426804e+05
   2.5797365e+03   4.2400000e+05
   2.5787184e+03   4.2300000e+05
   2.5777056e+03   4.2200000e+05
   2.5766941e+03   4.2100000e+05
   2.5756891e+03   4.2000000e+05
   2.5747203e+03   4.1900000e+05
   2.5736995e+03   4.1800000e+05
   2.5727131e+03   4.1700000e+05
   2.5717220e+03   4.1600000e+05
   2.5707317e+03   4.1500000e+05
   2.5700000e+03   4.1426210e+05
   2.5697383e+03   4.1400000e+05
   2.5687505e+03   4.1300000e+05
   2.5677380e+03   4.1200000e+05
   2.5667364e+03   4.1100000e+05
   2.5657335e+03   4.1000000e+05
   2.5647273e+03   4.0900000e+05
   2.5637185e+03   4.0800000e+05
   2.5627099e+03   4.0700000e+05
   2.5616523e+03   4.0600000e+05
   2.5606489e+03   4.0500000e+05
   2.5600000e+03   4.0437476e+05
   2.5596152e+03   4.0400000e+05
   2.5586102e+03   4.0300000e+05
   2.5576464e+03   4.0200000e+05
   2.5566140e+03   4.0100000e+05
   2.5555870e+03   4.0000000e+05
   2.5548559e+03   3.9900000e+05
   2.5538355e+03   3.9800000e+05
   2.5528126e+03   3.9700000e+05
   2.5517964e+03   3.9600000e+05
   2.5507782e+03   3.9500000e+05
   2.5500000e+03   3.9423875e+05
   2.5497569e+03   3.9400000e+05
   2.5487385e+03   3.9300000e+05
   2.5477202e+03   3.9200000e+05
   2.5466992e+03   3.9100000e+05
   2.5456747e+03   3.9000000e+05
   2.5446462e+03   3.8900000e+05
   2.5436230e+03   3.8800000e+05
   2.5425981e+03   3.8700000e+05
   2.5415700e+03   3.8600000e+05
   2.5405416e+03   3.8500000e+05
   2.5400000e+03   3.8447592e+05
   2.5395093e+03   3.8400000e+05
   2.5384786e+03   3.8300000e+05
   2.5374410e+03   3.8200000e+05
   2.5363984e+03   3.8100000e+05
   2.5353709e+03   3.8000000e+05
   2.5343358e+03   3.7900000e+05
   2.5333003e+03   3.7800000e+05
   2.5322647e+03   3.7700000e+05
   2.5312267e+03   3.7600000e+05
   2.5301843e+03   3.7500000e+05
   2.5300000e+03   3.7482286e+05
   2.5291464e+03   3.7400000e+05
   2.5281094e+03   3.7300000e+05
   2.5270658e+03   3.7200000e+05
   2.5260233e+03   3.7100000e+05
   2.5249802e+03   3.7000000e+05
   2.5239364e+03   3.6900000e+05
   2.5228910e+03   3.6800000e+05
   2.5218440e+03   3.6700000e+05
   2.5207952e+03   3.6600000e+05
   2.5200000e+03   3.6524390e+05
   2.5197443e+03   3.6500000e+05
   2.5186842e+03   3.6400000e+05
   2.5176385e+03   3.6300000e+05
   2.5165881e+03   3.6200000e+05
   2.5155361e+03   3.6100000e+05
   2.5144826e+03   3.6000000e+05
   2.5134269e+03   3.5900000e+05
   2.5123714e+03   3.5800000e+05
   2.5113155e+03   3.5700000e+05
   2.5102552e+03   3.5600000e+05
   2.5100000e+03   3.5575881e+05
   2.5091988e+03   3.5500000e+05
   2.5081391e+03   3.5400000e+05
   2.5070738e+03   3.5300000e+05
   2.5060117e+03   3.5200000e+05
   2.5049482e+03   3.5100000e+05
   2.5038838e+03   3.5000000e+05
   2.5028175e+03   3.4900000e+05
   2.5017488e+03   3.4800000e+05
   2.5006766e+03   3.4700000e+05
   2.5000000e+03   3.4636746e+05
   2.4996089e+03   3.4600000e+05
   2.4985428e+03   3.4500000e+05
   2.4974747e+03   3.4400000e+05
   2.4964047e+03   3.4300000e+05
   2.4953336e+03   3.4200000e+05
   2.4942565e+03   3.4100000e+05
   2.4931789e+03   3.4000000e+05
   2.4921024e+03   3.3900000e+05
   2.4910241e+03   3.3800000e+05
   2.4900000e+03   3.3705225e+05
   2.4899438e+03   3.3700000e+05
   2.4888643e+03   3.3600000e+05
   2.4877838e+03   3.3500000e+05
   2.4867041e+03   3.3400000e+05
   2.4856249e+03   3.3300000e+05
   2.4845407e+03   3.3200000e+05
   2.4834548e+03   3.3100000e+05
   2.4823668e+03   3.3000000e+05
   2.4812761e+03   3.2900000e+05
   2.4801878e+03   3.2800000e+05
   2.4800000e+03   3.2782771e+05
   2.4791019e+03   3.2700000e+05
   2.4780166e+03   3.2600000e+05
   2.4769269e+03   3.2500000e+05
   2.4758311e+03   3.2400000e+05
   2.4747367e+03   3.2300000e+05
   2.4736430e+03   3.2200000e+05
   2.4725439e+03   3.2100000e+05
   2.4714525e+03   3.2000000e+05
   2.4703507e+03   3.1900000e+05
   2.4700000e+03   3.1868512e+05
   2.4692405e+03   3.1800000e+05
   2.4681494e+03   3.1700000e+05
   2.4670445e+03   3.1600000e+05
   2.4659425e+03   3.1500000e+05
   2.4648361e+03   3.1400000e+05
   2.4637344e+03   3.1300000e+05
   2.4626271e+03   3.1200000e+05
   2.4615165e+03   3.1100000e+05
   2.4604083e+03   3.1000000e+05
   2.4600000e+03   3.0963276e+05
   2.4592995e+03   3.0900000e+05
   2.4581972e+03   3.0800000e+05
   2.4570821e+03   3.0700000e+05
   2.4559645e+03   3.0600000e+05
   2.4548463e+03   3.0500000e+05
   2.4537429e+03   3.0400000e+05
   2.4526103e+03   3.0300000e+05
   2.4514885e+03   3.0200000e+05
   2.4503683e+03   3.0100000e+05
   2.4500000e+03   3.0066318e+05
   2.4492762e+03   3.0000000e+05
   2.4481299e+03   2.9900000e+05
   2.4470091e+03   2.9800000e+05
   2.4458865e+03   2.9700000e+05
   2.4447773e+03   2.9600000e+05
   2.4436376e+03   2.9500000e+05
   2.4425124e+03   2.9400000e+05
   2.4413080e+03   2.9300000e+05
   2.4400000e+03   2.9239163e+05
   2.4391330e+03   2.9200000e+05
   2.4373473e+03   2.9100000e+05
   2.4351733e+03   2.9000000e+05
   2.4328296e+03   2.8900000e+05
   2.4312201e+03   2.8800000e+05
   2.4300000e+03   2.8700154e+05
   2.4299981e+03   2.8700000e+05
   2.4286357e+03   2.8600000e+05
   2.4272528e+03   2.8500000e+05
   2.4259122e+03   2.8400000e+05
   2.4245999e+03   2.8300000e+05
   2.4232504e+03   2.8200000e+05
   2.4218425e+03   2.8100000e+05
   2.4204456e+03   2.8000000e+05
   2.4200000e+03   2.7969082e+05
   2.4190106e+03   2.7900000e+05
   2.4175135e+03   2.7800000e+05
   2.4160501e+03   2.7700000e+05
   2.4145778e+03   2.7600000e+05
   2.4130472e+03   2.7500000e+05
   2.4114876e+03   2.7400000e+05
   2.4100000e+03   2.7306381e+05
   2.4098992e+03   2.7300000e+05
   2.4082751e+03   2.7200000e+05
   2.4065600e+03   2.7100000e+05
   2.4049426e+03   2.7000000e+05
   2.4031520e+03   2.6900000e+05
   2.4014082e+03   2.6800000e+05
   2.4000000e+03   2.6720683e+05
   2.3996279e+03   2.6700000e+05
   2.3977419e+03   2.6600000e+05
   2.3958136e+03   2.6500000e+05
   2.3938205e+03   2.6400000e+05
   2.3917992e+03   2.6300000e+05
   2.3900000e+03   2.6215943e+05
   2.3896608e+03   2.6200000e+05
   2.3874458e+03   2.6100000e+05
   2.3850509e+03   2.6000000e+05
   2.3827714e+03   2.5900000e+05
   2.3801926e+03   2.5800000e+05
   2.3800000e+03   2.5793887e+05
   2.3769372e+03   2.5700000e+05
   2.3739366e+03   2.5600000e+05
   2.3721308e+03   2.5500000e+05
   2.3700000e+03   2.5421032e+05
   2.3694375e+03   2.5400000e+05
   2.3663945e+03   2.5300000e+05
   2.3630983e+03   2.5200000e+05
   2.3600000e+03   2.5105676e+05
   2.3598158e+03   2.5100000e+05
   2.3562303e+03   2.5000000e+05
   2.3523585e+03   2.4900000e+05
   2.3500000e+03   2.4841110e+05
   2.3483765e+03   2.4800000e+05
   2.3442282e+03   2.4700000e+05
   2.3400000e+03   2.4607597e+05
   2.3396548e+03   2.4600000e+05
   2.3347911e+03   2.4500000e+05
   2.3300000e+03   2.4406971e+05
   2.3296464e+03   2.4400000e+05
   2.3237802e+03   2.4300000e+05
   2.3200000e+03   2.4233140e+05
   2.3182491e+03   2.4200000e+05
   2.3119605e+03   2.4100000e+05
   2.3100000e+03   2.4070544e+05
   2.3052339e+03   2.4000000e+05
   2.3000000e+03   2.3927406e+05
   2.2981217e+03   2.3900000e+05
   2.2904578e+03   2.3800000e+05
   2.2900000e+03   2.3794120e+05
   2.2816165e+03   2.3700000e+05
   2.2800000e+03   2.3682920e+05
   2.2730930e+03   2.3600000e+05
   2.2700000e+03   2.3551873e+05
   2.2654344e+03   2.3500000e+05
   2.2600000e+03   2.3432321e+05
   2.2572409e+03   2.3400000e+05
   2.2500000e+03   2.3328057e+05
   2.2477708e+03   2.3300000e+05
   2.2416682e+03   2.3200000e+05
   2.2407446e+03   2.3100000e+05
   2.2400000e+03   2.3019565e+05
   2.2398197e+03   2.3000000e+05
   2.2388964e+03   2.2900000e+05
   2.2379694e+03   2.2800000e+05
   2.2370430e+03   2.2700000e+05
   2.2361162e+03   2.2600000e+05
   2.2351839e+03   2.2500000e+05
   2.2342483e+03   2.2400000e+05
   2.2333115e+03   2.2300000e+05
   2.2323753e+03   2.2200000e+05
   2.2314371e+03   2.2100000e+05
   2.2304964e+03   2.2000000e+05
   2.2300000e+03   2.1947701e+05
   2.2295489e+03   2.1900000e+05
   2.2286069e+03   2.1800000e+05
   2.2276612e+03   2.1700000e+05
   2.2267137e+03   2.1600000e+05
   2.2257647e+03   2.1500000e+05
   2.2248164e+03   2.1400000e+05
   2.2238643e+03   2.1300000e+05
   2.2229070e+03   2.1200000e+05
   2.2219468e+03   2.1100000e+05
   2.2209862e+03   2.1000000e+05
   2.2200253e+03   2.0900000e+05
   2.2200000e+03   2.0897378e+05
   2.2190632e+03   2.0800000e+05
   2.2181035e+03   2.0700000e+05
   2.2171338e+03   2.0600000e+05
   2.2166900e+03   2.0500000e+05
   2.2163685e+03   2.0400000e+05
   2.2175486e+03   2.0300000e+05
   2.2187207e+03   2.0200000e+05
   2.2198575e+03   2.0100000e+05
   2.2200000e+03   2.0087500e+05
   2.2209973e+03   2.0000000e+05
   2.2220433e+03   1.9900000e+05
   2.2230673e+03   1.9800000e+05
   2.2240314e+03   1.9700000e+05
   2.2249444e+03   1.9600000e+05
   2.2258034e+03   1.9500000e+05
   2.2266690e+03   1.9400000e+05
   2.2274922e+03   1.9300000e+05
   2.2282538e+03   1.9200000e+05
   2.2289938e+03   1.9100000e+05
   2.2296857e+03   1.9000000e+05
   2.2300000e+03   1.8951663e+05
   2.2303373e+03   1.8900000e+05
   2.2310219e+03   1.8800000e+05
   2.2316296e+03   1.8700000e+05
   2.2321877e+03   1.8600000e+05
   2.2327101e+03   1.8500000e+05
   2.2332289e+03   1.8400000e+05
   2.2336998e+03   1.8300000e+05
   2.2341210e+03   1.8200000e+05
   2.2345067e+03   1.8100000e+05
   2.2348214e+03   1.8000000e+05
   2.2350245e+03   1.7900000e+05
   2.2353792e+03   1.7800000e+05
   2.2356448e+03   1.7700000e+05
   2.2360731e+03   1.7600000e+05
   2.2362548e+03   1.7500000e+05
   2.2365225e+03   1.7400000e+05
   2.2369688e+03   1.7300000e+05
   2.2371686e+03   1.7200000e+05
   2.2373224e+03   1.7100000e+05
   2.2376703e+03   1.7000000e+05
   2.2378463e+03   1.6900000e+05
   2.2383281e+03   1.6800000e+05
   2.2379371e+03   1.6700000e+05
   2.2376532e+03   1.6600000e+05
   2.2374017e+03   1.6500000e+05
   2.2373767e+03   1.6400000e+05
   2.2373068e+03   1.6300000e+05
   2.2372187e+03   1.6200000e+05
   2.2371257e+03   1.6100000e+05
   2.2369808e+03   1.6000000e+05
   2.2368658e+03   1.5900000e+05
   2.2367372e+03   1.5800000e+05
   2.2365610e+03   1.5700000e+05
   2.2363622e+03   1.5600000e+05
   2.2361196e+03   1.5500000e+05
   2.2358734e+03   1.5400000e+05
   2.2358928e+03   1.5300000e+05
   2.2358332e+03   1.5200000e+05
   2.2356199e+03   1.5100000e+05
   2.2356799e+03   1.5000000e+05
   2.2327069e+03   1.4900000e+05
   2.2300000e+03   1.4885317e+05
   2.2200000e+03   1.4845100e+05
   2.2141943e+03   1.4800000e+05
   2.2100000e+03   1.4756168e+05
   2.2000000e+03   1.4706439e+05
   2.1985121e+03   1.4700000e+05
   2.1970107e+03   1.4600000e+05
   2.1958951e+03   1.4500000e+05
   2.1947838e+03   1.4400000e+05
   2.1936663e+03   1.4300000e+05
   2.1925369e+03   1.4200000e+05
   2.1913875e+03   1.4100000e+05
   2.1902682e+03   1.4000000e+05
   2.1900000e+03   1.3976295e+05
   2.1891398e+03   1.3900000e+05
   2.1880042e+03   1.3800000e+05
   2.1868852e+03   1.3700000e+05
   2.1856954e+03   1.3600000e+05
   2.1845546e+03   1.3500000e+05
   2.1834321e+03   1.3400000e+05
   2.1822722e+03   1.3300000e+05
   2.1810723e+03   1.3200000e+05
   2.1800000e+03   1.3115084e+05
   2.1798118e+03   1.3100000e+05
   2.1786548e+03   1.3000000e+05
   2.1774755e+03   1.2900000e+05
   2.1762829e+03   1.2800000e+05
   2.1750852e+03   1.2700000e+05
   2.1739368e+03   1.2600000e+05
   2.1727187e+03   1.2500000e+05
   2.1715111e+03   1.2400000e+05
   2.1702858e+03   1.2300000e+05
   2.1700000e+03   1.2277139e+05
   2.1690423e+03   1.2200000e+05
   2.1678205e+03   1.2100000e+05
   2.1665881e+03   1.2000000e+05
   2.1653487e+03   1.1900000e+05
   2.1641015e+03   1.1800000e+05
   2.1628743e+03   1.1700000e+05
   2.1617345e+03   1.1600000e+05
   2.1605825e+03   1.1500000e+05
   2.1600000e+03   1.1452266e+05
   2.1593658e+03   1.1400000e+05
   2.1582228e+03   1.1300000e+05
   2.1570433e+03   1.1200000e+05
   2.1558612e+03   1.1100000e+05
   2.1546837e+03   1.1000000e+05
   2.1535145e+03   1.0900000e+05
   2.1523468e+03   1.0800000e+05
   2.1511856e+03   1.0700000e+05
   2.1500000e+03   1.0602687e+05
   2.1499674e+03   1.0600000e+05
   2.1487369e+03   1.0500000e+05
   2.1475106e+03   1.0400000e+05
   2.1461973e+03   1.0300000e+05
   2.1448816e+03   1.0200000e+05
   2.1435675e+03   1.0100000e+05
   2.1423489e+03   1.0000000e+05
   2.1409614e+03   9.9000000e+04
   2.1400000e+03   9.8287342e+04
   2.1396151e+03   9.8000000e+04
   2.1382727e+03   9.7000000e+04
   2.1369720e+03   9.6000000e+04
   2.1355542e+03   9.5000000e+04
   2.1342102e+03   9.4000000e+04
   2.1328576e+03   9.3000000e+04
   2.1315033e+03   9.2000000e+04
   2.1301072e+03   9.1000000e+04
   2.1300000e+03   9.0921836e+04
   2.1287411e+03   9.0000000e+04
   2.1273576e+03   8.9000000e+04
   2.1259334e+03   8.8000000e+04
   2.1244949e+03   8.7000000e+04
   2.1230877e+03   8.6000000e+04
   2.1215885e+03   8.5000000e+04
   2.1200843e+03   8.4000000e+04
   2.1200000e+03   8.3943246e+04
   2.1186191e+03   8.3000000e+04
   2.1171297e+03   8.2000000e+04
   2.1156300e+03   8.1000000e+04
   2.1141193e+03   8.0000000e+04
   2.1125915e+03   7.9000000e+04
   2.1110043e+03   7.8000000e+04
   2.1100000e+03   7.7328508e+04
   2.1095100e+03   7.7000000e+04
   2.1079688e+03   7.6000000e+04
   2.1064124e+03   7.5000000e+04
   2.1048384e+03   7.4000000e+04
   2.1032313e+03   7.3000000e+04
   2.1016110e+03   7.2000000e+04
   2.1000000e+03   7.1014156e+04
   2.0999770e+03   7.1000000e+04
   2.0983715e+03   7.0000000e+04
   2.0967204e+03   6.9000000e+04
   2.0950599e+03   6.8000000e+04
   2.0933913e+03   6.7000000e+04
   2.0917019e+03   6.6000000e+04
   2.0900000e+03   6.5002879e+04
   2.0899951e+03   6.5000000e+04
   2.0882734e+03   6.4000000e+04
   2.0865379e+03   6.3000000e+04
   2.0847811e+03   6.2000000e+04
   2.0830150e+03   6.1000000e+04
   2.0812282e+03   6.0000000e+04
   2.0800000e+03   5.9330080e+04
   2.0793989e+03   5.9000000e+04
   2.0776135e+03   5.8000000e+04
   2.0757744e+03   5.7000000e+04
   2.0739321e+03   5.6000000e+04
   2.0720639e+03   5.5000000e+04
   2.0701641e+03   5.4000000e+04
   2.0700000e+03   5.3915071e+04
   2.0682424e+03   5.3000000e+04
   2.0663094e+03   5.2000000e+04
   2.0643372e+03   5.1000000e+04
   2.0623476e+03   5.0000000e+04
   2.0603216e+03   4.9000000e+04
   2.0600000e+03   4.8843168e+04
   2.0582770e+03   4.8000000e+04
   2.0562028e+03   4.7000000e+04
   2.0540352e+03   4.6000000e+04
   2.0518421e+03   4.5000000e+04
   2.0500000e+03   4.4127803e+04
   2.0497298e+03   4.4000000e+04
   2.0474965e+03   4.3000000e+04
   2.0451946e+03   4.2000000e+04
   2.0428291e+03   4.1000000e+04
   2.0404037e+03   4.0000000e+04
   2.0400000e+03   3.9841784e+04
   2.0378642e+03   3.9000000e+04
   2.0353543e+03   3.8000000e+04
   2.0327281e+03   3.7000000e+04
   2.0300000e+03   3.6008333e+04
   2.0299772e+03   3.6000000e+04
   2.0270955e+03   3.5000000e+04
   2.0240418e+03   3.4000000e+04
   2.0207533e+03   3.3000000e+04
   2.0200000e+03   3.2787495e+04
   2.0172608e+03   3.2000000e+04
   2.0135037e+03   3.1000000e+04
   2.0100000e+03   3.0038262e+04
   2.0098577e+03   3.0000000e+04
   2.0079322e+03   2.9000000e+04
   2.0058756e+03   2.8000000e+04
   2.0038332e+03   2.7000000e+04
   2.0017983e+03   2.6000000e+04
   2.0000000e+03   2.5123774e+04
   1.9997471e+03   2.5000000e+04
   1.9976735e+03   2.4000000e+04
   1.9955502e+03   2.3000000e+04
   1.9934351e+03   2.2000000e+04
   1.9913265e+03   2.1000000e+04
   1.9900000e+03   2.0375546e+04
   1.9892168e+03   2.0000000e+04
   1.9871121e+03   1.9000000e+04
   1.9849833e+03   1.8000000e+04
   1.9828313e+03   1.7000000e+04
   1.9806582e+03   1.6000000e+04
   1.9800000e+03   1.5700896e+04
   1.9784586e+03   1.5000000e+04
   1.9762360e+03   1.4000000e+04
   1.9740051e+03   1.3000000e+04
   1.9717427e+03   1.2000000e+04
   1.9700000e+03   1.1238944e+04
   1.9694558e+03   1.1000000e+04
   1.9671448e+03   1.0000000e+04
   1.9647999e+03   9.0000000e+03
   1.9624644e+03   8.0000000e+03
   1.9600580e+03   7.0000000e+03
   1.9600000e+03   6.9760000e+03
   1.9576395e+03   6.0000000e+03
   1.9551889e+03   5.0000000e+03
   1.9527116e+03   4.0000000e+03
   1.9501485e+03   3.0000000e+03
   1.9500000e+03   2.9417928e+03
   1.9476185e+03   2.0000000e+03
   1.9482646e+03   1.0000000e+03
   1.9500000e+03   0.0000000e+00
