   1.3587279e+03   1.3500000e+06
   1.3584617e+03   1.3490000e+06
   1.3581907e+03   1.3480000e+06
   1.3579254e+03   1.3470000e+06
   1.3576481e+03   1.3460000e+06
   1.3573842e+03   1.3450000e+06
   1.3571200e+03   1.3440000e+06
   1.3568640e+03   1.3430000e+06
   1.3566165e+03   1.3420000e+06
   1.3563650e+03   1.3410000e+06
   1.3561063e+03   1.3400000e+06
   1.3558547e+03   1.3390000e+06
   1.3556036e+03   1.3380000e+06
   1.3553508e+03   1.3370000e+06
   1.3550907e+03   1.3360000e+06
   1.3548289e+03   1.3350000e+06
   1.3546099e+03   1.3340000e+06
   1.3543482e+03   1.3330000e+06
   1.3540852e+03   1.3320000e+06
   1.3538198e+03   1.3310000e+06
   1.3535618e+03   1.3300000e+06
   1.3533004e+03   1.3290000e+06
   1.3530434e+03   1.3280000e+06
   1.3527687e+03   1.3270000e+06
   1.3525119e+03   1.3260000e+06
   1.3522555e+03   1.3250000e+06
   1.3519896e+03   1.3240000e+06
   1.3517188e+03   1.3230000e+06
   1.3514416e+03   1.3220000e+06
   1.3511513e+03   1.3210000e+06
   1.3508732e+03   1.3200000e+06
   1.3505962e+03   1.3190000e+06
   1.3503219e+03   1.3180000e+06
   1.3500694e+03   1.3170000e+06
   1.3500000e+03   1.3167252e+06
   1.3498180e+03   1.3160000e+06
   1.3495670e+03   1.3150000e+06
   1.3493181e+03   1.3140000e+06
   1.3490697e+03   1.3130000e+06
   1.3488157e+03   1.3120000e+06
   1.3485472e+03   1.3110000e+06
   1.3482740e+03   1.3100000e+06
   1.3479977e+03   1.3090000e+06
   1.3477209e+03   1.3080000e+06
   1.3474448e+03   1.3070000e+06
   1.3471648e+03   1.3060000e+06
   1.3468987e+03   1.3050000e+06
   1.3466380e+03   1.3040000e+06
   1.3463969e+03   1.3030000e+06
   1.3461484e+03   1.3020000e+06
   1.3458958e+03   1.3010000e+06
   1.3456398e+03   1.3000000e+06
   1.3453141e+03   1.2990000e+06
   1.3451100e+03   1.2980000e+06
   1.3448371e+03   1.2970000e+06
   1.3445598e+03   1.2960000e+06
   1.3442835e+03   1.2950000e+06
   1.3440056e+03   1.2940000e+06
   1.3437219e+03   1.2930000e+06
   1.3434549e+03   1.2920000e+06
   1.3431896e+03   1.2910000e+06
   1.3429370e+03   1.2900000e+06
   1.3426820e+03   1.2890000e+06
   1.3424299e+03   1.2880000e+06
   1.3421934e+03   1.2870000e+06
   1.3419229e+03   1.2860000e+06
   1.3416654e+03   1.2850000e+06
   1.3413567e+03   1.2840000e+06
   1.3410855e+03   1.2830000e+06
   1.3408027e+03   1.2820000e+06
   1.3405242e+03   1.2810000e+06
   1.3402682e+03   1.2800000e+06
   1.3400000e+03   1.2790407e+06
   1.3399888e+03   1.2790000e+06
   1.3397247e+03   1.2780000e+06
   1.3394716e+03   1.2770000e+06
   1.3392161e+03   1.2760000e+06
   1.3389602e+03   1.2750000e+06
   1.3387139e+03   1.2740000e+06
   1.3384445e+03   1.2730000e+06
   1.3381826e+03   1.2720000e+06
   1.3379060e+03   1.2710000e+06
   1.3376307e+03   1.2700000e+06
   1.3373569e+03   1.2690000e+06
   1.3370687e+03   1.2680000e+06
   1.3368125e+03   1.2670000e+06
   1.3365378e+03   1.2660000e+06
   1.3362722e+03   1.2650000e+06
   1.3360085e+03   1.2640000e+06
   1.3357432e+03   1.2630000e+06
   1.3354952e+03   1.2620000e+06
   1.3352122e+03   1.2610000e+06
   1.3349411e+03   1.2600000e+06
   1.3346768e+03   1.2590000e+06
   1.3344065e+03   1.2580000e+06
   1.3341381e+03   1.2570000e+06
   1.3338698e+03   1.2560000e+06
   1.3335983e+03   1.2550000e+06
   1.3333337e+03   1.2540000e+06
   1.3330550e+03   1.2530000e+06
   1.3327660e+03   1.2520000e+06
   1.3324844e+03   1.2510000e+06
   1.3322034e+03   1.2500000e+06
   1.3319236e+03   1.2490000e+06
   1.3316405e+03   1.2480000e+06
   1.3313758e+03   1.2470000e+06
   1.3310985e+03   1.2460000e+06
   1.3308221e+03   1.2450000e+06
   1.3305427e+03   1.2440000e+06
   1.3302616e+03   1.2430000e+06
   1.3300000e+03   1.2421208e+06
   1.3299645e+03   1.2420000e+06
   1.3297053e+03   1.2410000e+06
   1.3294506e+03   1.2400000e+06
   1.3291956e+03   1.2390000e+06
   1.3289394e+03   1.2380000e+06
   1.3286755e+03   1.2370000e+06
   1.3284186e+03   1.2360000e+06
   1.3281560e+03   1.2350000e+06
   1.3278852e+03   1.2340000e+06
   1.3276015e+03   1.2330000e+06
   1.3273204e+03   1.2320000e+06
   1.3270357e+03   1.2310000e+06
   1.3267525e+03   1.2300000e+06
   1.3264702e+03   1.2290000e+06
   1.3261979e+03   1.2280000e+06
   1.3259373e+03   1.2270000e+06
   1.3256772e+03   1.2260000e+06
   1.3254171e+03   1.2250000e+06
   1.3251598e+03   1.2240000e+06
   1.3248996e+03   1.2230000e+06
   1.3246270e+03   1.2220000e+06
   1.3243410e+03   1.2210000e+06
   1.3240556e+03   1.2200000e+06
   1.3237696e+03   1.2190000e+06
   1.3234836e+03   1.2180000e+06
   1.3231976e+03   1.2170000e+06
   1.3229726e+03   1.2160000e+06
   1.3226303e+03   1.2150000e+06
   1.3223858e+03   1.2140000e+06
   1.3221212e+03   1.2130000e+06
   1.3218551e+03   1.2120000e+06
   1.3215716e+03   1.2110000e+06
   1.3213141e+03   1.2100000e+06
   1.3210232e+03   1.2090000e+06
   1.3207679e+03   1.2080000e+06
   1.3205021e+03   1.2070000e+06
   1.3202194e+03   1.2060000e+06
   1.3200000e+03   1.2053367e+06
   1.3198889e+03   1.2050000e+06
   1.3196314e+03   1.2040000e+06
   1.3193618e+03   1.2030000e+06
   1.3190741e+03   1.2020000e+06
   1.3187884e+03   1.2010000e+06
   1.3184997e+03   1.2000000e+06
   1.3182140e+03   1.1990000e+06
   1.3179264e+03   1.1980000e+06
   1.3176377e+03   1.1970000e+06
   1.3173582e+03   1.1960000e+06
   1.3170793e+03   1.1950000e+06
   1.3168588e+03   1.1940000e+06
   1.3165994e+03   1.1930000e+06
   1.3163230e+03   1.1920000e+06
   1.3160470e+03   1.1910000e+06
   1.3157750e+03   1.1900000e+06
   1.3155055e+03   1.1890000e+06
   1.3152301e+03   1.1880000e+06
   1.3149432e+03   1.1870000e+06
   1.3146328e+03   1.1860000e+06
   1.3143588e+03   1.1850000e+06
   1.3140684e+03   1.1840000e+06
   1.3137907e+03   1.1830000e+06
   1.3134979e+03   1.1820000e+06
   1.3132088e+03   1.1810000e+06
   1.3129170e+03   1.1800000e+06
   1.3126257e+03   1.1790000e+06
   1.3123344e+03   1.1780000e+06
   1.3120526e+03   1.1770000e+06
   1.3117731e+03   1.1760000e+06
   1.3114877e+03   1.1750000e+06
   1.3111996e+03   1.1740000e+06
   1.3108944e+03   1.1730000e+06
   1.3106163e+03   1.1720000e+06
   1.3103393e+03   1.1710000e+06
   1.3100646e+03   1.1700000e+06
   1.3100000e+03   1.1697613e+06
   1.3097972e+03   1.1690000e+06
   1.3095697e+03   1.1680000e+06
   1.3093067e+03   1.1670000e+06
   1.3090319e+03   1.1660000e+06
   1.3087109e+03   1.1650000e+06
   1.3084624e+03   1.1640000e+06
   1.3081699e+03   1.1630000e+06
   1.3078836e+03   1.1620000e+06
   1.3075968e+03   1.1610000e+06
   1.3073169e+03   1.1600000e+06
   1.3070228e+03   1.1590000e+06
   1.3067326e+03   1.1580000e+06
   1.3064440e+03   1.1570000e+06
   1.3061515e+03   1.1560000e+06
   1.3058573e+03   1.1550000e+06
   1.3055544e+03   1.1540000e+06
   1.3052667e+03   1.1530000e+06
   1.3049884e+03   1.1520000e+06
   1.3047272e+03   1.1510000e+06
   1.3044667e+03   1.1500000e+06
   1.3042048e+03   1.1490000e+06
   1.3039408e+03   1.1480000e+06
   1.3036807e+03   1.1470000e+06
   1.3034177e+03   1.1460000e+06
   1.3031231e+03   1.1450000e+06
   1.3028234e+03   1.1440000e+06
   1.3025251e+03   1.1430000e+06
   1.3022258e+03   1.1420000e+06
   1.3019276e+03   1.1410000e+06
   1.3016274e+03   1.1400000e+06
   1.3013541e+03   1.1390000e+06
   1.3010648e+03   1.1380000e+06
   1.3007744e+03   1.1370000e+06
   1.3004776e+03   1.1360000e+06
   1.3001846e+03   1.1350000e+06
   1.3000000e+03   1.1343674e+06
   1.2998935e+03   1.1340000e+06
   1.2995953e+03   1.1330000e+06
   1.2993068e+03   1.1320000e+06
   1.2990146e+03   1.1310000e+06
   1.2987201e+03   1.1300000e+06
   1.2984264e+03   1.1290000e+06
   1.2981326e+03   1.1280000e+06
   1.2979099e+03   1.1270000e+06
   1.2975581e+03   1.1260000e+06
   1.2972988e+03   1.1250000e+06
   1.2970274e+03   1.1240000e+06
   1.2967547e+03   1.1230000e+06
   1.2964806e+03   1.1220000e+06
   1.2962057e+03   1.1210000e+06
   1.2959288e+03   1.1200000e+06
   1.2956441e+03   1.1190000e+06
   1.2953403e+03   1.1180000e+06
   1.2950570e+03   1.1170000e+06
   1.2947748e+03   1.1160000e+06
   1.2944942e+03   1.1150000e+06
   1.2942139e+03   1.1140000e+06
   1.2939199e+03   1.1130000e+06
   1.2936267e+03   1.1120000e+06
   1.2933311e+03   1.1110000e+06
   1.2930363e+03   1.1100000e+06
   1.2927384e+03   1.1090000e+06
   1.2924438e+03   1.1080000e+06
   1.2921436e+03   1.1070000e+06
   1.2918571e+03   1.1060000e+06
   1.2915542e+03   1.1050000e+06
   1.2912499e+03   1.1040000e+06
   1.2909457e+03   1.1030000e+06
   1.2906407e+03   1.1020000e+06
   1.2903461e+03   1.1010000e+06
   1.2900681e+03   1.1000000e+06
   1.2900000e+03   1.0997520e+06
   1.2897945e+03   1.0990000e+06
   1.2895293e+03   1.0980000e+06
   1.2892467e+03   1.0970000e+06
   1.2889826e+03   1.0960000e+06
   1.2886737e+03   1.0950000e+06
   1.2884135e+03   1.0940000e+06
   1.2881069e+03   1.0930000e+06
   1.2878135e+03   1.0920000e+06
   1.2875191e+03   1.0910000e+06
   1.2872236e+03   1.0900000e+06
   1.2869284e+03   1.0890000e+06
   1.2866329e+03   1.0880000e+06
   1.2863439e+03   1.0870000e+06
   1.2860463e+03   1.0860000e+06
   1.2857484e+03   1.0850000e+06
   1.2854509e+03   1.0840000e+06
   1.2851528e+03   1.0830000e+06
   1.2848548e+03   1.0820000e+06
   1.2845568e+03   1.0810000e+06
   1.2842583e+03   1.0800000e+06
   1.2840332e+03   1.0790000e+06
   1.2836619e+03   1.0780000e+06
   1.2833632e+03   1.0770000e+06
   1.2831245e+03   1.0760000e+06
   1.2827895e+03   1.0750000e+06
   1.2825139e+03   1.0740000e+06
   1.2821642e+03   1.0730000e+06
   1.2818868e+03   1.0720000e+06
   1.2816136e+03   1.0710000e+06
   1.2813396e+03   1.0700000e+06
   1.2810533e+03   1.0690000e+06
   1.2807505e+03   1.0680000e+06
   1.2804476e+03   1.0670000e+06
   1.2802204e+03   1.0660000e+06
   1.2800000e+03   1.0652171e+06
   1.2799386e+03   1.0650000e+06
   1.2796316e+03   1.0640000e+06
   1.2792503e+03   1.0630000e+06
   1.2789513e+03   1.0620000e+06
   1.2787242e+03   1.0610000e+06
   1.2783850e+03   1.0600000e+06
   1.2771353e+03   1.0590000e+06
   1.2763285e+03   1.0580000e+06
   1.2741300e+03   1.0570000e+06
   1.2719361e+03   1.0560000e+06
   1.2713624e+03   1.0550000e+06
   1.2700000e+03   1.0546387e+06
   1.2686858e+03   1.0540000e+06
   1.2664254e+03   1.0530000e+06
   1.2645133e+03   1.0520000e+06
   1.2630555e+03   1.0510000e+06
   1.2604853e+03   1.0500000e+06
   1.2600000e+03   1.0494499e+06
   1.2596148e+03   1.0490000e+06
   1.2579146e+03   1.0480000e+06
   1.2559037e+03   1.0470000e+06
   1.2544494e+03   1.0460000e+06
   1.2521576e+03   1.0450000e+06
   1.2505547e+03   1.0440000e+06
   1.2500000e+03   1.0437714e+06
   1.2482407e+03   1.0430000e+06
   1.2471504e+03   1.0420000e+06
   1.2455304e+03   1.0410000e+06
   1.2452301e+03   1.0400000e+06
   1.2448955e+03   1.0390000e+06
   1.2446466e+03   1.0380000e+06
   1.2444631e+03   1.0370000e+06
   1.2442426e+03   1.0360000e+06
   1.2438970e+03   1.0350000e+06
   1.2436432e+03   1.0340000e+06
   1.2432826e+03   1.0330000e+06
   1.2430419e+03   1.0320000e+06
   1.2427557e+03   1.0310000e+06
   1.2424963e+03   1.0300000e+06
   1.2422381e+03   1.0290000e+06
   1.2419705e+03   1.0280000e+06
   1.2417153e+03   1.0270000e+06
   1.2414629e+03   1.0260000e+06
   1.2412042e+03   1.0250000e+06
   1.2409310e+03   1.0240000e+06
   1.2406547e+03   1.0230000e+06
   1.2403949e+03   1.0220000e+06
   1.2401387e+03   1.0210000e+06
   1.2400000e+03   1.0203791e+06
   1.2399156e+03   1.0200000e+06
   1.2396370e+03   1.0190000e+06
   1.2393669e+03   1.0180000e+06
   1.2391093e+03   1.0170000e+06
   1.2388425e+03   1.0160000e+06
   1.2385690e+03   1.0150000e+06
   1.2382660e+03   1.0140000e+06
   1.2380096e+03   1.0130000e+06
   1.2377631e+03   1.0120000e+06
   1.2374958e+03   1.0110000e+06
   1.2372384e+03   1.0100000e+06
   1.2369814e+03   1.0090000e+06
   1.2367246e+03   1.0080000e+06
   1.2364691e+03   1.0070000e+06
   1.2362105e+03   1.0060000e+06
   1.2359523e+03   1.0050000e+06
   1.2356942e+03   1.0040000e+06
   1.2354361e+03   1.0030000e+06
   1.2351780e+03   1.0020000e+06
   1.2349204e+03   1.0010000e+06
   1.2346618e+03   1.0000000e+06
   1.2343721e+03   9.9900000e+05
   1.2341067e+03   9.9800000e+05
   1.2338285e+03   9.9700000e+05
   1.2335597e+03   9.9600000e+05
   1.2332855e+03   9.9500000e+05
   1.2330111e+03   9.9400000e+05
   1.2327821e+03   9.9300000e+05
   1.2324767e+03   9.9200000e+05
   1.2322169e+03   9.9100000e+05
   1.2319562e+03   9.9000000e+05
   1.2316954e+03   9.8900000e+05
   1.2314346e+03   9.8800000e+05
   1.2311739e+03   9.8700000e+05
   1.2309181e+03   9.8600000e+05
   1.2306596e+03   9.8500000e+05
   1.2304005e+03   9.8400000e+05
   1.2301319e+03   9.8300000e+05
   1.2300000e+03   9.8249600e+05
   1.2298702e+03   9.8200000e+05
   1.2296075e+03   9.8100000e+05
   1.2292960e+03   9.8000000e+05
   1.2290641e+03   9.7900000e+05
   1.2287836e+03   9.7800000e+05
   1.2285070e+03   9.7700000e+05
   1.2282303e+03   9.7600000e+05
   1.2279599e+03   9.7500000e+05
   1.2276833e+03   9.7400000e+05
   1.2274180e+03   9.7300000e+05
   1.2271574e+03   9.7200000e+05
   1.2268964e+03   9.7100000e+05
   1.2266359e+03   9.7000000e+05
   1.2263754e+03   9.6900000e+05
   1.2261139e+03   9.6800000e+05
   1.2258517e+03   9.6700000e+05
   1.2255784e+03   9.6600000e+05
   1.2253236e+03   9.6500000e+05
   1.2250526e+03   9.6400000e+05
   1.2247800e+03   9.6300000e+05
   1.2244971e+03   9.6200000e+05
   1.2241899e+03   9.6100000e+05
   1.2239495e+03   9.6000000e+05
   1.2236709e+03   9.5900000e+05
   1.2233998e+03   9.5800000e+05
   1.2231301e+03   9.5700000e+05
   1.2228776e+03   9.5600000e+05
   1.2225966e+03   9.5500000e+05
   1.2223272e+03   9.5400000e+05
   1.2220633e+03   9.5300000e+05
   1.2217978e+03   9.5200000e+05
   1.2215338e+03   9.5100000e+05
   1.2212691e+03   9.5000000e+05
   1.2210044e+03   9.4900000e+05
   1.2207377e+03   9.4800000e+05
   1.2204522e+03   9.4700000e+05
   1.2201962e+03   9.4600000e+05
   1.2200000e+03   9.4530515e+05
   1.2199142e+03   9.4500000e+05
   1.2196330e+03   9.4400000e+05
   1.2193364e+03   9.4300000e+05
   1.2190687e+03   9.4200000e+05
   1.2187914e+03   9.4100000e+05
   1.2185378e+03   9.4000000e+05
   1.2182718e+03   9.3900000e+05
   1.2180062e+03   9.3800000e+05
   1.2177368e+03   9.3700000e+05
   1.2174600e+03   9.3600000e+05
   1.2171901e+03   9.3500000e+05
   1.2169256e+03   9.3400000e+05
   1.2166598e+03   9.3300000e+05
   1.2163944e+03   9.3200000e+05
   1.2161269e+03   9.3100000e+05
   1.2158622e+03   9.3000000e+05
   1.2155949e+03   9.2900000e+05
   1.2153190e+03   9.2800000e+05
   1.2150424e+03   9.2700000e+05
   1.2147992e+03   9.2600000e+05
   1.2145263e+03   9.2500000e+05
   1.2142485e+03   9.2400000e+05
   1.2139628e+03   9.2300000e+05
   1.2136931e+03   9.2200000e+05
   1.2134193e+03   9.2100000e+05
   1.2131452e+03   9.2000000e+05
   1.2128258e+03   9.1900000e+05
   1.2125517e+03   9.1800000e+05
   1.2122799e+03   9.1700000e+05
   1.2120084e+03   9.1600000e+05
   1.2117391e+03   9.1500000e+05
   1.2114690e+03   9.1400000e+05
   1.2111993e+03   9.1300000e+05
   1.2109315e+03   9.1200000e+05
   1.2106611e+03   9.1100000e+05
   1.2103904e+03   9.1000000e+05
   1.2101032e+03   9.0900000e+05
   1.2100000e+03   9.0864158e+05
   1.2098169e+03   9.0800000e+05
   1.2095365e+03   9.0700000e+05
   1.2093062e+03   9.0600000e+05
   1.2090189e+03   9.0500000e+05
   1.2087308e+03   9.0400000e+05
   1.2084551e+03   9.0300000e+05
   1.2081853e+03   9.0200000e+05
   1.2079148e+03   9.0100000e+05
   1.2075811e+03   9.0000000e+05
   1.2073127e+03   8.9900000e+05
   1.2070446e+03   8.9800000e+05
   1.2067718e+03   8.9700000e+05
   1.2065047e+03   8.9600000e+05
   1.2062333e+03   8.9500000e+05
   1.2059647e+03   8.9400000e+05
   1.2057036e+03   8.9300000e+05
   1.2054316e+03   8.9200000e+05
   1.2051580e+03   8.9100000e+05
   1.2048761e+03   8.9000000e+05
   1.2046001e+03   8.8900000e+05
   1.2043246e+03   8.8800000e+05
   1.2040535e+03   8.8700000e+05
   1.2037767e+03   8.8600000e+05
   1.2034994e+03   8.8500000e+05
   1.2032164e+03   8.8400000e+05
   1.2029294e+03   8.8300000e+05
   1.2026420e+03   8.8200000e+05
   1.2023517e+03   8.8100000e+05
   1.2020639e+03   8.8000000e+05
   1.2017877e+03   8.7900000e+05
   1.2015359e+03   8.7800000e+05
   1.2012313e+03   8.7700000e+05
   1.2009592e+03   8.7600000e+05
   1.2006862e+03   8.7500000e+05
   1.2004139e+03   8.7400000e+05
   1.2001410e+03   8.7300000e+05
   1.2000000e+03   8.7248315e+05
   1.1998691e+03   8.7200000e+05
   1.1995977e+03   8.7100000e+05
   1.1993251e+03   8.7000000e+05
   1.1990514e+03   8.6900000e+05
   1.1987767e+03   8.6800000e+05
   1.1985008e+03   8.6700000e+05
   1.1982092e+03   8.6600000e+05
   1.1979274e+03   8.6500000e+05
   1.1976465e+03   8.6400000e+05
   1.1973549e+03   8.6300000e+05
   1.1970652e+03   8.6200000e+05
   1.1967759e+03   8.6100000e+05
   1.1964943e+03   8.6000000e+05
   1.1962012e+03   8.5900000e+05
   1.1959237e+03   8.5800000e+05
   1.1956453e+03   8.5700000e+05
   1.1953673e+03   8.5600000e+05
   1.1950891e+03   8.5500000e+05
   1.1948107e+03   8.5400000e+05
   1.1945420e+03   8.5300000e+05
   1.1942575e+03   8.5200000e+05
   1.1939822e+03   8.5100000e+05
   1.1937073e+03   8.5000000e+05
   1.1934308e+03   8.4900000e+05
   1.1931545e+03   8.4800000e+05
   1.1928759e+03   8.4700000e+05
   1.1925799e+03   8.4600000e+05
   1.1923018e+03   8.4500000e+05
   1.1920083e+03   8.4400000e+05
   1.1917146e+03   8.4300000e+05
   1.1914202e+03   8.4200000e+05
   1.1911263e+03   8.4100000e+05
   1.1908438e+03   8.4000000e+05
   1.1905530e+03   8.3900000e+05
   1.1902755e+03   8.3800000e+05
   1.1900000e+03   8.3701091e+05
   1.1899970e+03   8.3700000e+05
   1.1897202e+03   8.3600000e+05
   1.1894424e+03   8.3500000e+05
   1.1891635e+03   8.3400000e+05
   1.1888862e+03   8.3300000e+05
   1.1886067e+03   8.3200000e+05
   1.1883268e+03   8.3100000e+05
   1.1880495e+03   8.3000000e+05
   1.1877695e+03   8.2900000e+05
   1.1874889e+03   8.2800000e+05
   1.1871996e+03   8.2700000e+05
   1.1869121e+03   8.2600000e+05
   1.1866187e+03   8.2500000e+05
   1.1863253e+03   8.2400000e+05
   1.1860244e+03   8.2300000e+05
   1.1857313e+03   8.2200000e+05
   1.1854518e+03   8.2100000e+05
   1.1851528e+03   8.2000000e+05
   1.1848723e+03   8.1900000e+05
   1.1845923e+03   8.1800000e+05
   1.1843103e+03   8.1700000e+05
   1.1840282e+03   8.1600000e+05
   1.1837446e+03   8.1500000e+05
   1.1834634e+03   8.1400000e+05
   1.1831825e+03   8.1300000e+05
   1.1829014e+03   8.1200000e+05
   1.1826204e+03   8.1100000e+05
   1.1823354e+03   8.1000000e+05
   1.1820545e+03   8.0900000e+05
   1.1817171e+03   8.0800000e+05
   1.1814714e+03   8.0700000e+05
   1.1811716e+03   8.0600000e+05
   1.1808683e+03   8.0500000e+05
   1.1805678e+03   8.0400000e+05
   1.1802663e+03   8.0300000e+05
   1.1800000e+03   8.0211371e+05
   1.1799661e+03   8.0200000e+05
   1.1796790e+03   8.0100000e+05
   1.1793977e+03   8.0000000e+05
   1.1791157e+03   7.9900000e+05
   1.1788320e+03   7.9800000e+05
   1.1785499e+03   7.9700000e+05
   1.1782677e+03   7.9600000e+05
   1.1779815e+03   7.9500000e+05
   1.1777000e+03   7.9400000e+05
   1.1774153e+03   7.9300000e+05
   1.1771282e+03   7.9200000e+05
   1.1768430e+03   7.9100000e+05
   1.1765571e+03   7.9000000e+05
   1.1762715e+03   7.8900000e+05
   1.1759695e+03   7.8800000e+05
   1.1756666e+03   7.8700000e+05
   1.1753606e+03   7.8600000e+05
   1.1750613e+03   7.8500000e+05
   1.1747563e+03   7.8400000e+05
   1.1744523e+03   7.8300000e+05
   1.1741583e+03   7.8200000e+05
   1.1738720e+03   7.8100000e+05
   1.1735869e+03   7.8000000e+05
   1.1733021e+03   7.7900000e+05
   1.1730166e+03   7.7800000e+05
   1.1727320e+03   7.7700000e+05
   1.1724444e+03   7.7600000e+05
   1.1721548e+03   7.7500000e+05
   1.1718656e+03   7.7400000e+05
   1.1715773e+03   7.7300000e+05
   1.1712881e+03   7.7200000e+05
   1.1710017e+03   7.7100000e+05
   1.1707108e+03   7.7000000e+05
   1.1704116e+03   7.6900000e+05
   1.1701096e+03   7.6800000e+05
   1.1700000e+03   7.6764630e+05
   1.1698013e+03   7.6700000e+05
   1.1694989e+03   7.6600000e+05
   1.1691967e+03   7.6500000e+05
   1.1688965e+03   7.6400000e+05
   1.1686001e+03   7.6300000e+05
   1.1683086e+03   7.6200000e+05
   1.1680178e+03   7.6100000e+05
   1.1677278e+03   7.6000000e+05
   1.1674375e+03   7.5900000e+05
   1.1671488e+03   7.5800000e+05
   1.1668560e+03   7.5700000e+05
   1.1665691e+03   7.5600000e+05
   1.1662790e+03   7.5500000e+05
   1.1659905e+03   7.5400000e+05
   1.1657017e+03   7.5300000e+05
   1.1654135e+03   7.5200000e+05
   1.1651284e+03   7.5100000e+05
   1.1648345e+03   7.5000000e+05
   1.1645426e+03   7.4900000e+05
   1.1642506e+03   7.4800000e+05
   1.1639581e+03   7.4700000e+05
   1.1636660e+03   7.4600000e+05
   1.1633725e+03   7.4500000e+05
   1.1630741e+03   7.4400000e+05
   1.1627648e+03   7.4300000e+05
   1.1624553e+03   7.4200000e+05
   1.1621453e+03   7.4100000e+05
   1.1618348e+03   7.4000000e+05
   1.1615246e+03   7.3900000e+05
   1.1612168e+03   7.3800000e+05
   1.1609179e+03   7.3700000e+05
   1.1606234e+03   7.3600000e+05
   1.1603280e+03   7.3500000e+05
   1.1600326e+03   7.3400000e+05
   1.1600000e+03   7.3388963e+05
   1.1597393e+03   7.3300000e+05
   1.1594462e+03   7.3200000e+05
   1.1591522e+03   7.3100000e+05
   1.1588592e+03   7.3000000e+05
   1.1585651e+03   7.2900000e+05
   1.1582711e+03   7.2800000e+05
   1.1579763e+03   7.2700000e+05
   1.1576823e+03   7.2600000e+05
   1.1573346e+03   7.2500000e+05
   1.1570737e+03   7.2400000e+05
   1.1567630e+03   7.2300000e+05
   1.1564517e+03   7.2200000e+05
   1.1561407e+03   7.2100000e+05
   1.1558291e+03   7.2000000e+05
   1.1555241e+03   7.1900000e+05
   1.1552176e+03   7.1800000e+05
   1.1549221e+03   7.1700000e+05
   1.1546262e+03   7.1600000e+05
   1.1543302e+03   7.1500000e+05
   1.1540339e+03   7.1400000e+05
   1.1537376e+03   7.1300000e+05
   1.1534404e+03   7.1200000e+05
   1.1531423e+03   7.1100000e+05
   1.1528443e+03   7.1000000e+05
   1.1525453e+03   7.0900000e+05
   1.1522456e+03   7.0800000e+05
   1.1519465e+03   7.0700000e+05
   1.1515934e+03   7.0600000e+05
   1.1513297e+03   7.0500000e+05
   1.1510143e+03   7.0400000e+05
   1.1506971e+03   7.0300000e+05
   1.1503799e+03   7.0200000e+05
   1.1500617e+03   7.0100000e+05
   1.1500000e+03   7.0080556e+05
   1.1497464e+03   7.0000000e+05
   1.1494413e+03   6.9900000e+05
   1.1491421e+03   6.9800000e+05
   1.1488428e+03   6.9700000e+05
   1.1485427e+03   6.9600000e+05
   1.1482433e+03   6.9500000e+05
   1.1479433e+03   6.9400000e+05
   1.1476462e+03   6.9300000e+05
   1.1473438e+03   6.9200000e+05
   1.1470460e+03   6.9100000e+05
   1.1467454e+03   6.9000000e+05
   1.1464451e+03   6.8900000e+05
   1.1461442e+03   6.8800000e+05
   1.1458434e+03   6.8700000e+05
   1.1455422e+03   6.8600000e+05
   1.1452410e+03   6.8500000e+05
   1.1449393e+03   6.8400000e+05
   1.1446371e+03   6.8300000e+05
   1.1443195e+03   6.8200000e+05
   1.1440184e+03   6.8100000e+05
   1.1437076e+03   6.8000000e+05
   1.1433888e+03   6.7900000e+05
   1.1430789e+03   6.7800000e+05
   1.1427526e+03   6.7700000e+05
   1.1424320e+03   6.7600000e+05
   1.1421104e+03   6.7500000e+05
   1.1417915e+03   6.7400000e+05
   1.1414855e+03   6.7300000e+05
   1.1411793e+03   6.7200000e+05
   1.1408732e+03   6.7100000e+05
   1.1405736e+03   6.7000000e+05
   1.1402670e+03   6.6900000e+05
   1.1400000e+03   6.6814062e+05
   1.1399567e+03   6.6800000e+05
   1.1396562e+03   6.6700000e+05
   1.1393530e+03   6.6600000e+05
   1.1390524e+03   6.6500000e+05
   1.1387483e+03   6.6400000e+05
   1.1384435e+03   6.6300000e+05
   1.1381390e+03   6.6200000e+05
   1.1378272e+03   6.6100000e+05
   1.1375055e+03   6.6000000e+05
   1.1371838e+03   6.5900000e+05
   1.1368591e+03   6.5800000e+05
   1.1365358e+03   6.5700000e+05
   1.1362127e+03   6.5600000e+05
   1.1358899e+03   6.5500000e+05
   1.1355819e+03   6.5400000e+05
   1.1352738e+03   6.5300000e+05
   1.1349649e+03   6.5200000e+05
   1.1346560e+03   6.5100000e+05
   1.1343465e+03   6.5000000e+05
   1.1340387e+03   6.4900000e+05
   1.1337286e+03   6.4800000e+05
   1.1334193e+03   6.4700000e+05
   1.1331094e+03   6.4600000e+05
   1.1328002e+03   6.4500000e+05
   1.1324904e+03   6.4400000e+05
   1.1321803e+03   6.4300000e+05
   1.1318688e+03   6.4200000e+05
   1.1315532e+03   6.4100000e+05
   1.1312392e+03   6.4000000e+05
   1.1309253e+03   6.3900000e+05
   1.1306143e+03   6.3800000e+05
   1.1303019e+03   6.3700000e+05
   1.1300000e+03   6.3603670e+05
   1.1299885e+03   6.3600000e+05
   1.1296645e+03   6.3500000e+05
   1.1293404e+03   6.3400000e+05
   1.1290152e+03   6.3300000e+05
   1.1286906e+03   6.3200000e+05
   1.1283642e+03   6.3100000e+05
   1.1280399e+03   6.3000000e+05
   1.1277204e+03   6.2900000e+05
   1.1274082e+03   6.2800000e+05
   1.1270971e+03   6.2700000e+05
   1.1267849e+03   6.2600000e+05
   1.1264738e+03   6.2500000e+05
   1.1261617e+03   6.2400000e+05
   1.1258500e+03   6.2300000e+05
   1.1255371e+03   6.2200000e+05
   1.1252244e+03   6.2100000e+05
   1.1249123e+03   6.2000000e+05
   1.1245993e+03   6.1900000e+05
   1.1242860e+03   6.1800000e+05
   1.1239728e+03   6.1700000e+05
   1.1236442e+03   6.1600000e+05
   1.1233108e+03   6.1500000e+05
   1.1229767e+03   6.1400000e+05
   1.1226425e+03   6.1300000e+05
   1.1223082e+03   6.1200000e+05
   1.1219746e+03   6.1100000e+05
   1.1216459e+03   6.1000000e+05
   1.1213303e+03   6.0900000e+05
   1.1210130e+03   6.0800000e+05
   1.1206957e+03   6.0700000e+05
   1.1203774e+03   6.0600000e+05
   1.1200591e+03   6.0500000e+05
   1.1200000e+03   6.0481493e+05
   1.1197418e+03   6.0400000e+05
   1.1194251e+03   6.0300000e+05
   1.1191073e+03   6.0200000e+05
   1.1187898e+03   6.0100000e+05
   1.1184722e+03   6.0000000e+05
   1.1181543e+03   5.9900000e+05
   1.1178357e+03   5.9800000e+05
   1.1175173e+03   5.9700000e+05
   1.1171986e+03   5.9600000e+05
   1.1168803e+03   5.9500000e+05
   1.1165608e+03   5.9400000e+05
   1.1162416e+03   5.9300000e+05
   1.1159121e+03   5.9200000e+05
   1.1155497e+03   5.9100000e+05
   1.1152623e+03   5.9000000e+05
   1.1149258e+03   5.8900000e+05
   1.1145898e+03   5.8800000e+05
   1.1142524e+03   5.8700000e+05
   1.1139155e+03   5.8600000e+05
   1.1135775e+03   5.8500000e+05
   1.1132543e+03   5.8400000e+05
   1.1129315e+03   5.8300000e+05
   1.1126089e+03   5.8200000e+05
   1.1122825e+03   5.8100000e+05
   1.1119592e+03   5.8000000e+05
   1.1116357e+03   5.7900000e+05
   1.1113142e+03   5.7800000e+05
   1.1109916e+03   5.7700000e+05
   1.1106701e+03   5.7600000e+05
   1.1103459e+03   5.7500000e+05
   1.1100245e+03   5.7400000e+05
   1.1100000e+03   5.7392398e+05
   1.1097040e+03   5.7300000e+05
   1.1093827e+03   5.7200000e+05
   1.1090531e+03   5.7100000e+05
   1.1087244e+03   5.7000000e+05
   1.1083939e+03   5.6900000e+05
   1.1080371e+03   5.6800000e+05
   1.1077102e+03   5.6700000e+05
   1.1073938e+03   5.6600000e+05
   1.1070464e+03   5.6500000e+05
   1.1067080e+03   5.6400000e+05
   1.1063707e+03   5.6300000e+05
   1.1060584e+03   5.6200000e+05
   1.1057192e+03   5.6100000e+05
   1.1053798e+03   5.6000000e+05
   1.1050450e+03   5.5900000e+05
   1.1047167e+03   5.5800000e+05
   1.1043881e+03   5.5700000e+05
   1.1040582e+03   5.5600000e+05
   1.1037310e+03   5.5500000e+05
   1.1034016e+03   5.5400000e+05
   1.1030771e+03   5.5300000e+05
   1.1027445e+03   5.5200000e+05
   1.1024137e+03   5.5100000e+05
   1.1020854e+03   5.5000000e+05
   1.1017559e+03   5.4900000e+05
   1.1014263e+03   5.4800000e+05
   1.1010508e+03   5.4700000e+05
   1.1007552e+03   5.4600000e+05
   1.1004142e+03   5.4500000e+05
   1.1000655e+03   5.4400000e+05
   1.1000000e+03   5.4381233e+05
   1.0997190e+03   5.4300000e+05
   1.0993725e+03   5.4200000e+05
   1.0990271e+03   5.4100000e+05
   1.0987253e+03   5.4000000e+05
   1.0983560e+03   5.3900000e+05
   1.0980252e+03   5.3800000e+05
   1.0976941e+03   5.3700000e+05
   1.0973627e+03   5.3600000e+05
   1.0970248e+03   5.3500000e+05
   1.0966979e+03   5.3400000e+05
   1.0963593e+03   5.3300000e+05
   1.0960286e+03   5.3200000e+05
   1.0956948e+03   5.3100000e+05
   1.0953612e+03   5.3000000e+05
   1.0950278e+03   5.2900000e+05
   1.0946937e+03   5.2800000e+05
   1.0943601e+03   5.2700000e+05
   1.0940267e+03   5.2600000e+05
   1.0936931e+03   5.2500000e+05
   1.0933593e+03   5.2400000e+05
   1.0930245e+03   5.2300000e+05
   1.0926899e+03   5.2200000e+05
   1.0922965e+03   5.2100000e+05
   1.0919989e+03   5.2000000e+05
   1.0916449e+03   5.1900000e+05
   1.0912903e+03   5.1800000e+05
   1.0909356e+03   5.1700000e+05
   1.0905800e+03   5.1600000e+05
   1.0902363e+03   5.1500000e+05
   1.0900000e+03   5.1433681e+05
   1.0898814e+03   5.1400000e+05
   1.0895440e+03   5.1300000e+05
   1.0892047e+03   5.1200000e+05
   1.0888665e+03   5.1100000e+05
   1.0885277e+03   5.1000000e+05
   1.0881882e+03   5.0900000e+05
   1.0878529e+03   5.0800000e+05
   1.0875126e+03   5.0700000e+05
   1.0871742e+03   5.0600000e+05
   1.0868355e+03   5.0500000e+05
   1.0864982e+03   5.0400000e+05
   1.0861588e+03   5.0300000e+05
   1.0858197e+03   5.0200000e+05
   1.0854778e+03   5.0100000e+05
   1.0851364e+03   5.0000000e+05
   1.0847953e+03   4.9900000e+05
   1.0844534e+03   4.9800000e+05
   1.0841085e+03   4.9700000e+05
   1.0837717e+03   4.9600000e+05
   1.0834141e+03   4.9500000e+05
   1.0830549e+03   4.9400000e+05
   1.0826989e+03   4.9300000e+05
   1.0823396e+03   4.9200000e+05
   1.0819800e+03   4.9100000e+05
   1.0816195e+03   4.9000000e+05
   1.0812609e+03   4.8900000e+05
   1.0809148e+03   4.8800000e+05
   1.0805738e+03   4.8700000e+05
   1.0802250e+03   4.8600000e+05
   1.0800000e+03   4.8535526e+05
   1.0798770e+03   4.8500000e+05
   1.0795311e+03   4.8400000e+05
   1.0791844e+03   4.8300000e+05
   1.0788427e+03   4.8200000e+05
   1.0785006e+03   4.8100000e+05
   1.0781491e+03   4.8000000e+05
   1.0778069e+03   4.7900000e+05
   1.0774666e+03   4.7800000e+05
   1.0771227e+03   4.7700000e+05
   1.0767767e+03   4.7600000e+05
   1.0764293e+03   4.7500000e+05
   1.0760846e+03   4.7400000e+05
   1.0757356e+03   4.7300000e+05
   1.0753845e+03   4.7200000e+05
   1.0750359e+03   4.7100000e+05
   1.0746858e+03   4.7000000e+05
   1.0743293e+03   4.6900000e+05
   1.0739742e+03   4.6800000e+05
   1.0736110e+03   4.6700000e+05
   1.0732270e+03   4.6600000e+05
   1.0728722e+03   4.6500000e+05
   1.0725172e+03   4.6400000e+05
   1.0721573e+03   4.6300000e+05
   1.0717945e+03   4.6200000e+05
   1.0714355e+03   4.6100000e+05
   1.0710836e+03   4.6000000e+05
   1.0707544e+03   4.5900000e+05
   1.0703886e+03   4.5800000e+05
   1.0700264e+03   4.5700000e+05
   1.0700000e+03   4.5692545e+05
   1.0696754e+03   4.5600000e+05
   1.0693237e+03   4.5500000e+05
   1.0689665e+03   4.5400000e+05
   1.0686135e+03   4.5300000e+05
   1.0682620e+03   4.5200000e+05
   1.0679066e+03   4.5100000e+05
   1.0675556e+03   4.5000000e+05
   1.0671996e+03   4.4900000e+05
   1.0668490e+03   4.4800000e+05
   1.0664916e+03   4.4700000e+05
   1.0661385e+03   4.4600000e+05
   1.0657842e+03   4.4500000e+05
   1.0654263e+03   4.4400000e+05
   1.0650712e+03   4.4300000e+05
   1.0647136e+03   4.4200000e+05
   1.0643508e+03   4.4100000e+05
   1.0639782e+03   4.4000000e+05
   1.0636225e+03   4.3900000e+05
   1.0632271e+03   4.3800000e+05
   1.0628923e+03   4.3700000e+05
   1.0625215e+03   4.3600000e+05
   1.0621584e+03   4.3500000e+05
   1.0617869e+03   4.3400000e+05
   1.0614119e+03   4.3300000e+05
   1.0610776e+03   4.3200000e+05
   1.0606739e+03   4.3100000e+05
   1.0603131e+03   4.3000000e+05
   1.0600000e+03   4.2913433e+05
   1.0599518e+03   4.2900000e+05
   1.0595921e+03   4.2800000e+05
   1.0592324e+03   4.2700000e+05
   1.0588726e+03   4.2600000e+05
   1.0585123e+03   4.2500000e+05
   1.0581537e+03   4.2400000e+05
   1.0577947e+03   4.2300000e+05
   1.0574348e+03   4.2200000e+05
   1.0570743e+03   4.2100000e+05
   1.0567131e+03   4.2000000e+05
   1.0563106e+03   4.1900000e+05
   1.0559746e+03   4.1800000e+05
   1.0555991e+03   4.1700000e+05
   1.0552262e+03   4.1600000e+05
   1.0548542e+03   4.1500000e+05
   1.0544949e+03   4.1400000e+05
   1.0541407e+03   4.1300000e+05
   1.0537452e+03   4.1200000e+05
   1.0533791e+03   4.1100000e+05
   1.0530044e+03   4.1000000e+05
   1.0526283e+03   4.0900000e+05
   1.0522508e+03   4.0800000e+05
   1.0518627e+03   4.0700000e+05
   1.0514942e+03   4.0600000e+05
   1.0511269e+03   4.0500000e+05
   1.0507578e+03   4.0400000e+05
   1.0503878e+03   4.0300000e+05
   1.0500178e+03   4.0200000e+05
   1.0500000e+03   4.0195181e+05
   1.0496510e+03   4.0100000e+05
   1.0492834e+03   4.0000000e+05
   1.0489169e+03   3.9900000e+05
   1.0485480e+03   3.9800000e+05
   1.0481800e+03   3.9700000e+05
   1.0478110e+03   3.9600000e+05
   1.0474415e+03   3.9500000e+05
   1.0470727e+03   3.9400000e+05
   1.0467032e+03   3.9300000e+05
   1.0463336e+03   3.9200000e+05
   1.0459975e+03   3.9100000e+05
   1.0455877e+03   3.9000000e+05
   1.0452206e+03   3.8900000e+05
   1.0449204e+03   3.8800000e+05
   1.0445935e+03   3.8700000e+05
   1.0442707e+03   3.8600000e+05
   1.0439431e+03   3.8500000e+05
   1.0436741e+03   3.8400000e+05
   1.0433471e+03   3.8300000e+05
   1.0430068e+03   3.8200000e+05
   1.0426665e+03   3.8100000e+05
   1.0423204e+03   3.8000000e+05
   1.0419734e+03   3.7900000e+05
   1.0416216e+03   3.7800000e+05
   1.0413127e+03   3.7700000e+05
   1.0410048e+03   3.7600000e+05
   1.0406628e+03   3.7500000e+05
   1.0403067e+03   3.7400000e+05
   1.0400000e+03   3.7303857e+05
   1.0399878e+03   3.7300000e+05
   1.0396373e+03   3.7200000e+05
   1.0393142e+03   3.7100000e+05
   1.0389853e+03   3.7000000e+05
   1.0386326e+03   3.6900000e+05
   1.0382737e+03   3.6800000e+05
   1.0379410e+03   3.6700000e+05
   1.0376107e+03   3.6600000e+05
   1.0372859e+03   3.6500000e+05
   1.0369470e+03   3.6400000e+05
   1.0365886e+03   3.6300000e+05
   1.0362280e+03   3.6200000e+05
   1.0358586e+03   3.6100000e+05
   1.0355220e+03   3.6000000e+05
   1.0351555e+03   3.5900000e+05
   1.0348170e+03   3.5800000e+05
   1.0344699e+03   3.5700000e+05
   1.0341439e+03   3.5600000e+05
   1.0337771e+03   3.5500000e+05
   1.0334105e+03   3.5400000e+05
   1.0330391e+03   3.5300000e+05
   1.0326636e+03   3.5200000e+05
   1.0322940e+03   3.5100000e+05
   1.0319421e+03   3.5000000e+05
   1.0316432e+03   3.4900000e+05
   1.0312886e+03   3.4800000e+05
   1.0309164e+03   3.4700000e+05
   1.0305408e+03   3.4600000e+05
   1.0301680e+03   3.4500000e+05
   1.0300000e+03   3.4455116e+05
   1.0297954e+03   3.4400000e+05
   1.0294250e+03   3.4300000e+05
   1.0290547e+03   3.4200000e+05
   1.0286784e+03   3.4100000e+05
   1.0283050e+03   3.4000000e+05
   1.0279772e+03   3.3900000e+05
   1.0276550e+03   3.3800000e+05
   1.0272794e+03   3.3700000e+05
   1.0268996e+03   3.3600000e+05
   1.0265209e+03   3.3500000e+05
   1.0261416e+03   3.3400000e+05
   1.0257620e+03   3.3300000e+05
   1.0253775e+03   3.3200000e+05
   1.0250182e+03   3.3100000e+05
   1.0246625e+03   3.3000000e+05
   1.0242738e+03   3.2900000e+05
   1.0239309e+03   3.2800000e+05
   1.0235783e+03   3.2700000e+05
   1.0231994e+03   3.2600000e+05
   1.0228154e+03   3.2500000e+05
   1.0224308e+03   3.2400000e+05
   1.0220465e+03   3.2300000e+05
   1.0216625e+03   3.2200000e+05
   1.0212825e+03   3.2100000e+05
   1.0209023e+03   3.2000000e+05
   1.0205506e+03   3.1900000e+05
   1.0202247e+03   3.1800000e+05
   1.0200000e+03   3.1743384e+05
   1.0198281e+03   3.1700000e+05
   1.0194504e+03   3.1600000e+05
   1.0190724e+03   3.1500000e+05
   1.0186896e+03   3.1400000e+05
   1.0182862e+03   3.1300000e+05
   1.0179020e+03   3.1200000e+05
   1.0175152e+03   3.1100000e+05
   1.0171276e+03   3.1000000e+05
   1.0167316e+03   3.0900000e+05
   1.0163887e+03   3.0800000e+05
   1.0160294e+03   3.0700000e+05
   1.0156318e+03   3.0600000e+05
   1.0152352e+03   3.0500000e+05
   1.0148438e+03   3.0400000e+05
   1.0144656e+03   3.0300000e+05
   1.0140909e+03   3.0200000e+05
   1.0136939e+03   3.0100000e+05
   1.0133038e+03   3.0000000e+05
   1.0129118e+03   2.9900000e+05
   1.0125202e+03   2.9800000e+05
   1.0121672e+03   2.9700000e+05
   1.0117760e+03   2.9600000e+05
   1.0113683e+03   2.9500000e+05
   1.0109626e+03   2.9400000e+05
   1.0105626e+03   2.9300000e+05
   1.0102074e+03   2.9200000e+05
   1.0100000e+03   2.9145638e+05
   1.0098271e+03   2.9100000e+05
   1.0094331e+03   2.9000000e+05
   1.0090327e+03   2.8900000e+05
   1.0086347e+03   2.8800000e+05
   1.0082306e+03   2.8700000e+05
   1.0078635e+03   2.8600000e+05
   1.0074626e+03   2.8500000e+05
   1.0070717e+03   2.8400000e+05
   1.0066703e+03   2.8300000e+05
   1.0062654e+03   2.8200000e+05
   1.0058658e+03   2.8100000e+05
   1.0054891e+03   2.8000000e+05
   1.0051245e+03   2.7900000e+05
   1.0047231e+03   2.7800000e+05
   1.0043116e+03   2.7700000e+05
   1.0039206e+03   2.7600000e+05
   1.0035078e+03   2.7500000e+05
   1.0031011e+03   2.7400000e+05
   1.0026945e+03   2.7300000e+05
   1.0023163e+03   2.7200000e+05
   1.0019021e+03   2.7100000e+05
   1.0014959e+03   2.7000000e+05
   1.0011118e+03   2.6900000e+05
   1.0007472e+03   2.6800000e+05
   1.0003392e+03   2.6700000e+05
   1.0000000e+03   2.6620553e+05
   9.9991250e+02   2.6600000e+05
   1.0000000e+03   2.6590335e+05
   1.0007276e+03   2.6500000e+05
   1.0064319e+03   2.6400000e+05
   1.0100000e+03   2.6362303e+05
   1.0145760e+03   2.6300000e+05
   1.0177808e+03   2.6200000e+05
   1.0200000e+03   2.6141235e+05
   1.0226249e+03   2.6100000e+05
   1.0222278e+03   2.6000000e+05
   1.0218332e+03   2.5900000e+05
   1.0214377e+03   2.5800000e+05
   1.0210425e+03   2.5700000e+05
   1.0206473e+03   2.5600000e+05
   1.0202488e+03   2.5500000e+05
   1.0200000e+03   2.5437416e+05
   1.0198525e+03   2.5400000e+05
   1.0194567e+03   2.5300000e+05
   1.0190608e+03   2.5200000e+05
   1.0186633e+03   2.5100000e+05
   1.0182664e+03   2.5000000e+05
   1.0178693e+03   2.4900000e+05
   1.0174715e+03   2.4800000e+05
   1.0170711e+03   2.4700000e+05
   1.0166702e+03   2.4600000e+05
   1.0162650e+03   2.4500000e+05
   1.0131436e+03   2.4400000e+05
   1.0100000e+03   2.4340752e+05
   1.0065627e+03   2.4300000e+05
   1.0037078e+03   2.4200000e+05
   1.0022982e+03   2.4100000e+05
   1.0000000e+03   2.4038107e+05
   9.9865479e+02   2.4000000e+05
   9.9359611e+02   2.3900000e+05
   9.9000000e+02   2.3846319e+05
   9.8713390e+02   2.3800000e+05
   9.8111706e+02   2.3700000e+05
   9.8000000e+02   2.3658694e+05
   9.7814586e+02   2.3600000e+05
   9.7777009e+02   2.3500000e+05
   9.7739163e+02   2.3400000e+05
   9.7702345e+02   2.3300000e+05
   9.7666667e+02   2.3200000e+05
   9.7630735e+02   2.3100000e+05
   9.7598768e+02   2.3000000e+05
   9.7570483e+02   2.2900000e+05
   9.7000000e+02   2.2831506e+05
   9.6736368e+02   2.2800000e+05
   9.6696893e+02   2.2700000e+05
   9.6663672e+02   2.2600000e+05
   9.6631380e+02   2.2500000e+05
   9.6599446e+02   2.2400000e+05
   9.6567871e+02   2.2300000e+05
   9.6536739e+02   2.2200000e+05
   9.6506081e+02   2.2100000e+05
   9.6464376e+02   2.2000000e+05
   9.6423426e+02   2.1900000e+05
   9.6394046e+02   2.1800000e+05
   9.6365618e+02   2.1700000e+05
   9.6337945e+02   2.1600000e+05
   9.6310741e+02   2.1500000e+05
   9.6284242e+02   2.1400000e+05
   9.6258375e+02   2.1300000e+05
   9.6233916e+02   2.1200000e+05
   9.6210201e+02   2.1100000e+05
   9.6187709e+02   2.1000000e+05
   9.6166333e+02   2.0900000e+05
   9.6146144e+02   2.0800000e+05
   9.6126417e+02   2.0700000e+05
   9.6110592e+02   2.0600000e+05
   9.6091476e+02   2.0500000e+05
   9.6075472e+02   2.0400000e+05
   9.6061597e+02   2.0300000e+05
   9.6049787e+02   2.0200000e+05
   9.6036196e+02   2.0100000e+05
   9.6020930e+02   2.0000000e+05
   9.6000000e+02   1.9931522e+05
   9.5990352e+02   1.9900000e+05
   9.5954432e+02   1.9800000e+05
   9.5918537e+02   1.9700000e+05
   9.5882231e+02   1.9600000e+05
   9.5845994e+02   1.9500000e+05
   9.5809706e+02   1.9400000e+05
   9.5773275e+02   1.9300000e+05
   9.5736728e+02   1.9200000e+05
   9.5700174e+02   1.9100000e+05
   9.5663427e+02   1.9000000e+05
   9.5626547e+02   1.8900000e+05
   9.5589178e+02   1.8800000e+05
   9.5552365e+02   1.8700000e+05
   9.5515184e+02   1.8600000e+05
   9.5477655e+02   1.8500000e+05
   9.5439775e+02   1.8400000e+05
   9.5402636e+02   1.8300000e+05
   9.5364918e+02   1.8200000e+05
   9.5326729e+02   1.8100000e+05
   9.5288648e+02   1.8000000e+05
   9.5250683e+02   1.7900000e+05
   9.5212382e+02   1.7800000e+05
   9.5173866e+02   1.7700000e+05
   9.5134972e+02   1.7600000e+05
   9.5096361e+02   1.7500000e+05
   9.5057457e+02   1.7400000e+05
   9.5017941e+02   1.7300000e+05
   9.5000000e+02   1.7254697e+05
   9.4978535e+02   1.7200000e+05
   9.4939476e+02   1.7100000e+05
   9.4900229e+02   1.7000000e+05
   9.4860743e+02   1.6900000e+05
   9.4821157e+02   1.6800000e+05
   9.4781276e+02   1.6700000e+05
   9.4741092e+02   1.6600000e+05
   9.4700956e+02   1.6500000e+05
   9.4660404e+02   1.6400000e+05
   9.4619223e+02   1.6300000e+05
   9.4578235e+02   1.6200000e+05
   9.4537445e+02   1.6100000e+05
   9.4495761e+02   1.6000000e+05
   9.4453879e+02   1.5900000e+05
   9.4412081e+02   1.5800000e+05
   9.4370006e+02   1.5700000e+05
   9.4327747e+02   1.5600000e+05
   9.4284889e+02   1.5500000e+05
   9.4242099e+02   1.5400000e+05
   9.4198929e+02   1.5300000e+05
   9.4154888e+02   1.5200000e+05
   9.4110769e+02   1.5100000e+05
   9.4062854e+02   1.5000000e+05
   9.4021283e+02   1.4900000e+05
   9.4000000e+02   1.4883470e+05
   9.3890462e+02   1.4800000e+05
   9.3778947e+02   1.4700000e+05
   9.3655028e+02   1.4600000e+05
   9.3526279e+02   1.4500000e+05
   9.3389751e+02   1.4400000e+05
   9.3259396e+02   1.4300000e+05
   9.3141509e+02   1.4200000e+05
   9.3016636e+02   1.4100000e+05
   9.3000000e+02   1.4085892e+05
   9.2899009e+02   1.4000000e+05
   9.2791969e+02   1.3900000e+05
   9.2681039e+02   1.3800000e+05
   9.2574301e+02   1.3700000e+05
   9.2341417e+02   1.3600000e+05
   9.2087884e+02   1.3500000e+05
   9.2000000e+02   1.3491296e+05
   9.1474910e+02   1.3400000e+05
   9.1000000e+02   1.3313022e+05
   9.0878323e+02   1.3300000e+05
   9.0704696e+02   1.3200000e+05
   9.0537989e+02   1.3100000e+05
   9.0384779e+02   1.3000000e+05
   9.0243198e+02   1.2900000e+05
   9.0110832e+02   1.2800000e+05
   9.0000000e+02   1.2713975e+05
   8.9982128e+02   1.2700000e+05
   8.9861750e+02   1.2600000e+05
   8.9747588e+02   1.2500000e+05
   8.9637565e+02   1.2400000e+05
   8.9529907e+02   1.2300000e+05
   8.9424666e+02   1.2200000e+05
   8.9307838e+02   1.2100000e+05
   8.9223627e+02   1.2000000e+05
   8.9127442e+02   1.1900000e+05
   8.9050192e+02   1.1800000e+05
   8.9004768e+02   1.1700000e+05
   8.9000000e+02   1.1689492e+05
   8.8959735e+02   1.1600000e+05
   8.8914630e+02   1.1500000e+05
   8.8612604e+02   1.1400000e+05
   8.8000000e+02   1.1308582e+05
   8.7938948e+02   1.1300000e+05
   8.7789135e+02   1.1200000e+05
   8.7648471e+02   1.1100000e+05
   8.7515527e+02   1.1000000e+05
   8.7388257e+02   1.0900000e+05
   8.7265596e+02   1.0800000e+05
   8.7147685e+02   1.0700000e+05
   8.7031548e+02   1.0600000e+05
   8.7000000e+02   1.0573025e+05
   8.6915367e+02   1.0500000e+05
   8.6801055e+02   1.0400000e+05
   8.6690303e+02   1.0300000e+05
   8.6577645e+02   1.0200000e+05
   8.6506562e+02   1.0100000e+05
   8.6463279e+02   1.0000000e+05
   8.6412417e+02   9.9000000e+04
   8.6366763e+02   9.8000000e+04
   8.6320231e+02   9.7000000e+04
   8.6273204e+02   9.6000000e+04
   8.6226974e+02   9.5000000e+04
   8.6180111e+02   9.4000000e+04
   8.6132233e+02   9.3000000e+04
   8.6080884e+02   9.2000000e+04
   8.6017629e+02   9.1000000e+04
   8.6000000e+02   9.0651471e+04
   8.5967567e+02   9.0000000e+04
   8.5919105e+02   8.9000000e+04
   8.5870400e+02   8.8000000e+04
   8.5821083e+02   8.7000000e+04
   8.5771881e+02   8.6000000e+04
   8.5717533e+02   8.5000000e+04
   8.5666740e+02   8.4000000e+04
   8.5616477e+02   8.3000000e+04
   8.5569536e+02   8.2000000e+04
   8.5516108e+02   8.1000000e+04
   8.5461589e+02   8.0000000e+04
   8.5410449e+02   7.9000000e+04
   8.5360566e+02   7.8000000e+04
   8.5310599e+02   7.7000000e+04
   8.5260402e+02   7.6000000e+04
   8.5209727e+02   7.5000000e+04
   8.5158682e+02   7.4000000e+04
   8.5108017e+02   7.3000000e+04
   8.5049938e+02   7.2000000e+04
   8.5000000e+02   7.1235294e+04
   8.4984625e+02   7.1000000e+04
   8.4931400e+02   7.0000000e+04
   8.4878091e+02   6.9000000e+04
   8.4824630e+02   6.8000000e+04
   8.4770782e+02   6.7000000e+04
   8.4716211e+02   6.6000000e+04
   8.4661699e+02   6.5000000e+04
   8.4607898e+02   6.4000000e+04
   8.4554515e+02   6.3000000e+04
   8.4497543e+02   6.2000000e+04
   8.4442000e+02   6.1000000e+04
   8.4387656e+02   6.0000000e+04
   8.4273460e+02   5.9000000e+04
   8.4065118e+02   5.8000000e+04
   8.4011827e+02   5.7000000e+04
   8.4000000e+02   5.6780027e+04
   8.3958504e+02   5.6000000e+04
   8.3905330e+02   5.5000000e+04
   8.3851889e+02   5.4000000e+04
   8.3795714e+02   5.3000000e+04
   8.3740542e+02   5.2000000e+04
   8.3685878e+02   5.1000000e+04
   8.3632808e+02   5.0000000e+04
   8.3577985e+02   4.9000000e+04
   8.3522073e+02   4.8000000e+04
   8.3465749e+02   4.7000000e+04
   8.3409420e+02   4.6000000e+04
   8.3353106e+02   4.5000000e+04
   8.3296591e+02   4.4000000e+04
   8.3239903e+02   4.3000000e+04
   8.3183296e+02   4.2000000e+04
   8.3125734e+02   4.1000000e+04
   8.3068400e+02   4.0000000e+04
   8.3010309e+02   3.9000000e+04
   8.3000000e+02   3.8820896e+04
   8.2953201e+02   3.8000000e+04
   8.2895293e+02   3.7000000e+04
   8.2836460e+02   3.6000000e+04
   8.2777652e+02   3.5000000e+04
   8.2718830e+02   3.4000000e+04
   8.2659466e+02   3.3000000e+04
   8.2599844e+02   3.2000000e+04
   8.2540715e+02   3.1000000e+04
   8.2480586e+02   3.0000000e+04
   8.2419925e+02   2.9000000e+04
   8.2359210e+02   2.8000000e+04
   8.2298791e+02   2.7000000e+04
   8.2238068e+02   2.6000000e+04
   8.2176105e+02   2.5000000e+04
   8.2113254e+02   2.4000000e+04
   8.2050406e+02   2.3000000e+04
   8.2000000e+02   2.2204900e+04
   8.1987143e+02   2.2000000e+04
   8.1924092e+02   2.1000000e+04
   8.1860935e+02   2.0000000e+04
   8.1798156e+02   1.9000000e+04
   8.1733971e+02   1.8000000e+04
   8.1668621e+02   1.7000000e+04
   8.1602441e+02   1.6000000e+04
   8.1536529e+02   1.5000000e+04
   8.1469903e+02   1.4000000e+04
   8.1402328e+02   1.3000000e+04
   8.1333775e+02   1.2000000e+04
   8.1264511e+02   1.1000000e+04
   8.1194052e+02   1.0000000e+04
   8.1123085e+02   9.0000000e+03
   8.1152401e+02   8.0000000e+03
   8.1239345e+02   7.0000000e+03
   8.1000000e+02   6.6219649e+03
   8.0346470e+02   6.0000000e+03
   8.0284418e+02   5.0000000e+03
   8.0230823e+02   4.0000000e+03
   8.0173693e+02   3.0000000e+03
   8.0115622e+02   2.0000000e+03
   8.0049383e+02   1.0000000e+03
   8.0000000e+02   0.0000000e+00
   8.0000000e+02   0.0000000e+00
