   2.8621137e+03   1.3500000e+06
   2.8615177e+03   1.3490000e+06
   2.8609217e+03   1.3480000e+06
   2.8603257e+03   1.3470000e+06
   2.8600000e+03   1.3464556e+06
   2.8597282e+03   1.3460000e+06
   2.8591338e+03   1.3450000e+06
   2.8585359e+03   1.3440000e+06
   2.8579410e+03   1.3430000e+06
   2.8573452e+03   1.3420000e+06
   2.8567488e+03   1.3410000e+06
   2.8561524e+03   1.3400000e+06
   2.8555548e+03   1.3390000e+06
   2.8549574e+03   1.3380000e+06
   2.8543590e+03   1.3370000e+06
   2.8537621e+03   1.3360000e+06
   2.8531638e+03   1.3350000e+06
   2.8525656e+03   1.3340000e+06
   2.8519669e+03   1.3330000e+06
   2.8513668e+03   1.3320000e+06
   2.8507682e+03   1.3310000e+06
   2.8501679e+03   1.3300000e+06
   2.8500000e+03   1.3297203e+06
   2.8495685e+03   1.3290000e+06
   2.8489695e+03   1.3280000e+06
   2.8483704e+03   1.3270000e+06
   2.8477696e+03   1.3260000e+06
   2.8471707e+03   1.3250000e+06
   2.8465703e+03   1.3240000e+06
   2.8459693e+03   1.3230000e+06
   2.8453682e+03   1.3220000e+06
   2.8447683e+03   1.3210000e+06
   2.8441665e+03   1.3200000e+06
   2.8435657e+03   1.3190000e+06
   2.8429626e+03   1.3180000e+06
   2.8423596e+03   1.3170000e+06
   2.8417565e+03   1.3160000e+06
   2.8411531e+03   1.3150000e+06
   2.8405502e+03   1.3140000e+06
   2.8400000e+03   1.3130875e+06
   2.8399477e+03   1.3130000e+06
   2.8393495e+03   1.3120000e+06
   2.8387540e+03   1.3110000e+06
   2.8381563e+03   1.3100000e+06
   2.8375589e+03   1.3090000e+06
   2.8369604e+03   1.3080000e+06
   2.8363624e+03   1.3070000e+06
   2.8357631e+03   1.3060000e+06
   2.8351641e+03   1.3050000e+06
   2.8345886e+03   1.3040000e+06
   2.8340027e+03   1.3030000e+06
   2.8334752e+03   1.3020000e+06
   2.8328883e+03   1.3010000e+06
   2.8322925e+03   1.3000000e+06
   2.8316799e+03   1.2990000e+06
   2.8310907e+03   1.2980000e+06
   2.8304863e+03   1.2970000e+06
   2.8300000e+03   1.2961925e+06
   2.8298839e+03   1.2960000e+06
   2.8292765e+03   1.2950000e+06
   2.8286712e+03   1.2940000e+06
   2.8280660e+03   1.2930000e+06
   2.8274591e+03   1.2920000e+06
   2.8268517e+03   1.2910000e+06
   2.8262443e+03   1.2900000e+06
   2.8256382e+03   1.2890000e+06
   2.8250296e+03   1.2880000e+06
   2.8244222e+03   1.2870000e+06
   2.8238126e+03   1.2860000e+06
   2.8232029e+03   1.2850000e+06
   2.8225950e+03   1.2840000e+06
   2.8219859e+03   1.2830000e+06
   2.8213756e+03   1.2820000e+06
   2.8207642e+03   1.2810000e+06
   2.8201546e+03   1.2800000e+06
   2.8200000e+03   1.2797472e+06
   2.8195446e+03   1.2790000e+06
   2.8189352e+03   1.2780000e+06
   2.8183258e+03   1.2770000e+06
   2.8177164e+03   1.2760000e+06
   2.8171069e+03   1.2750000e+06
   2.8164952e+03   1.2740000e+06
   2.8158836e+03   1.2730000e+06
   2.8152719e+03   1.2720000e+06
   2.8146591e+03   1.2710000e+06
   2.8140462e+03   1.2700000e+06
   2.8134330e+03   1.2690000e+06
   2.8128173e+03   1.2680000e+06
   2.8122031e+03   1.2670000e+06
   2.8115911e+03   1.2660000e+06
   2.8109769e+03   1.2650000e+06
   2.8103647e+03   1.2640000e+06
   2.8100000e+03   1.2634059e+06
   2.8097517e+03   1.2630000e+06
   2.8091403e+03   1.2620000e+06
   2.8085289e+03   1.2610000e+06
   2.8079152e+03   1.2600000e+06
   2.8073014e+03   1.2590000e+06
   2.8066877e+03   1.2580000e+06
   2.8060718e+03   1.2570000e+06
   2.8054558e+03   1.2560000e+06
   2.8048398e+03   1.2550000e+06
   2.8042238e+03   1.2540000e+06
   2.8036056e+03   1.2530000e+06
   2.8029889e+03   1.2520000e+06
   2.8023709e+03   1.2510000e+06
   2.8017505e+03   1.2500000e+06
   2.8011324e+03   1.2490000e+06
   2.8005142e+03   1.2480000e+06
   2.8000000e+03   1.2471094e+06
   2.7999373e+03   1.2470000e+06
   2.7993619e+03   1.2460000e+06
   2.7987041e+03   1.2450000e+06
   2.7981345e+03   1.2440000e+06
   2.7975791e+03   1.2430000e+06
   2.7969933e+03   1.2420000e+06
   2.7963996e+03   1.2410000e+06
   2.7957877e+03   1.2400000e+06
   2.7951769e+03   1.2390000e+06
   2.7945627e+03   1.2380000e+06
   2.7939497e+03   1.2370000e+06
   2.7933363e+03   1.2360000e+06
   2.7927220e+03   1.2350000e+06
   2.7921073e+03   1.2340000e+06
   2.7914931e+03   1.2330000e+06
   2.7908874e+03   1.2320000e+06
   2.7902652e+03   1.2310000e+06
   2.7900000e+03   1.2305725e+06
   2.7896461e+03   1.2300000e+06
   2.7890258e+03   1.2290000e+06
   2.7884057e+03   1.2280000e+06
   2.7877833e+03   1.2270000e+06
   2.7871630e+03   1.2260000e+06
   2.7865523e+03   1.2250000e+06
   2.7859190e+03   1.2240000e+06
   2.7852956e+03   1.2230000e+06
   2.7847558e+03   1.2220000e+06
   2.7841457e+03   1.2210000e+06
   2.7834931e+03   1.2200000e+06
   2.7829092e+03   1.2190000e+06
   2.7823175e+03   1.2180000e+06
   2.7817133e+03   1.2170000e+06
   2.7808500e+03   1.2160000e+06
   2.7800000e+03   1.2157692e+06
   2.7773973e+03   1.2150000e+06
   2.7737744e+03   1.2140000e+06
   2.7705543e+03   1.2130000e+06
   2.7700000e+03   1.2128488e+06
   2.7666147e+03   1.2120000e+06
   2.7636210e+03   1.2110000e+06
   2.7600000e+03   1.2102804e+06
   2.7587630e+03   1.2100000e+06
   2.7569186e+03   1.2090000e+06
   2.7535126e+03   1.2080000e+06
   2.7500000e+03   1.2070668e+06
   2.7496219e+03   1.2070000e+06
   2.7460616e+03   1.2060000e+06
   2.7424191e+03   1.2050000e+06
   2.7400000e+03   1.2040797e+06
   2.7397908e+03   1.2040000e+06
   2.7388612e+03   1.2030000e+06
   2.7380457e+03   1.2020000e+06
   2.7375534e+03   1.2010000e+06
   2.7370374e+03   1.2000000e+06
   2.7365201e+03   1.1990000e+06
   2.7359791e+03   1.1980000e+06
   2.7354545e+03   1.1970000e+06
   2.7349089e+03   1.1960000e+06
   2.7344213e+03   1.1950000e+06
   2.7339217e+03   1.1940000e+06
   2.7333949e+03   1.1930000e+06
   2.7328681e+03   1.1920000e+06
   2.7323755e+03   1.1910000e+06
   2.7318107e+03   1.1900000e+06
   2.7312843e+03   1.1890000e+06
   2.7307548e+03   1.1880000e+06
   2.7302799e+03   1.1870000e+06
   2.7300000e+03   1.1864589e+06
   2.7297638e+03   1.1860000e+06
   2.7292381e+03   1.1850000e+06
   2.7287121e+03   1.1840000e+06
   2.7281796e+03   1.1830000e+06
   2.7276549e+03   1.1820000e+06
   2.7273043e+03   1.1810000e+06
   2.7267419e+03   1.1800000e+06
   2.7261472e+03   1.1790000e+06
   2.7256095e+03   1.1780000e+06
   2.7250745e+03   1.1770000e+06
   2.7245393e+03   1.1760000e+06
   2.7239488e+03   1.1750000e+06
   2.7234224e+03   1.1740000e+06
   2.7228883e+03   1.1730000e+06
   2.7223602e+03   1.1720000e+06
   2.7218428e+03   1.1710000e+06
   2.7215123e+03   1.1700000e+06
   2.7209899e+03   1.1690000e+06
   2.7204589e+03   1.1680000e+06
   2.7200000e+03   1.1672749e+06
   2.7198200e+03   1.1670000e+06
   2.7192852e+03   1.1660000e+06
   2.7187416e+03   1.1650000e+06
   2.7182041e+03   1.1640000e+06
   2.7176681e+03   1.1630000e+06
   2.7171313e+03   1.1620000e+06
   2.7165932e+03   1.1610000e+06
   2.7160518e+03   1.1600000e+06
   2.7154374e+03   1.1590000e+06
   2.7149067e+03   1.1580000e+06
   2.7143739e+03   1.1570000e+06
   2.7138296e+03   1.1560000e+06
   2.7133044e+03   1.1550000e+06
   2.7127711e+03   1.1540000e+06
   2.7122378e+03   1.1530000e+06
   2.7117664e+03   1.1520000e+06
   2.7112459e+03   1.1510000e+06
   2.7107239e+03   1.1500000e+06
   2.7101527e+03   1.1490000e+06
   2.7100000e+03   1.1487054e+06
   2.7096210e+03   1.1480000e+06
   2.7090832e+03   1.1470000e+06
   2.7085433e+03   1.1460000e+06
   2.7080040e+03   1.1450000e+06
   2.7074626e+03   1.1440000e+06
   2.7069282e+03   1.1430000e+06
   2.7064027e+03   1.1420000e+06
   2.7058804e+03   1.1410000e+06
   2.7053582e+03   1.1400000e+06
   2.7048406e+03   1.1390000e+06
   2.7043050e+03   1.1380000e+06
   2.7037672e+03   1.1370000e+06
   2.7032293e+03   1.1360000e+06
   2.7026915e+03   1.1350000e+06
   2.7021536e+03   1.1340000e+06
   2.7015736e+03   1.1330000e+06
   2.7010496e+03   1.1320000e+06
   2.7005237e+03   1.1310000e+06
   2.7000000e+03   1.1300725e+06
   2.6999587e+03   1.1300000e+06
   2.6994290e+03   1.1290000e+06
   2.6988973e+03   1.1280000e+06
   2.6983440e+03   1.1270000e+06
   2.6978062e+03   1.1260000e+06
   2.6972671e+03   1.1250000e+06
   2.6966399e+03   1.1240000e+06
   2.6961074e+03   1.1230000e+06
   2.6955749e+03   1.1220000e+06
   2.6950413e+03   1.1210000e+06
   2.6943158e+03   1.1200000e+06
   2.6937873e+03   1.1190000e+06
   2.6932589e+03   1.1180000e+06
   2.6926323e+03   1.1170000e+06
   2.6920967e+03   1.1160000e+06
   2.6915611e+03   1.1150000e+06
   2.6910103e+03   1.1140000e+06
   2.6904815e+03   1.1130000e+06
   2.6900000e+03   1.1120931e+06
   2.6899513e+03   1.1120000e+06
   2.6893161e+03   1.1110000e+06
   2.6888011e+03   1.1100000e+06
   2.6882861e+03   1.1090000e+06
   2.6877601e+03   1.1080000e+06
   2.6872415e+03   1.1070000e+06
   2.6867239e+03   1.1060000e+06
   2.6862034e+03   1.1050000e+06
   2.6856093e+03   1.1040000e+06
   2.6850950e+03   1.1030000e+06
   2.6845828e+03   1.1020000e+06
   2.6839230e+03   1.1010000e+06
   2.6834346e+03   1.1000000e+06
   2.6829012e+03   1.0990000e+06
   2.6822591e+03   1.0980000e+06
   2.6816967e+03   1.0970000e+06
   2.6811611e+03   1.0960000e+06
   2.6806249e+03   1.0950000e+06
   2.6800899e+03   1.0940000e+06
   2.6800000e+03   1.0938320e+06
   2.6795616e+03   1.0930000e+06
   2.6789836e+03   1.0920000e+06
   2.6784499e+03   1.0910000e+06
   2.6779167e+03   1.0900000e+06
   2.6773846e+03   1.0890000e+06
   2.6768495e+03   1.0880000e+06
   2.6763159e+03   1.0870000e+06
   2.6757823e+03   1.0860000e+06
   2.6750801e+03   1.0850000e+06
   2.6745501e+03   1.0840000e+06
   2.6740190e+03   1.0830000e+06
   2.6734879e+03   1.0820000e+06
   2.6727809e+03   1.0810000e+06
   2.6722283e+03   1.0800000e+06
   2.6716769e+03   1.0790000e+06
   2.6711121e+03   1.0780000e+06
   2.6705640e+03   1.0770000e+06
   2.6700000e+03   1.0761498e+06
   2.6699058e+03   1.0760000e+06
   2.6693874e+03   1.0750000e+06
   2.6688673e+03   1.0740000e+06
   2.6683261e+03   1.0730000e+06
   2.6677985e+03   1.0720000e+06
   2.6672710e+03   1.0710000e+06
   2.6667421e+03   1.0700000e+06
   2.6662134e+03   1.0690000e+06
   2.6656861e+03   1.0680000e+06
   2.6651567e+03   1.0670000e+06
   2.6645588e+03   1.0660000e+06
   2.6640243e+03   1.0650000e+06
   2.6634898e+03   1.0640000e+06
   2.6629547e+03   1.0630000e+06
   2.6622220e+03   1.0620000e+06
   2.6616724e+03   1.0610000e+06
   2.6611123e+03   1.0600000e+06
   2.6605674e+03   1.0590000e+06
   2.6600212e+03   1.0580000e+06
   2.6600000e+03   1.0579611e+06
   2.6594703e+03   1.0570000e+06
   2.6587965e+03   1.0560000e+06
   2.6582530e+03   1.0550000e+06
   2.6577078e+03   1.0540000e+06
   2.6571242e+03   1.0530000e+06
   2.6565716e+03   1.0520000e+06
   2.6560197e+03   1.0510000e+06
   2.6554653e+03   1.0500000e+06
   2.6548984e+03   1.0490000e+06
   2.6543468e+03   1.0480000e+06
   2.6537435e+03   1.0470000e+06
   2.6531895e+03   1.0460000e+06
   2.6525996e+03   1.0450000e+06
   2.6520477e+03   1.0440000e+06
   2.6514943e+03   1.0430000e+06
   2.6509412e+03   1.0420000e+06
   2.6503278e+03   1.0410000e+06
   2.6500000e+03   1.0404093e+06
   2.6497767e+03   1.0400000e+06
   2.6492290e+03   1.0390000e+06
   2.6486813e+03   1.0380000e+06
   2.6481318e+03   1.0370000e+06
   2.6475842e+03   1.0360000e+06
   2.6470345e+03   1.0350000e+06
   2.6463667e+03   1.0340000e+06
   2.6458201e+03   1.0330000e+06
   2.6452731e+03   1.0320000e+06
   2.6447259e+03   1.0310000e+06
   2.6442256e+03   1.0300000e+06
   2.6436725e+03   1.0290000e+06
   2.6430595e+03   1.0280000e+06
   2.6424721e+03   1.0270000e+06
   2.6419194e+03   1.0260000e+06
   2.6413621e+03   1.0250000e+06
   2.6408100e+03   1.0240000e+06
   2.6402564e+03   1.0230000e+06
   2.6400000e+03   1.0226199e+06
   2.6395867e+03   1.0220000e+06
   2.6390384e+03   1.0210000e+06
   2.6384922e+03   1.0200000e+06
   2.6379439e+03   1.0190000e+06
   2.6373962e+03   1.0180000e+06
   2.6368474e+03   1.0170000e+06
   2.6362978e+03   1.0160000e+06
   2.6356171e+03   1.0150000e+06
   2.6350674e+03   1.0140000e+06
   2.6345177e+03   1.0130000e+06
   2.6339681e+03   1.0120000e+06
   2.6332882e+03   1.0110000e+06
   2.6327161e+03   1.0100000e+06
   2.6321109e+03   1.0090000e+06
   2.6315468e+03   1.0080000e+06
   2.6309837e+03   1.0070000e+06
   2.6302997e+03   1.0060000e+06
   2.6300000e+03   1.0054737e+06
   2.6297370e+03   1.0050000e+06
   2.6291797e+03   1.0040000e+06
   2.6286227e+03   1.0030000e+06
   2.6280466e+03   1.0020000e+06
   2.6274793e+03   1.0010000e+06
   2.6268963e+03   1.0000000e+06
   2.6263314e+03   9.9900000e+05
   2.6257626e+03   9.9800000e+05
   2.6251757e+03   9.9700000e+05
   2.6245360e+03   9.9600000e+05
   2.6239620e+03   9.9500000e+05
   2.6233881e+03   9.9400000e+05
   2.6228127e+03   9.9300000e+05
   2.6223242e+03   9.9200000e+05
   2.6217597e+03   9.9100000e+05
   2.6211872e+03   9.9000000e+05
   2.6205139e+03   9.8900000e+05
   2.6200000e+03   9.8810370e+05
   2.6199416e+03   9.8800000e+05
   2.6193788e+03   9.8700000e+05
   2.6188049e+03   9.8600000e+05
   2.6182424e+03   9.8500000e+05
   2.6176785e+03   9.8400000e+05
   2.6170790e+03   9.8300000e+05
   2.6164575e+03   9.8200000e+05
   2.6158896e+03   9.8100000e+05
   2.6153243e+03   9.8000000e+05
   2.6147562e+03   9.7900000e+05
   2.6141809e+03   9.7800000e+05
   2.6135255e+03   9.7700000e+05
   2.6129437e+03   9.7600000e+05
   2.6123691e+03   9.7500000e+05
   2.6117880e+03   9.7400000e+05
   2.6113115e+03   9.7300000e+05
   2.6107361e+03   9.7200000e+05
   2.6101650e+03   9.7100000e+05
   2.6100000e+03   9.7075915e+05
   2.6094770e+03   9.7000000e+05
   2.6089015e+03   9.6900000e+05
   2.6083260e+03   9.6800000e+05
   2.6076657e+03   9.6700000e+05
   2.6070823e+03   9.6600000e+05
   2.6064960e+03   9.6500000e+05
   2.6059141e+03   9.6400000e+05
   2.6053349e+03   9.6300000e+05
   2.6047526e+03   9.6200000e+05
   2.6041709e+03   9.6100000e+05
   2.6035806e+03   9.6000000e+05
   2.6030004e+03   9.5900000e+05
   2.6024157e+03   9.5800000e+05
   2.6018310e+03   9.5700000e+05
   2.6012445e+03   9.5600000e+05
   2.6005966e+03   9.5500000e+05
   2.6000063e+03   9.5400000e+05
   2.6000000e+03   9.5398917e+05
   2.5994309e+03   9.5300000e+05
   2.5988483e+03   9.5200000e+05
   2.5982646e+03   9.5100000e+05
   2.5976886e+03   9.5000000e+05
   2.5971065e+03   9.4900000e+05
   2.5965272e+03   9.4800000e+05
   2.5959021e+03   9.4700000e+05
   2.5953137e+03   9.4600000e+05
   2.5947342e+03   9.4500000e+05
   2.5941425e+03   9.4400000e+05
   2.5935590e+03   9.4300000e+05
   2.5929579e+03   9.4200000e+05
   2.5923698e+03   9.4100000e+05
   2.5917441e+03   9.4000000e+05
   2.5911209e+03   9.3900000e+05
   2.5905268e+03   9.3800000e+05
   2.5900000e+03   9.3711032e+05
   2.5899352e+03   9.3700000e+05
   2.5893482e+03   9.3600000e+05
   2.5887675e+03   9.3500000e+05
   2.5881931e+03   9.3400000e+05
   2.5875978e+03   9.3300000e+05
   2.5870144e+03   9.3200000e+05
   2.5863883e+03   9.3100000e+05
   2.5857997e+03   9.3000000e+05
   2.5852071e+03   9.2900000e+05
   2.5846152e+03   9.2800000e+05
   2.5840262e+03   9.2700000e+05
   2.5834297e+03   9.2600000e+05
   2.5827959e+03   9.2500000e+05
   2.5821716e+03   9.2400000e+05
   2.5815662e+03   9.2300000e+05
   2.5809694e+03   9.2200000e+05
   2.5803673e+03   9.2100000e+05
   2.5800000e+03   9.2038811e+05
   2.5797695e+03   9.2000000e+05
   2.5791836e+03   9.1900000e+05
   2.5785863e+03   9.1800000e+05
   2.5779830e+03   9.1700000e+05
   2.5774196e+03   9.1600000e+05
   2.5768332e+03   9.1500000e+05
   2.5762528e+03   9.1400000e+05
   2.5756129e+03   9.1300000e+05
   2.5749550e+03   9.1200000e+05
   2.5743541e+03   9.1100000e+05
   2.5737513e+03   9.1000000e+05
   2.5731458e+03   9.0900000e+05
   2.5725480e+03   9.0800000e+05
   2.5719356e+03   9.0700000e+05
   2.5713331e+03   9.0600000e+05
   2.5707173e+03   9.0500000e+05
   2.5701109e+03   9.0400000e+05
   2.5700000e+03   9.0381787e+05
   2.5695100e+03   9.0300000e+05
   2.5689131e+03   9.0200000e+05
   2.5683151e+03   9.0100000e+05
   2.5677171e+03   9.0000000e+05
   2.5671181e+03   8.9900000e+05
   2.5665030e+03   8.9800000e+05
   2.5658745e+03   8.9700000e+05
   2.5652658e+03   8.9600000e+05
   2.5646593e+03   8.9500000e+05
   2.5640450e+03   8.9400000e+05
   2.5634395e+03   8.9300000e+05
   2.5628343e+03   8.9200000e+05
   2.5622157e+03   8.9100000e+05
   2.5616032e+03   8.9000000e+05
   2.5609929e+03   8.8900000e+05
   2.5603829e+03   8.8800000e+05
   2.5600000e+03   8.8737201e+05
   2.5597765e+03   8.8700000e+05
   2.5591682e+03   8.8600000e+05
   2.5585682e+03   8.8500000e+05
   2.5579560e+03   8.8400000e+05
   2.5573505e+03   8.8300000e+05
   2.5567440e+03   8.8200000e+05
   2.5561130e+03   8.8100000e+05
   2.5554991e+03   8.8000000e+05
   2.5548890e+03   8.7900000e+05
   2.5542768e+03   8.7800000e+05
   2.5536667e+03   8.7700000e+05
   2.5530438e+03   8.7600000e+05
   2.5524171e+03   8.7500000e+05
   2.5517993e+03   8.7400000e+05
   2.5511857e+03   8.7300000e+05
   2.5505759e+03   8.7200000e+05
   2.5500000e+03   8.7107333e+05
   2.5499551e+03   8.7100000e+05
   2.5493565e+03   8.7000000e+05
   2.5487191e+03   8.6900000e+05
   2.5481068e+03   8.6800000e+05
   2.5474912e+03   8.6700000e+05
   2.5468733e+03   8.6600000e+05
   2.5463009e+03   8.6500000e+05
   2.5456907e+03   8.6400000e+05
   2.5450865e+03   8.6300000e+05
   2.5444790e+03   8.6200000e+05
   2.5437673e+03   8.6100000e+05
   2.5431456e+03   8.6000000e+05
   2.5425330e+03   8.5900000e+05
   2.5419105e+03   8.5800000e+05
   2.5412897e+03   8.5700000e+05
   2.5406700e+03   8.5600000e+05
   2.5400495e+03   8.5500000e+05
   2.5400000e+03   8.5492000e+05
   2.5394327e+03   8.5400000e+05
   2.5387959e+03   8.5300000e+05
   2.5381755e+03   8.5200000e+05
   2.5375569e+03   8.5100000e+05
   2.5369493e+03   8.5000000e+05
   2.5363083e+03   8.4900000e+05
   2.5356793e+03   8.4800000e+05
   2.5350545e+03   8.4700000e+05
   2.5344275e+03   8.4600000e+05
   2.5338039e+03   8.4500000e+05
   2.5331804e+03   8.4400000e+05
   2.5325571e+03   8.4300000e+05
   2.5319236e+03   8.4200000e+05
   2.5312965e+03   8.4100000e+05
   2.5306721e+03   8.4000000e+05
   2.5300472e+03   8.3900000e+05
   2.5300000e+03   8.3892532e+05
   2.5294181e+03   8.3800000e+05
   2.5287990e+03   8.3700000e+05
   2.5281670e+03   8.3600000e+05
   2.5275372e+03   8.3500000e+05
   2.5269043e+03   8.3400000e+05
   2.5262805e+03   8.3300000e+05
   2.5256522e+03   8.3200000e+05
   2.5250246e+03   8.3100000e+05
   2.5243799e+03   8.3000000e+05
   2.5237503e+03   8.2900000e+05
   2.5231212e+03   8.2800000e+05
   2.5224928e+03   8.2700000e+05
   2.5218561e+03   8.2600000e+05
   2.5212203e+03   8.2500000e+05
   2.5205839e+03   8.2400000e+05
   2.5200000e+03   8.2307767e+05
   2.5199513e+03   8.2300000e+05
   2.5193225e+03   8.2200000e+05
   2.5186940e+03   8.2100000e+05
   2.5180518e+03   8.2000000e+05
   2.5174190e+03   8.1900000e+05
   2.5167938e+03   8.1800000e+05
   2.5161531e+03   8.1700000e+05
   2.5155105e+03   8.1600000e+05
   2.5148768e+03   8.1500000e+05
   2.5142403e+03   8.1400000e+05
   2.5136036e+03   8.1300000e+05
   2.5129707e+03   8.1200000e+05
   2.5123346e+03   8.1100000e+05
   2.5116982e+03   8.1000000e+05
   2.5110598e+03   8.0900000e+05
   2.5104094e+03   8.0800000e+05
   2.5100000e+03   8.0734528e+05
   2.5097845e+03   8.0700000e+05
   2.5091404e+03   8.0600000e+05
   2.5085041e+03   8.0500000e+05
   2.5078535e+03   8.0400000e+05
   2.5072162e+03   8.0300000e+05
   2.5065733e+03   8.0200000e+05
   2.5059310e+03   8.0100000e+05
   2.5052922e+03   8.0000000e+05
   2.5046519e+03   7.9900000e+05
   2.5040154e+03   7.9800000e+05
   2.5033631e+03   7.9700000e+05
   2.5027192e+03   7.9600000e+05
   2.5020711e+03   7.9500000e+05
   2.5014297e+03   7.9400000e+05
   2.5007780e+03   7.9300000e+05
   2.5001360e+03   7.9200000e+05
   2.5000000e+03   7.9178864e+05
   2.4994947e+03   7.9100000e+05
   2.4988536e+03   7.9000000e+05
   2.4982092e+03   7.8900000e+05
   2.4975581e+03   7.8800000e+05
   2.4969133e+03   7.8700000e+05
   2.4962659e+03   7.8600000e+05
   2.4956182e+03   7.8500000e+05
   2.4949717e+03   7.8400000e+05
   2.4943230e+03   7.8300000e+05
   2.4936731e+03   7.8200000e+05
   2.4930343e+03   7.8100000e+05
   2.4923768e+03   7.8000000e+05
   2.4917328e+03   7.7900000e+05
   2.4910739e+03   7.7800000e+05
   2.4904219e+03   7.7700000e+05
   2.4900000e+03   7.7635890e+05
   2.4897647e+03   7.7600000e+05
   2.4891443e+03   7.7500000e+05
   2.4884954e+03   7.7400000e+05
   2.4878160e+03   7.7300000e+05
   2.4871661e+03   7.7200000e+05
   2.4865161e+03   7.7100000e+05
   2.4858553e+03   7.7000000e+05
   2.4852078e+03   7.6900000e+05
   2.4845489e+03   7.6800000e+05
   2.4839003e+03   7.6700000e+05
   2.4832482e+03   7.6600000e+05
   2.4825895e+03   7.6500000e+05
   2.4819341e+03   7.6400000e+05
   2.4812764e+03   7.6300000e+05
   2.4806172e+03   7.6200000e+05
   2.4800000e+03   7.6106402e+05
   2.4799579e+03   7.6100000e+05
   2.4793030e+03   7.6000000e+05
   2.4786458e+03   7.5900000e+05
   2.4779876e+03   7.5800000e+05
   2.4773308e+03   7.5700000e+05
   2.4766707e+03   7.5600000e+05
   2.4760152e+03   7.5500000e+05
   2.4753552e+03   7.5400000e+05
   2.4746968e+03   7.5300000e+05
   2.4740372e+03   7.5200000e+05
   2.4733680e+03   7.5100000e+05
   2.4727118e+03   7.5000000e+05
   2.4720473e+03   7.4900000e+05
   2.4713839e+03   7.4800000e+05
   2.4707223e+03   7.4700000e+05
   2.4700580e+03   7.4600000e+05
   2.4700000e+03   7.4591343e+05
   2.4693902e+03   7.4500000e+05
   2.4687343e+03   7.4400000e+05
   2.4680650e+03   7.4300000e+05
   2.4674039e+03   7.4200000e+05
   2.4667464e+03   7.4100000e+05
   2.4660798e+03   7.4000000e+05
   2.4654084e+03   7.3900000e+05
   2.4647419e+03   7.3800000e+05
   2.4640750e+03   7.3700000e+05
   2.4634071e+03   7.3600000e+05
   2.4627401e+03   7.3500000e+05
   2.4620689e+03   7.3400000e+05
   2.4614038e+03   7.3300000e+05
   2.4607332e+03   7.3200000e+05
   2.4600638e+03   7.3100000e+05
   2.4600000e+03   7.3090390e+05
   2.4594029e+03   7.3000000e+05
   2.4587321e+03   7.2900000e+05
   2.4580628e+03   7.2800000e+05
   2.4573840e+03   7.2700000e+05
   2.4567103e+03   7.2600000e+05
   2.4560578e+03   7.2500000e+05
   2.4553709e+03   7.2400000e+05
   2.4547003e+03   7.2300000e+05
   2.4540234e+03   7.2200000e+05
   2.4533592e+03   7.2100000e+05
   2.4526869e+03   7.2000000e+05
   2.4520123e+03   7.1900000e+05
   2.4513306e+03   7.1800000e+05
   2.4506544e+03   7.1700000e+05
   2.4500000e+03   7.1601786e+05
   2.4499881e+03   7.1600000e+05
   2.4493042e+03   7.1500000e+05
   2.4486188e+03   7.1400000e+05
   2.4479483e+03   7.1300000e+05
   2.4472792e+03   7.1200000e+05
   2.4465930e+03   7.1100000e+05
   2.4459195e+03   7.1000000e+05
   2.4452477e+03   7.0900000e+05
   2.4445578e+03   7.0800000e+05
   2.4438800e+03   7.0700000e+05
   2.4432077e+03   7.0600000e+05
   2.4425247e+03   7.0500000e+05
   2.4418529e+03   7.0400000e+05
   2.4411742e+03   7.0300000e+05
   2.4404687e+03   7.0200000e+05
   2.4400000e+03   7.0131105e+05
   2.4397898e+03   7.0100000e+05
   2.4391278e+03   7.0000000e+05
   2.4384295e+03   6.9900000e+05
   2.4377468e+03   6.9800000e+05
   2.4370668e+03   6.9700000e+05
   2.4363820e+03   6.9600000e+05
   2.4356944e+03   6.9500000e+05
   2.4350029e+03   6.9400000e+05
   2.4343356e+03   6.9300000e+05
   2.4336387e+03   6.9200000e+05
   2.4329510e+03   6.9100000e+05
   2.4322657e+03   6.9000000e+05
   2.4315765e+03   6.8900000e+05
   2.4308855e+03   6.8800000e+05
   2.4302002e+03   6.8700000e+05
   2.4300000e+03   6.8669733e+05
   2.4295385e+03   6.8600000e+05
   2.4288509e+03   6.8500000e+05
   2.4281494e+03   6.8400000e+05
   2.4274457e+03   6.8300000e+05
   2.4267580e+03   6.8200000e+05
   2.4260815e+03   6.8100000e+05
   2.4253802e+03   6.8000000e+05
   2.4246824e+03   6.7900000e+05
   2.4239914e+03   6.7800000e+05
   2.4232955e+03   6.7700000e+05
   2.4226142e+03   6.7600000e+05
   2.4219089e+03   6.7500000e+05
   2.4212278e+03   6.7400000e+05
   2.4205367e+03   6.7300000e+05
   2.4200000e+03   6.7222535e+05
   2.4198438e+03   6.7200000e+05
   2.4191436e+03   6.7100000e+05
   2.4184557e+03   6.7000000e+05
   2.4177622e+03   6.6900000e+05
   2.4170401e+03   6.6800000e+05
   2.4163516e+03   6.6700000e+05
   2.4156704e+03   6.6600000e+05
   2.4149785e+03   6.6500000e+05
   2.4142596e+03   6.6400000e+05
   2.4135508e+03   6.6300000e+05
   2.4128580e+03   6.6200000e+05
   2.4121515e+03   6.6100000e+05
   2.4114508e+03   6.6000000e+05
   2.4107421e+03   6.5900000e+05
   2.4100409e+03   6.5800000e+05
   2.4100000e+03   6.5794183e+05
   2.4093741e+03   6.5700000e+05
   2.4087095e+03   6.5600000e+05
   2.4080434e+03   6.5500000e+05
   2.4073753e+03   6.5400000e+05
   2.4067109e+03   6.5300000e+05
   2.4060435e+03   6.5200000e+05
   2.4053730e+03   6.5100000e+05
   2.4046922e+03   6.5000000e+05
   2.4040235e+03   6.4900000e+05
   2.4033603e+03   6.4800000e+05
   2.4026896e+03   6.4700000e+05
   2.4020191e+03   6.4600000e+05
   2.4013464e+03   6.4500000e+05
   2.4006777e+03   6.4400000e+05
   2.4000073e+03   6.4300000e+05
   2.4000000e+03   6.4298907e+05
   2.3993008e+03   6.4200000e+05
   2.3985918e+03   6.4100000e+05
   2.3978825e+03   6.4000000e+05
   2.3971710e+03   6.3900000e+05
   2.3964592e+03   6.3800000e+05
   2.3957477e+03   6.3700000e+05
   2.3950348e+03   6.3600000e+05
   2.3943227e+03   6.3500000e+05
   2.3936109e+03   6.3400000e+05
   2.3928980e+03   6.3300000e+05
   2.3921847e+03   6.3200000e+05
   2.3914716e+03   6.3100000e+05
   2.3907570e+03   6.3000000e+05
   2.3900405e+03   6.2900000e+05
   2.3900000e+03   6.2894355e+05
   2.3893250e+03   6.2800000e+05
   2.3886096e+03   6.2700000e+05
   2.3878927e+03   6.2600000e+05
   2.3871687e+03   6.2500000e+05
   2.3864522e+03   6.2400000e+05
   2.3857439e+03   6.2300000e+05
   2.3850154e+03   6.2200000e+05
   2.3842956e+03   6.2100000e+05
   2.3835765e+03   6.2000000e+05
   2.3828580e+03   6.1900000e+05
   2.3821382e+03   6.1800000e+05
   2.3814182e+03   6.1700000e+05
   2.3806963e+03   6.1600000e+05
   2.3800000e+03   6.1503457e+05
   2.3799751e+03   6.1500000e+05
   2.3792537e+03   6.1400000e+05
   2.3785160e+03   6.1300000e+05
   2.3777960e+03   6.1200000e+05
   2.3770747e+03   6.1100000e+05
   2.3763522e+03   6.1000000e+05
   2.3756273e+03   6.0900000e+05
   2.3749017e+03   6.0800000e+05
   2.3741753e+03   6.0700000e+05
   2.3734479e+03   6.0600000e+05
   2.3727200e+03   6.0500000e+05
   2.3719927e+03   6.0400000e+05
   2.3712648e+03   6.0300000e+05
   2.3705341e+03   6.0200000e+05
   2.3700000e+03   6.0127083e+05
   2.3698020e+03   6.0100000e+05
   2.3690714e+03   6.0000000e+05
   2.3683413e+03   5.9900000e+05
   2.3676088e+03   5.9800000e+05
   2.3668789e+03   5.9700000e+05
   2.3661467e+03   5.9600000e+05
   2.3654141e+03   5.9500000e+05
   2.3646819e+03   5.9400000e+05
   2.3639480e+03   5.9300000e+05
   2.3632131e+03   5.9200000e+05
   2.3624867e+03   5.9100000e+05
   2.3617467e+03   5.9000000e+05
   2.3610118e+03   5.8900000e+05
   2.3602771e+03   5.8800000e+05
   2.3600000e+03   5.8762274e+05
   2.3595433e+03   5.8700000e+05
   2.3588099e+03   5.8600000e+05
   2.3580731e+03   5.8500000e+05
   2.3573323e+03   5.8400000e+05
   2.3565884e+03   5.8300000e+05
   2.3558518e+03   5.8200000e+05
   2.3551096e+03   5.8100000e+05
   2.3543651e+03   5.8000000e+05
   2.3536226e+03   5.7900000e+05
   2.3528790e+03   5.7800000e+05
   2.3521357e+03   5.7700000e+05
   2.3513929e+03   5.7600000e+05
   2.3506500e+03   5.7500000e+05
   2.3500000e+03   5.7412690e+05
   2.3499058e+03   5.7400000e+05
   2.3491618e+03   5.7300000e+05
   2.3484197e+03   5.7200000e+05
   2.3476746e+03   5.7100000e+05
   2.3469274e+03   5.7000000e+05
   2.3461721e+03   5.6900000e+05
   2.3454229e+03   5.6800000e+05
   2.3446751e+03   5.6700000e+05
   2.3439281e+03   5.6600000e+05
   2.3431802e+03   5.6500000e+05
   2.3424285e+03   5.6400000e+05
   2.3416773e+03   5.6300000e+05
   2.3409264e+03   5.6200000e+05
   2.3401750e+03   5.6100000e+05
   2.3400000e+03   5.6076750e+05
   2.3394249e+03   5.6000000e+05
   2.3386737e+03   5.5900000e+05
   2.3379210e+03   5.5800000e+05
   2.3371720e+03   5.5700000e+05
   2.3364180e+03   5.5600000e+05
   2.3356615e+03   5.5500000e+05
   2.3349072e+03   5.5400000e+05
   2.3341570e+03   5.5300000e+05
   2.3333933e+03   5.5200000e+05
   2.3326359e+03   5.5100000e+05
   2.3318782e+03   5.5000000e+05
   2.3311190e+03   5.4900000e+05
   2.3303580e+03   5.4800000e+05
   2.3300000e+03   5.4752840e+05
   2.3296012e+03   5.4700000e+05
   2.3288427e+03   5.4600000e+05
   2.3280835e+03   5.4500000e+05
   2.3273258e+03   5.4400000e+05
   2.3265648e+03   5.4300000e+05
   2.3258009e+03   5.4200000e+05
   2.3250373e+03   5.4100000e+05
   2.3242748e+03   5.4000000e+05
   2.3235105e+03   5.3900000e+05
   2.3227476e+03   5.3800000e+05
   2.3219828e+03   5.3700000e+05
   2.3212178e+03   5.3600000e+05
   2.3204531e+03   5.3500000e+05
   2.3200000e+03   5.3441162e+05
   2.3196841e+03   5.3400000e+05
   2.3189217e+03   5.3300000e+05
   2.3181536e+03   5.3200000e+05
   2.3173886e+03   5.3100000e+05
   2.3166190e+03   5.3000000e+05
   2.3158474e+03   5.2900000e+05
   2.3150770e+03   5.2800000e+05
   2.3143051e+03   5.2700000e+05
   2.3135326e+03   5.2600000e+05
   2.3127580e+03   5.2500000e+05
   2.3119844e+03   5.2400000e+05
   2.3112185e+03   5.2300000e+05
   2.3104415e+03   5.2200000e+05
   2.3100000e+03   5.2143333e+05
   2.3096637e+03   5.2100000e+05
   2.3088914e+03   5.2000000e+05
   2.3081175e+03   5.1900000e+05
   2.3073429e+03   5.1800000e+05
   2.3065700e+03   5.1700000e+05
   2.3057927e+03   5.1600000e+05
   2.3050148e+03   5.1500000e+05
   2.3042340e+03   5.1400000e+05
   2.3034541e+03   5.1300000e+05
   2.3026737e+03   5.1200000e+05
   2.3018914e+03   5.1100000e+05
   2.3011078e+03   5.1000000e+05
   2.3003250e+03   5.0900000e+05
   2.3000000e+03   5.0858491e+05
   2.2995439e+03   5.0800000e+05
   2.2987624e+03   5.0700000e+05
   2.2979812e+03   5.0600000e+05
   2.2971985e+03   5.0500000e+05
   2.2964154e+03   5.0400000e+05
   2.2956313e+03   5.0300000e+05
   2.2948446e+03   5.0200000e+05
   2.2940599e+03   5.0100000e+05
   2.2932733e+03   5.0000000e+05
   2.2924848e+03   4.9900000e+05
   2.2916949e+03   4.9800000e+05
   2.2909044e+03   4.9700000e+05
   2.2901139e+03   4.9600000e+05
   2.2900000e+03   4.9585615e+05
   2.2893249e+03   4.9500000e+05
   2.2885346e+03   4.9400000e+05
   2.2877442e+03   4.9300000e+05
   2.2869526e+03   4.9200000e+05
   2.2861595e+03   4.9100000e+05
   2.2853658e+03   4.9000000e+05
   2.2845721e+03   4.8900000e+05
   2.2837783e+03   4.8800000e+05
   2.2829828e+03   4.8700000e+05
   2.2821869e+03   4.8600000e+05
   2.2813897e+03   4.8500000e+05
   2.2805924e+03   4.8400000e+05
   2.2800000e+03   4.8325858e+05
   2.2797951e+03   4.8300000e+05
   2.2789967e+03   4.8200000e+05
   2.2781995e+03   4.8100000e+05
   2.2774003e+03   4.8000000e+05
   2.2766011e+03   4.7900000e+05
   2.2758001e+03   4.7800000e+05
   2.2749982e+03   4.7700000e+05
   2.2741955e+03   4.7600000e+05
   2.2733910e+03   4.7500000e+05
   2.2725860e+03   4.7400000e+05
   2.2717795e+03   4.7300000e+05
   2.2709733e+03   4.7200000e+05
   2.2701655e+03   4.7100000e+05
   2.2700000e+03   4.7079412e+05
   2.2693639e+03   4.7000000e+05
   2.2685546e+03   4.6900000e+05
   2.2677486e+03   4.6800000e+05
   2.2669426e+03   4.6700000e+05
   2.2661336e+03   4.6600000e+05
   2.2653251e+03   4.6500000e+05
   2.2645147e+03   4.6400000e+05
   2.2637045e+03   4.6300000e+05
   2.2628915e+03   4.6200000e+05
   2.2620786e+03   4.6100000e+05
   2.2612654e+03   4.6000000e+05
   2.2604490e+03   4.5900000e+05
   2.2600000e+03   4.5844889e+05
   2.2596359e+03   4.5800000e+05
   2.2588214e+03   4.5700000e+05
   2.2580068e+03   4.5600000e+05
   2.2571905e+03   4.5500000e+05
   2.2563730e+03   4.5400000e+05
   2.2555558e+03   4.5300000e+05
   2.2547361e+03   4.5200000e+05
   2.2539189e+03   4.5100000e+05
   2.2530967e+03   4.5000000e+05
   2.2522753e+03   4.4900000e+05
   2.2514535e+03   4.4800000e+05
   2.2506304e+03   4.4700000e+05
   2.2500000e+03   4.4623414e+05
   2.2498090e+03   4.4600000e+05
   2.2489862e+03   4.4500000e+05
   2.2481636e+03   4.4400000e+05
   2.2473404e+03   4.4300000e+05
   2.2465160e+03   4.4200000e+05
   2.2456912e+03   4.4100000e+05
   2.2448655e+03   4.4000000e+05
   2.2440384e+03   4.3900000e+05
   2.2432074e+03   4.3800000e+05
   2.2423809e+03   4.3700000e+05
   2.2415509e+03   4.3600000e+05
   2.2407131e+03   4.3500000e+05
   2.2400000e+03   4.3414592e+05
   2.2398789e+03   4.3400000e+05
   2.2390513e+03   4.3300000e+05
   2.2382233e+03   4.3200000e+05
   2.2373905e+03   4.3100000e+05
   2.2365563e+03   4.3000000e+05
   2.2357227e+03   4.2900000e+05
   2.2348887e+03   4.2800000e+05
   2.2340531e+03   4.2700000e+05
   2.2332152e+03   4.2600000e+05
   2.2323667e+03   4.2500000e+05
   2.2315284e+03   4.2400000e+05
   2.2306901e+03   4.2300000e+05
   2.2300000e+03   4.2218008e+05
   2.2298506e+03   4.2200000e+05
   2.2290192e+03   4.2100000e+05
   2.2281791e+03   4.2000000e+05
   2.2273345e+03   4.1900000e+05
   2.2264922e+03   4.1800000e+05
   2.2256494e+03   4.1700000e+05
   2.2248057e+03   4.1600000e+05
   2.2239606e+03   4.1500000e+05
   2.2231146e+03   4.1400000e+05
   2.2222664e+03   4.1300000e+05
   2.2214184e+03   4.1200000e+05
   2.2205690e+03   4.1100000e+05
   2.2200000e+03   4.1033125e+05
   2.2197221e+03   4.1000000e+05
   2.2188813e+03   4.0900000e+05
   2.2180395e+03   4.0800000e+05
   2.2171973e+03   4.0700000e+05
   2.2163495e+03   4.0600000e+05
   2.2154896e+03   4.0500000e+05
   2.2146249e+03   4.0400000e+05
   2.2138197e+03   4.0300000e+05
   2.2129488e+03   4.0200000e+05
   2.2120718e+03   4.0100000e+05
   2.2111874e+03   4.0000000e+05
   2.2101552e+03   3.9900000e+05
   2.2100000e+03   3.9881513e+05
   2.2093170e+03   3.9800000e+05
   2.2084434e+03   3.9700000e+05
   2.2075843e+03   3.9600000e+05
   2.2067246e+03   3.9500000e+05
   2.2058641e+03   3.9400000e+05
   2.2050044e+03   3.9300000e+05
   2.2041433e+03   3.9200000e+05
   2.2032801e+03   3.9100000e+05
   2.2024162e+03   3.9000000e+05
   2.2015494e+03   3.8900000e+05
   2.2006827e+03   3.8800000e+05
   2.2000000e+03   3.8721255e+05
   2.1998165e+03   3.8700000e+05
   2.1989500e+03   3.8600000e+05
   2.1980765e+03   3.8500000e+05
   2.1972087e+03   3.8400000e+05
   2.1963389e+03   3.8300000e+05
   2.1954682e+03   3.8200000e+05
   2.1945955e+03   3.8100000e+05
   2.1937227e+03   3.8000000e+05
   2.1928454e+03   3.7900000e+05
   2.1919700e+03   3.7800000e+05
   2.1910948e+03   3.7700000e+05
   2.1902200e+03   3.7600000e+05
   2.1900000e+03   3.7574900e+05
   2.1893465e+03   3.7500000e+05
   2.1884724e+03   3.7400000e+05
   2.1875969e+03   3.7300000e+05
   2.1867211e+03   3.7200000e+05
   2.1858426e+03   3.7100000e+05
   2.1849626e+03   3.7000000e+05
   2.1840827e+03   3.6900000e+05
   2.1832008e+03   3.6800000e+05
   2.1823181e+03   3.6700000e+05
   2.1814340e+03   3.6600000e+05
   2.1805485e+03   3.6500000e+05
   2.1800000e+03   3.6438281e+05
   2.1796611e+03   3.6400000e+05
   2.1787777e+03   3.6300000e+05
   2.1778901e+03   3.6200000e+05
   2.1770041e+03   3.6100000e+05
   2.1761085e+03   3.6000000e+05
   2.1752169e+03   3.5900000e+05
   2.1743287e+03   3.5800000e+05
   2.1734364e+03   3.5700000e+05
   2.1725440e+03   3.5600000e+05
   2.1716491e+03   3.5500000e+05
   2.1707514e+03   3.5400000e+05
   2.1700000e+03   3.5316023e+05
   2.1698572e+03   3.5300000e+05
   2.1689630e+03   3.5200000e+05
   2.1680691e+03   3.5100000e+05
   2.1671738e+03   3.5000000e+05
   2.1662771e+03   3.4900000e+05
   2.1653799e+03   3.4800000e+05
   2.1644802e+03   3.4700000e+05
   2.1635808e+03   3.4600000e+05
   2.1626787e+03   3.4500000e+05
   2.1617749e+03   3.4400000e+05
   2.1608711e+03   3.4300000e+05
   2.1600000e+03   3.4203795e+05
   2.1599658e+03   3.4200000e+05
   2.1590597e+03   3.4100000e+05
   2.1581569e+03   3.4000000e+05
   2.1572525e+03   3.3900000e+05
   2.1563470e+03   3.3800000e+05
   2.1554393e+03   3.3700000e+05
   2.1545308e+03   3.3600000e+05
   2.1536176e+03   3.3500000e+05
   2.1527063e+03   3.3400000e+05
   2.1517857e+03   3.3300000e+05
   2.1508713e+03   3.3200000e+05
   2.1500000e+03   3.3104673e+05
   2.1499575e+03   3.3100000e+05
   2.1490442e+03   3.3000000e+05
   2.1481248e+03   3.2900000e+05
   2.1472101e+03   3.2800000e+05
   2.1462931e+03   3.2700000e+05
   2.1453723e+03   3.2600000e+05
   2.1444526e+03   3.2500000e+05
   2.1435328e+03   3.2400000e+05
   2.1426122e+03   3.2300000e+05
   2.1416859e+03   3.2200000e+05
   2.1407630e+03   3.2100000e+05
   2.1400000e+03   3.2017463e+05
   2.1398400e+03   3.2000000e+05
   2.1389222e+03   3.1900000e+05
   2.1380027e+03   3.1800000e+05
   2.1370820e+03   3.1700000e+05
   2.1361589e+03   3.1600000e+05
   2.1352348e+03   3.1500000e+05
   2.1343090e+03   3.1400000e+05
   2.1333827e+03   3.1300000e+05
   2.1324563e+03   3.1200000e+05
   2.1315273e+03   3.1100000e+05
   2.1305825e+03   3.1000000e+05
   2.1300000e+03   3.0936514e+05
   2.1296644e+03   3.0900000e+05
   2.1286878e+03   3.0800000e+05
   2.1277488e+03   3.0700000e+05
   2.1268056e+03   3.0600000e+05
   2.1258668e+03   3.0500000e+05
   2.1249244e+03   3.0400000e+05
   2.1239825e+03   3.0300000e+05
   2.1230427e+03   3.0200000e+05
   2.1220968e+03   3.0100000e+05
   2.1211509e+03   3.0000000e+05
   2.1202066e+03   2.9900000e+05
   2.1200000e+03   2.9878191e+05
   2.1192743e+03   2.9800000e+05
   2.1183460e+03   2.9700000e+05
   2.1174144e+03   2.9600000e+05
   2.1164824e+03   2.9500000e+05
   2.1155503e+03   2.9400000e+05
   2.1146159e+03   2.9300000e+05
   2.1136814e+03   2.9200000e+05
   2.1127430e+03   2.9100000e+05
   2.1118007e+03   2.9000000e+05
   2.1108689e+03   2.8900000e+05
   2.1100000e+03   2.8828610e+05
   2.1096499e+03   2.8800000e+05
   2.1081639e+03   2.8700000e+05
   2.1064680e+03   2.8600000e+05
   2.1046999e+03   2.8500000e+05
   2.1030356e+03   2.8400000e+05
   2.1013805e+03   2.8300000e+05
   2.1002308e+03   2.8200000e+05
   2.1000000e+03   2.8176639e+05
   2.0992475e+03   2.8100000e+05
   2.0982217e+03   2.8000000e+05
   2.0971781e+03   2.7900000e+05
   2.0961536e+03   2.7800000e+05
   2.0951103e+03   2.7700000e+05
   2.0940553e+03   2.7600000e+05
   2.0929954e+03   2.7500000e+05
   2.0919215e+03   2.7400000e+05
   2.0908324e+03   2.7300000e+05
   2.0900000e+03   2.7224554e+05
   2.0897301e+03   2.7200000e+05
   2.0886218e+03   2.7100000e+05
   2.0875041e+03   2.7000000e+05
   2.0863672e+03   2.6900000e+05
   2.0852197e+03   2.6800000e+05
   2.0840511e+03   2.6700000e+05
   2.0828662e+03   2.6600000e+05
   2.0816409e+03   2.6500000e+05
   2.0804034e+03   2.6400000e+05
   2.0800000e+03   2.6366801e+05
   2.0791954e+03   2.6300000e+05
   2.0779388e+03   2.6200000e+05
   2.0765618e+03   2.6100000e+05
   2.0751022e+03   2.6000000e+05
   2.0739110e+03   2.5900000e+05
   2.0725700e+03   2.5800000e+05
   2.0711999e+03   2.5700000e+05
   2.0700000e+03   2.5616630e+05
   2.0697616e+03   2.5600000e+05
   2.0682918e+03   2.5500000e+05
   2.0667610e+03   2.5400000e+05
   2.0652118e+03   2.5300000e+05
   2.0636136e+03   2.5200000e+05
   2.0619397e+03   2.5100000e+05
   2.0602174e+03   2.5000000e+05
   2.0600000e+03   2.4987775e+05
   2.0584472e+03   2.4900000e+05
   2.0566120e+03   2.4800000e+05
   2.0547190e+03   2.4700000e+05
   2.0526902e+03   2.4600000e+05
   2.0506155e+03   2.4500000e+05
   2.0500000e+03   2.4471818e+05
   2.0484446e+03   2.4400000e+05
   2.0461325e+03   2.4300000e+05
   2.0438347e+03   2.4200000e+05
   2.0413203e+03   2.4100000e+05
   2.0400000e+03   2.4050878e+05
   2.0386418e+03   2.4000000e+05
   2.0358410e+03   2.3900000e+05
   2.0327620e+03   2.3800000e+05
   2.0300000e+03   2.3720200e+05
   2.0293156e+03   2.3700000e+05
   2.0258995e+03   2.3600000e+05
   2.0227164e+03   2.3500000e+05
   2.0200000e+03   2.3433756e+05
   2.0186318e+03   2.3400000e+05
   2.0145965e+03   2.3300000e+05
   2.0164306e+03   2.3200000e+05
   2.0200000e+03   2.3159468e+05
   2.0259955e+03   2.3100000e+05
   2.0251220e+03   2.3000000e+05
   2.0242045e+03   2.2900000e+05
   2.0232623e+03   2.2800000e+05
   2.0222637e+03   2.2700000e+05
   2.0212637e+03   2.2600000e+05
   2.0202562e+03   2.2500000e+05
   2.0200000e+03   2.2474852e+05
   2.0192382e+03   2.2400000e+05
   2.0182053e+03   2.2300000e+05
   2.0171319e+03   2.2200000e+05
   2.0161311e+03   2.2100000e+05
   2.0152154e+03   2.2000000e+05
   2.0139156e+03   2.1900000e+05
   2.0127702e+03   2.1800000e+05
   2.0116362e+03   2.1700000e+05
   2.0105687e+03   2.1600000e+05
   2.0100000e+03   2.1550504e+05
   2.0094100e+03   2.1500000e+05
   2.0081979e+03   2.1400000e+05
   2.0070080e+03   2.1300000e+05
   2.0057611e+03   2.1200000e+05
   2.0044815e+03   2.1100000e+05
   2.0031406e+03   2.1000000e+05
   2.0024777e+03   2.0900000e+05
   2.0000250e+03   2.0800000e+05
   2.0003387e+03   2.0700000e+05
   2.0000000e+03   2.0645686e+05
   1.9997260e+03   2.0600000e+05
   1.9990842e+03   2.0500000e+05
   1.9984534e+03   2.0400000e+05
   1.9978279e+03   2.0300000e+05
   1.9971976e+03   2.0200000e+05
   1.9965614e+03   2.0100000e+05
   1.9959212e+03   2.0000000e+05
   1.9951496e+03   1.9900000e+05
   1.9942769e+03   1.9800000e+05
   1.9900000e+03   1.9721098e+05
   1.9887862e+03   1.9700000e+05
   1.9842439e+03   1.9600000e+05
   1.9804065e+03   1.9500000e+05
   1.9800000e+03   1.9489993e+05
   1.9761103e+03   1.9400000e+05
   1.9720878e+03   1.9300000e+05
   1.9700000e+03   1.9220871e+05
   1.9693957e+03   1.9200000e+05
   1.9656448e+03   1.9100000e+05
   1.9648053e+03   1.9000000e+05
   1.9646214e+03   1.8900000e+05
   1.9640025e+03   1.8800000e+05
   1.9632766e+03   1.8700000e+05
   1.9623655e+03   1.8600000e+05
   1.9614524e+03   1.8500000e+05
   1.9605391e+03   1.8400000e+05
   1.9600000e+03   1.8341259e+05
   1.9596231e+03   1.8300000e+05
   1.9587051e+03   1.8200000e+05
   1.9577866e+03   1.8100000e+05
   1.9568625e+03   1.8000000e+05
   1.9559393e+03   1.7900000e+05
   1.9550144e+03   1.7800000e+05
   1.9540890e+03   1.7700000e+05
   1.9531579e+03   1.7600000e+05
   1.9522242e+03   1.7500000e+05
   1.9512879e+03   1.7400000e+05
   1.9503474e+03   1.7300000e+05
   1.9500000e+03   1.7263051e+05
   1.9494098e+03   1.7200000e+05
   1.9484708e+03   1.7100000e+05
   1.9475278e+03   1.7000000e+05
   1.9465821e+03   1.6900000e+05
   1.9456332e+03   1.6800000e+05
   1.9446861e+03   1.6700000e+05
   1.9437359e+03   1.6600000e+05
   1.9427838e+03   1.6500000e+05
   1.9418238e+03   1.6400000e+05
   1.9408636e+03   1.6300000e+05
   1.9400000e+03   1.6210214e+05
   1.9399023e+03   1.6200000e+05
   1.9389437e+03   1.6100000e+05
   1.9379814e+03   1.6000000e+05
   1.9370170e+03   1.5900000e+05
   1.9360463e+03   1.5800000e+05
   1.9351073e+03   1.5700000e+05
   1.9342052e+03   1.5600000e+05
   1.9333213e+03   1.5500000e+05
   1.9324383e+03   1.5400000e+05
   1.9315508e+03   1.5300000e+05
   1.9306682e+03   1.5200000e+05
   1.9300000e+03   1.5124779e+05
   1.9297810e+03   1.5100000e+05
   1.9288753e+03   1.5000000e+05
   1.9279281e+03   1.4900000e+05
   1.9270331e+03   1.4800000e+05
   1.9261327e+03   1.4700000e+05
   1.9252209e+03   1.4600000e+05
   1.9243071e+03   1.4500000e+05
   1.9234400e+03   1.4400000e+05
   1.9225043e+03   1.4300000e+05
   1.9215071e+03   1.4200000e+05
   1.9200000e+03   1.4185710e+05
   1.9153946e+03   1.4100000e+05
   1.9100000e+03   1.4061814e+05
   1.9028355e+03   1.4000000e+05
   1.9000000e+03   1.3967719e+05
   1.8900000e+03   1.3921181e+05
   1.8876864e+03   1.3900000e+05
   1.8849292e+03   1.3800000e+05
   1.8840117e+03   1.3700000e+05
   1.8830634e+03   1.3600000e+05
   1.8821482e+03   1.3500000e+05
   1.8812407e+03   1.3400000e+05
   1.8803088e+03   1.3300000e+05
   1.8800000e+03   1.3267880e+05
   1.8793457e+03   1.3200000e+05
   1.8783921e+03   1.3100000e+05
   1.8774324e+03   1.3000000e+05
   1.8764762e+03   1.2900000e+05
   1.8754752e+03   1.2800000e+05
   1.8744719e+03   1.2700000e+05
   1.8734789e+03   1.2600000e+05
   1.8724832e+03   1.2500000e+05
   1.8714877e+03   1.2400000e+05
   1.8709608e+03   1.2300000e+05
   1.8702659e+03   1.2200000e+05
   1.8700000e+03   1.2162368e+05
   1.8695600e+03   1.2100000e+05
   1.8688246e+03   1.2000000e+05
   1.8681137e+03   1.1900000e+05
   1.8667072e+03   1.1800000e+05
   1.8653905e+03   1.1700000e+05
   1.8645134e+03   1.1600000e+05
   1.8635948e+03   1.1500000e+05
   1.8626962e+03   1.1400000e+05
   1.8617786e+03   1.1300000e+05
   1.8608443e+03   1.1200000e+05
   1.8600000e+03   1.1110256e+05
   1.8599041e+03   1.1100000e+05
   1.8589723e+03   1.1000000e+05
   1.8580066e+03   1.0900000e+05
   1.8570496e+03   1.0800000e+05
   1.8560790e+03   1.0700000e+05
   1.8550944e+03   1.0600000e+05
   1.8540938e+03   1.0500000e+05
   1.8530961e+03   1.0400000e+05
   1.8520524e+03   1.0300000e+05
   1.8509250e+03   1.0200000e+05
   1.8500000e+03   1.0117694e+05
   1.8498070e+03   1.0100000e+05
   1.8489077e+03   1.0000000e+05
   1.8480137e+03   9.9000000e+04
   1.8469749e+03   9.8000000e+04
   1.8459028e+03   9.7000000e+04
   1.8447427e+03   9.6000000e+04
   1.8436357e+03   9.5000000e+04
   1.8426747e+03   9.4000000e+04
   1.8415911e+03   9.3000000e+04
   1.8404869e+03   9.2000000e+04
   1.8400000e+03   9.1559732e+04
   1.8393844e+03   9.1000000e+04
   1.8382783e+03   9.0000000e+04
   1.8371578e+03   8.9000000e+04
   1.8360148e+03   8.8000000e+04
   1.8348878e+03   8.7000000e+04
   1.8337531e+03   8.6000000e+04
   1.8326009e+03   8.5000000e+04
   1.8314364e+03   8.4000000e+04
   1.8302695e+03   8.3000000e+04
   1.8300000e+03   8.2771250e+04
   1.8290961e+03   8.2000000e+04
   1.8279093e+03   8.1000000e+04
   1.8267072e+03   8.0000000e+04
   1.8255027e+03   7.9000000e+04
   1.8243045e+03   7.8000000e+04
   1.8230714e+03   7.7000000e+04
   1.8218244e+03   7.6000000e+04
   1.8205394e+03   7.5000000e+04
   1.8200000e+03   7.4568075e+04
   1.8192936e+03   7.4000000e+04
   1.8180461e+03   7.3000000e+04
   1.8168192e+03   7.2000000e+04
   1.8155866e+03   7.1000000e+04
   1.8143320e+03   7.0000000e+04
   1.8130664e+03   6.9000000e+04
   1.8117621e+03   6.8000000e+04
   1.8104891e+03   6.7000000e+04
   1.8100000e+03   6.6617978e+04
   1.8092036e+03   6.6000000e+04
   1.8079058e+03   6.5000000e+04
   1.8065714e+03   6.4000000e+04
   1.8051291e+03   6.3000000e+04
   1.8037985e+03   6.2000000e+04
   1.8024248e+03   6.1000000e+04
   1.8009927e+03   6.0000000e+04
   1.8000000e+03   5.9286598e+04
   1.7996044e+03   5.9000000e+04
   1.7982059e+03   5.8000000e+04
   1.7967917e+03   5.7000000e+04
   1.7953727e+03   5.6000000e+04
   1.7939450e+03   5.5000000e+04
   1.7924861e+03   5.4000000e+04
   1.7910296e+03   5.3000000e+04
   1.7900000e+03   5.2299129e+04
   1.7895631e+03   5.2000000e+04
   1.7880849e+03   5.1000000e+04
   1.7865822e+03   5.0000000e+04
   1.7850690e+03   4.9000000e+04
   1.7835297e+03   4.8000000e+04
   1.7819775e+03   4.7000000e+04
   1.7804111e+03   4.6000000e+04
   1.7800000e+03   4.5741821e+04
   1.7788261e+03   4.5000000e+04
   1.7772242e+03   4.4000000e+04
   1.7755973e+03   4.3000000e+04
   1.7739473e+03   4.2000000e+04
   1.7722693e+03   4.1000000e+04
   1.7705837e+03   4.0000000e+04
   1.7700000e+03   3.9663731e+04
   1.7688537e+03   3.9000000e+04
   1.7670779e+03   3.8000000e+04
   1.7652915e+03   3.7000000e+04
   1.7634720e+03   3.6000000e+04
   1.7616136e+03   3.5000000e+04
   1.7600000e+03   3.4170663e+04
   1.7596701e+03   3.4000000e+04
   1.7577019e+03   3.3000000e+04
   1.7556795e+03   3.2000000e+04
   1.7535836e+03   3.1000000e+04
   1.7513977e+03   3.0000000e+04
   1.7500000e+03   2.9380610e+04
   1.7491463e+03   2.9000000e+04
   1.7468281e+03   2.8000000e+04
   1.7443400e+03   2.7000000e+04
   1.7417310e+03   2.6000000e+04
   1.7400000e+03   2.5387459e+04
   1.7389227e+03   2.5000000e+04
   1.7356904e+03   2.4000000e+04
   1.7305046e+03   2.3000000e+04
   1.7300000e+03   2.2700081e+04
   1.7288310e+03   2.2000000e+04
   1.7271271e+03   2.1000000e+04
   1.7254118e+03   2.0000000e+04
   1.7236924e+03   1.9000000e+04
   1.7219561e+03   1.8000000e+04
   1.7202058e+03   1.7000000e+04
   1.7200000e+03   1.6883827e+04
   1.7184426e+03   1.6000000e+04
   1.7166796e+03   1.5000000e+04
   1.7148866e+03   1.4000000e+04
   1.7130734e+03   1.3000000e+04
   1.7112550e+03   1.2000000e+04
   1.7100000e+03   1.1316630e+04
   1.7094220e+03   1.1000000e+04
   1.7075892e+03   1.0000000e+04
   1.7057347e+03   9.0000000e+03
   1.7038515e+03   8.0000000e+03
   1.7019659e+03   7.0000000e+03
   1.7000774e+03   6.0000000e+03
   1.7005510e+03   5.0000000e+03
   1.7018824e+03   4.0000000e+03
   1.7023382e+03   3.0000000e+03
   1.7019797e+03   2.0000000e+03
   1.7013500e+03   1.0000000e+03
   1.7000000e+03   0.0000000e+00
   1.7000000e+03   0.0000000e+00
