   6.7938987e+02   1.3500000e+06
   6.7924276e+02   1.3490000e+06
   6.7909533e+02   1.3480000e+06
   6.7894809e+02   1.3470000e+06
   6.7880083e+02   1.3460000e+06
   6.7865387e+02   1.3450000e+06
   6.7850648e+02   1.3440000e+06
   6.7835892e+02   1.3430000e+06
   6.7821093e+02   1.3420000e+06
   6.7806301e+02   1.3410000e+06
   6.7791515e+02   1.3400000e+06
   6.7776732e+02   1.3390000e+06
   6.7761960e+02   1.3380000e+06
   6.7746984e+02   1.3370000e+06
   6.7732267e+02   1.3360000e+06
   6.7717345e+02   1.3350000e+06
   6.7702724e+02   1.3340000e+06
   6.7687886e+02   1.3330000e+06
   6.7673061e+02   1.3320000e+06
   6.7657912e+02   1.3310000e+06
   6.7643304e+02   1.3300000e+06
   6.7628339e+02   1.3290000e+06
   6.7613402e+02   1.3280000e+06
   6.7598466e+02   1.3270000e+06
   6.7583597e+02   1.3260000e+06
   6.7568634e+02   1.3250000e+06
   6.7553729e+02   1.3240000e+06
   6.7538914e+02   1.3230000e+06
   6.7524004e+02   1.3220000e+06
   6.7509173e+02   1.3210000e+06
   6.7494343e+02   1.3200000e+06
   6.7479559e+02   1.3190000e+06
   6.7464664e+02   1.3180000e+06
   6.7449626e+02   1.3170000e+06
   6.7434581e+02   1.3160000e+06
   6.7419542e+02   1.3150000e+06
   6.7404502e+02   1.3140000e+06
   6.7389460e+02   1.3130000e+06
   6.7374427e+02   1.3120000e+06
   6.7359399e+02   1.3110000e+06
   6.7344370e+02   1.3100000e+06
   6.7329340e+02   1.3090000e+06
   6.7314310e+02   1.3080000e+06
   6.7299282e+02   1.3070000e+06
   6.7284257e+02   1.3060000e+06
   6.7269091e+02   1.3050000e+06
   6.7254066e+02   1.3040000e+06
   6.7239038e+02   1.3030000e+06
   6.7224075e+02   1.3020000e+06
   6.7209064e+02   1.3010000e+06
   6.7194032e+02   1.3000000e+06
   6.7178890e+02   1.2990000e+06
   6.7163877e+02   1.2980000e+06
   6.7148771e+02   1.2970000e+06
   6.7133641e+02   1.2960000e+06
   6.7118518e+02   1.2950000e+06
   6.7103353e+02   1.2940000e+06
   6.7088265e+02   1.2930000e+06
   6.7073109e+02   1.2920000e+06
   6.7057918e+02   1.2910000e+06
   6.7042754e+02   1.2900000e+06
   6.7027593e+02   1.2890000e+06
   6.7012433e+02   1.2880000e+06
   6.7000000e+02   1.2871787e+06
   6.6997320e+02   1.2870000e+06
   6.6982181e+02   1.2860000e+06
   6.6967246e+02   1.2850000e+06
   6.6952216e+02   1.2840000e+06
   6.6937390e+02   1.2830000e+06
   6.6922153e+02   1.2820000e+06
   6.6907086e+02   1.2810000e+06
   6.6891969e+02   1.2800000e+06
   6.6876951e+02   1.2790000e+06
   6.6861917e+02   1.2780000e+06
   6.6846816e+02   1.2770000e+06
   6.6831722e+02   1.2760000e+06
   6.6816499e+02   1.2750000e+06
   6.6801496e+02   1.2740000e+06
   6.6786433e+02   1.2730000e+06
   6.6771350e+02   1.2720000e+06
   6.6756197e+02   1.2710000e+06
   6.6741160e+02   1.2700000e+06
   6.6726073e+02   1.2690000e+06
   6.6711011e+02   1.2680000e+06
   6.6695893e+02   1.2670000e+06
   6.6680794e+02   1.2660000e+06
   6.6665699e+02   1.2650000e+06
   6.6651499e+02   1.2640000e+06
   6.6635429e+02   1.2630000e+06
   6.6620330e+02   1.2620000e+06
   6.6605253e+02   1.2610000e+06
   6.6590077e+02   1.2600000e+06
   6.6574875e+02   1.2590000e+06
   6.6559723e+02   1.2580000e+06
   6.6544596e+02   1.2570000e+06
   6.6529447e+02   1.2560000e+06
   6.6514330e+02   1.2550000e+06
   6.6499228e+02   1.2540000e+06
   6.6484044e+02   1.2530000e+06
   6.6468930e+02   1.2520000e+06
   6.6455486e+02   1.2510000e+06
   6.6438564e+02   1.2500000e+06
   6.6423483e+02   1.2490000e+06
   6.6408424e+02   1.2480000e+06
   6.6393242e+02   1.2470000e+06
   6.6378074e+02   1.2460000e+06
   6.6364439e+02   1.2450000e+06
   6.6347934e+02   1.2440000e+06
   6.6332843e+02   1.2430000e+06
   6.6317567e+02   1.2420000e+06
   6.6302513e+02   1.2410000e+06
   6.6287348e+02   1.2400000e+06
   6.6272180e+02   1.2390000e+06
   6.6256953e+02   1.2380000e+06
   6.6241790e+02   1.2370000e+06
   6.6226630e+02   1.2360000e+06
   6.6211482e+02   1.2350000e+06
   6.6196344e+02   1.2340000e+06
   6.6181191e+02   1.2330000e+06
   6.6168351e+02   1.2320000e+06
   6.6150909e+02   1.2310000e+06
   6.6135795e+02   1.2300000e+06
   6.6120662e+02   1.2290000e+06
   6.6105535e+02   1.2280000e+06
   6.6090412e+02   1.2270000e+06
   6.6075292e+02   1.2260000e+06
   6.6059988e+02   1.2250000e+06
   6.6044878e+02   1.2240000e+06
   6.6029778e+02   1.2230000e+06
   6.6014643e+02   1.2220000e+06
   6.6000000e+02   1.2210350e+06
   6.5999474e+02   1.2210000e+06
   6.5984447e+02   1.2200000e+06
   6.5969619e+02   1.2190000e+06
   6.5954598e+02   1.2180000e+06
   6.5939584e+02   1.2170000e+06
   6.5924588e+02   1.2160000e+06
   6.5909584e+02   1.2150000e+06
   6.5894613e+02   1.2140000e+06
   6.5881949e+02   1.2130000e+06
   6.5864613e+02   1.2120000e+06
   6.5849647e+02   1.2110000e+06
   6.5834476e+02   1.2100000e+06
   6.5819693e+02   1.2090000e+06
   6.5804705e+02   1.2080000e+06
   6.5789719e+02   1.2070000e+06
   6.5774626e+02   1.2060000e+06
   6.5759647e+02   1.2050000e+06
   6.5744672e+02   1.2040000e+06
   6.5729693e+02   1.2030000e+06
   6.5714702e+02   1.2020000e+06
   6.5699702e+02   1.2010000e+06
   6.5686853e+02   1.2000000e+06
   6.5669841e+02   1.1990000e+06
   6.5654851e+02   1.1980000e+06
   6.5639864e+02   1.1970000e+06
   6.5624950e+02   1.1960000e+06
   6.5610044e+02   1.1950000e+06
   6.5596794e+02   1.1940000e+06
   6.5579992e+02   1.1930000e+06
   6.5565101e+02   1.1920000e+06
   6.5550100e+02   1.1910000e+06
   6.5535248e+02   1.1900000e+06
   6.5520317e+02   1.1890000e+06
   6.5505357e+02   1.1880000e+06
   6.5490412e+02   1.1870000e+06
   6.5475459e+02   1.1860000e+06
   6.5460511e+02   1.1850000e+06
   6.5445640e+02   1.1840000e+06
   6.5430661e+02   1.1830000e+06
   6.5415771e+02   1.1820000e+06
   6.5402322e+02   1.1810000e+06
   6.5385941e+02   1.1800000e+06
   6.5371058e+02   1.1790000e+06
   6.5356151e+02   1.1780000e+06
   6.5341240e+02   1.1770000e+06
   6.5326333e+02   1.1760000e+06
   6.5311386e+02   1.1750000e+06
   6.5296426e+02   1.1740000e+06
   6.5281489e+02   1.1730000e+06
   6.5266553e+02   1.1720000e+06
   6.5251637e+02   1.1710000e+06
   6.5236727e+02   1.1700000e+06
   6.5221824e+02   1.1690000e+06
   6.5206894e+02   1.1680000e+06
   6.5192003e+02   1.1670000e+06
   6.5177118e+02   1.1660000e+06
   6.5162162e+02   1.1650000e+06
   6.5147355e+02   1.1640000e+06
   6.5132458e+02   1.1630000e+06
   6.5118025e+02   1.1620000e+06
   6.5102658e+02   1.1610000e+06
   6.5087770e+02   1.1600000e+06
   6.5072853e+02   1.1590000e+06
   6.5057999e+02   1.1580000e+06
   6.5043141e+02   1.1570000e+06
   6.5028261e+02   1.1560000e+06
   6.5013381e+02   1.1550000e+06
   6.5000000e+02   1.1541007e+06
   6.4998514e+02   1.1540000e+06
   6.4983774e+02   1.1530000e+06
   6.4968841e+02   1.1520000e+06
   6.4954312e+02   1.1510000e+06
   6.4939512e+02   1.1500000e+06
   6.4924719e+02   1.1490000e+06
   6.4909936e+02   1.1480000e+06
   6.4895158e+02   1.1470000e+06
   6.4880329e+02   1.1460000e+06
   6.4865644e+02   1.1450000e+06
   6.4850904e+02   1.1440000e+06
   6.4836167e+02   1.1430000e+06
   6.4821437e+02   1.1420000e+06
   6.4806785e+02   1.1410000e+06
   6.4792233e+02   1.1400000e+06
   6.4777216e+02   1.1390000e+06
   6.4762457e+02   1.1380000e+06
   6.4747693e+02   1.1370000e+06
   6.4732860e+02   1.1360000e+06
   6.4718349e+02   1.1350000e+06
   6.4703832e+02   1.1340000e+06
   6.4688581e+02   1.1330000e+06
   6.4673995e+02   1.1320000e+06
   6.4659316e+02   1.1310000e+06
   6.4647395e+02   1.1300000e+06
   6.4631446e+02   1.1290000e+06
   6.4614922e+02   1.1280000e+06
   6.4600808e+02   1.1270000e+06
   6.4586585e+02   1.1260000e+06
   6.4572486e+02   1.1250000e+06
   6.4558560e+02   1.1240000e+06
   6.4543269e+02   1.1230000e+06
   6.4527414e+02   1.1220000e+06
   6.4513055e+02   1.1210000e+06
   6.4500199e+02   1.1200000e+06
   6.4485834e+02   1.1190000e+06
   6.4473407e+02   1.1180000e+06
   6.4459059e+02   1.1170000e+06
   6.4445122e+02   1.1160000e+06
   6.4430436e+02   1.1150000e+06
   6.4410299e+02   1.1140000e+06
   6.4396291e+02   1.1130000e+06
   6.4381666e+02   1.1120000e+06
   6.4367554e+02   1.1110000e+06
   6.4353031e+02   1.1100000e+06
   6.4338773e+02   1.1090000e+06
   6.4328011e+02   1.1080000e+06
   6.4313645e+02   1.1070000e+06
   6.4299490e+02   1.1060000e+06
   6.4285612e+02   1.1050000e+06
   6.4277995e+02   1.1040000e+06
   6.4263663e+02   1.1030000e+06
   6.4249321e+02   1.1020000e+06
   6.4252416e+02   1.1010000e+06
   6.4238872e+02   1.1000000e+06
   6.4225317e+02   1.0990000e+06
   6.4216981e+02   1.0980000e+06
   6.4203412e+02   1.0970000e+06
   6.4189837e+02   1.0960000e+06
   6.4176259e+02   1.0950000e+06
   6.4162665e+02   1.0940000e+06
   6.4149067e+02   1.0930000e+06
   6.4139498e+02   1.0920000e+06
   6.4125890e+02   1.0910000e+06
   6.4112266e+02   1.0900000e+06
   6.4098644e+02   1.0890000e+06
   6.4085007e+02   1.0880000e+06
   6.4071366e+02   1.0870000e+06
   6.4057715e+02   1.0860000e+06
   6.4048361e+02   1.0850000e+06
   6.4034694e+02   1.0840000e+06
   6.4021023e+02   1.0830000e+06
   6.4007348e+02   1.0820000e+06
   6.4000000e+02   1.0814633e+06
   6.3993709e+02   1.0810000e+06
   6.3980125e+02   1.0800000e+06
   6.3970869e+02   1.0790000e+06
   6.3957270e+02   1.0780000e+06
   6.3943667e+02   1.0770000e+06
   6.3930055e+02   1.0760000e+06
   6.3916432e+02   1.0750000e+06
   6.3902801e+02   1.0740000e+06
   6.3893629e+02   1.0730000e+06
   6.3879967e+02   1.0720000e+06
   6.3866302e+02   1.0710000e+06
   6.3852621e+02   1.0700000e+06
   6.3838937e+02   1.0690000e+06
   6.3825244e+02   1.0680000e+06
   6.3811539e+02   1.0670000e+06
   6.3800913e+02   1.0660000e+06
   6.3787200e+02   1.0650000e+06
   6.3773477e+02   1.0640000e+06
   6.3759745e+02   1.0630000e+06
   6.3746008e+02   1.0620000e+06
   6.3732257e+02   1.0610000e+06
   6.3721971e+02   1.0600000e+06
   6.3708208e+02   1.0590000e+06
   6.3694443e+02   1.0580000e+06
   6.3680663e+02   1.0570000e+06
   6.3666877e+02   1.0560000e+06
   6.3653083e+02   1.0550000e+06
   6.3639280e+02   1.0540000e+06
   6.3628871e+02   1.0530000e+06
   6.3615058e+02   1.0520000e+06
   6.3601235e+02   1.0510000e+06
   6.3587401e+02   1.0500000e+06
   6.3573561e+02   1.0490000e+06
   6.3559713e+02   1.0480000e+06
   6.3547919e+02   1.0470000e+06
   6.3534057e+02   1.0460000e+06
   6.3520183e+02   1.0450000e+06
   6.3506308e+02   1.0440000e+06
   6.3492418e+02   1.0430000e+06
   6.3478520e+02   1.0420000e+06
   6.3467526e+02   1.0410000e+06
   6.3453638e+02   1.0400000e+06
   6.3439743e+02   1.0390000e+06
   6.3425836e+02   1.0380000e+06
   6.3411925e+02   1.0370000e+06
   6.3397999e+02   1.0360000e+06
   6.3384069e+02   1.0350000e+06
   6.3372413e+02   1.0340000e+06
   6.3358467e+02   1.0330000e+06
   6.3344513e+02   1.0320000e+06
   6.3330554e+02   1.0310000e+06
   6.3316581e+02   1.0300000e+06
   6.3302603e+02   1.0290000e+06
   6.3289718e+02   1.0280000e+06
   6.3275703e+02   1.0270000e+06
   6.3261678e+02   1.0260000e+06
   6.3247650e+02   1.0250000e+06
   6.3233606e+02   1.0240000e+06
   6.3219558e+02   1.0230000e+06
   6.3207808e+02   1.0220000e+06
   6.3193744e+02   1.0210000e+06
   6.3179671e+02   1.0200000e+06
   6.3165593e+02   1.0190000e+06
   6.3137806e+02   1.0180000e+06
   6.3123707e+02   1.0170000e+06
   6.3098999e+02   1.0160000e+06
   6.3028747e+02   1.0150000e+06
   6.3029874e+02   1.0140000e+06
   6.3015725e+02   1.0130000e+06
   6.3001466e+02   1.0120000e+06
   6.3007006e+02   1.0110000e+06
   6.3000000e+02   1.0105033e+06
   6.2992730e+02   1.0100000e+06
   6.2959980e+02   1.0090000e+06
   6.2949427e+02   1.0080000e+06
   6.2938520e+02   1.0070000e+06
   6.2928117e+02   1.0060000e+06
   6.2912243e+02   1.0050000e+06
   6.2894793e+02   1.0040000e+06
   6.2875840e+02   1.0030000e+06
   6.2858988e+02   1.0020000e+06
   6.2842306e+02   1.0010000e+06
   6.2826057e+02   1.0000000e+06
   6.2807956e+02   9.9900000e+05
   6.2785835e+02   9.9800000e+05
   6.2763476e+02   9.9700000e+05
   6.2741702e+02   9.9600000e+05
   6.2717767e+02   9.9500000e+05
   6.2696908e+02   9.9400000e+05
   6.2660219e+02   9.9300000e+05
   6.2649038e+02   9.9200000e+05
   6.2621679e+02   9.9100000e+05
   6.2591269e+02   9.9000000e+05
   6.2564154e+02   9.8900000e+05
   6.2536292e+02   9.8800000e+05
   6.2510501e+02   9.8700000e+05
   6.2479840e+02   9.8600000e+05
   6.2445846e+02   9.8500000e+05
   6.2408683e+02   9.8400000e+05
   6.2374050e+02   9.8300000e+05
   6.2337499e+02   9.8200000e+05
   6.2305474e+02   9.8100000e+05
   6.2227593e+02   9.8000000e+05
   6.2228817e+02   9.7900000e+05
   6.2185757e+02   9.7800000e+05
   6.2139334e+02   9.7700000e+05
   6.2095322e+02   9.7600000e+05
   6.2046947e+02   9.7500000e+05
   6.2007889e+02   9.7400000e+05
   6.2000000e+02   9.7385117e+05
   6.1955315e+02   9.7300000e+05
   6.1900346e+02   9.7200000e+05
   6.1841671e+02   9.7100000e+05
   6.1783982e+02   9.7000000e+05
   6.1721700e+02   9.6900000e+05
   6.1605280e+02   9.6800000e+05
   6.1603377e+02   9.6700000e+05
   6.1490573e+02   9.6600000e+05
   6.1449854e+02   9.6500000e+05
   6.1371495e+02   9.6400000e+05
   6.1297181e+02   9.6300000e+05
   6.1229982e+02   9.6200000e+05
   6.1157690e+02   9.6100000e+05
   6.1094850e+02   9.6000000e+05
   6.1038236e+02   9.5900000e+05
   6.1026763e+02   9.5800000e+05
   6.1018903e+02   9.5700000e+05
   6.1005403e+02   9.5600000e+05
   6.1000000e+02   9.5575641e+05
   6.0983218e+02   9.5500000e+05
   6.0976715e+02   9.5400000e+05
   6.0960944e+02   9.5300000e+05
   6.0945684e+02   9.5200000e+05
   6.0929804e+02   9.5100000e+05
   6.0914699e+02   9.5000000e+05
   6.0899853e+02   9.4900000e+05
   6.0885378e+02   9.4800000e+05
   6.0871824e+02   9.4700000e+05
   6.0858471e+02   9.4600000e+05
   6.0845095e+02   9.4500000e+05
   6.0831706e+02   9.4400000e+05
   6.0818299e+02   9.4300000e+05
   6.0804906e+02   9.4200000e+05
   6.0796163e+02   9.4100000e+05
   6.0782632e+02   9.4000000e+05
   6.0769088e+02   9.3900000e+05
   6.0752646e+02   9.3800000e+05
   6.0738444e+02   9.3700000e+05
   6.0724255e+02   9.3600000e+05
   6.0710502e+02   9.3500000e+05
   6.0697007e+02   9.3400000e+05
   6.0683516e+02   9.3300000e+05
   6.0670014e+02   9.3200000e+05
   6.0656492e+02   9.3100000e+05
   6.0642973e+02   9.3000000e+05
   6.0629641e+02   9.2900000e+05
   6.0619507e+02   9.2800000e+05
   6.0605767e+02   9.2700000e+05
   6.0590642e+02   9.2600000e+05
   6.0576547e+02   9.2500000e+05
   6.0562493e+02   9.2400000e+05
   6.0551289e+02   9.2300000e+05
   6.0534791e+02   9.2200000e+05
   6.0521206e+02   9.2100000e+05
   6.0507540e+02   9.2000000e+05
   6.0493924e+02   9.1900000e+05
   6.0480342e+02   9.1800000e+05
   6.0466684e+02   9.1700000e+05
   6.0453042e+02   9.1600000e+05
   6.0439598e+02   9.1500000e+05
   6.0425868e+02   9.1400000e+05
   6.0412360e+02   9.1300000e+05
   6.0398855e+02   9.1200000e+05
   6.0385470e+02   9.1100000e+05
   6.0371835e+02   9.1000000e+05
   6.0358194e+02   9.0900000e+05
   6.0344547e+02   9.0800000e+05
   6.0330885e+02   9.0700000e+05
   6.0317218e+02   9.0600000e+05
   6.0303519e+02   9.0500000e+05
   6.0289847e+02   9.0400000e+05
   6.0277840e+02   9.0300000e+05
   6.0264055e+02   9.0200000e+05
   6.0250257e+02   9.0100000e+05
   6.0235578e+02   9.0000000e+05
   6.0221600e+02   8.9900000e+05
   6.0207642e+02   8.9800000e+05
   6.0188468e+02   8.9700000e+05
   6.0177818e+02   8.9600000e+05
   6.0165426e+02   8.9500000e+05
   6.0149949e+02   8.9400000e+05
   6.0134457e+02   8.9300000e+05
   6.0117202e+02   8.9200000e+05
   6.0103303e+02   8.9100000e+05
   6.0089394e+02   8.9000000e+05
   6.0075480e+02   8.8900000e+05
   6.0061545e+02   8.8800000e+05
   6.0047612e+02   8.8700000e+05
   6.0033657e+02   8.8600000e+05
   6.0019709e+02   8.8500000e+05
   6.0005760e+02   8.8400000e+05
   6.0000000e+02   8.8358707e+05
   5.9991933e+02   8.8300000e+05
   5.9978187e+02   8.8200000e+05
   5.9964439e+02   8.8100000e+05
   5.9950679e+02   8.8000000e+05
   5.9936920e+02   8.7900000e+05
   5.9922961e+02   8.7800000e+05
   5.9909344e+02   8.7700000e+05
   5.9895527e+02   8.7600000e+05
   5.9881672e+02   8.7500000e+05
   5.9867810e+02   8.7400000e+05
   5.9853908e+02   8.7300000e+05
   5.9840068e+02   8.7200000e+05
   5.9826242e+02   8.7100000e+05
   5.9812412e+02   8.7000000e+05
   5.9798583e+02   8.6900000e+05
   5.9784741e+02   8.6800000e+05
   5.9770887e+02   8.6700000e+05
   5.9757028e+02   8.6600000e+05
   5.9743081e+02   8.6500000e+05
   5.9729219e+02   8.6400000e+05
   5.9715048e+02   8.6300000e+05
   5.9701117e+02   8.6200000e+05
   5.9687184e+02   8.6100000e+05
   5.9673358e+02   8.6000000e+05
   5.9659286e+02   8.5900000e+05
   5.9645355e+02   8.5800000e+05
   5.9631416e+02   8.5700000e+05
   5.9617479e+02   8.5600000e+05
   5.9603557e+02   8.5500000e+05
   5.9589611e+02   8.5400000e+05
   5.9575640e+02   8.5300000e+05
   5.9561717e+02   8.5200000e+05
   5.9547800e+02   8.5100000e+05
   5.9533910e+02   8.5000000e+05
   5.9519629e+02   8.4900000e+05
   5.9505681e+02   8.4800000e+05
   5.9491762e+02   8.4700000e+05
   5.9477816e+02   8.4600000e+05
   5.9463789e+02   8.4500000e+05
   5.9449758e+02   8.4400000e+05
   5.9435714e+02   8.4300000e+05
   5.9421667e+02   8.4200000e+05
   5.9407612e+02   8.4100000e+05
   5.9393591e+02   8.4000000e+05
   5.9379486e+02   8.3900000e+05
   5.9365409e+02   8.3800000e+05
   5.9351335e+02   8.3700000e+05
   5.9337279e+02   8.3600000e+05
   5.9323195e+02   8.3500000e+05
   5.9309090e+02   8.3400000e+05
   5.9294214e+02   8.3300000e+05
   5.9278699e+02   8.3200000e+05
   5.9263153e+02   8.3100000e+05
   5.9248745e+02   8.3000000e+05
   5.9237142e+02   8.2900000e+05
   5.9221492e+02   8.2800000e+05
   5.9206026e+02   8.2700000e+05
   5.9191769e+02   8.2600000e+05
   5.9177537e+02   8.2500000e+05
   5.9163215e+02   8.2400000e+05
   5.9148922e+02   8.2300000e+05
   5.9134621e+02   8.2200000e+05
   5.9120361e+02   8.2100000e+05
   5.9105988e+02   8.2000000e+05
   5.9091677e+02   8.1900000e+05
   5.9077352e+02   8.1800000e+05
   5.9063087e+02   8.1700000e+05
   5.9048747e+02   8.1600000e+05
   5.9034395e+02   8.1500000e+05
   5.9020039e+02   8.1400000e+05
   5.9005686e+02   8.1300000e+05
   5.9000000e+02   8.1260420e+05
   5.8991424e+02   8.1200000e+05
   5.8977340e+02   8.1100000e+05
   5.8963136e+02   8.1000000e+05
   5.8948910e+02   8.0900000e+05
   5.8934623e+02   8.0800000e+05
   5.8920444e+02   8.0700000e+05
   5.8906202e+02   8.0600000e+05
   5.8891946e+02   8.0500000e+05
   5.8877624e+02   8.0400000e+05
   5.8863362e+02   8.0300000e+05
   5.8849084e+02   8.0200000e+05
   5.8834890e+02   8.0100000e+05
   5.8820728e+02   8.0000000e+05
   5.8806557e+02   7.9900000e+05
   5.8792030e+02   7.9800000e+05
   5.8777847e+02   7.9700000e+05
   5.8763631e+02   7.9600000e+05
   5.8749150e+02   7.9500000e+05
   5.8735105e+02   7.9400000e+05
   5.8720838e+02   7.9300000e+05
   5.8706535e+02   7.9200000e+05
   5.8692088e+02   7.9100000e+05
   5.8677799e+02   7.9000000e+05
   5.8663505e+02   7.8900000e+05
   5.8649228e+02   7.8800000e+05
   5.8634719e+02   7.8700000e+05
   5.8620328e+02   7.8600000e+05
   5.8605916e+02   7.8500000e+05
   5.8591489e+02   7.8400000e+05
   5.8577182e+02   7.8300000e+05
   5.8562637e+02   7.8200000e+05
   5.8548075e+02   7.8100000e+05
   5.8533429e+02   7.8000000e+05
   5.8518877e+02   7.7900000e+05
   5.8504539e+02   7.7800000e+05
   5.8489856e+02   7.7700000e+05
   5.8475230e+02   7.7600000e+05
   5.8460797e+02   7.7500000e+05
   5.8446473e+02   7.7400000e+05
   5.8432095e+02   7.7300000e+05
   5.8417449e+02   7.7200000e+05
   5.8403110e+02   7.7100000e+05
   5.8388768e+02   7.7000000e+05
   5.8374253e+02   7.6900000e+05
   5.8359693e+02   7.6800000e+05
   5.8344937e+02   7.6700000e+05
   5.8330307e+02   7.6600000e+05
   5.8315731e+02   7.6500000e+05
   5.8300164e+02   7.6400000e+05
   5.8285538e+02   7.6300000e+05
   5.8270975e+02   7.6200000e+05
   5.8256317e+02   7.6100000e+05
   5.8241663e+02   7.6000000e+05
   5.8227038e+02   7.5900000e+05
   5.8212347e+02   7.5800000e+05
   5.8197647e+02   7.5700000e+05
   5.8182963e+02   7.5600000e+05
   5.8168341e+02   7.5500000e+05
   5.8153637e+02   7.5400000e+05
   5.8138955e+02   7.5300000e+05
   5.8124277e+02   7.5200000e+05
   5.8109486e+02   7.5100000e+05
   5.8094824e+02   7.5000000e+05
   5.8080072e+02   7.4900000e+05
   5.8065316e+02   7.4800000e+05
   5.8050552e+02   7.4700000e+05
   5.8035780e+02   7.4600000e+05
   5.8020991e+02   7.4500000e+05
   5.8006204e+02   7.4400000e+05
   5.8000000e+02   7.4358009e+05
   5.7991516e+02   7.4300000e+05
   5.7976881e+02   7.4200000e+05
   5.7962231e+02   7.4100000e+05
   5.7947572e+02   7.4000000e+05
   5.7932893e+02   7.3900000e+05
   5.7918184e+02   7.3800000e+05
   5.7903699e+02   7.3700000e+05
   5.7888987e+02   7.3600000e+05
   5.7874294e+02   7.3500000e+05
   5.7859598e+02   7.3400000e+05
   5.7844894e+02   7.3300000e+05
   5.7830209e+02   7.3200000e+05
   5.7815458e+02   7.3100000e+05
   5.7800687e+02   7.3000000e+05
   5.7785909e+02   7.2900000e+05
   5.7771126e+02   7.2800000e+05
   5.7756330e+02   7.2700000e+05
   5.7741533e+02   7.2600000e+05
   5.7726885e+02   7.2500000e+05
   5.7711926e+02   7.2400000e+05
   5.7697144e+02   7.2300000e+05
   5.7682348e+02   7.2200000e+05
   5.7667545e+02   7.2100000e+05
   5.7652724e+02   7.2000000e+05
   5.7638108e+02   7.1900000e+05
   5.7623095e+02   7.1800000e+05
   5.7608279e+02   7.1700000e+05
   5.7593472e+02   7.1600000e+05
   5.7578649e+02   7.1500000e+05
   5.7563813e+02   7.1400000e+05
   5.7548922e+02   7.1300000e+05
   5.7534022e+02   7.1200000e+05
   5.7518978e+02   7.1100000e+05
   5.7503929e+02   7.1000000e+05
   5.7488875e+02   7.0900000e+05
   5.7473818e+02   7.0800000e+05
   5.7458834e+02   7.0700000e+05
   5.7444593e+02   7.0600000e+05
   5.7428871e+02   7.0500000e+05
   5.7414061e+02   7.0400000e+05
   5.7399241e+02   7.0300000e+05
   5.7384410e+02   7.0200000e+05
   5.7369570e+02   7.0100000e+05
   5.7354717e+02   7.0000000e+05
   5.7339713e+02   6.9900000e+05
   5.7324627e+02   6.9800000e+05
   5.7309531e+02   6.9700000e+05
   5.7294426e+02   6.9600000e+05
   5.7279307e+02   6.9500000e+05
   5.7264183e+02   6.9400000e+05
   5.7249095e+02   6.9300000e+05
   5.7233924e+02   6.9200000e+05
   5.7218781e+02   6.9100000e+05
   5.7203624e+02   6.9000000e+05
   5.7188458e+02   6.8900000e+05
   5.7173282e+02   6.8800000e+05
   5.7158094e+02   6.8700000e+05
   5.7142932e+02   6.8600000e+05
   5.7127756e+02   6.8500000e+05
   5.7112570e+02   6.8400000e+05
   5.7097382e+02   6.8300000e+05
   5.7082175e+02   6.8200000e+05
   5.7066951e+02   6.8100000e+05
   5.7051788e+02   6.8000000e+05
   5.7036525e+02   6.7900000e+05
   5.7021424e+02   6.7800000e+05
   5.7006315e+02   6.7700000e+05
   5.7000000e+02   6.7658223e+05
   5.6991294e+02   6.7600000e+05
   5.6976476e+02   6.7500000e+05
   5.6961325e+02   6.7400000e+05
   5.6946149e+02   6.7300000e+05
   5.6930964e+02   6.7200000e+05
   5.6915771e+02   6.7100000e+05
   5.6900565e+02   6.7000000e+05
   5.6885349e+02   6.6900000e+05
   5.6870201e+02   6.6800000e+05
   5.6854932e+02   6.6700000e+05
   5.6839887e+02   6.6600000e+05
   5.6824677e+02   6.6500000e+05
   5.6809353e+02   6.6400000e+05
   5.6794124e+02   6.6300000e+05
   5.6778804e+02   6.6200000e+05
   5.6763681e+02   6.6100000e+05
   5.6748403e+02   6.6000000e+05
   5.6733203e+02   6.5900000e+05
   5.6718101e+02   6.5800000e+05
   5.6702876e+02   6.5700000e+05
   5.6687710e+02   6.5600000e+05
   5.6672373e+02   6.5500000e+05
   5.6657047e+02   6.5400000e+05
   5.6641707e+02   6.5300000e+05
   5.6626350e+02   6.5200000e+05
   5.6611069e+02   6.5100000e+05
   5.6595692e+02   6.5000000e+05
   5.6580292e+02   6.4900000e+05
   5.6564901e+02   6.4800000e+05
   5.6549547e+02   6.4700000e+05
   5.6534190e+02   6.4600000e+05
   5.6518541e+02   6.4500000e+05
   5.6503163e+02   6.4400000e+05
   5.6487781e+02   6.4300000e+05
   5.6472380e+02   6.4200000e+05
   5.6456979e+02   6.4100000e+05
   5.6441550e+02   6.4000000e+05
   5.6426101e+02   6.3900000e+05
   5.6410989e+02   6.3800000e+05
   5.6395514e+02   6.3700000e+05
   5.6379985e+02   6.3600000e+05
   5.6364540e+02   6.3500000e+05
   5.6349105e+02   6.3400000e+05
   5.6333245e+02   6.3300000e+05
   5.6317764e+02   6.3200000e+05
   5.6302281e+02   6.3100000e+05
   5.6286780e+02   6.3000000e+05
   5.6271253e+02   6.2900000e+05
   5.6255668e+02   6.2800000e+05
   5.6240072e+02   6.2700000e+05
   5.6224570e+02   6.2600000e+05
   5.6208948e+02   6.2500000e+05
   5.6193307e+02   6.2400000e+05
   5.6177775e+02   6.2300000e+05
   5.6162046e+02   6.2200000e+05
   5.6146448e+02   6.2100000e+05
   5.6130736e+02   6.2000000e+05
   5.6115118e+02   6.1900000e+05
   5.6099482e+02   6.1800000e+05
   5.6083841e+02   6.1700000e+05
   5.6068073e+02   6.1600000e+05
   5.6052267e+02   6.1500000e+05
   5.6036453e+02   6.1400000e+05
   5.6020624e+02   6.1300000e+05
   5.6004782e+02   6.1200000e+05
   5.6000000e+02   6.1169841e+05
   5.5989046e+02   6.1100000e+05
   5.5973434e+02   6.1000000e+05
   5.5957930e+02   6.0900000e+05
   5.5942413e+02   6.0800000e+05
   5.5926882e+02   6.0700000e+05
   5.5911343e+02   6.0600000e+05
   5.5895784e+02   6.0500000e+05
   5.5880220e+02   6.0400000e+05
   5.5864617e+02   6.0300000e+05
   5.5849007e+02   6.0200000e+05
   5.5832921e+02   6.0100000e+05
   5.5817312e+02   6.0000000e+05
   5.5801753e+02   5.9900000e+05
   5.5786076e+02   5.9800000e+05
   5.5770315e+02   5.9700000e+05
   5.5754505e+02   5.9600000e+05
   5.5738545e+02   5.9500000e+05
   5.5723076e+02   5.9400000e+05
   5.5707266e+02   5.9300000e+05
   5.5691304e+02   5.9200000e+05
   5.5675583e+02   5.9100000e+05
   5.5659730e+02   5.9000000e+05
   5.5643974e+02   5.8900000e+05
   5.5627864e+02   5.8800000e+05
   5.5612093e+02   5.8700000e+05
   5.5596315e+02   5.8600000e+05
   5.5580511e+02   5.8500000e+05
   5.5564527e+02   5.8400000e+05
   5.5548511e+02   5.8300000e+05
   5.5532474e+02   5.8200000e+05
   5.5516720e+02   5.8100000e+05
   5.5500656e+02   5.8000000e+05
   5.5484581e+02   5.7900000e+05
   5.5468595e+02   5.7800000e+05
   5.5452687e+02   5.7700000e+05
   5.5436772e+02   5.7600000e+05
   5.5420606e+02   5.7500000e+05
   5.5404671e+02   5.7400000e+05
   5.5388723e+02   5.7300000e+05
   5.5372762e+02   5.7200000e+05
   5.5356787e+02   5.7100000e+05
   5.5340804e+02   5.7000000e+05
   5.5324805e+02   5.6900000e+05
   5.5308792e+02   5.6800000e+05
   5.5292765e+02   5.6700000e+05
   5.5276684e+02   5.6600000e+05
   5.5260669e+02   5.6500000e+05
   5.5244594e+02   5.6400000e+05
   5.5228494e+02   5.6300000e+05
   5.5212395e+02   5.6200000e+05
   5.5196241e+02   5.6100000e+05
   5.5180114e+02   5.6000000e+05
   5.5163940e+02   5.5900000e+05
   5.5147700e+02   5.5800000e+05
   5.5131233e+02   5.5700000e+05
   5.5114877e+02   5.5600000e+05
   5.5098655e+02   5.5500000e+05
   5.5082184e+02   5.5400000e+05
   5.5066310e+02   5.5300000e+05
   5.5049543e+02   5.5200000e+05
   5.5033224e+02   5.5100000e+05
   5.5016971e+02   5.5000000e+05
   5.5000700e+02   5.4900000e+05
   5.5000000e+02   5.4895658e+05
   5.4984746e+02   5.4800000e+05
   5.4968519e+02   5.4700000e+05
   5.4952320e+02   5.4600000e+05
   5.4936167e+02   5.4500000e+05
   5.4920002e+02   5.4400000e+05
   5.4903823e+02   5.4300000e+05
   5.4887632e+02   5.4200000e+05
   5.4871427e+02   5.4100000e+05
   5.4855206e+02   5.4000000e+05
   5.4838972e+02   5.3900000e+05
   5.4822725e+02   5.3800000e+05
   5.4806461e+02   5.3700000e+05
   5.4790187e+02   5.3600000e+05
   5.4773898e+02   5.3500000e+05
   5.4757733e+02   5.3400000e+05
   5.4741271e+02   5.3300000e+05
   5.4724939e+02   5.3200000e+05
   5.4708593e+02   5.3100000e+05
   5.4692234e+02   5.3000000e+05
   5.4675858e+02   5.2900000e+05
   5.4659469e+02   5.2800000e+05
   5.4643058e+02   5.2700000e+05
   5.4626640e+02   5.2600000e+05
   5.4610155e+02   5.2500000e+05
   5.4593650e+02   5.2400000e+05
   5.4577136e+02   5.2300000e+05
   5.4560559e+02   5.2200000e+05
   5.4544063e+02   5.2100000e+05
   5.4527470e+02   5.2000000e+05
   5.4510862e+02   5.1900000e+05
   5.4494236e+02   5.1800000e+05
   5.4477598e+02   5.1700000e+05
   5.4460942e+02   5.1600000e+05
   5.4444569e+02   5.1500000e+05
   5.4427729e+02   5.1400000e+05
   5.4411222e+02   5.1300000e+05
   5.4394664e+02   5.1200000e+05
   5.4378098e+02   5.1100000e+05
   5.4361463e+02   5.1000000e+05
   5.4344908e+02   5.0900000e+05
   5.4328244e+02   5.0800000e+05
   5.4311618e+02   5.0700000e+05
   5.4294919e+02   5.0600000e+05
   5.4278208e+02   5.0500000e+05
   5.4261480e+02   5.0400000e+05
   5.4244739e+02   5.0300000e+05
   5.4227978e+02   5.0200000e+05
   5.4211205e+02   5.0100000e+05
   5.4194421e+02   5.0000000e+05
   5.4177615e+02   4.9900000e+05
   5.4160797e+02   4.9800000e+05
   5.4143961e+02   4.9700000e+05
   5.4127590e+02   4.9600000e+05
   5.4110247e+02   4.9500000e+05
   5.4093368e+02   4.9400000e+05
   5.4076473e+02   4.9300000e+05
   5.4059559e+02   4.9200000e+05
   5.4042634e+02   4.9100000e+05
   5.4025691e+02   4.9000000e+05
   5.4008736e+02   4.8900000e+05
   5.4000000e+02   4.8848550e+05
   5.3991845e+02   4.8800000e+05
   5.3975037e+02   4.8700000e+05
   5.3958225e+02   4.8600000e+05
   5.3941397e+02   4.8500000e+05
   5.3924580e+02   4.8400000e+05
   5.3908255e+02   4.8300000e+05
   5.3890851e+02   4.8200000e+05
   5.3873964e+02   4.8100000e+05
   5.3857060e+02   4.8000000e+05
   5.3840143e+02   4.7900000e+05
   5.3823210e+02   4.7800000e+05
   5.3806259e+02   4.7700000e+05
   5.3789364e+02   4.7600000e+05
   5.3772580e+02   4.7500000e+05
   5.3755754e+02   4.7400000e+05
   5.3738886e+02   4.7300000e+05
   5.3721889e+02   4.7200000e+05
   5.3705026e+02   4.7100000e+05
   5.3688024e+02   4.7000000e+05
   5.3671051e+02   4.6900000e+05
   5.3653942e+02   4.6800000e+05
   5.3636815e+02   4.6700000e+05
   5.3619672e+02   4.6600000e+05
   5.3602516e+02   4.6500000e+05
   5.3585667e+02   4.6400000e+05
   5.3568147e+02   4.6300000e+05
   5.3550944e+02   4.6200000e+05
   5.3533785e+02   4.6100000e+05
   5.3516646e+02   4.6000000e+05
   5.3499656e+02   4.5900000e+05
   5.3482400e+02   4.5800000e+05
   5.3465122e+02   4.5700000e+05
   5.3447832e+02   4.5600000e+05
   5.3430525e+02   4.5500000e+05
   5.3413201e+02   4.5400000e+05
   5.3395860e+02   4.5300000e+05
   5.3378503e+02   4.5200000e+05
   5.3361325e+02   4.5100000e+05
   5.3343932e+02   4.5000000e+05
   5.3326583e+02   4.4900000e+05
   5.3309284e+02   4.4800000e+05
   5.3291961e+02   4.4700000e+05
   5.3274668e+02   4.4600000e+05
   5.3257533e+02   4.4500000e+05
   5.3239941e+02   4.4400000e+05
   5.3222421e+02   4.4300000e+05
   5.3205095e+02   4.4200000e+05
   5.3187631e+02   4.4100000e+05
   5.3170128e+02   4.4000000e+05
   5.3152548e+02   4.3900000e+05
   5.3134785e+02   4.3800000e+05
   5.3117333e+02   4.3700000e+05
   5.3099707e+02   4.3600000e+05
   5.3082059e+02   4.3500000e+05
   5.3064395e+02   4.3400000e+05
   5.3046710e+02   4.3300000e+05
   5.3029211e+02   4.3200000e+05
   5.3011463e+02   4.3100000e+05
   5.3000000e+02   4.3034664e+05
   5.2993987e+02   4.3000000e+05
   5.2976627e+02   4.2900000e+05
   5.2959246e+02   4.2800000e+05
   5.2941843e+02   4.2700000e+05
   5.2924430e+02   4.2600000e+05
   5.2906895e+02   4.2500000e+05
   5.2889199e+02   4.2400000e+05
   5.2871589e+02   4.2300000e+05
   5.2854146e+02   4.2200000e+05
   5.2841677e+02   4.2100000e+05
   5.2824001e+02   4.2000000e+05
   5.2800707e+02   4.1900000e+05
   5.2783700e+02   4.1800000e+05
   5.2765178e+02   4.1700000e+05
   5.2748278e+02   4.1600000e+05
   5.2735149e+02   4.1500000e+05
   5.2722168e+02   4.1400000e+05
   5.2707170e+02   4.1300000e+05
   5.2702535e+02   4.1200000e+05
   5.2681882e+02   4.1100000e+05
   5.2669752e+02   4.1000000e+05
   5.2656561e+02   4.0900000e+05
   5.2644241e+02   4.0800000e+05
   5.2632578e+02   4.0700000e+05
   5.2617381e+02   4.0600000e+05
   5.2604039e+02   4.0500000e+05
   5.2589329e+02   4.0400000e+05
   5.2574210e+02   4.0300000e+05
   5.2557930e+02   4.0200000e+05
   5.2543392e+02   4.0100000e+05
   5.2528988e+02   4.0000000e+05
   5.2513073e+02   3.9900000e+05
   5.2497033e+02   3.9800000e+05
   5.2480674e+02   3.9700000e+05
   5.2464608e+02   3.9600000e+05
   5.2448009e+02   3.9500000e+05
   5.2431562e+02   3.9400000e+05
   5.2415093e+02   3.9300000e+05
   5.2398382e+02   3.9200000e+05
   5.2381636e+02   3.9100000e+05
   5.2364864e+02   3.9000000e+05
   5.2347689e+02   3.8900000e+05
   5.2330726e+02   3.8800000e+05
   5.2313622e+02   3.8700000e+05
   5.2296606e+02   3.8600000e+05
   5.2279435e+02   3.8500000e+05
   5.2262199e+02   3.8400000e+05
   5.2244895e+02   3.8300000e+05
   5.2227187e+02   3.8200000e+05
   5.2209792e+02   3.8100000e+05
   5.2192337e+02   3.8000000e+05
   5.2174821e+02   3.7900000e+05
   5.2157437e+02   3.7800000e+05
   5.2139778e+02   3.7700000e+05
   5.2122063e+02   3.7600000e+05
   5.2104323e+02   3.7500000e+05
   5.2086535e+02   3.7400000e+05
   5.2068680e+02   3.7300000e+05
   5.2058040e+02   3.7200000e+05
   5.2040061e+02   3.7100000e+05
   5.2022021e+02   3.7000000e+05
   5.2004007e+02   3.6900000e+05
   5.2000000e+02   3.6877882e+05
   5.1986004e+02   3.6800000e+05
   5.1967996e+02   3.6700000e+05
   5.1949952e+02   3.6600000e+05
   5.1931940e+02   3.6500000e+05
   5.1913822e+02   3.6400000e+05
   5.1895699e+02   3.6300000e+05
   5.1877480e+02   3.6200000e+05
   5.1859273e+02   3.6100000e+05
   5.1841008e+02   3.6000000e+05
   5.1822816e+02   3.5900000e+05
   5.1804739e+02   3.5800000e+05
   5.1786688e+02   3.5700000e+05
   5.1768455e+02   3.5600000e+05
   5.1750242e+02   3.5500000e+05
   5.1732116e+02   3.5400000e+05
   5.1713593e+02   3.5300000e+05
   5.1695055e+02   3.5200000e+05
   5.1676486e+02   3.5100000e+05
   5.1657877e+02   3.5000000e+05
   5.1639274e+02   3.4900000e+05
   5.1620619e+02   3.4800000e+05
   5.1601923e+02   3.4700000e+05
   5.1583218e+02   3.4600000e+05
   5.1564815e+02   3.4500000e+05
   5.1546101e+02   3.4400000e+05
   5.1527589e+02   3.4300000e+05
   5.1509253e+02   3.4200000e+05
   5.1490327e+02   3.4100000e+05
   5.1471417e+02   3.4000000e+05
   5.1452475e+02   3.3900000e+05
   5.1433490e+02   3.3800000e+05
   5.1414500e+02   3.3700000e+05
   5.1395474e+02   3.3600000e+05
   5.1376416e+02   3.3500000e+05
   5.1357641e+02   3.3400000e+05
   5.1338782e+02   3.3300000e+05
   5.1319984e+02   3.3200000e+05
   5.1301052e+02   3.3100000e+05
   5.1281926e+02   3.3000000e+05
   5.1262678e+02   3.2900000e+05
   5.1243547e+02   3.2800000e+05
   5.1224217e+02   3.2700000e+05
   5.1204902e+02   3.2600000e+05
   5.1185523e+02   3.2500000e+05
   5.1166599e+02   3.2400000e+05
   5.1147664e+02   3.2300000e+05
   5.1128414e+02   3.2200000e+05
   5.1108974e+02   3.2100000e+05
   5.1089502e+02   3.2000000e+05
   5.1069957e+02   3.1900000e+05
   5.1050388e+02   3.1800000e+05
   5.1030778e+02   3.1700000e+05
   5.1011949e+02   3.1600000e+05
   5.1000000e+02   3.1537815e+05
   5.0992815e+02   3.1500000e+05
   5.0973352e+02   3.1400000e+05
   5.0954000e+02   3.1300000e+05
   5.0934498e+02   3.1200000e+05
   5.0914995e+02   3.1100000e+05
   5.0895818e+02   3.1000000e+05
   5.0876484e+02   3.0900000e+05
   5.0857128e+02   3.0800000e+05
   5.0837704e+02   3.0700000e+05
   5.0818090e+02   3.0600000e+05
   5.0798605e+02   3.0500000e+05
   5.0779455e+02   3.0400000e+05
   5.0760166e+02   3.0300000e+05
   5.0740372e+02   3.0200000e+05
   5.0720597e+02   3.0100000e+05
   5.0700958e+02   3.0000000e+05
   5.0681333e+02   2.9900000e+05
   5.0663169e+02   2.9800000e+05
   5.0658333e+02   2.9700000e+05
   5.0727633e+02   2.9600000e+05
   5.0801602e+02   2.9500000e+05
   5.0862154e+02   2.9400000e+05
   5.0920211e+02   2.9300000e+05
   5.0952136e+02   2.9200000e+05
   5.0970347e+02   2.9100000e+05
   5.0977685e+02   2.9000000e+05
   5.0961810e+02   2.8900000e+05
   5.0956903e+02   2.8800000e+05
   5.1000000e+02   2.8755412e+05
   5.1060816e+02   2.8700000e+05
   5.1044503e+02   2.8600000e+05
   5.1025762e+02   2.8500000e+05
   5.1008735e+02   2.8400000e+05
   5.1000000e+02   2.8348586e+05
   5.0991809e+02   2.8300000e+05
   5.0974939e+02   2.8200000e+05
   5.0958041e+02   2.8100000e+05
   5.0941043e+02   2.8000000e+05
   5.0924112e+02   2.7900000e+05
   5.0907141e+02   2.7800000e+05
   5.0890174e+02   2.7700000e+05
   5.0873074e+02   2.7600000e+05
   5.0856041e+02   2.7500000e+05
   5.0838997e+02   2.7400000e+05
   5.0821924e+02   2.7300000e+05
   5.0804722e+02   2.7200000e+05
   5.0787608e+02   2.7100000e+05
   5.0770464e+02   2.7000000e+05
   5.0753295e+02   2.6900000e+05
   5.0735988e+02   2.6800000e+05
   5.0718795e+02   2.6700000e+05
   5.0701558e+02   2.6600000e+05
   5.0684316e+02   2.6500000e+05
   5.0666900e+02   2.6400000e+05
   5.0649610e+02   2.6300000e+05
   5.0632309e+02   2.6200000e+05
   5.0614973e+02   2.6100000e+05
   5.0597452e+02   2.6000000e+05
   5.0580070e+02   2.5900000e+05
   5.0562674e+02   2.5800000e+05
   5.0545261e+02   2.5700000e+05
   5.0527633e+02   2.5600000e+05
   5.0510170e+02   2.5500000e+05
   5.0492698e+02   2.5400000e+05
   5.0475196e+02   2.5300000e+05
   5.0457454e+02   2.5200000e+05
   5.0439915e+02   2.5100000e+05
   5.0422361e+02   2.5000000e+05
   5.0404789e+02   2.4900000e+05
   5.0386939e+02   2.4800000e+05
   5.0369114e+02   2.4700000e+05
   5.0351493e+02   2.4600000e+05
   5.0333850e+02   2.4500000e+05
   5.0315893e+02   2.4400000e+05
   5.0298206e+02   2.4300000e+05
   5.0280505e+02   2.4200000e+05
   5.0262379e+02   2.4100000e+05
   5.0244303e+02   2.4000000e+05
   5.0226535e+02   2.3900000e+05
   5.0208757e+02   2.3800000e+05
   5.0190588e+02   2.3700000e+05
   5.0172760e+02   2.3600000e+05
   5.0154914e+02   2.3500000e+05
   5.0137065e+02   2.3400000e+05
   5.0118783e+02   2.3300000e+05
   5.0100877e+02   2.3200000e+05
   5.0082975e+02   2.3100000e+05
   5.0065087e+02   2.3000000e+05
   5.0046689e+02   2.2900000e+05
   5.0028742e+02   2.2800000e+05
   5.0010762e+02   2.2700000e+05
   5.0000000e+02   2.2696474e+05
   4.9705376e+02   2.2600000e+05
   4.9421457e+02   2.2500000e+05
   4.9409313e+02   2.2400000e+05
   4.9388407e+02   2.2300000e+05
   4.9366023e+02   2.2200000e+05
   4.9336075e+02   2.2100000e+05
   4.9000000e+02   2.2050211e+05
   4.8658417e+02   2.2000000e+05
   4.8635556e+02   2.1900000e+05
   4.8612794e+02   2.1800000e+05
   4.8596283e+02   2.1700000e+05
   4.8573084e+02   2.1600000e+05
   4.8550109e+02   2.1500000e+05
   4.8427771e+02   2.1400000e+05
   4.8253780e+02   2.1300000e+05
   4.8216079e+02   2.1200000e+05
   4.8174377e+02   2.1100000e+05
   4.8093220e+02   2.1000000e+05
   4.8026636e+02   2.0900000e+05
   4.8000000e+02   2.0877975e+05
   4.7903808e+02   2.0800000e+05
   4.7879969e+02   2.0700000e+05
   4.7856321e+02   2.0600000e+05
   4.7832790e+02   2.0500000e+05
   4.7808272e+02   2.0400000e+05
   4.7783389e+02   2.0300000e+05
   4.7758045e+02   2.0200000e+05
   4.7732562e+02   2.0100000e+05
   4.7706825e+02   2.0000000e+05
   4.7678501e+02   1.9900000e+05
   4.7650435e+02   1.9800000e+05
   4.7621601e+02   1.9700000e+05
   4.7592068e+02   1.9600000e+05
   4.7559592e+02   1.9500000e+05
   4.7525790e+02   1.9400000e+05
   4.7490546e+02   1.9300000e+05
   4.7454013e+02   1.9200000e+05
   4.7411060e+02   1.9100000e+05
   4.7363432e+02   1.9000000e+05
   4.7306701e+02   1.8900000e+05
   4.7248544e+02   1.8800000e+05
   4.7139439e+02   1.8700000e+05
   4.7071100e+02   1.8600000e+05
   4.7000000e+02   1.8524299e+05
   4.6978521e+02   1.8500000e+05
   4.6934960e+02   1.8400000e+05
   4.6911563e+02   1.8300000e+05
   4.6893832e+02   1.8200000e+05
   4.6874920e+02   1.8100000e+05
   4.6856380e+02   1.8000000e+05
   4.6837902e+02   1.7900000e+05
   4.6819437e+02   1.7800000e+05
   4.6800970e+02   1.7700000e+05
   4.6782421e+02   1.7600000e+05
   4.6763809e+02   1.7500000e+05
   4.6745207e+02   1.7400000e+05
   4.6726632e+02   1.7300000e+05
   4.6707887e+02   1.7200000e+05
   4.6689213e+02   1.7100000e+05
   4.6670495e+02   1.7000000e+05
   4.6651722e+02   1.6900000e+05
   4.6633148e+02   1.6800000e+05
   4.6613476e+02   1.6700000e+05
   4.6597780e+02   1.6600000e+05
   4.6582210e+02   1.6500000e+05
   4.6566851e+02   1.6400000e+05
   4.6551328e+02   1.6300000e+05
   4.6535722e+02   1.6200000e+05
   4.6520043e+02   1.6100000e+05
   4.6503989e+02   1.6000000e+05
   4.6487959e+02   1.5900000e+05
   4.6471803e+02   1.5800000e+05
   4.6455568e+02   1.5700000e+05
   4.6439015e+02   1.5600000e+05
   4.6422327e+02   1.5500000e+05
   4.6405659e+02   1.5400000e+05
   4.6388712e+02   1.5300000e+05
   4.6371891e+02   1.5200000e+05
   4.6354764e+02   1.5100000e+05
   4.6337513e+02   1.5000000e+05
   4.6320382e+02   1.4900000e+05
   4.6302699e+02   1.4800000e+05
   4.6284924e+02   1.4700000e+05
   4.6267129e+02   1.4600000e+05
   4.6249160e+02   1.4500000e+05
   4.6231070e+02   1.4400000e+05
   4.6212849e+02   1.4300000e+05
   4.6194844e+02   1.4200000e+05
   4.6176623e+02   1.4100000e+05
   4.6156746e+02   1.4000000e+05
   4.6137931e+02   1.3900000e+05
   4.6124395e+02   1.3800000e+05
   4.6116323e+02   1.3700000e+05
   4.6097018e+02   1.3600000e+05
   4.6078720e+02   1.3500000e+05
   4.6060633e+02   1.3400000e+05
   4.6041812e+02   1.3300000e+05
   4.6023084e+02   1.3200000e+05
   4.6004545e+02   1.3100000e+05
   4.6000000e+02   1.3077263e+05
   4.5984477e+02   1.3000000e+05
   4.5965281e+02   1.2900000e+05
   4.5948291e+02   1.2800000e+05
   4.5929475e+02   1.2700000e+05
   4.5910351e+02   1.2600000e+05
   4.5890946e+02   1.2500000e+05
   4.5870888e+02   1.2400000e+05
   4.5851891e+02   1.2300000e+05
   4.5832257e+02   1.2200000e+05
   4.5810727e+02   1.2100000e+05
   4.5791666e+02   1.2000000e+05
   4.5772489e+02   1.1900000e+05
   4.5743427e+02   1.1800000e+05
   4.5724463e+02   1.1700000e+05
   4.5000000e+02   1.1619914e+05
   4.4858402e+02   1.1600000e+05
   4.4801467e+02   1.1500000e+05
   4.4645312e+02   1.1400000e+05
   4.4608807e+02   1.1300000e+05
   4.4447990e+02   1.1200000e+05
   4.4371642e+02   1.1100000e+05
   4.4290872e+02   1.1000000e+05
   4.4258980e+02   1.0900000e+05
   4.4176526e+02   1.0800000e+05
   4.4154668e+02   1.0700000e+05
   4.4000000e+02   1.0669415e+05
   4.3761537e+02   1.0600000e+05
   4.3624624e+02   1.0500000e+05
   4.3514648e+02   1.0400000e+05
   4.3492885e+02   1.0300000e+05
   4.3460302e+02   1.0200000e+05
   4.3438548e+02   1.0100000e+05
   4.3420167e+02   1.0000000e+05
   4.3398073e+02   9.9000000e+04
   4.3379532e+02   9.8000000e+04
   4.3360546e+02   9.7000000e+04
   4.3337668e+02   9.6000000e+04
   4.3315343e+02   9.5000000e+04
   4.3292821e+02   9.4000000e+04
   4.3267848e+02   9.3000000e+04
   4.3240967e+02   9.2000000e+04
   4.3218487e+02   9.1000000e+04
   4.3190880e+02   9.0000000e+04
   4.3162967e+02   8.9000000e+04
   4.3134991e+02   8.8000000e+04
   4.3112311e+02   8.7000000e+04
   4.3080196e+02   8.6000000e+04
   4.3048394e+02   8.5000000e+04
   4.3025511e+02   8.4000000e+04
   4.3000000e+02   8.3192777e+04
   4.2993991e+02   8.3000000e+04
   4.2959529e+02   8.2000000e+04
   4.2924850e+02   8.1000000e+04
   4.2902085e+02   8.0000000e+04
   4.2866970e+02   7.9000000e+04
   4.2829650e+02   7.8000000e+04
   4.2791655e+02   7.7000000e+04
   4.2768690e+02   7.6000000e+04
   4.2730382e+02   7.5000000e+04
   4.2690765e+02   7.4000000e+04
   4.2647773e+02   7.3000000e+04
   4.2624605e+02   7.2000000e+04
   4.2581657e+02   7.1000000e+04
   4.2536558e+02   7.0000000e+04
   4.2490276e+02   6.9000000e+04
   4.2446417e+02   6.8000000e+04
   4.2380687e+02   6.7000000e+04
   4.2349108e+02   6.6000000e+04
   4.2310567e+02   6.5000000e+04
   4.2301687e+02   6.4000000e+04
   4.2273016e+02   6.3000000e+04
   4.2244825e+02   6.2000000e+04
   4.2216590e+02   6.1000000e+04
   4.2192213e+02   6.0000000e+04
   4.2162951e+02   5.9000000e+04
   4.2133909e+02   5.8000000e+04
   4.2104543e+02   5.7000000e+04
   4.2079763e+02   5.6000000e+04
   4.2051994e+02   5.5000000e+04
   4.2021535e+02   5.4000000e+04
   4.2000000e+02   5.3244438e+04
   4.1992842e+02   5.3000000e+04
   4.1966984e+02   5.2000000e+04
   4.1934890e+02   5.1000000e+04
   4.1904776e+02   5.0000000e+04
   4.1873301e+02   4.9000000e+04
   4.1847060e+02   4.8000000e+04
   4.1815631e+02   4.7000000e+04
   4.1785504e+02   4.6000000e+04
   4.1728536e+02   4.5000000e+04
   4.1627546e+02   4.4000000e+04
   4.1595037e+02   4.3000000e+04
   4.1562675e+02   4.2000000e+04
   4.1532238e+02   4.1000000e+04
   4.1506478e+02   4.0000000e+04
   4.1475926e+02   3.9000000e+04
   4.1442180e+02   3.8000000e+04
   4.1416097e+02   3.7000000e+04
   4.1385083e+02   3.6000000e+04
   4.1354423e+02   3.5000000e+04
   4.1324906e+02   3.4000000e+04
   4.1298372e+02   3.3000000e+04
   4.1267495e+02   3.2000000e+04
   4.1237428e+02   3.1000000e+04
   4.1207128e+02   3.0000000e+04
   4.1180132e+02   2.9000000e+04
   4.1149037e+02   2.8000000e+04
   4.1099058e+02   2.7000000e+04
   4.1065483e+02   2.6000000e+04
   4.1038003e+02   2.5000000e+04
   4.1004119e+02   2.4000000e+04
   4.1000000e+02   2.3874968e+04
   4.0972828e+02   2.3000000e+04
   4.0939340e+02   2.2000000e+04
   4.0913042e+02   2.1000000e+04
   4.0880197e+02   2.0000000e+04
   4.0845561e+02   1.9000000e+04
   4.0814481e+02   1.8000000e+04
   4.0787588e+02   1.7000000e+04
   4.0761982e+02   1.6000000e+04
   4.0726109e+02   1.5000000e+04
   4.0669228e+02   1.4000000e+04
   4.0641530e+02   1.3000000e+04
   4.0581893e+02   1.2000000e+04
   4.0508989e+02   1.1000000e+04
   4.0423637e+02   1.0000000e+04
   4.0395070e+02   9.0000000e+03
   4.0294053e+02   8.0000000e+03
   4.0242220e+02   7.0000000e+03
   4.0213563e+02   6.0000000e+03
   4.0183424e+02   5.0000000e+03
   4.0153248e+02   4.0000000e+03
   4.0121871e+02   3.0000000e+03
   4.0069419e+02   2.0000000e+03
   4.0042996e+02   1.0000000e+03
   4.0000000e+02   0.0000000e+00
   4.0000000e+02   0.0000000e+00
