   2.0925215e+03   1.3500000e+06
   2.0921321e+03   1.3490000e+06
   2.0917428e+03   1.3480000e+06
   2.0913524e+03   1.3470000e+06
   2.0909631e+03   1.3460000e+06
   2.0905739e+03   1.3450000e+06
   2.0901922e+03   1.3440000e+06
   2.0900000e+03   1.3435169e+06
   2.0897933e+03   1.3430000e+06
   2.0894021e+03   1.3420000e+06
   2.0890149e+03   1.3410000e+06
   2.0886199e+03   1.3400000e+06
   2.0882132e+03   1.3390000e+06
   2.0878177e+03   1.3380000e+06
   2.0874134e+03   1.3370000e+06
   2.0870256e+03   1.3360000e+06
   2.0866345e+03   1.3350000e+06
   2.0862508e+03   1.3340000e+06
   2.0858710e+03   1.3330000e+06
   2.0854716e+03   1.3320000e+06
   2.0850666e+03   1.3310000e+06
   2.0846814e+03   1.3300000e+06
   2.0843099e+03   1.3290000e+06
   2.0839245e+03   1.3280000e+06
   2.0835497e+03   1.3270000e+06
   2.0831842e+03   1.3260000e+06
   2.0828032e+03   1.3250000e+06
   2.0824267e+03   1.3240000e+06
   2.0820484e+03   1.3230000e+06
   2.0816780e+03   1.3220000e+06
   2.0813007e+03   1.3210000e+06
   2.0809172e+03   1.3200000e+06
   2.0805439e+03   1.3190000e+06
   2.0801692e+03   1.3180000e+06
   2.0800000e+03   1.3175385e+06
   2.0798028e+03   1.3170000e+06
   2.0794325e+03   1.3160000e+06
   2.0790539e+03   1.3150000e+06
   2.0786750e+03   1.3140000e+06
   2.0782825e+03   1.3130000e+06
   2.0779131e+03   1.3120000e+06
   2.0775303e+03   1.3110000e+06
   2.0771521e+03   1.3100000e+06
   2.0767604e+03   1.3090000e+06
   2.0763971e+03   1.3080000e+06
   2.0760203e+03   1.3070000e+06
   2.0756304e+03   1.3060000e+06
   2.0752422e+03   1.3050000e+06
   2.0748438e+03   1.3040000e+06
   2.0744487e+03   1.3030000e+06
   2.0740366e+03   1.3020000e+06
   2.0736394e+03   1.3010000e+06
   2.0732490e+03   1.3000000e+06
   2.0728612e+03   1.2990000e+06
   2.0724913e+03   1.2980000e+06
   2.0721259e+03   1.2970000e+06
   2.0717510e+03   1.2960000e+06
   2.0712929e+03   1.2950000e+06
   2.0709270e+03   1.2940000e+06
   2.0705658e+03   1.2930000e+06
   2.0701901e+03   1.2920000e+06
   2.0700000e+03   1.2915043e+06
   2.0698089e+03   1.2910000e+06
   2.0694298e+03   1.2900000e+06
   2.0690641e+03   1.2890000e+06
   2.0687202e+03   1.2880000e+06
   2.0683358e+03   1.2870000e+06
   2.0679556e+03   1.2860000e+06
   2.0675727e+03   1.2850000e+06
   2.0671896e+03   1.2840000e+06
   2.0668147e+03   1.2830000e+06
   2.0664326e+03   1.2820000e+06
   2.0660425e+03   1.2810000e+06
   2.0656585e+03   1.2800000e+06
   2.0652692e+03   1.2790000e+06
   2.0648935e+03   1.2780000e+06
   2.0645180e+03   1.2770000e+06
   2.0641310e+03   1.2760000e+06
   2.0637564e+03   1.2750000e+06
   2.0633930e+03   1.2740000e+06
   2.0630007e+03   1.2730000e+06
   2.0626027e+03   1.2720000e+06
   2.0622014e+03   1.2710000e+06
   2.0618016e+03   1.2700000e+06
   2.0614054e+03   1.2690000e+06
   2.0610003e+03   1.2680000e+06
   2.0605970e+03   1.2670000e+06
   2.0602021e+03   1.2660000e+06
   2.0600000e+03   1.2654626e+06
   2.0598264e+03   1.2650000e+06
   2.0594494e+03   1.2640000e+06
   2.0590688e+03   1.2630000e+06
   2.0586877e+03   1.2620000e+06
   2.0583099e+03   1.2610000e+06
   2.0579317e+03   1.2600000e+06
   2.0574623e+03   1.2590000e+06
   2.0570225e+03   1.2580000e+06
   2.0565901e+03   1.2570000e+06
   2.0561663e+03   1.2560000e+06
   2.0557143e+03   1.2550000e+06
   2.0553643e+03   1.2540000e+06
   2.0550152e+03   1.2530000e+06
   2.0546663e+03   1.2520000e+06
   2.0543169e+03   1.2510000e+06
   2.0539678e+03   1.2500000e+06
   2.0536184e+03   1.2490000e+06
   2.0532695e+03   1.2480000e+06
   2.0529050e+03   1.2470000e+06
   2.0525814e+03   1.2460000e+06
   2.0522236e+03   1.2450000e+06
   2.0518613e+03   1.2440000e+06
   2.0514976e+03   1.2430000e+06
   2.0510882e+03   1.2420000e+06
   2.0507701e+03   1.2410000e+06
   2.0503886e+03   1.2400000e+06
   2.0500357e+03   1.2390000e+06
   2.0500000e+03   1.2388986e+06
   2.0496823e+03   1.2380000e+06
   2.0493287e+03   1.2370000e+06
   2.0489736e+03   1.2360000e+06
   2.0485940e+03   1.2350000e+06
   2.0481669e+03   1.2340000e+06
   2.0476989e+03   1.2330000e+06
   2.0472366e+03   1.2320000e+06
   2.0468301e+03   1.2310000e+06
   2.0463718e+03   1.2300000e+06
   2.0459135e+03   1.2290000e+06
   2.0455433e+03   1.2280000e+06
   2.0451702e+03   1.2270000e+06
   2.0447922e+03   1.2260000e+06
   2.0444284e+03   1.2250000e+06
   2.0440703e+03   1.2240000e+06
   2.0437117e+03   1.2230000e+06
   2.0433440e+03   1.2220000e+06
   2.0429647e+03   1.2210000e+06
   2.0425859e+03   1.2200000e+06
   2.0421576e+03   1.2190000e+06
   2.0417762e+03   1.2180000e+06
   2.0413962e+03   1.2170000e+06
   2.0410374e+03   1.2160000e+06
   2.0406519e+03   1.2150000e+06
   2.0402879e+03   1.2140000e+06
   2.0400000e+03   1.2132937e+06
   2.0398813e+03   1.2130000e+06
   2.0395136e+03   1.2120000e+06
   2.0391504e+03   1.2110000e+06
   2.0387380e+03   1.2100000e+06
   2.0383898e+03   1.2090000e+06
   2.0379900e+03   1.2080000e+06
   2.0375911e+03   1.2070000e+06
   2.0372594e+03   1.2060000e+06
   2.0368605e+03   1.2050000e+06
   2.0364643e+03   1.2040000e+06
   2.0360782e+03   1.2030000e+06
   2.0357086e+03   1.2020000e+06
   2.0353299e+03   1.2010000e+06
   2.0349449e+03   1.2000000e+06
   2.0345508e+03   1.1990000e+06
   2.0341477e+03   1.1980000e+06
   2.0337824e+03   1.1970000e+06
   2.0333883e+03   1.1960000e+06
   2.0329966e+03   1.1950000e+06
   2.0326422e+03   1.1940000e+06
   2.0322604e+03   1.1930000e+06
   2.0318760e+03   1.1920000e+06
   2.0314750e+03   1.1910000e+06
   2.0310794e+03   1.1900000e+06
   2.0306886e+03   1.1890000e+06
   2.0302815e+03   1.1880000e+06
   2.0300000e+03   1.1873137e+06
   2.0298729e+03   1.1870000e+06
   2.0294670e+03   1.1860000e+06
   2.0290525e+03   1.1850000e+06
   2.0286622e+03   1.1840000e+06
   2.0282620e+03   1.1830000e+06
   2.0278781e+03   1.1820000e+06
   2.0275040e+03   1.1810000e+06
   2.0271262e+03   1.1800000e+06
   2.0267766e+03   1.1790000e+06
   2.0263756e+03   1.1780000e+06
   2.0259916e+03   1.1770000e+06
   2.0256210e+03   1.1760000e+06
   2.0252296e+03   1.1750000e+06
   2.0248425e+03   1.1740000e+06
   2.0244233e+03   1.1730000e+06
   2.0240697e+03   1.1720000e+06
   2.0237061e+03   1.1710000e+06
   2.0233312e+03   1.1700000e+06
   2.0229620e+03   1.1690000e+06
   2.0225881e+03   1.1680000e+06
   2.0222112e+03   1.1670000e+06
   2.0218379e+03   1.1660000e+06
   2.0212034e+03   1.1650000e+06
   2.0210371e+03   1.1640000e+06
   2.0206080e+03   1.1630000e+06
   2.0201772e+03   1.1620000e+06
   2.0200000e+03   1.1615927e+06
   2.0197391e+03   1.1610000e+06
   2.0193026e+03   1.1600000e+06
   2.0188853e+03   1.1590000e+06
   2.0184712e+03   1.1580000e+06
   2.0180728e+03   1.1570000e+06
   2.0176813e+03   1.1560000e+06
   2.0172937e+03   1.1550000e+06
   2.0169520e+03   1.1540000e+06
   2.0165249e+03   1.1530000e+06
   2.0161755e+03   1.1520000e+06
   2.0157902e+03   1.1510000e+06
   2.0153413e+03   1.1500000e+06
   2.0149727e+03   1.1490000e+06
   2.0133814e+03   1.1480000e+06
   2.0105865e+03   1.1470000e+06
   2.0100000e+03   1.1468801e+06
   2.0058550e+03   1.1460000e+06
   2.0013482e+03   1.1450000e+06
   2.0000000e+03   1.1446819e+06
   1.9970978e+03   1.1440000e+06
   1.9922425e+03   1.1430000e+06
   1.9900000e+03   1.1424829e+06
   1.9881121e+03   1.1420000e+06
   1.9839376e+03   1.1410000e+06
   1.9835652e+03   1.1400000e+06
   1.9800000e+03   1.1393861e+06
   1.9765776e+03   1.1390000e+06
   1.9744753e+03   1.1380000e+06
   1.9740799e+03   1.1370000e+06
   1.9737146e+03   1.1360000e+06
   1.9732930e+03   1.1350000e+06
   1.9730029e+03   1.1340000e+06
   1.9728061e+03   1.1330000e+06
   1.9721615e+03   1.1320000e+06
   1.9717697e+03   1.1310000e+06
   1.9713793e+03   1.1300000e+06
   1.9710240e+03   1.1290000e+06
   1.9706094e+03   1.1280000e+06
   1.9702490e+03   1.1270000e+06
   1.9700000e+03   1.1264526e+06
   1.9697940e+03   1.1260000e+06
   1.9693999e+03   1.1250000e+06
   1.9690041e+03   1.1240000e+06
   1.9686045e+03   1.1230000e+06
   1.9682089e+03   1.1220000e+06
   1.9678120e+03   1.1210000e+06
   1.9674183e+03   1.1200000e+06
   1.9670258e+03   1.1190000e+06
   1.9666295e+03   1.1180000e+06
   1.9662592e+03   1.1170000e+06
   1.9658597e+03   1.1160000e+06
   1.9654544e+03   1.1150000e+06
   1.9650615e+03   1.1140000e+06
   1.9646508e+03   1.1130000e+06
   1.9642659e+03   1.1120000e+06
   1.9638680e+03   1.1110000e+06
   1.9634636e+03   1.1100000e+06
   1.9630637e+03   1.1090000e+06
   1.9626472e+03   1.1080000e+06
   1.9622438e+03   1.1070000e+06
   1.9618464e+03   1.1060000e+06
   1.9614554e+03   1.1050000e+06
   1.9610615e+03   1.1040000e+06
   1.9606692e+03   1.1030000e+06
   1.9602848e+03   1.1020000e+06
   1.9600000e+03   1.1012851e+06
   1.9598865e+03   1.1010000e+06
   1.9594967e+03   1.1000000e+06
   1.9590922e+03   1.0990000e+06
   1.9586960e+03   1.0980000e+06
   1.9583004e+03   1.0970000e+06
   1.9579064e+03   1.0960000e+06
   1.9574940e+03   1.0950000e+06
   1.9571126e+03   1.0940000e+06
   1.9567081e+03   1.0930000e+06
   1.9563036e+03   1.0920000e+06
   1.9558993e+03   1.0910000e+06
   1.9554947e+03   1.0900000e+06
   1.9550892e+03   1.0890000e+06
   1.9546869e+03   1.0880000e+06
   1.9542894e+03   1.0870000e+06
   1.9538895e+03   1.0860000e+06
   1.9534897e+03   1.0850000e+06
   1.9530896e+03   1.0840000e+06
   1.9526896e+03   1.0830000e+06
   1.9522913e+03   1.0820000e+06
   1.9518880e+03   1.0810000e+06
   1.9514865e+03   1.0800000e+06
   1.9510835e+03   1.0790000e+06
   1.9506785e+03   1.0780000e+06
   1.9502725e+03   1.0770000e+06
   1.9500000e+03   1.0763241e+06
   1.9498704e+03   1.0760000e+06
   1.9494662e+03   1.0750000e+06
   1.9490741e+03   1.0740000e+06
   1.9486833e+03   1.0730000e+06
   1.9482909e+03   1.0720000e+06
   1.9478966e+03   1.0710000e+06
   1.9475032e+03   1.0700000e+06
   1.9471085e+03   1.0690000e+06
   1.9467021e+03   1.0680000e+06
   1.9463036e+03   1.0670000e+06
   1.9458954e+03   1.0660000e+06
   1.9454856e+03   1.0650000e+06
   1.9450755e+03   1.0640000e+06
   1.9446645e+03   1.0630000e+06
   1.9442635e+03   1.0620000e+06
   1.9438631e+03   1.0610000e+06
   1.9434381e+03   1.0600000e+06
   1.9430390e+03   1.0590000e+06
   1.9426412e+03   1.0580000e+06
   1.9422445e+03   1.0570000e+06
   1.9418402e+03   1.0560000e+06
   1.9414335e+03   1.0550000e+06
   1.9410248e+03   1.0540000e+06
   1.9406155e+03   1.0530000e+06
   1.9402198e+03   1.0520000e+06
   1.9400000e+03   1.0514633e+06
   1.9398110e+03   1.0510000e+06
   1.9394269e+03   1.0500000e+06
   1.9390084e+03   1.0490000e+06
   1.9385651e+03   1.0480000e+06
   1.9381693e+03   1.0470000e+06
   1.9377776e+03   1.0460000e+06
   1.9373785e+03   1.0450000e+06
   1.9369780e+03   1.0440000e+06
   1.9365688e+03   1.0430000e+06
   1.9361583e+03   1.0420000e+06
   1.9357520e+03   1.0410000e+06
   1.9353393e+03   1.0400000e+06
   1.9349325e+03   1.0390000e+06
   1.9345209e+03   1.0380000e+06
   1.9341117e+03   1.0370000e+06
   1.9337067e+03   1.0360000e+06
   1.9332927e+03   1.0350000e+06
   1.9328772e+03   1.0340000e+06
   1.9324357e+03   1.0330000e+06
   1.9320335e+03   1.0320000e+06
   1.9316307e+03   1.0310000e+06
   1.9312260e+03   1.0300000e+06
   1.9308201e+03   1.0290000e+06
   1.9304151e+03   1.0280000e+06
   1.9300078e+03   1.0270000e+06
   1.9300000e+03   1.0269808e+06
   1.9296017e+03   1.0260000e+06
   1.9291937e+03   1.0250000e+06
   1.9287816e+03   1.0240000e+06
   1.9283677e+03   1.0230000e+06
   1.9279522e+03   1.0220000e+06
   1.9275347e+03   1.0210000e+06
   1.9271161e+03   1.0200000e+06
   1.9267015e+03   1.0190000e+06
   1.9262921e+03   1.0180000e+06
   1.9258926e+03   1.0170000e+06
   1.9254907e+03   1.0160000e+06
   1.9250857e+03   1.0150000e+06
   1.9246713e+03   1.0140000e+06
   1.9242720e+03   1.0130000e+06
   1.9238704e+03   1.0120000e+06
   1.9234519e+03   1.0110000e+06
   1.9230309e+03   1.0100000e+06
   1.9226152e+03   1.0090000e+06
   1.9221985e+03   1.0080000e+06
   1.9217841e+03   1.0070000e+06
   1.9213573e+03   1.0060000e+06
   1.9209442e+03   1.0050000e+06
   1.9205317e+03   1.0040000e+06
   1.9201176e+03   1.0030000e+06
   1.9200000e+03   1.0027148e+06
   1.9197070e+03   1.0020000e+06
   1.9192962e+03   1.0010000e+06
   1.9188859e+03   1.0000000e+06
   1.9184730e+03   9.9900000e+05
   1.9180651e+03   9.9800000e+05
   1.9176503e+03   9.9700000e+05
   1.9172161e+03   9.9600000e+05
   1.9167950e+03   9.9500000e+05
   1.9163737e+03   9.9400000e+05
   1.9159950e+03   9.9300000e+05
   1.9155454e+03   9.9200000e+05
   1.9151273e+03   9.9100000e+05
   1.9147170e+03   9.9000000e+05
   1.9143067e+03   9.8900000e+05
   1.9138976e+03   9.8800000e+05
   1.9134889e+03   9.8700000e+05
   1.9130831e+03   9.8600000e+05
   1.9126518e+03   9.8500000e+05
   1.9122175e+03   9.8400000e+05
   1.9117801e+03   9.8300000e+05
   1.9113423e+03   9.8200000e+05
   1.9109368e+03   9.8100000e+05
   1.9105001e+03   9.8000000e+05
   1.9100718e+03   9.7900000e+05
   1.9100000e+03   9.7883571e+05
   1.9096379e+03   9.7800000e+05
   1.9092310e+03   9.7700000e+05
   1.9087937e+03   9.7600000e+05
   1.9083701e+03   9.7500000e+05
   1.9079495e+03   9.7400000e+05
   1.9075400e+03   9.7300000e+05
   1.9071266e+03   9.7200000e+05
   1.9067104e+03   9.7100000e+05
   1.9063037e+03   9.7000000e+05
   1.9058990e+03   9.6900000e+05
   1.9054927e+03   9.6800000e+05
   1.9050803e+03   9.6700000e+05
   1.9046571e+03   9.6600000e+05
   1.9042345e+03   9.6500000e+05
   1.9038093e+03   9.6400000e+05
   1.9033859e+03   9.6300000e+05
   1.9029609e+03   9.6200000e+05
   1.9025336e+03   9.6100000e+05
   1.9021094e+03   9.6000000e+05
   1.9016860e+03   9.5900000e+05
   1.9013734e+03   9.5800000e+05
   1.9008297e+03   9.5700000e+05
   1.9004009e+03   9.5600000e+05
   1.9000216e+03   9.5500000e+05
   1.9000000e+03   9.5495364e+05
   1.8995569e+03   9.5400000e+05
   1.8991451e+03   9.5300000e+05
   1.8987315e+03   9.5200000e+05
   1.8982662e+03   9.5100000e+05
   1.8978515e+03   9.5000000e+05
   1.8974313e+03   9.4900000e+05
   1.8969880e+03   9.4800000e+05
   1.8965782e+03   9.4700000e+05
   1.8961453e+03   9.4600000e+05
   1.8957690e+03   9.4500000e+05
   1.8952909e+03   9.4400000e+05
   1.8948565e+03   9.4300000e+05
   1.8944251e+03   9.4200000e+05
   1.8939963e+03   9.4100000e+05
   1.8935865e+03   9.4000000e+05
   1.8931823e+03   9.3900000e+05
   1.8927632e+03   9.3800000e+05
   1.8923459e+03   9.3700000e+05
   1.8919198e+03   9.3600000e+05
   1.8914907e+03   9.3500000e+05
   1.8910601e+03   9.3400000e+05
   1.8906269e+03   9.3300000e+05
   1.8901951e+03   9.3200000e+05
   1.8900000e+03   9.3154965e+05
   1.8897632e+03   9.3100000e+05
   1.8893298e+03   9.3000000e+05
   1.8889008e+03   9.2900000e+05
   1.8884628e+03   9.2800000e+05
   1.8880431e+03   9.2700000e+05
   1.8876122e+03   9.2600000e+05
   1.8871792e+03   9.2500000e+05
   1.8867454e+03   9.2400000e+05
   1.8863092e+03   9.2300000e+05
   1.8858764e+03   9.2200000e+05
   1.8854492e+03   9.2100000e+05
   1.8850199e+03   9.2000000e+05
   1.8845916e+03   9.1900000e+05
   1.8841636e+03   9.1800000e+05
   1.8837335e+03   9.1700000e+05
   1.8833073e+03   9.1600000e+05
   1.8828801e+03   9.1500000e+05
   1.8824537e+03   9.1400000e+05
   1.8820263e+03   9.1300000e+05
   1.8816001e+03   9.1200000e+05
   1.8811726e+03   9.1100000e+05
   1.8807461e+03   9.1000000e+05
   1.8803088e+03   9.0900000e+05
   1.8800000e+03   9.0829617e+05
   1.8798704e+03   9.0800000e+05
   1.8794333e+03   9.0700000e+05
   1.8789954e+03   9.0600000e+05
   1.8785560e+03   9.0500000e+05
   1.8781172e+03   9.0400000e+05
   1.8776788e+03   9.0300000e+05
   1.8772417e+03   9.0200000e+05
   1.8768047e+03   9.0100000e+05
   1.8763690e+03   9.0000000e+05
   1.8759245e+03   8.9900000e+05
   1.8754884e+03   8.9800000e+05
   1.8750571e+03   8.9700000e+05
   1.8746177e+03   8.9600000e+05
   1.8741795e+03   8.9500000e+05
   1.8737470e+03   8.9400000e+05
   1.8733069e+03   8.9300000e+05
   1.8728665e+03   8.9200000e+05
   1.8724242e+03   8.9100000e+05
   1.8719960e+03   8.9000000e+05
   1.8715708e+03   8.8900000e+05
   1.8711390e+03   8.8800000e+05
   1.8707140e+03   8.8700000e+05
   1.8702876e+03   8.8600000e+05
   1.8700000e+03   8.8532500e+05
   1.8698622e+03   8.8500000e+05
   1.8694287e+03   8.8400000e+05
   1.8689870e+03   8.8300000e+05
   1.8685466e+03   8.8200000e+05
   1.8681025e+03   8.8100000e+05
   1.8676564e+03   8.8000000e+05
   1.8672157e+03   8.7900000e+05
   1.8668116e+03   8.7800000e+05
   1.8663377e+03   8.7700000e+05
   1.8659007e+03   8.7600000e+05
   1.8654567e+03   8.7500000e+05
   1.8650242e+03   8.7400000e+05
   1.8646008e+03   8.7300000e+05
   1.8641596e+03   8.7200000e+05
   1.8637148e+03   8.7100000e+05
   1.8632698e+03   8.7000000e+05
   1.8628098e+03   8.6900000e+05
   1.8623711e+03   8.6800000e+05
   1.8619147e+03   8.6700000e+05
   1.8614691e+03   8.6600000e+05
   1.8610282e+03   8.6500000e+05
   1.8605954e+03   8.6400000e+05
   1.8601570e+03   8.6300000e+05
   1.8600000e+03   8.6265101e+05
   1.8597078e+03   8.6200000e+05
   1.8592271e+03   8.6100000e+05
   1.8587987e+03   8.6000000e+05
   1.8583688e+03   8.5900000e+05
   1.8579227e+03   8.5800000e+05
   1.8574760e+03   8.5700000e+05
   1.8570370e+03   8.5600000e+05
   1.8565976e+03   8.5500000e+05
   1.8561662e+03   8.5400000e+05
   1.8557154e+03   8.5300000e+05
   1.8552689e+03   8.5200000e+05
   1.8548253e+03   8.5100000e+05
   1.8543810e+03   8.5000000e+05
   1.8539377e+03   8.4900000e+05
   1.8534919e+03   8.4800000e+05
   1.8530473e+03   8.4700000e+05
   1.8525751e+03   8.4600000e+05
   1.8521219e+03   8.4500000e+05
   1.8516616e+03   8.4400000e+05
   1.8512142e+03   8.4300000e+05
   1.8507590e+03   8.4200000e+05
   1.8503026e+03   8.4100000e+05
   1.8500000e+03   8.4019920e+05
   1.8499247e+03   8.4000000e+05
   1.8494061e+03   8.3900000e+05
   1.8489627e+03   8.3800000e+05
   1.8485197e+03   8.3700000e+05
   1.8480789e+03   8.3600000e+05
   1.8476373e+03   8.3500000e+05
   1.8471959e+03   8.3400000e+05
   1.8467516e+03   8.3300000e+05
   1.8463031e+03   8.3200000e+05
   1.8458604e+03   8.3100000e+05
   1.8454111e+03   8.3000000e+05
   1.8449604e+03   8.2900000e+05
   1.8445090e+03   8.2800000e+05
   1.8440656e+03   8.2700000e+05
   1.8435993e+03   8.2600000e+05
   1.8431477e+03   8.2500000e+05
   1.8427123e+03   8.2400000e+05
   1.8422641e+03   8.2300000e+05
   1.8418155e+03   8.2200000e+05
   1.8413526e+03   8.2100000e+05
   1.8409117e+03   8.2000000e+05
   1.8404382e+03   8.1900000e+05
   1.8400000e+03   8.1803934e+05
   1.8399821e+03   8.1800000e+05
   1.8395246e+03   8.1700000e+05
   1.8390687e+03   8.1600000e+05
   1.8386114e+03   8.1500000e+05
   1.8381566e+03   8.1400000e+05
   1.8377052e+03   8.1300000e+05
   1.8372549e+03   8.1200000e+05
   1.8368541e+03   8.1100000e+05
   1.8363393e+03   8.1000000e+05
   1.8359008e+03   8.0900000e+05
   1.8354342e+03   8.0800000e+05
   1.8349948e+03   8.0700000e+05
   1.8345322e+03   8.0600000e+05
   1.8341628e+03   8.0500000e+05
   1.8336310e+03   8.0400000e+05
   1.8331738e+03   8.0300000e+05
   1.8327146e+03   8.0200000e+05
   1.8322568e+03   8.0100000e+05
   1.8317983e+03   8.0000000e+05
   1.8313400e+03   7.9900000e+05
   1.8308791e+03   7.9800000e+05
   1.8304185e+03   7.9700000e+05
   1.8300000e+03   7.9608738e+05
   1.8299600e+03   7.9600000e+05
   1.8295161e+03   7.9500000e+05
   1.8290420e+03   7.9400000e+05
   1.8285810e+03   7.9300000e+05
   1.8282373e+03   7.9200000e+05
   1.8276738e+03   7.9100000e+05
   1.8272118e+03   7.9000000e+05
   1.8267499e+03   7.8900000e+05
   1.8262932e+03   7.8800000e+05
   1.8258289e+03   7.8700000e+05
   1.8254362e+03   7.8600000e+05
   1.8248970e+03   7.8500000e+05
   1.8244360e+03   7.8400000e+05
   1.8239787e+03   7.8300000e+05
   1.8235190e+03   7.8200000e+05
   1.8230563e+03   7.8100000e+05
   1.8225956e+03   7.8000000e+05
   1.8221685e+03   7.7900000e+05
   1.8216684e+03   7.7800000e+05
   1.8212125e+03   7.7700000e+05
   1.8207449e+03   7.7600000e+05
   1.8202765e+03   7.7500000e+05
   1.8200000e+03   7.7440446e+05
   1.8198126e+03   7.7400000e+05
   1.8193490e+03   7.7300000e+05
   1.8188833e+03   7.7200000e+05
   1.8184183e+03   7.7100000e+05
   1.8179527e+03   7.7000000e+05
   1.8174882e+03   7.6900000e+05
   1.8170204e+03   7.6800000e+05
   1.8165549e+03   7.6700000e+05
   1.8160898e+03   7.6600000e+05
   1.8156251e+03   7.6500000e+05
   1.8151580e+03   7.6400000e+05
   1.8146952e+03   7.6300000e+05
   1.8142201e+03   7.6200000e+05
   1.8137502e+03   7.6100000e+05
   1.8132803e+03   7.6000000e+05
   1.8128124e+03   7.5900000e+05
   1.8123421e+03   7.5800000e+05
   1.8118789e+03   7.5700000e+05
   1.8114070e+03   7.5600000e+05
   1.8109370e+03   7.5500000e+05
   1.8104649e+03   7.5400000e+05
   1.8100000e+03   7.5301553e+05
   1.8099927e+03   7.5300000e+05
   1.8095200e+03   7.5200000e+05
   1.8090513e+03   7.5100000e+05
   1.8085846e+03   7.5000000e+05
   1.8081185e+03   7.4900000e+05
   1.8076489e+03   7.4800000e+05
   1.8071814e+03   7.4700000e+05
   1.8067161e+03   7.4600000e+05
   1.8062498e+03   7.4500000e+05
   1.8057739e+03   7.4400000e+05
   1.8053002e+03   7.4300000e+05
   1.8048255e+03   7.4200000e+05
   1.8043475e+03   7.4100000e+05
   1.8038684e+03   7.4000000e+05
   1.8033881e+03   7.3900000e+05
   1.8029101e+03   7.3800000e+05
   1.8024303e+03   7.3700000e+05
   1.8019493e+03   7.3600000e+05
   1.8014707e+03   7.3500000e+05
   1.8010384e+03   7.3400000e+05
   1.8005599e+03   7.3300000e+05
   1.8000802e+03   7.3200000e+05
   1.8000000e+03   7.3183283e+05
   1.7996012e+03   7.3100000e+05
   1.7991226e+03   7.3000000e+05
   1.7986249e+03   7.2900000e+05
   1.7981384e+03   7.2800000e+05
   1.7976647e+03   7.2700000e+05
   1.7971774e+03   7.2600000e+05
   1.7967477e+03   7.2500000e+05
   1.7962306e+03   7.2400000e+05
   1.7957697e+03   7.2300000e+05
   1.7952908e+03   7.2200000e+05
   1.7948344e+03   7.2100000e+05
   1.7943659e+03   7.2000000e+05
   1.7938941e+03   7.1900000e+05
   1.7934194e+03   7.1800000e+05
   1.7929442e+03   7.1700000e+05
   1.7924637e+03   7.1600000e+05
   1.7919774e+03   7.1500000e+05
   1.7914885e+03   7.1400000e+05
   1.7910112e+03   7.1300000e+05
   1.7905254e+03   7.1200000e+05
   1.7900290e+03   7.1100000e+05
   1.7900000e+03   7.1093939e+05
   1.7895522e+03   7.1000000e+05
   1.7890646e+03   7.0900000e+05
   1.7885638e+03   7.0800000e+05
   1.7880799e+03   7.0700000e+05
   1.7876015e+03   7.0600000e+05
   1.7871123e+03   7.0500000e+05
   1.7866387e+03   7.0400000e+05
   1.7861618e+03   7.0300000e+05
   1.7856850e+03   7.0200000e+05
   1.7852017e+03   7.0100000e+05
   1.7847321e+03   7.0000000e+05
   1.7842524e+03   6.9900000e+05
   1.7837698e+03   6.9800000e+05
   1.7832835e+03   6.9700000e+05
   1.7827998e+03   6.9600000e+05
   1.7823171e+03   6.9500000e+05
   1.7818339e+03   6.9400000e+05
   1.7813498e+03   6.9300000e+05
   1.7808783e+03   6.9200000e+05
   1.7804035e+03   6.9100000e+05
   1.7800000e+03   6.9014848e+05
   1.7799297e+03   6.9000000e+05
   1.7794565e+03   6.8900000e+05
   1.7789818e+03   6.8800000e+05
   1.7785118e+03   6.8700000e+05
   1.7779974e+03   6.8600000e+05
   1.7774835e+03   6.8500000e+05
   1.7769699e+03   6.8400000e+05
   1.7764557e+03   6.8300000e+05
   1.7759412e+03   6.8200000e+05
   1.7754255e+03   6.8100000e+05
   1.7749282e+03   6.8000000e+05
   1.7744449e+03   6.7900000e+05
   1.7739575e+03   6.7800000e+05
   1.7734734e+03   6.7700000e+05
   1.7729892e+03   6.7600000e+05
   1.7725050e+03   6.7500000e+05
   1.7720203e+03   6.7400000e+05
   1.7715299e+03   6.7300000e+05
   1.7710385e+03   6.7200000e+05
   1.7705471e+03   6.7100000e+05
   1.7700558e+03   6.7000000e+05
   1.7700000e+03   6.6988696e+05
   1.7695641e+03   6.6900000e+05
   1.7690651e+03   6.6800000e+05
   1.7685908e+03   6.6700000e+05
   1.7681087e+03   6.6600000e+05
   1.7675881e+03   6.6500000e+05
   1.7671139e+03   6.6400000e+05
   1.7666317e+03   6.6300000e+05
   1.7661476e+03   6.6200000e+05
   1.7656488e+03   6.6100000e+05
   1.7651333e+03   6.6000000e+05
   1.7646457e+03   6.5900000e+05
   1.7641232e+03   6.5800000e+05
   1.7635885e+03   6.5700000e+05
   1.7630693e+03   6.5600000e+05
   1.7625517e+03   6.5500000e+05
   1.7620573e+03   6.5400000e+05
   1.7615634e+03   6.5300000e+05
   1.7610549e+03   6.5200000e+05
   1.7605572e+03   6.5100000e+05
   1.7600628e+03   6.5000000e+05
   1.7600000e+03   6.4987172e+05
   1.7595776e+03   6.4900000e+05
   1.7590811e+03   6.4800000e+05
   1.7585922e+03   6.4700000e+05
   1.7581018e+03   6.4600000e+05
   1.7576106e+03   6.4500000e+05
   1.7571162e+03   6.4400000e+05
   1.7566243e+03   6.4300000e+05
   1.7561328e+03   6.4200000e+05
   1.7556382e+03   6.4100000e+05
   1.7551419e+03   6.4000000e+05
   1.7546175e+03   6.3900000e+05
   1.7541203e+03   6.3800000e+05
   1.7536223e+03   6.3700000e+05
   1.7530776e+03   6.3600000e+05
   1.7526173e+03   6.3500000e+05
   1.7520921e+03   6.3400000e+05
   1.7515688e+03   6.3300000e+05
   1.7510558e+03   6.3200000e+05
   1.7505215e+03   6.3100000e+05
   1.7500000e+03   6.3004178e+05
   1.7499776e+03   6.3000000e+05
   1.7494704e+03   6.2900000e+05
   1.7489719e+03   6.2800000e+05
   1.7484676e+03   6.2700000e+05
   1.7479635e+03   6.2600000e+05
   1.7474578e+03   6.2500000e+05
   1.7469494e+03   6.2400000e+05
   1.7464822e+03   6.2300000e+05
   1.7459469e+03   6.2200000e+05
   1.7454503e+03   6.2100000e+05
   1.7449529e+03   6.2000000e+05
   1.7444546e+03   6.1900000e+05
   1.7439561e+03   6.1800000e+05
   1.7434561e+03   6.1700000e+05
   1.7429513e+03   6.1600000e+05
   1.7424400e+03   6.1500000e+05
   1.7419327e+03   6.1400000e+05
   1.7414238e+03   6.1300000e+05
   1.7409170e+03   6.1200000e+05
   1.7404005e+03   6.1100000e+05
   1.7400000e+03   6.1020776e+05
   1.7398953e+03   6.1000000e+05
   1.7393905e+03   6.0900000e+05
   1.7388869e+03   6.0800000e+05
   1.7383894e+03   6.0700000e+05
   1.7378837e+03   6.0600000e+05
   1.7373761e+03   6.0500000e+05
   1.7368658e+03   6.0400000e+05
   1.7363388e+03   6.0300000e+05
   1.7358188e+03   6.0200000e+05
   1.7352821e+03   6.0100000e+05
   1.7347538e+03   6.0000000e+05
   1.7342254e+03   5.9900000e+05
   1.7336980e+03   5.9800000e+05
   1.7331793e+03   5.9700000e+05
   1.7326642e+03   5.9600000e+05
   1.7321491e+03   5.9500000e+05
   1.7316370e+03   5.9400000e+05
   1.7311217e+03   5.9300000e+05
   1.7306044e+03   5.9200000e+05
   1.7300549e+03   5.9100000e+05
   1.7300000e+03   5.9089014e+05
   1.7295606e+03   5.9000000e+05
   1.7290384e+03   5.8900000e+05
   1.7285513e+03   5.8800000e+05
   1.7280251e+03   5.8700000e+05
   1.7274930e+03   5.8600000e+05
   1.7269710e+03   5.8500000e+05
   1.7264547e+03   5.8400000e+05
   1.7259396e+03   5.8300000e+05
   1.7254402e+03   5.8200000e+05
   1.7248825e+03   5.8100000e+05
   1.7243746e+03   5.8000000e+05
   1.7238571e+03   5.7900000e+05
   1.7233319e+03   5.7800000e+05
   1.7227973e+03   5.7700000e+05
   1.7222799e+03   5.7600000e+05
   1.7217641e+03   5.7500000e+05
   1.7212450e+03   5.7400000e+05
   1.7207473e+03   5.7300000e+05
   1.7202060e+03   5.7200000e+05
   1.7200000e+03   5.7160638e+05
   1.7196808e+03   5.7100000e+05
   1.7191391e+03   5.7000000e+05
   1.7186063e+03   5.6900000e+05
   1.7180742e+03   5.6800000e+05
   1.7175439e+03   5.6700000e+05
   1.7170106e+03   5.6600000e+05
   1.7164904e+03   5.6500000e+05
   1.7159654e+03   5.6400000e+05
   1.7154347e+03   5.6300000e+05
   1.7149040e+03   5.6200000e+05
   1.7143747e+03   5.6100000e+05
   1.7138427e+03   5.6000000e+05
   1.7133213e+03   5.5900000e+05
   1.7127829e+03   5.5800000e+05
   1.7122473e+03   5.5700000e+05
   1.7117131e+03   5.5600000e+05
   1.7111781e+03   5.5500000e+05
   1.7106429e+03   5.5400000e+05
   1.7100941e+03   5.5300000e+05
   1.7100000e+03   5.5281867e+05
   1.7095791e+03   5.5200000e+05
   1.7090524e+03   5.5100000e+05
   1.7085325e+03   5.5000000e+05
   1.7080027e+03   5.4900000e+05
   1.7074679e+03   5.4800000e+05
   1.7069415e+03   5.4700000e+05
   1.7063904e+03   5.4600000e+05
   1.7058534e+03   5.4500000e+05
   1.7052996e+03   5.4400000e+05
   1.7047632e+03   5.4300000e+05
   1.7042274e+03   5.4200000e+05
   1.7036938e+03   5.4100000e+05
   1.7031580e+03   5.4000000e+05
   1.7026168e+03   5.3900000e+05
   1.7020742e+03   5.3800000e+05
   1.7015303e+03   5.3700000e+05
   1.7009909e+03   5.3600000e+05
   1.7004467e+03   5.3500000e+05
   1.7000000e+03   5.3418953e+05
   1.6998961e+03   5.3400000e+05
   1.6993608e+03   5.3300000e+05
   1.6988224e+03   5.3200000e+05
   1.6982764e+03   5.3100000e+05
   1.6977364e+03   5.3000000e+05
   1.6971887e+03   5.2900000e+05
   1.6966521e+03   5.2800000e+05
   1.6961045e+03   5.2700000e+05
   1.6955444e+03   5.2600000e+05
   1.6949932e+03   5.2500000e+05
   1.6944347e+03   5.2400000e+05
   1.6938884e+03   5.2300000e+05
   1.6933210e+03   5.2200000e+05
   1.6927573e+03   5.2100000e+05
   1.6922237e+03   5.2000000e+05
   1.6916839e+03   5.1900000e+05
   1.6911535e+03   5.1800000e+05
   1.6906333e+03   5.1700000e+05
   1.6900995e+03   5.1600000e+05
   1.6900000e+03   5.1581425e+05
   1.6895655e+03   5.1500000e+05
   1.6890236e+03   5.1400000e+05
   1.6884793e+03   5.1300000e+05
   1.6879381e+03   5.1200000e+05
   1.6874014e+03   5.1100000e+05
   1.6868744e+03   5.1000000e+05
   1.6863253e+03   5.0900000e+05
   1.6857761e+03   5.0800000e+05
   1.6852331e+03   5.0700000e+05
   1.6846878e+03   5.0600000e+05
   1.6841171e+03   5.0500000e+05
   1.6835698e+03   5.0400000e+05
   1.6830222e+03   5.0300000e+05
   1.6824614e+03   5.0200000e+05
   1.6819255e+03   5.0100000e+05
   1.6813705e+03   5.0000000e+05
   1.6808170e+03   4.9900000e+05
   1.6802615e+03   4.9800000e+05
   1.6800000e+03   4.9752927e+05
   1.6797061e+03   4.9700000e+05
   1.6791495e+03   4.9600000e+05
   1.6785935e+03   4.9500000e+05
   1.6780041e+03   4.9400000e+05
   1.6774247e+03   4.9300000e+05
   1.6768488e+03   4.9200000e+05
   1.6762765e+03   4.9100000e+05
   1.6757068e+03   4.9000000e+05
   1.6751446e+03   4.8900000e+05
   1.6746014e+03   4.8800000e+05
   1.6740795e+03   4.8700000e+05
   1.6735348e+03   4.8600000e+05
   1.6729874e+03   4.8500000e+05
   1.6724372e+03   4.8400000e+05
   1.6718822e+03   4.8300000e+05
   1.6713169e+03   4.8200000e+05
   1.6707455e+03   4.8100000e+05
   1.6701779e+03   4.8000000e+05
   1.6700000e+03   4.7968720e+05
   1.6696112e+03   4.7900000e+05
   1.6690453e+03   4.7800000e+05
   1.6684783e+03   4.7700000e+05
   1.6679155e+03   4.7600000e+05
   1.6673589e+03   4.7500000e+05
   1.6668012e+03   4.7400000e+05
   1.6662401e+03   4.7300000e+05
   1.6656800e+03   4.7200000e+05
   1.6651200e+03   4.7100000e+05
   1.6645587e+03   4.7000000e+05
   1.6639971e+03   4.6900000e+05
   1.6634325e+03   4.6800000e+05
   1.6628593e+03   4.6700000e+05
   1.6622947e+03   4.6600000e+05
   1.6617295e+03   4.6500000e+05
   1.6610772e+03   4.6400000e+05
   1.6605702e+03   4.6300000e+05
   1.6600000e+03   4.6205556e+05
   1.6599668e+03   4.6200000e+05
   1.6593717e+03   4.6100000e+05
   1.6588776e+03   4.6000000e+05
   1.6582813e+03   4.5900000e+05
   1.6576902e+03   4.5800000e+05
   1.6571676e+03   4.5700000e+05
   1.6565588e+03   4.5600000e+05
   1.6560066e+03   4.5500000e+05
   1.6554069e+03   4.5400000e+05
   1.6548484e+03   4.5300000e+05
   1.6542851e+03   4.5200000e+05
   1.6536915e+03   4.5100000e+05
   1.6531441e+03   4.5000000e+05
   1.6525523e+03   4.4900000e+05
   1.6519718e+03   4.4800000e+05
   1.6513898e+03   4.4700000e+05
   1.6508250e+03   4.4600000e+05
   1.6502386e+03   4.4500000e+05
   1.6500000e+03   4.4458756e+05
   1.6496633e+03   4.4400000e+05
   1.6490885e+03   4.4300000e+05
   1.6485426e+03   4.4200000e+05
   1.6479745e+03   4.4100000e+05
   1.6473865e+03   4.4000000e+05
   1.6468215e+03   4.3900000e+05
   1.6462448e+03   4.3800000e+05
   1.6456582e+03   4.3700000e+05
   1.6450697e+03   4.3600000e+05
   1.6444851e+03   4.3500000e+05
   1.6439000e+03   4.3400000e+05
   1.6433161e+03   4.3300000e+05
   1.6427214e+03   4.3200000e+05
   1.6421357e+03   4.3100000e+05
   1.6415456e+03   4.3000000e+05
   1.6409558e+03   4.2900000e+05
   1.6403679e+03   4.2800000e+05
   1.6400000e+03   4.2737162e+05
   1.6397834e+03   4.2700000e+05
   1.6391988e+03   4.2600000e+05
   1.6386193e+03   4.2500000e+05
   1.6380316e+03   4.2400000e+05
   1.6374471e+03   4.2300000e+05
   1.6368574e+03   4.2200000e+05
   1.6362661e+03   4.2100000e+05
   1.6356736e+03   4.2000000e+05
   1.6350804e+03   4.1900000e+05
   1.6344914e+03   4.1800000e+05
   1.6339035e+03   4.1700000e+05
   1.6333013e+03   4.1600000e+05
   1.6327127e+03   4.1500000e+05
   1.6321240e+03   4.1400000e+05
   1.6315516e+03   4.1300000e+05
   1.6309414e+03   4.1200000e+05
   1.6303432e+03   4.1100000e+05
   1.6300000e+03   4.1039019e+05
   1.6297821e+03   4.1000000e+05
   1.6291859e+03   4.0900000e+05
   1.6285869e+03   4.0800000e+05
   1.6279903e+03   4.0700000e+05
   1.6273959e+03   4.0600000e+05
   1.6268031e+03   4.0500000e+05
   1.6261867e+03   4.0400000e+05
   1.6255991e+03   4.0300000e+05
   1.6250325e+03   4.0200000e+05
   1.6244342e+03   4.0100000e+05
   1.6238335e+03   4.0000000e+05
   1.6232093e+03   3.9900000e+05
   1.6226095e+03   3.9800000e+05
   1.6219924e+03   3.9700000e+05
   1.6213982e+03   3.9600000e+05
   1.6208054e+03   3.9500000e+05
   1.6202035e+03   3.9400000e+05
   1.6200000e+03   3.9366738e+05
   1.6195946e+03   3.9300000e+05
   1.6189978e+03   3.9200000e+05
   1.6184004e+03   3.9100000e+05
   1.6178161e+03   3.9000000e+05
   1.6172074e+03   3.8900000e+05
   1.6165796e+03   3.8800000e+05
   1.6159589e+03   3.8700000e+05
   1.6153337e+03   3.8600000e+05
   1.6147662e+03   3.8500000e+05
   1.6141170e+03   3.8400000e+05
   1.6135171e+03   3.8300000e+05
   1.6129590e+03   3.8200000e+05
   1.6123127e+03   3.8100000e+05
   1.6116842e+03   3.8000000e+05
   1.6111269e+03   3.7900000e+05
   1.6105055e+03   3.7800000e+05
   1.6100000e+03   3.7716453e+05
   1.6099014e+03   3.7700000e+05
   1.6092763e+03   3.7600000e+05
   1.6086561e+03   3.7500000e+05
   1.6080295e+03   3.7400000e+05
   1.6074576e+03   3.7300000e+05
   1.6068320e+03   3.7200000e+05
   1.6062290e+03   3.7100000e+05
   1.6056480e+03   3.7000000e+05
   1.6050224e+03   3.6900000e+05
   1.6044100e+03   3.6800000e+05
   1.6037679e+03   3.6700000e+05
   1.6031332e+03   3.6600000e+05
   1.6025225e+03   3.6500000e+05
   1.6019030e+03   3.6400000e+05
   1.6012867e+03   3.6300000e+05
   1.6006650e+03   3.6200000e+05
   1.6000602e+03   3.6100000e+05
   1.6000000e+03   3.6090369e+05
   1.5994372e+03   3.6000000e+05
   1.5988062e+03   3.5900000e+05
   1.5981773e+03   3.5800000e+05
   1.5975685e+03   3.5700000e+05
   1.5969572e+03   3.5600000e+05
   1.5964055e+03   3.5500000e+05
   1.5957183e+03   3.5400000e+05
   1.5950991e+03   3.5300000e+05
   1.5944642e+03   3.5200000e+05
   1.5939544e+03   3.5100000e+05
   1.5932067e+03   3.5000000e+05
   1.5925611e+03   3.4900000e+05
   1.5919450e+03   3.4800000e+05
   1.5915162e+03   3.4700000e+05
   1.5906979e+03   3.4600000e+05
   1.5900637e+03   3.4500000e+05
   1.5900000e+03   3.4490060e+05
   1.5894273e+03   3.4400000e+05
   1.5888168e+03   3.4300000e+05
   1.5881917e+03   3.4200000e+05
   1.5875379e+03   3.4100000e+05
   1.5869130e+03   3.4000000e+05
   1.5862904e+03   3.3900000e+05
   1.5856605e+03   3.3800000e+05
   1.5850417e+03   3.3700000e+05
   1.5844120e+03   3.3600000e+05
   1.5837748e+03   3.3500000e+05
   1.5831357e+03   3.3400000e+05
   1.5824746e+03   3.3300000e+05
   1.5818433e+03   3.3200000e+05
   1.5812152e+03   3.3100000e+05
   1.5805815e+03   3.3000000e+05
   1.5800000e+03   3.2908929e+05
   1.5799434e+03   3.2900000e+05
   1.5793388e+03   3.2800000e+05
   1.5786763e+03   3.2700000e+05
   1.5781061e+03   3.2600000e+05
   1.5775195e+03   3.2500000e+05
   1.5769928e+03   3.2400000e+05
   1.5764095e+03   3.2300000e+05
   1.5757622e+03   3.2200000e+05
   1.5752930e+03   3.2100000e+05
   1.5747647e+03   3.2000000e+05
   1.5741974e+03   3.1900000e+05
   1.5735905e+03   3.1800000e+05
   1.5730537e+03   3.1700000e+05
   1.5724653e+03   3.1600000e+05
   1.5718859e+03   3.1500000e+05
   1.5713418e+03   3.1400000e+05
   1.5708082e+03   3.1300000e+05
   1.5702067e+03   3.1200000e+05
   1.5700000e+03   3.1164916e+05
   1.5696198e+03   3.1100000e+05
   1.5690831e+03   3.1000000e+05
   1.5685170e+03   3.0900000e+05
   1.5679548e+03   3.0800000e+05
   1.5673666e+03   3.0700000e+05
   1.5667876e+03   3.0600000e+05
   1.5661702e+03   3.0500000e+05
   1.5656177e+03   3.0400000e+05
   1.5650393e+03   3.0300000e+05
   1.5644199e+03   3.0200000e+05
   1.5638724e+03   3.0100000e+05
   1.5632714e+03   3.0000000e+05
   1.5626625e+03   2.9900000e+05
   1.5621167e+03   2.9800000e+05
   1.5614970e+03   2.9700000e+05
   1.5608982e+03   2.9600000e+05
   1.5603216e+03   2.9500000e+05
   1.5600000e+03   2.9447590e+05
   1.5597116e+03   2.9400000e+05
   1.5591365e+03   2.9300000e+05
   1.5585427e+03   2.9200000e+05
   1.5579618e+03   2.9100000e+05
   1.5573678e+03   2.9000000e+05
   1.5568049e+03   2.8900000e+05
   1.5562240e+03   2.8800000e+05
   1.5555868e+03   2.8700000e+05
   1.5549761e+03   2.8600000e+05
   1.5544208e+03   2.8500000e+05
   1.5538241e+03   2.8400000e+05
   1.5531950e+03   2.8300000e+05
   1.5525665e+03   2.8200000e+05
   1.5519968e+03   2.8100000e+05
   1.5514253e+03   2.8000000e+05
   1.5508155e+03   2.7900000e+05
   1.5501764e+03   2.7800000e+05
   1.5500000e+03   2.7772414e+05
   1.5495413e+03   2.7700000e+05
   1.5489330e+03   2.7600000e+05
   1.5483388e+03   2.7500000e+05
   1.5477493e+03   2.7400000e+05
   1.5471588e+03   2.7300000e+05
   1.5429638e+03   2.7200000e+05
   1.5400000e+03   2.7152523e+05
   1.5327908e+03   2.7100000e+05
   1.5315649e+03   2.7000000e+05
   1.5309613e+03   2.6900000e+05
   1.5303530e+03   2.6800000e+05
   1.5300000e+03   2.6741494e+05
   1.5297510e+03   2.6700000e+05
   1.5291307e+03   2.6600000e+05
   1.5285192e+03   2.6500000e+05
   1.5279051e+03   2.6400000e+05
   1.5272942e+03   2.6300000e+05
   1.5266588e+03   2.6200000e+05
   1.5260682e+03   2.6100000e+05
   1.5253962e+03   2.6000000e+05
   1.5247578e+03   2.5900000e+05
   1.5241185e+03   2.5800000e+05
   1.5235266e+03   2.5700000e+05
   1.5228179e+03   2.5600000e+05
   1.5221584e+03   2.5500000e+05
   1.5214915e+03   2.5400000e+05
   1.5208896e+03   2.5300000e+05
   1.5201212e+03   2.5200000e+05
   1.5200000e+03   2.5182500e+05
   1.5194332e+03   2.5100000e+05
   1.5187492e+03   2.5000000e+05
   1.5180926e+03   2.4900000e+05
   1.5173200e+03   2.4800000e+05
   1.5165970e+03   2.4700000e+05
   1.5158679e+03   2.4600000e+05
   1.5151660e+03   2.4500000e+05
   1.5143781e+03   2.4400000e+05
   1.5136102e+03   2.4300000e+05
   1.5128399e+03   2.4200000e+05
   1.5120571e+03   2.4100000e+05
   1.5112334e+03   2.4000000e+05
   1.5104110e+03   2.3900000e+05
   1.5100000e+03   2.3850362e+05
   1.5095747e+03   2.3800000e+05
   1.5100000e+03   2.3798174e+05
   1.5200000e+03   2.3755427e+05
   1.5237979e+03   2.3700000e+05
   1.5300000e+03   2.3610316e+05
   1.5324963e+03   2.3600000e+05
   1.5300000e+03   2.3576171e+05
   1.5221199e+03   2.3500000e+05
   1.5213304e+03   2.3400000e+05
   1.5205844e+03   2.3300000e+05
   1.5200000e+03   2.3221237e+05
   1.5198435e+03   2.3200000e+05
   1.5191009e+03   2.3100000e+05
   1.5183477e+03   2.3000000e+05
   1.5175832e+03   2.2900000e+05
   1.5168216e+03   2.2800000e+05
   1.5160358e+03   2.2700000e+05
   1.5152483e+03   2.2600000e+05
   1.5144440e+03   2.2500000e+05
   1.5136416e+03   2.2400000e+05
   1.5127700e+03   2.2300000e+05
   1.5119633e+03   2.2200000e+05
   1.5112043e+03   2.2100000e+05
   1.5102860e+03   2.2000000e+05
   1.5100000e+03   2.1965462e+05
   1.5094559e+03   2.1900000e+05
   1.5086651e+03   2.1800000e+05
   1.5078601e+03   2.1700000e+05
   1.5070454e+03   2.1600000e+05
   1.5062182e+03   2.1500000e+05
   1.5053753e+03   2.1400000e+05
   1.5045219e+03   2.1300000e+05
   1.5036548e+03   2.1200000e+05
   1.5027852e+03   2.1100000e+05
   1.5018950e+03   2.1000000e+05
   1.5009906e+03   2.0900000e+05
   1.5000575e+03   2.0800000e+05
   1.5000000e+03   2.0793797e+05
   1.4991331e+03   2.0700000e+05
   1.4981599e+03   2.0600000e+05
   1.4971864e+03   2.0500000e+05
   1.4961996e+03   2.0400000e+05
   1.4951607e+03   2.0300000e+05
   1.4941079e+03   2.0200000e+05
   1.4930593e+03   2.0100000e+05
   1.4919632e+03   2.0000000e+05
   1.4908229e+03   1.9900000e+05
   1.4900000e+03   1.9830306e+05
   1.4896458e+03   1.9800000e+05
   1.4884719e+03   1.9700000e+05
   1.4872143e+03   1.9600000e+05
   1.4858928e+03   1.9500000e+05
   1.4845790e+03   1.9400000e+05
   1.4831852e+03   1.9300000e+05
   1.4816995e+03   1.9200000e+05
   1.4802542e+03   1.9100000e+05
   1.4800000e+03   1.9084050e+05
   1.4786608e+03   1.9000000e+05
   1.4769434e+03   1.8900000e+05
   1.4752055e+03   1.8800000e+05
   1.4734913e+03   1.8700000e+05
   1.4718969e+03   1.8600000e+05
   1.4707107e+03   1.8500000e+05
   1.4700000e+03   1.8459865e+05
   1.4689111e+03   1.8400000e+05
   1.4673202e+03   1.8300000e+05
   1.4656936e+03   1.8200000e+05
   1.4640657e+03   1.8100000e+05
   1.4623871e+03   1.8000000e+05
   1.4606383e+03   1.7900000e+05
   1.4600000e+03   1.7864465e+05
   1.4588605e+03   1.7800000e+05
   1.4570940e+03   1.7700000e+05
   1.4552296e+03   1.7600000e+05
   1.4532986e+03   1.7500000e+05
   1.4514457e+03   1.7400000e+05
   1.4500000e+03   1.7327425e+05
   1.4494520e+03   1.7300000e+05
   1.4473794e+03   1.7200000e+05
   1.4452689e+03   1.7100000e+05
   1.4431947e+03   1.7000000e+05
   1.4409241e+03   1.6900000e+05
   1.4400000e+03   1.6869600e+05
   1.4380569e+03   1.6800000e+05
   1.4364456e+03   1.6700000e+05
   1.4342003e+03   1.6600000e+05
   1.4300000e+03   1.6507514e+05
   1.4297004e+03   1.6500000e+05
   1.4260401e+03   1.6400000e+05
   1.4227482e+03   1.6300000e+05
   1.4200000e+03   1.6204907e+05
   1.4198552e+03   1.6200000e+05
   1.4170885e+03   1.6100000e+05
   1.4144169e+03   1.6000000e+05
   1.4117076e+03   1.5900000e+05
   1.4100000e+03   1.5829651e+05
   1.4092762e+03   1.5800000e+05
   1.4079386e+03   1.5700000e+05
   1.4073732e+03   1.5600000e+05
   1.4068452e+03   1.5500000e+05
   1.4063175e+03   1.5400000e+05
   1.4057815e+03   1.5300000e+05
   1.4052509e+03   1.5200000e+05
   1.4047159e+03   1.5100000e+05
   1.4041698e+03   1.5000000e+05
   1.4035998e+03   1.4900000e+05
   1.4030160e+03   1.4800000e+05
   1.4028198e+03   1.4700000e+05
   1.4027083e+03   1.4600000e+05
   1.4030489e+03   1.4500000e+05
   1.4030256e+03   1.4400000e+05
   1.4029847e+03   1.4300000e+05
   1.4028947e+03   1.4200000e+05
   1.4027959e+03   1.4100000e+05
   1.4026106e+03   1.4000000e+05
   1.4023878e+03   1.3900000e+05
   1.4021063e+03   1.3800000e+05
   1.4017983e+03   1.3700000e+05
   1.4014871e+03   1.3600000e+05
   1.4011068e+03   1.3500000e+05
   1.4006730e+03   1.3400000e+05
   1.4002437e+03   1.3300000e+05
   1.4000000e+03   1.3245524e+05
   1.3997976e+03   1.3200000e+05
   1.3993276e+03   1.3100000e+05
   1.3988373e+03   1.3000000e+05
   1.3983663e+03   1.2900000e+05
   1.3978089e+03   1.2800000e+05
   1.3921752e+03   1.2700000e+05
   1.3900000e+03   1.2673377e+05
   1.3834943e+03   1.2600000e+05
   1.3800000e+03   1.2552915e+05
   1.3760994e+03   1.2500000e+05
   1.3700000e+03   1.2409982e+05
   1.3693440e+03   1.2400000e+05
   1.3678421e+03   1.2300000e+05
   1.3672003e+03   1.2200000e+05
   1.3666180e+03   1.2100000e+05
   1.3659991e+03   1.2000000e+05
   1.3653806e+03   1.1900000e+05
   1.3647698e+03   1.1800000e+05
   1.3641520e+03   1.1700000e+05
   1.3635185e+03   1.1600000e+05
   1.3628655e+03   1.1500000e+05
   1.3622077e+03   1.1400000e+05
   1.3615503e+03   1.1300000e+05
   1.3608777e+03   1.1200000e+05
   1.3601997e+03   1.1100000e+05
   1.3600000e+03   1.1070962e+05
   1.3595146e+03   1.1000000e+05
   1.3588296e+03   1.0900000e+05
   1.3581408e+03   1.0800000e+05
   1.3574450e+03   1.0700000e+05
   1.3567523e+03   1.0600000e+05
   1.3560297e+03   1.0500000e+05
   1.3553049e+03   1.0400000e+05
   1.3545670e+03   1.0300000e+05
   1.3538333e+03   1.0200000e+05
   1.3530956e+03   1.0100000e+05
   1.3523464e+03   1.0000000e+05
   1.3516019e+03   9.9000000e+04
   1.3508440e+03   9.8000000e+04
   1.3500736e+03   9.7000000e+04
   1.3500000e+03   9.6904762e+04
   1.3493073e+03   9.6000000e+04
   1.3485515e+03   9.5000000e+04
   1.3477797e+03   9.4000000e+04
   1.3469958e+03   9.3000000e+04
   1.3462116e+03   9.2000000e+04
   1.3454287e+03   9.1000000e+04
   1.3446305e+03   9.0000000e+04
   1.3438322e+03   8.9000000e+04
   1.3430322e+03   8.8000000e+04
   1.3422215e+03   8.7000000e+04
   1.3414077e+03   8.6000000e+04
   1.3406026e+03   8.5000000e+04
   1.3400000e+03   8.4279101e+04
   1.3397684e+03   8.4000000e+04
   1.3389250e+03   8.3000000e+04
   1.3380969e+03   8.2000000e+04
   1.3372285e+03   8.1000000e+04
   1.3364203e+03   8.0000000e+04
   1.3327015e+03   7.9000000e+04
   1.3319202e+03   7.8000000e+04
   1.3311187e+03   7.7000000e+04
   1.3303160e+03   7.6000000e+04
   1.3300000e+03   7.5608992e+04
   1.3295114e+03   7.5000000e+04
   1.3287036e+03   7.4000000e+04
   1.3278928e+03   7.3000000e+04
   1.3270733e+03   7.2000000e+04
   1.3262405e+03   7.1000000e+04
   1.3254218e+03   7.0000000e+04
   1.3245932e+03   6.9000000e+04
   1.3237598e+03   6.8000000e+04
   1.3229220e+03   6.7000000e+04
   1.3220763e+03   6.6000000e+04
   1.3212233e+03   6.5000000e+04
   1.3203632e+03   6.4000000e+04
   1.3200000e+03   6.3580605e+04
   1.3195006e+03   6.3000000e+04
   1.3186418e+03   6.2000000e+04
   1.3177730e+03   6.1000000e+04
   1.3169029e+03   6.0000000e+04
   1.3160106e+03   5.9000000e+04
   1.3151390e+03   5.8000000e+04
   1.3142486e+03   5.7000000e+04
   1.3133571e+03   5.6000000e+04
   1.3124541e+03   5.5000000e+04
   1.3115465e+03   5.4000000e+04
   1.3106391e+03   5.3000000e+04
   1.3100000e+03   5.2285542e+04
   1.3097451e+03   5.2000000e+04
   1.3088160e+03   5.1000000e+04
   1.3078630e+03   5.0000000e+04
   1.3069377e+03   4.9000000e+04
   1.3060092e+03   4.8000000e+04
   1.3050642e+03   4.7000000e+04
   1.3041129e+03   4.6000000e+04
   1.3031583e+03   4.5000000e+04
   1.3022007e+03   4.4000000e+04
   1.3012224e+03   4.3000000e+04
   1.3002531e+03   4.2000000e+04
   1.3000000e+03   4.1741830e+04
   1.2992766e+03   4.1000000e+04
   1.2982856e+03   4.0000000e+04
   1.2972707e+03   3.9000000e+04
   1.2962791e+03   3.8000000e+04
   1.2952668e+03   3.7000000e+04
   1.2942357e+03   3.6000000e+04
   1.2931989e+03   3.5000000e+04
   1.2921448e+03   3.4000000e+04
   1.2910741e+03   3.3000000e+04
   1.2900074e+03   3.2000000e+04
   1.2900000e+03   3.1993217e+04
   1.2889263e+03   3.1000000e+04
   1.2878422e+03   3.0000000e+04
   1.2867364e+03   2.9000000e+04
   1.2856382e+03   2.8000000e+04
   1.2845027e+03   2.7000000e+04
   1.2833535e+03   2.6000000e+04
   1.2821824e+03   2.5000000e+04
   1.2809840e+03   2.4000000e+04
   1.2800000e+03   2.3192637e+04
   1.2797671e+03   2.3000000e+04
   1.2785304e+03   2.2000000e+04
   1.2772601e+03   2.1000000e+04
   1.2759751e+03   2.0000000e+04
   1.2746508e+03   1.9000000e+04
   1.2732871e+03   1.8000000e+04
   1.2718613e+03   1.7000000e+04
   1.2703694e+03   1.6000000e+04
   1.2700000e+03   1.5782843e+04
   1.2686941e+03   1.5000000e+04
   1.2671434e+03   1.4000000e+04
   1.2609231e+03   1.3000000e+04
   1.2600000e+03   1.2151458e+04
   1.2598373e+03   1.2000000e+04
   1.2586507e+03   1.1000000e+04
   1.2574801e+03   1.0000000e+04
   1.2562927e+03   9.0000000e+03
   1.2565933e+03   8.0000000e+03
   1.2561153e+03   7.0000000e+03
   1.2554951e+03   6.0000000e+03
   1.2547619e+03   5.0000000e+03
   1.2539339e+03   4.0000000e+03
   1.2530170e+03   3.0000000e+03
   1.2520479e+03   2.0000000e+03
   1.2510297e+03   1.0000000e+03
   1.2500000e+03   0.0000000e+00
   1.2500000e+03   0.0000000e+00
