   1.0263866e+03   1.3500000e+06
   1.0261860e+03   1.3490000e+06
   1.0259888e+03   1.3480000e+06
   1.0257938e+03   1.3470000e+06
   1.0255982e+03   1.3460000e+06
   1.0254024e+03   1.3450000e+06
   1.0252092e+03   1.3440000e+06
   1.0249959e+03   1.3430000e+06
   1.0247780e+03   1.3420000e+06
   1.0245605e+03   1.3410000e+06
   1.0243426e+03   1.3400000e+06
   1.0241251e+03   1.3390000e+06
   1.0239075e+03   1.3380000e+06
   1.0236896e+03   1.3370000e+06
   1.0234716e+03   1.3360000e+06
   1.0232534e+03   1.3350000e+06
   1.0230357e+03   1.3340000e+06
   1.0228177e+03   1.3330000e+06
   1.0225990e+03   1.3320000e+06
   1.0223816e+03   1.3310000e+06
   1.0221629e+03   1.3300000e+06
   1.0219447e+03   1.3290000e+06
   1.0217266e+03   1.3280000e+06
   1.0215083e+03   1.3270000e+06
   1.0212902e+03   1.3260000e+06
   1.0210721e+03   1.3250000e+06
   1.0208551e+03   1.3240000e+06
   1.0206373e+03   1.3230000e+06
   1.0204202e+03   1.3220000e+06
   1.0202033e+03   1.3210000e+06
   1.0200000e+03   1.3200630e+06
   1.0199865e+03   1.3200000e+06
   1.0197723e+03   1.3190000e+06
   1.0195572e+03   1.3180000e+06
   1.0193395e+03   1.3170000e+06
   1.0191203e+03   1.3160000e+06
   1.0189012e+03   1.3150000e+06
   1.0186821e+03   1.3140000e+06
   1.0184639e+03   1.3130000e+06
   1.0182451e+03   1.3120000e+06
   1.0180326e+03   1.3110000e+06
   1.0178397e+03   1.3100000e+06
   1.0176642e+03   1.3090000e+06
   1.0174703e+03   1.3080000e+06
   1.0172751e+03   1.3070000e+06
   1.0170794e+03   1.3060000e+06
   1.0168766e+03   1.3050000e+06
   1.0166658e+03   1.3040000e+06
   1.0164563e+03   1.3030000e+06
   1.0162478e+03   1.3020000e+06
   1.0160087e+03   1.3010000e+06
   1.0158015e+03   1.3000000e+06
   1.0155908e+03   1.2990000e+06
   1.0153759e+03   1.2980000e+06
   1.0151508e+03   1.2970000e+06
   1.0149112e+03   1.2960000e+06
   1.0146866e+03   1.2950000e+06
   1.0144625e+03   1.2940000e+06
   1.0142390e+03   1.2930000e+06
   1.0140202e+03   1.2920000e+06
   1.0138032e+03   1.2910000e+06
   1.0135854e+03   1.2900000e+06
   1.0133681e+03   1.2890000e+06
   1.0131512e+03   1.2880000e+06
   1.0129340e+03   1.2870000e+06
   1.0127169e+03   1.2860000e+06
   1.0124996e+03   1.2850000e+06
   1.0122826e+03   1.2840000e+06
   1.0120657e+03   1.2830000e+06
   1.0118495e+03   1.2820000e+06
   1.0116317e+03   1.2810000e+06
   1.0114169e+03   1.2800000e+06
   1.0111988e+03   1.2790000e+06
   1.0109806e+03   1.2780000e+06
   1.0107608e+03   1.2770000e+06
   1.0105426e+03   1.2760000e+06
   1.0103245e+03   1.2750000e+06
   1.0101064e+03   1.2740000e+06
   1.0100000e+03   1.2735143e+06
   1.0098879e+03   1.2730000e+06
   1.0096708e+03   1.2720000e+06
   1.0095207e+03   1.2710000e+06
   1.0093012e+03   1.2700000e+06
   1.0090816e+03   1.2690000e+06
   1.0088630e+03   1.2680000e+06
   1.0086436e+03   1.2670000e+06
   1.0084240e+03   1.2660000e+06
   1.0082045e+03   1.2650000e+06
   1.0079849e+03   1.2640000e+06
   1.0077654e+03   1.2630000e+06
   1.0075461e+03   1.2620000e+06
   1.0073257e+03   1.2610000e+06
   1.0071060e+03   1.2600000e+06
   1.0068856e+03   1.2590000e+06
   1.0066652e+03   1.2580000e+06
   1.0064448e+03   1.2570000e+06
   1.0062247e+03   1.2560000e+06
   1.0060043e+03   1.2550000e+06
   1.0057839e+03   1.2540000e+06
   1.0055639e+03   1.2530000e+06
   1.0053431e+03   1.2520000e+06
   1.0051218e+03   1.2510000e+06
   1.0049001e+03   1.2500000e+06
   1.0046799e+03   1.2490000e+06
   1.0044596e+03   1.2480000e+06
   1.0042389e+03   1.2470000e+06
   1.0040177e+03   1.2460000e+06
   1.0037976e+03   1.2450000e+06
   1.0035764e+03   1.2440000e+06
   1.0033548e+03   1.2430000e+06
   1.0031337e+03   1.2420000e+06
   1.0029124e+03   1.2410000e+06
   1.0026910e+03   1.2400000e+06
   1.0024696e+03   1.2390000e+06
   1.0022484e+03   1.2380000e+06
   1.0020263e+03   1.2370000e+06
   1.0018052e+03   1.2360000e+06
   1.0015897e+03   1.2350000e+06
   1.0013929e+03   1.2340000e+06
   1.0011943e+03   1.2330000e+06
   1.0009724e+03   1.2320000e+06
   1.0007491e+03   1.2310000e+06
   1.0004911e+03   1.2300000e+06
   1.0002990e+03   1.2290000e+06
   1.0000819e+03   1.2280000e+06
   1.0000000e+03   1.2276305e+06
   9.9986252e+02   1.2270000e+06
   9.9964620e+02   1.2260000e+06
   9.9943062e+02   1.2250000e+06
   9.9921823e+02   1.2240000e+06
   9.9900000e+02   1.2230000e+06
   9.9877089e+02   1.2220000e+06
   9.9855147e+02   1.2210000e+06
   9.9833142e+02   1.2200000e+06
   9.9812016e+02   1.2190000e+06
   9.9790444e+02   1.2180000e+06
   9.9768920e+02   1.2170000e+06
   9.9746216e+02   1.2160000e+06
   9.9722915e+02   1.2150000e+06
   9.9700831e+02   1.2140000e+06
   9.9680310e+02   1.2130000e+06
   9.9658815e+02   1.2120000e+06
   9.9637417e+02   1.2110000e+06
   9.9614118e+02   1.2100000e+06
   9.9594183e+02   1.2090000e+06
   9.9572230e+02   1.2080000e+06
   9.9550241e+02   1.2070000e+06
   9.9528294e+02   1.2060000e+06
   9.9506307e+02   1.2050000e+06
   9.9484365e+02   1.2040000e+06
   9.9462421e+02   1.2030000e+06
   9.9440571e+02   1.2020000e+06
   9.9418967e+02   1.2010000e+06
   9.9398260e+02   1.2000000e+06
   9.9379589e+02   1.1990000e+06
   9.9357510e+02   1.1980000e+06
   9.9331967e+02   1.1970000e+06
   9.9312605e+02   1.1960000e+06
   9.9290288e+02   1.1950000e+06
   9.9268098e+02   1.1940000e+06
   9.9245698e+02   1.1930000e+06
   9.9223454e+02   1.1920000e+06
   9.9201082e+02   1.1910000e+06
   9.9178803e+02   1.1900000e+06
   9.9156364e+02   1.1890000e+06
   9.9134013e+02   1.1880000e+06
   9.9111653e+02   1.1870000e+06
   9.9089232e+02   1.1860000e+06
   9.9066874e+02   1.1850000e+06
   9.9044604e+02   1.1840000e+06
   9.9022082e+02   1.1830000e+06
   9.9000000e+02   1.1820158e+06
   9.8999648e+02   1.1820000e+06
   9.8977405e+02   1.1810000e+06
   9.8955245e+02   1.1800000e+06
   9.8933005e+02   1.1790000e+06
   9.8910201e+02   1.1780000e+06
   9.8888254e+02   1.1770000e+06
   9.8865682e+02   1.1760000e+06
   9.8843132e+02   1.1750000e+06
   9.8820594e+02   1.1740000e+06
   9.8798156e+02   1.1730000e+06
   9.8775593e+02   1.1720000e+06
   9.8754705e+02   1.1710000e+06
   9.8732248e+02   1.1700000e+06
   9.8709910e+02   1.1690000e+06
   9.8687528e+02   1.1680000e+06
   9.8665111e+02   1.1670000e+06
   9.8642813e+02   1.1660000e+06
   9.8620559e+02   1.1650000e+06
   9.8598117e+02   1.1640000e+06
   9.8575752e+02   1.1630000e+06
   9.8553386e+02   1.1620000e+06
   9.8531082e+02   1.1610000e+06
   9.8508963e+02   1.1600000e+06
   9.8486513e+02   1.1590000e+06
   9.8464107e+02   1.1580000e+06
   9.8441662e+02   1.1570000e+06
   9.8419258e+02   1.1560000e+06
   9.8396820e+02   1.1550000e+06
   9.8374330e+02   1.1540000e+06
   9.8351897e+02   1.1530000e+06
   9.8329439e+02   1.1520000e+06
   9.8306949e+02   1.1510000e+06
   9.8284522e+02   1.1500000e+06
   9.8262034e+02   1.1490000e+06
   9.8239526e+02   1.1480000e+06
   9.8217040e+02   1.1470000e+06
   9.8194554e+02   1.1460000e+06
   9.8171981e+02   1.1450000e+06
   9.8149407e+02   1.1440000e+06
   9.8126822e+02   1.1430000e+06
   9.8104251e+02   1.1420000e+06
   9.8081599e+02   1.1410000e+06
   9.8059020e+02   1.1400000e+06
   9.8036451e+02   1.1390000e+06
   9.8013963e+02   1.1380000e+06
   9.8000000e+02   1.1373813e+06
   9.7991504e+02   1.1370000e+06
   9.7969229e+02   1.1360000e+06
   9.7946953e+02   1.1350000e+06
   9.7924677e+02   1.1340000e+06
   9.7902063e+02   1.1330000e+06
   9.7879951e+02   1.1320000e+06
   9.7857514e+02   1.1310000e+06
   9.7836850e+02   1.1300000e+06
   9.7812706e+02   1.1290000e+06
   9.7790190e+02   1.1280000e+06
   9.7767778e+02   1.1270000e+06
   9.7745256e+02   1.1260000e+06
   9.7722713e+02   1.1250000e+06
   9.7700364e+02   1.1240000e+06
   9.7678042e+02   1.1230000e+06
   9.7655922e+02   1.1220000e+06
   9.7633371e+02   1.1210000e+06
   9.7610914e+02   1.1200000e+06
   9.7589655e+02   1.1190000e+06
   9.7566881e+02   1.1180000e+06
   9.7547411e+02   1.1170000e+06
   9.7525705e+02   1.1160000e+06
   9.7504555e+02   1.1150000e+06
   9.7482041e+02   1.1140000e+06
   9.7459563e+02   1.1130000e+06
   9.7436990e+02   1.1120000e+06
   9.7417609e+02   1.1110000e+06
   9.7392017e+02   1.1100000e+06
   9.7369403e+02   1.1090000e+06
   9.7346755e+02   1.1080000e+06
   9.7324193e+02   1.1070000e+06
   9.7301484e+02   1.1060000e+06
   9.7278834e+02   1.1050000e+06
   9.7256226e+02   1.1040000e+06
   9.7233579e+02   1.1030000e+06
   9.7210846e+02   1.1020000e+06
   9.7188167e+02   1.1010000e+06
   9.7165452e+02   1.1000000e+06
   9.7142721e+02   1.0990000e+06
   9.7124687e+02   1.0980000e+06
   9.7097241e+02   1.0970000e+06
   9.7074427e+02   1.0960000e+06
   9.7051696e+02   1.0950000e+06
   9.7028884e+02   1.0940000e+06
   9.7006158e+02   1.0930000e+06
   9.7000000e+02   1.0926537e+06
   9.6988389e+02   1.0920000e+06
   9.6960776e+02   1.0910000e+06
   9.6938103e+02   1.0900000e+06
   9.6915438e+02   1.0890000e+06
   9.6892768e+02   1.0880000e+06
   9.6870022e+02   1.0870000e+06
   9.6847341e+02   1.0860000e+06
   9.6824599e+02   1.0850000e+06
   9.6801862e+02   1.0840000e+06
   9.6779109e+02   1.0830000e+06
   9.6756377e+02   1.0820000e+06
   9.6733626e+02   1.0810000e+06
   9.6710876e+02   1.0800000e+06
   9.6691848e+02   1.0790000e+06
   9.6665346e+02   1.0780000e+06
   9.6642568e+02   1.0770000e+06
   9.6619766e+02   1.0760000e+06
   9.6596881e+02   1.0750000e+06
   9.6574050e+02   1.0740000e+06
   9.6551172e+02   1.0730000e+06
   9.6528302e+02   1.0720000e+06
   9.6505427e+02   1.0710000e+06
   9.6482512e+02   1.0700000e+06
   9.6459597e+02   1.0690000e+06
   9.6436595e+02   1.0680000e+06
   9.6413680e+02   1.0670000e+06
   9.6390698e+02   1.0660000e+06
   9.6367755e+02   1.0650000e+06
   9.6344816e+02   1.0640000e+06
   9.6321822e+02   1.0630000e+06
   9.6298915e+02   1.0620000e+06
   9.6275921e+02   1.0610000e+06
   9.6254328e+02   1.0600000e+06
   9.6230021e+02   1.0590000e+06
   9.6207009e+02   1.0580000e+06
   9.6184018e+02   1.0570000e+06
   9.6161013e+02   1.0560000e+06
   9.6138023e+02   1.0550000e+06
   9.6115034e+02   1.0540000e+06
   9.6092012e+02   1.0530000e+06
   9.6069031e+02   1.0520000e+06
   9.6045963e+02   1.0510000e+06
   9.6022461e+02   1.0500000e+06
   9.6000000e+02   1.0490151e+06
   9.5999659e+02   1.0490000e+06
   9.5976699e+02   1.0480000e+06
   9.5953657e+02   1.0470000e+06
   9.5930620e+02   1.0460000e+06
   9.5907586e+02   1.0450000e+06
   9.5884556e+02   1.0440000e+06
   9.5861519e+02   1.0430000e+06
   9.5838553e+02   1.0420000e+06
   9.5815513e+02   1.0410000e+06
   9.5792406e+02   1.0400000e+06
   9.5769369e+02   1.0390000e+06
   9.5746246e+02   1.0380000e+06
   9.5723232e+02   1.0370000e+06
   9.5700111e+02   1.0360000e+06
   9.5677045e+02   1.0350000e+06
   9.5653958e+02   1.0340000e+06
   9.5628523e+02   1.0330000e+06
   9.5606282e+02   1.0320000e+06
   9.5584619e+02   1.0310000e+06
   9.5561514e+02   1.0300000e+06
   9.5538606e+02   1.0290000e+06
   9.5515141e+02   1.0280000e+06
   9.5479213e+02   1.0270000e+06
   9.5417181e+02   1.0260000e+06
   9.5353893e+02   1.0250000e+06
   9.5317515e+02   1.0240000e+06
   9.5278738e+02   1.0230000e+06
   9.5131309e+02   1.0220000e+06
   9.5064161e+02   1.0210000e+06
   9.5000000e+02   1.0200990e+06
   9.4992981e+02   1.0200000e+06
   9.4926722e+02   1.0190000e+06
   9.4850610e+02   1.0180000e+06
   9.4759041e+02   1.0170000e+06
   9.4675176e+02   1.0160000e+06
   9.4585074e+02   1.0150000e+06
   9.4504126e+02   1.0140000e+06
   9.4425394e+02   1.0130000e+06
   9.4346088e+02   1.0120000e+06
   9.4236383e+02   1.0110000e+06
   9.4132985e+02   1.0100000e+06
   9.4000000e+02   1.0090120e+06
   9.3998398e+02   1.0090000e+06
   9.3883383e+02   1.0080000e+06
   9.3786852e+02   1.0070000e+06
   9.3691549e+02   1.0060000e+06
   9.3605340e+02   1.0050000e+06
   9.3352195e+02   1.0040000e+06
   9.3361036e+02   1.0030000e+06
   9.3240795e+02   1.0020000e+06
   9.3117525e+02   1.0010000e+06
   9.3061823e+02   1.0000000e+06
   9.3036329e+02   9.9900000e+05
   9.3020384e+02   9.9800000e+05
   9.3002514e+02   9.9700000e+05
   9.3000000e+02   9.9688679e+05
   9.2980728e+02   9.9600000e+05
   9.2960334e+02   9.9500000e+05
   9.2940429e+02   9.9400000e+05
   9.2920473e+02   9.9300000e+05
   9.2900452e+02   9.9200000e+05
   9.2880555e+02   9.9100000e+05
   9.2860883e+02   9.9000000e+05
   9.2841269e+02   9.8900000e+05
   9.2821557e+02   9.8800000e+05
   9.2801639e+02   9.8700000e+05
   9.2780616e+02   9.8600000e+05
   9.2760672e+02   9.8500000e+05
   9.2740606e+02   9.8400000e+05
   9.2721547e+02   9.8300000e+05
   9.2701887e+02   9.8200000e+05
   9.2682321e+02   9.8100000e+05
   9.2660570e+02   9.8000000e+05
   9.2640541e+02   9.7900000e+05
   9.2619110e+02   9.7800000e+05
   9.2598391e+02   9.7700000e+05
   9.2577562e+02   9.7600000e+05
   9.2557932e+02   9.7500000e+05
   9.2535959e+02   9.7400000e+05
   9.2515359e+02   9.7300000e+05
   9.2495211e+02   9.7200000e+05
   9.2474983e+02   9.7100000e+05
   9.2454763e+02   9.7000000e+05
   9.2434395e+02   9.6900000e+05
   9.2414226e+02   9.6800000e+05
   9.2394009e+02   9.6700000e+05
   9.2373793e+02   9.6600000e+05
   9.2353548e+02   9.6500000e+05
   9.2333251e+02   9.6400000e+05
   9.2313010e+02   9.6300000e+05
   9.2292715e+02   9.6200000e+05
   9.2272397e+02   9.6100000e+05
   9.2252021e+02   9.6000000e+05
   9.2231569e+02   9.5900000e+05
   9.2210851e+02   9.5800000e+05
   9.2190187e+02   9.5700000e+05
   9.2169178e+02   9.5600000e+05
   9.2148870e+02   9.5500000e+05
   9.2128562e+02   9.5400000e+05
   9.2108245e+02   9.5300000e+05
   9.2087857e+02   9.5200000e+05
   9.2067545e+02   9.5100000e+05
   9.2047163e+02   9.5000000e+05
   9.2026773e+02   9.4900000e+05
   9.2006468e+02   9.4800000e+05
   9.2000000e+02   9.4767886e+05
   9.1986465e+02   9.4700000e+05
   9.1966613e+02   9.4600000e+05
   9.1946669e+02   9.4500000e+05
   9.1926794e+02   9.4400000e+05
   9.1906813e+02   9.4300000e+05
   9.1886143e+02   9.4200000e+05
   9.1866575e+02   9.4100000e+05
   9.1846254e+02   9.4000000e+05
   9.1825914e+02   9.3900000e+05
   9.1805366e+02   9.3800000e+05
   9.1784973e+02   9.3700000e+05
   9.1764549e+02   9.3600000e+05
   9.1744165e+02   9.3500000e+05
   9.1723121e+02   9.3400000e+05
   9.1703238e+02   9.3300000e+05
   9.1682384e+02   9.3200000e+05
   9.1661455e+02   9.3100000e+05
   9.1639922e+02   9.3000000e+05
   9.1619293e+02   9.2900000e+05
   9.1595871e+02   9.2800000e+05
   9.1575423e+02   9.2700000e+05
   9.1556425e+02   9.2600000e+05
   9.1536367e+02   9.2500000e+05
   9.1516240e+02   9.2400000e+05
   9.1493945e+02   9.2300000e+05
   9.1475662e+02   9.2200000e+05
   9.1455288e+02   9.2100000e+05
   9.1434815e+02   9.2000000e+05
   9.1414297e+02   9.1900000e+05
   9.1393543e+02   9.1800000e+05
   9.1373110e+02   9.1700000e+05
   9.1351725e+02   9.1600000e+05
   9.1330997e+02   9.1500000e+05
   9.1307347e+02   9.1400000e+05
   9.1286110e+02   9.1300000e+05
   9.1264900e+02   9.1200000e+05
   9.1245200e+02   9.1100000e+05
   9.1224038e+02   9.1000000e+05
   9.1202106e+02   9.0900000e+05
   9.1181435e+02   9.0800000e+05
   9.1160836e+02   9.0700000e+05
   9.1140173e+02   9.0600000e+05
   9.1119657e+02   9.0500000e+05
   9.1098923e+02   9.0400000e+05
   9.1078438e+02   9.0300000e+05
   9.1057590e+02   9.0200000e+05
   9.1036911e+02   9.0100000e+05
   9.1016213e+02   9.0000000e+05
   9.1000000e+02   8.9921569e+05
   9.0995587e+02   8.9900000e+05
   9.0975289e+02   8.9800000e+05
   9.0954586e+02   8.9700000e+05
   9.0934371e+02   8.9600000e+05
   9.0913832e+02   8.9500000e+05
   9.0893293e+02   8.9400000e+05
   9.0872694e+02   8.9300000e+05
   9.0852146e+02   8.9200000e+05
   9.0831542e+02   8.9100000e+05
   9.0810591e+02   8.9000000e+05
   9.0789486e+02   8.8900000e+05
   9.0768400e+02   8.8800000e+05
   9.0748736e+02   8.8700000e+05
   9.0727529e+02   8.8600000e+05
   9.0706266e+02   8.8500000e+05
   9.0685258e+02   8.8400000e+05
   9.0664598e+02   8.8300000e+05
   9.0643911e+02   8.8200000e+05
   9.0623146e+02   8.8100000e+05
   9.0602434e+02   8.8000000e+05
   9.0581628e+02   8.7900000e+05
   9.0560284e+02   8.7800000e+05
   9.0539807e+02   8.7700000e+05
   9.0518814e+02   8.7600000e+05
   9.0497824e+02   8.7500000e+05
   9.0476877e+02   8.7400000e+05
   9.0455769e+02   8.7300000e+05
   9.0434741e+02   8.7200000e+05
   9.0413746e+02   8.7100000e+05
   9.0391517e+02   8.7000000e+05
   9.0366984e+02   8.6900000e+05
   9.0344475e+02   8.6800000e+05
   9.0323011e+02   8.6700000e+05
   9.0301963e+02   8.6600000e+05
   9.0280968e+02   8.6500000e+05
   9.0260114e+02   8.6400000e+05
   9.0239302e+02   8.6300000e+05
   9.0218370e+02   8.6200000e+05
   9.0197458e+02   8.6100000e+05
   9.0176532e+02   8.6000000e+05
   9.0155597e+02   8.5900000e+05
   9.0134200e+02   8.5800000e+05
   9.0112937e+02   8.5700000e+05
   9.0091769e+02   8.5600000e+05
   9.0070306e+02   8.5500000e+05
   9.0049245e+02   8.5400000e+05
   9.0028063e+02   8.5300000e+05
   9.0006892e+02   8.5200000e+05
   9.0000000e+02   8.5167424e+05
   8.9985867e+02   8.5100000e+05
   8.9964907e+02   8.5000000e+05
   8.9943801e+02   8.4900000e+05
   8.9922766e+02   8.4800000e+05
   8.9901818e+02   8.4700000e+05
   8.9880784e+02   8.4600000e+05
   8.9859683e+02   8.4500000e+05
   8.9838651e+02   8.4400000e+05
   8.9817944e+02   8.4300000e+05
   8.9796887e+02   8.4200000e+05
   8.9775784e+02   8.4100000e+05
   8.9754760e+02   8.4000000e+05
   8.9733222e+02   8.3900000e+05
   8.9712253e+02   8.3800000e+05
   8.9691207e+02   8.3700000e+05
   8.9669712e+02   8.3600000e+05
   8.9648737e+02   8.3500000e+05
   8.9627957e+02   8.3400000e+05
   8.9606499e+02   8.3300000e+05
   8.9585240e+02   8.3200000e+05
   8.9563950e+02   8.3100000e+05
   8.9542739e+02   8.3000000e+05
   8.9521615e+02   8.2900000e+05
   8.9500238e+02   8.2800000e+05
   8.9478751e+02   8.2700000e+05
   8.9456248e+02   8.2600000e+05
   8.9432261e+02   8.2500000e+05
   8.9411346e+02   8.2400000e+05
   8.9388356e+02   8.2300000e+05
   8.9365988e+02   8.2200000e+05
   8.9347278e+02   8.2100000e+05
   8.9320932e+02   8.2000000e+05
   8.9299593e+02   8.1900000e+05
   8.9278199e+02   8.1800000e+05
   8.9256621e+02   8.1700000e+05
   8.9235224e+02   8.1600000e+05
   8.9213830e+02   8.1500000e+05
   8.9192311e+02   8.1400000e+05
   8.9170907e+02   8.1300000e+05
   8.9149374e+02   8.1200000e+05
   8.9126910e+02   8.1100000e+05
   8.9105484e+02   8.1000000e+05
   8.9084039e+02   8.0900000e+05
   8.9062208e+02   8.0800000e+05
   8.9041063e+02   8.0700000e+05
   8.9019464e+02   8.0600000e+05
   8.9000000e+02   8.0510219e+05
   8.8997800e+02   8.0500000e+05
   8.8976353e+02   8.0400000e+05
   8.8954831e+02   8.0300000e+05
   8.8933318e+02   8.0200000e+05
   8.8911954e+02   8.0100000e+05
   8.8890311e+02   8.0000000e+05
   8.8868828e+02   7.9900000e+05
   8.8847343e+02   7.9800000e+05
   8.8825800e+02   7.9700000e+05
   8.8804300e+02   7.9600000e+05
   8.8782871e+02   7.9500000e+05
   8.8761258e+02   7.9400000e+05
   8.8739741e+02   7.9300000e+05
   8.8718164e+02   7.9200000e+05
   8.8696587e+02   7.9100000e+05
   8.8674984e+02   7.9000000e+05
   8.8653406e+02   7.8900000e+05
   8.8631856e+02   7.8800000e+05
   8.8610357e+02   7.8700000e+05
   8.8588780e+02   7.8600000e+05
   8.8567237e+02   7.8500000e+05
   8.8545661e+02   7.8400000e+05
   8.8524086e+02   7.8300000e+05
   8.8502393e+02   7.8200000e+05
   8.8480703e+02   7.8100000e+05
   8.8458932e+02   7.8000000e+05
   8.8437113e+02   7.7900000e+05
   8.8415333e+02   7.7800000e+05
   8.8393502e+02   7.7700000e+05
   8.8371370e+02   7.7600000e+05
   8.8349063e+02   7.7500000e+05
   8.8326136e+02   7.7400000e+05
   8.8303138e+02   7.7300000e+05
   8.8280009e+02   7.7200000e+05
   8.8256784e+02   7.7100000e+05
   8.8233620e+02   7.7000000e+05
   8.8211271e+02   7.6900000e+05
   8.8189223e+02   7.6800000e+05
   8.8167233e+02   7.6700000e+05
   8.8145170e+02   7.6600000e+05
   8.8123105e+02   7.6500000e+05
   8.8100916e+02   7.6400000e+05
   8.8078806e+02   7.6300000e+05
   8.8055226e+02   7.6200000e+05
   8.8032973e+02   7.6100000e+05
   8.8010712e+02   7.6000000e+05
   8.8000000e+02   7.5951773e+05
   8.7988660e+02   7.5900000e+05
   8.7966757e+02   7.5800000e+05
   8.7944854e+02   7.5700000e+05
   8.7922814e+02   7.5600000e+05
   8.7900862e+02   7.5500000e+05
   8.7878842e+02   7.5400000e+05
   8.7856755e+02   7.5300000e+05
   8.7834743e+02   7.5200000e+05
   8.7812767e+02   7.5100000e+05
   8.7790842e+02   7.5000000e+05
   8.7768741e+02   7.4900000e+05
   8.7746895e+02   7.4800000e+05
   8.7725213e+02   7.4700000e+05
   8.7703344e+02   7.4600000e+05
   8.7681465e+02   7.4500000e+05
   8.7659474e+02   7.4400000e+05
   8.7637352e+02   7.4300000e+05
   8.7615211e+02   7.4200000e+05
   8.7593047e+02   7.4100000e+05
   8.7570852e+02   7.4000000e+05
   8.7548692e+02   7.3900000e+05
   8.7526540e+02   7.3800000e+05
   8.7504462e+02   7.3700000e+05
   8.7482194e+02   7.3600000e+05
   8.7459843e+02   7.3500000e+05
   8.7437660e+02   7.3400000e+05
   8.7415406e+02   7.3300000e+05
   8.7393159e+02   7.3200000e+05
   8.7370841e+02   7.3100000e+05
   8.7348558e+02   7.3000000e+05
   8.7326252e+02   7.2900000e+05
   8.7303930e+02   7.2800000e+05
   8.7281417e+02   7.2700000e+05
   8.7259050e+02   7.2600000e+05
   8.7232420e+02   7.2500000e+05
   8.7212616e+02   7.2400000e+05
   8.7188697e+02   7.2300000e+05
   8.7169652e+02   7.2200000e+05
   8.7145610e+02   7.2100000e+05
   8.7121535e+02   7.2000000e+05
   8.7096510e+02   7.1900000e+05
   8.7074516e+02   7.1800000e+05
   8.7052028e+02   7.1700000e+05
   8.7029630e+02   7.1600000e+05
   8.7006319e+02   7.1500000e+05
   8.7000000e+02   7.1471875e+05
   8.6984038e+02   7.1400000e+05
   8.6961820e+02   7.1300000e+05
   8.6939380e+02   7.1200000e+05
   8.6916866e+02   7.1100000e+05
   8.6894262e+02   7.1000000e+05
   8.6871597e+02   7.0900000e+05
   8.6845386e+02   7.0800000e+05
   8.6822802e+02   7.0700000e+05
   8.6803902e+02   7.0600000e+05
   8.6777692e+02   7.0500000e+05
   8.6755201e+02   7.0400000e+05
   8.6730690e+02   7.0300000e+05
   8.6708183e+02   7.0200000e+05
   8.6685649e+02   7.0100000e+05
   8.6663146e+02   7.0000000e+05
   8.6640692e+02   6.9900000e+05
   8.6618340e+02   6.9800000e+05
   8.6596005e+02   6.9700000e+05
   8.6574230e+02   6.9600000e+05
   8.6551716e+02   6.9500000e+05
   8.6529299e+02   6.9400000e+05
   8.6505394e+02   6.9300000e+05
   8.6484032e+02   6.9200000e+05
   8.6461250e+02   6.9100000e+05
   8.6439077e+02   6.9000000e+05
   8.6416194e+02   6.8900000e+05
   8.6393252e+02   6.8800000e+05
   8.6370419e+02   6.8700000e+05
   8.6347649e+02   6.8600000e+05
   8.6324870e+02   6.8500000e+05
   8.6302668e+02   6.8400000e+05
   8.6279871e+02   6.8300000e+05
   8.6257200e+02   6.8200000e+05
   8.6234294e+02   6.8100000e+05
   8.6211369e+02   6.8000000e+05
   8.6188515e+02   6.7900000e+05
   8.6165301e+02   6.7800000e+05
   8.6142277e+02   6.7700000e+05
   8.6118973e+02   6.7600000e+05
   8.6095315e+02   6.7500000e+05
   8.6072359e+02   6.7400000e+05
   8.6049295e+02   6.7300000e+05
   8.6026596e+02   6.7200000e+05
   8.6003755e+02   6.7100000e+05
   8.6000000e+02   6.7083667e+05
   8.5980952e+02   6.7000000e+05
   8.5958182e+02   6.6900000e+05
   8.5933530e+02   6.6800000e+05
   8.5910995e+02   6.6700000e+05
   8.5886410e+02   6.6600000e+05
   8.5862732e+02   6.6500000e+05
   8.5838999e+02   6.6400000e+05
   8.5816767e+02   6.6300000e+05
   8.5791838e+02   6.6200000e+05
   8.5767694e+02   6.6100000e+05
   8.5744356e+02   6.6000000e+05
   8.5721370e+02   6.5900000e+05
   8.5698557e+02   6.5800000e+05
   8.5675657e+02   6.5700000e+05
   8.5653199e+02   6.5600000e+05
   8.5629734e+02   6.5500000e+05
   8.5606550e+02   6.5400000e+05
   8.5581041e+02   6.5300000e+05
   8.5556840e+02   6.5200000e+05
   8.5532746e+02   6.5100000e+05
   8.5509019e+02   6.5000000e+05
   8.5487538e+02   6.4900000e+05
   8.5462705e+02   6.4800000e+05
   8.5439433e+02   6.4700000e+05
   8.5416206e+02   6.4600000e+05
   8.5392890e+02   6.4500000e+05
   8.5369618e+02   6.4400000e+05
   8.5346320e+02   6.4300000e+05
   8.5322974e+02   6.4200000e+05
   8.5299606e+02   6.4100000e+05
   8.5275781e+02   6.4000000e+05
   8.5252211e+02   6.3900000e+05
   8.5228735e+02   6.3800000e+05
   8.5205332e+02   6.3700000e+05
   8.5182801e+02   6.3600000e+05
   8.5158423e+02   6.3500000e+05
   8.5134874e+02   6.3400000e+05
   8.5111355e+02   6.3300000e+05
   8.5087748e+02   6.3200000e+05
   8.5064235e+02   6.3100000e+05
   8.5040551e+02   6.3000000e+05
   8.5016945e+02   6.2900000e+05
   8.5000000e+02   6.2827974e+05
   8.4993478e+02   6.2800000e+05
   8.4970165e+02   6.2700000e+05
   8.4946781e+02   6.2600000e+05
   8.4923400e+02   6.2500000e+05
   8.4900015e+02   6.2400000e+05
   8.4875936e+02   6.2300000e+05
   8.4853106e+02   6.2200000e+05
   8.4829586e+02   6.2100000e+05
   8.4806055e+02   6.2000000e+05
   8.4782449e+02   6.1900000e+05
   8.4758861e+02   6.1800000e+05
   8.4735643e+02   6.1700000e+05
   8.4711781e+02   6.1600000e+05
   8.4688249e+02   6.1500000e+05
   8.4664768e+02   6.1400000e+05
   8.4641208e+02   6.1300000e+05
   8.4617731e+02   6.1200000e+05
   8.4594125e+02   6.1100000e+05
   8.4570143e+02   6.1000000e+05
   8.4545543e+02   6.0900000e+05
   8.4522267e+02   6.0800000e+05
   8.4497560e+02   6.0700000e+05
   8.4472707e+02   6.0600000e+05
   8.4447824e+02   6.0500000e+05
   8.4422842e+02   6.0400000e+05
   8.4398718e+02   6.0300000e+05
   8.4374519e+02   6.0200000e+05
   8.4350369e+02   6.0100000e+05
   8.4326198e+02   6.0000000e+05
   8.4301982e+02   5.9900000e+05
   8.4277874e+02   5.9800000e+05
   8.4253237e+02   5.9700000e+05
   8.4228670e+02   5.9600000e+05
   8.4204158e+02   5.9500000e+05
   8.4179672e+02   5.9400000e+05
   8.4152882e+02   5.9300000e+05
   8.4128392e+02   5.9200000e+05
   8.4107788e+02   5.9100000e+05
   8.4080090e+02   5.9000000e+05
   8.4055551e+02   5.8900000e+05
   8.4031507e+02   5.8800000e+05
   8.4007407e+02   5.8700000e+05
   8.4000000e+02   5.8669255e+05
   8.3983486e+02   5.8600000e+05
   8.3959633e+02   5.8500000e+05
   8.3935224e+02   5.8400000e+05
   8.3910840e+02   5.8300000e+05
   8.3886248e+02   5.8200000e+05
   8.3861671e+02   5.8100000e+05
   8.3838299e+02   5.8000000e+05
   8.3813792e+02   5.7900000e+05
   8.3789618e+02   5.7800000e+05
   8.3765760e+02   5.7700000e+05
   8.3739384e+02   5.7600000e+05
   8.3715678e+02   5.7500000e+05
   8.3692126e+02   5.7400000e+05
   8.3668217e+02   5.7300000e+05
   8.3644271e+02   5.7200000e+05
   8.3619962e+02   5.7100000e+05
   8.3595690e+02   5.7000000e+05
   8.3571239e+02   5.6900000e+05
   8.3546837e+02   5.6800000e+05
   8.3522937e+02   5.6700000e+05
   8.3498672e+02   5.6600000e+05
   8.3474147e+02   5.6500000e+05
   8.3449764e+02   5.6400000e+05
   8.3425362e+02   5.6300000e+05
   8.3401094e+02   5.6200000e+05
   8.3377031e+02   5.6100000e+05
   8.3352515e+02   5.6000000e+05
   8.3327940e+02   5.5900000e+05
   8.3303346e+02   5.5800000e+05
   8.3278742e+02   5.5700000e+05
   8.3253730e+02   5.5600000e+05
   8.3229093e+02   5.5500000e+05
   8.3204446e+02   5.5400000e+05
   8.3179898e+02   5.5300000e+05
   8.3155011e+02   5.5200000e+05
   8.3130329e+02   5.5100000e+05
   8.3105578e+02   5.5000000e+05
   8.3080957e+02   5.4900000e+05
   8.3056138e+02   5.4800000e+05
   8.3031245e+02   5.4700000e+05
   8.3005397e+02   5.4600000e+05
   8.3000000e+02   5.4579552e+05
   8.2979217e+02   5.4500000e+05
   8.2953235e+02   5.4400000e+05
   8.2928467e+02   5.4300000e+05
   8.2906013e+02   5.4200000e+05
   8.2879609e+02   5.4100000e+05
   8.2854286e+02   5.4000000e+05
   8.2828857e+02   5.3900000e+05
   8.2804062e+02   5.3800000e+05
   8.2775046e+02   5.3700000e+05
   8.2749616e+02   5.3600000e+05
   8.2724887e+02   5.3500000e+05
   8.2700212e+02   5.3400000e+05
   8.2675121e+02   5.3300000e+05
   8.2650051e+02   5.3200000e+05
   8.2624963e+02   5.3100000e+05
   8.2599956e+02   5.3000000e+05
   8.2574801e+02   5.2900000e+05
   8.2549620e+02   5.2800000e+05
   8.2524589e+02   5.2700000e+05
   8.2499635e+02   5.2600000e+05
   8.2474753e+02   5.2500000e+05
   8.2449770e+02   5.2400000e+05
   8.2424721e+02   5.2300000e+05
   8.2399752e+02   5.2200000e+05
   8.2374150e+02   5.2100000e+05
   8.2349423e+02   5.2000000e+05
   8.2324060e+02   5.1900000e+05
   8.2298671e+02   5.1800000e+05
   8.2273418e+02   5.1700000e+05
   8.2247973e+02   5.1600000e+05
   8.2223098e+02   5.1500000e+05
   8.2197180e+02   5.1400000e+05
   8.2171890e+02   5.1300000e+05
   8.2146539e+02   5.1200000e+05
   8.2121011e+02   5.1100000e+05
   8.2095276e+02   5.1000000e+05
   8.2070135e+02   5.0900000e+05
   8.2044502e+02   5.0800000e+05
   8.2019560e+02   5.0700000e+05
   8.2000000e+02   5.0622857e+05
   8.1994222e+02   5.0600000e+05
   8.1968879e+02   5.0500000e+05
   8.1943542e+02   5.0400000e+05
   8.1918279e+02   5.0300000e+05
   8.1892886e+02   5.0200000e+05
   8.1867403e+02   5.0100000e+05
   8.1842044e+02   5.0000000e+05
   8.1816606e+02   4.9900000e+05
   8.1791119e+02   4.9800000e+05
   8.1765615e+02   4.9700000e+05
   8.1740339e+02   4.9600000e+05
   8.1714533e+02   4.9500000e+05
   8.1689070e+02   4.9400000e+05
   8.1663586e+02   4.9300000e+05
   8.1638057e+02   4.9200000e+05
   8.1612503e+02   4.9100000e+05
   8.1586876e+02   4.9000000e+05
   8.1561322e+02   4.8900000e+05
   8.1535652e+02   4.8800000e+05
   8.1509924e+02   4.8700000e+05
   8.1484192e+02   4.8600000e+05
   8.1458418e+02   4.8500000e+05
   8.1432522e+02   4.8400000e+05
   8.1406435e+02   4.8300000e+05
   8.1379676e+02   4.8200000e+05
   8.1353693e+02   4.8100000e+05
   8.1326683e+02   4.8000000e+05
   8.1299529e+02   4.7900000e+05
   8.1272286e+02   4.7800000e+05
   8.1244482e+02   4.7700000e+05
   8.1217965e+02   4.7600000e+05
   8.1190224e+02   4.7500000e+05
   8.1163560e+02   4.7400000e+05
   8.1136854e+02   4.7300000e+05
   8.1110259e+02   4.7200000e+05
   8.1084603e+02   4.7100000e+05
   8.1058244e+02   4.7000000e+05
   8.1031036e+02   4.6900000e+05
   8.1004908e+02   4.6800000e+05
   8.1000000e+02   4.6781267e+05
   8.0978978e+02   4.6700000e+05
   8.0953036e+02   4.6600000e+05
   8.0927095e+02   4.6500000e+05
   8.0901140e+02   4.6400000e+05
   8.0875196e+02   4.6300000e+05
   8.0848828e+02   4.6200000e+05
   8.0822825e+02   4.6100000e+05
   8.0796852e+02   4.6000000e+05
   8.0770798e+02   4.5900000e+05
   8.0744889e+02   4.5800000e+05
   8.0718712e+02   4.5700000e+05
   8.0692472e+02   4.5600000e+05
   8.0666287e+02   4.5500000e+05
   8.0640105e+02   4.5400000e+05
   8.0613856e+02   4.5300000e+05
   8.0587611e+02   4.5200000e+05
   8.0561049e+02   4.5100000e+05
   8.0534890e+02   4.5000000e+05
   8.0508438e+02   4.4900000e+05
   8.0481983e+02   4.4800000e+05
   8.0455794e+02   4.4700000e+05
   8.0429233e+02   4.4600000e+05
   8.0402634e+02   4.4500000e+05
   8.0376077e+02   4.4400000e+05
   8.0349470e+02   4.4300000e+05
   8.0322845e+02   4.4200000e+05
   8.0296178e+02   4.4100000e+05
   8.0269485e+02   4.4000000e+05
   8.0242638e+02   4.3900000e+05
   8.0216345e+02   4.3800000e+05
   8.0189126e+02   4.3700000e+05
   8.0162473e+02   4.3600000e+05
   8.0135750e+02   4.3500000e+05
   8.0109280e+02   4.3400000e+05
   8.0082493e+02   4.3300000e+05
   8.0054833e+02   4.3200000e+05
   8.0028703e+02   4.3100000e+05
   8.0001705e+02   4.3000000e+05
   8.0000000e+02   4.2993701e+05
   7.9974817e+02   4.2900000e+05
   7.9947543e+02   4.2800000e+05
   7.9920615e+02   4.2700000e+05
   7.9893758e+02   4.2600000e+05
   7.9866761e+02   4.2500000e+05
   7.9839879e+02   4.2400000e+05
   7.9812971e+02   4.2300000e+05
   7.9786112e+02   4.2200000e+05
   7.9759129e+02   4.2100000e+05
   7.9732187e+02   4.2000000e+05
   7.9705103e+02   4.1900000e+05
   7.9678060e+02   4.1800000e+05
   7.9650976e+02   4.1700000e+05
   7.9624092e+02   4.1600000e+05
   7.9596955e+02   4.1500000e+05
   7.9569777e+02   4.1400000e+05
   7.9541458e+02   4.1300000e+05
   7.9514746e+02   4.1200000e+05
   7.9486606e+02   4.1100000e+05
   7.9458947e+02   4.1000000e+05
   7.9429023e+02   4.0900000e+05
   7.9400295e+02   4.0800000e+05
   7.9370745e+02   4.0700000e+05
   7.9347656e+02   4.0600000e+05
   7.9321851e+02   4.0500000e+05
   7.9290209e+02   4.0400000e+05
   7.9265901e+02   4.0300000e+05
   7.9242151e+02   4.0200000e+05
   7.9220640e+02   4.0100000e+05
   7.9196871e+02   4.0000000e+05
   7.9178032e+02   3.9900000e+05
   7.9156611e+02   3.9800000e+05
   7.9132787e+02   3.9700000e+05
   7.9108472e+02   3.9600000e+05
   7.9084279e+02   3.9500000e+05
   7.9059681e+02   3.9400000e+05
   7.9035024e+02   3.9300000e+05
   7.9009807e+02   3.9200000e+05
   7.9000000e+02   3.9160340e+05
   7.8985236e+02   3.9100000e+05
   7.8960480e+02   3.9000000e+05
   7.8935385e+02   3.8900000e+05
   7.8910229e+02   3.8800000e+05
   7.8884829e+02   3.8700000e+05
   7.8859332e+02   3.8600000e+05
   7.8833738e+02   3.8500000e+05
   7.8807900e+02   3.8400000e+05
   7.8782190e+02   3.8300000e+05
   7.8756253e+02   3.8200000e+05
   7.8730138e+02   3.8100000e+05
   7.8704366e+02   3.8000000e+05
   7.8677889e+02   3.7900000e+05
   7.8651659e+02   3.7800000e+05
   7.8625770e+02   3.7700000e+05
   7.8603697e+02   3.7600000e+05
   7.8577087e+02   3.7500000e+05
   7.8550234e+02   3.7400000e+05
   7.8523328e+02   3.7300000e+05
   7.8497071e+02   3.7200000e+05
   7.8472839e+02   3.7100000e+05
   7.8447839e+02   3.7000000e+05
   7.8422065e+02   3.6900000e+05
   7.8394755e+02   3.6800000e+05
   7.8368082e+02   3.6700000e+05
   7.8341195e+02   3.6600000e+05
   7.8313854e+02   3.6500000e+05
   7.8286544e+02   3.6400000e+05
   7.8259477e+02   3.6300000e+05
   7.8232307e+02   3.6200000e+05
   7.8205189e+02   3.6100000e+05
   7.8177398e+02   3.6000000e+05
   7.8149765e+02   3.5900000e+05
   7.8122085e+02   3.5800000e+05
   7.8095445e+02   3.5700000e+05
   7.8067344e+02   3.5600000e+05
   7.8039366e+02   3.5500000e+05
   7.8011417e+02   3.5400000e+05
   7.8000000e+02   3.5358333e+05
   7.7984198e+02   3.5300000e+05
   7.7956251e+02   3.5200000e+05
   7.7928518e+02   3.5100000e+05
   7.7901142e+02   3.5000000e+05
   7.7873837e+02   3.4900000e+05
   7.7845497e+02   3.4800000e+05
   7.7818443e+02   3.4700000e+05
   7.7791040e+02   3.4600000e+05
   7.7764589e+02   3.4500000e+05
   7.7735892e+02   3.4400000e+05
   7.7707729e+02   3.4300000e+05
   7.7679546e+02   3.4200000e+05
   7.7652882e+02   3.4100000e+05
   7.7623726e+02   3.4000000e+05
   7.7599398e+02   3.3900000e+05
   7.7574894e+02   3.3800000e+05
   7.7546167e+02   3.3700000e+05
   7.7518073e+02   3.3600000e+05
   7.7489552e+02   3.3500000e+05
   7.7460751e+02   3.3400000e+05
   7.7432078e+02   3.3300000e+05
   7.7403616e+02   3.3200000e+05
   7.7375026e+02   3.3100000e+05
   7.7346159e+02   3.3000000e+05
   7.7317638e+02   3.2900000e+05
   7.7289100e+02   3.2800000e+05
   7.7260251e+02   3.2700000e+05
   7.7231261e+02   3.2600000e+05
   7.7202528e+02   3.2500000e+05
   7.7175709e+02   3.2400000e+05
   7.7150293e+02   3.2300000e+05
   7.7122101e+02   3.2200000e+05
   7.7093692e+02   3.2100000e+05
   7.7064890e+02   3.2000000e+05
   7.7035590e+02   3.1900000e+05
   7.7006282e+02   3.1800000e+05
   7.7000000e+02   3.1778404e+05
   7.6977390e+02   3.1700000e+05
   7.6949062e+02   3.1600000e+05
   7.6920192e+02   3.1500000e+05
   7.6891145e+02   3.1400000e+05
   7.6862258e+02   3.1300000e+05
   7.6833356e+02   3.1200000e+05
   7.6804277e+02   3.1100000e+05
   7.6775176e+02   3.1000000e+05
   7.6746446e+02   3.0900000e+05
   7.6717552e+02   3.0800000e+05
   7.6688291e+02   3.0700000e+05
   7.6659071e+02   3.0600000e+05
   7.6629913e+02   3.0500000e+05
   7.6601015e+02   3.0400000e+05
   7.6574861e+02   3.0300000e+05
   7.6545368e+02   3.0200000e+05
   7.6516593e+02   3.0100000e+05
   7.6487192e+02   3.0000000e+05
   7.6457936e+02   2.9900000e+05
   7.6428697e+02   2.9800000e+05
   7.6399243e+02   2.9700000e+05
   7.6368339e+02   2.9600000e+05
   7.6338638e+02   2.9500000e+05
   7.6309282e+02   2.9400000e+05
   7.6279656e+02   2.9300000e+05
   7.6249594e+02   2.9200000e+05
   7.6219798e+02   2.9100000e+05
   7.6190118e+02   2.9000000e+05
   7.6160702e+02   2.8900000e+05
   7.6131092e+02   2.8800000e+05
   7.6101179e+02   2.8700000e+05
   7.6071090e+02   2.8600000e+05
   7.6041455e+02   2.8500000e+05
   7.6012038e+02   2.8400000e+05
   7.6000000e+02   2.8348406e+05
   7.5988793e+02   2.8300000e+05
   7.5977289e+02   2.8200000e+05
   7.6000000e+02   2.8196398e+05
   7.6524681e+02   2.8100000e+05
   7.7000000e+02   2.8015090e+05
   7.7199214e+02   2.8000000e+05
   7.7171262e+02   2.7900000e+05
   7.7143408e+02   2.7800000e+05
   7.7115547e+02   2.7700000e+05
   7.7087606e+02   2.7600000e+05
   7.7059546e+02   2.7500000e+05
   7.7031342e+02   2.7400000e+05
   7.7003295e+02   2.7300000e+05
   7.7000000e+02   2.7288308e+05
   7.6975373e+02   2.7200000e+05
   7.6947489e+02   2.7100000e+05
   7.6919551e+02   2.7000000e+05
   7.6891594e+02   2.6900000e+05
   7.6863482e+02   2.6800000e+05
   7.6835321e+02   2.6700000e+05
   7.6807487e+02   2.6600000e+05
   7.6779195e+02   2.6500000e+05
   7.6750832e+02   2.6400000e+05
   7.6722472e+02   2.6300000e+05
   7.6694221e+02   2.6200000e+05
   7.6665858e+02   2.6100000e+05
   7.6637403e+02   2.6000000e+05
   7.6609006e+02   2.5900000e+05
   7.6580701e+02   2.5800000e+05
   7.6552116e+02   2.5700000e+05
   7.6523335e+02   2.5600000e+05
   7.6494531e+02   2.5500000e+05
   7.6466011e+02   2.5400000e+05
   7.6437392e+02   2.5300000e+05
   7.6408666e+02   2.5200000e+05
   7.6379802e+02   2.5100000e+05
   7.6350751e+02   2.5000000e+05
   7.6321849e+02   2.4900000e+05
   7.6293007e+02   2.4800000e+05
   7.6264057e+02   2.4700000e+05
   7.6235115e+02   2.4600000e+05
   7.6206043e+02   2.4500000e+05
   7.6176865e+02   2.4400000e+05
   7.6147646e+02   2.4300000e+05
   7.6118338e+02   2.4200000e+05
   7.6089150e+02   2.4100000e+05
   7.6059840e+02   2.4000000e+05
   7.6030609e+02   2.3900000e+05
   7.6001313e+02   2.3800000e+05
   7.6000000e+02   2.3795561e+05
   7.5972044e+02   2.3700000e+05
   7.5942599e+02   2.3600000e+05
   7.5913552e+02   2.3500000e+05
   7.5884213e+02   2.3400000e+05
   7.5854986e+02   2.3300000e+05
   7.5825639e+02   2.3200000e+05
   7.5796515e+02   2.3100000e+05
   7.5000000e+02   2.3021565e+05
   7.4781408e+02   2.3000000e+05
   7.4725051e+02   2.2900000e+05
   7.4701510e+02   2.2800000e+05
   7.4676367e+02   2.2700000e+05
   7.4503084e+02   2.2600000e+05
   7.4000000e+02   2.2533124e+05
   7.3754268e+02   2.2500000e+05
   7.3650791e+02   2.2400000e+05
   7.3573867e+02   2.2300000e+05
   7.3480118e+02   2.2200000e+05
   7.3456833e+02   2.2100000e+05
   7.3334198e+02   2.2000000e+05
   7.3163289e+02   2.1900000e+05
   7.3000000e+02   2.1837852e+05
   7.2891597e+02   2.1800000e+05
   7.2570582e+02   2.1700000e+05
   7.2227788e+02   2.1600000e+05
   7.2234328e+02   2.1500000e+05
   7.2236990e+02   2.1400000e+05
   7.2231598e+02   2.1300000e+05
   7.2205425e+02   2.1200000e+05
   7.2179691e+02   2.1100000e+05
   7.2153720e+02   2.1000000e+05
   7.2127629e+02   2.0900000e+05
   7.2101525e+02   2.0800000e+05
   7.2075376e+02   2.0700000e+05
   7.2049146e+02   2.0600000e+05
   7.2022929e+02   2.0500000e+05
   7.2000000e+02   2.0413400e+05
   7.1996493e+02   2.0400000e+05
   7.1970519e+02   2.0300000e+05
   7.1944419e+02   2.0200000e+05
   7.1918312e+02   2.0100000e+05
   7.1892092e+02   2.0000000e+05
   7.1865918e+02   1.9900000e+05
   7.1839621e+02   1.9800000e+05
   7.1813165e+02   1.9700000e+05
   7.1786781e+02   1.9600000e+05
   7.1760273e+02   1.9500000e+05
   7.1733757e+02   1.9400000e+05
   7.1707184e+02   1.9300000e+05
   7.1680491e+02   1.9200000e+05
   7.1653881e+02   1.9100000e+05
   7.1627101e+02   1.9000000e+05
   7.1600221e+02   1.8900000e+05
   7.1573449e+02   1.8800000e+05
   7.1546457e+02   1.8700000e+05
   7.1519497e+02   1.8600000e+05
   7.1492539e+02   1.8500000e+05
   7.1465451e+02   1.8400000e+05
   7.1438376e+02   1.8300000e+05
   7.1411208e+02   1.8200000e+05
   7.1384007e+02   1.8100000e+05
   7.1356680e+02   1.8000000e+05
   7.1329377e+02   1.7900000e+05
   7.1301926e+02   1.7800000e+05
   7.1274348e+02   1.7700000e+05
   7.1246920e+02   1.7600000e+05
   7.1219283e+02   1.7500000e+05
   7.1191702e+02   1.7400000e+05
   7.1164063e+02   1.7300000e+05
   7.1136199e+02   1.7200000e+05
   7.1108439e+02   1.7100000e+05
   7.1080503e+02   1.7000000e+05
   7.1052495e+02   1.6900000e+05
   7.1024627e+02   1.6800000e+05
   7.1000000e+02   1.6712037e+05
   7.0996669e+02   1.6700000e+05
   7.0968750e+02   1.6600000e+05
   7.0940958e+02   1.6500000e+05
   7.0913043e+02   1.6400000e+05
   7.0885133e+02   1.6300000e+05
   7.0856841e+02   1.6200000e+05
   7.0828290e+02   1.6100000e+05
   7.0800064e+02   1.6000000e+05
   7.0771928e+02   1.5900000e+05
   7.0743714e+02   1.5800000e+05
   7.0715200e+02   1.5700000e+05
   7.0686804e+02   1.5600000e+05
   7.0658390e+02   1.5500000e+05
   7.0629871e+02   1.5400000e+05
   7.0601254e+02   1.5300000e+05
   7.0572580e+02   1.5200000e+05
   7.0543879e+02   1.5100000e+05
   7.0514884e+02   1.5000000e+05
   7.0486189e+02   1.4900000e+05
   7.0459318e+02   1.4800000e+05
   7.0432539e+02   1.4700000e+05
   7.0405861e+02   1.4600000e+05
   7.0378894e+02   1.4500000e+05
   7.0351519e+02   1.4400000e+05
   7.0323912e+02   1.4300000e+05
   7.0296339e+02   1.4200000e+05
   7.0268028e+02   1.4100000e+05
   7.0239878e+02   1.4000000e+05
   7.0211194e+02   1.3900000e+05
   7.0182345e+02   1.3800000e+05
   7.0152822e+02   1.3700000e+05
   7.0123305e+02   1.3600000e+05
   7.0093004e+02   1.3500000e+05
   7.0027846e+02   1.3400000e+05
   7.0000000e+02   1.3378055e+05
   6.9912648e+02   1.3300000e+05
   6.9845318e+02   1.3200000e+05
   6.9681356e+02   1.3100000e+05
   6.9543778e+02   1.3000000e+05
   6.9415142e+02   1.2900000e+05
   6.9290894e+02   1.2800000e+05
   6.9179223e+02   1.2700000e+05
   6.9023486e+02   1.2600000e+05
   6.9000000e+02   1.2596556e+05
   6.8602525e+02   1.2500000e+05
   6.8050232e+02   1.2400000e+05
   6.8018894e+02   1.2300000e+05
   6.8000000e+02   1.2281824e+05
   6.7918835e+02   1.2200000e+05
   6.7791474e+02   1.2100000e+05
   6.7666432e+02   1.2000000e+05
   6.7554628e+02   1.1900000e+05
   6.7455033e+02   1.1800000e+05
   6.7363738e+02   1.1700000e+05
   6.7278504e+02   1.1600000e+05
   6.7197404e+02   1.1500000e+05
   6.7120340e+02   1.1400000e+05
   6.7047831e+02   1.1300000e+05
   6.7000000e+02   1.1232212e+05
   6.6977509e+02   1.1200000e+05
   6.6907822e+02   1.1100000e+05
   6.6350505e+02   1.1000000e+05
   6.6192744e+02   1.0900000e+05
   6.6053711e+02   1.0800000e+05
   6.6000000e+02   1.0732935e+05
   6.5974520e+02   1.0700000e+05
   6.5887780e+02   1.0600000e+05
   6.5808144e+02   1.0500000e+05
   6.5732331e+02   1.0400000e+05
   6.5665127e+02   1.0300000e+05
   6.5598351e+02   1.0200000e+05
   6.5533755e+02   1.0100000e+05
   6.5472225e+02   1.0000000e+05
   6.5407461e+02   9.9000000e+04
   6.5342573e+02   9.8000000e+04
   6.5280692e+02   9.7000000e+04
   6.5218049e+02   9.6000000e+04
   6.5152571e+02   9.5000000e+04
   6.5085907e+02   9.4000000e+04
   6.5022132e+02   9.3000000e+04
   6.5000000e+02   9.2670059e+04
   6.4955613e+02   9.2000000e+04
   6.4888521e+02   9.1000000e+04
   6.4818537e+02   9.0000000e+04
   6.4751145e+02   8.9000000e+04
   6.4680487e+02   8.8000000e+04
   6.4609129e+02   8.7000000e+04
   6.4545372e+02   8.6000000e+04
   6.4500776e+02   8.5000000e+04
   6.4463046e+02   8.4000000e+04
   6.4426214e+02   8.3000000e+04
   6.4383879e+02   8.2000000e+04
   6.4345179e+02   8.1000000e+04
   6.4306546e+02   8.0000000e+04
   6.4267340e+02   7.9000000e+04
   6.4228735e+02   7.8000000e+04
   6.4185549e+02   7.7000000e+04
   6.4144927e+02   7.6000000e+04
   6.4106462e+02   7.5000000e+04
   6.4067396e+02   7.4000000e+04
   6.4027549e+02   7.3000000e+04
   6.4000000e+02   7.2311874e+04
   6.3987679e+02   7.2000000e+04
   6.3948112e+02   7.1000000e+04
   6.3908942e+02   7.0000000e+04
   6.3867734e+02   6.9000000e+04
   6.3826799e+02   6.8000000e+04
   6.3786622e+02   6.7000000e+04
   6.3746429e+02   6.6000000e+04
   6.3708142e+02   6.5000000e+04
   6.3664504e+02   6.4000000e+04
   6.3623285e+02   6.3000000e+04
   6.3581701e+02   6.2000000e+04
   6.3540634e+02   6.1000000e+04
   6.3497622e+02   6.0000000e+04
   6.3463805e+02   5.9000000e+04
   6.3420903e+02   5.8000000e+04
   6.3377027e+02   5.7000000e+04
   6.3343362e+02   5.6000000e+04
   6.3300968e+02   5.5000000e+04
   6.3257938e+02   5.4000000e+04
   6.3215926e+02   5.3000000e+04
   6.3160809e+02   5.2000000e+04
   6.3000000e+02   5.1142771e+04
   6.2973435e+02   5.1000000e+04
   6.2931388e+02   5.0000000e+04
   6.2890677e+02   4.9000000e+04
   6.2852108e+02   4.8000000e+04
   6.2802277e+02   4.7000000e+04
   6.2758185e+02   4.6000000e+04
   6.2714674e+02   4.5000000e+04
   6.2675425e+02   4.4000000e+04
   6.2630980e+02   4.3000000e+04
   6.2585668e+02   4.2000000e+04
   6.2540973e+02   4.1000000e+04
   6.2500990e+02   4.0000000e+04
   6.2455507e+02   3.9000000e+04
   6.2410600e+02   3.8000000e+04
   6.2370109e+02   3.7000000e+04
   6.2324193e+02   3.6000000e+04
   6.2276823e+02   3.5000000e+04
   6.2230882e+02   3.4000000e+04
   6.2189637e+02   3.3000000e+04
   6.2143842e+02   3.2000000e+04
   6.2093600e+02   3.1000000e+04
   6.2050152e+02   3.0000000e+04
   6.2008131e+02   2.9000000e+04
   6.2000000e+02   2.8829384e+04
   6.1961940e+02   2.8000000e+04
   6.1915535e+02   2.7000000e+04
   6.1870336e+02   2.6000000e+04
   6.1829028e+02   2.5000000e+04
   6.1782595e+02   2.4000000e+04
   6.1736030e+02   2.3000000e+04
   6.1688637e+02   2.2000000e+04
   6.1646424e+02   2.1000000e+04
   6.1599522e+02   2.0000000e+04
   6.1551722e+02   1.9000000e+04
   6.1505468e+02   1.8000000e+04
   6.1462409e+02   1.7000000e+04
   6.1413861e+02   1.6000000e+04
   6.1363967e+02   1.5000000e+04
   6.1324021e+02   1.4000000e+04
   6.1296886e+02   1.3000000e+04
   6.1346366e+02   1.2000000e+04
   6.1340777e+02   1.1000000e+04
   6.1319697e+02   1.0000000e+04
   6.1273685e+02   9.0000000e+03
   6.1226436e+02   8.0000000e+03
   6.1179062e+02   7.0000000e+03
   6.1130736e+02   6.0000000e+03
   6.1082433e+02   5.0000000e+03
   6.1037242e+02   4.0000000e+03
   6.1000000e+02   3.9587648e+03
   6.0147155e+02   3.0000000e+03
   6.0104913e+02   2.0000000e+03
   6.0058656e+02   1.0000000e+03
   6.0000000e+02   0.0000000e+00
   6.0000000e+02   0.0000000e+00
