   3.6395439e+03   1.3500000e+06
   3.6387656e+03   1.3490000e+06
   3.6379873e+03   1.3480000e+06
   3.6372098e+03   1.3470000e+06
   3.6364318e+03   1.3460000e+06
   3.6356521e+03   1.3450000e+06
   3.6348742e+03   1.3440000e+06
   3.6340952e+03   1.3430000e+06
   3.6333176e+03   1.3420000e+06
   3.6325371e+03   1.3410000e+06
   3.6317595e+03   1.3400000e+06
   3.6309790e+03   1.3390000e+06
   3.6301985e+03   1.3380000e+06
   3.6300000e+03   1.3377457e+06
   3.6294192e+03   1.3370000e+06
   3.6286382e+03   1.3360000e+06
   3.6278568e+03   1.3350000e+06
   3.6270747e+03   1.3340000e+06
   3.6262934e+03   1.3330000e+06
   3.6255125e+03   1.3320000e+06
   3.6247316e+03   1.3310000e+06
   3.6239479e+03   1.3300000e+06
   3.6231661e+03   1.3290000e+06
   3.6223767e+03   1.3280000e+06
   3.6215971e+03   1.3270000e+06
   3.6208157e+03   1.3260000e+06
   3.6200320e+03   1.3250000e+06
   3.6200000e+03   1.3249593e+06
   3.6192473e+03   1.3240000e+06
   3.6184627e+03   1.3230000e+06
   3.6176781e+03   1.3220000e+06
   3.6168876e+03   1.3210000e+06
   3.6161089e+03   1.3200000e+06
   3.6153215e+03   1.3190000e+06
   3.6145372e+03   1.3180000e+06
   3.6137626e+03   1.3170000e+06
   3.6129868e+03   1.3160000e+06
   3.6122180e+03   1.3150000e+06
   3.6114352e+03   1.3140000e+06
   3.6106594e+03   1.3130000e+06
   3.6100000e+03   1.3121501e+06
   3.6098838e+03   1.3120000e+06
   3.6090987e+03   1.3110000e+06
   3.6083106e+03   1.3100000e+06
   3.6075204e+03   1.3090000e+06
   3.6067326e+03   1.3080000e+06
   3.6059431e+03   1.3070000e+06
   3.6051511e+03   1.3060000e+06
   3.6043654e+03   1.3050000e+06
   3.6035782e+03   1.3040000e+06
   3.6027911e+03   1.3030000e+06
   3.6020011e+03   1.3020000e+06
   3.6012197e+03   1.3010000e+06
   3.6004342e+03   1.3000000e+06
   3.6000000e+03   1.2994510e+06
   3.5996434e+03   1.2990000e+06
   3.5988472e+03   1.2980000e+06
   3.5980515e+03   1.2970000e+06
   3.5968205e+03   1.2960000e+06
   3.5950970e+03   1.2950000e+06
   3.5931225e+03   1.2940000e+06
   3.5912758e+03   1.2930000e+06
   3.5906521e+03   1.2920000e+06
   3.5900000e+03   1.2910211e+06
   3.5899809e+03   1.2910000e+06
   3.5889004e+03   1.2900000e+06
   3.5835954e+03   1.2890000e+06
   3.5817077e+03   1.2880000e+06
   3.5800000e+03   1.2870328e+06
   3.5799419e+03   1.2870000e+06
   3.5780813e+03   1.2860000e+06
   3.5767364e+03   1.2850000e+06
   3.5746431e+03   1.2840000e+06
   3.5729223e+03   1.2830000e+06
   3.5711889e+03   1.2820000e+06
   3.5700000e+03   1.2813181e+06
   3.5694567e+03   1.2810000e+06
   3.5676566e+03   1.2800000e+06
   3.5661808e+03   1.2790000e+06
   3.5646153e+03   1.2780000e+06
   3.5631251e+03   1.2770000e+06
   3.5615524e+03   1.2760000e+06
   3.5600000e+03   1.2750228e+06
   3.5599637e+03   1.2750000e+06
   3.5583798e+03   1.2740000e+06
   3.5568779e+03   1.2730000e+06
   3.5554466e+03   1.2720000e+06
   3.5540307e+03   1.2710000e+06
   3.5526071e+03   1.2700000e+06
   3.5512995e+03   1.2690000e+06
   3.5500000e+03   1.2681077e+06
   3.5498422e+03   1.2680000e+06
   3.5484023e+03   1.2670000e+06
   3.5471010e+03   1.2660000e+06
   3.5458080e+03   1.2650000e+06
   3.5445287e+03   1.2640000e+06
   3.5432809e+03   1.2630000e+06
   3.5419879e+03   1.2620000e+06
   3.5407093e+03   1.2610000e+06
   3.5400000e+03   1.2604149e+06
   3.5394978e+03   1.2600000e+06
   3.5383575e+03   1.2590000e+06
   3.5372127e+03   1.2580000e+06
   3.5360687e+03   1.2570000e+06
   3.5349233e+03   1.2560000e+06
   3.5337827e+03   1.2550000e+06
   3.5326446e+03   1.2540000e+06
   3.5315334e+03   1.2530000e+06
   3.5304414e+03   1.2520000e+06
   3.5300000e+03   1.2516050e+06
   3.5293303e+03   1.2510000e+06
   3.5276742e+03   1.2500000e+06
   3.5265989e+03   1.2490000e+06
   3.5260796e+03   1.2480000e+06
   3.5248749e+03   1.2470000e+06
   3.5239131e+03   1.2460000e+06
   3.5227680e+03   1.2450000e+06
   3.5220953e+03   1.2440000e+06
   3.5214246e+03   1.2430000e+06
   3.5207599e+03   1.2420000e+06
   3.5200912e+03   1.2410000e+06
   3.5200000e+03   1.2408642e+06
   3.5194196e+03   1.2400000e+06
   3.5187353e+03   1.2390000e+06
   3.5180543e+03   1.2380000e+06
   3.5173810e+03   1.2370000e+06
   3.5167049e+03   1.2360000e+06
   3.5160299e+03   1.2350000e+06
   3.5153527e+03   1.2340000e+06
   3.5146781e+03   1.2330000e+06
   3.5140028e+03   1.2320000e+06
   3.5133329e+03   1.2310000e+06
   3.5126602e+03   1.2300000e+06
   3.5119819e+03   1.2290000e+06
   3.5113088e+03   1.2280000e+06
   3.5106335e+03   1.2270000e+06
   3.5100000e+03   1.2260698e+06
   3.5099526e+03   1.2260000e+06
   3.5092760e+03   1.2250000e+06
   3.5085900e+03   1.2240000e+06
   3.5079172e+03   1.2230000e+06
   3.5072415e+03   1.2220000e+06
   3.5065602e+03   1.2210000e+06
   3.5058883e+03   1.2200000e+06
   3.5052092e+03   1.2190000e+06
   3.5045255e+03   1.2180000e+06
   3.5038464e+03   1.2170000e+06
   3.5031618e+03   1.2160000e+06
   3.5024857e+03   1.2150000e+06
   3.5018067e+03   1.2140000e+06
   3.5011273e+03   1.2130000e+06
   3.5004455e+03   1.2120000e+06
   3.5000000e+03   1.2113436e+06
   3.4997671e+03   1.2110000e+06
   3.4990883e+03   1.2100000e+06
   3.4984056e+03   1.2090000e+06
   3.4977211e+03   1.2080000e+06
   3.4970357e+03   1.2070000e+06
   3.4963514e+03   1.2060000e+06
   3.4956678e+03   1.2050000e+06
   3.4949851e+03   1.2040000e+06
   3.4943015e+03   1.2030000e+06
   3.4936147e+03   1.2020000e+06
   3.4929314e+03   1.2010000e+06
   3.4922436e+03   1.2000000e+06
   3.4915586e+03   1.1990000e+06
   3.4908708e+03   1.1980000e+06
   3.4901803e+03   1.1970000e+06
   3.4900000e+03   1.1967370e+06
   3.4894966e+03   1.1960000e+06
   3.4888107e+03   1.1950000e+06
   3.4881276e+03   1.1940000e+06
   3.4874403e+03   1.1930000e+06
   3.4867540e+03   1.1920000e+06
   3.4860671e+03   1.1910000e+06
   3.4853787e+03   1.1900000e+06
   3.4846896e+03   1.1890000e+06
   3.4840022e+03   1.1880000e+06
   3.4833124e+03   1.1870000e+06
   3.4826216e+03   1.1860000e+06
   3.4819322e+03   1.1850000e+06
   3.4812411e+03   1.1840000e+06
   3.4805520e+03   1.1830000e+06
   3.4800000e+03   1.1822017e+06
   3.4798609e+03   1.1820000e+06
   3.4791711e+03   1.1810000e+06
   3.4784790e+03   1.1800000e+06
   3.4777894e+03   1.1790000e+06
   3.4770991e+03   1.1780000e+06
   3.4764075e+03   1.1770000e+06
   3.4757152e+03   1.1760000e+06
   3.4750214e+03   1.1750000e+06
   3.4743277e+03   1.1740000e+06
   3.4736353e+03   1.1730000e+06
   3.4729410e+03   1.1720000e+06
   3.4722457e+03   1.1710000e+06
   3.4715523e+03   1.1700000e+06
   3.4708576e+03   1.1690000e+06
   3.4701623e+03   1.1680000e+06
   3.4700000e+03   1.1677663e+06
   3.4694688e+03   1.1670000e+06
   3.4687756e+03   1.1660000e+06
   3.4680734e+03   1.1650000e+06
   3.4673843e+03   1.1640000e+06
   3.4666848e+03   1.1630000e+06
   3.4659883e+03   1.1620000e+06
   3.4652912e+03   1.1610000e+06
   3.4645917e+03   1.1600000e+06
   3.4638943e+03   1.1590000e+06
   3.4631967e+03   1.1580000e+06
   3.4625019e+03   1.1570000e+06
   3.4618020e+03   1.1560000e+06
   3.4611020e+03   1.1550000e+06
   3.4603985e+03   1.1540000e+06
   3.4600000e+03   1.1534318e+06
   3.4596981e+03   1.1530000e+06
   3.4589991e+03   1.1520000e+06
   3.4582950e+03   1.1510000e+06
   3.4575955e+03   1.1500000e+06
   3.4568999e+03   1.1490000e+06
   3.4562023e+03   1.1480000e+06
   3.4554997e+03   1.1470000e+06
   3.4547979e+03   1.1460000e+06
   3.4540965e+03   1.1450000e+06
   3.4533986e+03   1.1440000e+06
   3.4526953e+03   1.1430000e+06
   3.4519794e+03   1.1420000e+06
   3.4512765e+03   1.1410000e+06
   3.4505742e+03   1.1400000e+06
   3.4500000e+03   1.1391875e+06
   3.4498679e+03   1.1390000e+06
   3.4491637e+03   1.1380000e+06
   3.4484559e+03   1.1370000e+06
   3.4477657e+03   1.1360000e+06
   3.4470592e+03   1.1350000e+06
   3.4463498e+03   1.1340000e+06
   3.4456469e+03   1.1330000e+06
   3.4449341e+03   1.1320000e+06
   3.4442308e+03   1.1310000e+06
   3.4435190e+03   1.1300000e+06
   3.4428142e+03   1.1290000e+06
   3.4421159e+03   1.1280000e+06
   3.4413963e+03   1.1270000e+06
   3.4406992e+03   1.1260000e+06
   3.4400000e+03   1.1250149e+06
   3.4399895e+03   1.1250000e+06
   3.4392773e+03   1.1240000e+06
   3.4385660e+03   1.1230000e+06
   3.4378555e+03   1.1220000e+06
   3.4371430e+03   1.1210000e+06
   3.4364348e+03   1.1200000e+06
   3.4357238e+03   1.1190000e+06
   3.4350129e+03   1.1180000e+06
   3.4343020e+03   1.1170000e+06
   3.4335893e+03   1.1160000e+06
   3.4328762e+03   1.1150000e+06
   3.4321621e+03   1.1140000e+06
   3.4314503e+03   1.1130000e+06
   3.4307362e+03   1.1120000e+06
   3.4300225e+03   1.1110000e+06
   3.4300000e+03   1.1109684e+06
   3.4293106e+03   1.1100000e+06
   3.4285963e+03   1.1090000e+06
   3.4278818e+03   1.1080000e+06
   3.4271700e+03   1.1070000e+06
   3.4264528e+03   1.1060000e+06
   3.4257383e+03   1.1050000e+06
   3.4250225e+03   1.1040000e+06
   3.4243070e+03   1.1030000e+06
   3.4235902e+03   1.1020000e+06
   3.4228733e+03   1.1010000e+06
   3.4221565e+03   1.1000000e+06
   3.4214373e+03   1.0990000e+06
   3.4207175e+03   1.0980000e+06
   3.4200000e+03   1.0970031e+06
   3.4199978e+03   1.0970000e+06
   3.4192829e+03   1.0960000e+06
   3.4185629e+03   1.0950000e+06
   3.4178455e+03   1.0940000e+06
   3.4171254e+03   1.0930000e+06
   3.4164070e+03   1.0920000e+06
   3.4156878e+03   1.0910000e+06
   3.4149676e+03   1.0900000e+06
   3.4142475e+03   1.0890000e+06
   3.4135264e+03   1.0880000e+06
   3.4128037e+03   1.0870000e+06
   3.4120810e+03   1.0860000e+06
   3.4113583e+03   1.0850000e+06
   3.4106329e+03   1.0840000e+06
   3.4100000e+03   1.0831243e+06
   3.4099104e+03   1.0830000e+06
   3.4091872e+03   1.0820000e+06
   3.4084662e+03   1.0810000e+06
   3.4077428e+03   1.0800000e+06
   3.4070174e+03   1.0790000e+06
   3.4062942e+03   1.0780000e+06
   3.4055694e+03   1.0770000e+06
   3.4048422e+03   1.0760000e+06
   3.4041178e+03   1.0750000e+06
   3.4033920e+03   1.0740000e+06
   3.4026655e+03   1.0730000e+06
   3.4019377e+03   1.0720000e+06
   3.4012092e+03   1.0710000e+06
   3.4004807e+03   1.0700000e+06
   3.4000000e+03   1.0693401e+06
   3.3997529e+03   1.0690000e+06
   3.3990239e+03   1.0680000e+06
   3.3982976e+03   1.0670000e+06
   3.3975685e+03   1.0660000e+06
   3.3968394e+03   1.0650000e+06
   3.3961104e+03   1.0640000e+06
   3.3953813e+03   1.0630000e+06
   3.3946510e+03   1.0620000e+06
   3.3939194e+03   1.0610000e+06
   3.3931879e+03   1.0600000e+06
   3.3924563e+03   1.0590000e+06
   3.3917243e+03   1.0580000e+06
   3.3909904e+03   1.0570000e+06
   3.3902561e+03   1.0560000e+06
   3.3900000e+03   1.0556512e+06
   3.3895233e+03   1.0550000e+06
   3.3887912e+03   1.0540000e+06
   3.3880585e+03   1.0530000e+06
   3.3873242e+03   1.0520000e+06
   3.3865894e+03   1.0510000e+06
   3.3858573e+03   1.0500000e+06
   3.3851198e+03   1.0490000e+06
   3.3843850e+03   1.0480000e+06
   3.3836509e+03   1.0470000e+06
   3.3829138e+03   1.0460000e+06
   3.3821772e+03   1.0450000e+06
   3.3814399e+03   1.0440000e+06
   3.3807024e+03   1.0430000e+06
   3.3800000e+03   1.0420506e+06
   3.3799626e+03   1.0420000e+06
   3.3792273e+03   1.0410000e+06
   3.3784897e+03   1.0400000e+06
   3.3777518e+03   1.0390000e+06
   3.3770121e+03   1.0380000e+06
   3.3762745e+03   1.0370000e+06
   3.3755341e+03   1.0360000e+06
   3.3747938e+03   1.0350000e+06
   3.3740534e+03   1.0340000e+06
   3.3733104e+03   1.0330000e+06
   3.3725701e+03   1.0320000e+06
   3.3718270e+03   1.0310000e+06
   3.3710861e+03   1.0300000e+06
   3.3703408e+03   1.0290000e+06
   3.3700000e+03   1.0285412e+06
   3.3695992e+03   1.0280000e+06
   3.3688562e+03   1.0270000e+06
   3.3681135e+03   1.0260000e+06
   3.3673713e+03   1.0250000e+06
   3.3666277e+03   1.0240000e+06
   3.3658843e+03   1.0230000e+06
   3.3651391e+03   1.0220000e+06
   3.3643947e+03   1.0210000e+06
   3.3636488e+03   1.0200000e+06
   3.3629027e+03   1.0190000e+06
   3.3621535e+03   1.0180000e+06
   3.3614044e+03   1.0170000e+06
   3.3606578e+03   1.0160000e+06
   3.3600000e+03   1.0151185e+06
   3.3599119e+03   1.0150000e+06
   3.3591656e+03   1.0140000e+06
   3.3584184e+03   1.0130000e+06
   3.3576690e+03   1.0120000e+06
   3.3569223e+03   1.0110000e+06
   3.3561723e+03   1.0100000e+06
   3.3554182e+03   1.0090000e+06
   3.3546675e+03   1.0080000e+06
   3.3539189e+03   1.0070000e+06
   3.3531684e+03   1.0060000e+06
   3.3524153e+03   1.0050000e+06
   3.3516618e+03   1.0040000e+06
   3.3509149e+03   1.0030000e+06
   3.3501588e+03   1.0020000e+06
   3.3500000e+03   1.0017894e+06
   3.3494059e+03   1.0010000e+06
   3.3486514e+03   1.0000000e+06
   3.3478972e+03   9.9900000e+05
   3.3471445e+03   9.9800000e+05
   3.3463906e+03   9.9700000e+05
   3.3456372e+03   9.9600000e+05
   3.3448802e+03   9.9500000e+05
   3.3441246e+03   9.9400000e+05
   3.3433677e+03   9.9300000e+05
   3.3426108e+03   9.9200000e+05
   3.3418556e+03   9.9100000e+05
   3.3410973e+03   9.9000000e+05
   3.3403376e+03   9.8900000e+05
   3.3400000e+03   9.8855881e+05
   3.3395742e+03   9.8800000e+05
   3.3388201e+03   9.8700000e+05
   3.3380591e+03   9.8600000e+05
   3.3372999e+03   9.8500000e+05
   3.3365462e+03   9.8400000e+05
   3.3357853e+03   9.8300000e+05
   3.3350245e+03   9.8200000e+05
   3.3342626e+03   9.8100000e+05
   3.3334983e+03   9.8000000e+05
   3.3327387e+03   9.7900000e+05
   3.3319775e+03   9.7800000e+05
   3.3312165e+03   9.7700000e+05
   3.3304537e+03   9.7600000e+05
   3.3300000e+03   9.7540496e+05
   3.3296918e+03   9.7500000e+05
   3.3289308e+03   9.7400000e+05
   3.3281649e+03   9.7300000e+05
   3.3273994e+03   9.7200000e+05
   3.3266344e+03   9.7100000e+05
   3.3258697e+03   9.7000000e+05
   3.3251054e+03   9.6900000e+05
   3.3243393e+03   9.6800000e+05
   3.3235719e+03   9.6700000e+05
   3.3228045e+03   9.6600000e+05
   3.3220345e+03   9.6500000e+05
   3.3212644e+03   9.6400000e+05
   3.3204944e+03   9.6300000e+05
   3.3200000e+03   9.6235800e+05
   3.3197251e+03   9.6200000e+05
   3.3189597e+03   9.6100000e+05
   3.3181890e+03   9.6000000e+05
   3.3174210e+03   9.5900000e+05
   3.3166486e+03   9.5800000e+05
   3.3158771e+03   9.5700000e+05
   3.3151037e+03   9.5600000e+05
   3.3143335e+03   9.5500000e+05
   3.3135615e+03   9.5400000e+05
   3.3127884e+03   9.5300000e+05
   3.3120137e+03   9.5200000e+05
   3.3112472e+03   9.5100000e+05
   3.3104718e+03   9.5000000e+05
   3.3100000e+03   9.4939188e+05
   3.3096968e+03   9.4900000e+05
   3.3089231e+03   9.4800000e+05
   3.3081516e+03   9.4700000e+05
   3.3073803e+03   9.4600000e+05
   3.3066073e+03   9.4500000e+05
   3.3058305e+03   9.4400000e+05
   3.3050585e+03   9.4300000e+05
   3.3042839e+03   9.4200000e+05
   3.3035088e+03   9.4100000e+05
   3.3027261e+03   9.4000000e+05
   3.3019487e+03   9.3900000e+05
   3.3011673e+03   9.3800000e+05
   3.3003859e+03   9.3700000e+05
   3.3000000e+03   9.3650447e+05
   3.2996086e+03   9.3600000e+05
   3.2988303e+03   9.3500000e+05
   3.2980520e+03   9.3400000e+05
   3.2972711e+03   9.3300000e+05
   3.2964918e+03   9.3200000e+05
   3.2957106e+03   9.3100000e+05
   3.2949281e+03   9.3000000e+05
   3.2941457e+03   9.2900000e+05
   3.2933645e+03   9.2800000e+05
   3.2925800e+03   9.2700000e+05
   3.2917960e+03   9.2600000e+05
   3.2910123e+03   9.2500000e+05
   3.2902291e+03   9.2400000e+05
   3.2900000e+03   9.2370843e+05
   3.2894443e+03   9.2300000e+05
   3.2886581e+03   9.2200000e+05
   3.2878747e+03   9.2100000e+05
   3.2870868e+03   9.2000000e+05
   3.2863009e+03   9.1900000e+05
   3.2855141e+03   9.1800000e+05
   3.2847267e+03   9.1700000e+05
   3.2839407e+03   9.1600000e+05
   3.2831495e+03   9.1500000e+05
   3.2823596e+03   9.1400000e+05
   3.2815772e+03   9.1300000e+05
   3.2807864e+03   9.1200000e+05
   3.2800000e+03   9.1100931e+05
   3.2799926e+03   9.1100000e+05
   3.2792033e+03   9.1000000e+05
   3.2784135e+03   9.0900000e+05
   3.2776234e+03   9.0800000e+05
   3.2768273e+03   9.0700000e+05
   3.2760360e+03   9.0600000e+05
   3.2752498e+03   9.0500000e+05
   3.2744559e+03   9.0400000e+05
   3.2736627e+03   9.0300000e+05
   3.2728703e+03   9.0200000e+05
   3.2720684e+03   9.0100000e+05
   3.2712733e+03   9.0000000e+05
   3.2704736e+03   8.9900000e+05
   3.2700000e+03   8.9840401e+05
   3.2696805e+03   8.9800000e+05
   3.2688917e+03   8.9700000e+05
   3.2680915e+03   8.9600000e+05
   3.2672976e+03   8.9500000e+05
   3.2665015e+03   8.9400000e+05
   3.2657069e+03   8.9300000e+05
   3.2649094e+03   8.9200000e+05
   3.2641118e+03   8.9100000e+05
   3.2633112e+03   8.9000000e+05
   3.2625115e+03   8.8900000e+05
   3.2617101e+03   8.8800000e+05
   3.2609086e+03   8.8700000e+05
   3.2601072e+03   8.8600000e+05
   3.2600000e+03   8.8586673e+05
   3.2593051e+03   8.8500000e+05
   3.2585037e+03   8.8400000e+05
   3.2577022e+03   8.8300000e+05
   3.2569006e+03   8.8200000e+05
   3.2560980e+03   8.8100000e+05
   3.2552949e+03   8.8000000e+05
   3.2544896e+03   8.7900000e+05
   3.2536908e+03   8.7800000e+05
   3.2528809e+03   8.7700000e+05
   3.2520726e+03   8.7600000e+05
   3.2512683e+03   8.7500000e+05
   3.2504618e+03   8.7400000e+05
   3.2500000e+03   8.7342707e+05
   3.2496565e+03   8.7300000e+05
   3.2488523e+03   8.7200000e+05
   3.2480434e+03   8.7100000e+05
   3.2472342e+03   8.7000000e+05
   3.2464241e+03   8.6900000e+05
   3.2456177e+03   8.6800000e+05
   3.2448105e+03   8.6700000e+05
   3.2439979e+03   8.6600000e+05
   3.2431865e+03   8.6500000e+05
   3.2423777e+03   8.6400000e+05
   3.2415655e+03   8.6300000e+05
   3.2407472e+03   8.6200000e+05
   3.2400000e+03   8.6107904e+05
   3.2399360e+03   8.6100000e+05
   3.2391242e+03   8.6000000e+05
   3.2383141e+03   8.5900000e+05
   3.2374979e+03   8.5800000e+05
   3.2366826e+03   8.5700000e+05
   3.2358731e+03   8.5600000e+05
   3.2350584e+03   8.5500000e+05
   3.2342420e+03   8.5400000e+05
   3.2334240e+03   8.5300000e+05
   3.2326105e+03   8.5200000e+05
   3.2317945e+03   8.5100000e+05
   3.2309758e+03   8.5000000e+05
   3.2301574e+03   8.4900000e+05
   3.2300000e+03   8.4880821e+05
   3.2293379e+03   8.4800000e+05
   3.2285191e+03   8.4700000e+05
   3.2277026e+03   8.4600000e+05
   3.2268811e+03   8.4500000e+05
   3.2260621e+03   8.4400000e+05
   3.2252405e+03   8.4300000e+05
   3.2244189e+03   8.4200000e+05
   3.2235965e+03   8.4100000e+05
   3.2227758e+03   8.4000000e+05
   3.2219512e+03   8.3900000e+05
   3.2211273e+03   8.3800000e+05
   3.2203033e+03   8.3700000e+05
   3.2200000e+03   8.3663298e+05
   3.2194786e+03   8.3600000e+05
   3.2186552e+03   8.3500000e+05
   3.2178317e+03   8.3400000e+05
   3.2170081e+03   8.3300000e+05
   3.2161795e+03   8.3200000e+05
   3.2153548e+03   8.3100000e+05
   3.2145327e+03   8.3000000e+05
   3.2137028e+03   8.2900000e+05
   3.2128759e+03   8.2800000e+05
   3.2120450e+03   8.2700000e+05
   3.2112150e+03   8.2600000e+05
   3.2103865e+03   8.2500000e+05
   3.2100000e+03   8.2453339e+05
   3.2095592e+03   8.2400000e+05
   3.2087215e+03   8.2300000e+05
   3.2078935e+03   8.2200000e+05
   3.2070621e+03   8.2100000e+05
   3.2062323e+03   8.2000000e+05
   3.2054004e+03   8.1900000e+05
   3.2045674e+03   8.1800000e+05
   3.2037364e+03   8.1700000e+05
   3.2029006e+03   8.1600000e+05
   3.2020647e+03   8.1500000e+05
   3.2012288e+03   8.1400000e+05
   3.2003904e+03   8.1300000e+05
   3.2000000e+03   8.1253299e+05
   3.1995560e+03   8.1200000e+05
   3.1987225e+03   8.1100000e+05
   3.1978841e+03   8.1000000e+05
   3.1970482e+03   8.0900000e+05
   3.1962098e+03   8.0800000e+05
   3.1953714e+03   8.0700000e+05
   3.1945318e+03   8.0600000e+05
   3.1936936e+03   8.0500000e+05
   3.1928529e+03   8.0400000e+05
   3.1920127e+03   8.0300000e+05
   3.1911692e+03   8.0200000e+05
   3.1903282e+03   8.0100000e+05
   3.1900000e+03   8.0060973e+05
   3.1894891e+03   8.0000000e+05
   3.1886482e+03   7.9900000e+05
   3.1878069e+03   7.9800000e+05
   3.1869658e+03   7.9700000e+05
   3.1861220e+03   7.9600000e+05
   3.1852789e+03   7.9500000e+05
   3.1844322e+03   7.9400000e+05
   3.1835811e+03   7.9300000e+05
   3.1827339e+03   7.9200000e+05
   3.1818881e+03   7.9100000e+05
   3.1810399e+03   7.9000000e+05
   3.1801951e+03   7.8900000e+05
   3.1800000e+03   7.8877098e+05
   3.1793449e+03   7.8800000e+05
   3.1784981e+03   7.8700000e+05
   3.1776474e+03   7.8600000e+05
   3.1767998e+03   7.8500000e+05
   3.1759515e+03   7.8400000e+05
   3.1751001e+03   7.8300000e+05
   3.1742491e+03   7.8200000e+05
   3.1733985e+03   7.8100000e+05
   3.1725465e+03   7.8000000e+05
   3.1716944e+03   7.7900000e+05
   3.1708399e+03   7.7800000e+05
   3.1700000e+03   7.7701717e+05
   3.1699854e+03   7.7700000e+05
   3.1691336e+03   7.7600000e+05
   3.1682777e+03   7.7500000e+05
   3.1674232e+03   7.7400000e+05
   3.1665666e+03   7.7300000e+05
   3.1657158e+03   7.7200000e+05
   3.1648572e+03   7.7100000e+05
   3.1639974e+03   7.7000000e+05
   3.1631377e+03   7.6900000e+05
   3.1622805e+03   7.6800000e+05
   3.1614215e+03   7.6700000e+05
   3.1605630e+03   7.6600000e+05
   3.1600000e+03   7.6534641e+05
   3.1597022e+03   7.6500000e+05
   3.1588426e+03   7.6400000e+05
   3.1579809e+03   7.6300000e+05
   3.1571182e+03   7.6200000e+05
   3.1562555e+03   7.6100000e+05
   3.1553924e+03   7.6000000e+05
   3.1545297e+03   7.5900000e+05
   3.1536682e+03   7.5800000e+05
   3.1528019e+03   7.5700000e+05
   3.1519364e+03   7.5600000e+05
   3.1510710e+03   7.5500000e+05
   3.1502056e+03   7.5400000e+05
   3.1500000e+03   7.5376317e+05
   3.1493393e+03   7.5300000e+05
   3.1484735e+03   7.5200000e+05
   3.1476059e+03   7.5100000e+05
   3.1467420e+03   7.5000000e+05
   3.1458722e+03   7.4900000e+05
   3.1450029e+03   7.4800000e+05
   3.1441282e+03   7.4700000e+05
   3.1432581e+03   7.4600000e+05
   3.1423858e+03   7.4500000e+05
   3.1415138e+03   7.4400000e+05
   3.1406389e+03   7.4300000e+05
   3.1400000e+03   7.4227014e+05
   3.1397644e+03   7.4200000e+05
   3.1389009e+03   7.4100000e+05
   3.1380253e+03   7.4000000e+05
   3.1371511e+03   7.3900000e+05
   3.1362753e+03   7.3800000e+05
   3.1353994e+03   7.3700000e+05
   3.1345217e+03   7.3600000e+05
   3.1336454e+03   7.3500000e+05
   3.1327650e+03   7.3400000e+05
   3.1318882e+03   7.3300000e+05
   3.1310111e+03   7.3200000e+05
   3.1301321e+03   7.3100000e+05
   3.1300000e+03   7.3084977e+05
   3.1292547e+03   7.3000000e+05
   3.1283730e+03   7.2900000e+05
   3.1274943e+03   7.2800000e+05
   3.1266126e+03   7.2700000e+05
   3.1257321e+03   7.2600000e+05
   3.1248507e+03   7.2500000e+05
   3.1239658e+03   7.2400000e+05
   3.1230846e+03   7.2300000e+05
   3.1222004e+03   7.2200000e+05
   3.1213166e+03   7.2100000e+05
   3.1204333e+03   7.2000000e+05
   3.1200000e+03   7.1951067e+05
   3.1195485e+03   7.1900000e+05
   3.1186622e+03   7.1800000e+05
   3.1177738e+03   7.1700000e+05
   3.1168852e+03   7.1600000e+05
   3.1159960e+03   7.1500000e+05
   3.1151089e+03   7.1400000e+05
   3.1142189e+03   7.1300000e+05
   3.1133280e+03   7.1200000e+05
   3.1124357e+03   7.1100000e+05
   3.1115452e+03   7.1000000e+05
   3.1106532e+03   7.0900000e+05
   3.1100000e+03   7.0826948e+05
   3.1097596e+03   7.0800000e+05
   3.1088675e+03   7.0700000e+05
   3.1079759e+03   7.0600000e+05
   3.1070822e+03   7.0500000e+05
   3.1061875e+03   7.0400000e+05
   3.1052951e+03   7.0300000e+05
   3.1043991e+03   7.0200000e+05
   3.1035015e+03   7.0100000e+05
   3.1026054e+03   7.0000000e+05
   3.1017072e+03   6.9900000e+05
   3.1008084e+03   6.9800000e+05
   3.1000000e+03   6.9710305e+05
   3.0999074e+03   6.9700000e+05
   3.0990068e+03   6.9600000e+05
   3.0981086e+03   6.9500000e+05
   3.0972080e+03   6.9400000e+05
   3.0963058e+03   6.9300000e+05
   3.0954029e+03   6.9200000e+05
   3.0945001e+03   6.9100000e+05
   3.0935956e+03   6.9000000e+05
   3.0926927e+03   6.8900000e+05
   3.0917859e+03   6.8800000e+05
   3.0908772e+03   6.8700000e+05
   3.0900000e+03   6.8603194e+05
   3.0899712e+03   6.8600000e+05
   3.0890690e+03   6.8500000e+05
   3.0881647e+03   6.8400000e+05
   3.0872585e+03   6.8300000e+05
   3.0863543e+03   6.8200000e+05
   3.0854463e+03   6.8100000e+05
   3.0845386e+03   6.8000000e+05
   3.0836279e+03   6.7900000e+05
   3.0827222e+03   6.7800000e+05
   3.0818093e+03   6.7700000e+05
   3.0808953e+03   6.7600000e+05
   3.0800000e+03   6.7502085e+05
   3.0799810e+03   6.7500000e+05
   3.0790695e+03   6.7400000e+05
   3.0781575e+03   6.7300000e+05
   3.0772451e+03   6.7200000e+05
   3.0763307e+03   6.7100000e+05
   3.0754196e+03   6.7000000e+05
   3.0745021e+03   6.6900000e+05
   3.0735889e+03   6.6800000e+05
   3.0726676e+03   6.6700000e+05
   3.0717481e+03   6.6600000e+05
   3.0708293e+03   6.6500000e+05
   3.0700000e+03   6.6409741e+05
   3.0699108e+03   6.6400000e+05
   3.0689927e+03   6.6300000e+05
   3.0680746e+03   6.6200000e+05
   3.0671540e+03   6.6100000e+05
   3.0662326e+03   6.6000000e+05
   3.0653118e+03   6.5900000e+05
   3.0643910e+03   6.5800000e+05
   3.0634670e+03   6.5700000e+05
   3.0625434e+03   6.5600000e+05
   3.0616183e+03   6.5500000e+05
   3.0606931e+03   6.5400000e+05
   3.0600000e+03   6.5325084e+05
   3.0597687e+03   6.5300000e+05
   3.0588419e+03   6.5200000e+05
   3.0579174e+03   6.5100000e+05
   3.0569905e+03   6.5000000e+05
   3.0560607e+03   6.4900000e+05
   3.0551343e+03   6.4800000e+05
   3.0542041e+03   6.4700000e+05
   3.0532743e+03   6.4600000e+05
   3.0523425e+03   6.4500000e+05
   3.0514111e+03   6.4400000e+05
   3.0504779e+03   6.4300000e+05
   3.0500000e+03   6.4248923e+05
   3.0495435e+03   6.4200000e+05
   3.0486131e+03   6.4100000e+05
   3.0476802e+03   6.4000000e+05
   3.0467472e+03   6.3900000e+05
   3.0458119e+03   6.3800000e+05
   3.0448778e+03   6.3700000e+05
   3.0439389e+03   6.3600000e+05
   3.0430038e+03   6.3500000e+05
   3.0420638e+03   6.3400000e+05
   3.0411201e+03   6.3300000e+05
   3.0401782e+03   6.3200000e+05
   3.0400000e+03   6.3181076e+05
   3.0392391e+03   6.3100000e+05
   3.0383011e+03   6.3000000e+05
   3.0373604e+03   6.2900000e+05
   3.0364206e+03   6.2800000e+05
   3.0354791e+03   6.2700000e+05
   3.0345374e+03   6.2600000e+05
   3.0335922e+03   6.2500000e+05
   3.0326488e+03   6.2400000e+05
   3.0316942e+03   6.2300000e+05
   3.0307538e+03   6.2200000e+05
   3.0300000e+03   6.2120207e+05
   3.0298095e+03   6.2100000e+05
   3.0288604e+03   6.2000000e+05
   3.0279112e+03   6.1900000e+05
   3.0269620e+03   6.1800000e+05
   3.0260147e+03   6.1700000e+05
   3.0250600e+03   6.1600000e+05
   3.0241087e+03   6.1500000e+05
   3.0231573e+03   6.1400000e+05
   3.0222054e+03   6.1300000e+05
   3.0212537e+03   6.1200000e+05
   3.0203006e+03   6.1100000e+05
   3.0200000e+03   6.1068534e+05
   3.0193469e+03   6.1000000e+05
   3.0183924e+03   6.0900000e+05
   3.0174369e+03   6.0800000e+05
   3.0164818e+03   6.0700000e+05
   3.0155254e+03   6.0600000e+05
   3.0145681e+03   6.0500000e+05
   3.0136092e+03   6.0400000e+05
   3.0126464e+03   6.0300000e+05
   3.0116896e+03   6.0200000e+05
   3.0107266e+03   6.0100000e+05
   3.0100000e+03   6.0024771e+05
   3.0097613e+03   6.0000000e+05
   3.0087981e+03   5.9900000e+05
   3.0078353e+03   5.9800000e+05
   3.0068729e+03   5.9700000e+05
   3.0059101e+03   5.9600000e+05
   3.0049448e+03   5.9500000e+05
   3.0039810e+03   5.9400000e+05
   3.0030146e+03   5.9300000e+05
   3.0020458e+03   5.9200000e+05
   3.0010768e+03   5.9100000e+05
   3.0001069e+03   5.9000000e+05
   3.0000000e+03   5.8989007e+05
   2.9991380e+03   5.8900000e+05
   2.9981696e+03   5.8800000e+05
   2.9972039e+03   5.8700000e+05
   2.9962310e+03   5.8600000e+05
   2.9952574e+03   5.8500000e+05
   2.9942861e+03   5.8400000e+05
   2.9933118e+03   5.8300000e+05
   2.9923367e+03   5.8200000e+05
   2.9913614e+03   5.8100000e+05
   2.9903865e+03   5.8000000e+05
   2.9900000e+03   5.7960534e+05
   2.9894089e+03   5.7900000e+05
   2.9884323e+03   5.7800000e+05
   2.9874564e+03   5.7700000e+05
   2.9864793e+03   5.7600000e+05
   2.9855004e+03   5.7500000e+05
   2.9845203e+03   5.7400000e+05
   2.9835396e+03   5.7300000e+05
   2.9825556e+03   5.7200000e+05
   2.9815712e+03   5.7100000e+05
   2.9805870e+03   5.7000000e+05
   2.9800000e+03   5.6940291e+05
   2.9796049e+03   5.6900000e+05
   2.9786230e+03   5.6800000e+05
   2.9776378e+03   5.6700000e+05
   2.9766484e+03   5.6600000e+05
   2.9756623e+03   5.6500000e+05
   2.9746754e+03   5.6400000e+05
   2.9736876e+03   5.6300000e+05
   2.9726962e+03   5.6200000e+05
   2.9717049e+03   5.6100000e+05
   2.9707134e+03   5.6000000e+05
   2.9700000e+03   5.5928023e+05
   2.9697232e+03   5.5900000e+05
   2.9687335e+03   5.5800000e+05
   2.9677420e+03   5.5700000e+05
   2.9667501e+03   5.5600000e+05
   2.9657513e+03   5.5500000e+05
   2.9647583e+03   5.5400000e+05
   2.9637644e+03   5.5300000e+05
   2.9627658e+03   5.5200000e+05
   2.9617687e+03   5.5100000e+05
   2.9607707e+03   5.5000000e+05
   2.9600000e+03   5.4923160e+05
   2.9597683e+03   5.4900000e+05
   2.9587704e+03   5.4800000e+05
   2.9577671e+03   5.4700000e+05
   2.9567691e+03   5.4600000e+05
   2.9557680e+03   5.4500000e+05
   2.9547662e+03   5.4400000e+05
   2.9537626e+03   5.4300000e+05
   2.9527582e+03   5.4200000e+05
   2.9517524e+03   5.4100000e+05
   2.9507424e+03   5.4000000e+05
   2.9500000e+03   5.3926055e+05
   2.9497390e+03   5.3900000e+05
   2.9487293e+03   5.3800000e+05
   2.9477222e+03   5.3700000e+05
   2.9467117e+03   5.3600000e+05
   2.9457025e+03   5.3500000e+05
   2.9446911e+03   5.3400000e+05
   2.9436786e+03   5.3300000e+05
   2.9426666e+03   5.3200000e+05
   2.9416532e+03   5.3100000e+05
   2.9406397e+03   5.3000000e+05
   2.9400000e+03   5.2937004e+05
   2.9396253e+03   5.2900000e+05
   2.9386123e+03   5.2800000e+05
   2.9375977e+03   5.2700000e+05
   2.9365804e+03   5.2600000e+05
   2.9355629e+03   5.2500000e+05
   2.9345415e+03   5.2400000e+05
   2.9335132e+03   5.2300000e+05
   2.9324935e+03   5.2200000e+05
   2.9314720e+03   5.2100000e+05
   2.9304488e+03   5.2000000e+05
   2.9300000e+03   5.1956139e+05
   2.9294277e+03   5.1900000e+05
   2.9284078e+03   5.1800000e+05
   2.9273847e+03   5.1700000e+05
   2.9263609e+03   5.1600000e+05
   2.9253371e+03   5.1500000e+05
   2.9243100e+03   5.1400000e+05
   2.9232811e+03   5.1300000e+05
   2.9222486e+03   5.1200000e+05
   2.9212164e+03   5.1100000e+05
   2.9201837e+03   5.1000000e+05
   2.9200000e+03   5.0982300e+05
   2.9191494e+03   5.0900000e+05
   2.9181204e+03   5.0800000e+05
   2.9170892e+03   5.0700000e+05
   2.9160565e+03   5.0600000e+05
   2.9150221e+03   5.0500000e+05
   2.9139885e+03   5.0400000e+05
   2.9129521e+03   5.0300000e+05
   2.9119105e+03   5.0200000e+05
   2.9108740e+03   5.0100000e+05
   2.9100000e+03   5.0016153e+05
   2.9098322e+03   5.0000000e+05
   2.9087939e+03   4.9900000e+05
   2.9077544e+03   4.9800000e+05
   2.9067118e+03   4.9700000e+05
   2.9056718e+03   4.9600000e+05
   2.9046289e+03   4.9500000e+05
   2.9035843e+03   4.9400000e+05
   2.9025396e+03   4.9300000e+05
   2.9014948e+03   4.9200000e+05
   2.9004477e+03   4.9100000e+05
   2.9000000e+03   4.9057320e+05
   2.8994003e+03   4.9000000e+05
   2.8983522e+03   4.8900000e+05
   2.8973046e+03   4.8800000e+05
   2.8962530e+03   4.8700000e+05
   2.8952053e+03   4.8600000e+05
   2.8941525e+03   4.8500000e+05
   2.8930960e+03   4.8400000e+05
   2.8920421e+03   4.8300000e+05
   2.8909850e+03   4.8200000e+05
   2.8900000e+03   4.8106814e+05
   2.8899283e+03   4.8100000e+05
   2.8888758e+03   4.8000000e+05
   2.8878210e+03   4.7900000e+05
   2.8867640e+03   4.7800000e+05
   2.8857060e+03   4.7700000e+05
   2.8846466e+03   4.7600000e+05
   2.8835839e+03   4.7500000e+05
   2.8825218e+03   4.7400000e+05
   2.8814563e+03   4.7300000e+05
   2.8803904e+03   4.7200000e+05
   2.8800000e+03   4.7163387e+05
   2.8793269e+03   4.7100000e+05
   2.8782612e+03   4.7000000e+05
   2.8771974e+03   4.6900000e+05
   2.8761315e+03   4.6800000e+05
   2.8750666e+03   4.6700000e+05
   2.8739977e+03   4.6600000e+05
   2.8729284e+03   4.6500000e+05
   2.8718563e+03   4.6400000e+05
   2.8707834e+03   4.6300000e+05
   2.8700000e+03   4.6227254e+05
   2.8697074e+03   4.6200000e+05
   2.8686386e+03   4.6100000e+05
   2.8675653e+03   4.6000000e+05
   2.8664897e+03   4.5900000e+05
   2.8654129e+03   4.5800000e+05
   2.8643356e+03   4.5700000e+05
   2.8632570e+03   4.5600000e+05
   2.8621752e+03   4.5500000e+05
   2.8610976e+03   4.5400000e+05
   2.8600116e+03   4.5300000e+05
   2.8600000e+03   4.5298930e+05
   2.8589338e+03   4.5200000e+05
   2.8578547e+03   4.5100000e+05
   2.8567695e+03   4.5000000e+05
   2.8556851e+03   4.4900000e+05
   2.8545995e+03   4.4800000e+05
   2.8535089e+03   4.4700000e+05
   2.8524203e+03   4.4600000e+05
   2.8513333e+03   4.4500000e+05
   2.8502385e+03   4.4400000e+05
   2.8500000e+03   4.4378171e+05
   2.8491493e+03   4.4300000e+05
   2.8480607e+03   4.4200000e+05
   2.8469700e+03   4.4100000e+05
   2.8458771e+03   4.4000000e+05
   2.8447832e+03   4.3900000e+05
   2.8436855e+03   4.3800000e+05
   2.8425913e+03   4.3700000e+05
   2.8414920e+03   4.3600000e+05
   2.8403906e+03   4.3500000e+05
   2.8400000e+03   4.3464551e+05
   2.8392915e+03   4.3400000e+05
   2.8381921e+03   4.3300000e+05
   2.8370915e+03   4.3200000e+05
   2.8359902e+03   4.3100000e+05
   2.8348867e+03   4.3000000e+05
   2.8337824e+03   4.2900000e+05
   2.8326802e+03   4.2800000e+05
   2.8315730e+03   4.2700000e+05
   2.8304637e+03   4.2600000e+05
   2.8300000e+03   4.2558215e+05
   2.8293562e+03   4.2500000e+05
   2.8282484e+03   4.2400000e+05
   2.8271367e+03   4.2300000e+05
   2.8260294e+03   4.2200000e+05
   2.8249168e+03   4.2100000e+05
   2.8237999e+03   4.2000000e+05
   2.8226845e+03   4.1900000e+05
   2.8215678e+03   4.1800000e+05
   2.8204509e+03   4.1700000e+05
   2.8200000e+03   4.1659690e+05
   2.8193350e+03   4.1600000e+05
   2.8182188e+03   4.1500000e+05
   2.8171020e+03   4.1400000e+05
   2.8159820e+03   4.1300000e+05
   2.8148604e+03   4.1200000e+05
   2.8137370e+03   4.1100000e+05
   2.8126131e+03   4.1000000e+05
   2.8114862e+03   4.0900000e+05
   2.8103571e+03   4.0800000e+05
   2.8100000e+03   4.0768376e+05
   2.8092310e+03   4.0700000e+05
   2.8081046e+03   4.0600000e+05
   2.8069771e+03   4.0500000e+05
   2.8058497e+03   4.0400000e+05
   2.8047205e+03   4.0300000e+05
   2.8035892e+03   4.0200000e+05
   2.8024585e+03   4.0100000e+05
   2.8013239e+03   4.0000000e+05
   2.8004636e+03   3.9900000e+05
   2.8000000e+03   3.9859161e+05
   2.7993300e+03   3.9800000e+05
   2.7981917e+03   3.9700000e+05
   2.7970496e+03   3.9600000e+05
   2.7959049e+03   3.9500000e+05
   2.7947652e+03   3.9400000e+05
   2.7936318e+03   3.9300000e+05
   2.7924923e+03   3.9200000e+05
   2.7913430e+03   3.9100000e+05
   2.7901995e+03   3.9000000e+05
   2.7900000e+03   3.8982575e+05
   2.7890592e+03   3.8900000e+05
   2.7879181e+03   3.8800000e+05
   2.7867664e+03   3.8700000e+05
   2.7856149e+03   3.8600000e+05
   2.7844573e+03   3.8500000e+05
   2.7833085e+03   3.8400000e+05
   2.7821579e+03   3.8300000e+05
   2.7809954e+03   3.8200000e+05
   2.7800000e+03   3.8113959e+05
   2.7798394e+03   3.8100000e+05
   2.7786876e+03   3.8000000e+05
   2.7775412e+03   3.7900000e+05
   2.7763812e+03   3.7800000e+05
   2.7752222e+03   3.7700000e+05
   2.7740685e+03   3.7600000e+05
   2.7729142e+03   3.7500000e+05
   2.7717545e+03   3.7400000e+05
   2.7705948e+03   3.7300000e+05
   2.7700000e+03   3.7248954e+05
   2.7694310e+03   3.7200000e+05
   2.7682631e+03   3.7100000e+05
   2.7670870e+03   3.7000000e+05
   2.7659170e+03   3.6900000e+05
   2.7647397e+03   3.6800000e+05
   2.7635701e+03   3.6700000e+05
   2.7623989e+03   3.6600000e+05
   2.7612282e+03   3.6500000e+05
   2.7600516e+03   3.6400000e+05
   2.7600000e+03   3.6395604e+05
   2.7588819e+03   3.6300000e+05
   2.7577104e+03   3.6200000e+05
   2.7565388e+03   3.6100000e+05
   2.7553649e+03   3.6000000e+05
   2.7541883e+03   3.5900000e+05
   2.7530099e+03   3.5800000e+05
   2.7518269e+03   3.5700000e+05
   2.7506464e+03   3.5600000e+05
   2.7500000e+03   3.5546067e+05
   2.7494488e+03   3.5500000e+05
   2.7482577e+03   3.5400000e+05
   2.7470643e+03   3.5300000e+05
   2.7458797e+03   3.5200000e+05
   2.7446957e+03   3.5100000e+05
   2.7435079e+03   3.5000000e+05
   2.7423191e+03   3.4900000e+05
   2.7411310e+03   3.4800000e+05
   2.7400000e+03   3.4705110e+05
   2.7399391e+03   3.4700000e+05
   2.7387475e+03   3.4600000e+05
   2.7375532e+03   3.4500000e+05
   2.7363579e+03   3.4400000e+05
   2.7351577e+03   3.4300000e+05
   2.7339531e+03   3.4200000e+05
   2.7327532e+03   3.4100000e+05
   2.7315499e+03   3.4000000e+05
   2.7303361e+03   3.3900000e+05
   2.7300000e+03   3.3872123e+05
   2.7291343e+03   3.3800000e+05
   2.7279256e+03   3.3700000e+05
   2.7267181e+03   3.3600000e+05
   2.7255144e+03   3.3500000e+05
   2.7243080e+03   3.3400000e+05
   2.7230988e+03   3.3300000e+05
   2.7218884e+03   3.3200000e+05
   2.7206778e+03   3.3100000e+05
   2.7200000e+03   3.3044375e+05
   2.7194595e+03   3.3000000e+05
   2.7182478e+03   3.2900000e+05
   2.7170251e+03   3.2800000e+05
   2.7158056e+03   3.2700000e+05
   2.7145868e+03   3.2600000e+05
   2.7133651e+03   3.2500000e+05
   2.7121405e+03   3.2400000e+05
   2.7109157e+03   3.2300000e+05
   2.7100000e+03   3.2225480e+05
   2.7096879e+03   3.2200000e+05
   2.7084670e+03   3.2100000e+05
   2.7072430e+03   3.2000000e+05
   2.7060054e+03   3.1900000e+05
   2.7047857e+03   3.1800000e+05
   2.7035553e+03   3.1700000e+05
   2.7023145e+03   3.1600000e+05
   2.7010781e+03   3.1500000e+05
   2.7000000e+03   3.1412933e+05
   2.6998406e+03   3.1400000e+05
   2.6986062e+03   3.1300000e+05
   2.6973702e+03   3.1200000e+05
   2.6961319e+03   3.1100000e+05
   2.6948925e+03   3.1000000e+05
   2.6936509e+03   3.0900000e+05
   2.6924051e+03   3.0800000e+05
   2.6911603e+03   3.0700000e+05
   2.6900000e+03   3.0606792e+05
   2.6899157e+03   3.0600000e+05
   2.6886698e+03   3.0500000e+05
   2.6874224e+03   3.0400000e+05
   2.6861701e+03   3.0300000e+05
   2.6849157e+03   3.0200000e+05
   2.6836628e+03   3.0100000e+05
   2.6824069e+03   3.0000000e+05
   2.6811498e+03   2.9900000e+05
   2.6800000e+03   2.9808957e+05
   2.6798874e+03   2.9800000e+05
   2.6786313e+03   2.9700000e+05
   2.6768090e+03   2.9600000e+05
   2.6744600e+03   2.9500000e+05
   2.6714692e+03   2.9400000e+05
   2.6700000e+03   2.9349682e+05
   2.6685760e+03   2.9300000e+05
   2.6670164e+03   2.9200000e+05
   2.6655838e+03   2.9100000e+05
   2.6640227e+03   2.9000000e+05
   2.6624695e+03   2.8900000e+05
   2.6608992e+03   2.8800000e+05
   2.6600000e+03   2.8743917e+05
   2.6592988e+03   2.8700000e+05
   2.6576811e+03   2.8600000e+05
   2.6559666e+03   2.8500000e+05
   2.6542547e+03   2.8400000e+05
   2.6526061e+03   2.8300000e+05
   2.6509208e+03   2.8200000e+05
   2.6500000e+03   2.8148349e+05
   2.6491412e+03   2.8100000e+05
   2.6473120e+03   2.8000000e+05
   2.6454531e+03   2.7900000e+05
   2.6435502e+03   2.7800000e+05
   2.6415921e+03   2.7700000e+05
   2.6400000e+03   2.7620770e+05
   2.6395836e+03   2.7600000e+05
   2.6375190e+03   2.7500000e+05
   2.6353221e+03   2.7400000e+05
   2.6331409e+03   2.7300000e+05
   2.6306573e+03   2.7200000e+05
   2.6300000e+03   2.7170417e+05
   2.6284795e+03   2.7100000e+05
   2.6261435e+03   2.7000000e+05
   2.6233715e+03   2.6900000e+05
   2.6202234e+03   2.6800000e+05
   2.6200000e+03   2.6789221e+05
   2.6181482e+03   2.6700000e+05
   2.6156180e+03   2.6600000e+05
   2.6124126e+03   2.6500000e+05
   2.6100000e+03   2.6432501e+05
   2.6089353e+03   2.6400000e+05
   2.6054520e+03   2.6300000e+05
   2.6016584e+03   2.6200000e+05
   2.6000000e+03   2.6134519e+05
   2.5989954e+03   2.6100000e+05
   2.5960128e+03   2.6000000e+05
   2.5915867e+03   2.5900000e+05
   2.5900000e+03   2.5856964e+05
   2.5880422e+03   2.5800000e+05
   2.5841380e+03   2.5700000e+05
   2.5800000e+03   2.5606255e+05
   2.5797226e+03   2.5600000e+05
   2.5747676e+03   2.5500000e+05
   2.5700000e+03   2.5402493e+05
   2.5698779e+03   2.5400000e+05
   2.5643942e+03   2.5300000e+05
   2.5600000e+03   2.5222808e+05
   2.5587351e+03   2.5200000e+05
   2.5525137e+03   2.5100000e+05
   2.5500000e+03   2.5059615e+05
   2.5464042e+03   2.5000000e+05
   2.5400000e+03   2.4910073e+05
   2.5393033e+03   2.4900000e+05
   2.5320583e+03   2.4800000e+05
   2.5300000e+03   2.4778224e+05
   2.5213487e+03   2.4700000e+05
   2.5200000e+03   2.4687040e+05
   2.5146190e+03   2.4600000e+05
   2.5100000e+03   2.4544584e+05
   2.5041094e+03   2.4500000e+05
   2.5000000e+03   2.4448661e+05
   2.4973469e+03   2.4400000e+05
   2.4904732e+03   2.4300000e+05
   2.4900000e+03   2.4294112e+05
   2.4815910e+03   2.4200000e+05
   2.4800000e+03   2.4165679e+05
   2.4758436e+03   2.4100000e+05
   2.4748279e+03   2.4000000e+05
   2.4738067e+03   2.3900000e+05
   2.4727810e+03   2.3800000e+05
   2.4717595e+03   2.3700000e+05
   2.4707298e+03   2.3600000e+05
   2.4700000e+03   2.3529285e+05
   2.4696990e+03   2.3500000e+05
   2.4686725e+03   2.3400000e+05
   2.4676386e+03   2.3300000e+05
   2.4666058e+03   2.3200000e+05
   2.4655730e+03   2.3100000e+05
   2.4645335e+03   2.3000000e+05
   2.4634940e+03   2.2900000e+05
   2.4624515e+03   2.2800000e+05
   2.4614041e+03   2.2700000e+05
   2.4603573e+03   2.2600000e+05
   2.4600000e+03   2.2565935e+05
   2.4593112e+03   2.2500000e+05
   2.4582622e+03   2.2400000e+05
   2.4572079e+03   2.2300000e+05
   2.4561548e+03   2.2200000e+05
   2.4550996e+03   2.2100000e+05
   2.4540405e+03   2.2000000e+05
   2.4529771e+03   2.1900000e+05
   2.4519134e+03   2.1800000e+05
   2.4508496e+03   2.1700000e+05
   2.4500000e+03   2.1620413e+05
   2.4497830e+03   2.1600000e+05
   2.4487177e+03   2.1500000e+05
   2.4476440e+03   2.1400000e+05
   2.4465709e+03   2.1300000e+05
   2.4454982e+03   2.1200000e+05
   2.4444237e+03   2.1100000e+05
   2.4433436e+03   2.1000000e+05
   2.4422605e+03   2.0900000e+05
   2.4411714e+03   2.0800000e+05
   2.4400852e+03   2.0700000e+05
   2.4400000e+03   2.0692192e+05
   2.4389978e+03   2.0600000e+05
   2.4379096e+03   2.0500000e+05
   2.4368216e+03   2.0400000e+05
   2.4357233e+03   2.0300000e+05
   2.4346262e+03   2.0200000e+05
   2.4335281e+03   2.0100000e+05
   2.4324272e+03   2.0000000e+05
   2.4313284e+03   1.9900000e+05
   2.4302221e+03   1.9800000e+05
   2.4300000e+03   1.9780109e+05
   2.4291087e+03   1.9700000e+05
   2.4280035e+03   1.9600000e+05
   2.4268926e+03   1.9500000e+05
   2.4257806e+03   1.9400000e+05
   2.4246613e+03   1.9300000e+05
   2.4235390e+03   1.9200000e+05
   2.4224178e+03   1.9100000e+05
   2.4212938e+03   1.9000000e+05
   2.4201664e+03   1.8900000e+05
   2.4200000e+03   1.8885339e+05
   2.4190354e+03   1.8800000e+05
   2.4179050e+03   1.8700000e+05
   2.4167753e+03   1.8600000e+05
   2.4156382e+03   1.8500000e+05
   2.4144988e+03   1.8400000e+05
   2.4133557e+03   1.8300000e+05
   2.4122142e+03   1.8200000e+05
   2.4110635e+03   1.8100000e+05
   2.4100000e+03   1.8007100e+05
   2.4099389e+03   1.8000000e+05
   2.4100000e+03   1.7994379e+05
   2.4110828e+03   1.7900000e+05
   2.4121441e+03   1.7800000e+05
   2.4131557e+03   1.7700000e+05
   2.4141692e+03   1.7600000e+05
   2.4151446e+03   1.7500000e+05
   2.4160380e+03   1.7400000e+05
   2.4169151e+03   1.7300000e+05
   2.4177359e+03   1.7200000e+05
   2.4184800e+03   1.7100000e+05
   2.4192660e+03   1.7000000e+05
   2.4199605e+03   1.6900000e+05
   2.4200000e+03   1.6897113e+05
   2.4212929e+03   1.6800000e+05
   2.4218585e+03   1.6700000e+05
   2.4225536e+03   1.6600000e+05
   2.4231480e+03   1.6500000e+05
   2.4230580e+03   1.6400000e+05
   2.4236237e+03   1.6300000e+05
   2.4240630e+03   1.6200000e+05
   2.4242328e+03   1.6100000e+05
   2.4245704e+03   1.6000000e+05
   2.4249372e+03   1.5900000e+05
   2.4252456e+03   1.5800000e+05
   2.4254751e+03   1.5700000e+05
   2.4257410e+03   1.5600000e+05
   2.4259537e+03   1.5500000e+05
   2.4224292e+03   1.5400000e+05
   2.4200000e+03   1.5362288e+05
   2.4100000e+03   1.5318234e+05
   2.4057427e+03   1.5300000e+05
   2.4068619e+03   1.5200000e+05
   2.4077152e+03   1.5100000e+05
   2.4086014e+03   1.5000000e+05
   2.4093425e+03   1.4900000e+05
   2.4098238e+03   1.4800000e+05
   2.4100000e+03   1.4764141e+05
   2.4103229e+03   1.4700000e+05
   2.4106650e+03   1.4600000e+05
   2.4108670e+03   1.4500000e+05
   2.4109371e+03   1.4400000e+05
   2.4109505e+03   1.4300000e+05
   2.4109427e+03   1.4200000e+05
   2.4100000e+03   1.4124859e+05
   2.4096807e+03   1.4100000e+05
   2.4083880e+03   1.4000000e+05
   2.4070466e+03   1.3900000e+05
   2.4057309e+03   1.3800000e+05
   2.4044119e+03   1.3700000e+05
   2.4030698e+03   1.3600000e+05
   2.4017306e+03   1.3500000e+05
   2.4004196e+03   1.3400000e+05
   2.4000000e+03   1.3368341e+05
   2.3991000e+03   1.3300000e+05
   2.3977662e+03   1.3200000e+05
   2.3964181e+03   1.3100000e+05
   2.3950637e+03   1.3000000e+05
   2.3937042e+03   1.2900000e+05
   2.3923389e+03   1.2800000e+05
   2.3909656e+03   1.2700000e+05
   2.3900000e+03   1.2630787e+05
   2.3895733e+03   1.2600000e+05
   2.3881756e+03   1.2500000e+05
   2.3867816e+03   1.2400000e+05
   2.3853955e+03   1.2300000e+05
   2.3839908e+03   1.2200000e+05
   2.3825580e+03   1.2100000e+05
   2.3811611e+03   1.2000000e+05
   2.3800000e+03   1.1918097e+05
   2.3797440e+03   1.1900000e+05
   2.3783131e+03   1.1800000e+05
   2.3768755e+03   1.1700000e+05
   2.3754650e+03   1.1600000e+05
   2.3740441e+03   1.1500000e+05
   2.3726337e+03   1.1400000e+05
   2.3710801e+03   1.1300000e+05
   2.3700000e+03   1.1225238e+05
   2.3696359e+03   1.1200000e+05
   2.3681578e+03   1.1100000e+05
   2.3667336e+03   1.1000000e+05
   2.3652900e+03   1.0900000e+05
   2.3638481e+03   1.0800000e+05
   2.3624148e+03   1.0700000e+05
   2.3609844e+03   1.0600000e+05
   2.3600000e+03   1.0534238e+05
   2.3594946e+03   1.0500000e+05
   2.3580339e+03   1.0400000e+05
   2.3565782e+03   1.0300000e+05
   2.3550951e+03   1.0200000e+05
   2.3535532e+03   1.0100000e+05
   2.3520026e+03   1.0000000e+05
   2.3504721e+03   9.9000000e+04
   2.3500000e+03   9.8697764e+04
   2.3489135e+03   9.8000000e+04
   2.3473615e+03   9.7000000e+04
   2.3457915e+03   9.6000000e+04
   2.3442058e+03   9.5000000e+04
   2.3426350e+03   9.4000000e+04
   2.3410136e+03   9.3000000e+04
   2.3400000e+03   9.2380427e+04
   2.3393801e+03   9.2000000e+04
   2.3377485e+03   9.1000000e+04
   2.3361012e+03   9.0000000e+04
   2.3344285e+03   8.9000000e+04
   2.3327473e+03   8.8000000e+04
   2.3310562e+03   8.7000000e+04
   2.3300000e+03   8.6377102e+04
   2.3293644e+03   8.6000000e+04
   2.3276328e+03   8.5000000e+04
   2.3258967e+03   8.4000000e+04
   2.3241522e+03   8.3000000e+04
   2.3223928e+03   8.2000000e+04
   2.3206263e+03   8.1000000e+04
   2.3200000e+03   8.0655164e+04
   2.3188173e+03   8.0000000e+04
   2.3169850e+03   7.9000000e+04
   2.3151210e+03   7.8000000e+04
   2.3133163e+03   7.7000000e+04
   2.3114834e+03   7.6000000e+04
   2.3100000e+03   7.5210505e+04
   2.3096071e+03   7.5000000e+04
   2.3077024e+03   7.4000000e+04
   2.3057768e+03   7.3000000e+04
   2.3038580e+03   7.2000000e+04
   2.3019185e+03   7.1000000e+04
   2.3000000e+03   7.0031284e+04
   2.2999384e+03   7.0000000e+04
   2.2979617e+03   6.9000000e+04
   2.2959688e+03   6.8000000e+04
   2.2939629e+03   6.7000000e+04
   2.2919199e+03   6.6000000e+04
   2.2900000e+03   6.5066741e+04
   2.2898632e+03   6.5000000e+04
   2.2877857e+03   6.4000000e+04
   2.2856891e+03   6.3000000e+04
   2.2835697e+03   6.2000000e+04
   2.2814311e+03   6.1000000e+04
   2.2800000e+03   6.0338030e+04
   2.2792724e+03   6.0000000e+04
   2.2770878e+03   5.9000000e+04
   2.2748771e+03   5.8000000e+04
   2.2726487e+03   5.7000000e+04
   2.2703889e+03   5.6000000e+04
   2.2700000e+03   5.5829812e+04
   2.2681045e+03   5.5000000e+04
   2.2657901e+03   5.4000000e+04
   2.2634447e+03   5.3000000e+04
   2.2610626e+03   5.2000000e+04
   2.2600000e+03   5.1551968e+04
   2.2586978e+03   5.1000000e+04
   2.2562282e+03   5.0000000e+04
   2.2537467e+03   4.9000000e+04
   2.2512187e+03   4.8000000e+04
   2.2500000e+03   4.7528097e+04
   2.2486391e+03   4.7000000e+04
   2.2459858e+03   4.6000000e+04
   2.2432962e+03   4.5000000e+04
   2.2405188e+03   4.4000000e+04
   2.2400000e+03   4.3818820e+04
   2.2376679e+03   4.3000000e+04
   2.2346312e+03   4.2000000e+04
   2.2315390e+03   4.1000000e+04
   2.2300000e+03   4.0519824e+04
   2.2283538e+03   4.0000000e+04
   2.2249548e+03   3.9000000e+04
   2.2207858e+03   3.8000000e+04
   2.2200000e+03   3.7779137e+04
   2.2173071e+03   3.7000000e+04
   2.2136015e+03   3.6000000e+04
   2.2113717e+03   3.5000000e+04
   2.2100000e+03   3.4390712e+04
   2.2091236e+03   3.4000000e+04
   2.2068687e+03   3.3000000e+04
   2.2045975e+03   3.2000000e+04
   2.2023103e+03   3.1000000e+04
   2.2000187e+03   3.0000000e+04
   2.2000000e+03   2.9991904e+04
   2.1977177e+03   2.9000000e+04
   2.1954012e+03   2.8000000e+04
   2.1930636e+03   2.7000000e+04
   2.1907179e+03   2.6000000e+04
   2.1900000e+03   2.5696138e+04
   2.1883621e+03   2.5000000e+04
   2.1859867e+03   2.4000000e+04
   2.1835995e+03   2.3000000e+04
   2.1811858e+03   2.2000000e+04
   2.1800000e+03   2.1511790e+04
   2.1787626e+03   2.1000000e+04
   2.1763282e+03   2.0000000e+04
   2.1738583e+03   1.9000000e+04
   2.1713745e+03   1.8000000e+04
   2.1700000e+03   1.7453181e+04
   2.1688665e+03   1.7000000e+04
   2.1663323e+03   1.6000000e+04
   2.1637699e+03   1.5000000e+04
   2.1652442e+03   1.4000000e+04