   1.2761850e+03   1.3500000e+06
   1.2759369e+03   1.3490000e+06
   1.2756978e+03   1.3480000e+06
   1.2756125e+03   1.3470000e+06
   1.2752318e+03   1.3460000e+06
   1.2749941e+03   1.3450000e+06
   1.2747231e+03   1.3440000e+06
   1.2745047e+03   1.3430000e+06
   1.2742440e+03   1.3420000e+06
   1.2739832e+03   1.3410000e+06
   1.2737253e+03   1.3400000e+06
   1.2734642e+03   1.3390000e+06
   1.2732032e+03   1.3380000e+06
   1.2729612e+03   1.3370000e+06
   1.2726895e+03   1.3360000e+06
   1.2724330e+03   1.3350000e+06
   1.2722019e+03   1.3340000e+06
   1.2719022e+03   1.3330000e+06
   1.2716692e+03   1.3320000e+06
   1.2714119e+03   1.3310000e+06
   1.2711483e+03   1.3300000e+06
   1.2709034e+03   1.3290000e+06
   1.2706688e+03   1.3280000e+06
   1.2704301e+03   1.3270000e+06
   1.2701930e+03   1.3260000e+06
   1.2700000e+03   1.3251359e+06
   1.2699697e+03   1.3250000e+06
   1.2697299e+03   1.3240000e+06
   1.2694957e+03   1.3230000e+06
   1.2692354e+03   1.3220000e+06
   1.2689785e+03   1.3210000e+06
   1.2687231e+03   1.3200000e+06
   1.2684359e+03   1.3190000e+06
   1.2682161e+03   1.3180000e+06
   1.2679471e+03   1.3170000e+06
   1.2677110e+03   1.3160000e+06
   1.2674729e+03   1.3150000e+06
   1.2672324e+03   1.3140000e+06
   1.2669891e+03   1.3130000e+06
   1.2667522e+03   1.3120000e+06
   1.2664844e+03   1.3110000e+06
   1.2662218e+03   1.3100000e+06
   1.2659610e+03   1.3090000e+06
   1.2657003e+03   1.3080000e+06
   1.2654387e+03   1.3070000e+06
   1.2651788e+03   1.3060000e+06
   1.2649244e+03   1.3050000e+06
   1.2646598e+03   1.3040000e+06
   1.2644067e+03   1.3030000e+06
   1.2641566e+03   1.3020000e+06
   1.2639078e+03   1.3010000e+06
   1.2636637e+03   1.3000000e+06
   1.2634496e+03   1.2990000e+06
   1.2631673e+03   1.2980000e+06
   1.2629170e+03   1.2970000e+06
   1.2626663e+03   1.2960000e+06
   1.2624143e+03   1.2950000e+06
   1.2621614e+03   1.2940000e+06
   1.2619087e+03   1.2930000e+06
   1.2616404e+03   1.2920000e+06
   1.2613717e+03   1.2910000e+06
   1.2610969e+03   1.2900000e+06
   1.2608227e+03   1.2890000e+06
   1.2605468e+03   1.2880000e+06
   1.2602706e+03   1.2870000e+06
   1.2600032e+03   1.2860000e+06
   1.2600000e+03   1.2859864e+06
   1.2597680e+03   1.2850000e+06
   1.2595313e+03   1.2840000e+06
   1.2592932e+03   1.2830000e+06
   1.2590613e+03   1.2820000e+06
   1.2588221e+03   1.2810000e+06
   1.2585678e+03   1.2800000e+06
   1.2583196e+03   1.2790000e+06
   1.2580532e+03   1.2780000e+06
   1.2577840e+03   1.2770000e+06
   1.2575177e+03   1.2760000e+06
   1.2572511e+03   1.2750000e+06
   1.2569845e+03   1.2740000e+06
   1.2567192e+03   1.2730000e+06
   1.2564531e+03   1.2720000e+06
   1.2561875e+03   1.2710000e+06
   1.2559212e+03   1.2700000e+06
   1.2556555e+03   1.2690000e+06
   1.2553888e+03   1.2680000e+06
   1.2551259e+03   1.2670000e+06
   1.2548765e+03   1.2660000e+06
   1.2546387e+03   1.2650000e+06
   1.2544031e+03   1.2640000e+06
   1.2541646e+03   1.2630000e+06
   1.2539267e+03   1.2620000e+06
   1.2536880e+03   1.2610000e+06
   1.2534351e+03   1.2600000e+06
   1.2531669e+03   1.2590000e+06
   1.2528972e+03   1.2580000e+06
   1.2526283e+03   1.2570000e+06
   1.2523599e+03   1.2560000e+06
   1.2520917e+03   1.2550000e+06
   1.2518237e+03   1.2540000e+06
   1.2515560e+03   1.2530000e+06
   1.2512883e+03   1.2520000e+06
   1.2510205e+03   1.2510000e+06
   1.2507528e+03   1.2500000e+06
   1.2504840e+03   1.2490000e+06
   1.2502163e+03   1.2480000e+06
   1.2500000e+03   1.2471062e+06
   1.2499745e+03   1.2470000e+06
   1.2497351e+03   1.2460000e+06
   1.2494906e+03   1.2450000e+06
   1.2492514e+03   1.2440000e+06
   1.2490117e+03   1.2430000e+06
   1.2487417e+03   1.2420000e+06
   1.2485151e+03   1.2410000e+06
   1.2482471e+03   1.2400000e+06
   1.2479881e+03   1.2390000e+06
   1.2477193e+03   1.2380000e+06
   1.2474484e+03   1.2370000e+06
   1.2471812e+03   1.2360000e+06
   1.2469133e+03   1.2350000e+06
   1.2466461e+03   1.2340000e+06
   1.2463781e+03   1.2330000e+06
   1.2461076e+03   1.2320000e+06
   1.2458402e+03   1.2310000e+06
   1.2455743e+03   1.2300000e+06
   1.2453061e+03   1.2290000e+06
   1.2450382e+03   1.2280000e+06
   1.2447711e+03   1.2270000e+06
   1.2445053e+03   1.2260000e+06
   1.2442364e+03   1.2250000e+06
   1.2439656e+03   1.2240000e+06
   1.2436979e+03   1.2230000e+06
   1.2434414e+03   1.2220000e+06
   1.2431980e+03   1.2210000e+06
   1.2429561e+03   1.2200000e+06
   1.2427128e+03   1.2190000e+06
   1.2424689e+03   1.2180000e+06
   1.2422248e+03   1.2170000e+06
   1.2419029e+03   1.2160000e+06
   1.2417148e+03   1.2150000e+06
   1.2414416e+03   1.2140000e+06
   1.2411739e+03   1.2130000e+06
   1.2409062e+03   1.2120000e+06
   1.2406411e+03   1.2110000e+06
   1.2403601e+03   1.2100000e+06
   1.2401010e+03   1.2090000e+06
   1.2400000e+03   1.2086402e+06
   1.2398222e+03   1.2080000e+06
   1.2395506e+03   1.2070000e+06
   1.2392805e+03   1.2060000e+06
   1.2390233e+03   1.2050000e+06
   1.2387435e+03   1.2040000e+06
   1.2384693e+03   1.2030000e+06
   1.2382014e+03   1.2020000e+06
   1.2379335e+03   1.2010000e+06
   1.2376649e+03   1.2000000e+06
   1.2373956e+03   1.1990000e+06
   1.2371246e+03   1.1980000e+06
   1.2368492e+03   1.1970000e+06
   1.2366126e+03   1.1960000e+06
   1.2363554e+03   1.1950000e+06
   1.2361538e+03   1.1940000e+06
   1.2358528e+03   1.1930000e+06
   1.2355840e+03   1.1920000e+06
   1.2353235e+03   1.1910000e+06
   1.2350379e+03   1.1900000e+06
   1.2347767e+03   1.1890000e+06
   1.2345111e+03   1.1880000e+06
   1.2342428e+03   1.1870000e+06
   1.2339650e+03   1.1860000e+06
   1.2337050e+03   1.1850000e+06
   1.2334426e+03   1.1840000e+06
   1.2331692e+03   1.1830000e+06
   1.2328962e+03   1.1820000e+06
   1.2326225e+03   1.1810000e+06
   1.2323486e+03   1.1800000e+06
   1.2320749e+03   1.1790000e+06
   1.2318012e+03   1.1780000e+06
   1.2315489e+03   1.1770000e+06
   1.2313028e+03   1.1760000e+06
   1.2310536e+03   1.1750000e+06
   1.2308057e+03   1.1740000e+06
   1.2305558e+03   1.1730000e+06
   1.2303129e+03   1.1720000e+06
   1.2300000e+03   1.1711984e+06
   1.2299226e+03   1.1710000e+06
   1.2296583e+03   1.1700000e+06
   1.2293951e+03   1.1690000e+06
   1.2291835e+03   1.1680000e+06
   1.2289360e+03   1.1670000e+06
   1.2286846e+03   1.1660000e+06
   1.2283817e+03   1.1650000e+06
   1.2281581e+03   1.1640000e+06
   1.2278862e+03   1.1630000e+06
   1.2276143e+03   1.1620000e+06
   1.2273423e+03   1.1610000e+06
   1.2270697e+03   1.1600000e+06
   1.2267967e+03   1.1590000e+06
   1.2265248e+03   1.1580000e+06
   1.2262518e+03   1.1570000e+06
   1.2259789e+03   1.1560000e+06
   1.2257059e+03   1.1550000e+06
   1.2254325e+03   1.1540000e+06
   1.2251590e+03   1.1530000e+06
   1.2248860e+03   1.1520000e+06
   1.2246125e+03   1.1510000e+06
   1.2243396e+03   1.1500000e+06
   1.2240661e+03   1.1490000e+06
   1.2237921e+03   1.1480000e+06
   1.2235181e+03   1.1470000e+06
   1.2232825e+03   1.1460000e+06
   1.2229963e+03   1.1450000e+06
   1.2227458e+03   1.1440000e+06
   1.2224777e+03   1.1430000e+06
   1.2222078e+03   1.1420000e+06
   1.2219043e+03   1.1410000e+06
   1.2216543e+03   1.1400000e+06
   1.2213748e+03   1.1390000e+06
   1.2210866e+03   1.1380000e+06
   1.2208015e+03   1.1370000e+06
   1.2205185e+03   1.1360000e+06
   1.2202312e+03   1.1350000e+06
   1.2200000e+03   1.1341711e+06
   1.2199531e+03   1.1340000e+06
   1.2198102e+03   1.1330000e+06
   1.2194451e+03   1.1320000e+06
   1.2191429e+03   1.1310000e+06
   1.2189017e+03   1.1300000e+06
   1.2186730e+03   1.1290000e+06
   1.2184648e+03   1.1280000e+06
   1.2181846e+03   1.1270000e+06
   1.2179100e+03   1.1260000e+06
   1.2176301e+03   1.1250000e+06
   1.2173509e+03   1.1240000e+06
   1.2170791e+03   1.1230000e+06
   1.2168003e+03   1.1220000e+06
   1.2165193e+03   1.1210000e+06
   1.2162407e+03   1.1200000e+06
   1.2159650e+03   1.1190000e+06
   1.2156899e+03   1.1180000e+06
   1.2154120e+03   1.1170000e+06
   1.2151277e+03   1.1160000e+06
   1.2148519e+03   1.1150000e+06
   1.2145758e+03   1.1140000e+06
   1.2143146e+03   1.1130000e+06
   1.2140578e+03   1.1120000e+06
   1.2137394e+03   1.1110000e+06
   1.2134694e+03   1.1100000e+06
   1.2132112e+03   1.1090000e+06
   1.2129536e+03   1.1080000e+06
   1.2126890e+03   1.1070000e+06
   1.2124058e+03   1.1060000e+06
   1.2121419e+03   1.1050000e+06
   1.2118635e+03   1.1040000e+06
   1.2115757e+03   1.1030000e+06
   1.2113024e+03   1.1020000e+06
   1.2110236e+03   1.1010000e+06
   1.2107449e+03   1.1000000e+06
   1.2104636e+03   1.0990000e+06
   1.2101854e+03   1.0980000e+06
   1.2100000e+03   1.0973407e+06
   1.2099051e+03   1.0970000e+06
   1.2096255e+03   1.0960000e+06
   1.2093508e+03   1.0950000e+06
   1.2090700e+03   1.0940000e+06
   1.2087922e+03   1.0930000e+06
   1.2085134e+03   1.0920000e+06
   1.2082381e+03   1.0910000e+06
   1.2079592e+03   1.0900000e+06
   1.2076796e+03   1.0890000e+06
   1.2074020e+03   1.0880000e+06
   1.2071246e+03   1.0870000e+06
   1.2068471e+03   1.0860000e+06
   1.2065852e+03   1.0850000e+06
   1.2063576e+03   1.0840000e+06
   1.2060769e+03   1.0830000e+06
   1.2057945e+03   1.0820000e+06
   1.2055140e+03   1.0810000e+06
   1.2052323e+03   1.0800000e+06
   1.2049496e+03   1.0790000e+06
   1.2046669e+03   1.0780000e+06
   1.2043836e+03   1.0770000e+06
   1.2041027e+03   1.0760000e+06
   1.2038177e+03   1.0750000e+06
   1.2035356e+03   1.0740000e+06
   1.2032526e+03   1.0730000e+06
   1.2029680e+03   1.0720000e+06
   1.2026852e+03   1.0710000e+06
   1.2024016e+03   1.0700000e+06
   1.2021180e+03   1.0690000e+06
   1.2018340e+03   1.0680000e+06
   1.2015495e+03   1.0670000e+06
   1.2012651e+03   1.0660000e+06
   1.2009809e+03   1.0650000e+06
   1.2006951e+03   1.0640000e+06
   1.2004135e+03   1.0630000e+06
   1.2001313e+03   1.0620000e+06
   1.2000000e+03   1.0614857e+06
   1.1998785e+03   1.0610000e+06
   1.1996272e+03   1.0600000e+06
   1.1993726e+03   1.0590000e+06
   1.1990921e+03   1.0580000e+06
   1.1987857e+03   1.0570000e+06
   1.1985579e+03   1.0560000e+06
   1.1982906e+03   1.0550000e+06
   1.1979961e+03   1.0540000e+06
   1.1977342e+03   1.0530000e+06
   1.1973951e+03   1.0520000e+06
   1.1971622e+03   1.0510000e+06
   1.1964993e+03   1.0500000e+06
   1.1954417e+03   1.0490000e+06
   1.1940571e+03   1.0480000e+06
   1.1931046e+03   1.0470000e+06
   1.1926932e+03   1.0460000e+06
   1.1901287e+03   1.0450000e+06
   1.1900000e+03   1.0448887e+06
   1.1889952e+03   1.0440000e+06
   1.1888433e+03   1.0430000e+06
   1.1843567e+03   1.0420000e+06
   1.1822417e+03   1.0410000e+06
   1.1802092e+03   1.0400000e+06
   1.1800000e+03   1.0398606e+06
   1.1788982e+03   1.0390000e+06
   1.1780869e+03   1.0380000e+06
   1.1751757e+03   1.0370000e+06
   1.1736901e+03   1.0360000e+06
   1.1732274e+03   1.0350000e+06
   1.1722050e+03   1.0340000e+06
   1.1700000e+03   1.0331971e+06
   1.1692749e+03   1.0330000e+06
   1.1682358e+03   1.0320000e+06
   1.1669799e+03   1.0310000e+06
   1.1661424e+03   1.0300000e+06
   1.1659707e+03   1.0290000e+06
   1.1657341e+03   1.0280000e+06
   1.1654317e+03   1.0270000e+06
   1.1651806e+03   1.0260000e+06
   1.1649443e+03   1.0250000e+06
   1.1647060e+03   1.0240000e+06
   1.1644669e+03   1.0230000e+06
   1.1642035e+03   1.0220000e+06
   1.1639504e+03   1.0210000e+06
   1.1636906e+03   1.0200000e+06
   1.1634487e+03   1.0190000e+06
   1.1632071e+03   1.0180000e+06
   1.1629655e+03   1.0170000e+06
   1.1627239e+03   1.0160000e+06
   1.1624821e+03   1.0150000e+06
   1.1622396e+03   1.0140000e+06
   1.1619978e+03   1.0130000e+06
   1.1617543e+03   1.0120000e+06
   1.1614966e+03   1.0110000e+06
   1.1612379e+03   1.0100000e+06
   1.1609801e+03   1.0090000e+06
   1.1607203e+03   1.0080000e+06
   1.1604617e+03   1.0070000e+06
   1.1601974e+03   1.0060000e+06
   1.1600000e+03   1.0052024e+06
   1.1599507e+03   1.0050000e+06
   1.1597081e+03   1.0040000e+06
   1.1594664e+03   1.0030000e+06
   1.1592248e+03   1.0020000e+06
   1.1589822e+03   1.0010000e+06
   1.1587398e+03   1.0000000e+06
   1.1584963e+03   9.9900000e+05
   1.1582505e+03   9.9800000e+05
   1.1580038e+03   9.9700000e+05
   1.1577562e+03   9.9600000e+05
   1.1575070e+03   9.9500000e+05
   1.1572664e+03   9.9400000e+05
   1.1570196e+03   9.9300000e+05
   1.1567693e+03   9.9200000e+05
   1.1565246e+03   9.9100000e+05
   1.1562786e+03   9.9000000e+05
   1.1560332e+03   9.8900000e+05
   1.1557878e+03   9.8800000e+05
   1.1555414e+03   9.8700000e+05
   1.1552897e+03   9.8600000e+05
   1.1550342e+03   9.8500000e+05
   1.1547796e+03   9.8400000e+05
   1.1545249e+03   9.8300000e+05
   1.1542507e+03   9.8200000e+05
   1.1539970e+03   9.8100000e+05
   1.1537926e+03   9.8000000e+05
   1.1535022e+03   9.7900000e+05
   1.1532568e+03   9.7800000e+05
   1.1530111e+03   9.7700000e+05
   1.1527651e+03   9.7600000e+05
   1.1525195e+03   9.7500000e+05
   1.1522736e+03   9.7400000e+05
   1.1520120e+03   9.7300000e+05
   1.1517484e+03   9.7200000e+05
   1.1515196e+03   9.7100000e+05
   1.1512540e+03   9.7000000e+05
   1.1509870e+03   9.6900000e+05
   1.1507190e+03   9.6800000e+05
   1.1504603e+03   9.6700000e+05
   1.1502137e+03   9.6600000e+05
   1.1500000e+03   9.6515020e+05
   1.1499628e+03   9.6500000e+05
   1.1497195e+03   9.6400000e+05
   1.1494762e+03   9.6300000e+05
   1.1492330e+03   9.6200000e+05
   1.1489883e+03   9.6100000e+05
   1.1487426e+03   9.6000000e+05
   1.1484707e+03   9.5900000e+05
   1.1482166e+03   9.5800000e+05
   1.1479689e+03   9.5700000e+05
   1.1477216e+03   9.5600000e+05
   1.1474858e+03   9.5500000e+05
   1.1472264e+03   9.5400000e+05
   1.1469778e+03   9.5300000e+05
   1.1467253e+03   9.5200000e+05
   1.1464762e+03   9.5100000e+05
   1.1462278e+03   9.5000000e+05
   1.1459784e+03   9.4900000e+05
   1.1457110e+03   9.4800000e+05
   1.1454575e+03   9.4700000e+05
   1.1452150e+03   9.4600000e+05
   1.1449696e+03   9.4500000e+05
   1.1447025e+03   9.4400000e+05
   1.1444354e+03   9.4300000e+05
   1.1441679e+03   9.4200000e+05
   1.1439165e+03   9.4100000e+05
   1.1436652e+03   9.4000000e+05
   1.1434145e+03   9.3900000e+05
   1.1431645e+03   9.3800000e+05
   1.1429101e+03   9.3700000e+05
   1.1426588e+03   9.3600000e+05
   1.1424078e+03   9.3500000e+05
   1.1421569e+03   9.3400000e+05
   1.1418642e+03   9.3300000e+05
   1.1416120e+03   9.3200000e+05
   1.1413609e+03   9.3100000e+05
   1.1411087e+03   9.3000000e+05
   1.1408584e+03   9.2900000e+05
   1.1406102e+03   9.2800000e+05
   1.1403620e+03   9.2700000e+05
   1.1401138e+03   9.2600000e+05
   1.1400000e+03   9.2556226e+05
   1.1398545e+03   9.2500000e+05
   1.1396073e+03   9.2400000e+05
   1.1392936e+03   9.2300000e+05
   1.1390898e+03   9.2200000e+05
   1.1388181e+03   9.2100000e+05
   1.1385942e+03   9.2000000e+05
   1.1383231e+03   9.1900000e+05
   1.1380524e+03   9.1800000e+05
   1.1377855e+03   9.1700000e+05
   1.1375223e+03   9.1600000e+05
   1.1372718e+03   9.1500000e+05
   1.1370209e+03   9.1400000e+05
   1.1367676e+03   9.1300000e+05
   1.1365166e+03   9.1200000e+05
   1.1362649e+03   9.1100000e+05
   1.1360109e+03   9.1000000e+05
   1.1357574e+03   9.0900000e+05
   1.1354965e+03   9.0800000e+05
   1.1352115e+03   9.0700000e+05
   1.1349495e+03   9.0600000e+05
   1.1346866e+03   9.0500000e+05
   1.1344191e+03   9.0400000e+05
   1.1341639e+03   9.0300000e+05
   1.1339114e+03   9.0200000e+05
   1.1336568e+03   9.0100000e+05
   1.1334029e+03   9.0000000e+05
   1.1331483e+03   8.9900000e+05
   1.1328938e+03   8.9800000e+05
   1.1326183e+03   8.9700000e+05
   1.1323675e+03   8.9600000e+05
   1.1321074e+03   8.9500000e+05
   1.1318557e+03   8.9400000e+05
   1.1315963e+03   8.9300000e+05
   1.1313370e+03   8.9200000e+05
   1.1310795e+03   8.9100000e+05
   1.1308216e+03   8.9000000e+05
   1.1305628e+03   8.8900000e+05
   1.1303045e+03   8.8800000e+05
   1.1300456e+03   8.8700000e+05
   1.1300000e+03   8.8682397e+05
   1.1297872e+03   8.8600000e+05
   1.1295280e+03   8.8500000e+05
   1.1292716e+03   8.8400000e+05
   1.1289961e+03   8.8300000e+05
   1.1287286e+03   8.8200000e+05
   1.1284615e+03   8.8100000e+05
   1.1281952e+03   8.8000000e+05
   1.1279326e+03   8.7900000e+05
   1.1276922e+03   8.7800000e+05
   1.1274120e+03   8.7700000e+05
   1.1271544e+03   8.7600000e+05
   1.1268970e+03   8.7500000e+05
   1.1266394e+03   8.7400000e+05
   1.1263818e+03   8.7300000e+05
   1.1261240e+03   8.7200000e+05
   1.1258587e+03   8.7100000e+05
   1.1256023e+03   8.7000000e+05
   1.1253396e+03   8.6900000e+05
   1.1250762e+03   8.6800000e+05
   1.1248117e+03   8.6700000e+05
   1.1245540e+03   8.6600000e+05
   1.1242861e+03   8.6500000e+05
   1.1240276e+03   8.6400000e+05
   1.1237659e+03   8.6300000e+05
   1.1235040e+03   8.6200000e+05
   1.1232418e+03   8.6100000e+05
   1.1229784e+03   8.6000000e+05
   1.1227155e+03   8.5900000e+05
   1.1224529e+03   8.5800000e+05
   1.1221731e+03   8.5700000e+05
   1.1219079e+03   8.5600000e+05
   1.1216443e+03   8.5500000e+05
   1.1213809e+03   8.5400000e+05
   1.1211177e+03   8.5300000e+05
   1.1208556e+03   8.5200000e+05
   1.1205972e+03   8.5100000e+05
   1.1203342e+03   8.5000000e+05
   1.1200711e+03   8.4900000e+05
   1.1200000e+03   8.4872993e+05
   1.1198089e+03   8.4800000e+05
   1.1195456e+03   8.4700000e+05
   1.1192800e+03   8.4600000e+05
   1.1190109e+03   8.4500000e+05
   1.1187422e+03   8.4400000e+05
   1.1184740e+03   8.4300000e+05
   1.1182009e+03   8.4200000e+05
   1.1179418e+03   8.4100000e+05
   1.1176741e+03   8.4000000e+05
   1.1174080e+03   8.3900000e+05
   1.1171479e+03   8.3800000e+05
   1.1168841e+03   8.3700000e+05
   1.1166141e+03   8.3600000e+05
   1.1163491e+03   8.3500000e+05
   1.1160842e+03   8.3400000e+05
   1.1158215e+03   8.3300000e+05
   1.1155483e+03   8.3200000e+05
   1.1152868e+03   8.3100000e+05
   1.1150257e+03   8.3000000e+05
   1.1147638e+03   8.2900000e+05
   1.1145013e+03   8.2800000e+05
   1.1142371e+03   8.2700000e+05
   1.1139643e+03   8.2600000e+05
   1.1136896e+03   8.2500000e+05
   1.1134141e+03   8.2400000e+05
   1.1131717e+03   8.2300000e+05
   1.1128958e+03   8.2200000e+05
   1.1126013e+03   8.2100000e+05
   1.1123479e+03   8.2000000e+05
   1.1120833e+03   8.1900000e+05
   1.1118154e+03   8.1800000e+05
   1.1115093e+03   8.1700000e+05
   1.1112411e+03   8.1600000e+05
   1.1109736e+03   8.1500000e+05
   1.1107073e+03   8.1400000e+05
   1.1104427e+03   8.1300000e+05
   1.1101765e+03   8.1200000e+05
   1.1100000e+03   8.1135540e+05
   1.1099037e+03   8.1100000e+05
   1.1096403e+03   8.1000000e+05
   1.1093761e+03   8.0900000e+05
   1.1091221e+03   8.0800000e+05
   1.1088480e+03   8.0700000e+05
   1.1085829e+03   8.0600000e+05
   1.1083243e+03   8.0500000e+05
   1.1080599e+03   8.0400000e+05
   1.1077939e+03   8.0300000e+05
   1.1075287e+03   8.0200000e+05
   1.1072511e+03   8.0100000e+05
   1.1069753e+03   8.0000000e+05
   1.1066840e+03   7.9900000e+05
   1.1064282e+03   7.9800000e+05
   1.1061520e+03   7.9700000e+05
   1.1058677e+03   7.9600000e+05
   1.1056056e+03   7.9500000e+05
   1.1053202e+03   7.9400000e+05
   1.1050527e+03   7.9300000e+05
   1.1047625e+03   7.9200000e+05
   1.1044953e+03   7.9100000e+05
   1.1042277e+03   7.9000000e+05
   1.1039605e+03   7.8900000e+05
   1.1036930e+03   7.8800000e+05
   1.1034243e+03   7.8700000e+05
   1.1031568e+03   7.8600000e+05
   1.1028887e+03   7.8500000e+05
   1.1026197e+03   7.8400000e+05
   1.1023513e+03   7.8300000e+05
   1.1020823e+03   7.8200000e+05
   1.1017930e+03   7.8100000e+05
   1.1015222e+03   7.8000000e+05
   1.1012519e+03   7.7900000e+05
   1.1009813e+03   7.7800000e+05
   1.1007096e+03   7.7700000e+05
   1.1004352e+03   7.7600000e+05
   1.1001448e+03   7.7500000e+05
   1.1000000e+03   7.7445357e+05
   1.0998803e+03   7.7400000e+05
   1.0995918e+03   7.7300000e+05
   1.0993042e+03   7.7200000e+05
   1.0990167e+03   7.7100000e+05
   1.0987329e+03   7.7000000e+05
   1.0984601e+03   7.6900000e+05
   1.0981927e+03   7.6800000e+05
   1.0979252e+03   7.6700000e+05
   1.0976576e+03   7.6600000e+05
   1.0973901e+03   7.6500000e+05
   1.0971219e+03   7.6400000e+05
   1.0968525e+03   7.6300000e+05
   1.0965825e+03   7.6200000e+05
   1.0963131e+03   7.6100000e+05
   1.0960423e+03   7.6000000e+05
   1.0957715e+03   7.5900000e+05
   1.0955002e+03   7.5800000e+05
   1.0952291e+03   7.5700000e+05
   1.0949480e+03   7.5600000e+05
   1.0946665e+03   7.5500000e+05
   1.0943836e+03   7.5400000e+05
   1.0940998e+03   7.5300000e+05
   1.0938044e+03   7.5200000e+05
   1.0935177e+03   7.5100000e+05
   1.0932364e+03   7.5000000e+05
   1.0929631e+03   7.4900000e+05
   1.0926827e+03   7.4800000e+05
   1.0924033e+03   7.4700000e+05
   1.0921247e+03   7.4600000e+05
   1.0918463e+03   7.4500000e+05
   1.0915694e+03   7.4400000e+05
   1.0912944e+03   7.4300000e+05
   1.0910195e+03   7.4200000e+05
   1.0907446e+03   7.4100000e+05
   1.0904687e+03   7.4000000e+05
   1.0901927e+03   7.3900000e+05
   1.0900000e+03   7.3825899e+05
   1.0899331e+03   7.3800000e+05
   1.0896434e+03   7.3700000e+05
   1.0893675e+03   7.3600000e+05
   1.0890939e+03   7.3500000e+05
   1.0888165e+03   7.3400000e+05
   1.0885390e+03   7.3300000e+05
   1.0882600e+03   7.3200000e+05
   1.0879743e+03   7.3100000e+05
   1.0876845e+03   7.3000000e+05
   1.0873950e+03   7.2900000e+05
   1.0871063e+03   7.2800000e+05
   1.0868070e+03   7.2700000e+05
   1.0865192e+03   7.2600000e+05
   1.0862886e+03   7.2500000e+05
   1.0859581e+03   7.2400000e+05
   1.0856830e+03   7.2300000e+05
   1.0854100e+03   7.2200000e+05
   1.0851339e+03   7.2100000e+05
   1.0848577e+03   7.2000000e+05
   1.0845856e+03   7.1900000e+05
   1.0843028e+03   7.1800000e+05
   1.0840235e+03   7.1700000e+05
   1.0837406e+03   7.1600000e+05
   1.0834609e+03   7.1500000e+05
   1.0831811e+03   7.1400000e+05
   1.0829013e+03   7.1300000e+05
   1.0826161e+03   7.1200000e+05
   1.0823238e+03   7.1100000e+05
   1.0820301e+03   7.1000000e+05
   1.0817355e+03   7.0900000e+05
   1.0814740e+03   7.0800000e+05
   1.0811777e+03   7.0700000e+05
   1.0808941e+03   7.0600000e+05
   1.0805991e+03   7.0500000e+05
   1.0803172e+03   7.0400000e+05
   1.0800000e+03   7.0300292e+05
   1.0799991e+03   7.0300000e+05
   1.0797217e+03   7.0200000e+05
   1.0794441e+03   7.0100000e+05
   1.0791656e+03   7.0000000e+05
   1.0788863e+03   6.9900000e+05
   1.0786070e+03   6.9800000e+05
   1.0783269e+03   6.9700000e+05
   1.0780467e+03   6.9600000e+05
   1.0777650e+03   6.9500000e+05
   1.0774842e+03   6.9400000e+05
   1.0771974e+03   6.9300000e+05
   1.0769154e+03   6.9200000e+05
   1.0766307e+03   6.9100000e+05
   1.0763468e+03   6.9000000e+05
   1.0760752e+03   6.8900000e+05
   1.0757859e+03   6.8800000e+05
   1.0754959e+03   6.8700000e+05
   1.0752034e+03   6.8600000e+05
   1.0749122e+03   6.8500000e+05
   1.0745972e+03   6.8400000e+05
   1.0743172e+03   6.8300000e+05
   1.0740177e+03   6.8200000e+05
   1.0737265e+03   6.8100000e+05
   1.0734381e+03   6.8000000e+05
   1.0731527e+03   6.7900000e+05
   1.0728556e+03   6.7800000e+05
   1.0725718e+03   6.7700000e+05
   1.0722900e+03   6.7600000e+05
   1.0720046e+03   6.7500000e+05
   1.0717185e+03   6.7400000e+05
   1.0714343e+03   6.7300000e+05
   1.0711496e+03   6.7200000e+05
   1.0708583e+03   6.7100000e+05
   1.0705718e+03   6.7000000e+05
   1.0702864e+03   6.6900000e+05
   1.0700000e+03   6.6801266e+05
   1.0699963e+03   6.6800000e+05
   1.0697042e+03   6.6700000e+05
   1.0694030e+03   6.6600000e+05
   1.0691076e+03   6.6500000e+05
   1.0688190e+03   6.6400000e+05
   1.0685514e+03   6.6300000e+05
   1.0682467e+03   6.6200000e+05
   1.0679489e+03   6.6100000e+05
   1.0676602e+03   6.6000000e+05
   1.0673703e+03   6.5900000e+05
   1.0670707e+03   6.5800000e+05
   1.0667534e+03   6.5700000e+05
   1.0664649e+03   6.5600000e+05
   1.0661764e+03   6.5500000e+05
   1.0658882e+03   6.5400000e+05
   1.0655992e+03   6.5300000e+05
   1.0653108e+03   6.5200000e+05
   1.0650214e+03   6.5100000e+05
   1.0647324e+03   6.5000000e+05
   1.0644441e+03   6.4900000e+05
   1.0641479e+03   6.4800000e+05
   1.0638588e+03   6.4700000e+05
   1.0635689e+03   6.4600000e+05
   1.0632787e+03   6.4500000e+05
   1.0629874e+03   6.4400000e+05
   1.0626975e+03   6.4300000e+05
   1.0624047e+03   6.4200000e+05
   1.0621078e+03   6.4100000e+05
   1.0618100e+03   6.4000000e+05
   1.0615149e+03   6.3900000e+05
   1.0612165e+03   6.3800000e+05
   1.0609206e+03   6.3700000e+05
   1.0606071e+03   6.3600000e+05
   1.0603234e+03   6.3500000e+05
   1.0600200e+03   6.3400000e+05
   1.0600000e+03   6.3393393e+05
   1.0597188e+03   6.3300000e+05
   1.0594173e+03   6.3200000e+05
   1.0591165e+03   6.3100000e+05
   1.0588166e+03   6.3000000e+05
   1.0585202e+03   6.2900000e+05
   1.0582289e+03   6.2800000e+05
   1.0579367e+03   6.2700000e+05
   1.0576447e+03   6.2600000e+05
   1.0573524e+03   6.2500000e+05
   1.0570588e+03   6.2400000e+05
   1.0567576e+03   6.2300000e+05
   1.0564700e+03   6.2200000e+05
   1.0561742e+03   6.2100000e+05
   1.0558769e+03   6.2000000e+05
   1.0555792e+03   6.1900000e+05
   1.0552754e+03   6.1800000e+05
   1.0549796e+03   6.1700000e+05
   1.0546813e+03   6.1600000e+05
   1.0543794e+03   6.1500000e+05
   1.0540774e+03   6.1400000e+05
   1.0537754e+03   6.1300000e+05
   1.0534718e+03   6.1200000e+05
   1.0531710e+03   6.1100000e+05
   1.0528661e+03   6.1000000e+05
   1.0525547e+03   6.0900000e+05
   1.0522513e+03   6.0800000e+05
   1.0519488e+03   6.0700000e+05
   1.0516469e+03   6.0600000e+05
   1.0513577e+03   6.0500000e+05
   1.0510573e+03   6.0400000e+05
   1.0507459e+03   6.0300000e+05
   1.0504477e+03   6.0200000e+05
   1.0501495e+03   6.0100000e+05
   1.0500000e+03   6.0049849e+05
   1.0498527e+03   6.0000000e+05
   1.0495598e+03   5.9900000e+05
   1.0492617e+03   5.9800000e+05
   1.0489618e+03   5.9700000e+05
   1.0486613e+03   5.9600000e+05
   1.0483592e+03   5.9500000e+05
   1.0480647e+03   5.9400000e+05
   1.0477621e+03   5.9300000e+05
   1.0474572e+03   5.9200000e+05
   1.0471207e+03   5.9100000e+05
   1.0468391e+03   5.9000000e+05
   1.0465440e+03   5.8900000e+05
   1.0462156e+03   5.8800000e+05
   1.0459044e+03   5.8700000e+05
   1.0455835e+03   5.8600000e+05
   1.0452826e+03   5.8500000e+05
   1.0449741e+03   5.8400000e+05
   1.0446800e+03   5.8300000e+05
   1.0443783e+03   5.8200000e+05
   1.0440742e+03   5.8100000e+05
   1.0437722e+03   5.8000000e+05
   1.0434645e+03   5.7900000e+05
   1.0431601e+03   5.7800000e+05
   1.0428578e+03   5.7700000e+05
   1.0425542e+03   5.7600000e+05
   1.0422465e+03   5.7500000e+05
   1.0419429e+03   5.7400000e+05
   1.0416389e+03   5.7300000e+05
   1.0413336e+03   5.7200000e+05
   1.0410165e+03   5.7100000e+05
   1.0406992e+03   5.7000000e+05
   1.0403796e+03   5.6900000e+05
   1.0401080e+03   5.6800000e+05
   1.0400000e+03   5.6766295e+05
   1.0397883e+03   5.6700000e+05
   1.0394765e+03   5.6600000e+05
   1.0391610e+03   5.6500000e+05
   1.0388540e+03   5.6400000e+05
   1.0385470e+03   5.6300000e+05
   1.0382150e+03   5.6200000e+05
   1.0379080e+03   5.6100000e+05
   1.0376009e+03   5.6000000e+05
   1.0372936e+03   5.5900000e+05
   1.0369863e+03   5.5800000e+05
   1.0366770e+03   5.5700000e+05
   1.0363626e+03   5.5600000e+05
   1.0360555e+03   5.5500000e+05
   1.0357455e+03   5.5400000e+05
   1.0354388e+03   5.5300000e+05
   1.0351294e+03   5.5200000e+05
   1.0348220e+03   5.5100000e+05
   1.0345133e+03   5.5000000e+05
   1.0342035e+03   5.4900000e+05
   1.0338949e+03   5.4800000e+05
   1.0335856e+03   5.4700000e+05
   1.0332697e+03   5.4600000e+05
   1.0329527e+03   5.4500000e+05
   1.0326420e+03   5.4400000e+05
   1.0323314e+03   5.4300000e+05
   1.0320205e+03   5.4200000e+05
   1.0317179e+03   5.4100000e+05
   1.0313962e+03   5.4000000e+05
   1.0310825e+03   5.3900000e+05
   1.0307386e+03   5.3800000e+05
   1.0304124e+03   5.3700000e+05
   1.0300835e+03   5.3600000e+05
   1.0300000e+03   5.3574457e+05
   1.0297604e+03   5.3500000e+05
   1.0294497e+03   5.3400000e+05
   1.0291391e+03   5.3300000e+05
   1.0288285e+03   5.3200000e+05
   1.0285179e+03   5.3100000e+05
   1.0282072e+03   5.3000000e+05
   1.0278964e+03   5.2900000e+05
   1.0275853e+03   5.2800000e+05
   1.0272731e+03   5.2700000e+05
   1.0269607e+03   5.2600000e+05
   1.0266471e+03   5.2500000e+05
   1.0263337e+03   5.2400000e+05
   1.0260203e+03   5.2300000e+05
   1.0257057e+03   5.2200000e+05
   1.0253904e+03   5.2100000e+05
   1.0250673e+03   5.2000000e+05
   1.0247455e+03   5.1900000e+05
   1.0244239e+03   5.1800000e+05
   1.0241017e+03   5.1700000e+05
   1.0237832e+03   5.1600000e+05
   1.0234537e+03   5.1500000e+05
   1.0231319e+03   5.1400000e+05
   1.0228098e+03   5.1300000e+05
   1.0224886e+03   5.1200000e+05
   1.0221662e+03   5.1100000e+05
   1.0218434e+03   5.1000000e+05
   1.0215200e+03   5.0900000e+05
   1.0211977e+03   5.0800000e+05
   1.0208781e+03   5.0700000e+05
   1.0205567e+03   5.0600000e+05
   1.0202372e+03   5.0500000e+05
   1.0200000e+03   5.0425549e+05
   1.0199194e+03   5.0400000e+05
   1.0196038e+03   5.0300000e+05
   1.0192790e+03   5.0200000e+05
   1.0189608e+03   5.0100000e+05
   1.0186414e+03   5.0000000e+05
   1.0183215e+03   4.9900000e+05
   1.0180017e+03   4.9800000e+05
   1.0176811e+03   4.9700000e+05
   1.0173611e+03   4.9600000e+05
   1.0170389e+03   4.9500000e+05
   1.0167147e+03   4.9400000e+05
   1.0164032e+03   4.9300000e+05
   1.0160773e+03   4.9200000e+05
   1.0157499e+03   4.9100000e+05
   1.0154210e+03   4.9000000e+05
   1.0150910e+03   4.8900000e+05
   1.0147643e+03   4.8800000e+05
   1.0144347e+03   4.8700000e+05
   1.0140823e+03   4.8600000e+05
   1.0137524e+03   4.8500000e+05
   1.0134235e+03   4.8400000e+05
   1.0130958e+03   4.8300000e+05
   1.0127682e+03   4.8200000e+05
   1.0124429e+03   4.8100000e+05
   1.0121175e+03   4.8000000e+05
   1.0117921e+03   4.7900000e+05
   1.0114660e+03   4.7800000e+05
   1.0111398e+03   4.7700000e+05
   1.0108137e+03   4.7600000e+05
   1.0104886e+03   4.7500000e+05
   1.0101626e+03   4.7400000e+05
   1.0100000e+03   4.7350133e+05
   1.0098380e+03   4.7300000e+05
   1.0095140e+03   4.7200000e+05
   1.0091900e+03   4.7100000e+05
   1.0088657e+03   4.7000000e+05
   1.0085368e+03   4.6900000e+05
   1.0082061e+03   4.6800000e+05
   1.0078784e+03   4.6700000e+05
   1.0075501e+03   4.6600000e+05
   1.0072271e+03   4.6500000e+05
   1.0068930e+03   4.6400000e+05
   1.0065556e+03   4.6300000e+05
   1.0062183e+03   4.6200000e+05
   1.0058975e+03   4.6100000e+05
   1.0055523e+03   4.6000000e+05
   1.0051943e+03   4.5900000e+05
   1.0048563e+03   4.5800000e+05
   1.0045221e+03   4.5700000e+05
   1.0041917e+03   4.5600000e+05
   1.0038616e+03   4.5500000e+05
   1.0035313e+03   4.5400000e+05
   1.0031900e+03   4.5300000e+05
   1.0028595e+03   4.5200000e+05
   1.0025329e+03   4.5100000e+05
   1.0021978e+03   4.5000000e+05
   1.0018661e+03   4.4900000e+05
   1.0015308e+03   4.4800000e+05
   1.0011997e+03   4.4700000e+05
   1.0008644e+03   4.4600000e+05
   1.0005314e+03   4.4500000e+05
   1.0001976e+03   4.4400000e+05
   1.0000000e+03   4.4341071e+05
   9.9986299e+02   4.4300000e+05
   9.9952944e+02   4.4200000e+05
   9.9919738e+02   4.4100000e+05
   9.9886512e+02   4.4000000e+05
   9.9853156e+02   4.3900000e+05
   9.9819183e+02   4.3800000e+05
   9.9783947e+02   4.3700000e+05
   9.9749491e+02   4.3600000e+05
   9.9717826e+02   4.3500000e+05
   9.9683886e+02   4.3400000e+05
   9.9648778e+02   4.3300000e+05
   9.9613874e+02   4.3200000e+05
   9.9579891e+02   4.3100000e+05
   9.9546130e+02   4.3000000e+05
   9.9511721e+02   4.2900000e+05
   9.9477191e+02   4.2800000e+05
   9.9441760e+02   4.2700000e+05
   9.9408070e+02   4.2600000e+05
   9.9374332e+02   4.2500000e+05
   9.9340566e+02   4.2400000e+05
   9.9306721e+02   4.2300000e+05
   9.9272812e+02   4.2200000e+05
   9.9238781e+02   4.2100000e+05
   9.9204894e+02   4.2000000e+05
   9.9170998e+02   4.1900000e+05
   9.9136872e+02   4.1800000e+05
   9.9102590e+02   4.1700000e+05
   9.9068411e+02   4.1600000e+05
   9.9034135e+02   4.1500000e+05
   9.9000000e+02   4.1400739e+05
   9.8999748e+02   4.1400000e+05
   9.8965694e+02   4.1300000e+05
   9.8931254e+02   4.1200000e+05
   9.8897275e+02   4.1100000e+05
   9.8863033e+02   4.1000000e+05
   9.8828624e+02   4.0900000e+05
   9.8794105e+02   4.0800000e+05
   9.8759264e+02   4.0700000e+05
   9.8724330e+02   4.0600000e+05
   9.8689248e+02   4.0500000e+05
   9.8653090e+02   4.0400000e+05
   9.8617664e+02   4.0300000e+05
   9.8582346e+02   4.0200000e+05
   9.8547733e+02   4.0100000e+05
   9.8515095e+02   4.0000000e+05
   9.8478140e+02   3.9900000e+05
   9.8442927e+02   3.9800000e+05
   9.8409194e+02   3.9700000e+05
   9.8374527e+02   3.9600000e+05
   9.8343867e+02   3.9500000e+05
   9.8308921e+02   3.9400000e+05
   9.8271283e+02   3.9300000e+05
   9.8240178e+02   3.9200000e+05
   9.8214268e+02   3.9100000e+05
   9.8187432e+02   3.9000000e+05
   9.8160084e+02   3.8900000e+05
   9.8128669e+02   3.8800000e+05
   9.8097567e+02   3.8700000e+05
   9.8066834e+02   3.8600000e+05
   9.8035338e+02   3.8500000e+05
   9.8003425e+02   3.8400000e+05
   9.8000000e+02   3.8389267e+05
   9.7971765e+02   3.8300000e+05
   9.7940056e+02   3.8200000e+05
   9.7910668e+02   3.8100000e+05
   9.7885652e+02   3.8000000e+05
   9.7853504e+02   3.7900000e+05
   9.7821526e+02   3.7800000e+05
   9.7789055e+02   3.7700000e+05
   9.7756954e+02   3.7600000e+05
   9.7724195e+02   3.7500000e+05
   9.7691308e+02   3.7400000e+05
   9.7659098e+02   3.7300000e+05
   9.7626036e+02   3.7200000e+05
   9.7593711e+02   3.7100000e+05
   9.7562448e+02   3.7000000e+05
   9.7533838e+02   3.6900000e+05
   9.7499834e+02   3.6800000e+05
   9.7466694e+02   3.6700000e+05
   9.7435002e+02   3.6600000e+05
   9.7400629e+02   3.6500000e+05
   9.7366667e+02   3.6400000e+05
   9.7333388e+02   3.6300000e+05
   9.7300249e+02   3.6200000e+05
   9.7266606e+02   3.6100000e+05
   9.7238226e+02   3.6000000e+05
   9.7204202e+02   3.5900000e+05
   9.7169463e+02   3.5800000e+05
   9.7135000e+02   3.5700000e+05
   9.7100731e+02   3.5600000e+05
   9.7087849e+02   3.5500000e+05
   9.7036030e+02   3.5400000e+05
   9.7001570e+02   3.5300000e+05
   9.7000000e+02   3.5295455e+05
   9.6967249e+02   3.5200000e+05
   9.6950644e+02   3.5100000e+05
   9.6898068e+02   3.5000000e+05
   9.6863331e+02   3.4900000e+05
   9.6833100e+02   3.4800000e+05
   9.6809989e+02   3.4700000e+05
   9.6763728e+02   3.4600000e+05
   9.6728650e+02   3.4500000e+05
   9.6693333e+02   3.4400000e+05
   9.6675277e+02   3.4300000e+05
   9.6629183e+02   3.4200000e+05
   9.6594408e+02   3.4100000e+05
   9.6559243e+02   3.4000000e+05
   9.6523849e+02   3.3900000e+05
   9.6488647e+02   3.3800000e+05
   9.6455991e+02   3.3700000e+05
   9.6421486e+02   3.3600000e+05
   9.6386216e+02   3.3500000e+05
   9.6350822e+02   3.3400000e+05
   9.6314232e+02   3.3300000e+05
   9.6278773e+02   3.3200000e+05
   9.6247102e+02   3.3100000e+05
   9.6214812e+02   3.3000000e+05
   9.6179384e+02   3.2900000e+05
   9.6143232e+02   3.2800000e+05
   9.6107172e+02   3.2700000e+05
   9.6071089e+02   3.2600000e+05
   9.6035797e+02   3.2500000e+05
   9.6000000e+02   3.2401584e+05
   9.5999429e+02   3.2400000e+05
   9.5965183e+02   3.2300000e+05
   9.5929335e+02   3.2200000e+05
   9.5893633e+02   3.2100000e+05
   9.5858011e+02   3.2000000e+05
   9.5825073e+02   3.1900000e+05
   9.5793039e+02   3.1800000e+05
   9.5756706e+02   3.1700000e+05
   9.5720541e+02   3.1600000e+05
   9.5684223e+02   3.1500000e+05
   9.5647519e+02   3.1400000e+05
   9.5611165e+02   3.1300000e+05
   9.5574409e+02   3.1200000e+05
   9.5537766e+02   3.1100000e+05
   9.5501996e+02   3.1000000e+05
   9.5468952e+02   3.0900000e+05
   9.5433794e+02   3.0800000e+05
   9.5397284e+02   3.0700000e+05
   9.5362653e+02   3.0600000e+05
   9.5326832e+02   3.0500000e+05
   9.5290798e+02   3.0400000e+05
   9.5253786e+02   3.0300000e+05
   9.5216485e+02   3.0200000e+05
   9.5179308e+02   3.0100000e+05
   9.5142275e+02   3.0000000e+05
   9.5105306e+02   2.9900000e+05
   9.5067893e+02   2.9800000e+05
   9.5030375e+02   2.9700000e+05
   9.5000000e+02   2.9618736e+05
   9.4993112e+02   2.9600000e+05
   9.4958721e+02   2.9500000e+05
   9.4927817e+02   2.9400000e+05
   9.4891276e+02   2.9300000e+05
   9.4854428e+02   2.9200000e+05
   9.4818343e+02   2.9100000e+05
   9.4780462e+02   2.9000000e+05
   9.4743918e+02   2.8900000e+05
   9.4706503e+02   2.8800000e+05
   9.4668573e+02   2.8700000e+05
   9.4630608e+02   2.8600000e+05
   9.4593284e+02   2.8500000e+05
   9.4555672e+02   2.8400000e+05
   9.4517555e+02   2.8300000e+05
   9.4480077e+02   2.8200000e+05
   9.4444150e+02   2.8100000e+05
   9.4410394e+02   2.8000000e+05
   9.4377434e+02   2.7900000e+05
   9.4339506e+02   2.7800000e+05
   9.4301247e+02   2.7700000e+05
   9.4263395e+02   2.7600000e+05
   9.4225521e+02   2.7500000e+05
   9.4187354e+02   2.7400000e+05
   9.4149200e+02   2.7300000e+05
   9.4110906e+02   2.7200000e+05
   9.4072764e+02   2.7100000e+05
   9.4039165e+02   2.7000000e+05
   9.4641023e+02   2.6900000e+05
   9.5000000e+02   2.6853161e+05
   9.5389076e+02   2.6800000e+05
   9.6000000e+02   2.6704526e+05
   9.6035525e+02   2.6700000e+05
   9.6047711e+02   2.6600000e+05
   9.6011447e+02   2.6500000e+05
   9.6000000e+02   2.6468519e+05
   9.5975315e+02   2.6400000e+05
   9.5938896e+02   2.6300000e+05
   9.5902701e+02   2.6200000e+05
   9.5866350e+02   2.6100000e+05
   9.5829805e+02   2.6000000e+05
   9.5793167e+02   2.5900000e+05
   9.5756854e+02   2.5800000e+05
   9.5720153e+02   2.5700000e+05
   9.5683356e+02   2.5600000e+05
   9.5646750e+02   2.5500000e+05
   9.5609963e+02   2.5400000e+05
   9.5573130e+02   2.5300000e+05
   9.5536199e+02   2.5200000e+05
   9.5499043e+02   2.5100000e+05
   9.5462109e+02   2.5000000e+05
   9.5425027e+02   2.4900000e+05
   9.5387849e+02   2.4800000e+05
   9.5350479e+02   2.4700000e+05
   9.5313077e+02   2.4600000e+05
   9.5275762e+02   2.4500000e+05
   9.5238412e+02   2.4400000e+05
   9.5200865e+02   2.4300000e+05
   9.5163147e+02   2.4200000e+05
   9.5125447e+02   2.4100000e+05
   9.5051699e+02   2.4000000e+05
   9.5000000e+02   2.3988470e+05
   9.4611423e+02   2.3900000e+05
   9.4175824e+02   2.3800000e+05
   9.4000000e+02   2.3702698e+05
   9.3995327e+02   2.3700000e+05
   9.3663247e+02   2.3600000e+05
   9.3000000e+02   2.3548151e+05
   9.2649466e+02   2.3500000e+05
   9.2188225e+02   2.3400000e+05
   9.2000000e+02   2.3311237e+05
   9.1964159e+02   2.3300000e+05
   9.1615266e+02   2.3200000e+05
   9.1529477e+02   2.3100000e+05
   9.1494620e+02   2.3000000e+05
   9.1462672e+02   2.2900000e+05
   9.1429788e+02   2.2800000e+05
   9.1000000e+02   2.2747095e+05
   9.0619568e+02   2.2700000e+05
   9.0588735e+02   2.2600000e+05
   9.0558824e+02   2.2500000e+05
   9.0529281e+02   2.2400000e+05
   9.0500555e+02   2.2300000e+05
   9.0472220e+02   2.2200000e+05
   9.0444119e+02   2.2100000e+05
   9.0416766e+02   2.2000000e+05
   9.0361444e+02   2.1900000e+05
   9.0336452e+02   2.1800000e+05
   9.0311530e+02   2.1700000e+05
   9.0287886e+02   2.1600000e+05
   9.0265216e+02   2.1500000e+05
   9.0243812e+02   2.1400000e+05
   9.0223408e+02   2.1300000e+05
   9.0204172e+02   2.1200000e+05
   9.0186030e+02   2.1100000e+05
   9.0169558e+02   2.1000000e+05
   9.0154724e+02   2.0900000e+05
   9.0141102e+02   2.0800000e+05
   9.0129136e+02   2.0700000e+05
   9.0118824e+02   2.0600000e+05
   9.0108593e+02   2.0500000e+05
   9.0111592e+02   2.0400000e+05
   9.0082740e+02   2.0300000e+05
   9.0049329e+02   2.0200000e+05
   9.0016508e+02   2.0100000e+05
   9.0000000e+02   2.0051059e+05
   8.9982944e+02   2.0000000e+05
   8.9950543e+02   1.9900000e+05
   8.9917433e+02   1.9800000e+05
   8.9884180e+02   1.9700000e+05
   8.9850577e+02   1.9600000e+05
   8.9817167e+02   1.9500000e+05
   8.9783603e+02   1.9400000e+05
   8.9749784e+02   1.9300000e+05
   8.9716025e+02   1.9200000e+05
   8.9681950e+02   1.9100000e+05
   8.9648273e+02   1.9000000e+05
   8.9614497e+02   1.8900000e+05
   8.9580129e+02   1.8800000e+05
   8.9546275e+02   1.8700000e+05
   8.9512086e+02   1.8600000e+05
   8.9477555e+02   1.8500000e+05
   8.9443625e+02   1.8400000e+05
   8.9408788e+02   1.8300000e+05
   8.9373872e+02   1.8200000e+05
   8.9339060e+02   1.8100000e+05
   8.9304658e+02   1.8000000e+05
   8.9269704e+02   1.7900000e+05
   8.9234593e+02   1.7800000e+05
   8.9199310e+02   1.7700000e+05
   8.9164276e+02   1.7600000e+05
   8.9128926e+02   1.7500000e+05
   8.9093522e+02   1.7400000e+05
   8.9057948e+02   1.7300000e+05
   8.9022241e+02   1.7200000e+05
   8.9000000e+02   1.7138261e+05
   8.8986348e+02   1.7100000e+05
   8.8950473e+02   1.7000000e+05
   8.8914968e+02   1.6900000e+05
   8.8879476e+02   1.6800000e+05
   8.8843377e+02   1.6700000e+05
   8.8807094e+02   1.6600000e+05
   8.8770637e+02   1.6500000e+05
   8.8734386e+02   1.6400000e+05
   8.8697795e+02   1.6300000e+05
   8.8661071e+02   1.6200000e+05
   8.8624275e+02   1.6100000e+05
   8.8587498e+02   1.6000000e+05
   8.8550271e+02   1.5900000e+05
   8.8512987e+02   1.5800000e+05
   8.8475661e+02   1.5700000e+05
   8.8438007e+02   1.5600000e+05
   8.8400000e+02   1.5500000e+05
   8.8361889e+02   1.5400000e+05
   8.8323693e+02   1.5300000e+05
   8.8285439e+02   1.5200000e+05
   8.8246627e+02   1.5100000e+05
   8.8207662e+02   1.5000000e+05
   8.8168793e+02   1.4900000e+05
   8.8129648e+02   1.4800000e+05
   8.8090038e+02   1.4700000e+05
   8.8035043e+02   1.4600000e+05
   8.8000000e+02   1.4562957e+05
   8.7940745e+02   1.4500000e+05
   8.7856106e+02   1.4400000e+05
   8.7741476e+02   1.4300000e+05
   8.7619632e+02   1.4200000e+05
   8.7494627e+02   1.4100000e+05
   8.7371787e+02   1.4000000e+05
   8.7252346e+02   1.3900000e+05
   8.7126590e+02   1.3800000e+05
   8.7000000e+02   1.3706160e+05
   8.6991671e+02   1.3700000e+05
   8.6887942e+02   1.3600000e+05
   8.6781107e+02   1.3500000e+05
   8.6685158e+02   1.3400000e+05
   8.6486061e+02   1.3300000e+05
   8.6140222e+02   1.3200000e+05
   8.6000000e+02   1.3174115e+05
   8.5282763e+02   1.3100000e+05
   8.5127896e+02   1.3000000e+05
   8.5000000e+02   1.2931295e+05
   8.4940873e+02   1.2900000e+05
   8.4793426e+02   1.2800000e+05
   8.4654151e+02   1.2700000e+05
   8.4522349e+02   1.2600000e+05
   8.4401120e+02   1.2500000e+05
   8.4286145e+02   1.2400000e+05
   8.4175274e+02   1.2300000e+05
   8.4068321e+02   1.2200000e+05
   8.4000000e+02   1.2132848e+05
   8.3966883e+02   1.2100000e+05
   8.3869447e+02   1.2000000e+05
   8.3775653e+02   1.1900000e+05
   8.3683484e+02   1.1800000e+05
   8.3592292e+02   1.1700000e+05
   8.3502978e+02   1.1600000e+05
   8.3412602e+02   1.1500000e+05
   8.3339286e+02   1.1400000e+05
   8.3147943e+02   1.1300000e+05
   8.3000000e+02   1.1266966e+05
   8.2547571e+02   1.1200000e+05
   8.2391208e+02   1.1100000e+05
   8.2263767e+02   1.1000000e+05
   8.2139365e+02   1.0900000e+05
   8.2025155e+02   1.0800000e+05
   8.2000000e+02   1.0777349e+05
   8.1914828e+02   1.0700000e+05
   8.1808477e+02   1.0600000e+05
   8.1704160e+02   1.0500000e+05
   8.1602092e+02   1.0400000e+05
   8.1501160e+02   1.0300000e+05
   8.1400830e+02   1.0200000e+05
   8.1301252e+02   1.0100000e+05
   8.1199592e+02   1.0000000e+05
   8.1099858e+02   9.9000000e+04
   8.1012385e+02   9.8000000e+04
   8.1000000e+02   9.7748936e+04
   8.0963234e+02   9.7000000e+04
   8.0916806e+02   9.6000000e+04
   8.0870696e+02   9.5000000e+04
   8.0824732e+02   9.4000000e+04
   8.0778426e+02   9.3000000e+04
   8.0732528e+02   9.2000000e+04
   8.0686510e+02   9.1000000e+04
   8.0639569e+02   9.0000000e+04
   8.0591876e+02   8.9000000e+04
   8.0545789e+02   8.8000000e+04
   8.0498335e+02   8.7000000e+04
   8.0450400e+02   8.6000000e+04
   8.0401961e+02   8.5000000e+04
   8.0354143e+02   8.4000000e+04
   8.0306376e+02   8.3000000e+04
   8.0257634e+02   8.2000000e+04
   8.0216181e+02   8.1000000e+04
   8.0170260e+02   8.0000000e+04
   8.0111497e+02   7.9000000e+04
   8.0058191e+02   7.8000000e+04
   8.0006555e+02   7.7000000e+04
   8.0000000e+02   7.6854264e+04
   7.9962232e+02   7.6000000e+04
   7.9914533e+02   7.5000000e+04
   7.9865957e+02   7.4000000e+04
   7.9816427e+02   7.3000000e+04
   7.9767033e+02   7.2000000e+04
   7.9717287e+02   7.1000000e+04
   7.9666918e+02   7.0000000e+04
   7.9616758e+02   6.9000000e+04
   7.9568313e+02   6.8000000e+04
   7.9521682e+02   6.7000000e+04
   7.9473114e+02   6.6000000e+04
   7.9422046e+02   6.5000000e+04
   7.9370438e+02   6.4000000e+04
   7.9311622e+02   6.3000000e+04
   7.9259584e+02   6.2000000e+04
   7.9208665e+02   6.1000000e+04
   7.9157329e+02   6.0000000e+04
   7.9105702e+02   5.9000000e+04
   7.9054850e+02   5.8000000e+04
   7.9000000e+02   5.7580679e+04
   7.8930120e+02   5.7000000e+04
   7.8747888e+02   5.6000000e+04
   7.8696038e+02   5.5000000e+04
   7.8646297e+02   5.4000000e+04
   7.8596012e+02   5.3000000e+04
   7.8545054e+02   5.2000000e+04
   7.8493450e+02   5.1000000e+04
   7.8441843e+02   5.0000000e+04
   7.8390340e+02   4.9000000e+04
   7.8338601e+02   4.8000000e+04
   7.8287041e+02   4.7000000e+04
   7.8233338e+02   4.6000000e+04
   7.8180312e+02   4.5000000e+04
   7.8127359e+02   4.4000000e+04
   7.8075427e+02   4.3000000e+04
   7.8021359e+02   4.2000000e+04
   7.8000000e+02   4.1600760e+04
   7.7968222e+02   4.1000000e+04
   7.7914912e+02   4.0000000e+04
   7.7861666e+02   3.9000000e+04
   7.7805301e+02   3.8000000e+04
   7.7751705e+02   3.7000000e+04
   7.7698352e+02   3.6000000e+04
   7.7643834e+02   3.5000000e+04
   7.7589441e+02   3.4000000e+04
   7.7534266e+02   3.3000000e+04
   7.7478773e+02   3.2000000e+04
   7.7423260e+02   3.1000000e+04
   7.7368121e+02   3.0000000e+04
   7.7309964e+02   2.9000000e+04
   7.7253536e+02   2.8000000e+04
   7.7196510e+02   2.7000000e+04
   7.7139428e+02   2.6000000e+04
   7.7082720e+02   2.5000000e+04
   7.7024983e+02   2.4000000e+04
   7.7000000e+02   2.3574201e+04
   7.6966728e+02   2.3000000e+04
   7.6908514e+02   2.2000000e+04
   7.6849785e+02   2.1000000e+04
   7.6791116e+02   2.0000000e+04
   7.6731549e+02   1.9000000e+04
   7.6671948e+02   1.8000000e+04
   7.6612281e+02   1.7000000e+04
   7.6552102e+02   1.6000000e+04
   7.6490363e+02   1.5000000e+04
   7.6428458e+02   1.4000000e+04
   7.6366922e+02   1.3000000e+04
   7.6304975e+02   1.2000000e+04
   7.6240179e+02   1.1000000e+04
   7.6176312e+02   1.0000000e+04
   7.6298583e+02   9.0000000e+03
   7.6431918e+02   8.0000000e+03
   7.6413439e+02   7.0000000e+03
   7.6000000e+02   6.1463915e+03
   7.5950522e+02   6.0000000e+03
   7.5271212e+02   5.0000000e+03
   7.5220772e+02   4.0000000e+03
   7.5167978e+02   3.0000000e+03
   7.5113303e+02   2.0000000e+03
   7.5055486e+02   1.0000000e+03
   7.5000000e+02   0.0000000e+00
   7.5000000e+02   0.0000000e+00
